[2022-08-06 19:37:21,857] {taskinstance.py:1179} INFO - Dependencies all met for <TaskInstance: our_first_dag_v5.first_task scheduled__2021-12-10T00:00:00+00:00 [queued]>
[2022-08-06 19:37:21,874] {taskinstance.py:1179} INFO - Dependencies all met for <TaskInstance: our_first_dag_v5.first_task scheduled__2021-12-10T00:00:00+00:00 [queued]>
[2022-08-06 19:37:21,874] {taskinstance.py:1376} INFO - 
--------------------------------------------------------------------------------
[2022-08-06 19:37:21,874] {taskinstance.py:1377} INFO - Starting attempt 1 of 6
[2022-08-06 19:37:21,874] {taskinstance.py:1378} INFO - 
--------------------------------------------------------------------------------
[2022-08-06 19:37:21,896] {taskinstance.py:1397} INFO - Executing <Task(BashOperator): first_task> on 2021-12-10 00:00:00+00:00
[2022-08-06 19:37:21,903] {standard_task_runner.py:52} INFO - Started process 1333 to run task
[2022-08-06 19:37:21,906] {standard_task_runner.py:79} INFO - Running: ['***', 'tasks', 'run', 'our_first_dag_v5', 'first_task', 'scheduled__2021-12-10T00:00:00+00:00', '--job-id', '396', '--raw', '--subdir', 'DAGS_FOLDER/pipeline.py', '--cfg-path', '/tmp/tmpom4mjwyo', '--error-file', '/tmp/tmpp50jja50']
[2022-08-06 19:37:21,906] {standard_task_runner.py:80} INFO - Job 396: Subtask first_task
[2022-08-06 19:37:21,989] {task_command.py:371} INFO - Running <TaskInstance: our_first_dag_v5.first_task scheduled__2021-12-10T00:00:00+00:00 [running]> on host b29c168c1666
[2022-08-06 19:37:22,105] {taskinstance.py:1591} INFO - Exporting the following env vars:
AIRFLOW_CTX_DAG_OWNER=coder2j
AIRFLOW_CTX_DAG_ID=our_first_dag_v5
AIRFLOW_CTX_TASK_ID=first_task
AIRFLOW_CTX_EXECUTION_DATE=2021-12-10T00:00:00+00:00
AIRFLOW_CTX_TRY_NUMBER=1
AIRFLOW_CTX_DAG_RUN_ID=scheduled__2021-12-10T00:00:00+00:00
[2022-08-06 19:37:22,106] {subprocess.py:62} INFO - Tmp dir root location: 
 /tmp
[2022-08-06 19:37:22,107] {subprocess.py:74} INFO - Running command: ['bash', '-c', 'echo hello world, this is the first task!']
[2022-08-06 19:37:22,122] {subprocess.py:85} INFO - Output:
[2022-08-06 19:37:22,123] {subprocess.py:92} INFO - hello world, this is the first task!
[2022-08-06 19:37:22,124] {subprocess.py:96} INFO - Command exited with return code 0
[2022-08-06 19:37:22,211] {taskinstance.py:1420} INFO - Marking task as SUCCESS. dag_id=our_first_dag_v5, task_id=first_task, execution_date=20211210T000000, start_date=20220806T193721, end_date=20220806T193722
[2022-08-06 19:37:22,239] {local_task_job.py:156} INFO - Task exited with return code 0
[2022-08-06 19:37:22,289] {local_task_job.py:273} INFO - 2 downstream tasks scheduled from follow-on schedule check
[2022-08-06 21:51:18,264] {taskinstance.py:1179} INFO - Dependencies all met for <TaskInstance: our_first_dag_v5.first_task scheduled__2021-12-10T00:00:00+00:00 [queued]>
[2022-08-06 21:51:18,278] {taskinstance.py:1179} INFO - Dependencies all met for <TaskInstance: our_first_dag_v5.first_task scheduled__2021-12-10T00:00:00+00:00 [queued]>
[2022-08-06 21:51:18,278] {taskinstance.py:1376} INFO - 
--------------------------------------------------------------------------------
[2022-08-06 21:51:18,278] {taskinstance.py:1377} INFO - Starting attempt 1 of 6
[2022-08-06 21:51:18,278] {taskinstance.py:1378} INFO - 
--------------------------------------------------------------------------------
[2022-08-06 21:51:18,300] {taskinstance.py:1397} INFO - Executing <Task(BashOperator): first_task> on 2021-12-10 00:00:00+00:00
[2022-08-06 21:51:18,308] {standard_task_runner.py:52} INFO - Started process 1535 to run task
[2022-08-06 21:51:18,311] {standard_task_runner.py:79} INFO - Running: ['***', 'tasks', 'run', 'our_first_dag_v5', 'first_task', 'scheduled__2021-12-10T00:00:00+00:00', '--job-id', '400', '--raw', '--subdir', 'DAGS_FOLDER/pipeline.py', '--cfg-path', '/tmp/tmpysjstxxa', '--error-file', '/tmp/tmpe8e8o40h']
[2022-08-06 21:51:18,311] {standard_task_runner.py:80} INFO - Job 400: Subtask first_task
[2022-08-06 21:51:18,412] {task_command.py:371} INFO - Running <TaskInstance: our_first_dag_v5.first_task scheduled__2021-12-10T00:00:00+00:00 [running]> on host c3f731879890
[2022-08-06 21:51:18,501] {taskinstance.py:1591} INFO - Exporting the following env vars:
AIRFLOW_CTX_DAG_OWNER=coder2j
AIRFLOW_CTX_DAG_ID=our_first_dag_v5
AIRFLOW_CTX_TASK_ID=first_task
AIRFLOW_CTX_EXECUTION_DATE=2021-12-10T00:00:00+00:00
AIRFLOW_CTX_TRY_NUMBER=1
AIRFLOW_CTX_DAG_RUN_ID=scheduled__2021-12-10T00:00:00+00:00
[2022-08-06 21:51:18,502] {subprocess.py:62} INFO - Tmp dir root location: 
 /tmp
[2022-08-06 21:51:18,502] {subprocess.py:74} INFO - Running command: ['bash', '-c', 'echo hello world, this is the first task!']
[2022-08-06 21:51:18,529] {subprocess.py:85} INFO - Output:
[2022-08-06 21:51:18,531] {subprocess.py:92} INFO - hello world, this is the first task!
[2022-08-06 21:51:18,531] {subprocess.py:96} INFO - Command exited with return code 0
[2022-08-06 21:51:18,566] {taskinstance.py:1420} INFO - Marking task as SUCCESS. dag_id=our_first_dag_v5, task_id=first_task, execution_date=20211210T000000, start_date=20220806T215118, end_date=20220806T215118
[2022-08-06 21:51:18,603] {local_task_job.py:156} INFO - Task exited with return code 0
[2022-08-06 21:51:18,656] {local_task_job.py:273} INFO - 2 downstream tasks scheduled from follow-on schedule check
[2022-08-06 21:56:41,738] {taskinstance.py:1179} INFO - Dependencies all met for <TaskInstance: our_first_dag_v5.first_task scheduled__2021-12-10T00:00:00+00:00 [queued]>
[2022-08-06 21:56:41,752] {taskinstance.py:1179} INFO - Dependencies all met for <TaskInstance: our_first_dag_v5.first_task scheduled__2021-12-10T00:00:00+00:00 [queued]>
[2022-08-06 21:56:41,752] {taskinstance.py:1376} INFO - 
--------------------------------------------------------------------------------
[2022-08-06 21:56:41,752] {taskinstance.py:1377} INFO - Starting attempt 1 of 6
[2022-08-06 21:56:41,753] {taskinstance.py:1378} INFO - 
--------------------------------------------------------------------------------
[2022-08-06 21:56:41,772] {taskinstance.py:1397} INFO - Executing <Task(BashOperator): first_task> on 2021-12-10 00:00:00+00:00
[2022-08-06 21:56:41,779] {standard_task_runner.py:52} INFO - Started process 1327 to run task
[2022-08-06 21:56:41,781] {standard_task_runner.py:79} INFO - Running: ['***', 'tasks', 'run', 'our_first_dag_v5', 'first_task', 'scheduled__2021-12-10T00:00:00+00:00', '--job-id', '400', '--raw', '--subdir', 'DAGS_FOLDER/pipeline.py', '--cfg-path', '/tmp/tmpv9qcg6j9', '--error-file', '/tmp/tmp9v_6u4io']
[2022-08-06 21:56:41,782] {standard_task_runner.py:80} INFO - Job 400: Subtask first_task
[2022-08-06 21:56:41,847] {task_command.py:371} INFO - Running <TaskInstance: our_first_dag_v5.first_task scheduled__2021-12-10T00:00:00+00:00 [running]> on host bc7e154a4fdd
[2022-08-06 21:56:41,953] {taskinstance.py:1591} INFO - Exporting the following env vars:
AIRFLOW_CTX_DAG_OWNER=coder2j
AIRFLOW_CTX_DAG_ID=our_first_dag_v5
AIRFLOW_CTX_TASK_ID=first_task
AIRFLOW_CTX_EXECUTION_DATE=2021-12-10T00:00:00+00:00
AIRFLOW_CTX_TRY_NUMBER=1
AIRFLOW_CTX_DAG_RUN_ID=scheduled__2021-12-10T00:00:00+00:00
[2022-08-06 21:56:41,953] {subprocess.py:62} INFO - Tmp dir root location: 
 /tmp
[2022-08-06 21:56:41,954] {subprocess.py:74} INFO - Running command: ['bash', '-c', 'echo hello world, this is the first task!']
[2022-08-06 21:56:41,970] {subprocess.py:85} INFO - Output:
[2022-08-06 21:56:41,972] {subprocess.py:92} INFO - hello world, this is the first task!
[2022-08-06 21:56:41,972] {subprocess.py:96} INFO - Command exited with return code 0
[2022-08-06 21:56:42,031] {taskinstance.py:1420} INFO - Marking task as SUCCESS. dag_id=our_first_dag_v5, task_id=first_task, execution_date=20211210T000000, start_date=20220806T215641, end_date=20220806T215642
[2022-08-06 21:56:42,073] {local_task_job.py:156} INFO - Task exited with return code 0
[2022-08-06 21:56:42,118] {local_task_job.py:273} INFO - 2 downstream tasks scheduled from follow-on schedule check
[2022-08-06 22:11:46,185] {taskinstance.py:1179} INFO - Dependencies all met for <TaskInstance: our_first_dag_v5.first_task scheduled__2021-12-10T00:00:00+00:00 [queued]>
[2022-08-06 22:11:46,197] {taskinstance.py:1179} INFO - Dependencies all met for <TaskInstance: our_first_dag_v5.first_task scheduled__2021-12-10T00:00:00+00:00 [queued]>
[2022-08-06 22:11:46,197] {taskinstance.py:1376} INFO - 
--------------------------------------------------------------------------------
[2022-08-06 22:11:46,197] {taskinstance.py:1377} INFO - Starting attempt 1 of 6
[2022-08-06 22:11:46,197] {taskinstance.py:1378} INFO - 
--------------------------------------------------------------------------------
[2022-08-06 22:11:46,213] {taskinstance.py:1397} INFO - Executing <Task(BashOperator): first_task> on 2021-12-10 00:00:00+00:00
[2022-08-06 22:11:46,218] {standard_task_runner.py:52} INFO - Started process 1344 to run task
[2022-08-06 22:11:46,220] {standard_task_runner.py:79} INFO - Running: ['***', 'tasks', 'run', 'our_first_dag_v5', 'first_task', 'scheduled__2021-12-10T00:00:00+00:00', '--job-id', '402', '--raw', '--subdir', 'DAGS_FOLDER/pipeline.py', '--cfg-path', '/tmp/tmpznrq3zps', '--error-file', '/tmp/tmps_29fqat']
[2022-08-06 22:11:46,220] {standard_task_runner.py:80} INFO - Job 402: Subtask first_task
[2022-08-06 22:11:46,279] {task_command.py:371} INFO - Running <TaskInstance: our_first_dag_v5.first_task scheduled__2021-12-10T00:00:00+00:00 [running]> on host 1250c3b659cd
[2022-08-06 22:11:46,364] {taskinstance.py:1591} INFO - Exporting the following env vars:
AIRFLOW_CTX_DAG_OWNER=coder2j
AIRFLOW_CTX_DAG_ID=our_first_dag_v5
AIRFLOW_CTX_TASK_ID=first_task
AIRFLOW_CTX_EXECUTION_DATE=2021-12-10T00:00:00+00:00
AIRFLOW_CTX_TRY_NUMBER=1
AIRFLOW_CTX_DAG_RUN_ID=scheduled__2021-12-10T00:00:00+00:00
[2022-08-06 22:11:46,365] {subprocess.py:62} INFO - Tmp dir root location: 
 /tmp
[2022-08-06 22:11:46,365] {subprocess.py:74} INFO - Running command: ['bash', '-c', 'echo hello world, this is the first task!']
[2022-08-06 22:11:46,378] {subprocess.py:85} INFO - Output:
[2022-08-06 22:11:46,380] {subprocess.py:92} INFO - hello world, this is the first task!
[2022-08-06 22:11:46,380] {subprocess.py:96} INFO - Command exited with return code 0
[2022-08-06 22:11:46,415] {taskinstance.py:1420} INFO - Marking task as SUCCESS. dag_id=our_first_dag_v5, task_id=first_task, execution_date=20211210T000000, start_date=20220806T221146, end_date=20220806T221146
[2022-08-06 22:11:46,472] {local_task_job.py:156} INFO - Task exited with return code 0
[2022-08-06 22:11:46,516] {local_task_job.py:273} INFO - 2 downstream tasks scheduled from follow-on schedule check
[2022-08-06 22:23:03,324] {taskinstance.py:1179} INFO - Dependencies all met for <TaskInstance: our_first_dag_v5.first_task scheduled__2021-12-10T00:00:00+00:00 [queued]>
[2022-08-06 22:23:03,340] {taskinstance.py:1179} INFO - Dependencies all met for <TaskInstance: our_first_dag_v5.first_task scheduled__2021-12-10T00:00:00+00:00 [queued]>
[2022-08-06 22:23:03,340] {taskinstance.py:1376} INFO - 
--------------------------------------------------------------------------------
[2022-08-06 22:23:03,340] {taskinstance.py:1377} INFO - Starting attempt 1 of 6
[2022-08-06 22:23:03,340] {taskinstance.py:1378} INFO - 
--------------------------------------------------------------------------------
[2022-08-06 22:23:03,357] {taskinstance.py:1397} INFO - Executing <Task(BashOperator): first_task> on 2021-12-10 00:00:00+00:00
[2022-08-06 22:23:03,380] {standard_task_runner.py:52} INFO - Started process 1371 to run task
[2022-08-06 22:23:03,384] {standard_task_runner.py:79} INFO - Running: ['***', 'tasks', 'run', 'our_first_dag_v5', 'first_task', 'scheduled__2021-12-10T00:00:00+00:00', '--job-id', '396', '--raw', '--subdir', 'DAGS_FOLDER/pipeline.py', '--cfg-path', '/tmp/tmpdkynktio', '--error-file', '/tmp/tmppdows40m']
[2022-08-06 22:23:03,384] {standard_task_runner.py:80} INFO - Job 396: Subtask first_task
[2022-08-06 22:23:03,459] {task_command.py:371} INFO - Running <TaskInstance: our_first_dag_v5.first_task scheduled__2021-12-10T00:00:00+00:00 [running]> on host b215076695c3
[2022-08-06 22:23:03,552] {taskinstance.py:1591} INFO - Exporting the following env vars:
AIRFLOW_CTX_DAG_OWNER=coder2j
AIRFLOW_CTX_DAG_ID=our_first_dag_v5
AIRFLOW_CTX_TASK_ID=first_task
AIRFLOW_CTX_EXECUTION_DATE=2021-12-10T00:00:00+00:00
AIRFLOW_CTX_TRY_NUMBER=1
AIRFLOW_CTX_DAG_RUN_ID=scheduled__2021-12-10T00:00:00+00:00
[2022-08-06 22:23:03,553] {subprocess.py:62} INFO - Tmp dir root location: 
 /tmp
[2022-08-06 22:23:03,553] {subprocess.py:74} INFO - Running command: ['bash', '-c', 'echo hello world, this is the first task!']
[2022-08-06 22:23:03,565] {subprocess.py:85} INFO - Output:
[2022-08-06 22:23:03,567] {subprocess.py:92} INFO - hello world, this is the first task!
[2022-08-06 22:23:03,567] {subprocess.py:96} INFO - Command exited with return code 0
[2022-08-06 22:23:03,599] {taskinstance.py:1420} INFO - Marking task as SUCCESS. dag_id=our_first_dag_v5, task_id=first_task, execution_date=20211210T000000, start_date=20220806T222303, end_date=20220806T222303
[2022-08-06 22:23:03,635] {local_task_job.py:156} INFO - Task exited with return code 0
[2022-08-06 22:23:03,690] {local_task_job.py:273} INFO - 2 downstream tasks scheduled from follow-on schedule check
