[2022-08-06 19:39:10,666] {taskinstance.py:1179} INFO - Dependencies all met for <TaskInstance: our_first_dag_v5.first_task scheduled__2022-06-09T00:00:00+00:00 [queued]>
[2022-08-06 19:39:10,683] {taskinstance.py:1179} INFO - Dependencies all met for <TaskInstance: our_first_dag_v5.first_task scheduled__2022-06-09T00:00:00+00:00 [queued]>
[2022-08-06 19:39:10,683] {taskinstance.py:1376} INFO - 
--------------------------------------------------------------------------------
[2022-08-06 19:39:10,684] {taskinstance.py:1377} INFO - Starting attempt 1 of 6
[2022-08-06 19:39:10,684] {taskinstance.py:1378} INFO - 
--------------------------------------------------------------------------------
[2022-08-06 19:39:10,709] {taskinstance.py:1397} INFO - Executing <Task(BashOperator): first_task> on 2022-06-09 00:00:00+00:00
[2022-08-06 19:39:10,717] {standard_task_runner.py:52} INFO - Started process 3046 to run task
[2022-08-06 19:39:10,720] {standard_task_runner.py:79} INFO - Running: ['***', 'tasks', 'run', 'our_first_dag_v5', 'first_task', 'scheduled__2022-06-09T00:00:00+00:00', '--job-id', '939', '--raw', '--subdir', 'DAGS_FOLDER/pipeline.py', '--cfg-path', '/tmp/tmppz1cfwao', '--error-file', '/tmp/tmpkoc49yyb']
[2022-08-06 19:39:10,721] {standard_task_runner.py:80} INFO - Job 939: Subtask first_task
[2022-08-06 19:39:10,805] {task_command.py:371} INFO - Running <TaskInstance: our_first_dag_v5.first_task scheduled__2022-06-09T00:00:00+00:00 [running]> on host b29c168c1666
[2022-08-06 19:39:10,906] {taskinstance.py:1591} INFO - Exporting the following env vars:
AIRFLOW_CTX_DAG_OWNER=coder2j
AIRFLOW_CTX_DAG_ID=our_first_dag_v5
AIRFLOW_CTX_TASK_ID=first_task
AIRFLOW_CTX_EXECUTION_DATE=2022-06-09T00:00:00+00:00
AIRFLOW_CTX_TRY_NUMBER=1
AIRFLOW_CTX_DAG_RUN_ID=scheduled__2022-06-09T00:00:00+00:00
[2022-08-06 19:39:10,907] {subprocess.py:62} INFO - Tmp dir root location: 
 /tmp
[2022-08-06 19:39:10,907] {subprocess.py:74} INFO - Running command: ['bash', '-c', 'echo hello world, this is the first task!']
[2022-08-06 19:39:10,921] {subprocess.py:85} INFO - Output:
[2022-08-06 19:39:10,923] {subprocess.py:92} INFO - hello world, this is the first task!
[2022-08-06 19:39:10,923] {subprocess.py:96} INFO - Command exited with return code 0
[2022-08-06 19:39:10,967] {taskinstance.py:1420} INFO - Marking task as SUCCESS. dag_id=our_first_dag_v5, task_id=first_task, execution_date=20220609T000000, start_date=20220806T193910, end_date=20220806T193910
[2022-08-06 19:39:11,013] {local_task_job.py:156} INFO - Task exited with return code 0
[2022-08-06 19:39:11,064] {local_task_job.py:273} INFO - 0 downstream tasks scheduled from follow-on schedule check
[2022-08-06 21:53:05,876] {taskinstance.py:1179} INFO - Dependencies all met for <TaskInstance: our_first_dag_v5.first_task scheduled__2022-06-09T00:00:00+00:00 [queued]>
[2022-08-06 21:53:05,887] {taskinstance.py:1179} INFO - Dependencies all met for <TaskInstance: our_first_dag_v5.first_task scheduled__2022-06-09T00:00:00+00:00 [queued]>
[2022-08-06 21:53:05,888] {taskinstance.py:1376} INFO - 
--------------------------------------------------------------------------------
[2022-08-06 21:53:05,888] {taskinstance.py:1377} INFO - Starting attempt 1 of 6
[2022-08-06 21:53:05,888] {taskinstance.py:1378} INFO - 
--------------------------------------------------------------------------------
[2022-08-06 21:53:05,901] {taskinstance.py:1397} INFO - Executing <Task(BashOperator): first_task> on 2022-06-09 00:00:00+00:00
[2022-08-06 21:53:05,906] {standard_task_runner.py:52} INFO - Started process 3252 to run task
[2022-08-06 21:53:05,908] {standard_task_runner.py:79} INFO - Running: ['***', 'tasks', 'run', 'our_first_dag_v5', 'first_task', 'scheduled__2022-06-09T00:00:00+00:00', '--job-id', '945', '--raw', '--subdir', 'DAGS_FOLDER/pipeline.py', '--cfg-path', '/tmp/tmpfapdwfx9', '--error-file', '/tmp/tmp5o5x1ddc']
[2022-08-06 21:53:05,909] {standard_task_runner.py:80} INFO - Job 945: Subtask first_task
[2022-08-06 21:53:05,967] {task_command.py:371} INFO - Running <TaskInstance: our_first_dag_v5.first_task scheduled__2022-06-09T00:00:00+00:00 [running]> on host c3f731879890
[2022-08-06 21:53:06,035] {taskinstance.py:1591} INFO - Exporting the following env vars:
AIRFLOW_CTX_DAG_OWNER=coder2j
AIRFLOW_CTX_DAG_ID=our_first_dag_v5
AIRFLOW_CTX_TASK_ID=first_task
AIRFLOW_CTX_EXECUTION_DATE=2022-06-09T00:00:00+00:00
AIRFLOW_CTX_TRY_NUMBER=1
AIRFLOW_CTX_DAG_RUN_ID=scheduled__2022-06-09T00:00:00+00:00
[2022-08-06 21:53:06,036] {subprocess.py:62} INFO - Tmp dir root location: 
 /tmp
[2022-08-06 21:53:06,036] {subprocess.py:74} INFO - Running command: ['bash', '-c', 'echo hello world, this is the first task!']
[2022-08-06 21:53:06,049] {subprocess.py:85} INFO - Output:
[2022-08-06 21:53:06,050] {subprocess.py:92} INFO - hello world, this is the first task!
[2022-08-06 21:53:06,050] {subprocess.py:96} INFO - Command exited with return code 0
[2022-08-06 21:53:06,078] {taskinstance.py:1420} INFO - Marking task as SUCCESS. dag_id=our_first_dag_v5, task_id=first_task, execution_date=20220609T000000, start_date=20220806T215305, end_date=20220806T215306
[2022-08-06 21:53:06,120] {local_task_job.py:156} INFO - Task exited with return code 0
[2022-08-06 21:53:06,180] {local_task_job.py:273} INFO - 0 downstream tasks scheduled from follow-on schedule check
[2022-08-06 21:58:29,968] {taskinstance.py:1179} INFO - Dependencies all met for <TaskInstance: our_first_dag_v5.first_task scheduled__2022-06-09T00:00:00+00:00 [queued]>
[2022-08-06 21:58:29,983] {taskinstance.py:1179} INFO - Dependencies all met for <TaskInstance: our_first_dag_v5.first_task scheduled__2022-06-09T00:00:00+00:00 [queued]>
[2022-08-06 21:58:29,983] {taskinstance.py:1376} INFO - 
--------------------------------------------------------------------------------
[2022-08-06 21:58:29,983] {taskinstance.py:1377} INFO - Starting attempt 1 of 6
[2022-08-06 21:58:29,983] {taskinstance.py:1378} INFO - 
--------------------------------------------------------------------------------
[2022-08-06 21:58:30,003] {taskinstance.py:1397} INFO - Executing <Task(BashOperator): first_task> on 2022-06-09 00:00:00+00:00
[2022-08-06 21:58:30,010] {standard_task_runner.py:52} INFO - Started process 3026 to run task
[2022-08-06 21:58:30,012] {standard_task_runner.py:79} INFO - Running: ['***', 'tasks', 'run', 'our_first_dag_v5', 'first_task', 'scheduled__2022-06-09T00:00:00+00:00', '--job-id', '940', '--raw', '--subdir', 'DAGS_FOLDER/pipeline.py', '--cfg-path', '/tmp/tmplt6_pudf', '--error-file', '/tmp/tmp5aqiy91a']
[2022-08-06 21:58:30,013] {standard_task_runner.py:80} INFO - Job 940: Subtask first_task
[2022-08-06 21:58:30,150] {task_command.py:371} INFO - Running <TaskInstance: our_first_dag_v5.first_task scheduled__2022-06-09T00:00:00+00:00 [running]> on host bc7e154a4fdd
[2022-08-06 21:58:30,302] {taskinstance.py:1591} INFO - Exporting the following env vars:
AIRFLOW_CTX_DAG_OWNER=coder2j
AIRFLOW_CTX_DAG_ID=our_first_dag_v5
AIRFLOW_CTX_TASK_ID=first_task
AIRFLOW_CTX_EXECUTION_DATE=2022-06-09T00:00:00+00:00
AIRFLOW_CTX_TRY_NUMBER=1
AIRFLOW_CTX_DAG_RUN_ID=scheduled__2022-06-09T00:00:00+00:00
[2022-08-06 21:58:30,303] {subprocess.py:62} INFO - Tmp dir root location: 
 /tmp
[2022-08-06 21:58:30,304] {subprocess.py:74} INFO - Running command: ['bash', '-c', 'echo hello world, this is the first task!']
[2022-08-06 21:58:30,337] {subprocess.py:85} INFO - Output:
[2022-08-06 21:58:30,337] {subprocess.py:92} INFO - hello world, this is the first task!
[2022-08-06 21:58:30,337] {subprocess.py:96} INFO - Command exited with return code 0
[2022-08-06 21:58:30,422] {taskinstance.py:1420} INFO - Marking task as SUCCESS. dag_id=our_first_dag_v5, task_id=first_task, execution_date=20220609T000000, start_date=20220806T215829, end_date=20220806T215830
[2022-08-06 21:58:30,470] {local_task_job.py:156} INFO - Task exited with return code 0
[2022-08-06 21:58:30,551] {local_task_job.py:273} INFO - 2 downstream tasks scheduled from follow-on schedule check
[2022-08-06 22:13:27,119] {taskinstance.py:1179} INFO - Dependencies all met for <TaskInstance: our_first_dag_v5.first_task scheduled__2022-06-09T00:00:00+00:00 [queued]>
[2022-08-06 22:13:27,133] {taskinstance.py:1179} INFO - Dependencies all met for <TaskInstance: our_first_dag_v5.first_task scheduled__2022-06-09T00:00:00+00:00 [queued]>
[2022-08-06 22:13:27,134] {taskinstance.py:1376} INFO - 
--------------------------------------------------------------------------------
[2022-08-06 22:13:27,134] {taskinstance.py:1377} INFO - Starting attempt 1 of 6
[2022-08-06 22:13:27,134] {taskinstance.py:1378} INFO - 
--------------------------------------------------------------------------------
[2022-08-06 22:13:27,156] {taskinstance.py:1397} INFO - Executing <Task(BashOperator): first_task> on 2022-06-09 00:00:00+00:00
[2022-08-06 22:13:27,162] {standard_task_runner.py:52} INFO - Started process 3040 to run task
[2022-08-06 22:13:27,166] {standard_task_runner.py:79} INFO - Running: ['***', 'tasks', 'run', 'our_first_dag_v5', 'first_task', 'scheduled__2022-06-09T00:00:00+00:00', '--job-id', '941', '--raw', '--subdir', 'DAGS_FOLDER/pipeline.py', '--cfg-path', '/tmp/tmpcdhtz277', '--error-file', '/tmp/tmpm_p0b4z6']
[2022-08-06 22:13:27,166] {standard_task_runner.py:80} INFO - Job 941: Subtask first_task
[2022-08-06 22:13:27,240] {task_command.py:371} INFO - Running <TaskInstance: our_first_dag_v5.first_task scheduled__2022-06-09T00:00:00+00:00 [running]> on host 1250c3b659cd
[2022-08-06 22:13:27,334] {taskinstance.py:1591} INFO - Exporting the following env vars:
AIRFLOW_CTX_DAG_OWNER=coder2j
AIRFLOW_CTX_DAG_ID=our_first_dag_v5
AIRFLOW_CTX_TASK_ID=first_task
AIRFLOW_CTX_EXECUTION_DATE=2022-06-09T00:00:00+00:00
AIRFLOW_CTX_TRY_NUMBER=1
AIRFLOW_CTX_DAG_RUN_ID=scheduled__2022-06-09T00:00:00+00:00
[2022-08-06 22:13:27,335] {subprocess.py:62} INFO - Tmp dir root location: 
 /tmp
[2022-08-06 22:13:27,336] {subprocess.py:74} INFO - Running command: ['bash', '-c', 'echo hello world, this is the first task!']
[2022-08-06 22:13:27,349] {subprocess.py:85} INFO - Output:
[2022-08-06 22:13:27,350] {subprocess.py:92} INFO - hello world, this is the first task!
[2022-08-06 22:13:27,351] {subprocess.py:96} INFO - Command exited with return code 0
[2022-08-06 22:13:27,383] {taskinstance.py:1420} INFO - Marking task as SUCCESS. dag_id=our_first_dag_v5, task_id=first_task, execution_date=20220609T000000, start_date=20220806T221327, end_date=20220806T221327
[2022-08-06 22:13:27,417] {local_task_job.py:156} INFO - Task exited with return code 0
[2022-08-06 22:13:27,467] {local_task_job.py:273} INFO - 2 downstream tasks scheduled from follow-on schedule check
[2022-08-06 22:24:47,049] {taskinstance.py:1179} INFO - Dependencies all met for <TaskInstance: our_first_dag_v5.first_task scheduled__2022-06-09T00:00:00+00:00 [queued]>
[2022-08-06 22:24:47,061] {taskinstance.py:1179} INFO - Dependencies all met for <TaskInstance: our_first_dag_v5.first_task scheduled__2022-06-09T00:00:00+00:00 [queued]>
[2022-08-06 22:24:47,061] {taskinstance.py:1376} INFO - 
--------------------------------------------------------------------------------
[2022-08-06 22:24:47,061] {taskinstance.py:1377} INFO - Starting attempt 1 of 6
[2022-08-06 22:24:47,061] {taskinstance.py:1378} INFO - 
--------------------------------------------------------------------------------
[2022-08-06 22:24:47,079] {taskinstance.py:1397} INFO - Executing <Task(BashOperator): first_task> on 2022-06-09 00:00:00+00:00
[2022-08-06 22:24:47,086] {standard_task_runner.py:52} INFO - Started process 3095 to run task
[2022-08-06 22:24:47,088] {standard_task_runner.py:79} INFO - Running: ['***', 'tasks', 'run', 'our_first_dag_v5', 'first_task', 'scheduled__2022-06-09T00:00:00+00:00', '--job-id', '944', '--raw', '--subdir', 'DAGS_FOLDER/pipeline.py', '--cfg-path', '/tmp/tmpci7u728l', '--error-file', '/tmp/tmpc7p5fffq']
[2022-08-06 22:24:47,089] {standard_task_runner.py:80} INFO - Job 944: Subtask first_task
[2022-08-06 22:24:47,220] {task_command.py:371} INFO - Running <TaskInstance: our_first_dag_v5.first_task scheduled__2022-06-09T00:00:00+00:00 [running]> on host b215076695c3
[2022-08-06 22:24:47,321] {taskinstance.py:1591} INFO - Exporting the following env vars:
AIRFLOW_CTX_DAG_OWNER=coder2j
AIRFLOW_CTX_DAG_ID=our_first_dag_v5
AIRFLOW_CTX_TASK_ID=first_task
AIRFLOW_CTX_EXECUTION_DATE=2022-06-09T00:00:00+00:00
AIRFLOW_CTX_TRY_NUMBER=1
AIRFLOW_CTX_DAG_RUN_ID=scheduled__2022-06-09T00:00:00+00:00
[2022-08-06 22:24:47,323] {subprocess.py:62} INFO - Tmp dir root location: 
 /tmp
[2022-08-06 22:24:47,323] {subprocess.py:74} INFO - Running command: ['bash', '-c', 'echo hello world, this is the first task!']
[2022-08-06 22:24:47,338] {subprocess.py:85} INFO - Output:
[2022-08-06 22:24:47,340] {subprocess.py:92} INFO - hello world, this is the first task!
[2022-08-06 22:24:47,341] {subprocess.py:96} INFO - Command exited with return code 0
[2022-08-06 22:24:47,406] {taskinstance.py:1420} INFO - Marking task as SUCCESS. dag_id=our_first_dag_v5, task_id=first_task, execution_date=20220609T000000, start_date=20220806T222447, end_date=20220806T222447
[2022-08-06 22:24:47,460] {local_task_job.py:156} INFO - Task exited with return code 0
[2022-08-06 22:24:47,516] {local_task_job.py:273} INFO - 2 downstream tasks scheduled from follow-on schedule check
