[2022-08-06 19:39:27,983] {taskinstance.py:1179} INFO - Dependencies all met for <TaskInstance: our_first_dag_v5.second_task scheduled__2022-07-03T00:00:00+00:00 [queued]>
[2022-08-06 19:39:28,003] {taskinstance.py:1179} INFO - Dependencies all met for <TaskInstance: our_first_dag_v5.second_task scheduled__2022-07-03T00:00:00+00:00 [queued]>
[2022-08-06 19:39:28,004] {taskinstance.py:1376} INFO - 
--------------------------------------------------------------------------------
[2022-08-06 19:39:28,004] {taskinstance.py:1377} INFO - Starting attempt 1 of 6
[2022-08-06 19:39:28,004] {taskinstance.py:1378} INFO - 
--------------------------------------------------------------------------------
[2022-08-06 19:39:28,031] {taskinstance.py:1397} INFO - Executing <Task(BashOperator): second_task> on 2022-07-03 00:00:00+00:00
[2022-08-06 19:39:28,043] {standard_task_runner.py:52} INFO - Started process 3312 to run task
[2022-08-06 19:39:28,047] {standard_task_runner.py:79} INFO - Running: ['***', 'tasks', 'run', 'our_first_dag_v5', 'second_task', 'scheduled__2022-07-03T00:00:00+00:00', '--job-id', '1022', '--raw', '--subdir', 'DAGS_FOLDER/pipeline.py', '--cfg-path', '/tmp/tmpy98me6dr', '--error-file', '/tmp/tmpdea1kf12']
[2022-08-06 19:39:28,049] {standard_task_runner.py:80} INFO - Job 1022: Subtask second_task
[2022-08-06 19:39:28,217] {task_command.py:371} INFO - Running <TaskInstance: our_first_dag_v5.second_task scheduled__2022-07-03T00:00:00+00:00 [running]> on host b29c168c1666
[2022-08-06 19:39:28,427] {taskinstance.py:1591} INFO - Exporting the following env vars:
AIRFLOW_CTX_DAG_OWNER=coder2j
AIRFLOW_CTX_DAG_ID=our_first_dag_v5
AIRFLOW_CTX_TASK_ID=second_task
AIRFLOW_CTX_EXECUTION_DATE=2022-07-03T00:00:00+00:00
AIRFLOW_CTX_TRY_NUMBER=1
AIRFLOW_CTX_DAG_RUN_ID=scheduled__2022-07-03T00:00:00+00:00
[2022-08-06 19:39:28,429] {subprocess.py:62} INFO - Tmp dir root location: 
 /tmp
[2022-08-06 19:39:28,429] {subprocess.py:74} INFO - Running command: ['bash', '-c', 'echo hey, I am task2 and will be running after task1!']
[2022-08-06 19:39:28,450] {subprocess.py:85} INFO - Output:
[2022-08-06 19:39:28,452] {subprocess.py:92} INFO - hey, I am task2 and will be running after task1!
[2022-08-06 19:39:28,453] {subprocess.py:96} INFO - Command exited with return code 0
[2022-08-06 19:39:28,599] {taskinstance.py:1420} INFO - Marking task as SUCCESS. dag_id=our_first_dag_v5, task_id=second_task, execution_date=20220703T000000, start_date=20220806T193927, end_date=20220806T193928
[2022-08-06 19:39:28,643] {local_task_job.py:156} INFO - Task exited with return code 0
[2022-08-06 19:39:28,710] {local_task_job.py:273} INFO - 0 downstream tasks scheduled from follow-on schedule check
[2022-08-06 21:53:22,774] {taskinstance.py:1179} INFO - Dependencies all met for <TaskInstance: our_first_dag_v5.second_task scheduled__2022-07-03T00:00:00+00:00 [queued]>
[2022-08-06 21:53:22,785] {taskinstance.py:1179} INFO - Dependencies all met for <TaskInstance: our_first_dag_v5.second_task scheduled__2022-07-03T00:00:00+00:00 [queued]>
[2022-08-06 21:53:22,786] {taskinstance.py:1376} INFO - 
--------------------------------------------------------------------------------
[2022-08-06 21:53:22,786] {taskinstance.py:1377} INFO - Starting attempt 1 of 6
[2022-08-06 21:53:22,786] {taskinstance.py:1378} INFO - 
--------------------------------------------------------------------------------
[2022-08-06 21:53:22,802] {taskinstance.py:1397} INFO - Executing <Task(BashOperator): second_task> on 2022-07-03 00:00:00+00:00
[2022-08-06 21:53:22,809] {standard_task_runner.py:52} INFO - Started process 3489 to run task
[2022-08-06 21:53:22,812] {standard_task_runner.py:79} INFO - Running: ['***', 'tasks', 'run', 'our_first_dag_v5', 'second_task', 'scheduled__2022-07-03T00:00:00+00:00', '--job-id', '1021', '--raw', '--subdir', 'DAGS_FOLDER/pipeline.py', '--cfg-path', '/tmp/tmppxsrfg2x', '--error-file', '/tmp/tmpuvkdipfu']
[2022-08-06 21:53:22,812] {standard_task_runner.py:80} INFO - Job 1021: Subtask second_task
[2022-08-06 21:53:22,893] {task_command.py:371} INFO - Running <TaskInstance: our_first_dag_v5.second_task scheduled__2022-07-03T00:00:00+00:00 [running]> on host c3f731879890
[2022-08-06 21:53:22,988] {taskinstance.py:1591} INFO - Exporting the following env vars:
AIRFLOW_CTX_DAG_OWNER=coder2j
AIRFLOW_CTX_DAG_ID=our_first_dag_v5
AIRFLOW_CTX_TASK_ID=second_task
AIRFLOW_CTX_EXECUTION_DATE=2022-07-03T00:00:00+00:00
AIRFLOW_CTX_TRY_NUMBER=1
AIRFLOW_CTX_DAG_RUN_ID=scheduled__2022-07-03T00:00:00+00:00
[2022-08-06 21:53:22,989] {subprocess.py:62} INFO - Tmp dir root location: 
 /tmp
[2022-08-06 21:53:22,989] {subprocess.py:74} INFO - Running command: ['bash', '-c', 'echo hey, I am task2 and will be running after task1!']
[2022-08-06 21:53:23,002] {subprocess.py:85} INFO - Output:
[2022-08-06 21:53:23,003] {subprocess.py:92} INFO - hey, I am task2 and will be running after task1!
[2022-08-06 21:53:23,003] {subprocess.py:96} INFO - Command exited with return code 0
[2022-08-06 21:53:23,033] {taskinstance.py:1420} INFO - Marking task as SUCCESS. dag_id=our_first_dag_v5, task_id=second_task, execution_date=20220703T000000, start_date=20220806T215322, end_date=20220806T215323
[2022-08-06 21:53:23,064] {local_task_job.py:156} INFO - Task exited with return code 0
[2022-08-06 21:53:23,168] {local_task_job.py:273} INFO - 0 downstream tasks scheduled from follow-on schedule check
[2022-08-06 21:58:45,032] {taskinstance.py:1179} INFO - Dependencies all met for <TaskInstance: our_first_dag_v5.second_task scheduled__2022-07-03T00:00:00+00:00 [queued]>
[2022-08-06 21:58:45,045] {taskinstance.py:1179} INFO - Dependencies all met for <TaskInstance: our_first_dag_v5.second_task scheduled__2022-07-03T00:00:00+00:00 [queued]>
[2022-08-06 21:58:45,045] {taskinstance.py:1376} INFO - 
--------------------------------------------------------------------------------
[2022-08-06 21:58:45,045] {taskinstance.py:1377} INFO - Starting attempt 1 of 6
[2022-08-06 21:58:45,045] {taskinstance.py:1378} INFO - 
--------------------------------------------------------------------------------
[2022-08-06 21:58:45,066] {taskinstance.py:1397} INFO - Executing <Task(BashOperator): second_task> on 2022-07-03 00:00:00+00:00
[2022-08-06 21:58:45,073] {standard_task_runner.py:52} INFO - Started process 3292 to run task
[2022-08-06 21:58:45,076] {standard_task_runner.py:79} INFO - Running: ['***', 'tasks', 'run', 'our_first_dag_v5', 'second_task', 'scheduled__2022-07-03T00:00:00+00:00', '--job-id', '1021', '--raw', '--subdir', 'DAGS_FOLDER/pipeline.py', '--cfg-path', '/tmp/tmplvaa0obt', '--error-file', '/tmp/tmpi6vdfkxk']
[2022-08-06 21:58:45,076] {standard_task_runner.py:80} INFO - Job 1021: Subtask second_task
[2022-08-06 21:58:45,145] {task_command.py:371} INFO - Running <TaskInstance: our_first_dag_v5.second_task scheduled__2022-07-03T00:00:00+00:00 [running]> on host bc7e154a4fdd
[2022-08-06 21:58:45,230] {taskinstance.py:1591} INFO - Exporting the following env vars:
AIRFLOW_CTX_DAG_OWNER=coder2j
AIRFLOW_CTX_DAG_ID=our_first_dag_v5
AIRFLOW_CTX_TASK_ID=second_task
AIRFLOW_CTX_EXECUTION_DATE=2022-07-03T00:00:00+00:00
AIRFLOW_CTX_TRY_NUMBER=1
AIRFLOW_CTX_DAG_RUN_ID=scheduled__2022-07-03T00:00:00+00:00
[2022-08-06 21:58:45,231] {subprocess.py:62} INFO - Tmp dir root location: 
 /tmp
[2022-08-06 21:58:45,232] {subprocess.py:74} INFO - Running command: ['bash', '-c', 'echo hey, I am task2 and will be running after task1!']
[2022-08-06 21:58:45,248] {subprocess.py:85} INFO - Output:
[2022-08-06 21:58:45,249] {subprocess.py:92} INFO - hey, I am task2 and will be running after task1!
[2022-08-06 21:58:45,250] {subprocess.py:96} INFO - Command exited with return code 0
[2022-08-06 21:58:45,283] {taskinstance.py:1420} INFO - Marking task as SUCCESS. dag_id=our_first_dag_v5, task_id=second_task, execution_date=20220703T000000, start_date=20220806T215845, end_date=20220806T215845
[2022-08-06 21:58:45,327] {local_task_job.py:156} INFO - Task exited with return code 0
[2022-08-06 21:58:45,369] {local_task_job.py:273} INFO - 0 downstream tasks scheduled from follow-on schedule check
[2022-08-06 22:13:41,864] {taskinstance.py:1179} INFO - Dependencies all met for <TaskInstance: our_first_dag_v5.second_task scheduled__2022-07-03T00:00:00+00:00 [queued]>
[2022-08-06 22:13:41,878] {taskinstance.py:1179} INFO - Dependencies all met for <TaskInstance: our_first_dag_v5.second_task scheduled__2022-07-03T00:00:00+00:00 [queued]>
[2022-08-06 22:13:41,878] {taskinstance.py:1376} INFO - 
--------------------------------------------------------------------------------
[2022-08-06 22:13:41,878] {taskinstance.py:1377} INFO - Starting attempt 1 of 6
[2022-08-06 22:13:41,878] {taskinstance.py:1378} INFO - 
--------------------------------------------------------------------------------
[2022-08-06 22:13:41,897] {taskinstance.py:1397} INFO - Executing <Task(BashOperator): second_task> on 2022-07-03 00:00:00+00:00
[2022-08-06 22:13:41,903] {standard_task_runner.py:52} INFO - Started process 3285 to run task
[2022-08-06 22:13:41,906] {standard_task_runner.py:79} INFO - Running: ['***', 'tasks', 'run', 'our_first_dag_v5', 'second_task', 'scheduled__2022-07-03T00:00:00+00:00', '--job-id', '1019', '--raw', '--subdir', 'DAGS_FOLDER/pipeline.py', '--cfg-path', '/tmp/tmpbr9jfixz', '--error-file', '/tmp/tmpeh7oskce']
[2022-08-06 22:13:41,906] {standard_task_runner.py:80} INFO - Job 1019: Subtask second_task
[2022-08-06 22:13:41,978] {task_command.py:371} INFO - Running <TaskInstance: our_first_dag_v5.second_task scheduled__2022-07-03T00:00:00+00:00 [running]> on host 1250c3b659cd
[2022-08-06 22:13:42,048] {taskinstance.py:1591} INFO - Exporting the following env vars:
AIRFLOW_CTX_DAG_OWNER=coder2j
AIRFLOW_CTX_DAG_ID=our_first_dag_v5
AIRFLOW_CTX_TASK_ID=second_task
AIRFLOW_CTX_EXECUTION_DATE=2022-07-03T00:00:00+00:00
AIRFLOW_CTX_TRY_NUMBER=1
AIRFLOW_CTX_DAG_RUN_ID=scheduled__2022-07-03T00:00:00+00:00
[2022-08-06 22:13:42,049] {subprocess.py:62} INFO - Tmp dir root location: 
 /tmp
[2022-08-06 22:13:42,049] {subprocess.py:74} INFO - Running command: ['bash', '-c', 'echo hey, I am task2 and will be running after task1!']
[2022-08-06 22:13:42,061] {subprocess.py:85} INFO - Output:
[2022-08-06 22:13:42,062] {subprocess.py:92} INFO - hey, I am task2 and will be running after task1!
[2022-08-06 22:13:42,062] {subprocess.py:96} INFO - Command exited with return code 0
[2022-08-06 22:13:42,089] {taskinstance.py:1420} INFO - Marking task as SUCCESS. dag_id=our_first_dag_v5, task_id=second_task, execution_date=20220703T000000, start_date=20220806T221341, end_date=20220806T221342
[2022-08-06 22:13:42,117] {local_task_job.py:156} INFO - Task exited with return code 0
[2022-08-06 22:13:42,145] {local_task_job.py:273} INFO - 0 downstream tasks scheduled from follow-on schedule check
[2022-08-06 22:25:01,686] {taskinstance.py:1179} INFO - Dependencies all met for <TaskInstance: our_first_dag_v5.second_task scheduled__2022-07-03T00:00:00+00:00 [queued]>
[2022-08-06 22:25:01,705] {taskinstance.py:1179} INFO - Dependencies all met for <TaskInstance: our_first_dag_v5.second_task scheduled__2022-07-03T00:00:00+00:00 [queued]>
[2022-08-06 22:25:01,706] {taskinstance.py:1376} INFO - 
--------------------------------------------------------------------------------
[2022-08-06 22:25:01,706] {taskinstance.py:1377} INFO - Starting attempt 1 of 6
[2022-08-06 22:25:01,706] {taskinstance.py:1378} INFO - 
--------------------------------------------------------------------------------
[2022-08-06 22:25:01,727] {taskinstance.py:1397} INFO - Executing <Task(BashOperator): second_task> on 2022-07-03 00:00:00+00:00
[2022-08-06 22:25:01,734] {standard_task_runner.py:52} INFO - Started process 3346 to run task
[2022-08-06 22:25:01,738] {standard_task_runner.py:79} INFO - Running: ['***', 'tasks', 'run', 'our_first_dag_v5', 'second_task', 'scheduled__2022-07-03T00:00:00+00:00', '--job-id', '1025', '--raw', '--subdir', 'DAGS_FOLDER/pipeline.py', '--cfg-path', '/tmp/tmpcqltjesq', '--error-file', '/tmp/tmpsez1vxpz']
[2022-08-06 22:25:01,738] {standard_task_runner.py:80} INFO - Job 1025: Subtask second_task
[2022-08-06 22:25:01,812] {task_command.py:371} INFO - Running <TaskInstance: our_first_dag_v5.second_task scheduled__2022-07-03T00:00:00+00:00 [running]> on host b215076695c3
[2022-08-06 22:25:01,898] {taskinstance.py:1591} INFO - Exporting the following env vars:
AIRFLOW_CTX_DAG_OWNER=coder2j
AIRFLOW_CTX_DAG_ID=our_first_dag_v5
AIRFLOW_CTX_TASK_ID=second_task
AIRFLOW_CTX_EXECUTION_DATE=2022-07-03T00:00:00+00:00
AIRFLOW_CTX_TRY_NUMBER=1
AIRFLOW_CTX_DAG_RUN_ID=scheduled__2022-07-03T00:00:00+00:00
[2022-08-06 22:25:01,899] {subprocess.py:62} INFO - Tmp dir root location: 
 /tmp
[2022-08-06 22:25:01,899] {subprocess.py:74} INFO - Running command: ['bash', '-c', 'echo hey, I am task2 and will be running after task1!']
[2022-08-06 22:25:01,918] {subprocess.py:85} INFO - Output:
[2022-08-06 22:25:01,920] {subprocess.py:92} INFO - hey, I am task2 and will be running after task1!
[2022-08-06 22:25:01,920] {subprocess.py:96} INFO - Command exited with return code 0
[2022-08-06 22:25:01,956] {taskinstance.py:1420} INFO - Marking task as SUCCESS. dag_id=our_first_dag_v5, task_id=second_task, execution_date=20220703T000000, start_date=20220806T222501, end_date=20220806T222501
[2022-08-06 22:25:01,991] {local_task_job.py:156} INFO - Task exited with return code 0
[2022-08-06 22:25:02,028] {local_task_job.py:273} INFO - 0 downstream tasks scheduled from follow-on schedule check
