[2022-08-06 19:37:32,007] {taskinstance.py:1179} INFO - Dependencies all met for <TaskInstance: our_first_dag_v5.thrid_task scheduled__2021-12-23T00:00:00+00:00 [queued]>
[2022-08-06 19:37:32,028] {taskinstance.py:1179} INFO - Dependencies all met for <TaskInstance: our_first_dag_v5.thrid_task scheduled__2021-12-23T00:00:00+00:00 [queued]>
[2022-08-06 19:37:32,029] {taskinstance.py:1376} INFO - 
--------------------------------------------------------------------------------
[2022-08-06 19:37:32,029] {taskinstance.py:1377} INFO - Starting attempt 1 of 6
[2022-08-06 19:37:32,029] {taskinstance.py:1378} INFO - 
--------------------------------------------------------------------------------
[2022-08-06 19:37:32,055] {taskinstance.py:1397} INFO - Executing <Task(BashOperator): thrid_task> on 2021-12-23 00:00:00+00:00
[2022-08-06 19:37:32,063] {standard_task_runner.py:52} INFO - Started process 1487 to run task
[2022-08-06 19:37:32,066] {standard_task_runner.py:79} INFO - Running: ['***', 'tasks', 'run', 'our_first_dag_v5', 'thrid_task', 'scheduled__2021-12-23T00:00:00+00:00', '--job-id', '445', '--raw', '--subdir', 'DAGS_FOLDER/pipeline.py', '--cfg-path', '/tmp/tmpozde5wlp', '--error-file', '/tmp/tmp5k1pgvk6']
[2022-08-06 19:37:32,067] {standard_task_runner.py:80} INFO - Job 445: Subtask thrid_task
[2022-08-06 19:37:32,179] {task_command.py:371} INFO - Running <TaskInstance: our_first_dag_v5.thrid_task scheduled__2021-12-23T00:00:00+00:00 [running]> on host b29c168c1666
[2022-08-06 19:37:32,280] {taskinstance.py:1591} INFO - Exporting the following env vars:
AIRFLOW_CTX_DAG_OWNER=coder2j
AIRFLOW_CTX_DAG_ID=our_first_dag_v5
AIRFLOW_CTX_TASK_ID=thrid_task
AIRFLOW_CTX_EXECUTION_DATE=2021-12-23T00:00:00+00:00
AIRFLOW_CTX_TRY_NUMBER=1
AIRFLOW_CTX_DAG_RUN_ID=scheduled__2021-12-23T00:00:00+00:00
[2022-08-06 19:37:32,281] {subprocess.py:62} INFO - Tmp dir root location: 
 /tmp
[2022-08-06 19:37:32,282] {subprocess.py:74} INFO - Running command: ['bash', '-c', 'echo hey, I am task3 and will be running after task1 at the same time as task2!']
[2022-08-06 19:37:32,297] {subprocess.py:85} INFO - Output:
[2022-08-06 19:37:32,299] {subprocess.py:92} INFO - hey, I am task3 and will be running after task1 at the same time as task2!
[2022-08-06 19:37:32,300] {subprocess.py:96} INFO - Command exited with return code 0
[2022-08-06 19:37:32,337] {taskinstance.py:1420} INFO - Marking task as SUCCESS. dag_id=our_first_dag_v5, task_id=thrid_task, execution_date=20211223T000000, start_date=20220806T193732, end_date=20220806T193732
[2022-08-06 19:37:32,367] {local_task_job.py:156} INFO - Task exited with return code 0
[2022-08-06 19:37:32,405] {local_task_job.py:273} INFO - 0 downstream tasks scheduled from follow-on schedule check
[2022-08-06 21:51:24,664] {taskinstance.py:1179} INFO - Dependencies all met for <TaskInstance: our_first_dag_v5.thrid_task scheduled__2021-12-23T00:00:00+00:00 [queued]>
[2022-08-06 21:51:24,684] {taskinstance.py:1179} INFO - Dependencies all met for <TaskInstance: our_first_dag_v5.thrid_task scheduled__2021-12-23T00:00:00+00:00 [queued]>
[2022-08-06 21:51:24,684] {taskinstance.py:1376} INFO - 
--------------------------------------------------------------------------------
[2022-08-06 21:51:24,684] {taskinstance.py:1377} INFO - Starting attempt 1 of 6
[2022-08-06 21:51:24,684] {taskinstance.py:1378} INFO - 
--------------------------------------------------------------------------------
[2022-08-06 21:51:24,701] {taskinstance.py:1397} INFO - Executing <Task(BashOperator): thrid_task> on 2021-12-23 00:00:00+00:00
[2022-08-06 21:51:24,708] {standard_task_runner.py:52} INFO - Started process 1663 to run task
[2022-08-06 21:51:24,711] {standard_task_runner.py:79} INFO - Running: ['***', 'tasks', 'run', 'our_first_dag_v5', 'thrid_task', 'scheduled__2021-12-23T00:00:00+00:00', '--job-id', '442', '--raw', '--subdir', 'DAGS_FOLDER/pipeline.py', '--cfg-path', '/tmp/tmpqrau9w98', '--error-file', '/tmp/tmp426i4g5g']
[2022-08-06 21:51:24,711] {standard_task_runner.py:80} INFO - Job 442: Subtask thrid_task
[2022-08-06 21:51:24,793] {task_command.py:371} INFO - Running <TaskInstance: our_first_dag_v5.thrid_task scheduled__2021-12-23T00:00:00+00:00 [running]> on host c3f731879890
[2022-08-06 21:51:24,916] {taskinstance.py:1591} INFO - Exporting the following env vars:
AIRFLOW_CTX_DAG_OWNER=coder2j
AIRFLOW_CTX_DAG_ID=our_first_dag_v5
AIRFLOW_CTX_TASK_ID=thrid_task
AIRFLOW_CTX_EXECUTION_DATE=2021-12-23T00:00:00+00:00
AIRFLOW_CTX_TRY_NUMBER=1
AIRFLOW_CTX_DAG_RUN_ID=scheduled__2021-12-23T00:00:00+00:00
[2022-08-06 21:51:24,917] {subprocess.py:62} INFO - Tmp dir root location: 
 /tmp
[2022-08-06 21:51:24,918] {subprocess.py:74} INFO - Running command: ['bash', '-c', 'echo hey, I am task3 and will be running after task1 at the same time as task2!']
[2022-08-06 21:51:24,934] {subprocess.py:85} INFO - Output:
[2022-08-06 21:51:24,936] {subprocess.py:92} INFO - hey, I am task3 and will be running after task1 at the same time as task2!
[2022-08-06 21:51:24,936] {subprocess.py:96} INFO - Command exited with return code 0
[2022-08-06 21:51:24,970] {taskinstance.py:1420} INFO - Marking task as SUCCESS. dag_id=our_first_dag_v5, task_id=thrid_task, execution_date=20211223T000000, start_date=20220806T215124, end_date=20220806T215124
[2022-08-06 21:51:25,002] {local_task_job.py:156} INFO - Task exited with return code 0
[2022-08-06 21:51:25,051] {local_task_job.py:273} INFO - 0 downstream tasks scheduled from follow-on schedule check
[2022-08-06 21:56:51,206] {taskinstance.py:1179} INFO - Dependencies all met for <TaskInstance: our_first_dag_v5.thrid_task scheduled__2021-12-23T00:00:00+00:00 [queued]>
[2022-08-06 21:56:51,217] {taskinstance.py:1179} INFO - Dependencies all met for <TaskInstance: our_first_dag_v5.thrid_task scheduled__2021-12-23T00:00:00+00:00 [queued]>
[2022-08-06 21:56:51,217] {taskinstance.py:1376} INFO - 
--------------------------------------------------------------------------------
[2022-08-06 21:56:51,217] {taskinstance.py:1377} INFO - Starting attempt 1 of 6
[2022-08-06 21:56:51,217] {taskinstance.py:1378} INFO - 
--------------------------------------------------------------------------------
[2022-08-06 21:56:51,231] {taskinstance.py:1397} INFO - Executing <Task(BashOperator): thrid_task> on 2021-12-23 00:00:00+00:00
[2022-08-06 21:56:51,238] {standard_task_runner.py:52} INFO - Started process 1477 to run task
[2022-08-06 21:56:51,241] {standard_task_runner.py:79} INFO - Running: ['***', 'tasks', 'run', 'our_first_dag_v5', 'thrid_task', 'scheduled__2021-12-23T00:00:00+00:00', '--job-id', '447', '--raw', '--subdir', 'DAGS_FOLDER/pipeline.py', '--cfg-path', '/tmp/tmpt4ywtg9z', '--error-file', '/tmp/tmp5sdj_xbs']
[2022-08-06 21:56:51,241] {standard_task_runner.py:80} INFO - Job 447: Subtask thrid_task
[2022-08-06 21:56:51,342] {task_command.py:371} INFO - Running <TaskInstance: our_first_dag_v5.thrid_task scheduled__2021-12-23T00:00:00+00:00 [running]> on host bc7e154a4fdd
[2022-08-06 21:56:51,446] {taskinstance.py:1591} INFO - Exporting the following env vars:
AIRFLOW_CTX_DAG_OWNER=coder2j
AIRFLOW_CTX_DAG_ID=our_first_dag_v5
AIRFLOW_CTX_TASK_ID=thrid_task
AIRFLOW_CTX_EXECUTION_DATE=2021-12-23T00:00:00+00:00
AIRFLOW_CTX_TRY_NUMBER=1
AIRFLOW_CTX_DAG_RUN_ID=scheduled__2021-12-23T00:00:00+00:00
[2022-08-06 21:56:51,447] {subprocess.py:62} INFO - Tmp dir root location: 
 /tmp
[2022-08-06 21:56:51,447] {subprocess.py:74} INFO - Running command: ['bash', '-c', 'echo hey, I am task3 and will be running after task1 at the same time as task2!']
[2022-08-06 21:56:51,464] {subprocess.py:85} INFO - Output:
[2022-08-06 21:56:51,466] {subprocess.py:92} INFO - hey, I am task3 and will be running after task1 at the same time as task2!
[2022-08-06 21:56:51,466] {subprocess.py:96} INFO - Command exited with return code 0
[2022-08-06 21:56:51,533] {taskinstance.py:1420} INFO - Marking task as SUCCESS. dag_id=our_first_dag_v5, task_id=thrid_task, execution_date=20211223T000000, start_date=20220806T215651, end_date=20220806T215651
[2022-08-06 21:56:51,573] {local_task_job.py:156} INFO - Task exited with return code 0
[2022-08-06 21:56:51,624] {local_task_job.py:273} INFO - 0 downstream tasks scheduled from follow-on schedule check
[2022-08-06 22:11:52,543] {taskinstance.py:1179} INFO - Dependencies all met for <TaskInstance: our_first_dag_v5.thrid_task scheduled__2021-12-23T00:00:00+00:00 [queued]>
[2022-08-06 22:11:52,558] {taskinstance.py:1179} INFO - Dependencies all met for <TaskInstance: our_first_dag_v5.thrid_task scheduled__2021-12-23T00:00:00+00:00 [queued]>
[2022-08-06 22:11:52,559] {taskinstance.py:1376} INFO - 
--------------------------------------------------------------------------------
[2022-08-06 22:11:52,559] {taskinstance.py:1377} INFO - Starting attempt 1 of 6
[2022-08-06 22:11:52,559] {taskinstance.py:1378} INFO - 
--------------------------------------------------------------------------------
[2022-08-06 22:11:52,580] {taskinstance.py:1397} INFO - Executing <Task(BashOperator): thrid_task> on 2021-12-23 00:00:00+00:00
[2022-08-06 22:11:52,587] {standard_task_runner.py:52} INFO - Started process 1480 to run task
[2022-08-06 22:11:52,591] {standard_task_runner.py:79} INFO - Running: ['***', 'tasks', 'run', 'our_first_dag_v5', 'thrid_task', 'scheduled__2021-12-23T00:00:00+00:00', '--job-id', '445', '--raw', '--subdir', 'DAGS_FOLDER/pipeline.py', '--cfg-path', '/tmp/tmpwn1xh187', '--error-file', '/tmp/tmpt3q59z0i']
[2022-08-06 22:11:52,591] {standard_task_runner.py:80} INFO - Job 445: Subtask thrid_task
[2022-08-06 22:11:52,662] {task_command.py:371} INFO - Running <TaskInstance: our_first_dag_v5.thrid_task scheduled__2021-12-23T00:00:00+00:00 [running]> on host 1250c3b659cd
[2022-08-06 22:11:52,758] {taskinstance.py:1591} INFO - Exporting the following env vars:
AIRFLOW_CTX_DAG_OWNER=coder2j
AIRFLOW_CTX_DAG_ID=our_first_dag_v5
AIRFLOW_CTX_TASK_ID=thrid_task
AIRFLOW_CTX_EXECUTION_DATE=2021-12-23T00:00:00+00:00
AIRFLOW_CTX_TRY_NUMBER=1
AIRFLOW_CTX_DAG_RUN_ID=scheduled__2021-12-23T00:00:00+00:00
[2022-08-06 22:11:52,759] {subprocess.py:62} INFO - Tmp dir root location: 
 /tmp
[2022-08-06 22:11:52,759] {subprocess.py:74} INFO - Running command: ['bash', '-c', 'echo hey, I am task3 and will be running after task1 at the same time as task2!']
[2022-08-06 22:11:52,774] {subprocess.py:85} INFO - Output:
[2022-08-06 22:11:52,775] {subprocess.py:92} INFO - hey, I am task3 and will be running after task1 at the same time as task2!
[2022-08-06 22:11:52,776] {subprocess.py:96} INFO - Command exited with return code 0
[2022-08-06 22:11:52,810] {taskinstance.py:1420} INFO - Marking task as SUCCESS. dag_id=our_first_dag_v5, task_id=thrid_task, execution_date=20211223T000000, start_date=20220806T221152, end_date=20220806T221152
[2022-08-06 22:11:52,842] {local_task_job.py:156} INFO - Task exited with return code 0
[2022-08-06 22:11:52,915] {local_task_job.py:273} INFO - 0 downstream tasks scheduled from follow-on schedule check
[2022-08-06 22:23:13,372] {taskinstance.py:1179} INFO - Dependencies all met for <TaskInstance: our_first_dag_v5.thrid_task scheduled__2021-12-23T00:00:00+00:00 [queued]>
[2022-08-06 22:23:13,389] {taskinstance.py:1179} INFO - Dependencies all met for <TaskInstance: our_first_dag_v5.thrid_task scheduled__2021-12-23T00:00:00+00:00 [queued]>
[2022-08-06 22:23:13,390] {taskinstance.py:1376} INFO - 
--------------------------------------------------------------------------------
[2022-08-06 22:23:13,390] {taskinstance.py:1377} INFO - Starting attempt 1 of 6
[2022-08-06 22:23:13,390] {taskinstance.py:1378} INFO - 
--------------------------------------------------------------------------------
[2022-08-06 22:23:13,405] {taskinstance.py:1397} INFO - Executing <Task(BashOperator): thrid_task> on 2021-12-23 00:00:00+00:00
[2022-08-06 22:23:13,411] {standard_task_runner.py:52} INFO - Started process 1527 to run task
[2022-08-06 22:23:13,413] {standard_task_runner.py:79} INFO - Running: ['***', 'tasks', 'run', 'our_first_dag_v5', 'thrid_task', 'scheduled__2021-12-23T00:00:00+00:00', '--job-id', '446', '--raw', '--subdir', 'DAGS_FOLDER/pipeline.py', '--cfg-path', '/tmp/tmpjan2k34l', '--error-file', '/tmp/tmp8b5n1jvl']
[2022-08-06 22:23:13,413] {standard_task_runner.py:80} INFO - Job 446: Subtask thrid_task
[2022-08-06 22:23:13,493] {task_command.py:371} INFO - Running <TaskInstance: our_first_dag_v5.thrid_task scheduled__2021-12-23T00:00:00+00:00 [running]> on host b215076695c3
[2022-08-06 22:23:13,606] {taskinstance.py:1591} INFO - Exporting the following env vars:
AIRFLOW_CTX_DAG_OWNER=coder2j
AIRFLOW_CTX_DAG_ID=our_first_dag_v5
AIRFLOW_CTX_TASK_ID=thrid_task
AIRFLOW_CTX_EXECUTION_DATE=2021-12-23T00:00:00+00:00
AIRFLOW_CTX_TRY_NUMBER=1
AIRFLOW_CTX_DAG_RUN_ID=scheduled__2021-12-23T00:00:00+00:00
[2022-08-06 22:23:13,607] {subprocess.py:62} INFO - Tmp dir root location: 
 /tmp
[2022-08-06 22:23:13,607] {subprocess.py:74} INFO - Running command: ['bash', '-c', 'echo hey, I am task3 and will be running after task1 at the same time as task2!']
[2022-08-06 22:23:13,619] {subprocess.py:85} INFO - Output:
[2022-08-06 22:23:13,621] {subprocess.py:92} INFO - hey, I am task3 and will be running after task1 at the same time as task2!
[2022-08-06 22:23:13,621] {subprocess.py:96} INFO - Command exited with return code 0
[2022-08-06 22:23:13,657] {taskinstance.py:1420} INFO - Marking task as SUCCESS. dag_id=our_first_dag_v5, task_id=thrid_task, execution_date=20211223T000000, start_date=20220806T222313, end_date=20220806T222313
[2022-08-06 22:23:13,705] {local_task_job.py:156} INFO - Task exited with return code 0
[2022-08-06 22:23:13,732] {local_task_job.py:273} INFO - 0 downstream tasks scheduled from follow-on schedule check
