[2022-08-06 19:38:54,597] {taskinstance.py:1179} INFO - Dependencies all met for <TaskInstance: our_first_dag_v5.first_task scheduled__2022-05-09T00:00:00+00:00 [queued]>
[2022-08-06 19:38:54,613] {taskinstance.py:1179} INFO - Dependencies all met for <TaskInstance: our_first_dag_v5.first_task scheduled__2022-05-09T00:00:00+00:00 [queued]>
[2022-08-06 19:38:54,613] {taskinstance.py:1376} INFO - 
--------------------------------------------------------------------------------
[2022-08-06 19:38:54,613] {taskinstance.py:1377} INFO - Starting attempt 1 of 6
[2022-08-06 19:38:54,613] {taskinstance.py:1378} INFO - 
--------------------------------------------------------------------------------
[2022-08-06 19:38:54,633] {taskinstance.py:1397} INFO - Executing <Task(BashOperator): first_task> on 2022-05-09 00:00:00+00:00
[2022-08-06 19:38:54,639] {standard_task_runner.py:52} INFO - Started process 2764 to run task
[2022-08-06 19:38:54,643] {standard_task_runner.py:79} INFO - Running: ['***', 'tasks', 'run', 'our_first_dag_v5', 'first_task', 'scheduled__2022-05-09T00:00:00+00:00', '--job-id', '850', '--raw', '--subdir', 'DAGS_FOLDER/pipeline.py', '--cfg-path', '/tmp/tmpb1e5y5mc', '--error-file', '/tmp/tmpsxfx3hmv']
[2022-08-06 19:38:54,643] {standard_task_runner.py:80} INFO - Job 850: Subtask first_task
[2022-08-06 19:38:54,718] {task_command.py:371} INFO - Running <TaskInstance: our_first_dag_v5.first_task scheduled__2022-05-09T00:00:00+00:00 [running]> on host b29c168c1666
[2022-08-06 19:38:54,828] {taskinstance.py:1591} INFO - Exporting the following env vars:
AIRFLOW_CTX_DAG_OWNER=coder2j
AIRFLOW_CTX_DAG_ID=our_first_dag_v5
AIRFLOW_CTX_TASK_ID=first_task
AIRFLOW_CTX_EXECUTION_DATE=2022-05-09T00:00:00+00:00
AIRFLOW_CTX_TRY_NUMBER=1
AIRFLOW_CTX_DAG_RUN_ID=scheduled__2022-05-09T00:00:00+00:00
[2022-08-06 19:38:54,829] {subprocess.py:62} INFO - Tmp dir root location: 
 /tmp
[2022-08-06 19:38:54,830] {subprocess.py:74} INFO - Running command: ['bash', '-c', 'echo hello world, this is the first task!']
[2022-08-06 19:38:54,844] {subprocess.py:85} INFO - Output:
[2022-08-06 19:38:54,846] {subprocess.py:92} INFO - hello world, this is the first task!
[2022-08-06 19:38:54,846] {subprocess.py:96} INFO - Command exited with return code 0
[2022-08-06 19:38:54,885] {taskinstance.py:1420} INFO - Marking task as SUCCESS. dag_id=our_first_dag_v5, task_id=first_task, execution_date=20220509T000000, start_date=20220806T193854, end_date=20220806T193854
[2022-08-06 19:38:54,934] {local_task_job.py:156} INFO - Task exited with return code 0
[2022-08-06 19:38:54,983] {local_task_job.py:273} INFO - 2 downstream tasks scheduled from follow-on schedule check
[2022-08-06 21:52:45,534] {taskinstance.py:1179} INFO - Dependencies all met for <TaskInstance: our_first_dag_v5.first_task scheduled__2022-05-09T00:00:00+00:00 [queued]>
[2022-08-06 21:52:45,545] {taskinstance.py:1179} INFO - Dependencies all met for <TaskInstance: our_first_dag_v5.first_task scheduled__2022-05-09T00:00:00+00:00 [queued]>
[2022-08-06 21:52:45,545] {taskinstance.py:1376} INFO - 
--------------------------------------------------------------------------------
[2022-08-06 21:52:45,545] {taskinstance.py:1377} INFO - Starting attempt 1 of 6
[2022-08-06 21:52:45,545] {taskinstance.py:1378} INFO - 
--------------------------------------------------------------------------------
[2022-08-06 21:52:45,561] {taskinstance.py:1397} INFO - Executing <Task(BashOperator): first_task> on 2022-05-09 00:00:00+00:00
[2022-08-06 21:52:45,566] {standard_task_runner.py:52} INFO - Started process 2948 to run task
[2022-08-06 21:52:45,568] {standard_task_runner.py:79} INFO - Running: ['***', 'tasks', 'run', 'our_first_dag_v5', 'first_task', 'scheduled__2022-05-09T00:00:00+00:00', '--job-id', '850', '--raw', '--subdir', 'DAGS_FOLDER/pipeline.py', '--cfg-path', '/tmp/tmpl78xyyuv', '--error-file', '/tmp/tmpt0xrdj0w']
[2022-08-06 21:52:45,568] {standard_task_runner.py:80} INFO - Job 850: Subtask first_task
[2022-08-06 21:52:45,630] {task_command.py:371} INFO - Running <TaskInstance: our_first_dag_v5.first_task scheduled__2022-05-09T00:00:00+00:00 [running]> on host c3f731879890
[2022-08-06 21:52:45,712] {taskinstance.py:1591} INFO - Exporting the following env vars:
AIRFLOW_CTX_DAG_OWNER=coder2j
AIRFLOW_CTX_DAG_ID=our_first_dag_v5
AIRFLOW_CTX_TASK_ID=first_task
AIRFLOW_CTX_EXECUTION_DATE=2022-05-09T00:00:00+00:00
AIRFLOW_CTX_TRY_NUMBER=1
AIRFLOW_CTX_DAG_RUN_ID=scheduled__2022-05-09T00:00:00+00:00
[2022-08-06 21:52:45,713] {subprocess.py:62} INFO - Tmp dir root location: 
 /tmp
[2022-08-06 21:52:45,713] {subprocess.py:74} INFO - Running command: ['bash', '-c', 'echo hello world, this is the first task!']
[2022-08-06 21:52:45,728] {subprocess.py:85} INFO - Output:
[2022-08-06 21:52:45,730] {subprocess.py:92} INFO - hello world, this is the first task!
[2022-08-06 21:52:45,730] {subprocess.py:96} INFO - Command exited with return code 0
[2022-08-06 21:52:45,765] {taskinstance.py:1420} INFO - Marking task as SUCCESS. dag_id=our_first_dag_v5, task_id=first_task, execution_date=20220509T000000, start_date=20220806T215245, end_date=20220806T215245
[2022-08-06 21:52:45,820] {local_task_job.py:156} INFO - Task exited with return code 0
[2022-08-06 21:52:45,859] {local_task_job.py:273} INFO - 2 downstream tasks scheduled from follow-on schedule check
[2022-08-06 21:58:10,109] {taskinstance.py:1179} INFO - Dependencies all met for <TaskInstance: our_first_dag_v5.first_task scheduled__2022-05-09T00:00:00+00:00 [queued]>
[2022-08-06 21:58:10,122] {taskinstance.py:1179} INFO - Dependencies all met for <TaskInstance: our_first_dag_v5.first_task scheduled__2022-05-09T00:00:00+00:00 [queued]>
[2022-08-06 21:58:10,122] {taskinstance.py:1376} INFO - 
--------------------------------------------------------------------------------
[2022-08-06 21:58:10,122] {taskinstance.py:1377} INFO - Starting attempt 1 of 6
[2022-08-06 21:58:10,122] {taskinstance.py:1378} INFO - 
--------------------------------------------------------------------------------
[2022-08-06 21:58:10,143] {taskinstance.py:1397} INFO - Executing <Task(BashOperator): first_task> on 2022-05-09 00:00:00+00:00
[2022-08-06 21:58:10,151] {standard_task_runner.py:52} INFO - Started process 2736 to run task
[2022-08-06 21:58:10,158] {standard_task_runner.py:79} INFO - Running: ['***', 'tasks', 'run', 'our_first_dag_v5', 'first_task', 'scheduled__2022-05-09T00:00:00+00:00', '--job-id', '845', '--raw', '--subdir', 'DAGS_FOLDER/pipeline.py', '--cfg-path', '/tmp/tmp8jo6djm6', '--error-file', '/tmp/tmpqt6k4yuj']
[2022-08-06 21:58:10,158] {standard_task_runner.py:80} INFO - Job 845: Subtask first_task
[2022-08-06 21:58:10,255] {task_command.py:371} INFO - Running <TaskInstance: our_first_dag_v5.first_task scheduled__2022-05-09T00:00:00+00:00 [running]> on host bc7e154a4fdd
[2022-08-06 21:58:10,394] {taskinstance.py:1591} INFO - Exporting the following env vars:
AIRFLOW_CTX_DAG_OWNER=coder2j
AIRFLOW_CTX_DAG_ID=our_first_dag_v5
AIRFLOW_CTX_TASK_ID=first_task
AIRFLOW_CTX_EXECUTION_DATE=2022-05-09T00:00:00+00:00
AIRFLOW_CTX_TRY_NUMBER=1
AIRFLOW_CTX_DAG_RUN_ID=scheduled__2022-05-09T00:00:00+00:00
[2022-08-06 21:58:10,397] {subprocess.py:62} INFO - Tmp dir root location: 
 /tmp
[2022-08-06 21:58:10,398] {subprocess.py:74} INFO - Running command: ['bash', '-c', 'echo hello world, this is the first task!']
[2022-08-06 21:58:10,414] {subprocess.py:85} INFO - Output:
[2022-08-06 21:58:10,416] {subprocess.py:92} INFO - hello world, this is the first task!
[2022-08-06 21:58:10,417] {subprocess.py:96} INFO - Command exited with return code 0
[2022-08-06 21:58:10,457] {taskinstance.py:1420} INFO - Marking task as SUCCESS. dag_id=our_first_dag_v5, task_id=first_task, execution_date=20220509T000000, start_date=20220806T215810, end_date=20220806T215810
[2022-08-06 21:58:10,495] {local_task_job.py:156} INFO - Task exited with return code 0
[2022-08-06 21:58:10,583] {local_task_job.py:273} INFO - 0 downstream tasks scheduled from follow-on schedule check
[2022-08-06 22:13:10,199] {taskinstance.py:1179} INFO - Dependencies all met for <TaskInstance: our_first_dag_v5.first_task scheduled__2022-05-09T00:00:00+00:00 [queued]>
[2022-08-06 22:13:10,213] {taskinstance.py:1179} INFO - Dependencies all met for <TaskInstance: our_first_dag_v5.first_task scheduled__2022-05-09T00:00:00+00:00 [queued]>
[2022-08-06 22:13:10,213] {taskinstance.py:1376} INFO - 
--------------------------------------------------------------------------------
[2022-08-06 22:13:10,213] {taskinstance.py:1377} INFO - Starting attempt 1 of 6
[2022-08-06 22:13:10,213] {taskinstance.py:1378} INFO - 
--------------------------------------------------------------------------------
[2022-08-06 22:13:10,240] {taskinstance.py:1397} INFO - Executing <Task(BashOperator): first_task> on 2022-05-09 00:00:00+00:00
[2022-08-06 22:13:10,247] {standard_task_runner.py:52} INFO - Started process 2747 to run task
[2022-08-06 22:13:10,250] {standard_task_runner.py:79} INFO - Running: ['***', 'tasks', 'run', 'our_first_dag_v5', 'first_task', 'scheduled__2022-05-09T00:00:00+00:00', '--job-id', '847', '--raw', '--subdir', 'DAGS_FOLDER/pipeline.py', '--cfg-path', '/tmp/tmp9b0uzlbn', '--error-file', '/tmp/tmpt38dh7dd']
[2022-08-06 22:13:10,251] {standard_task_runner.py:80} INFO - Job 847: Subtask first_task
[2022-08-06 22:13:10,330] {task_command.py:371} INFO - Running <TaskInstance: our_first_dag_v5.first_task scheduled__2022-05-09T00:00:00+00:00 [running]> on host 1250c3b659cd
[2022-08-06 22:13:10,421] {taskinstance.py:1591} INFO - Exporting the following env vars:
AIRFLOW_CTX_DAG_OWNER=coder2j
AIRFLOW_CTX_DAG_ID=our_first_dag_v5
AIRFLOW_CTX_TASK_ID=first_task
AIRFLOW_CTX_EXECUTION_DATE=2022-05-09T00:00:00+00:00
AIRFLOW_CTX_TRY_NUMBER=1
AIRFLOW_CTX_DAG_RUN_ID=scheduled__2022-05-09T00:00:00+00:00
[2022-08-06 22:13:10,422] {subprocess.py:62} INFO - Tmp dir root location: 
 /tmp
[2022-08-06 22:13:10,423] {subprocess.py:74} INFO - Running command: ['bash', '-c', 'echo hello world, this is the first task!']
[2022-08-06 22:13:10,437] {subprocess.py:85} INFO - Output:
[2022-08-06 22:13:10,438] {subprocess.py:92} INFO - hello world, this is the first task!
[2022-08-06 22:13:10,438] {subprocess.py:96} INFO - Command exited with return code 0
[2022-08-06 22:13:10,476] {taskinstance.py:1420} INFO - Marking task as SUCCESS. dag_id=our_first_dag_v5, task_id=first_task, execution_date=20220509T000000, start_date=20220806T221310, end_date=20220806T221310
[2022-08-06 22:13:10,542] {local_task_job.py:156} INFO - Task exited with return code 0
[2022-08-06 22:13:10,585] {local_task_job.py:273} INFO - 2 downstream tasks scheduled from follow-on schedule check
[2022-08-06 22:24:30,158] {taskinstance.py:1179} INFO - Dependencies all met for <TaskInstance: our_first_dag_v5.first_task scheduled__2022-05-09T00:00:00+00:00 [queued]>
[2022-08-06 22:24:30,171] {taskinstance.py:1179} INFO - Dependencies all met for <TaskInstance: our_first_dag_v5.first_task scheduled__2022-05-09T00:00:00+00:00 [queued]>
[2022-08-06 22:24:30,171] {taskinstance.py:1376} INFO - 
--------------------------------------------------------------------------------
[2022-08-06 22:24:30,171] {taskinstance.py:1377} INFO - Starting attempt 1 of 6
[2022-08-06 22:24:30,171] {taskinstance.py:1378} INFO - 
--------------------------------------------------------------------------------
[2022-08-06 22:24:30,187] {taskinstance.py:1397} INFO - Executing <Task(BashOperator): first_task> on 2022-05-09 00:00:00+00:00
[2022-08-06 22:24:30,194] {standard_task_runner.py:52} INFO - Started process 2802 to run task
[2022-08-06 22:24:30,196] {standard_task_runner.py:79} INFO - Running: ['***', 'tasks', 'run', 'our_first_dag_v5', 'first_task', 'scheduled__2022-05-09T00:00:00+00:00', '--job-id', '849', '--raw', '--subdir', 'DAGS_FOLDER/pipeline.py', '--cfg-path', '/tmp/tmpnlacgnjt', '--error-file', '/tmp/tmp9sau_tk2']
[2022-08-06 22:24:30,196] {standard_task_runner.py:80} INFO - Job 849: Subtask first_task
[2022-08-06 22:24:30,260] {task_command.py:371} INFO - Running <TaskInstance: our_first_dag_v5.first_task scheduled__2022-05-09T00:00:00+00:00 [running]> on host b215076695c3
[2022-08-06 22:24:30,339] {taskinstance.py:1591} INFO - Exporting the following env vars:
AIRFLOW_CTX_DAG_OWNER=coder2j
AIRFLOW_CTX_DAG_ID=our_first_dag_v5
AIRFLOW_CTX_TASK_ID=first_task
AIRFLOW_CTX_EXECUTION_DATE=2022-05-09T00:00:00+00:00
AIRFLOW_CTX_TRY_NUMBER=1
AIRFLOW_CTX_DAG_RUN_ID=scheduled__2022-05-09T00:00:00+00:00
[2022-08-06 22:24:30,340] {subprocess.py:62} INFO - Tmp dir root location: 
 /tmp
[2022-08-06 22:24:30,340] {subprocess.py:74} INFO - Running command: ['bash', '-c', 'echo hello world, this is the first task!']
[2022-08-06 22:24:30,354] {subprocess.py:85} INFO - Output:
[2022-08-06 22:24:30,355] {subprocess.py:92} INFO - hello world, this is the first task!
[2022-08-06 22:24:30,356] {subprocess.py:96} INFO - Command exited with return code 0
[2022-08-06 22:24:30,396] {taskinstance.py:1420} INFO - Marking task as SUCCESS. dag_id=our_first_dag_v5, task_id=first_task, execution_date=20220509T000000, start_date=20220806T222430, end_date=20220806T222430
[2022-08-06 22:24:30,448] {local_task_job.py:156} INFO - Task exited with return code 0
[2022-08-06 22:24:30,497] {local_task_job.py:273} INFO - 2 downstream tasks scheduled from follow-on schedule check
