[2022-08-06 19:37:17,513] {taskinstance.py:1179} INFO - Dependencies all met for <TaskInstance: our_first_dag_v5.first_task scheduled__2021-12-03T00:00:00+00:00 [queued]>
[2022-08-06 19:37:17,529] {taskinstance.py:1179} INFO - Dependencies all met for <TaskInstance: our_first_dag_v5.first_task scheduled__2021-12-03T00:00:00+00:00 [queued]>
[2022-08-06 19:37:17,529] {taskinstance.py:1376} INFO - 
--------------------------------------------------------------------------------
[2022-08-06 19:37:17,529] {taskinstance.py:1377} INFO - Starting attempt 1 of 6
[2022-08-06 19:37:17,529] {taskinstance.py:1378} INFO - 
--------------------------------------------------------------------------------
[2022-08-06 19:37:17,549] {taskinstance.py:1397} INFO - Executing <Task(BashOperator): first_task> on 2021-12-03 00:00:00+00:00
[2022-08-06 19:37:17,556] {standard_task_runner.py:52} INFO - Started process 1270 to run task
[2022-08-06 19:37:17,559] {standard_task_runner.py:79} INFO - Running: ['***', 'tasks', 'run', 'our_first_dag_v5', 'first_task', 'scheduled__2021-12-03T00:00:00+00:00', '--job-id', '376', '--raw', '--subdir', 'DAGS_FOLDER/pipeline.py', '--cfg-path', '/tmp/tmppqulnblz', '--error-file', '/tmp/tmpkkvyvr6g']
[2022-08-06 19:37:17,559] {standard_task_runner.py:80} INFO - Job 376: Subtask first_task
[2022-08-06 19:37:17,663] {task_command.py:371} INFO - Running <TaskInstance: our_first_dag_v5.first_task scheduled__2021-12-03T00:00:00+00:00 [running]> on host b29c168c1666
[2022-08-06 19:37:17,802] {taskinstance.py:1591} INFO - Exporting the following env vars:
AIRFLOW_CTX_DAG_OWNER=coder2j
AIRFLOW_CTX_DAG_ID=our_first_dag_v5
AIRFLOW_CTX_TASK_ID=first_task
AIRFLOW_CTX_EXECUTION_DATE=2021-12-03T00:00:00+00:00
AIRFLOW_CTX_TRY_NUMBER=1
AIRFLOW_CTX_DAG_RUN_ID=scheduled__2021-12-03T00:00:00+00:00
[2022-08-06 19:37:17,803] {subprocess.py:62} INFO - Tmp dir root location: 
 /tmp
[2022-08-06 19:37:17,804] {subprocess.py:74} INFO - Running command: ['bash', '-c', 'echo hello world, this is the first task!']
[2022-08-06 19:37:17,820] {subprocess.py:85} INFO - Output:
[2022-08-06 19:37:17,822] {subprocess.py:92} INFO - hello world, this is the first task!
[2022-08-06 19:37:17,822] {subprocess.py:96} INFO - Command exited with return code 0
[2022-08-06 19:37:17,891] {taskinstance.py:1420} INFO - Marking task as SUCCESS. dag_id=our_first_dag_v5, task_id=first_task, execution_date=20211203T000000, start_date=20220806T193717, end_date=20220806T193717
[2022-08-06 19:37:17,934] {local_task_job.py:156} INFO - Task exited with return code 0
[2022-08-06 19:37:17,985] {local_task_job.py:273} INFO - 2 downstream tasks scheduled from follow-on schedule check
[2022-08-06 21:51:12,932] {taskinstance.py:1179} INFO - Dependencies all met for <TaskInstance: our_first_dag_v5.first_task scheduled__2021-12-03T00:00:00+00:00 [queued]>
[2022-08-06 21:51:12,942] {taskinstance.py:1179} INFO - Dependencies all met for <TaskInstance: our_first_dag_v5.first_task scheduled__2021-12-03T00:00:00+00:00 [queued]>
[2022-08-06 21:51:12,942] {taskinstance.py:1376} INFO - 
--------------------------------------------------------------------------------
[2022-08-06 21:51:12,942] {taskinstance.py:1377} INFO - Starting attempt 1 of 6
[2022-08-06 21:51:12,942] {taskinstance.py:1378} INFO - 
--------------------------------------------------------------------------------
[2022-08-06 21:51:12,959] {taskinstance.py:1397} INFO - Executing <Task(BashOperator): first_task> on 2021-12-03 00:00:00+00:00
[2022-08-06 21:51:12,965] {standard_task_runner.py:52} INFO - Started process 1457 to run task
[2022-08-06 21:51:12,967] {standard_task_runner.py:79} INFO - Running: ['***', 'tasks', 'run', 'our_first_dag_v5', 'first_task', 'scheduled__2021-12-03T00:00:00+00:00', '--job-id', '377', '--raw', '--subdir', 'DAGS_FOLDER/pipeline.py', '--cfg-path', '/tmp/tmpb0x6yhag', '--error-file', '/tmp/tmpl_ppe4_5']
[2022-08-06 21:51:12,968] {standard_task_runner.py:80} INFO - Job 377: Subtask first_task
[2022-08-06 21:51:13,038] {task_command.py:371} INFO - Running <TaskInstance: our_first_dag_v5.first_task scheduled__2021-12-03T00:00:00+00:00 [running]> on host c3f731879890
[2022-08-06 21:51:13,131] {taskinstance.py:1591} INFO - Exporting the following env vars:
AIRFLOW_CTX_DAG_OWNER=coder2j
AIRFLOW_CTX_DAG_ID=our_first_dag_v5
AIRFLOW_CTX_TASK_ID=first_task
AIRFLOW_CTX_EXECUTION_DATE=2021-12-03T00:00:00+00:00
AIRFLOW_CTX_TRY_NUMBER=1
AIRFLOW_CTX_DAG_RUN_ID=scheduled__2021-12-03T00:00:00+00:00
[2022-08-06 21:51:13,132] {subprocess.py:62} INFO - Tmp dir root location: 
 /tmp
[2022-08-06 21:51:13,133] {subprocess.py:74} INFO - Running command: ['bash', '-c', 'echo hello world, this is the first task!']
[2022-08-06 21:51:13,145] {subprocess.py:85} INFO - Output:
[2022-08-06 21:51:13,146] {subprocess.py:92} INFO - hello world, this is the first task!
[2022-08-06 21:51:13,147] {subprocess.py:96} INFO - Command exited with return code 0
[2022-08-06 21:51:13,220] {taskinstance.py:1420} INFO - Marking task as SUCCESS. dag_id=our_first_dag_v5, task_id=first_task, execution_date=20211203T000000, start_date=20220806T215112, end_date=20220806T215113
[2022-08-06 21:51:13,300] {local_task_job.py:156} INFO - Task exited with return code 0
[2022-08-06 21:51:13,351] {local_task_job.py:273} INFO - 2 downstream tasks scheduled from follow-on schedule check
[2022-08-06 21:56:35,687] {taskinstance.py:1179} INFO - Dependencies all met for <TaskInstance: our_first_dag_v5.first_task scheduled__2021-12-03T00:00:00+00:00 [queued]>
[2022-08-06 21:56:35,699] {taskinstance.py:1179} INFO - Dependencies all met for <TaskInstance: our_first_dag_v5.first_task scheduled__2021-12-03T00:00:00+00:00 [queued]>
[2022-08-06 21:56:35,699] {taskinstance.py:1376} INFO - 
--------------------------------------------------------------------------------
[2022-08-06 21:56:35,699] {taskinstance.py:1377} INFO - Starting attempt 1 of 6
[2022-08-06 21:56:35,699] {taskinstance.py:1378} INFO - 
--------------------------------------------------------------------------------
[2022-08-06 21:56:35,714] {taskinstance.py:1397} INFO - Executing <Task(BashOperator): first_task> on 2021-12-03 00:00:00+00:00
[2022-08-06 21:56:35,720] {standard_task_runner.py:52} INFO - Started process 1244 to run task
[2022-08-06 21:56:35,723] {standard_task_runner.py:79} INFO - Running: ['***', 'tasks', 'run', 'our_first_dag_v5', 'first_task', 'scheduled__2021-12-03T00:00:00+00:00', '--job-id', '373', '--raw', '--subdir', 'DAGS_FOLDER/pipeline.py', '--cfg-path', '/tmp/tmpdleoivix', '--error-file', '/tmp/tmptwsnd608']
[2022-08-06 21:56:35,724] {standard_task_runner.py:80} INFO - Job 373: Subtask first_task
[2022-08-06 21:56:35,812] {task_command.py:371} INFO - Running <TaskInstance: our_first_dag_v5.first_task scheduled__2021-12-03T00:00:00+00:00 [running]> on host bc7e154a4fdd
[2022-08-06 21:56:35,915] {taskinstance.py:1591} INFO - Exporting the following env vars:
AIRFLOW_CTX_DAG_OWNER=coder2j
AIRFLOW_CTX_DAG_ID=our_first_dag_v5
AIRFLOW_CTX_TASK_ID=first_task
AIRFLOW_CTX_EXECUTION_DATE=2021-12-03T00:00:00+00:00
AIRFLOW_CTX_TRY_NUMBER=1
AIRFLOW_CTX_DAG_RUN_ID=scheduled__2021-12-03T00:00:00+00:00
[2022-08-06 21:56:35,916] {subprocess.py:62} INFO - Tmp dir root location: 
 /tmp
[2022-08-06 21:56:35,916] {subprocess.py:74} INFO - Running command: ['bash', '-c', 'echo hello world, this is the first task!']
[2022-08-06 21:56:35,931] {subprocess.py:85} INFO - Output:
[2022-08-06 21:56:35,933] {subprocess.py:92} INFO - hello world, this is the first task!
[2022-08-06 21:56:35,933] {subprocess.py:96} INFO - Command exited with return code 0
[2022-08-06 21:56:36,002] {taskinstance.py:1420} INFO - Marking task as SUCCESS. dag_id=our_first_dag_v5, task_id=first_task, execution_date=20211203T000000, start_date=20220806T215635, end_date=20220806T215636
[2022-08-06 21:56:36,055] {local_task_job.py:156} INFO - Task exited with return code 0
[2022-08-06 21:56:36,111] {local_task_job.py:273} INFO - 2 downstream tasks scheduled from follow-on schedule check
[2022-08-06 22:11:41,382] {taskinstance.py:1179} INFO - Dependencies all met for <TaskInstance: our_first_dag_v5.first_task scheduled__2021-12-03T00:00:00+00:00 [queued]>
[2022-08-06 22:11:41,391] {taskinstance.py:1179} INFO - Dependencies all met for <TaskInstance: our_first_dag_v5.first_task scheduled__2021-12-03T00:00:00+00:00 [queued]>
[2022-08-06 22:11:41,391] {taskinstance.py:1376} INFO - 
--------------------------------------------------------------------------------
[2022-08-06 22:11:41,391] {taskinstance.py:1377} INFO - Starting attempt 1 of 6
[2022-08-06 22:11:41,391] {taskinstance.py:1378} INFO - 
--------------------------------------------------------------------------------
[2022-08-06 22:11:41,403] {taskinstance.py:1397} INFO - Executing <Task(BashOperator): first_task> on 2021-12-03 00:00:00+00:00
[2022-08-06 22:11:41,407] {standard_task_runner.py:52} INFO - Started process 1280 to run task
[2022-08-06 22:11:41,409] {standard_task_runner.py:79} INFO - Running: ['***', 'tasks', 'run', 'our_first_dag_v5', 'first_task', 'scheduled__2021-12-03T00:00:00+00:00', '--job-id', '381', '--raw', '--subdir', 'DAGS_FOLDER/pipeline.py', '--cfg-path', '/tmp/tmpw2t9hsgt', '--error-file', '/tmp/tmpwhptdd0z']
[2022-08-06 22:11:41,409] {standard_task_runner.py:80} INFO - Job 381: Subtask first_task
[2022-08-06 22:11:41,461] {task_command.py:371} INFO - Running <TaskInstance: our_first_dag_v5.first_task scheduled__2021-12-03T00:00:00+00:00 [running]> on host 1250c3b659cd
[2022-08-06 22:11:41,537] {taskinstance.py:1591} INFO - Exporting the following env vars:
AIRFLOW_CTX_DAG_OWNER=coder2j
AIRFLOW_CTX_DAG_ID=our_first_dag_v5
AIRFLOW_CTX_TASK_ID=first_task
AIRFLOW_CTX_EXECUTION_DATE=2021-12-03T00:00:00+00:00
AIRFLOW_CTX_TRY_NUMBER=1
AIRFLOW_CTX_DAG_RUN_ID=scheduled__2021-12-03T00:00:00+00:00
[2022-08-06 22:11:41,538] {subprocess.py:62} INFO - Tmp dir root location: 
 /tmp
[2022-08-06 22:11:41,538] {subprocess.py:74} INFO - Running command: ['bash', '-c', 'echo hello world, this is the first task!']
[2022-08-06 22:11:41,548] {subprocess.py:85} INFO - Output:
[2022-08-06 22:11:41,550] {subprocess.py:92} INFO - hello world, this is the first task!
[2022-08-06 22:11:41,550] {subprocess.py:96} INFO - Command exited with return code 0
[2022-08-06 22:11:41,574] {taskinstance.py:1420} INFO - Marking task as SUCCESS. dag_id=our_first_dag_v5, task_id=first_task, execution_date=20211203T000000, start_date=20220806T221141, end_date=20220806T221141
[2022-08-06 22:11:41,620] {local_task_job.py:156} INFO - Task exited with return code 0
[2022-08-06 22:11:41,654] {local_task_job.py:273} INFO - 2 downstream tasks scheduled from follow-on schedule check
[2022-08-06 22:19:19,964] {taskinstance.py:1179} INFO - Dependencies all met for <TaskInstance: our_first_dag_v5.first_task scheduled__2021-12-03T00:00:00+00:00 [queued]>
[2022-08-06 22:19:19,980] {taskinstance.py:1179} INFO - Dependencies all met for <TaskInstance: our_first_dag_v5.first_task scheduled__2021-12-03T00:00:00+00:00 [queued]>
[2022-08-06 22:19:19,981] {taskinstance.py:1376} INFO - 
--------------------------------------------------------------------------------
[2022-08-06 22:19:19,981] {taskinstance.py:1377} INFO - Starting attempt 1 of 6
[2022-08-06 22:19:19,981] {taskinstance.py:1378} INFO - 
--------------------------------------------------------------------------------
[2022-08-06 22:19:20,000] {taskinstance.py:1397} INFO - Executing <Task(BashOperator): first_task> on 2021-12-03 00:00:00+00:00
[2022-08-06 22:19:20,007] {standard_task_runner.py:52} INFO - Started process 1274 to run task
[2022-08-06 22:19:20,012] {standard_task_runner.py:79} INFO - Running: ['***', 'tasks', 'run', 'our_first_dag_v5', 'first_task', 'scheduled__2021-12-03T00:00:00+00:00', '--job-id', '375', '--raw', '--subdir', 'DAGS_FOLDER/pipeline.py', '--cfg-path', '/tmp/tmpm4h6n4hd', '--error-file', '/tmp/tmpyzvqrdvq']
[2022-08-06 22:19:20,013] {standard_task_runner.py:80} INFO - Job 375: Subtask first_task
[2022-08-06 22:19:20,098] {task_command.py:371} INFO - Running <TaskInstance: our_first_dag_v5.first_task scheduled__2021-12-03T00:00:00+00:00 [running]> on host ed53bde1c44a
[2022-08-06 22:19:20,216] {taskinstance.py:1591} INFO - Exporting the following env vars:
AIRFLOW_CTX_DAG_OWNER=coder2j
AIRFLOW_CTX_DAG_ID=our_first_dag_v5
AIRFLOW_CTX_TASK_ID=first_task
AIRFLOW_CTX_EXECUTION_DATE=2021-12-03T00:00:00+00:00
AIRFLOW_CTX_TRY_NUMBER=1
AIRFLOW_CTX_DAG_RUN_ID=scheduled__2021-12-03T00:00:00+00:00
[2022-08-06 22:19:20,218] {subprocess.py:62} INFO - Tmp dir root location: 
 /tmp
[2022-08-06 22:19:20,219] {subprocess.py:74} INFO - Running command: ['bash', '-c', 'echo hello world, this is the first task!']
[2022-08-06 22:19:20,240] {subprocess.py:85} INFO - Output:
[2022-08-06 22:19:20,243] {subprocess.py:92} INFO - hello world, this is the first task!
[2022-08-06 22:19:20,243] {subprocess.py:96} INFO - Command exited with return code 0
[2022-08-06 22:19:20,289] {taskinstance.py:1420} INFO - Marking task as SUCCESS. dag_id=our_first_dag_v5, task_id=first_task, execution_date=20211203T000000, start_date=20220806T221919, end_date=20220806T221920
[2022-08-06 22:19:20,344] {local_task_job.py:156} INFO - Task exited with return code 0
[2022-08-06 22:19:20,386] {local_task_job.py:273} INFO - 2 downstream tasks scheduled from follow-on schedule check
[2022-08-06 22:22:59,506] {taskinstance.py:1179} INFO - Dependencies all met for <TaskInstance: our_first_dag_v5.first_task scheduled__2021-12-03T00:00:00+00:00 [queued]>
[2022-08-06 22:22:59,526] {taskinstance.py:1179} INFO - Dependencies all met for <TaskInstance: our_first_dag_v5.first_task scheduled__2021-12-03T00:00:00+00:00 [queued]>
[2022-08-06 22:22:59,527] {taskinstance.py:1376} INFO - 
--------------------------------------------------------------------------------
[2022-08-06 22:22:59,527] {taskinstance.py:1377} INFO - Starting attempt 1 of 6
[2022-08-06 22:22:59,527] {taskinstance.py:1378} INFO - 
--------------------------------------------------------------------------------
[2022-08-06 22:22:59,553] {taskinstance.py:1397} INFO - Executing <Task(BashOperator): first_task> on 2021-12-03 00:00:00+00:00
[2022-08-06 22:22:59,565] {standard_task_runner.py:52} INFO - Started process 1303 to run task
[2022-08-06 22:22:59,569] {standard_task_runner.py:79} INFO - Running: ['***', 'tasks', 'run', 'our_first_dag_v5', 'first_task', 'scheduled__2021-12-03T00:00:00+00:00', '--job-id', '375', '--raw', '--subdir', 'DAGS_FOLDER/pipeline.py', '--cfg-path', '/tmp/tmps0pcigvp', '--error-file', '/tmp/tmplszigyxm']
[2022-08-06 22:22:59,570] {standard_task_runner.py:80} INFO - Job 375: Subtask first_task
[2022-08-06 22:22:59,676] {task_command.py:371} INFO - Running <TaskInstance: our_first_dag_v5.first_task scheduled__2021-12-03T00:00:00+00:00 [running]> on host b215076695c3
[2022-08-06 22:22:59,779] {taskinstance.py:1591} INFO - Exporting the following env vars:
AIRFLOW_CTX_DAG_OWNER=coder2j
AIRFLOW_CTX_DAG_ID=our_first_dag_v5
AIRFLOW_CTX_TASK_ID=first_task
AIRFLOW_CTX_EXECUTION_DATE=2021-12-03T00:00:00+00:00
AIRFLOW_CTX_TRY_NUMBER=1
AIRFLOW_CTX_DAG_RUN_ID=scheduled__2021-12-03T00:00:00+00:00
[2022-08-06 22:22:59,780] {subprocess.py:62} INFO - Tmp dir root location: 
 /tmp
[2022-08-06 22:22:59,780] {subprocess.py:74} INFO - Running command: ['bash', '-c', 'echo hello world, this is the first task!']
[2022-08-06 22:22:59,795] {subprocess.py:85} INFO - Output:
[2022-08-06 22:22:59,797] {subprocess.py:92} INFO - hello world, this is the first task!
[2022-08-06 22:22:59,797] {subprocess.py:96} INFO - Command exited with return code 0
[2022-08-06 22:22:59,875] {taskinstance.py:1420} INFO - Marking task as SUCCESS. dag_id=our_first_dag_v5, task_id=first_task, execution_date=20211203T000000, start_date=20220806T222259, end_date=20220806T222259
[2022-08-06 22:22:59,943] {local_task_job.py:156} INFO - Task exited with return code 0
[2022-08-06 22:23:00,024] {local_task_job.py:273} INFO - 2 downstream tasks scheduled from follow-on schedule check
