[2022-08-06 19:36:51,615] {taskinstance.py:1179} INFO - Dependencies all met for <TaskInstance: our_first_dag_v5.second_task scheduled__2021-10-20T00:00:00+00:00 [queued]>
[2022-08-06 19:36:51,629] {taskinstance.py:1179} INFO - Dependencies all met for <TaskInstance: our_first_dag_v5.second_task scheduled__2021-10-20T00:00:00+00:00 [queued]>
[2022-08-06 19:36:51,629] {taskinstance.py:1376} INFO - 
--------------------------------------------------------------------------------
[2022-08-06 19:36:51,629] {taskinstance.py:1377} INFO - Starting attempt 1 of 6
[2022-08-06 19:36:51,629] {taskinstance.py:1378} INFO - 
--------------------------------------------------------------------------------
[2022-08-06 19:36:51,646] {taskinstance.py:1397} INFO - Executing <Task(BashOperator): second_task> on 2021-10-20 00:00:00+00:00
[2022-08-06 19:36:51,653] {standard_task_runner.py:52} INFO - Started process 883 to run task
[2022-08-06 19:36:51,656] {standard_task_runner.py:79} INFO - Running: ['***', 'tasks', 'run', 'our_first_dag_v5', 'second_task', 'scheduled__2021-10-20T00:00:00+00:00', '--job-id', '253', '--raw', '--subdir', 'DAGS_FOLDER/pipeline.py', '--cfg-path', '/tmp/tmphwqr2dkl', '--error-file', '/tmp/tmpdjyc3ozn']
[2022-08-06 19:36:51,656] {standard_task_runner.py:80} INFO - Job 253: Subtask second_task
[2022-08-06 19:36:51,736] {task_command.py:371} INFO - Running <TaskInstance: our_first_dag_v5.second_task scheduled__2021-10-20T00:00:00+00:00 [running]> on host b29c168c1666
[2022-08-06 19:36:51,859] {taskinstance.py:1591} INFO - Exporting the following env vars:
AIRFLOW_CTX_DAG_OWNER=coder2j
AIRFLOW_CTX_DAG_ID=our_first_dag_v5
AIRFLOW_CTX_TASK_ID=second_task
AIRFLOW_CTX_EXECUTION_DATE=2021-10-20T00:00:00+00:00
AIRFLOW_CTX_TRY_NUMBER=1
AIRFLOW_CTX_DAG_RUN_ID=scheduled__2021-10-20T00:00:00+00:00
[2022-08-06 19:36:51,860] {subprocess.py:62} INFO - Tmp dir root location: 
 /tmp
[2022-08-06 19:36:51,860] {subprocess.py:74} INFO - Running command: ['bash', '-c', 'echo hey, I am task2 and will be running after task1!']
[2022-08-06 19:36:51,876] {subprocess.py:85} INFO - Output:
[2022-08-06 19:36:51,879] {subprocess.py:92} INFO - hey, I am task2 and will be running after task1!
[2022-08-06 19:36:51,879] {subprocess.py:96} INFO - Command exited with return code 0
[2022-08-06 19:36:51,917] {taskinstance.py:1420} INFO - Marking task as SUCCESS. dag_id=our_first_dag_v5, task_id=second_task, execution_date=20211020T000000, start_date=20220806T193651, end_date=20220806T193651
[2022-08-06 19:36:51,949] {local_task_job.py:156} INFO - Task exited with return code 0
[2022-08-06 19:36:52,000] {local_task_job.py:273} INFO - 0 downstream tasks scheduled from follow-on schedule check
[2022-08-06 21:50:44,271] {taskinstance.py:1179} INFO - Dependencies all met for <TaskInstance: our_first_dag_v5.second_task scheduled__2021-10-20T00:00:00+00:00 [queued]>
[2022-08-06 21:50:44,287] {taskinstance.py:1179} INFO - Dependencies all met for <TaskInstance: our_first_dag_v5.second_task scheduled__2021-10-20T00:00:00+00:00 [queued]>
[2022-08-06 21:50:44,288] {taskinstance.py:1376} INFO - 
--------------------------------------------------------------------------------
[2022-08-06 21:50:44,288] {taskinstance.py:1377} INFO - Starting attempt 1 of 6
[2022-08-06 21:50:44,288] {taskinstance.py:1378} INFO - 
--------------------------------------------------------------------------------
[2022-08-06 21:50:44,314] {taskinstance.py:1397} INFO - Executing <Task(BashOperator): second_task> on 2021-10-20 00:00:00+00:00
[2022-08-06 21:50:44,321] {standard_task_runner.py:52} INFO - Started process 1064 to run task
[2022-08-06 21:50:44,326] {standard_task_runner.py:79} INFO - Running: ['***', 'tasks', 'run', 'our_first_dag_v5', 'second_task', 'scheduled__2021-10-20T00:00:00+00:00', '--job-id', '251', '--raw', '--subdir', 'DAGS_FOLDER/pipeline.py', '--cfg-path', '/tmp/tmpw5cu_h4z', '--error-file', '/tmp/tmpcbau195o']
[2022-08-06 21:50:44,327] {standard_task_runner.py:80} INFO - Job 251: Subtask second_task
[2022-08-06 21:50:44,421] {task_command.py:371} INFO - Running <TaskInstance: our_first_dag_v5.second_task scheduled__2021-10-20T00:00:00+00:00 [running]> on host c3f731879890
[2022-08-06 21:50:44,532] {taskinstance.py:1591} INFO - Exporting the following env vars:
AIRFLOW_CTX_DAG_OWNER=coder2j
AIRFLOW_CTX_DAG_ID=our_first_dag_v5
AIRFLOW_CTX_TASK_ID=second_task
AIRFLOW_CTX_EXECUTION_DATE=2021-10-20T00:00:00+00:00
AIRFLOW_CTX_TRY_NUMBER=1
AIRFLOW_CTX_DAG_RUN_ID=scheduled__2021-10-20T00:00:00+00:00
[2022-08-06 21:50:44,533] {subprocess.py:62} INFO - Tmp dir root location: 
 /tmp
[2022-08-06 21:50:44,534] {subprocess.py:74} INFO - Running command: ['bash', '-c', 'echo hey, I am task2 and will be running after task1!']
[2022-08-06 21:50:44,548] {subprocess.py:85} INFO - Output:
[2022-08-06 21:50:44,550] {subprocess.py:92} INFO - hey, I am task2 and will be running after task1!
[2022-08-06 21:50:44,550] {subprocess.py:96} INFO - Command exited with return code 0
[2022-08-06 21:50:44,596] {taskinstance.py:1420} INFO - Marking task as SUCCESS. dag_id=our_first_dag_v5, task_id=second_task, execution_date=20211020T000000, start_date=20220806T215044, end_date=20220806T215044
[2022-08-06 21:50:44,657] {local_task_job.py:156} INFO - Task exited with return code 0
[2022-08-06 21:50:44,689] {local_task_job.py:273} INFO - 0 downstream tasks scheduled from follow-on schedule check
[2022-08-06 21:56:10,746] {taskinstance.py:1179} INFO - Dependencies all met for <TaskInstance: our_first_dag_v5.second_task scheduled__2021-10-20T00:00:00+00:00 [queued]>
[2022-08-06 21:56:10,757] {taskinstance.py:1179} INFO - Dependencies all met for <TaskInstance: our_first_dag_v5.second_task scheduled__2021-10-20T00:00:00+00:00 [queued]>
[2022-08-06 21:56:10,757] {taskinstance.py:1376} INFO - 
--------------------------------------------------------------------------------
[2022-08-06 21:56:10,757] {taskinstance.py:1377} INFO - Starting attempt 1 of 6
[2022-08-06 21:56:10,757] {taskinstance.py:1378} INFO - 
--------------------------------------------------------------------------------
[2022-08-06 21:56:10,770] {taskinstance.py:1397} INFO - Executing <Task(BashOperator): second_task> on 2021-10-20 00:00:00+00:00
[2022-08-06 21:56:10,776] {standard_task_runner.py:52} INFO - Started process 862 to run task
[2022-08-06 21:56:10,778] {standard_task_runner.py:79} INFO - Running: ['***', 'tasks', 'run', 'our_first_dag_v5', 'second_task', 'scheduled__2021-10-20T00:00:00+00:00', '--job-id', '251', '--raw', '--subdir', 'DAGS_FOLDER/pipeline.py', '--cfg-path', '/tmp/tmpe68kh5xp', '--error-file', '/tmp/tmpejrxlsmk']
[2022-08-06 21:56:10,778] {standard_task_runner.py:80} INFO - Job 251: Subtask second_task
[2022-08-06 21:56:10,830] {task_command.py:371} INFO - Running <TaskInstance: our_first_dag_v5.second_task scheduled__2021-10-20T00:00:00+00:00 [running]> on host bc7e154a4fdd
[2022-08-06 21:56:10,892] {taskinstance.py:1591} INFO - Exporting the following env vars:
AIRFLOW_CTX_DAG_OWNER=coder2j
AIRFLOW_CTX_DAG_ID=our_first_dag_v5
AIRFLOW_CTX_TASK_ID=second_task
AIRFLOW_CTX_EXECUTION_DATE=2021-10-20T00:00:00+00:00
AIRFLOW_CTX_TRY_NUMBER=1
AIRFLOW_CTX_DAG_RUN_ID=scheduled__2021-10-20T00:00:00+00:00
[2022-08-06 21:56:10,892] {subprocess.py:62} INFO - Tmp dir root location: 
 /tmp
[2022-08-06 21:56:10,892] {subprocess.py:74} INFO - Running command: ['bash', '-c', 'echo hey, I am task2 and will be running after task1!']
[2022-08-06 21:56:10,903] {subprocess.py:85} INFO - Output:
[2022-08-06 21:56:10,904] {subprocess.py:92} INFO - hey, I am task2 and will be running after task1!
[2022-08-06 21:56:10,904] {subprocess.py:96} INFO - Command exited with return code 0
[2022-08-06 21:56:10,930] {taskinstance.py:1420} INFO - Marking task as SUCCESS. dag_id=our_first_dag_v5, task_id=second_task, execution_date=20211020T000000, start_date=20220806T215610, end_date=20220806T215610
[2022-08-06 21:56:10,949] {local_task_job.py:156} INFO - Task exited with return code 0
[2022-08-06 21:56:10,977] {local_task_job.py:273} INFO - 0 downstream tasks scheduled from follow-on schedule check
[2022-08-06 22:11:13,333] {taskinstance.py:1179} INFO - Dependencies all met for <TaskInstance: our_first_dag_v5.second_task scheduled__2021-10-20T00:00:00+00:00 [queued]>
[2022-08-06 22:11:13,351] {taskinstance.py:1179} INFO - Dependencies all met for <TaskInstance: our_first_dag_v5.second_task scheduled__2021-10-20T00:00:00+00:00 [queued]>
[2022-08-06 22:11:13,352] {taskinstance.py:1376} INFO - 
--------------------------------------------------------------------------------
[2022-08-06 22:11:13,352] {taskinstance.py:1377} INFO - Starting attempt 1 of 6
[2022-08-06 22:11:13,352] {taskinstance.py:1378} INFO - 
--------------------------------------------------------------------------------
[2022-08-06 22:11:13,372] {taskinstance.py:1397} INFO - Executing <Task(BashOperator): second_task> on 2021-10-20 00:00:00+00:00
[2022-08-06 22:11:13,380] {standard_task_runner.py:52} INFO - Started process 881 to run task
[2022-08-06 22:11:13,384] {standard_task_runner.py:79} INFO - Running: ['***', 'tasks', 'run', 'our_first_dag_v5', 'second_task', 'scheduled__2021-10-20T00:00:00+00:00', '--job-id', '256', '--raw', '--subdir', 'DAGS_FOLDER/pipeline.py', '--cfg-path', '/tmp/tmptnm7skwg', '--error-file', '/tmp/tmpwjtwdf0x']
[2022-08-06 22:11:13,384] {standard_task_runner.py:80} INFO - Job 256: Subtask second_task
[2022-08-06 22:11:13,462] {task_command.py:371} INFO - Running <TaskInstance: our_first_dag_v5.second_task scheduled__2021-10-20T00:00:00+00:00 [running]> on host 1250c3b659cd
[2022-08-06 22:11:13,558] {taskinstance.py:1591} INFO - Exporting the following env vars:
AIRFLOW_CTX_DAG_OWNER=coder2j
AIRFLOW_CTX_DAG_ID=our_first_dag_v5
AIRFLOW_CTX_TASK_ID=second_task
AIRFLOW_CTX_EXECUTION_DATE=2021-10-20T00:00:00+00:00
AIRFLOW_CTX_TRY_NUMBER=1
AIRFLOW_CTX_DAG_RUN_ID=scheduled__2021-10-20T00:00:00+00:00
[2022-08-06 22:11:13,559] {subprocess.py:62} INFO - Tmp dir root location: 
 /tmp
[2022-08-06 22:11:13,559] {subprocess.py:74} INFO - Running command: ['bash', '-c', 'echo hey, I am task2 and will be running after task1!']
[2022-08-06 22:11:13,574] {subprocess.py:85} INFO - Output:
[2022-08-06 22:11:13,576] {subprocess.py:92} INFO - hey, I am task2 and will be running after task1!
[2022-08-06 22:11:13,576] {subprocess.py:96} INFO - Command exited with return code 0
[2022-08-06 22:11:13,611] {taskinstance.py:1420} INFO - Marking task as SUCCESS. dag_id=our_first_dag_v5, task_id=second_task, execution_date=20211020T000000, start_date=20220806T221113, end_date=20220806T221113
[2022-08-06 22:11:13,675] {local_task_job.py:156} INFO - Task exited with return code 0
[2022-08-06 22:11:13,714] {local_task_job.py:273} INFO - 0 downstream tasks scheduled from follow-on schedule check
[2022-08-06 22:18:58,095] {taskinstance.py:1179} INFO - Dependencies all met for <TaskInstance: our_first_dag_v5.second_task scheduled__2021-10-20T00:00:00+00:00 [queued]>
[2022-08-06 22:18:58,112] {taskinstance.py:1179} INFO - Dependencies all met for <TaskInstance: our_first_dag_v5.second_task scheduled__2021-10-20T00:00:00+00:00 [queued]>
[2022-08-06 22:18:58,112] {taskinstance.py:1376} INFO - 
--------------------------------------------------------------------------------
[2022-08-06 22:18:58,112] {taskinstance.py:1377} INFO - Starting attempt 1 of 6
[2022-08-06 22:18:58,112] {taskinstance.py:1378} INFO - 
--------------------------------------------------------------------------------
[2022-08-06 22:18:58,129] {taskinstance.py:1397} INFO - Executing <Task(BashOperator): second_task> on 2021-10-20 00:00:00+00:00
[2022-08-06 22:18:58,136] {standard_task_runner.py:52} INFO - Started process 885 to run task
[2022-08-06 22:18:58,140] {standard_task_runner.py:79} INFO - Running: ['***', 'tasks', 'run', 'our_first_dag_v5', 'second_task', 'scheduled__2021-10-20T00:00:00+00:00', '--job-id', '254', '--raw', '--subdir', 'DAGS_FOLDER/pipeline.py', '--cfg-path', '/tmp/tmpidzd8po6', '--error-file', '/tmp/tmpx8seylib']
[2022-08-06 22:18:58,140] {standard_task_runner.py:80} INFO - Job 254: Subtask second_task
[2022-08-06 22:18:58,227] {task_command.py:371} INFO - Running <TaskInstance: our_first_dag_v5.second_task scheduled__2021-10-20T00:00:00+00:00 [running]> on host ed53bde1c44a
[2022-08-06 22:18:58,324] {taskinstance.py:1591} INFO - Exporting the following env vars:
AIRFLOW_CTX_DAG_OWNER=coder2j
AIRFLOW_CTX_DAG_ID=our_first_dag_v5
AIRFLOW_CTX_TASK_ID=second_task
AIRFLOW_CTX_EXECUTION_DATE=2021-10-20T00:00:00+00:00
AIRFLOW_CTX_TRY_NUMBER=1
AIRFLOW_CTX_DAG_RUN_ID=scheduled__2021-10-20T00:00:00+00:00
[2022-08-06 22:18:58,325] {subprocess.py:62} INFO - Tmp dir root location: 
 /tmp
[2022-08-06 22:18:58,325] {subprocess.py:74} INFO - Running command: ['bash', '-c', 'echo hey, I am task2 and will be running after task1!']
[2022-08-06 22:18:58,343] {subprocess.py:85} INFO - Output:
[2022-08-06 22:18:58,345] {subprocess.py:92} INFO - hey, I am task2 and will be running after task1!
[2022-08-06 22:18:58,345] {subprocess.py:96} INFO - Command exited with return code 0
[2022-08-06 22:18:58,396] {taskinstance.py:1420} INFO - Marking task as SUCCESS. dag_id=our_first_dag_v5, task_id=second_task, execution_date=20211020T000000, start_date=20220806T221858, end_date=20220806T221858
[2022-08-06 22:18:58,434] {local_task_job.py:156} INFO - Task exited with return code 0
[2022-08-06 22:18:58,482] {local_task_job.py:273} INFO - 0 downstream tasks scheduled from follow-on schedule check
[2022-08-06 22:22:36,293] {taskinstance.py:1179} INFO - Dependencies all met for <TaskInstance: our_first_dag_v5.second_task scheduled__2021-10-20T00:00:00+00:00 [queued]>
[2022-08-06 22:22:36,306] {taskinstance.py:1179} INFO - Dependencies all met for <TaskInstance: our_first_dag_v5.second_task scheduled__2021-10-20T00:00:00+00:00 [queued]>
[2022-08-06 22:22:36,306] {taskinstance.py:1376} INFO - 
--------------------------------------------------------------------------------
[2022-08-06 22:22:36,306] {taskinstance.py:1377} INFO - Starting attempt 1 of 6
[2022-08-06 22:22:36,306] {taskinstance.py:1378} INFO - 
--------------------------------------------------------------------------------
[2022-08-06 22:22:36,323] {taskinstance.py:1397} INFO - Executing <Task(BashOperator): second_task> on 2021-10-20 00:00:00+00:00
[2022-08-06 22:22:36,330] {standard_task_runner.py:52} INFO - Started process 925 to run task
[2022-08-06 22:22:36,333] {standard_task_runner.py:79} INFO - Running: ['***', 'tasks', 'run', 'our_first_dag_v5', 'second_task', 'scheduled__2021-10-20T00:00:00+00:00', '--job-id', '253', '--raw', '--subdir', 'DAGS_FOLDER/pipeline.py', '--cfg-path', '/tmp/tmpe5icss5b', '--error-file', '/tmp/tmpm1swwfvs']
[2022-08-06 22:22:36,334] {standard_task_runner.py:80} INFO - Job 253: Subtask second_task
[2022-08-06 22:22:36,419] {task_command.py:371} INFO - Running <TaskInstance: our_first_dag_v5.second_task scheduled__2021-10-20T00:00:00+00:00 [running]> on host b215076695c3
[2022-08-06 22:22:36,524] {taskinstance.py:1591} INFO - Exporting the following env vars:
AIRFLOW_CTX_DAG_OWNER=coder2j
AIRFLOW_CTX_DAG_ID=our_first_dag_v5
AIRFLOW_CTX_TASK_ID=second_task
AIRFLOW_CTX_EXECUTION_DATE=2021-10-20T00:00:00+00:00
AIRFLOW_CTX_TRY_NUMBER=1
AIRFLOW_CTX_DAG_RUN_ID=scheduled__2021-10-20T00:00:00+00:00
[2022-08-06 22:22:36,525] {subprocess.py:62} INFO - Tmp dir root location: 
 /tmp
[2022-08-06 22:22:36,525] {subprocess.py:74} INFO - Running command: ['bash', '-c', 'echo hey, I am task2 and will be running after task1!']
[2022-08-06 22:22:36,540] {subprocess.py:85} INFO - Output:
[2022-08-06 22:22:36,542] {subprocess.py:92} INFO - hey, I am task2 and will be running after task1!
[2022-08-06 22:22:36,542] {subprocess.py:96} INFO - Command exited with return code 0
[2022-08-06 22:22:36,586] {taskinstance.py:1420} INFO - Marking task as SUCCESS. dag_id=our_first_dag_v5, task_id=second_task, execution_date=20211020T000000, start_date=20220806T222236, end_date=20220806T222236
[2022-08-06 22:22:36,624] {local_task_job.py:156} INFO - Task exited with return code 0
[2022-08-06 22:22:36,675] {local_task_job.py:273} INFO - 0 downstream tasks scheduled from follow-on schedule check
