[2022-08-06 19:37:32,601] {taskinstance.py:1179} INFO - Dependencies all met for <TaskInstance: our_first_dag_v5.second_task scheduled__2021-12-25T00:00:00+00:00 [queued]>
[2022-08-06 19:37:32,616] {taskinstance.py:1179} INFO - Dependencies all met for <TaskInstance: our_first_dag_v5.second_task scheduled__2021-12-25T00:00:00+00:00 [queued]>
[2022-08-06 19:37:32,616] {taskinstance.py:1376} INFO - 
--------------------------------------------------------------------------------
[2022-08-06 19:37:32,616] {taskinstance.py:1377} INFO - Starting attempt 1 of 6
[2022-08-06 19:37:32,617] {taskinstance.py:1378} INFO - 
--------------------------------------------------------------------------------
[2022-08-06 19:37:32,634] {taskinstance.py:1397} INFO - Executing <Task(BashOperator): second_task> on 2021-12-25 00:00:00+00:00
[2022-08-06 19:37:32,640] {standard_task_runner.py:52} INFO - Started process 1504 to run task
[2022-08-06 19:37:32,643] {standard_task_runner.py:79} INFO - Running: ['***', 'tasks', 'run', 'our_first_dag_v5', 'second_task', 'scheduled__2021-12-25T00:00:00+00:00', '--job-id', '449', '--raw', '--subdir', 'DAGS_FOLDER/pipeline.py', '--cfg-path', '/tmp/tmpxl3634ha', '--error-file', '/tmp/tmpvmxsr404']
[2022-08-06 19:37:32,643] {standard_task_runner.py:80} INFO - Job 449: Subtask second_task
[2022-08-06 19:37:32,711] {task_command.py:371} INFO - Running <TaskInstance: our_first_dag_v5.second_task scheduled__2021-12-25T00:00:00+00:00 [running]> on host b29c168c1666
[2022-08-06 19:37:32,799] {taskinstance.py:1591} INFO - Exporting the following env vars:
AIRFLOW_CTX_DAG_OWNER=coder2j
AIRFLOW_CTX_DAG_ID=our_first_dag_v5
AIRFLOW_CTX_TASK_ID=second_task
AIRFLOW_CTX_EXECUTION_DATE=2021-12-25T00:00:00+00:00
AIRFLOW_CTX_TRY_NUMBER=1
AIRFLOW_CTX_DAG_RUN_ID=scheduled__2021-12-25T00:00:00+00:00
[2022-08-06 19:37:32,800] {subprocess.py:62} INFO - Tmp dir root location: 
 /tmp
[2022-08-06 19:37:32,801] {subprocess.py:74} INFO - Running command: ['bash', '-c', 'echo hey, I am task2 and will be running after task1!']
[2022-08-06 19:37:32,813] {subprocess.py:85} INFO - Output:
[2022-08-06 19:37:32,815] {subprocess.py:92} INFO - hey, I am task2 and will be running after task1!
[2022-08-06 19:37:32,815] {subprocess.py:96} INFO - Command exited with return code 0
[2022-08-06 19:37:32,850] {taskinstance.py:1420} INFO - Marking task as SUCCESS. dag_id=our_first_dag_v5, task_id=second_task, execution_date=20211225T000000, start_date=20220806T193732, end_date=20220806T193732
[2022-08-06 19:37:32,894] {local_task_job.py:156} INFO - Task exited with return code 0
[2022-08-06 19:37:32,931] {local_task_job.py:273} INFO - 0 downstream tasks scheduled from follow-on schedule check
[2022-08-06 21:51:25,719] {taskinstance.py:1179} INFO - Dependencies all met for <TaskInstance: our_first_dag_v5.second_task scheduled__2021-12-25T00:00:00+00:00 [queued]>
[2022-08-06 21:51:25,734] {taskinstance.py:1179} INFO - Dependencies all met for <TaskInstance: our_first_dag_v5.second_task scheduled__2021-12-25T00:00:00+00:00 [queued]>
[2022-08-06 21:51:25,735] {taskinstance.py:1376} INFO - 
--------------------------------------------------------------------------------
[2022-08-06 21:51:25,735] {taskinstance.py:1377} INFO - Starting attempt 1 of 6
[2022-08-06 21:51:25,735] {taskinstance.py:1378} INFO - 
--------------------------------------------------------------------------------
[2022-08-06 21:51:25,754] {taskinstance.py:1397} INFO - Executing <Task(BashOperator): second_task> on 2021-12-25 00:00:00+00:00
[2022-08-06 21:51:25,762] {standard_task_runner.py:52} INFO - Started process 1684 to run task
[2022-08-06 21:51:25,765] {standard_task_runner.py:79} INFO - Running: ['***', 'tasks', 'run', 'our_first_dag_v5', 'second_task', 'scheduled__2021-12-25T00:00:00+00:00', '--job-id', '449', '--raw', '--subdir', 'DAGS_FOLDER/pipeline.py', '--cfg-path', '/tmp/tmpfc061fwa', '--error-file', '/tmp/tmpsmc5fsts']
[2022-08-06 21:51:25,765] {standard_task_runner.py:80} INFO - Job 449: Subtask second_task
[2022-08-06 21:51:25,849] {task_command.py:371} INFO - Running <TaskInstance: our_first_dag_v5.second_task scheduled__2021-12-25T00:00:00+00:00 [running]> on host c3f731879890
[2022-08-06 21:51:25,952] {taskinstance.py:1591} INFO - Exporting the following env vars:
AIRFLOW_CTX_DAG_OWNER=coder2j
AIRFLOW_CTX_DAG_ID=our_first_dag_v5
AIRFLOW_CTX_TASK_ID=second_task
AIRFLOW_CTX_EXECUTION_DATE=2021-12-25T00:00:00+00:00
AIRFLOW_CTX_TRY_NUMBER=1
AIRFLOW_CTX_DAG_RUN_ID=scheduled__2021-12-25T00:00:00+00:00
[2022-08-06 21:51:25,953] {subprocess.py:62} INFO - Tmp dir root location: 
 /tmp
[2022-08-06 21:51:25,953] {subprocess.py:74} INFO - Running command: ['bash', '-c', 'echo hey, I am task2 and will be running after task1!']
[2022-08-06 21:51:25,969] {subprocess.py:85} INFO - Output:
[2022-08-06 21:51:25,971] {subprocess.py:92} INFO - hey, I am task2 and will be running after task1!
[2022-08-06 21:51:25,971] {subprocess.py:96} INFO - Command exited with return code 0
[2022-08-06 21:51:26,061] {taskinstance.py:1420} INFO - Marking task as SUCCESS. dag_id=our_first_dag_v5, task_id=second_task, execution_date=20211225T000000, start_date=20220806T215125, end_date=20220806T215126
[2022-08-06 21:51:26,097] {local_task_job.py:156} INFO - Task exited with return code 0
[2022-08-06 21:51:26,137] {local_task_job.py:273} INFO - 0 downstream tasks scheduled from follow-on schedule check
[2022-08-06 21:56:51,542] {taskinstance.py:1179} INFO - Dependencies all met for <TaskInstance: our_first_dag_v5.second_task scheduled__2021-12-25T00:00:00+00:00 [queued]>
[2022-08-06 21:56:51,556] {taskinstance.py:1179} INFO - Dependencies all met for <TaskInstance: our_first_dag_v5.second_task scheduled__2021-12-25T00:00:00+00:00 [queued]>
[2022-08-06 21:56:51,556] {taskinstance.py:1376} INFO - 
--------------------------------------------------------------------------------
[2022-08-06 21:56:51,556] {taskinstance.py:1377} INFO - Starting attempt 1 of 6
[2022-08-06 21:56:51,556] {taskinstance.py:1378} INFO - 
--------------------------------------------------------------------------------
[2022-08-06 21:56:51,575] {taskinstance.py:1397} INFO - Executing <Task(BashOperator): second_task> on 2021-12-25 00:00:00+00:00
[2022-08-06 21:56:51,581] {standard_task_runner.py:52} INFO - Started process 1489 to run task
[2022-08-06 21:56:51,584] {standard_task_runner.py:79} INFO - Running: ['***', 'tasks', 'run', 'our_first_dag_v5', 'second_task', 'scheduled__2021-12-25T00:00:00+00:00', '--job-id', '450', '--raw', '--subdir', 'DAGS_FOLDER/pipeline.py', '--cfg-path', '/tmp/tmpjypjzn4o', '--error-file', '/tmp/tmp5avsm7hb']
[2022-08-06 21:56:51,584] {standard_task_runner.py:80} INFO - Job 450: Subtask second_task
[2022-08-06 21:56:51,676] {task_command.py:371} INFO - Running <TaskInstance: our_first_dag_v5.second_task scheduled__2021-12-25T00:00:00+00:00 [running]> on host bc7e154a4fdd
[2022-08-06 21:56:51,769] {taskinstance.py:1591} INFO - Exporting the following env vars:
AIRFLOW_CTX_DAG_OWNER=coder2j
AIRFLOW_CTX_DAG_ID=our_first_dag_v5
AIRFLOW_CTX_TASK_ID=second_task
AIRFLOW_CTX_EXECUTION_DATE=2021-12-25T00:00:00+00:00
AIRFLOW_CTX_TRY_NUMBER=1
AIRFLOW_CTX_DAG_RUN_ID=scheduled__2021-12-25T00:00:00+00:00
[2022-08-06 21:56:51,770] {subprocess.py:62} INFO - Tmp dir root location: 
 /tmp
[2022-08-06 21:56:51,771] {subprocess.py:74} INFO - Running command: ['bash', '-c', 'echo hey, I am task2 and will be running after task1!']
[2022-08-06 21:56:51,782] {subprocess.py:85} INFO - Output:
[2022-08-06 21:56:51,783] {subprocess.py:92} INFO - hey, I am task2 and will be running after task1!
[2022-08-06 21:56:51,784] {subprocess.py:96} INFO - Command exited with return code 0
[2022-08-06 21:56:51,817] {taskinstance.py:1420} INFO - Marking task as SUCCESS. dag_id=our_first_dag_v5, task_id=second_task, execution_date=20211225T000000, start_date=20220806T215651, end_date=20220806T215651
[2022-08-06 21:56:51,878] {local_task_job.py:156} INFO - Task exited with return code 0
[2022-08-06 21:56:51,926] {local_task_job.py:273} INFO - 0 downstream tasks scheduled from follow-on schedule check
[2022-08-06 22:11:52,945] {taskinstance.py:1179} INFO - Dependencies all met for <TaskInstance: our_first_dag_v5.second_task scheduled__2021-12-25T00:00:00+00:00 [queued]>
[2022-08-06 22:11:52,955] {taskinstance.py:1179} INFO - Dependencies all met for <TaskInstance: our_first_dag_v5.second_task scheduled__2021-12-25T00:00:00+00:00 [queued]>
[2022-08-06 22:11:52,955] {taskinstance.py:1376} INFO - 
--------------------------------------------------------------------------------
[2022-08-06 22:11:52,955] {taskinstance.py:1377} INFO - Starting attempt 1 of 6
[2022-08-06 22:11:52,956] {taskinstance.py:1378} INFO - 
--------------------------------------------------------------------------------
[2022-08-06 22:11:52,972] {taskinstance.py:1397} INFO - Executing <Task(BashOperator): second_task> on 2021-12-25 00:00:00+00:00
[2022-08-06 22:11:52,978] {standard_task_runner.py:52} INFO - Started process 1489 to run task
[2022-08-06 22:11:52,980] {standard_task_runner.py:79} INFO - Running: ['***', 'tasks', 'run', 'our_first_dag_v5', 'second_task', 'scheduled__2021-12-25T00:00:00+00:00', '--job-id', '448', '--raw', '--subdir', 'DAGS_FOLDER/pipeline.py', '--cfg-path', '/tmp/tmp6rwo4_e6', '--error-file', '/tmp/tmpiqoo4_2w']
[2022-08-06 22:11:52,980] {standard_task_runner.py:80} INFO - Job 448: Subtask second_task
[2022-08-06 22:11:53,056] {task_command.py:371} INFO - Running <TaskInstance: our_first_dag_v5.second_task scheduled__2021-12-25T00:00:00+00:00 [running]> on host 1250c3b659cd
[2022-08-06 22:11:53,124] {taskinstance.py:1591} INFO - Exporting the following env vars:
AIRFLOW_CTX_DAG_OWNER=coder2j
AIRFLOW_CTX_DAG_ID=our_first_dag_v5
AIRFLOW_CTX_TASK_ID=second_task
AIRFLOW_CTX_EXECUTION_DATE=2021-12-25T00:00:00+00:00
AIRFLOW_CTX_TRY_NUMBER=1
AIRFLOW_CTX_DAG_RUN_ID=scheduled__2021-12-25T00:00:00+00:00
[2022-08-06 22:11:53,125] {subprocess.py:62} INFO - Tmp dir root location: 
 /tmp
[2022-08-06 22:11:53,125] {subprocess.py:74} INFO - Running command: ['bash', '-c', 'echo hey, I am task2 and will be running after task1!']
[2022-08-06 22:11:53,138] {subprocess.py:85} INFO - Output:
[2022-08-06 22:11:53,140] {subprocess.py:92} INFO - hey, I am task2 and will be running after task1!
[2022-08-06 22:11:53,141] {subprocess.py:96} INFO - Command exited with return code 0
[2022-08-06 22:11:53,168] {taskinstance.py:1420} INFO - Marking task as SUCCESS. dag_id=our_first_dag_v5, task_id=second_task, execution_date=20211225T000000, start_date=20220806T221152, end_date=20220806T221153
[2022-08-06 22:11:53,192] {local_task_job.py:156} INFO - Task exited with return code 0
[2022-08-06 22:11:53,224] {local_task_job.py:273} INFO - 0 downstream tasks scheduled from follow-on schedule check
[2022-08-06 22:23:16,448] {taskinstance.py:1179} INFO - Dependencies all met for <TaskInstance: our_first_dag_v5.second_task scheduled__2021-12-25T00:00:00+00:00 [queued]>
[2022-08-06 22:23:16,463] {taskinstance.py:1179} INFO - Dependencies all met for <TaskInstance: our_first_dag_v5.second_task scheduled__2021-12-25T00:00:00+00:00 [queued]>
[2022-08-06 22:23:16,464] {taskinstance.py:1376} INFO - 
--------------------------------------------------------------------------------
[2022-08-06 22:23:16,464] {taskinstance.py:1377} INFO - Starting attempt 1 of 6
[2022-08-06 22:23:16,464] {taskinstance.py:1378} INFO - 
--------------------------------------------------------------------------------
[2022-08-06 22:23:16,481] {taskinstance.py:1397} INFO - Executing <Task(BashOperator): second_task> on 2021-12-25 00:00:00+00:00
[2022-08-06 22:23:16,487] {standard_task_runner.py:52} INFO - Started process 1555 to run task
[2022-08-06 22:23:16,490] {standard_task_runner.py:79} INFO - Running: ['***', 'tasks', 'run', 'our_first_dag_v5', 'second_task', 'scheduled__2021-12-25T00:00:00+00:00', '--job-id', '454', '--raw', '--subdir', 'DAGS_FOLDER/pipeline.py', '--cfg-path', '/tmp/tmpha2nr7mi', '--error-file', '/tmp/tmpk_cb25nl']
[2022-08-06 22:23:16,490] {standard_task_runner.py:80} INFO - Job 454: Subtask second_task
[2022-08-06 22:23:16,584] {task_command.py:371} INFO - Running <TaskInstance: our_first_dag_v5.second_task scheduled__2021-12-25T00:00:00+00:00 [running]> on host b215076695c3
[2022-08-06 22:23:16,696] {taskinstance.py:1591} INFO - Exporting the following env vars:
AIRFLOW_CTX_DAG_OWNER=coder2j
AIRFLOW_CTX_DAG_ID=our_first_dag_v5
AIRFLOW_CTX_TASK_ID=second_task
AIRFLOW_CTX_EXECUTION_DATE=2021-12-25T00:00:00+00:00
AIRFLOW_CTX_TRY_NUMBER=1
AIRFLOW_CTX_DAG_RUN_ID=scheduled__2021-12-25T00:00:00+00:00
[2022-08-06 22:23:16,697] {subprocess.py:62} INFO - Tmp dir root location: 
 /tmp
[2022-08-06 22:23:16,698] {subprocess.py:74} INFO - Running command: ['bash', '-c', 'echo hey, I am task2 and will be running after task1!']
[2022-08-06 22:23:16,715] {subprocess.py:85} INFO - Output:
[2022-08-06 22:23:16,717] {subprocess.py:92} INFO - hey, I am task2 and will be running after task1!
[2022-08-06 22:23:16,717] {subprocess.py:96} INFO - Command exited with return code 0
[2022-08-06 22:23:16,854] {taskinstance.py:1420} INFO - Marking task as SUCCESS. dag_id=our_first_dag_v5, task_id=second_task, execution_date=20211225T000000, start_date=20220806T222316, end_date=20220806T222316
[2022-08-06 22:23:16,911] {local_task_job.py:156} INFO - Task exited with return code 0
[2022-08-06 22:23:16,960] {local_task_job.py:273} INFO - 0 downstream tasks scheduled from follow-on schedule check
