[2022-08-06 19:37:02,478] {taskinstance.py:1179} INFO - Dependencies all met for <TaskInstance: our_first_dag_v5.second_task scheduled__2021-11-04T00:00:00+00:00 [queued]>
[2022-08-06 19:37:02,494] {taskinstance.py:1179} INFO - Dependencies all met for <TaskInstance: our_first_dag_v5.second_task scheduled__2021-11-04T00:00:00+00:00 [queued]>
[2022-08-06 19:37:02,495] {taskinstance.py:1376} INFO - 
--------------------------------------------------------------------------------
[2022-08-06 19:37:02,495] {taskinstance.py:1377} INFO - Starting attempt 1 of 6
[2022-08-06 19:37:02,495] {taskinstance.py:1378} INFO - 
--------------------------------------------------------------------------------
[2022-08-06 19:37:02,525] {taskinstance.py:1397} INFO - Executing <Task(BashOperator): second_task> on 2021-11-04 00:00:00+00:00
[2022-08-06 19:37:02,533] {standard_task_runner.py:52} INFO - Started process 1037 to run task
[2022-08-06 19:37:02,538] {standard_task_runner.py:79} INFO - Running: ['***', 'tasks', 'run', 'our_first_dag_v5', 'second_task', 'scheduled__2021-11-04T00:00:00+00:00', '--job-id', '300', '--raw', '--subdir', 'DAGS_FOLDER/pipeline.py', '--cfg-path', '/tmp/tmpakcvilvx', '--error-file', '/tmp/tmp4bqp_euf']
[2022-08-06 19:37:02,538] {standard_task_runner.py:80} INFO - Job 300: Subtask second_task
[2022-08-06 19:37:02,642] {task_command.py:371} INFO - Running <TaskInstance: our_first_dag_v5.second_task scheduled__2021-11-04T00:00:00+00:00 [running]> on host b29c168c1666
[2022-08-06 19:37:02,758] {taskinstance.py:1591} INFO - Exporting the following env vars:
AIRFLOW_CTX_DAG_OWNER=coder2j
AIRFLOW_CTX_DAG_ID=our_first_dag_v5
AIRFLOW_CTX_TASK_ID=second_task
AIRFLOW_CTX_EXECUTION_DATE=2021-11-04T00:00:00+00:00
AIRFLOW_CTX_TRY_NUMBER=1
AIRFLOW_CTX_DAG_RUN_ID=scheduled__2021-11-04T00:00:00+00:00
[2022-08-06 19:37:02,759] {subprocess.py:62} INFO - Tmp dir root location: 
 /tmp
[2022-08-06 19:37:02,760] {subprocess.py:74} INFO - Running command: ['bash', '-c', 'echo hey, I am task2 and will be running after task1!']
[2022-08-06 19:37:02,774] {subprocess.py:85} INFO - Output:
[2022-08-06 19:37:02,776] {subprocess.py:92} INFO - hey, I am task2 and will be running after task1!
[2022-08-06 19:37:02,776] {subprocess.py:96} INFO - Command exited with return code 0
[2022-08-06 19:37:02,829] {taskinstance.py:1420} INFO - Marking task as SUCCESS. dag_id=our_first_dag_v5, task_id=second_task, execution_date=20211104T000000, start_date=20220806T193702, end_date=20220806T193702
[2022-08-06 19:37:02,869] {local_task_job.py:156} INFO - Task exited with return code 0
[2022-08-06 19:37:02,928] {local_task_job.py:273} INFO - 0 downstream tasks scheduled from follow-on schedule check
[2022-08-06 21:50:53,697] {taskinstance.py:1179} INFO - Dependencies all met for <TaskInstance: our_first_dag_v5.second_task scheduled__2021-11-04T00:00:00+00:00 [queued]>
[2022-08-06 21:50:53,716] {taskinstance.py:1179} INFO - Dependencies all met for <TaskInstance: our_first_dag_v5.second_task scheduled__2021-11-04T00:00:00+00:00 [queued]>
[2022-08-06 21:50:53,716] {taskinstance.py:1376} INFO - 
--------------------------------------------------------------------------------
[2022-08-06 21:50:53,716] {taskinstance.py:1377} INFO - Starting attempt 1 of 6
[2022-08-06 21:50:53,716] {taskinstance.py:1378} INFO - 
--------------------------------------------------------------------------------
[2022-08-06 21:50:53,735] {taskinstance.py:1397} INFO - Executing <Task(BashOperator): second_task> on 2021-11-04 00:00:00+00:00
[2022-08-06 21:50:53,744] {standard_task_runner.py:52} INFO - Started process 1212 to run task
[2022-08-06 21:50:53,747] {standard_task_runner.py:79} INFO - Running: ['***', 'tasks', 'run', 'our_first_dag_v5', 'second_task', 'scheduled__2021-11-04T00:00:00+00:00', '--job-id', '298', '--raw', '--subdir', 'DAGS_FOLDER/pipeline.py', '--cfg-path', '/tmp/tmp38lsa3kt', '--error-file', '/tmp/tmp2r995pg0']
[2022-08-06 21:50:53,747] {standard_task_runner.py:80} INFO - Job 298: Subtask second_task
[2022-08-06 21:50:53,825] {task_command.py:371} INFO - Running <TaskInstance: our_first_dag_v5.second_task scheduled__2021-11-04T00:00:00+00:00 [running]> on host c3f731879890
[2022-08-06 21:50:53,926] {taskinstance.py:1591} INFO - Exporting the following env vars:
AIRFLOW_CTX_DAG_OWNER=coder2j
AIRFLOW_CTX_DAG_ID=our_first_dag_v5
AIRFLOW_CTX_TASK_ID=second_task
AIRFLOW_CTX_EXECUTION_DATE=2021-11-04T00:00:00+00:00
AIRFLOW_CTX_TRY_NUMBER=1
AIRFLOW_CTX_DAG_RUN_ID=scheduled__2021-11-04T00:00:00+00:00
[2022-08-06 21:50:53,927] {subprocess.py:62} INFO - Tmp dir root location: 
 /tmp
[2022-08-06 21:50:53,927] {subprocess.py:74} INFO - Running command: ['bash', '-c', 'echo hey, I am task2 and will be running after task1!']
[2022-08-06 21:50:53,945] {subprocess.py:85} INFO - Output:
[2022-08-06 21:50:53,947] {subprocess.py:92} INFO - hey, I am task2 and will be running after task1!
[2022-08-06 21:50:53,947] {subprocess.py:96} INFO - Command exited with return code 0
[2022-08-06 21:50:53,982] {taskinstance.py:1420} INFO - Marking task as SUCCESS. dag_id=our_first_dag_v5, task_id=second_task, execution_date=20211104T000000, start_date=20220806T215053, end_date=20220806T215053
[2022-08-06 21:50:54,039] {local_task_job.py:156} INFO - Task exited with return code 0
[2022-08-06 21:50:54,095] {local_task_job.py:273} INFO - 0 downstream tasks scheduled from follow-on schedule check
[2022-08-06 21:56:22,195] {taskinstance.py:1179} INFO - Dependencies all met for <TaskInstance: our_first_dag_v5.second_task scheduled__2021-11-04T00:00:00+00:00 [queued]>
[2022-08-06 21:56:22,207] {taskinstance.py:1179} INFO - Dependencies all met for <TaskInstance: our_first_dag_v5.second_task scheduled__2021-11-04T00:00:00+00:00 [queued]>
[2022-08-06 21:56:22,208] {taskinstance.py:1376} INFO - 
--------------------------------------------------------------------------------
[2022-08-06 21:56:22,208] {taskinstance.py:1377} INFO - Starting attempt 1 of 6
[2022-08-06 21:56:22,208] {taskinstance.py:1378} INFO - 
--------------------------------------------------------------------------------
[2022-08-06 21:56:22,222] {taskinstance.py:1397} INFO - Executing <Task(BashOperator): second_task> on 2021-11-04 00:00:00+00:00
[2022-08-06 21:56:22,228] {standard_task_runner.py:52} INFO - Started process 1020 to run task
[2022-08-06 21:56:22,231] {standard_task_runner.py:79} INFO - Running: ['***', 'tasks', 'run', 'our_first_dag_v5', 'second_task', 'scheduled__2021-11-04T00:00:00+00:00', '--job-id', '299', '--raw', '--subdir', 'DAGS_FOLDER/pipeline.py', '--cfg-path', '/tmp/tmp55trf4xs', '--error-file', '/tmp/tmpjxd8gy70']
[2022-08-06 21:56:22,231] {standard_task_runner.py:80} INFO - Job 299: Subtask second_task
[2022-08-06 21:56:22,301] {task_command.py:371} INFO - Running <TaskInstance: our_first_dag_v5.second_task scheduled__2021-11-04T00:00:00+00:00 [running]> on host bc7e154a4fdd
[2022-08-06 21:56:22,414] {taskinstance.py:1591} INFO - Exporting the following env vars:
AIRFLOW_CTX_DAG_OWNER=coder2j
AIRFLOW_CTX_DAG_ID=our_first_dag_v5
AIRFLOW_CTX_TASK_ID=second_task
AIRFLOW_CTX_EXECUTION_DATE=2021-11-04T00:00:00+00:00
AIRFLOW_CTX_TRY_NUMBER=1
AIRFLOW_CTX_DAG_RUN_ID=scheduled__2021-11-04T00:00:00+00:00
[2022-08-06 21:56:22,415] {subprocess.py:62} INFO - Tmp dir root location: 
 /tmp
[2022-08-06 21:56:22,416] {subprocess.py:74} INFO - Running command: ['bash', '-c', 'echo hey, I am task2 and will be running after task1!']
[2022-08-06 21:56:22,434] {subprocess.py:85} INFO - Output:
[2022-08-06 21:56:22,436] {subprocess.py:92} INFO - hey, I am task2 and will be running after task1!
[2022-08-06 21:56:22,436] {subprocess.py:96} INFO - Command exited with return code 0
[2022-08-06 21:56:22,478] {taskinstance.py:1420} INFO - Marking task as SUCCESS. dag_id=our_first_dag_v5, task_id=second_task, execution_date=20211104T000000, start_date=20220806T215622, end_date=20220806T215622
[2022-08-06 21:56:22,522] {local_task_job.py:156} INFO - Task exited with return code 0
[2022-08-06 21:56:22,559] {local_task_job.py:273} INFO - 0 downstream tasks scheduled from follow-on schedule check
[2022-08-06 22:11:21,991] {taskinstance.py:1179} INFO - Dependencies all met for <TaskInstance: our_first_dag_v5.second_task scheduled__2021-11-04T00:00:00+00:00 [queued]>
[2022-08-06 22:11:22,010] {taskinstance.py:1179} INFO - Dependencies all met for <TaskInstance: our_first_dag_v5.second_task scheduled__2021-11-04T00:00:00+00:00 [queued]>
[2022-08-06 22:11:22,010] {taskinstance.py:1376} INFO - 
--------------------------------------------------------------------------------
[2022-08-06 22:11:22,010] {taskinstance.py:1377} INFO - Starting attempt 1 of 6
[2022-08-06 22:11:22,010] {taskinstance.py:1378} INFO - 
--------------------------------------------------------------------------------
[2022-08-06 22:11:22,031] {taskinstance.py:1397} INFO - Executing <Task(BashOperator): second_task> on 2021-11-04 00:00:00+00:00
[2022-08-06 22:11:22,038] {standard_task_runner.py:52} INFO - Started process 1017 to run task
[2022-08-06 22:11:22,042] {standard_task_runner.py:79} INFO - Running: ['***', 'tasks', 'run', 'our_first_dag_v5', 'second_task', 'scheduled__2021-11-04T00:00:00+00:00', '--job-id', '298', '--raw', '--subdir', 'DAGS_FOLDER/pipeline.py', '--cfg-path', '/tmp/tmpns80mvsv', '--error-file', '/tmp/tmprkba1h0k']
[2022-08-06 22:11:22,042] {standard_task_runner.py:80} INFO - Job 298: Subtask second_task
[2022-08-06 22:11:22,111] {task_command.py:371} INFO - Running <TaskInstance: our_first_dag_v5.second_task scheduled__2021-11-04T00:00:00+00:00 [running]> on host 1250c3b659cd
[2022-08-06 22:11:22,196] {taskinstance.py:1591} INFO - Exporting the following env vars:
AIRFLOW_CTX_DAG_OWNER=coder2j
AIRFLOW_CTX_DAG_ID=our_first_dag_v5
AIRFLOW_CTX_TASK_ID=second_task
AIRFLOW_CTX_EXECUTION_DATE=2021-11-04T00:00:00+00:00
AIRFLOW_CTX_TRY_NUMBER=1
AIRFLOW_CTX_DAG_RUN_ID=scheduled__2021-11-04T00:00:00+00:00
[2022-08-06 22:11:22,197] {subprocess.py:62} INFO - Tmp dir root location: 
 /tmp
[2022-08-06 22:11:22,197] {subprocess.py:74} INFO - Running command: ['bash', '-c', 'echo hey, I am task2 and will be running after task1!']
[2022-08-06 22:11:22,209] {subprocess.py:85} INFO - Output:
[2022-08-06 22:11:22,210] {subprocess.py:92} INFO - hey, I am task2 and will be running after task1!
[2022-08-06 22:11:22,211] {subprocess.py:96} INFO - Command exited with return code 0
[2022-08-06 22:11:22,250] {taskinstance.py:1420} INFO - Marking task as SUCCESS. dag_id=our_first_dag_v5, task_id=second_task, execution_date=20211104T000000, start_date=20220806T221121, end_date=20220806T221122
[2022-08-06 22:11:22,293] {local_task_job.py:156} INFO - Task exited with return code 0
[2022-08-06 22:11:22,332] {local_task_job.py:273} INFO - 0 downstream tasks scheduled from follow-on schedule check
[2022-08-06 22:19:06,533] {taskinstance.py:1179} INFO - Dependencies all met for <TaskInstance: our_first_dag_v5.second_task scheduled__2021-11-04T00:00:00+00:00 [queued]>
[2022-08-06 22:19:06,552] {taskinstance.py:1179} INFO - Dependencies all met for <TaskInstance: our_first_dag_v5.second_task scheduled__2021-11-04T00:00:00+00:00 [queued]>
[2022-08-06 22:19:06,552] {taskinstance.py:1376} INFO - 
--------------------------------------------------------------------------------
[2022-08-06 22:19:06,552] {taskinstance.py:1377} INFO - Starting attempt 1 of 6
[2022-08-06 22:19:06,553] {taskinstance.py:1378} INFO - 
--------------------------------------------------------------------------------
[2022-08-06 22:19:06,569] {taskinstance.py:1397} INFO - Executing <Task(BashOperator): second_task> on 2021-11-04 00:00:00+00:00
[2022-08-06 22:19:06,578] {standard_task_runner.py:52} INFO - Started process 1027 to run task
[2022-08-06 22:19:06,581] {standard_task_runner.py:79} INFO - Running: ['***', 'tasks', 'run', 'our_first_dag_v5', 'second_task', 'scheduled__2021-11-04T00:00:00+00:00', '--job-id', '298', '--raw', '--subdir', 'DAGS_FOLDER/pipeline.py', '--cfg-path', '/tmp/tmp5qib_3yl', '--error-file', '/tmp/tmpeb5z1em8']
[2022-08-06 22:19:06,582] {standard_task_runner.py:80} INFO - Job 298: Subtask second_task
[2022-08-06 22:19:06,681] {task_command.py:371} INFO - Running <TaskInstance: our_first_dag_v5.second_task scheduled__2021-11-04T00:00:00+00:00 [running]> on host ed53bde1c44a
[2022-08-06 22:19:06,785] {taskinstance.py:1591} INFO - Exporting the following env vars:
AIRFLOW_CTX_DAG_OWNER=coder2j
AIRFLOW_CTX_DAG_ID=our_first_dag_v5
AIRFLOW_CTX_TASK_ID=second_task
AIRFLOW_CTX_EXECUTION_DATE=2021-11-04T00:00:00+00:00
AIRFLOW_CTX_TRY_NUMBER=1
AIRFLOW_CTX_DAG_RUN_ID=scheduled__2021-11-04T00:00:00+00:00
[2022-08-06 22:19:06,786] {subprocess.py:62} INFO - Tmp dir root location: 
 /tmp
[2022-08-06 22:19:06,787] {subprocess.py:74} INFO - Running command: ['bash', '-c', 'echo hey, I am task2 and will be running after task1!']
[2022-08-06 22:19:06,801] {subprocess.py:85} INFO - Output:
[2022-08-06 22:19:06,802] {subprocess.py:92} INFO - hey, I am task2 and will be running after task1!
[2022-08-06 22:19:06,803] {subprocess.py:96} INFO - Command exited with return code 0
[2022-08-06 22:19:06,859] {taskinstance.py:1420} INFO - Marking task as SUCCESS. dag_id=our_first_dag_v5, task_id=second_task, execution_date=20211104T000000, start_date=20220806T221906, end_date=20220806T221906
[2022-08-06 22:19:06,915] {local_task_job.py:156} INFO - Task exited with return code 0
[2022-08-06 22:19:06,964] {local_task_job.py:273} INFO - 0 downstream tasks scheduled from follow-on schedule check
[2022-08-06 22:22:43,419] {taskinstance.py:1179} INFO - Dependencies all met for <TaskInstance: our_first_dag_v5.second_task scheduled__2021-11-04T00:00:00+00:00 [queued]>
[2022-08-06 22:22:43,433] {taskinstance.py:1179} INFO - Dependencies all met for <TaskInstance: our_first_dag_v5.second_task scheduled__2021-11-04T00:00:00+00:00 [queued]>
[2022-08-06 22:22:43,433] {taskinstance.py:1376} INFO - 
--------------------------------------------------------------------------------
[2022-08-06 22:22:43,433] {taskinstance.py:1377} INFO - Starting attempt 1 of 6
[2022-08-06 22:22:43,433] {taskinstance.py:1378} INFO - 
--------------------------------------------------------------------------------
[2022-08-06 22:22:43,451] {taskinstance.py:1397} INFO - Executing <Task(BashOperator): second_task> on 2021-11-04 00:00:00+00:00
[2022-08-06 22:22:43,456] {standard_task_runner.py:52} INFO - Started process 1059 to run task
[2022-08-06 22:22:43,458] {standard_task_runner.py:79} INFO - Running: ['***', 'tasks', 'run', 'our_first_dag_v5', 'second_task', 'scheduled__2021-11-04T00:00:00+00:00', '--job-id', '296', '--raw', '--subdir', 'DAGS_FOLDER/pipeline.py', '--cfg-path', '/tmp/tmpiaat0x82', '--error-file', '/tmp/tmp8yqzbj8o']
[2022-08-06 22:22:43,458] {standard_task_runner.py:80} INFO - Job 296: Subtask second_task
[2022-08-06 22:22:43,520] {task_command.py:371} INFO - Running <TaskInstance: our_first_dag_v5.second_task scheduled__2021-11-04T00:00:00+00:00 [running]> on host b215076695c3
[2022-08-06 22:22:43,607] {taskinstance.py:1591} INFO - Exporting the following env vars:
AIRFLOW_CTX_DAG_OWNER=coder2j
AIRFLOW_CTX_DAG_ID=our_first_dag_v5
AIRFLOW_CTX_TASK_ID=second_task
AIRFLOW_CTX_EXECUTION_DATE=2021-11-04T00:00:00+00:00
AIRFLOW_CTX_TRY_NUMBER=1
AIRFLOW_CTX_DAG_RUN_ID=scheduled__2021-11-04T00:00:00+00:00
[2022-08-06 22:22:43,607] {subprocess.py:62} INFO - Tmp dir root location: 
 /tmp
[2022-08-06 22:22:43,608] {subprocess.py:74} INFO - Running command: ['bash', '-c', 'echo hey, I am task2 and will be running after task1!']
[2022-08-06 22:22:43,621] {subprocess.py:85} INFO - Output:
[2022-08-06 22:22:43,623] {subprocess.py:92} INFO - hey, I am task2 and will be running after task1!
[2022-08-06 22:22:43,623] {subprocess.py:96} INFO - Command exited with return code 0
[2022-08-06 22:22:43,661] {taskinstance.py:1420} INFO - Marking task as SUCCESS. dag_id=our_first_dag_v5, task_id=second_task, execution_date=20211104T000000, start_date=20220806T222243, end_date=20220806T222243
[2022-08-06 22:22:43,750] {local_task_job.py:156} INFO - Task exited with return code 0
[2022-08-06 22:22:43,784] {local_task_job.py:273} INFO - 0 downstream tasks scheduled from follow-on schedule check
