[2022-08-06 19:36:35,478] {taskinstance.py:1179} INFO - Dependencies all met for <TaskInstance: our_first_dag_v5.thrid_task scheduled__2021-09-24T00:00:00+00:00 [queued]>
[2022-08-06 19:36:35,505] {taskinstance.py:1179} INFO - Dependencies all met for <TaskInstance: our_first_dag_v5.thrid_task scheduled__2021-09-24T00:00:00+00:00 [queued]>
[2022-08-06 19:36:35,505] {taskinstance.py:1376} INFO - 
--------------------------------------------------------------------------------
[2022-08-06 19:36:35,505] {taskinstance.py:1377} INFO - Starting attempt 1 of 6
[2022-08-06 19:36:35,505] {taskinstance.py:1378} INFO - 
--------------------------------------------------------------------------------
[2022-08-06 19:36:35,528] {taskinstance.py:1397} INFO - Executing <Task(BashOperator): thrid_task> on 2021-09-24 00:00:00+00:00
[2022-08-06 19:36:35,537] {standard_task_runner.py:52} INFO - Started process 643 to run task
[2022-08-06 19:36:35,541] {standard_task_runner.py:79} INFO - Running: ['***', 'tasks', 'run', 'our_first_dag_v5', 'thrid_task', 'scheduled__2021-09-24T00:00:00+00:00', '--job-id', '175', '--raw', '--subdir', 'DAGS_FOLDER/pipeline.py', '--cfg-path', '/tmp/tmpgzj6a4vt', '--error-file', '/tmp/tmpj_1c7zvi']
[2022-08-06 19:36:35,541] {standard_task_runner.py:80} INFO - Job 175: Subtask thrid_task
[2022-08-06 19:36:35,628] {task_command.py:371} INFO - Running <TaskInstance: our_first_dag_v5.thrid_task scheduled__2021-09-24T00:00:00+00:00 [running]> on host b29c168c1666
[2022-08-06 19:36:35,746] {taskinstance.py:1591} INFO - Exporting the following env vars:
AIRFLOW_CTX_DAG_OWNER=coder2j
AIRFLOW_CTX_DAG_ID=our_first_dag_v5
AIRFLOW_CTX_TASK_ID=thrid_task
AIRFLOW_CTX_EXECUTION_DATE=2021-09-24T00:00:00+00:00
AIRFLOW_CTX_TRY_NUMBER=1
AIRFLOW_CTX_DAG_RUN_ID=scheduled__2021-09-24T00:00:00+00:00
[2022-08-06 19:36:35,747] {subprocess.py:62} INFO - Tmp dir root location: 
 /tmp
[2022-08-06 19:36:35,748] {subprocess.py:74} INFO - Running command: ['bash', '-c', 'echo hey, I am task3 and will be running after task1 at the same time as task2!']
[2022-08-06 19:36:35,765] {subprocess.py:85} INFO - Output:
[2022-08-06 19:36:35,767] {subprocess.py:92} INFO - hey, I am task3 and will be running after task1 at the same time as task2!
[2022-08-06 19:36:35,767] {subprocess.py:96} INFO - Command exited with return code 0
[2022-08-06 19:36:35,831] {taskinstance.py:1420} INFO - Marking task as SUCCESS. dag_id=our_first_dag_v5, task_id=thrid_task, execution_date=20210924T000000, start_date=20220806T193635, end_date=20220806T193635
[2022-08-06 19:36:35,878] {local_task_job.py:156} INFO - Task exited with return code 0
[2022-08-06 19:36:35,942] {local_task_job.py:273} INFO - 0 downstream tasks scheduled from follow-on schedule check
[2022-08-06 21:50:26,310] {taskinstance.py:1179} INFO - Dependencies all met for <TaskInstance: our_first_dag_v5.thrid_task scheduled__2021-09-24T00:00:00+00:00 [queued]>
[2022-08-06 21:50:26,323] {taskinstance.py:1179} INFO - Dependencies all met for <TaskInstance: our_first_dag_v5.thrid_task scheduled__2021-09-24T00:00:00+00:00 [queued]>
[2022-08-06 21:50:26,323] {taskinstance.py:1376} INFO - 
--------------------------------------------------------------------------------
[2022-08-06 21:50:26,323] {taskinstance.py:1377} INFO - Starting attempt 1 of 6
[2022-08-06 21:50:26,323] {taskinstance.py:1378} INFO - 
--------------------------------------------------------------------------------
[2022-08-06 21:50:26,338] {taskinstance.py:1397} INFO - Executing <Task(BashOperator): thrid_task> on 2021-09-24 00:00:00+00:00
[2022-08-06 21:50:26,344] {standard_task_runner.py:52} INFO - Started process 816 to run task
[2022-08-06 21:50:26,347] {standard_task_runner.py:79} INFO - Running: ['***', 'tasks', 'run', 'our_first_dag_v5', 'thrid_task', 'scheduled__2021-09-24T00:00:00+00:00', '--job-id', '172', '--raw', '--subdir', 'DAGS_FOLDER/pipeline.py', '--cfg-path', '/tmp/tmpawhbe0hc', '--error-file', '/tmp/tmp_o5djyq_']
[2022-08-06 21:50:26,347] {standard_task_runner.py:80} INFO - Job 172: Subtask thrid_task
[2022-08-06 21:50:26,407] {task_command.py:371} INFO - Running <TaskInstance: our_first_dag_v5.thrid_task scheduled__2021-09-24T00:00:00+00:00 [running]> on host c3f731879890
[2022-08-06 21:50:26,487] {taskinstance.py:1591} INFO - Exporting the following env vars:
AIRFLOW_CTX_DAG_OWNER=coder2j
AIRFLOW_CTX_DAG_ID=our_first_dag_v5
AIRFLOW_CTX_TASK_ID=thrid_task
AIRFLOW_CTX_EXECUTION_DATE=2021-09-24T00:00:00+00:00
AIRFLOW_CTX_TRY_NUMBER=1
AIRFLOW_CTX_DAG_RUN_ID=scheduled__2021-09-24T00:00:00+00:00
[2022-08-06 21:50:26,488] {subprocess.py:62} INFO - Tmp dir root location: 
 /tmp
[2022-08-06 21:50:26,488] {subprocess.py:74} INFO - Running command: ['bash', '-c', 'echo hey, I am task3 and will be running after task1 at the same time as task2!']
[2022-08-06 21:50:26,501] {subprocess.py:85} INFO - Output:
[2022-08-06 21:50:26,503] {subprocess.py:92} INFO - hey, I am task3 and will be running after task1 at the same time as task2!
[2022-08-06 21:50:26,503] {subprocess.py:96} INFO - Command exited with return code 0
[2022-08-06 21:50:26,535] {taskinstance.py:1420} INFO - Marking task as SUCCESS. dag_id=our_first_dag_v5, task_id=thrid_task, execution_date=20210924T000000, start_date=20220806T215026, end_date=20220806T215026
[2022-08-06 21:50:26,558] {local_task_job.py:156} INFO - Task exited with return code 0
[2022-08-06 21:50:26,584] {local_task_job.py:273} INFO - 0 downstream tasks scheduled from follow-on schedule check
[2022-08-06 21:55:56,116] {taskinstance.py:1179} INFO - Dependencies all met for <TaskInstance: our_first_dag_v5.thrid_task scheduled__2021-09-24T00:00:00+00:00 [queued]>
[2022-08-06 21:55:56,134] {taskinstance.py:1179} INFO - Dependencies all met for <TaskInstance: our_first_dag_v5.thrid_task scheduled__2021-09-24T00:00:00+00:00 [queued]>
[2022-08-06 21:55:56,134] {taskinstance.py:1376} INFO - 
--------------------------------------------------------------------------------
[2022-08-06 21:55:56,134] {taskinstance.py:1377} INFO - Starting attempt 1 of 6
[2022-08-06 21:55:56,135] {taskinstance.py:1378} INFO - 
--------------------------------------------------------------------------------
[2022-08-06 21:55:56,156] {taskinstance.py:1397} INFO - Executing <Task(BashOperator): thrid_task> on 2021-09-24 00:00:00+00:00
[2022-08-06 21:55:56,163] {standard_task_runner.py:52} INFO - Started process 614 to run task
[2022-08-06 21:55:56,167] {standard_task_runner.py:79} INFO - Running: ['***', 'tasks', 'run', 'our_first_dag_v5', 'thrid_task', 'scheduled__2021-09-24T00:00:00+00:00', '--job-id', '174', '--raw', '--subdir', 'DAGS_FOLDER/pipeline.py', '--cfg-path', '/tmp/tmp1_nar2vu', '--error-file', '/tmp/tmpiwhtmd5z']
[2022-08-06 21:55:56,167] {standard_task_runner.py:80} INFO - Job 174: Subtask thrid_task
[2022-08-06 21:55:56,274] {task_command.py:371} INFO - Running <TaskInstance: our_first_dag_v5.thrid_task scheduled__2021-09-24T00:00:00+00:00 [running]> on host bc7e154a4fdd
[2022-08-06 21:55:56,363] {taskinstance.py:1591} INFO - Exporting the following env vars:
AIRFLOW_CTX_DAG_OWNER=coder2j
AIRFLOW_CTX_DAG_ID=our_first_dag_v5
AIRFLOW_CTX_TASK_ID=thrid_task
AIRFLOW_CTX_EXECUTION_DATE=2021-09-24T00:00:00+00:00
AIRFLOW_CTX_TRY_NUMBER=1
AIRFLOW_CTX_DAG_RUN_ID=scheduled__2021-09-24T00:00:00+00:00
[2022-08-06 21:55:56,364] {subprocess.py:62} INFO - Tmp dir root location: 
 /tmp
[2022-08-06 21:55:56,364] {subprocess.py:74} INFO - Running command: ['bash', '-c', 'echo hey, I am task3 and will be running after task1 at the same time as task2!']
[2022-08-06 21:55:56,377] {subprocess.py:85} INFO - Output:
[2022-08-06 21:55:56,378] {subprocess.py:92} INFO - hey, I am task3 and will be running after task1 at the same time as task2!
[2022-08-06 21:55:56,378] {subprocess.py:96} INFO - Command exited with return code 0
[2022-08-06 21:55:56,410] {taskinstance.py:1420} INFO - Marking task as SUCCESS. dag_id=our_first_dag_v5, task_id=thrid_task, execution_date=20210924T000000, start_date=20220806T215556, end_date=20220806T215556
[2022-08-06 21:55:56,462] {local_task_job.py:156} INFO - Task exited with return code 0
[2022-08-06 21:55:56,490] {local_task_job.py:273} INFO - 0 downstream tasks scheduled from follow-on schedule check
[2022-08-06 22:11:00,035] {taskinstance.py:1179} INFO - Dependencies all met for <TaskInstance: our_first_dag_v5.thrid_task scheduled__2021-09-24T00:00:00+00:00 [queued]>
[2022-08-06 22:11:00,053] {taskinstance.py:1179} INFO - Dependencies all met for <TaskInstance: our_first_dag_v5.thrid_task scheduled__2021-09-24T00:00:00+00:00 [queued]>
[2022-08-06 22:11:00,053] {taskinstance.py:1376} INFO - 
--------------------------------------------------------------------------------
[2022-08-06 22:11:00,053] {taskinstance.py:1377} INFO - Starting attempt 1 of 6
[2022-08-06 22:11:00,053] {taskinstance.py:1378} INFO - 
--------------------------------------------------------------------------------
[2022-08-06 22:11:00,069] {taskinstance.py:1397} INFO - Executing <Task(BashOperator): thrid_task> on 2021-09-24 00:00:00+00:00
[2022-08-06 22:11:00,076] {standard_task_runner.py:52} INFO - Started process 633 to run task
[2022-08-06 22:11:00,079] {standard_task_runner.py:79} INFO - Running: ['***', 'tasks', 'run', 'our_first_dag_v5', 'thrid_task', 'scheduled__2021-09-24T00:00:00+00:00', '--job-id', '176', '--raw', '--subdir', 'DAGS_FOLDER/pipeline.py', '--cfg-path', '/tmp/tmpemp7cskf', '--error-file', '/tmp/tmpex_69kdx']
[2022-08-06 22:11:00,079] {standard_task_runner.py:80} INFO - Job 176: Subtask thrid_task
[2022-08-06 22:11:00,173] {task_command.py:371} INFO - Running <TaskInstance: our_first_dag_v5.thrid_task scheduled__2021-09-24T00:00:00+00:00 [running]> on host 1250c3b659cd
[2022-08-06 22:11:00,296] {taskinstance.py:1591} INFO - Exporting the following env vars:
AIRFLOW_CTX_DAG_OWNER=coder2j
AIRFLOW_CTX_DAG_ID=our_first_dag_v5
AIRFLOW_CTX_TASK_ID=thrid_task
AIRFLOW_CTX_EXECUTION_DATE=2021-09-24T00:00:00+00:00
AIRFLOW_CTX_TRY_NUMBER=1
AIRFLOW_CTX_DAG_RUN_ID=scheduled__2021-09-24T00:00:00+00:00
[2022-08-06 22:11:00,297] {subprocess.py:62} INFO - Tmp dir root location: 
 /tmp
[2022-08-06 22:11:00,298] {subprocess.py:74} INFO - Running command: ['bash', '-c', 'echo hey, I am task3 and will be running after task1 at the same time as task2!']
[2022-08-06 22:11:00,315] {subprocess.py:85} INFO - Output:
[2022-08-06 22:11:00,317] {subprocess.py:92} INFO - hey, I am task3 and will be running after task1 at the same time as task2!
[2022-08-06 22:11:00,318] {subprocess.py:96} INFO - Command exited with return code 0
[2022-08-06 22:11:00,394] {taskinstance.py:1420} INFO - Marking task as SUCCESS. dag_id=our_first_dag_v5, task_id=thrid_task, execution_date=20210924T000000, start_date=20220806T221100, end_date=20220806T221100
[2022-08-06 22:11:00,451] {local_task_job.py:156} INFO - Task exited with return code 0
[2022-08-06 22:11:00,499] {local_task_job.py:273} INFO - 0 downstream tasks scheduled from follow-on schedule check
[2022-08-06 22:18:45,595] {taskinstance.py:1179} INFO - Dependencies all met for <TaskInstance: our_first_dag_v5.thrid_task scheduled__2021-09-24T00:00:00+00:00 [queued]>
[2022-08-06 22:18:45,609] {taskinstance.py:1179} INFO - Dependencies all met for <TaskInstance: our_first_dag_v5.thrid_task scheduled__2021-09-24T00:00:00+00:00 [queued]>
[2022-08-06 22:18:45,609] {taskinstance.py:1376} INFO - 
--------------------------------------------------------------------------------
[2022-08-06 22:18:45,609] {taskinstance.py:1377} INFO - Starting attempt 1 of 6
[2022-08-06 22:18:45,609] {taskinstance.py:1378} INFO - 
--------------------------------------------------------------------------------
[2022-08-06 22:18:45,623] {taskinstance.py:1397} INFO - Executing <Task(BashOperator): thrid_task> on 2021-09-24 00:00:00+00:00
[2022-08-06 22:18:45,629] {standard_task_runner.py:52} INFO - Started process 648 to run task
[2022-08-06 22:18:45,631] {standard_task_runner.py:79} INFO - Running: ['***', 'tasks', 'run', 'our_first_dag_v5', 'thrid_task', 'scheduled__2021-09-24T00:00:00+00:00', '--job-id', '175', '--raw', '--subdir', 'DAGS_FOLDER/pipeline.py', '--cfg-path', '/tmp/tmpmz5jo12u', '--error-file', '/tmp/tmpt4etaiby']
[2022-08-06 22:18:45,632] {standard_task_runner.py:80} INFO - Job 175: Subtask thrid_task
[2022-08-06 22:18:45,704] {task_command.py:371} INFO - Running <TaskInstance: our_first_dag_v5.thrid_task scheduled__2021-09-24T00:00:00+00:00 [running]> on host ed53bde1c44a
[2022-08-06 22:18:45,819] {taskinstance.py:1591} INFO - Exporting the following env vars:
AIRFLOW_CTX_DAG_OWNER=coder2j
AIRFLOW_CTX_DAG_ID=our_first_dag_v5
AIRFLOW_CTX_TASK_ID=thrid_task
AIRFLOW_CTX_EXECUTION_DATE=2021-09-24T00:00:00+00:00
AIRFLOW_CTX_TRY_NUMBER=1
AIRFLOW_CTX_DAG_RUN_ID=scheduled__2021-09-24T00:00:00+00:00
[2022-08-06 22:18:45,820] {subprocess.py:62} INFO - Tmp dir root location: 
 /tmp
[2022-08-06 22:18:45,821] {subprocess.py:74} INFO - Running command: ['bash', '-c', 'echo hey, I am task3 and will be running after task1 at the same time as task2!']
[2022-08-06 22:18:45,836] {subprocess.py:85} INFO - Output:
[2022-08-06 22:18:45,838] {subprocess.py:92} INFO - hey, I am task3 and will be running after task1 at the same time as task2!
[2022-08-06 22:18:45,838] {subprocess.py:96} INFO - Command exited with return code 0
[2022-08-06 22:18:45,933] {taskinstance.py:1420} INFO - Marking task as SUCCESS. dag_id=our_first_dag_v5, task_id=thrid_task, execution_date=20210924T000000, start_date=20220806T221845, end_date=20220806T221845
[2022-08-06 22:18:45,963] {local_task_job.py:156} INFO - Task exited with return code 0
[2022-08-06 22:18:46,013] {local_task_job.py:273} INFO - 0 downstream tasks scheduled from follow-on schedule check
[2022-08-06 22:22:21,302] {taskinstance.py:1179} INFO - Dependencies all met for <TaskInstance: our_first_dag_v5.thrid_task scheduled__2021-09-24T00:00:00+00:00 [queued]>
[2022-08-06 22:22:21,314] {taskinstance.py:1179} INFO - Dependencies all met for <TaskInstance: our_first_dag_v5.thrid_task scheduled__2021-09-24T00:00:00+00:00 [queued]>
[2022-08-06 22:22:21,315] {taskinstance.py:1376} INFO - 
--------------------------------------------------------------------------------
[2022-08-06 22:22:21,315] {taskinstance.py:1377} INFO - Starting attempt 1 of 6
[2022-08-06 22:22:21,315] {taskinstance.py:1378} INFO - 
--------------------------------------------------------------------------------
[2022-08-06 22:22:21,331] {taskinstance.py:1397} INFO - Executing <Task(BashOperator): thrid_task> on 2021-09-24 00:00:00+00:00
[2022-08-06 22:22:21,338] {standard_task_runner.py:52} INFO - Started process 688 to run task
[2022-08-06 22:22:21,341] {standard_task_runner.py:79} INFO - Running: ['***', 'tasks', 'run', 'our_first_dag_v5', 'thrid_task', 'scheduled__2021-09-24T00:00:00+00:00', '--job-id', '180', '--raw', '--subdir', 'DAGS_FOLDER/pipeline.py', '--cfg-path', '/tmp/tmpbavlpg6r', '--error-file', '/tmp/tmpk11kd49t']
[2022-08-06 22:22:21,341] {standard_task_runner.py:80} INFO - Job 180: Subtask thrid_task
[2022-08-06 22:22:21,422] {task_command.py:371} INFO - Running <TaskInstance: our_first_dag_v5.thrid_task scheduled__2021-09-24T00:00:00+00:00 [running]> on host b215076695c3
[2022-08-06 22:22:21,541] {taskinstance.py:1591} INFO - Exporting the following env vars:
AIRFLOW_CTX_DAG_OWNER=coder2j
AIRFLOW_CTX_DAG_ID=our_first_dag_v5
AIRFLOW_CTX_TASK_ID=thrid_task
AIRFLOW_CTX_EXECUTION_DATE=2021-09-24T00:00:00+00:00
AIRFLOW_CTX_TRY_NUMBER=1
AIRFLOW_CTX_DAG_RUN_ID=scheduled__2021-09-24T00:00:00+00:00
[2022-08-06 22:22:21,542] {subprocess.py:62} INFO - Tmp dir root location: 
 /tmp
[2022-08-06 22:22:21,543] {subprocess.py:74} INFO - Running command: ['bash', '-c', 'echo hey, I am task3 and will be running after task1 at the same time as task2!']
[2022-08-06 22:22:21,559] {subprocess.py:85} INFO - Output:
[2022-08-06 22:22:21,564] {subprocess.py:92} INFO - hey, I am task3 and will be running after task1 at the same time as task2!
[2022-08-06 22:22:21,564] {subprocess.py:96} INFO - Command exited with return code 0
[2022-08-06 22:22:21,605] {taskinstance.py:1420} INFO - Marking task as SUCCESS. dag_id=our_first_dag_v5, task_id=thrid_task, execution_date=20210924T000000, start_date=20220806T222221, end_date=20220806T222221
[2022-08-06 22:22:21,632] {local_task_job.py:156} INFO - Task exited with return code 0
[2022-08-06 22:22:21,735] {local_task_job.py:273} INFO - 0 downstream tasks scheduled from follow-on schedule check
