[2022-08-06 19:38:05,332] {taskinstance.py:1179} INFO - Dependencies all met for <TaskInstance: our_first_dag_v5.thrid_task scheduled__2022-02-15T00:00:00+00:00 [queued]>
[2022-08-06 19:38:05,352] {taskinstance.py:1179} INFO - Dependencies all met for <TaskInstance: our_first_dag_v5.thrid_task scheduled__2022-02-15T00:00:00+00:00 [queued]>
[2022-08-06 19:38:05,352] {taskinstance.py:1376} INFO - 
--------------------------------------------------------------------------------
[2022-08-06 19:38:05,352] {taskinstance.py:1377} INFO - Starting attempt 1 of 6
[2022-08-06 19:38:05,352] {taskinstance.py:1378} INFO - 
--------------------------------------------------------------------------------
[2022-08-06 19:38:05,379] {taskinstance.py:1397} INFO - Executing <Task(BashOperator): thrid_task> on 2022-02-15 00:00:00+00:00
[2022-08-06 19:38:05,388] {standard_task_runner.py:52} INFO - Started process 2004 to run task
[2022-08-06 19:38:05,392] {standard_task_runner.py:79} INFO - Running: ['***', 'tasks', 'run', 'our_first_dag_v5', 'thrid_task', 'scheduled__2022-02-15T00:00:00+00:00', '--job-id', '608', '--raw', '--subdir', 'DAGS_FOLDER/pipeline.py', '--cfg-path', '/tmp/tmp1bkvawvx', '--error-file', '/tmp/tmp7tg_ghhe']
[2022-08-06 19:38:05,392] {standard_task_runner.py:80} INFO - Job 608: Subtask thrid_task
[2022-08-06 19:38:05,496] {task_command.py:371} INFO - Running <TaskInstance: our_first_dag_v5.thrid_task scheduled__2022-02-15T00:00:00+00:00 [running]> on host b29c168c1666
[2022-08-06 19:38:05,586] {taskinstance.py:1591} INFO - Exporting the following env vars:
AIRFLOW_CTX_DAG_OWNER=coder2j
AIRFLOW_CTX_DAG_ID=our_first_dag_v5
AIRFLOW_CTX_TASK_ID=thrid_task
AIRFLOW_CTX_EXECUTION_DATE=2022-02-15T00:00:00+00:00
AIRFLOW_CTX_TRY_NUMBER=1
AIRFLOW_CTX_DAG_RUN_ID=scheduled__2022-02-15T00:00:00+00:00
[2022-08-06 19:38:05,588] {subprocess.py:62} INFO - Tmp dir root location: 
 /tmp
[2022-08-06 19:38:05,588] {subprocess.py:74} INFO - Running command: ['bash', '-c', 'echo hey, I am task3 and will be running after task1 at the same time as task2!']
[2022-08-06 19:38:05,600] {subprocess.py:85} INFO - Output:
[2022-08-06 19:38:05,602] {subprocess.py:92} INFO - hey, I am task3 and will be running after task1 at the same time as task2!
[2022-08-06 19:38:05,602] {subprocess.py:96} INFO - Command exited with return code 0
[2022-08-06 19:38:05,645] {taskinstance.py:1420} INFO - Marking task as SUCCESS. dag_id=our_first_dag_v5, task_id=thrid_task, execution_date=20220215T000000, start_date=20220806T193805, end_date=20220806T193805
[2022-08-06 19:38:05,685] {local_task_job.py:156} INFO - Task exited with return code 0
[2022-08-06 19:38:05,726] {local_task_job.py:273} INFO - 0 downstream tasks scheduled from follow-on schedule check
[2022-08-06 21:51:55,974] {taskinstance.py:1179} INFO - Dependencies all met for <TaskInstance: our_first_dag_v5.thrid_task scheduled__2022-02-15T00:00:00+00:00 [queued]>
[2022-08-06 21:51:55,987] {taskinstance.py:1179} INFO - Dependencies all met for <TaskInstance: our_first_dag_v5.thrid_task scheduled__2022-02-15T00:00:00+00:00 [queued]>
[2022-08-06 21:51:55,987] {taskinstance.py:1376} INFO - 
--------------------------------------------------------------------------------
[2022-08-06 21:51:55,987] {taskinstance.py:1377} INFO - Starting attempt 1 of 6
[2022-08-06 21:51:55,987] {taskinstance.py:1378} INFO - 
--------------------------------------------------------------------------------
[2022-08-06 21:51:56,004] {taskinstance.py:1397} INFO - Executing <Task(BashOperator): thrid_task> on 2022-02-15 00:00:00+00:00
[2022-08-06 21:51:56,011] {standard_task_runner.py:52} INFO - Started process 2179 to run task
[2022-08-06 21:51:56,014] {standard_task_runner.py:79} INFO - Running: ['***', 'tasks', 'run', 'our_first_dag_v5', 'thrid_task', 'scheduled__2022-02-15T00:00:00+00:00', '--job-id', '605', '--raw', '--subdir', 'DAGS_FOLDER/pipeline.py', '--cfg-path', '/tmp/tmpm_3iacek', '--error-file', '/tmp/tmp090qny6l']
[2022-08-06 21:51:56,014] {standard_task_runner.py:80} INFO - Job 605: Subtask thrid_task
[2022-08-06 21:51:56,089] {task_command.py:371} INFO - Running <TaskInstance: our_first_dag_v5.thrid_task scheduled__2022-02-15T00:00:00+00:00 [running]> on host c3f731879890
[2022-08-06 21:51:56,176] {taskinstance.py:1591} INFO - Exporting the following env vars:
AIRFLOW_CTX_DAG_OWNER=coder2j
AIRFLOW_CTX_DAG_ID=our_first_dag_v5
AIRFLOW_CTX_TASK_ID=thrid_task
AIRFLOW_CTX_EXECUTION_DATE=2022-02-15T00:00:00+00:00
AIRFLOW_CTX_TRY_NUMBER=1
AIRFLOW_CTX_DAG_RUN_ID=scheduled__2022-02-15T00:00:00+00:00
[2022-08-06 21:51:56,177] {subprocess.py:62} INFO - Tmp dir root location: 
 /tmp
[2022-08-06 21:51:56,177] {subprocess.py:74} INFO - Running command: ['bash', '-c', 'echo hey, I am task3 and will be running after task1 at the same time as task2!']
[2022-08-06 21:51:56,190] {subprocess.py:85} INFO - Output:
[2022-08-06 21:51:56,191] {subprocess.py:92} INFO - hey, I am task3 and will be running after task1 at the same time as task2!
[2022-08-06 21:51:56,192] {subprocess.py:96} INFO - Command exited with return code 0
[2022-08-06 21:51:56,219] {taskinstance.py:1420} INFO - Marking task as SUCCESS. dag_id=our_first_dag_v5, task_id=thrid_task, execution_date=20220215T000000, start_date=20220806T215155, end_date=20220806T215156
[2022-08-06 21:51:56,266] {local_task_job.py:156} INFO - Task exited with return code 0
[2022-08-06 21:51:56,292] {local_task_job.py:273} INFO - 0 downstream tasks scheduled from follow-on schedule check
[2022-08-06 21:57:20,359] {taskinstance.py:1179} INFO - Dependencies all met for <TaskInstance: our_first_dag_v5.thrid_task scheduled__2022-02-15T00:00:00+00:00 [queued]>
[2022-08-06 21:57:20,374] {taskinstance.py:1179} INFO - Dependencies all met for <TaskInstance: our_first_dag_v5.thrid_task scheduled__2022-02-15T00:00:00+00:00 [queued]>
[2022-08-06 21:57:20,375] {taskinstance.py:1376} INFO - 
--------------------------------------------------------------------------------
[2022-08-06 21:57:20,375] {taskinstance.py:1377} INFO - Starting attempt 1 of 6
[2022-08-06 21:57:20,375] {taskinstance.py:1378} INFO - 
--------------------------------------------------------------------------------
[2022-08-06 21:57:20,390] {taskinstance.py:1397} INFO - Executing <Task(BashOperator): thrid_task> on 2022-02-15 00:00:00+00:00
[2022-08-06 21:57:20,396] {standard_task_runner.py:52} INFO - Started process 1978 to run task
[2022-08-06 21:57:20,400] {standard_task_runner.py:79} INFO - Running: ['***', 'tasks', 'run', 'our_first_dag_v5', 'thrid_task', 'scheduled__2022-02-15T00:00:00+00:00', '--job-id', '605', '--raw', '--subdir', 'DAGS_FOLDER/pipeline.py', '--cfg-path', '/tmp/tmpsyyumh6b', '--error-file', '/tmp/tmp0orphf2z']
[2022-08-06 21:57:20,400] {standard_task_runner.py:80} INFO - Job 605: Subtask thrid_task
[2022-08-06 21:57:20,470] {task_command.py:371} INFO - Running <TaskInstance: our_first_dag_v5.thrid_task scheduled__2022-02-15T00:00:00+00:00 [running]> on host bc7e154a4fdd
[2022-08-06 21:57:20,558] {taskinstance.py:1591} INFO - Exporting the following env vars:
AIRFLOW_CTX_DAG_OWNER=coder2j
AIRFLOW_CTX_DAG_ID=our_first_dag_v5
AIRFLOW_CTX_TASK_ID=thrid_task
AIRFLOW_CTX_EXECUTION_DATE=2022-02-15T00:00:00+00:00
AIRFLOW_CTX_TRY_NUMBER=1
AIRFLOW_CTX_DAG_RUN_ID=scheduled__2022-02-15T00:00:00+00:00
[2022-08-06 21:57:20,558] {subprocess.py:62} INFO - Tmp dir root location: 
 /tmp
[2022-08-06 21:57:20,559] {subprocess.py:74} INFO - Running command: ['bash', '-c', 'echo hey, I am task3 and will be running after task1 at the same time as task2!']
[2022-08-06 21:57:20,570] {subprocess.py:85} INFO - Output:
[2022-08-06 21:57:20,572] {subprocess.py:92} INFO - hey, I am task3 and will be running after task1 at the same time as task2!
[2022-08-06 21:57:20,572] {subprocess.py:96} INFO - Command exited with return code 0
[2022-08-06 21:57:20,601] {taskinstance.py:1420} INFO - Marking task as SUCCESS. dag_id=our_first_dag_v5, task_id=thrid_task, execution_date=20220215T000000, start_date=20220806T215720, end_date=20220806T215720
[2022-08-06 21:57:20,651] {local_task_job.py:156} INFO - Task exited with return code 0
[2022-08-06 21:57:20,677] {local_task_job.py:273} INFO - 0 downstream tasks scheduled from follow-on schedule check
[2022-08-06 22:12:23,415] {taskinstance.py:1179} INFO - Dependencies all met for <TaskInstance: our_first_dag_v5.thrid_task scheduled__2022-02-15T00:00:00+00:00 [queued]>
[2022-08-06 22:12:23,429] {taskinstance.py:1179} INFO - Dependencies all met for <TaskInstance: our_first_dag_v5.thrid_task scheduled__2022-02-15T00:00:00+00:00 [queued]>
[2022-08-06 22:12:23,429] {taskinstance.py:1376} INFO - 
--------------------------------------------------------------------------------
[2022-08-06 22:12:23,429] {taskinstance.py:1377} INFO - Starting attempt 1 of 6
[2022-08-06 22:12:23,429] {taskinstance.py:1378} INFO - 
--------------------------------------------------------------------------------
[2022-08-06 22:12:23,444] {taskinstance.py:1397} INFO - Executing <Task(BashOperator): thrid_task> on 2022-02-15 00:00:00+00:00
[2022-08-06 22:12:23,450] {standard_task_runner.py:52} INFO - Started process 1980 to run task
[2022-08-06 22:12:23,453] {standard_task_runner.py:79} INFO - Running: ['***', 'tasks', 'run', 'our_first_dag_v5', 'thrid_task', 'scheduled__2022-02-15T00:00:00+00:00', '--job-id', '604', '--raw', '--subdir', 'DAGS_FOLDER/pipeline.py', '--cfg-path', '/tmp/tmpg4w6cf_k', '--error-file', '/tmp/tmp2pb3r3vt']
[2022-08-06 22:12:23,453] {standard_task_runner.py:80} INFO - Job 604: Subtask thrid_task
[2022-08-06 22:12:23,587] {task_command.py:371} INFO - Running <TaskInstance: our_first_dag_v5.thrid_task scheduled__2022-02-15T00:00:00+00:00 [running]> on host 1250c3b659cd
[2022-08-06 22:12:23,735] {taskinstance.py:1591} INFO - Exporting the following env vars:
AIRFLOW_CTX_DAG_OWNER=coder2j
AIRFLOW_CTX_DAG_ID=our_first_dag_v5
AIRFLOW_CTX_TASK_ID=thrid_task
AIRFLOW_CTX_EXECUTION_DATE=2022-02-15T00:00:00+00:00
AIRFLOW_CTX_TRY_NUMBER=1
AIRFLOW_CTX_DAG_RUN_ID=scheduled__2022-02-15T00:00:00+00:00
[2022-08-06 22:12:23,736] {subprocess.py:62} INFO - Tmp dir root location: 
 /tmp
[2022-08-06 22:12:23,737] {subprocess.py:74} INFO - Running command: ['bash', '-c', 'echo hey, I am task3 and will be running after task1 at the same time as task2!']
[2022-08-06 22:12:23,756] {subprocess.py:85} INFO - Output:
[2022-08-06 22:12:23,758] {subprocess.py:92} INFO - hey, I am task3 and will be running after task1 at the same time as task2!
[2022-08-06 22:12:23,758] {subprocess.py:96} INFO - Command exited with return code 0
[2022-08-06 22:12:23,845] {taskinstance.py:1420} INFO - Marking task as SUCCESS. dag_id=our_first_dag_v5, task_id=thrid_task, execution_date=20220215T000000, start_date=20220806T221223, end_date=20220806T221223
[2022-08-06 22:12:23,905] {local_task_job.py:156} INFO - Task exited with return code 0
[2022-08-06 22:12:23,946] {local_task_job.py:273} INFO - 0 downstream tasks scheduled from follow-on schedule check
[2022-08-06 22:23:43,721] {taskinstance.py:1179} INFO - Dependencies all met for <TaskInstance: our_first_dag_v5.thrid_task scheduled__2022-02-15T00:00:00+00:00 [queued]>
[2022-08-06 22:23:43,735] {taskinstance.py:1179} INFO - Dependencies all met for <TaskInstance: our_first_dag_v5.thrid_task scheduled__2022-02-15T00:00:00+00:00 [queued]>
[2022-08-06 22:23:43,735] {taskinstance.py:1376} INFO - 
--------------------------------------------------------------------------------
[2022-08-06 22:23:43,736] {taskinstance.py:1377} INFO - Starting attempt 1 of 6
[2022-08-06 22:23:43,736] {taskinstance.py:1378} INFO - 
--------------------------------------------------------------------------------
[2022-08-06 22:23:43,754] {taskinstance.py:1397} INFO - Executing <Task(BashOperator): thrid_task> on 2022-02-15 00:00:00+00:00
[2022-08-06 22:23:43,760] {standard_task_runner.py:52} INFO - Started process 2043 to run task
[2022-08-06 22:23:43,762] {standard_task_runner.py:79} INFO - Running: ['***', 'tasks', 'run', 'our_first_dag_v5', 'thrid_task', 'scheduled__2022-02-15T00:00:00+00:00', '--job-id', '608', '--raw', '--subdir', 'DAGS_FOLDER/pipeline.py', '--cfg-path', '/tmp/tmpyjtd4hd0', '--error-file', '/tmp/tmpbk84pi9t']
[2022-08-06 22:23:43,763] {standard_task_runner.py:80} INFO - Job 608: Subtask thrid_task
[2022-08-06 22:23:43,831] {task_command.py:371} INFO - Running <TaskInstance: our_first_dag_v5.thrid_task scheduled__2022-02-15T00:00:00+00:00 [running]> on host b215076695c3
[2022-08-06 22:23:43,918] {taskinstance.py:1591} INFO - Exporting the following env vars:
AIRFLOW_CTX_DAG_OWNER=coder2j
AIRFLOW_CTX_DAG_ID=our_first_dag_v5
AIRFLOW_CTX_TASK_ID=thrid_task
AIRFLOW_CTX_EXECUTION_DATE=2022-02-15T00:00:00+00:00
AIRFLOW_CTX_TRY_NUMBER=1
AIRFLOW_CTX_DAG_RUN_ID=scheduled__2022-02-15T00:00:00+00:00
[2022-08-06 22:23:43,919] {subprocess.py:62} INFO - Tmp dir root location: 
 /tmp
[2022-08-06 22:23:43,919] {subprocess.py:74} INFO - Running command: ['bash', '-c', 'echo hey, I am task3 and will be running after task1 at the same time as task2!']
[2022-08-06 22:23:43,936] {subprocess.py:85} INFO - Output:
[2022-08-06 22:23:43,937] {subprocess.py:92} INFO - hey, I am task3 and will be running after task1 at the same time as task2!
[2022-08-06 22:23:43,938] {subprocess.py:96} INFO - Command exited with return code 0
[2022-08-06 22:23:43,973] {taskinstance.py:1420} INFO - Marking task as SUCCESS. dag_id=our_first_dag_v5, task_id=thrid_task, execution_date=20220215T000000, start_date=20220806T222343, end_date=20220806T222343
[2022-08-06 22:23:44,014] {local_task_job.py:156} INFO - Task exited with return code 0
[2022-08-06 22:23:44,048] {local_task_job.py:273} INFO - 0 downstream tasks scheduled from follow-on schedule check
