[2022-08-06 19:39:29,090] {taskinstance.py:1179} INFO - Dependencies all met for <TaskInstance: our_first_dag_v5.second_task scheduled__2022-07-06T00:00:00+00:00 [queued]>
[2022-08-06 19:39:29,118] {taskinstance.py:1179} INFO - Dependencies all met for <TaskInstance: our_first_dag_v5.second_task scheduled__2022-07-06T00:00:00+00:00 [queued]>
[2022-08-06 19:39:29,118] {taskinstance.py:1376} INFO - 
--------------------------------------------------------------------------------
[2022-08-06 19:39:29,118] {taskinstance.py:1377} INFO - Starting attempt 1 of 6
[2022-08-06 19:39:29,118] {taskinstance.py:1378} INFO - 
--------------------------------------------------------------------------------
[2022-08-06 19:39:29,142] {taskinstance.py:1397} INFO - Executing <Task(BashOperator): second_task> on 2022-07-06 00:00:00+00:00
[2022-08-06 19:39:29,152] {standard_task_runner.py:52} INFO - Started process 3336 to run task
[2022-08-06 19:39:29,157] {standard_task_runner.py:79} INFO - Running: ['***', 'tasks', 'run', 'our_first_dag_v5', 'second_task', 'scheduled__2022-07-06T00:00:00+00:00', '--job-id', '1033', '--raw', '--subdir', 'DAGS_FOLDER/pipeline.py', '--cfg-path', '/tmp/tmpz0ra9ieo', '--error-file', '/tmp/tmp0b3nn0ks']
[2022-08-06 19:39:29,158] {standard_task_runner.py:80} INFO - Job 1033: Subtask second_task
[2022-08-06 19:39:29,263] {task_command.py:371} INFO - Running <TaskInstance: our_first_dag_v5.second_task scheduled__2022-07-06T00:00:00+00:00 [running]> on host b29c168c1666
[2022-08-06 19:39:29,417] {taskinstance.py:1591} INFO - Exporting the following env vars:
AIRFLOW_CTX_DAG_OWNER=coder2j
AIRFLOW_CTX_DAG_ID=our_first_dag_v5
AIRFLOW_CTX_TASK_ID=second_task
AIRFLOW_CTX_EXECUTION_DATE=2022-07-06T00:00:00+00:00
AIRFLOW_CTX_TRY_NUMBER=1
AIRFLOW_CTX_DAG_RUN_ID=scheduled__2022-07-06T00:00:00+00:00
[2022-08-06 19:39:29,418] {subprocess.py:62} INFO - Tmp dir root location: 
 /tmp
[2022-08-06 19:39:29,418] {subprocess.py:74} INFO - Running command: ['bash', '-c', 'echo hey, I am task2 and will be running after task1!']
[2022-08-06 19:39:29,439] {subprocess.py:85} INFO - Output:
[2022-08-06 19:39:29,443] {subprocess.py:92} INFO - hey, I am task2 and will be running after task1!
[2022-08-06 19:39:29,444] {subprocess.py:96} INFO - Command exited with return code 0
[2022-08-06 19:39:29,489] {taskinstance.py:1420} INFO - Marking task as SUCCESS. dag_id=our_first_dag_v5, task_id=second_task, execution_date=20220706T000000, start_date=20220806T193929, end_date=20220806T193929
[2022-08-06 19:39:29,534] {local_task_job.py:156} INFO - Task exited with return code 0
[2022-08-06 19:39:29,573] {local_task_job.py:273} INFO - 0 downstream tasks scheduled from follow-on schedule check
[2022-08-06 21:53:23,395] {taskinstance.py:1179} INFO - Dependencies all met for <TaskInstance: our_first_dag_v5.second_task scheduled__2022-07-06T00:00:00+00:00 [queued]>
[2022-08-06 21:53:23,411] {taskinstance.py:1179} INFO - Dependencies all met for <TaskInstance: our_first_dag_v5.second_task scheduled__2022-07-06T00:00:00+00:00 [queued]>
[2022-08-06 21:53:23,411] {taskinstance.py:1376} INFO - 
--------------------------------------------------------------------------------
[2022-08-06 21:53:23,411] {taskinstance.py:1377} INFO - Starting attempt 1 of 6
[2022-08-06 21:53:23,411] {taskinstance.py:1378} INFO - 
--------------------------------------------------------------------------------
[2022-08-06 21:53:23,430] {taskinstance.py:1397} INFO - Executing <Task(BashOperator): second_task> on 2022-07-06 00:00:00+00:00
[2022-08-06 21:53:23,437] {standard_task_runner.py:52} INFO - Started process 3520 to run task
[2022-08-06 21:53:23,440] {standard_task_runner.py:79} INFO - Running: ['***', 'tasks', 'run', 'our_first_dag_v5', 'second_task', 'scheduled__2022-07-06T00:00:00+00:00', '--job-id', '1030', '--raw', '--subdir', 'DAGS_FOLDER/pipeline.py', '--cfg-path', '/tmp/tmp7cregx1a', '--error-file', '/tmp/tmp9hjrig15']
[2022-08-06 21:53:23,441] {standard_task_runner.py:80} INFO - Job 1030: Subtask second_task
[2022-08-06 21:53:23,538] {task_command.py:371} INFO - Running <TaskInstance: our_first_dag_v5.second_task scheduled__2022-07-06T00:00:00+00:00 [running]> on host c3f731879890
[2022-08-06 21:53:23,648] {taskinstance.py:1591} INFO - Exporting the following env vars:
AIRFLOW_CTX_DAG_OWNER=coder2j
AIRFLOW_CTX_DAG_ID=our_first_dag_v5
AIRFLOW_CTX_TASK_ID=second_task
AIRFLOW_CTX_EXECUTION_DATE=2022-07-06T00:00:00+00:00
AIRFLOW_CTX_TRY_NUMBER=1
AIRFLOW_CTX_DAG_RUN_ID=scheduled__2022-07-06T00:00:00+00:00
[2022-08-06 21:53:23,649] {subprocess.py:62} INFO - Tmp dir root location: 
 /tmp
[2022-08-06 21:53:23,650] {subprocess.py:74} INFO - Running command: ['bash', '-c', 'echo hey, I am task2 and will be running after task1!']
[2022-08-06 21:53:23,668] {subprocess.py:85} INFO - Output:
[2022-08-06 21:53:23,670] {subprocess.py:92} INFO - hey, I am task2 and will be running after task1!
[2022-08-06 21:53:23,670] {subprocess.py:96} INFO - Command exited with return code 0
[2022-08-06 21:53:23,706] {taskinstance.py:1420} INFO - Marking task as SUCCESS. dag_id=our_first_dag_v5, task_id=second_task, execution_date=20220706T000000, start_date=20220806T215323, end_date=20220806T215323
[2022-08-06 21:53:23,732] {local_task_job.py:156} INFO - Task exited with return code 0
[2022-08-06 21:53:23,781] {local_task_job.py:273} INFO - 0 downstream tasks scheduled from follow-on schedule check
[2022-08-06 21:58:47,798] {taskinstance.py:1179} INFO - Dependencies all met for <TaskInstance: our_first_dag_v5.second_task scheduled__2022-07-06T00:00:00+00:00 [queued]>
[2022-08-06 21:58:47,813] {taskinstance.py:1179} INFO - Dependencies all met for <TaskInstance: our_first_dag_v5.second_task scheduled__2022-07-06T00:00:00+00:00 [queued]>
[2022-08-06 21:58:47,814] {taskinstance.py:1376} INFO - 
--------------------------------------------------------------------------------
[2022-08-06 21:58:47,814] {taskinstance.py:1377} INFO - Starting attempt 1 of 6
[2022-08-06 21:58:47,814] {taskinstance.py:1378} INFO - 
--------------------------------------------------------------------------------
[2022-08-06 21:58:47,831] {taskinstance.py:1397} INFO - Executing <Task(BashOperator): second_task> on 2022-07-06 00:00:00+00:00
[2022-08-06 21:58:47,839] {standard_task_runner.py:52} INFO - Started process 3325 to run task
[2022-08-06 21:58:47,842] {standard_task_runner.py:79} INFO - Running: ['***', 'tasks', 'run', 'our_first_dag_v5', 'second_task', 'scheduled__2022-07-06T00:00:00+00:00', '--job-id', '1032', '--raw', '--subdir', 'DAGS_FOLDER/pipeline.py', '--cfg-path', '/tmp/tmphm4n_u5s', '--error-file', '/tmp/tmpbufteyc2']
[2022-08-06 21:58:47,842] {standard_task_runner.py:80} INFO - Job 1032: Subtask second_task
[2022-08-06 21:58:47,913] {task_command.py:371} INFO - Running <TaskInstance: our_first_dag_v5.second_task scheduled__2022-07-06T00:00:00+00:00 [running]> on host bc7e154a4fdd
[2022-08-06 21:58:48,005] {taskinstance.py:1591} INFO - Exporting the following env vars:
AIRFLOW_CTX_DAG_OWNER=coder2j
AIRFLOW_CTX_DAG_ID=our_first_dag_v5
AIRFLOW_CTX_TASK_ID=second_task
AIRFLOW_CTX_EXECUTION_DATE=2022-07-06T00:00:00+00:00
AIRFLOW_CTX_TRY_NUMBER=1
AIRFLOW_CTX_DAG_RUN_ID=scheduled__2022-07-06T00:00:00+00:00
[2022-08-06 21:58:48,006] {subprocess.py:62} INFO - Tmp dir root location: 
 /tmp
[2022-08-06 21:58:48,007] {subprocess.py:74} INFO - Running command: ['bash', '-c', 'echo hey, I am task2 and will be running after task1!']
[2022-08-06 21:58:48,019] {subprocess.py:85} INFO - Output:
[2022-08-06 21:58:48,021] {subprocess.py:92} INFO - hey, I am task2 and will be running after task1!
[2022-08-06 21:58:48,021] {subprocess.py:96} INFO - Command exited with return code 0
[2022-08-06 21:58:48,071] {taskinstance.py:1420} INFO - Marking task as SUCCESS. dag_id=our_first_dag_v5, task_id=second_task, execution_date=20220706T000000, start_date=20220806T215847, end_date=20220806T215848
[2022-08-06 21:58:48,093] {local_task_job.py:156} INFO - Task exited with return code 0
[2022-08-06 21:58:48,143] {local_task_job.py:273} INFO - 0 downstream tasks scheduled from follow-on schedule check
[2022-08-06 22:13:46,054] {taskinstance.py:1179} INFO - Dependencies all met for <TaskInstance: our_first_dag_v5.second_task scheduled__2022-07-06T00:00:00+00:00 [queued]>
[2022-08-06 22:13:46,064] {taskinstance.py:1179} INFO - Dependencies all met for <TaskInstance: our_first_dag_v5.second_task scheduled__2022-07-06T00:00:00+00:00 [queued]>
[2022-08-06 22:13:46,065] {taskinstance.py:1376} INFO - 
--------------------------------------------------------------------------------
[2022-08-06 22:13:46,065] {taskinstance.py:1377} INFO - Starting attempt 1 of 6
[2022-08-06 22:13:46,065] {taskinstance.py:1378} INFO - 
--------------------------------------------------------------------------------
[2022-08-06 22:13:46,078] {taskinstance.py:1397} INFO - Executing <Task(BashOperator): second_task> on 2022-07-06 00:00:00+00:00
[2022-08-06 22:13:46,083] {standard_task_runner.py:52} INFO - Started process 3319 to run task
[2022-08-06 22:13:46,086] {standard_task_runner.py:79} INFO - Running: ['***', 'tasks', 'run', 'our_first_dag_v5', 'second_task', 'scheduled__2022-07-06T00:00:00+00:00', '--job-id', '1028', '--raw', '--subdir', 'DAGS_FOLDER/pipeline.py', '--cfg-path', '/tmp/tmpwokl94tj', '--error-file', '/tmp/tmpxxvh74mm']
[2022-08-06 22:13:46,086] {standard_task_runner.py:80} INFO - Job 1028: Subtask second_task
[2022-08-06 22:13:46,150] {task_command.py:371} INFO - Running <TaskInstance: our_first_dag_v5.second_task scheduled__2022-07-06T00:00:00+00:00 [running]> on host 1250c3b659cd
[2022-08-06 22:13:46,230] {taskinstance.py:1591} INFO - Exporting the following env vars:
AIRFLOW_CTX_DAG_OWNER=coder2j
AIRFLOW_CTX_DAG_ID=our_first_dag_v5
AIRFLOW_CTX_TASK_ID=second_task
AIRFLOW_CTX_EXECUTION_DATE=2022-07-06T00:00:00+00:00
AIRFLOW_CTX_TRY_NUMBER=1
AIRFLOW_CTX_DAG_RUN_ID=scheduled__2022-07-06T00:00:00+00:00
[2022-08-06 22:13:46,231] {subprocess.py:62} INFO - Tmp dir root location: 
 /tmp
[2022-08-06 22:13:46,232] {subprocess.py:74} INFO - Running command: ['bash', '-c', 'echo hey, I am task2 and will be running after task1!']
[2022-08-06 22:13:46,246] {subprocess.py:85} INFO - Output:
[2022-08-06 22:13:46,248] {subprocess.py:92} INFO - hey, I am task2 and will be running after task1!
[2022-08-06 22:13:46,248] {subprocess.py:96} INFO - Command exited with return code 0
[2022-08-06 22:13:46,280] {taskinstance.py:1420} INFO - Marking task as SUCCESS. dag_id=our_first_dag_v5, task_id=second_task, execution_date=20220706T000000, start_date=20220806T221346, end_date=20220806T221346
[2022-08-06 22:13:46,337] {local_task_job.py:156} INFO - Task exited with return code 0
[2022-08-06 22:13:46,375] {local_task_job.py:273} INFO - 0 downstream tasks scheduled from follow-on schedule check
[2022-08-06 22:25:02,307] {taskinstance.py:1179} INFO - Dependencies all met for <TaskInstance: our_first_dag_v5.second_task scheduled__2022-07-06T00:00:00+00:00 [queued]>
[2022-08-06 22:25:02,319] {taskinstance.py:1179} INFO - Dependencies all met for <TaskInstance: our_first_dag_v5.second_task scheduled__2022-07-06T00:00:00+00:00 [queued]>
[2022-08-06 22:25:02,319] {taskinstance.py:1376} INFO - 
--------------------------------------------------------------------------------
[2022-08-06 22:25:02,319] {taskinstance.py:1377} INFO - Starting attempt 1 of 6
[2022-08-06 22:25:02,319] {taskinstance.py:1378} INFO - 
--------------------------------------------------------------------------------
[2022-08-06 22:25:02,335] {taskinstance.py:1397} INFO - Executing <Task(BashOperator): second_task> on 2022-07-06 00:00:00+00:00
[2022-08-06 22:25:02,342] {standard_task_runner.py:52} INFO - Started process 3363 to run task
[2022-08-06 22:25:02,344] {standard_task_runner.py:79} INFO - Running: ['***', 'tasks', 'run', 'our_first_dag_v5', 'second_task', 'scheduled__2022-07-06T00:00:00+00:00', '--job-id', '1031', '--raw', '--subdir', 'DAGS_FOLDER/pipeline.py', '--cfg-path', '/tmp/tmpifnffazc', '--error-file', '/tmp/tmp06oqk3tq']
[2022-08-06 22:25:02,344] {standard_task_runner.py:80} INFO - Job 1031: Subtask second_task
[2022-08-06 22:25:02,401] {task_command.py:371} INFO - Running <TaskInstance: our_first_dag_v5.second_task scheduled__2022-07-06T00:00:00+00:00 [running]> on host b215076695c3
[2022-08-06 22:25:02,472] {taskinstance.py:1591} INFO - Exporting the following env vars:
AIRFLOW_CTX_DAG_OWNER=coder2j
AIRFLOW_CTX_DAG_ID=our_first_dag_v5
AIRFLOW_CTX_TASK_ID=second_task
AIRFLOW_CTX_EXECUTION_DATE=2022-07-06T00:00:00+00:00
AIRFLOW_CTX_TRY_NUMBER=1
AIRFLOW_CTX_DAG_RUN_ID=scheduled__2022-07-06T00:00:00+00:00
[2022-08-06 22:25:02,472] {subprocess.py:62} INFO - Tmp dir root location: 
 /tmp
[2022-08-06 22:25:02,473] {subprocess.py:74} INFO - Running command: ['bash', '-c', 'echo hey, I am task2 and will be running after task1!']
[2022-08-06 22:25:02,483] {subprocess.py:85} INFO - Output:
[2022-08-06 22:25:02,484] {subprocess.py:92} INFO - hey, I am task2 and will be running after task1!
[2022-08-06 22:25:02,485] {subprocess.py:96} INFO - Command exited with return code 0
[2022-08-06 22:25:02,512] {taskinstance.py:1420} INFO - Marking task as SUCCESS. dag_id=our_first_dag_v5, task_id=second_task, execution_date=20220706T000000, start_date=20220806T222502, end_date=20220806T222502
[2022-08-06 22:25:02,557] {local_task_job.py:156} INFO - Task exited with return code 0
[2022-08-06 22:25:02,595] {local_task_job.py:273} INFO - 0 downstream tasks scheduled from follow-on schedule check
