[2022-08-06 19:37:45,490] {taskinstance.py:1179} INFO - Dependencies all met for <TaskInstance: our_first_dag_v5.first_task scheduled__2022-01-16T00:00:00+00:00 [queued]>
[2022-08-06 19:37:45,506] {taskinstance.py:1179} INFO - Dependencies all met for <TaskInstance: our_first_dag_v5.first_task scheduled__2022-01-16T00:00:00+00:00 [queued]>
[2022-08-06 19:37:45,507] {taskinstance.py:1376} INFO - 
--------------------------------------------------------------------------------
[2022-08-06 19:37:45,507] {taskinstance.py:1377} INFO - Starting attempt 1 of 6
[2022-08-06 19:37:45,507] {taskinstance.py:1378} INFO - 
--------------------------------------------------------------------------------
[2022-08-06 19:37:45,526] {taskinstance.py:1397} INFO - Executing <Task(BashOperator): first_task> on 2022-01-16 00:00:00+00:00
[2022-08-06 19:37:45,534] {standard_task_runner.py:52} INFO - Started process 1682 to run task
[2022-08-06 19:37:45,537] {standard_task_runner.py:79} INFO - Running: ['***', 'tasks', 'run', 'our_first_dag_v5', 'first_task', 'scheduled__2022-01-16T00:00:00+00:00', '--job-id', '508', '--raw', '--subdir', 'DAGS_FOLDER/pipeline.py', '--cfg-path', '/tmp/tmpiylysxbt', '--error-file', '/tmp/tmpk72n679w']
[2022-08-06 19:37:45,537] {standard_task_runner.py:80} INFO - Job 508: Subtask first_task
[2022-08-06 19:37:45,629] {task_command.py:371} INFO - Running <TaskInstance: our_first_dag_v5.first_task scheduled__2022-01-16T00:00:00+00:00 [running]> on host b29c168c1666
[2022-08-06 19:37:45,808] {taskinstance.py:1591} INFO - Exporting the following env vars:
AIRFLOW_CTX_DAG_OWNER=coder2j
AIRFLOW_CTX_DAG_ID=our_first_dag_v5
AIRFLOW_CTX_TASK_ID=first_task
AIRFLOW_CTX_EXECUTION_DATE=2022-01-16T00:00:00+00:00
AIRFLOW_CTX_TRY_NUMBER=1
AIRFLOW_CTX_DAG_RUN_ID=scheduled__2022-01-16T00:00:00+00:00
[2022-08-06 19:37:45,809] {subprocess.py:62} INFO - Tmp dir root location: 
 /tmp
[2022-08-06 19:37:45,810] {subprocess.py:74} INFO - Running command: ['bash', '-c', 'echo hello world, this is the first task!']
[2022-08-06 19:37:45,824] {subprocess.py:85} INFO - Output:
[2022-08-06 19:37:45,826] {subprocess.py:92} INFO - hello world, this is the first task!
[2022-08-06 19:37:45,826] {subprocess.py:96} INFO - Command exited with return code 0
[2022-08-06 19:37:45,916] {taskinstance.py:1420} INFO - Marking task as SUCCESS. dag_id=our_first_dag_v5, task_id=first_task, execution_date=20220116T000000, start_date=20220806T193745, end_date=20220806T193745
[2022-08-06 19:37:45,953] {local_task_job.py:156} INFO - Task exited with return code 0
[2022-08-06 19:37:46,030] {local_task_job.py:273} INFO - 2 downstream tasks scheduled from follow-on schedule check
[2022-08-06 21:51:40,091] {taskinstance.py:1179} INFO - Dependencies all met for <TaskInstance: our_first_dag_v5.first_task scheduled__2022-01-16T00:00:00+00:00 [queued]>
[2022-08-06 21:51:40,102] {taskinstance.py:1179} INFO - Dependencies all met for <TaskInstance: our_first_dag_v5.first_task scheduled__2022-01-16T00:00:00+00:00 [queued]>
[2022-08-06 21:51:40,102] {taskinstance.py:1376} INFO - 
--------------------------------------------------------------------------------
[2022-08-06 21:51:40,102] {taskinstance.py:1377} INFO - Starting attempt 1 of 6
[2022-08-06 21:51:40,102] {taskinstance.py:1378} INFO - 
--------------------------------------------------------------------------------
[2022-08-06 21:51:40,117] {taskinstance.py:1397} INFO - Executing <Task(BashOperator): first_task> on 2022-01-16 00:00:00+00:00
[2022-08-06 21:51:40,123] {standard_task_runner.py:52} INFO - Started process 1886 to run task
[2022-08-06 21:51:40,125] {standard_task_runner.py:79} INFO - Running: ['***', 'tasks', 'run', 'our_first_dag_v5', 'first_task', 'scheduled__2022-01-16T00:00:00+00:00', '--job-id', '511', '--raw', '--subdir', 'DAGS_FOLDER/pipeline.py', '--cfg-path', '/tmp/tmpwnuqadh8', '--error-file', '/tmp/tmpw9u3083f']
[2022-08-06 21:51:40,125] {standard_task_runner.py:80} INFO - Job 511: Subtask first_task
[2022-08-06 21:51:40,189] {task_command.py:371} INFO - Running <TaskInstance: our_first_dag_v5.first_task scheduled__2022-01-16T00:00:00+00:00 [running]> on host c3f731879890
[2022-08-06 21:51:40,305] {taskinstance.py:1591} INFO - Exporting the following env vars:
AIRFLOW_CTX_DAG_OWNER=coder2j
AIRFLOW_CTX_DAG_ID=our_first_dag_v5
AIRFLOW_CTX_TASK_ID=first_task
AIRFLOW_CTX_EXECUTION_DATE=2022-01-16T00:00:00+00:00
AIRFLOW_CTX_TRY_NUMBER=1
AIRFLOW_CTX_DAG_RUN_ID=scheduled__2022-01-16T00:00:00+00:00
[2022-08-06 21:51:40,306] {subprocess.py:62} INFO - Tmp dir root location: 
 /tmp
[2022-08-06 21:51:40,307] {subprocess.py:74} INFO - Running command: ['bash', '-c', 'echo hello world, this is the first task!']
[2022-08-06 21:51:40,322] {subprocess.py:85} INFO - Output:
[2022-08-06 21:51:40,324] {subprocess.py:92} INFO - hello world, this is the first task!
[2022-08-06 21:51:40,324] {subprocess.py:96} INFO - Command exited with return code 0
[2022-08-06 21:51:40,358] {taskinstance.py:1420} INFO - Marking task as SUCCESS. dag_id=our_first_dag_v5, task_id=first_task, execution_date=20220116T000000, start_date=20220806T215140, end_date=20220806T215140
[2022-08-06 21:51:40,417] {local_task_job.py:156} INFO - Task exited with return code 0
[2022-08-06 21:51:40,451] {local_task_job.py:273} INFO - 0 downstream tasks scheduled from follow-on schedule check
[2022-08-06 21:57:03,899] {taskinstance.py:1179} INFO - Dependencies all met for <TaskInstance: our_first_dag_v5.first_task scheduled__2022-01-16T00:00:00+00:00 [queued]>
[2022-08-06 21:57:03,912] {taskinstance.py:1179} INFO - Dependencies all met for <TaskInstance: our_first_dag_v5.first_task scheduled__2022-01-16T00:00:00+00:00 [queued]>
[2022-08-06 21:57:03,912] {taskinstance.py:1376} INFO - 
--------------------------------------------------------------------------------
[2022-08-06 21:57:03,912] {taskinstance.py:1377} INFO - Starting attempt 1 of 6
[2022-08-06 21:57:03,912] {taskinstance.py:1378} INFO - 
--------------------------------------------------------------------------------
[2022-08-06 21:57:03,929] {taskinstance.py:1397} INFO - Executing <Task(BashOperator): first_task> on 2022-01-16 00:00:00+00:00
[2022-08-06 21:57:03,935] {standard_task_runner.py:52} INFO - Started process 1686 to run task
[2022-08-06 21:57:03,937] {standard_task_runner.py:79} INFO - Running: ['***', 'tasks', 'run', 'our_first_dag_v5', 'first_task', 'scheduled__2022-01-16T00:00:00+00:00', '--job-id', '513', '--raw', '--subdir', 'DAGS_FOLDER/pipeline.py', '--cfg-path', '/tmp/tmp7yjt0zge', '--error-file', '/tmp/tmp64_ku3zv']
[2022-08-06 21:57:03,937] {standard_task_runner.py:80} INFO - Job 513: Subtask first_task
[2022-08-06 21:57:03,997] {task_command.py:371} INFO - Running <TaskInstance: our_first_dag_v5.first_task scheduled__2022-01-16T00:00:00+00:00 [running]> on host bc7e154a4fdd
[2022-08-06 21:57:04,087] {taskinstance.py:1591} INFO - Exporting the following env vars:
AIRFLOW_CTX_DAG_OWNER=coder2j
AIRFLOW_CTX_DAG_ID=our_first_dag_v5
AIRFLOW_CTX_TASK_ID=first_task
AIRFLOW_CTX_EXECUTION_DATE=2022-01-16T00:00:00+00:00
AIRFLOW_CTX_TRY_NUMBER=1
AIRFLOW_CTX_DAG_RUN_ID=scheduled__2022-01-16T00:00:00+00:00
[2022-08-06 21:57:04,088] {subprocess.py:62} INFO - Tmp dir root location: 
 /tmp
[2022-08-06 21:57:04,089] {subprocess.py:74} INFO - Running command: ['bash', '-c', 'echo hello world, this is the first task!']
[2022-08-06 21:57:04,103] {subprocess.py:85} INFO - Output:
[2022-08-06 21:57:04,104] {subprocess.py:92} INFO - hello world, this is the first task!
[2022-08-06 21:57:04,104] {subprocess.py:96} INFO - Command exited with return code 0
[2022-08-06 21:57:04,168] {taskinstance.py:1420} INFO - Marking task as SUCCESS. dag_id=our_first_dag_v5, task_id=first_task, execution_date=20220116T000000, start_date=20220806T215703, end_date=20220806T215704
[2022-08-06 21:57:04,229] {local_task_job.py:156} INFO - Task exited with return code 0
[2022-08-06 21:57:04,268] {local_task_job.py:273} INFO - 2 downstream tasks scheduled from follow-on schedule check
[2022-08-06 22:12:04,519] {taskinstance.py:1179} INFO - Dependencies all met for <TaskInstance: our_first_dag_v5.first_task scheduled__2022-01-16T00:00:00+00:00 [queued]>
[2022-08-06 22:12:04,536] {taskinstance.py:1179} INFO - Dependencies all met for <TaskInstance: our_first_dag_v5.first_task scheduled__2022-01-16T00:00:00+00:00 [queued]>
[2022-08-06 22:12:04,537] {taskinstance.py:1376} INFO - 
--------------------------------------------------------------------------------
[2022-08-06 22:12:04,537] {taskinstance.py:1377} INFO - Starting attempt 1 of 6
[2022-08-06 22:12:04,537] {taskinstance.py:1378} INFO - 
--------------------------------------------------------------------------------
[2022-08-06 22:12:04,553] {taskinstance.py:1397} INFO - Executing <Task(BashOperator): first_task> on 2022-01-16 00:00:00+00:00
[2022-08-06 22:12:04,558] {standard_task_runner.py:52} INFO - Started process 1674 to run task
[2022-08-06 22:12:04,561] {standard_task_runner.py:79} INFO - Running: ['***', 'tasks', 'run', 'our_first_dag_v5', 'first_task', 'scheduled__2022-01-16T00:00:00+00:00', '--job-id', '505', '--raw', '--subdir', 'DAGS_FOLDER/pipeline.py', '--cfg-path', '/tmp/tmpaqqp1yz8', '--error-file', '/tmp/tmpmscls8ep']
[2022-08-06 22:12:04,562] {standard_task_runner.py:80} INFO - Job 505: Subtask first_task
[2022-08-06 22:12:04,637] {task_command.py:371} INFO - Running <TaskInstance: our_first_dag_v5.first_task scheduled__2022-01-16T00:00:00+00:00 [running]> on host 1250c3b659cd
[2022-08-06 22:12:04,756] {taskinstance.py:1591} INFO - Exporting the following env vars:
AIRFLOW_CTX_DAG_OWNER=coder2j
AIRFLOW_CTX_DAG_ID=our_first_dag_v5
AIRFLOW_CTX_TASK_ID=first_task
AIRFLOW_CTX_EXECUTION_DATE=2022-01-16T00:00:00+00:00
AIRFLOW_CTX_TRY_NUMBER=1
AIRFLOW_CTX_DAG_RUN_ID=scheduled__2022-01-16T00:00:00+00:00
[2022-08-06 22:12:04,757] {subprocess.py:62} INFO - Tmp dir root location: 
 /tmp
[2022-08-06 22:12:04,758] {subprocess.py:74} INFO - Running command: ['bash', '-c', 'echo hello world, this is the first task!']
[2022-08-06 22:12:04,772] {subprocess.py:85} INFO - Output:
[2022-08-06 22:12:04,774] {subprocess.py:92} INFO - hello world, this is the first task!
[2022-08-06 22:12:04,774] {subprocess.py:96} INFO - Command exited with return code 0
[2022-08-06 22:12:04,814] {taskinstance.py:1420} INFO - Marking task as SUCCESS. dag_id=our_first_dag_v5, task_id=first_task, execution_date=20220116T000000, start_date=20220806T221204, end_date=20220806T221204
[2022-08-06 22:12:04,853] {local_task_job.py:156} INFO - Task exited with return code 0
[2022-08-06 22:12:04,897] {local_task_job.py:273} INFO - 2 downstream tasks scheduled from follow-on schedule check
[2022-08-06 22:23:24,880] {taskinstance.py:1179} INFO - Dependencies all met for <TaskInstance: our_first_dag_v5.first_task scheduled__2022-01-16T00:00:00+00:00 [queued]>
[2022-08-06 22:23:24,898] {taskinstance.py:1179} INFO - Dependencies all met for <TaskInstance: our_first_dag_v5.first_task scheduled__2022-01-16T00:00:00+00:00 [queued]>
[2022-08-06 22:23:24,898] {taskinstance.py:1376} INFO - 
--------------------------------------------------------------------------------
[2022-08-06 22:23:24,898] {taskinstance.py:1377} INFO - Starting attempt 1 of 6
[2022-08-06 22:23:24,898] {taskinstance.py:1378} INFO - 
--------------------------------------------------------------------------------
[2022-08-06 22:23:24,920] {taskinstance.py:1397} INFO - Executing <Task(BashOperator): first_task> on 2022-01-16 00:00:00+00:00
[2022-08-06 22:23:24,929] {standard_task_runner.py:52} INFO - Started process 1731 to run task
[2022-08-06 22:23:24,934] {standard_task_runner.py:79} INFO - Running: ['***', 'tasks', 'run', 'our_first_dag_v5', 'first_task', 'scheduled__2022-01-16T00:00:00+00:00', '--job-id', '510', '--raw', '--subdir', 'DAGS_FOLDER/pipeline.py', '--cfg-path', '/tmp/tmpgdd1uhuu', '--error-file', '/tmp/tmpukxcbcqz']
[2022-08-06 22:23:24,935] {standard_task_runner.py:80} INFO - Job 510: Subtask first_task
[2022-08-06 22:23:25,034] {task_command.py:371} INFO - Running <TaskInstance: our_first_dag_v5.first_task scheduled__2022-01-16T00:00:00+00:00 [running]> on host b215076695c3
[2022-08-06 22:23:25,141] {taskinstance.py:1591} INFO - Exporting the following env vars:
AIRFLOW_CTX_DAG_OWNER=coder2j
AIRFLOW_CTX_DAG_ID=our_first_dag_v5
AIRFLOW_CTX_TASK_ID=first_task
AIRFLOW_CTX_EXECUTION_DATE=2022-01-16T00:00:00+00:00
AIRFLOW_CTX_TRY_NUMBER=1
AIRFLOW_CTX_DAG_RUN_ID=scheduled__2022-01-16T00:00:00+00:00
[2022-08-06 22:23:25,142] {subprocess.py:62} INFO - Tmp dir root location: 
 /tmp
[2022-08-06 22:23:25,143] {subprocess.py:74} INFO - Running command: ['bash', '-c', 'echo hello world, this is the first task!']
[2022-08-06 22:23:25,156] {subprocess.py:85} INFO - Output:
[2022-08-06 22:23:25,158] {subprocess.py:92} INFO - hello world, this is the first task!
[2022-08-06 22:23:25,158] {subprocess.py:96} INFO - Command exited with return code 0
[2022-08-06 22:23:25,197] {taskinstance.py:1420} INFO - Marking task as SUCCESS. dag_id=our_first_dag_v5, task_id=first_task, execution_date=20220116T000000, start_date=20220806T222324, end_date=20220806T222325
[2022-08-06 22:23:25,225] {local_task_job.py:156} INFO - Task exited with return code 0
[2022-08-06 22:23:25,279] {local_task_job.py:273} INFO - 2 downstream tasks scheduled from follow-on schedule check
