[2022-08-06 19:37:36,589] {taskinstance.py:1179} INFO - Dependencies all met for <TaskInstance: our_first_dag_v5.second_task scheduled__2021-12-29T00:00:00+00:00 [queued]>
[2022-08-06 19:37:36,607] {taskinstance.py:1179} INFO - Dependencies all met for <TaskInstance: our_first_dag_v5.second_task scheduled__2021-12-29T00:00:00+00:00 [queued]>
[2022-08-06 19:37:36,607] {taskinstance.py:1376} INFO - 
--------------------------------------------------------------------------------
[2022-08-06 19:37:36,607] {taskinstance.py:1377} INFO - Starting attempt 1 of 6
[2022-08-06 19:37:36,607] {taskinstance.py:1378} INFO - 
--------------------------------------------------------------------------------
[2022-08-06 19:37:36,625] {taskinstance.py:1397} INFO - Executing <Task(BashOperator): second_task> on 2021-12-29 00:00:00+00:00
[2022-08-06 19:37:36,631] {standard_task_runner.py:52} INFO - Started process 1543 to run task
[2022-08-06 19:37:36,635] {standard_task_runner.py:79} INFO - Running: ['***', 'tasks', 'run', 'our_first_dag_v5', 'second_task', 'scheduled__2021-12-29T00:00:00+00:00', '--job-id', '461', '--raw', '--subdir', 'DAGS_FOLDER/pipeline.py', '--cfg-path', '/tmp/tmprz3904kn', '--error-file', '/tmp/tmpoc8v7o9x']
[2022-08-06 19:37:36,635] {standard_task_runner.py:80} INFO - Job 461: Subtask second_task
[2022-08-06 19:37:36,746] {task_command.py:371} INFO - Running <TaskInstance: our_first_dag_v5.second_task scheduled__2021-12-29T00:00:00+00:00 [running]> on host b29c168c1666
[2022-08-06 19:37:36,882] {taskinstance.py:1591} INFO - Exporting the following env vars:
AIRFLOW_CTX_DAG_OWNER=coder2j
AIRFLOW_CTX_DAG_ID=our_first_dag_v5
AIRFLOW_CTX_TASK_ID=second_task
AIRFLOW_CTX_EXECUTION_DATE=2021-12-29T00:00:00+00:00
AIRFLOW_CTX_TRY_NUMBER=1
AIRFLOW_CTX_DAG_RUN_ID=scheduled__2021-12-29T00:00:00+00:00
[2022-08-06 19:37:36,883] {subprocess.py:62} INFO - Tmp dir root location: 
 /tmp
[2022-08-06 19:37:36,884] {subprocess.py:74} INFO - Running command: ['bash', '-c', 'echo hey, I am task2 and will be running after task1!']
[2022-08-06 19:37:36,903] {subprocess.py:85} INFO - Output:
[2022-08-06 19:37:36,906] {subprocess.py:92} INFO - hey, I am task2 and will be running after task1!
[2022-08-06 19:37:36,906] {subprocess.py:96} INFO - Command exited with return code 0
[2022-08-06 19:37:36,964] {taskinstance.py:1420} INFO - Marking task as SUCCESS. dag_id=our_first_dag_v5, task_id=second_task, execution_date=20211229T000000, start_date=20220806T193736, end_date=20220806T193736
[2022-08-06 19:37:37,006] {local_task_job.py:156} INFO - Task exited with return code 0
[2022-08-06 19:37:37,051] {local_task_job.py:273} INFO - 0 downstream tasks scheduled from follow-on schedule check
[2022-08-06 21:51:27,246] {taskinstance.py:1179} INFO - Dependencies all met for <TaskInstance: our_first_dag_v5.second_task scheduled__2021-12-29T00:00:00+00:00 [queued]>
[2022-08-06 21:51:27,263] {taskinstance.py:1179} INFO - Dependencies all met for <TaskInstance: our_first_dag_v5.second_task scheduled__2021-12-29T00:00:00+00:00 [queued]>
[2022-08-06 21:51:27,263] {taskinstance.py:1376} INFO - 
--------------------------------------------------------------------------------
[2022-08-06 21:51:27,264] {taskinstance.py:1377} INFO - Starting attempt 1 of 6
[2022-08-06 21:51:27,264] {taskinstance.py:1378} INFO - 
--------------------------------------------------------------------------------
[2022-08-06 21:51:27,285] {taskinstance.py:1397} INFO - Executing <Task(BashOperator): second_task> on 2021-12-29 00:00:00+00:00
[2022-08-06 21:51:27,292] {standard_task_runner.py:52} INFO - Started process 1727 to run task
[2022-08-06 21:51:27,295] {standard_task_runner.py:79} INFO - Running: ['***', 'tasks', 'run', 'our_first_dag_v5', 'second_task', 'scheduled__2021-12-29T00:00:00+00:00', '--job-id', '461', '--raw', '--subdir', 'DAGS_FOLDER/pipeline.py', '--cfg-path', '/tmp/tmpo0jg6t9u', '--error-file', '/tmp/tmpipndehzl']
[2022-08-06 21:51:27,295] {standard_task_runner.py:80} INFO - Job 461: Subtask second_task
[2022-08-06 21:51:27,361] {task_command.py:371} INFO - Running <TaskInstance: our_first_dag_v5.second_task scheduled__2021-12-29T00:00:00+00:00 [running]> on host c3f731879890
[2022-08-06 21:51:27,448] {taskinstance.py:1591} INFO - Exporting the following env vars:
AIRFLOW_CTX_DAG_OWNER=coder2j
AIRFLOW_CTX_DAG_ID=our_first_dag_v5
AIRFLOW_CTX_TASK_ID=second_task
AIRFLOW_CTX_EXECUTION_DATE=2021-12-29T00:00:00+00:00
AIRFLOW_CTX_TRY_NUMBER=1
AIRFLOW_CTX_DAG_RUN_ID=scheduled__2021-12-29T00:00:00+00:00
[2022-08-06 21:51:27,449] {subprocess.py:62} INFO - Tmp dir root location: 
 /tmp
[2022-08-06 21:51:27,449] {subprocess.py:74} INFO - Running command: ['bash', '-c', 'echo hey, I am task2 and will be running after task1!']
[2022-08-06 21:51:27,463] {subprocess.py:85} INFO - Output:
[2022-08-06 21:51:27,464] {subprocess.py:92} INFO - hey, I am task2 and will be running after task1!
[2022-08-06 21:51:27,464] {subprocess.py:96} INFO - Command exited with return code 0
[2022-08-06 21:51:27,495] {taskinstance.py:1420} INFO - Marking task as SUCCESS. dag_id=our_first_dag_v5, task_id=second_task, execution_date=20211229T000000, start_date=20220806T215127, end_date=20220806T215127
[2022-08-06 21:51:27,547] {local_task_job.py:156} INFO - Task exited with return code 0
[2022-08-06 21:51:27,578] {local_task_job.py:273} INFO - 0 downstream tasks scheduled from follow-on schedule check
[2022-08-06 21:56:52,514] {taskinstance.py:1179} INFO - Dependencies all met for <TaskInstance: our_first_dag_v5.second_task scheduled__2021-12-29T00:00:00+00:00 [queued]>
[2022-08-06 21:56:52,527] {taskinstance.py:1179} INFO - Dependencies all met for <TaskInstance: our_first_dag_v5.second_task scheduled__2021-12-29T00:00:00+00:00 [queued]>
[2022-08-06 21:56:52,527] {taskinstance.py:1376} INFO - 
--------------------------------------------------------------------------------
[2022-08-06 21:56:52,527] {taskinstance.py:1377} INFO - Starting attempt 1 of 6
[2022-08-06 21:56:52,527] {taskinstance.py:1378} INFO - 
--------------------------------------------------------------------------------
[2022-08-06 21:56:52,545] {taskinstance.py:1397} INFO - Executing <Task(BashOperator): second_task> on 2021-12-29 00:00:00+00:00
[2022-08-06 21:56:52,551] {standard_task_runner.py:52} INFO - Started process 1518 to run task
[2022-08-06 21:56:52,553] {standard_task_runner.py:79} INFO - Running: ['***', 'tasks', 'run', 'our_first_dag_v5', 'second_task', 'scheduled__2021-12-29T00:00:00+00:00', '--job-id', '461', '--raw', '--subdir', 'DAGS_FOLDER/pipeline.py', '--cfg-path', '/tmp/tmpgs05npom', '--error-file', '/tmp/tmp9u5lk5wn']
[2022-08-06 21:56:52,553] {standard_task_runner.py:80} INFO - Job 461: Subtask second_task
[2022-08-06 21:56:52,619] {task_command.py:371} INFO - Running <TaskInstance: our_first_dag_v5.second_task scheduled__2021-12-29T00:00:00+00:00 [running]> on host bc7e154a4fdd
[2022-08-06 21:56:52,703] {taskinstance.py:1591} INFO - Exporting the following env vars:
AIRFLOW_CTX_DAG_OWNER=coder2j
AIRFLOW_CTX_DAG_ID=our_first_dag_v5
AIRFLOW_CTX_TASK_ID=second_task
AIRFLOW_CTX_EXECUTION_DATE=2021-12-29T00:00:00+00:00
AIRFLOW_CTX_TRY_NUMBER=1
AIRFLOW_CTX_DAG_RUN_ID=scheduled__2021-12-29T00:00:00+00:00
[2022-08-06 21:56:52,704] {subprocess.py:62} INFO - Tmp dir root location: 
 /tmp
[2022-08-06 21:56:52,704] {subprocess.py:74} INFO - Running command: ['bash', '-c', 'echo hey, I am task2 and will be running after task1!']
[2022-08-06 21:56:52,716] {subprocess.py:85} INFO - Output:
[2022-08-06 21:56:52,717] {subprocess.py:92} INFO - hey, I am task2 and will be running after task1!
[2022-08-06 21:56:52,717] {subprocess.py:96} INFO - Command exited with return code 0
[2022-08-06 21:56:52,744] {taskinstance.py:1420} INFO - Marking task as SUCCESS. dag_id=our_first_dag_v5, task_id=second_task, execution_date=20211229T000000, start_date=20220806T215652, end_date=20220806T215652
[2022-08-06 21:56:52,765] {local_task_job.py:156} INFO - Task exited with return code 0
[2022-08-06 21:56:52,797] {local_task_job.py:273} INFO - 0 downstream tasks scheduled from follow-on schedule check
[2022-08-06 22:11:57,032] {taskinstance.py:1179} INFO - Dependencies all met for <TaskInstance: our_first_dag_v5.second_task scheduled__2021-12-29T00:00:00+00:00 [queued]>
[2022-08-06 22:11:57,051] {taskinstance.py:1179} INFO - Dependencies all met for <TaskInstance: our_first_dag_v5.second_task scheduled__2021-12-29T00:00:00+00:00 [queued]>
[2022-08-06 22:11:57,052] {taskinstance.py:1376} INFO - 
--------------------------------------------------------------------------------
[2022-08-06 22:11:57,052] {taskinstance.py:1377} INFO - Starting attempt 1 of 6
[2022-08-06 22:11:57,052] {taskinstance.py:1378} INFO - 
--------------------------------------------------------------------------------
[2022-08-06 22:11:57,072] {taskinstance.py:1397} INFO - Executing <Task(BashOperator): second_task> on 2021-12-29 00:00:00+00:00
[2022-08-06 22:11:57,080] {standard_task_runner.py:52} INFO - Started process 1539 to run task
[2022-08-06 22:11:57,084] {standard_task_runner.py:79} INFO - Running: ['***', 'tasks', 'run', 'our_first_dag_v5', 'second_task', 'scheduled__2021-12-29T00:00:00+00:00', '--job-id', '463', '--raw', '--subdir', 'DAGS_FOLDER/pipeline.py', '--cfg-path', '/tmp/tmpfzpoiwt8', '--error-file', '/tmp/tmpws9lcnmi']
[2022-08-06 22:11:57,085] {standard_task_runner.py:80} INFO - Job 463: Subtask second_task
[2022-08-06 22:11:57,153] {task_command.py:371} INFO - Running <TaskInstance: our_first_dag_v5.second_task scheduled__2021-12-29T00:00:00+00:00 [running]> on host 1250c3b659cd
[2022-08-06 22:11:57,244] {taskinstance.py:1591} INFO - Exporting the following env vars:
AIRFLOW_CTX_DAG_OWNER=coder2j
AIRFLOW_CTX_DAG_ID=our_first_dag_v5
AIRFLOW_CTX_TASK_ID=second_task
AIRFLOW_CTX_EXECUTION_DATE=2021-12-29T00:00:00+00:00
AIRFLOW_CTX_TRY_NUMBER=1
AIRFLOW_CTX_DAG_RUN_ID=scheduled__2021-12-29T00:00:00+00:00
[2022-08-06 22:11:57,245] {subprocess.py:62} INFO - Tmp dir root location: 
 /tmp
[2022-08-06 22:11:57,245] {subprocess.py:74} INFO - Running command: ['bash', '-c', 'echo hey, I am task2 and will be running after task1!']
[2022-08-06 22:11:57,260] {subprocess.py:85} INFO - Output:
[2022-08-06 22:11:57,262] {subprocess.py:92} INFO - hey, I am task2 and will be running after task1!
[2022-08-06 22:11:57,262] {subprocess.py:96} INFO - Command exited with return code 0
[2022-08-06 22:11:57,319] {taskinstance.py:1420} INFO - Marking task as SUCCESS. dag_id=our_first_dag_v5, task_id=second_task, execution_date=20211229T000000, start_date=20220806T221157, end_date=20220806T221157
[2022-08-06 22:11:57,376] {local_task_job.py:156} INFO - Task exited with return code 0
[2022-08-06 22:11:57,415] {local_task_job.py:273} INFO - 0 downstream tasks scheduled from follow-on schedule check
[2022-08-06 22:23:17,431] {taskinstance.py:1179} INFO - Dependencies all met for <TaskInstance: our_first_dag_v5.second_task scheduled__2021-12-29T00:00:00+00:00 [queued]>
[2022-08-06 22:23:17,451] {taskinstance.py:1179} INFO - Dependencies all met for <TaskInstance: our_first_dag_v5.second_task scheduled__2021-12-29T00:00:00+00:00 [queued]>
[2022-08-06 22:23:17,452] {taskinstance.py:1376} INFO - 
--------------------------------------------------------------------------------
[2022-08-06 22:23:17,452] {taskinstance.py:1377} INFO - Starting attempt 1 of 6
[2022-08-06 22:23:17,452] {taskinstance.py:1378} INFO - 
--------------------------------------------------------------------------------
[2022-08-06 22:23:17,485] {taskinstance.py:1397} INFO - Executing <Task(BashOperator): second_task> on 2021-12-29 00:00:00+00:00
[2022-08-06 22:23:17,494] {standard_task_runner.py:52} INFO - Started process 1594 to run task
[2022-08-06 22:23:17,497] {standard_task_runner.py:79} INFO - Running: ['***', 'tasks', 'run', 'our_first_dag_v5', 'second_task', 'scheduled__2021-12-29T00:00:00+00:00', '--job-id', '465', '--raw', '--subdir', 'DAGS_FOLDER/pipeline.py', '--cfg-path', '/tmp/tmpb9k8rfwe', '--error-file', '/tmp/tmpeazjom9p']
[2022-08-06 22:23:17,497] {standard_task_runner.py:80} INFO - Job 465: Subtask second_task
[2022-08-06 22:23:17,571] {task_command.py:371} INFO - Running <TaskInstance: our_first_dag_v5.second_task scheduled__2021-12-29T00:00:00+00:00 [running]> on host b215076695c3
[2022-08-06 22:23:17,659] {taskinstance.py:1591} INFO - Exporting the following env vars:
AIRFLOW_CTX_DAG_OWNER=coder2j
AIRFLOW_CTX_DAG_ID=our_first_dag_v5
AIRFLOW_CTX_TASK_ID=second_task
AIRFLOW_CTX_EXECUTION_DATE=2021-12-29T00:00:00+00:00
AIRFLOW_CTX_TRY_NUMBER=1
AIRFLOW_CTX_DAG_RUN_ID=scheduled__2021-12-29T00:00:00+00:00
[2022-08-06 22:23:17,659] {subprocess.py:62} INFO - Tmp dir root location: 
 /tmp
[2022-08-06 22:23:17,660] {subprocess.py:74} INFO - Running command: ['bash', '-c', 'echo hey, I am task2 and will be running after task1!']
[2022-08-06 22:23:17,674] {subprocess.py:85} INFO - Output:
[2022-08-06 22:23:17,676] {subprocess.py:92} INFO - hey, I am task2 and will be running after task1!
[2022-08-06 22:23:17,676] {subprocess.py:96} INFO - Command exited with return code 0
[2022-08-06 22:23:17,713] {taskinstance.py:1420} INFO - Marking task as SUCCESS. dag_id=our_first_dag_v5, task_id=second_task, execution_date=20211229T000000, start_date=20220806T222317, end_date=20220806T222317
[2022-08-06 22:23:17,749] {local_task_job.py:156} INFO - Task exited with return code 0
[2022-08-06 22:23:17,791] {local_task_job.py:273} INFO - 0 downstream tasks scheduled from follow-on schedule check
