[2022-08-06 19:38:56,509] {taskinstance.py:1179} INFO - Dependencies all met for <TaskInstance: our_first_dag_v5.second_task scheduled__2022-05-14T00:00:00+00:00 [queued]>
[2022-08-06 19:38:56,522] {taskinstance.py:1179} INFO - Dependencies all met for <TaskInstance: our_first_dag_v5.second_task scheduled__2022-05-14T00:00:00+00:00 [queued]>
[2022-08-06 19:38:56,522] {taskinstance.py:1376} INFO - 
--------------------------------------------------------------------------------
[2022-08-06 19:38:56,523] {taskinstance.py:1377} INFO - Starting attempt 1 of 6
[2022-08-06 19:38:56,523] {taskinstance.py:1378} INFO - 
--------------------------------------------------------------------------------
[2022-08-06 19:38:56,540] {taskinstance.py:1397} INFO - Executing <Task(BashOperator): second_task> on 2022-05-14 00:00:00+00:00
[2022-08-06 19:38:56,548] {standard_task_runner.py:52} INFO - Started process 2821 to run task
[2022-08-06 19:38:56,551] {standard_task_runner.py:79} INFO - Running: ['***', 'tasks', 'run', 'our_first_dag_v5', 'second_task', 'scheduled__2022-05-14T00:00:00+00:00', '--job-id', '868', '--raw', '--subdir', 'DAGS_FOLDER/pipeline.py', '--cfg-path', '/tmp/tmpobe116k5', '--error-file', '/tmp/tmpsooek_xx']
[2022-08-06 19:38:56,552] {standard_task_runner.py:80} INFO - Job 868: Subtask second_task
[2022-08-06 19:38:56,630] {task_command.py:371} INFO - Running <TaskInstance: our_first_dag_v5.second_task scheduled__2022-05-14T00:00:00+00:00 [running]> on host b29c168c1666
[2022-08-06 19:38:56,746] {taskinstance.py:1591} INFO - Exporting the following env vars:
AIRFLOW_CTX_DAG_OWNER=coder2j
AIRFLOW_CTX_DAG_ID=our_first_dag_v5
AIRFLOW_CTX_TASK_ID=second_task
AIRFLOW_CTX_EXECUTION_DATE=2022-05-14T00:00:00+00:00
AIRFLOW_CTX_TRY_NUMBER=1
AIRFLOW_CTX_DAG_RUN_ID=scheduled__2022-05-14T00:00:00+00:00
[2022-08-06 19:38:56,747] {subprocess.py:62} INFO - Tmp dir root location: 
 /tmp
[2022-08-06 19:38:56,747] {subprocess.py:74} INFO - Running command: ['bash', '-c', 'echo hey, I am task2 and will be running after task1!']
[2022-08-06 19:38:56,764] {subprocess.py:85} INFO - Output:
[2022-08-06 19:38:56,766] {subprocess.py:92} INFO - hey, I am task2 and will be running after task1!
[2022-08-06 19:38:56,767] {subprocess.py:96} INFO - Command exited with return code 0
[2022-08-06 19:38:56,805] {taskinstance.py:1420} INFO - Marking task as SUCCESS. dag_id=our_first_dag_v5, task_id=second_task, execution_date=20220514T000000, start_date=20220806T193856, end_date=20220806T193856
[2022-08-06 19:38:56,849] {local_task_job.py:156} INFO - Task exited with return code 0
[2022-08-06 19:38:56,893] {local_task_job.py:273} INFO - 0 downstream tasks scheduled from follow-on schedule check
[2022-08-06 21:52:47,280] {taskinstance.py:1179} INFO - Dependencies all met for <TaskInstance: our_first_dag_v5.second_task scheduled__2022-05-14T00:00:00+00:00 [queued]>
[2022-08-06 21:52:47,292] {taskinstance.py:1179} INFO - Dependencies all met for <TaskInstance: our_first_dag_v5.second_task scheduled__2022-05-14T00:00:00+00:00 [queued]>
[2022-08-06 21:52:47,292] {taskinstance.py:1376} INFO - 
--------------------------------------------------------------------------------
[2022-08-06 21:52:47,293] {taskinstance.py:1377} INFO - Starting attempt 1 of 6
[2022-08-06 21:52:47,293] {taskinstance.py:1378} INFO - 
--------------------------------------------------------------------------------
[2022-08-06 21:52:47,309] {taskinstance.py:1397} INFO - Executing <Task(BashOperator): second_task> on 2022-05-14 00:00:00+00:00
[2022-08-06 21:52:47,316] {standard_task_runner.py:52} INFO - Started process 3007 to run task
[2022-08-06 21:52:47,318] {standard_task_runner.py:79} INFO - Running: ['***', 'tasks', 'run', 'our_first_dag_v5', 'second_task', 'scheduled__2022-05-14T00:00:00+00:00', '--job-id', '869', '--raw', '--subdir', 'DAGS_FOLDER/pipeline.py', '--cfg-path', '/tmp/tmpuqjdqro4', '--error-file', '/tmp/tmpr_j30iur']
[2022-08-06 21:52:47,318] {standard_task_runner.py:80} INFO - Job 869: Subtask second_task
[2022-08-06 21:52:47,385] {task_command.py:371} INFO - Running <TaskInstance: our_first_dag_v5.second_task scheduled__2022-05-14T00:00:00+00:00 [running]> on host c3f731879890
[2022-08-06 21:52:47,467] {taskinstance.py:1591} INFO - Exporting the following env vars:
AIRFLOW_CTX_DAG_OWNER=coder2j
AIRFLOW_CTX_DAG_ID=our_first_dag_v5
AIRFLOW_CTX_TASK_ID=second_task
AIRFLOW_CTX_EXECUTION_DATE=2022-05-14T00:00:00+00:00
AIRFLOW_CTX_TRY_NUMBER=1
AIRFLOW_CTX_DAG_RUN_ID=scheduled__2022-05-14T00:00:00+00:00
[2022-08-06 21:52:47,468] {subprocess.py:62} INFO - Tmp dir root location: 
 /tmp
[2022-08-06 21:52:47,468] {subprocess.py:74} INFO - Running command: ['bash', '-c', 'echo hey, I am task2 and will be running after task1!']
[2022-08-06 21:52:47,480] {subprocess.py:85} INFO - Output:
[2022-08-06 21:52:47,482] {subprocess.py:92} INFO - hey, I am task2 and will be running after task1!
[2022-08-06 21:52:47,482] {subprocess.py:96} INFO - Command exited with return code 0
[2022-08-06 21:52:47,511] {taskinstance.py:1420} INFO - Marking task as SUCCESS. dag_id=our_first_dag_v5, task_id=second_task, execution_date=20220514T000000, start_date=20220806T215247, end_date=20220806T215247
[2022-08-06 21:52:47,529] {local_task_job.py:156} INFO - Task exited with return code 0
[2022-08-06 21:52:47,567] {local_task_job.py:273} INFO - 0 downstream tasks scheduled from follow-on schedule check
[2022-08-06 21:58:14,971] {taskinstance.py:1179} INFO - Dependencies all met for <TaskInstance: our_first_dag_v5.second_task scheduled__2022-05-14T00:00:00+00:00 [queued]>
[2022-08-06 21:58:14,991] {taskinstance.py:1179} INFO - Dependencies all met for <TaskInstance: our_first_dag_v5.second_task scheduled__2022-05-14T00:00:00+00:00 [queued]>
[2022-08-06 21:58:14,992] {taskinstance.py:1376} INFO - 
--------------------------------------------------------------------------------
[2022-08-06 21:58:14,992] {taskinstance.py:1377} INFO - Starting attempt 1 of 6
[2022-08-06 21:58:14,992] {taskinstance.py:1378} INFO - 
--------------------------------------------------------------------------------
[2022-08-06 21:58:15,011] {taskinstance.py:1397} INFO - Executing <Task(BashOperator): second_task> on 2022-05-14 00:00:00+00:00
[2022-08-06 21:58:15,020] {standard_task_runner.py:52} INFO - Started process 2812 to run task
[2022-08-06 21:58:15,024] {standard_task_runner.py:79} INFO - Running: ['***', 'tasks', 'run', 'our_first_dag_v5', 'second_task', 'scheduled__2022-05-14T00:00:00+00:00', '--job-id', '870', '--raw', '--subdir', 'DAGS_FOLDER/pipeline.py', '--cfg-path', '/tmp/tmpxoe0dphn', '--error-file', '/tmp/tmp33w00mhk']
[2022-08-06 21:58:15,025] {standard_task_runner.py:80} INFO - Job 870: Subtask second_task
[2022-08-06 21:58:15,138] {task_command.py:371} INFO - Running <TaskInstance: our_first_dag_v5.second_task scheduled__2022-05-14T00:00:00+00:00 [running]> on host bc7e154a4fdd
[2022-08-06 21:58:15,250] {taskinstance.py:1591} INFO - Exporting the following env vars:
AIRFLOW_CTX_DAG_OWNER=coder2j
AIRFLOW_CTX_DAG_ID=our_first_dag_v5
AIRFLOW_CTX_TASK_ID=second_task
AIRFLOW_CTX_EXECUTION_DATE=2022-05-14T00:00:00+00:00
AIRFLOW_CTX_TRY_NUMBER=1
AIRFLOW_CTX_DAG_RUN_ID=scheduled__2022-05-14T00:00:00+00:00
[2022-08-06 21:58:15,251] {subprocess.py:62} INFO - Tmp dir root location: 
 /tmp
[2022-08-06 21:58:15,252] {subprocess.py:74} INFO - Running command: ['bash', '-c', 'echo hey, I am task2 and will be running after task1!']
[2022-08-06 21:58:15,272] {subprocess.py:85} INFO - Output:
[2022-08-06 21:58:15,274] {subprocess.py:92} INFO - hey, I am task2 and will be running after task1!
[2022-08-06 21:58:15,274] {subprocess.py:96} INFO - Command exited with return code 0
[2022-08-06 21:58:15,348] {taskinstance.py:1420} INFO - Marking task as SUCCESS. dag_id=our_first_dag_v5, task_id=second_task, execution_date=20220514T000000, start_date=20220806T215814, end_date=20220806T215815
[2022-08-06 21:58:15,402] {local_task_job.py:156} INFO - Task exited with return code 0
[2022-08-06 21:58:15,458] {local_task_job.py:273} INFO - 0 downstream tasks scheduled from follow-on schedule check
[2022-08-06 22:13:15,004] {taskinstance.py:1179} INFO - Dependencies all met for <TaskInstance: our_first_dag_v5.second_task scheduled__2022-05-14T00:00:00+00:00 [queued]>
[2022-08-06 22:13:15,026] {taskinstance.py:1179} INFO - Dependencies all met for <TaskInstance: our_first_dag_v5.second_task scheduled__2022-05-14T00:00:00+00:00 [queued]>
[2022-08-06 22:13:15,026] {taskinstance.py:1376} INFO - 
--------------------------------------------------------------------------------
[2022-08-06 22:13:15,027] {taskinstance.py:1377} INFO - Starting attempt 1 of 6
[2022-08-06 22:13:15,027] {taskinstance.py:1378} INFO - 
--------------------------------------------------------------------------------
[2022-08-06 22:13:15,052] {taskinstance.py:1397} INFO - Executing <Task(BashOperator): second_task> on 2022-05-14 00:00:00+00:00
[2022-08-06 22:13:15,063] {standard_task_runner.py:52} INFO - Started process 2824 to run task
[2022-08-06 22:13:15,070] {standard_task_runner.py:79} INFO - Running: ['***', 'tasks', 'run', 'our_first_dag_v5', 'second_task', 'scheduled__2022-05-14T00:00:00+00:00', '--job-id', '872', '--raw', '--subdir', 'DAGS_FOLDER/pipeline.py', '--cfg-path', '/tmp/tmpj2smz6tp', '--error-file', '/tmp/tmpimt2k1hl']
[2022-08-06 22:13:15,072] {standard_task_runner.py:80} INFO - Job 872: Subtask second_task
[2022-08-06 22:13:15,151] {task_command.py:371} INFO - Running <TaskInstance: our_first_dag_v5.second_task scheduled__2022-05-14T00:00:00+00:00 [running]> on host 1250c3b659cd
[2022-08-06 22:13:15,247] {taskinstance.py:1591} INFO - Exporting the following env vars:
AIRFLOW_CTX_DAG_OWNER=coder2j
AIRFLOW_CTX_DAG_ID=our_first_dag_v5
AIRFLOW_CTX_TASK_ID=second_task
AIRFLOW_CTX_EXECUTION_DATE=2022-05-14T00:00:00+00:00
AIRFLOW_CTX_TRY_NUMBER=1
AIRFLOW_CTX_DAG_RUN_ID=scheduled__2022-05-14T00:00:00+00:00
[2022-08-06 22:13:15,249] {subprocess.py:62} INFO - Tmp dir root location: 
 /tmp
[2022-08-06 22:13:15,249] {subprocess.py:74} INFO - Running command: ['bash', '-c', 'echo hey, I am task2 and will be running after task1!']
[2022-08-06 22:13:15,269] {subprocess.py:85} INFO - Output:
[2022-08-06 22:13:15,271] {subprocess.py:92} INFO - hey, I am task2 and will be running after task1!
[2022-08-06 22:13:15,272] {subprocess.py:96} INFO - Command exited with return code 0
[2022-08-06 22:13:15,313] {taskinstance.py:1420} INFO - Marking task as SUCCESS. dag_id=our_first_dag_v5, task_id=second_task, execution_date=20220514T000000, start_date=20220806T221315, end_date=20220806T221315
[2022-08-06 22:13:15,365] {local_task_job.py:156} INFO - Task exited with return code 0
[2022-08-06 22:13:15,407] {local_task_job.py:273} INFO - 0 downstream tasks scheduled from follow-on schedule check
[2022-08-06 22:24:34,548] {taskinstance.py:1179} INFO - Dependencies all met for <TaskInstance: our_first_dag_v5.second_task scheduled__2022-05-14T00:00:00+00:00 [queued]>
[2022-08-06 22:24:34,570] {taskinstance.py:1179} INFO - Dependencies all met for <TaskInstance: our_first_dag_v5.second_task scheduled__2022-05-14T00:00:00+00:00 [queued]>
[2022-08-06 22:24:34,570] {taskinstance.py:1376} INFO - 
--------------------------------------------------------------------------------
[2022-08-06 22:24:34,570] {taskinstance.py:1377} INFO - Starting attempt 1 of 6
[2022-08-06 22:24:34,570] {taskinstance.py:1378} INFO - 
--------------------------------------------------------------------------------
[2022-08-06 22:24:34,600] {taskinstance.py:1397} INFO - Executing <Task(BashOperator): second_task> on 2022-05-14 00:00:00+00:00
[2022-08-06 22:24:34,609] {standard_task_runner.py:52} INFO - Started process 2887 to run task
[2022-08-06 22:24:34,612] {standard_task_runner.py:79} INFO - Running: ['***', 'tasks', 'run', 'our_first_dag_v5', 'second_task', 'scheduled__2022-05-14T00:00:00+00:00', '--job-id', '877', '--raw', '--subdir', 'DAGS_FOLDER/pipeline.py', '--cfg-path', '/tmp/tmprs6iobw_', '--error-file', '/tmp/tmpu786wnkv']
[2022-08-06 22:24:34,613] {standard_task_runner.py:80} INFO - Job 877: Subtask second_task
[2022-08-06 22:24:34,698] {task_command.py:371} INFO - Running <TaskInstance: our_first_dag_v5.second_task scheduled__2022-05-14T00:00:00+00:00 [running]> on host b215076695c3
[2022-08-06 22:24:34,804] {taskinstance.py:1591} INFO - Exporting the following env vars:
AIRFLOW_CTX_DAG_OWNER=coder2j
AIRFLOW_CTX_DAG_ID=our_first_dag_v5
AIRFLOW_CTX_TASK_ID=second_task
AIRFLOW_CTX_EXECUTION_DATE=2022-05-14T00:00:00+00:00
AIRFLOW_CTX_TRY_NUMBER=1
AIRFLOW_CTX_DAG_RUN_ID=scheduled__2022-05-14T00:00:00+00:00
[2022-08-06 22:24:34,805] {subprocess.py:62} INFO - Tmp dir root location: 
 /tmp
[2022-08-06 22:24:34,805] {subprocess.py:74} INFO - Running command: ['bash', '-c', 'echo hey, I am task2 and will be running after task1!']
[2022-08-06 22:24:34,823] {subprocess.py:85} INFO - Output:
[2022-08-06 22:24:34,825] {subprocess.py:92} INFO - hey, I am task2 and will be running after task1!
[2022-08-06 22:24:34,826] {subprocess.py:96} INFO - Command exited with return code 0
[2022-08-06 22:24:34,866] {taskinstance.py:1420} INFO - Marking task as SUCCESS. dag_id=our_first_dag_v5, task_id=second_task, execution_date=20220514T000000, start_date=20220806T222434, end_date=20220806T222434
[2022-08-06 22:24:34,905] {local_task_job.py:156} INFO - Task exited with return code 0
[2022-08-06 22:24:34,967] {local_task_job.py:273} INFO - 0 downstream tasks scheduled from follow-on schedule check
