[2022-08-06 19:38:02,066] {taskinstance.py:1179} INFO - Dependencies all met for <TaskInstance: our_first_dag_v5.thrid_task scheduled__2022-02-11T00:00:00+00:00 [queued]>
[2022-08-06 19:38:02,080] {taskinstance.py:1179} INFO - Dependencies all met for <TaskInstance: our_first_dag_v5.thrid_task scheduled__2022-02-11T00:00:00+00:00 [queued]>
[2022-08-06 19:38:02,080] {taskinstance.py:1376} INFO - 
--------------------------------------------------------------------------------
[2022-08-06 19:38:02,081] {taskinstance.py:1377} INFO - Starting attempt 1 of 6
[2022-08-06 19:38:02,081] {taskinstance.py:1378} INFO - 
--------------------------------------------------------------------------------
[2022-08-06 19:38:02,099] {taskinstance.py:1397} INFO - Executing <Task(BashOperator): thrid_task> on 2022-02-11 00:00:00+00:00
[2022-08-06 19:38:02,108] {standard_task_runner.py:52} INFO - Started process 1951 to run task
[2022-08-06 19:38:02,111] {standard_task_runner.py:79} INFO - Running: ['***', 'tasks', 'run', 'our_first_dag_v5', 'thrid_task', 'scheduled__2022-02-11T00:00:00+00:00', '--job-id', '592', '--raw', '--subdir', 'DAGS_FOLDER/pipeline.py', '--cfg-path', '/tmp/tmpxfqzqxcx', '--error-file', '/tmp/tmphd_k6pbr']
[2022-08-06 19:38:02,112] {standard_task_runner.py:80} INFO - Job 592: Subtask thrid_task
[2022-08-06 19:38:02,182] {task_command.py:371} INFO - Running <TaskInstance: our_first_dag_v5.thrid_task scheduled__2022-02-11T00:00:00+00:00 [running]> on host b29c168c1666
[2022-08-06 19:38:02,277] {taskinstance.py:1591} INFO - Exporting the following env vars:
AIRFLOW_CTX_DAG_OWNER=coder2j
AIRFLOW_CTX_DAG_ID=our_first_dag_v5
AIRFLOW_CTX_TASK_ID=thrid_task
AIRFLOW_CTX_EXECUTION_DATE=2022-02-11T00:00:00+00:00
AIRFLOW_CTX_TRY_NUMBER=1
AIRFLOW_CTX_DAG_RUN_ID=scheduled__2022-02-11T00:00:00+00:00
[2022-08-06 19:38:02,278] {subprocess.py:62} INFO - Tmp dir root location: 
 /tmp
[2022-08-06 19:38:02,279] {subprocess.py:74} INFO - Running command: ['bash', '-c', 'echo hey, I am task3 and will be running after task1 at the same time as task2!']
[2022-08-06 19:38:02,292] {subprocess.py:85} INFO - Output:
[2022-08-06 19:38:02,294] {subprocess.py:92} INFO - hey, I am task3 and will be running after task1 at the same time as task2!
[2022-08-06 19:38:02,294] {subprocess.py:96} INFO - Command exited with return code 0
[2022-08-06 19:38:02,327] {taskinstance.py:1420} INFO - Marking task as SUCCESS. dag_id=our_first_dag_v5, task_id=thrid_task, execution_date=20220211T000000, start_date=20220806T193802, end_date=20220806T193802
[2022-08-06 19:38:02,363] {local_task_job.py:156} INFO - Task exited with return code 0
[2022-08-06 19:38:02,402] {local_task_job.py:273} INFO - 0 downstream tasks scheduled from follow-on schedule check
[2022-08-06 21:51:55,202] {taskinstance.py:1179} INFO - Dependencies all met for <TaskInstance: our_first_dag_v5.thrid_task scheduled__2022-02-11T00:00:00+00:00 [queued]>
[2022-08-06 21:51:55,214] {taskinstance.py:1179} INFO - Dependencies all met for <TaskInstance: our_first_dag_v5.thrid_task scheduled__2022-02-11T00:00:00+00:00 [queued]>
[2022-08-06 21:51:55,214] {taskinstance.py:1376} INFO - 
--------------------------------------------------------------------------------
[2022-08-06 21:51:55,214] {taskinstance.py:1377} INFO - Starting attempt 1 of 6
[2022-08-06 21:51:55,214] {taskinstance.py:1378} INFO - 
--------------------------------------------------------------------------------
[2022-08-06 21:51:55,230] {taskinstance.py:1397} INFO - Executing <Task(BashOperator): thrid_task> on 2022-02-11 00:00:00+00:00
[2022-08-06 21:51:55,237] {standard_task_runner.py:52} INFO - Started process 2153 to run task
[2022-08-06 21:51:55,241] {standard_task_runner.py:79} INFO - Running: ['***', 'tasks', 'run', 'our_first_dag_v5', 'thrid_task', 'scheduled__2022-02-11T00:00:00+00:00', '--job-id', '597', '--raw', '--subdir', 'DAGS_FOLDER/pipeline.py', '--cfg-path', '/tmp/tmpn6thhzae', '--error-file', '/tmp/tmpvrnnpq0u']
[2022-08-06 21:51:55,242] {standard_task_runner.py:80} INFO - Job 597: Subtask thrid_task
[2022-08-06 21:51:55,317] {task_command.py:371} INFO - Running <TaskInstance: our_first_dag_v5.thrid_task scheduled__2022-02-11T00:00:00+00:00 [running]> on host c3f731879890
[2022-08-06 21:51:55,429] {taskinstance.py:1591} INFO - Exporting the following env vars:
AIRFLOW_CTX_DAG_OWNER=coder2j
AIRFLOW_CTX_DAG_ID=our_first_dag_v5
AIRFLOW_CTX_TASK_ID=thrid_task
AIRFLOW_CTX_EXECUTION_DATE=2022-02-11T00:00:00+00:00
AIRFLOW_CTX_TRY_NUMBER=1
AIRFLOW_CTX_DAG_RUN_ID=scheduled__2022-02-11T00:00:00+00:00
[2022-08-06 21:51:55,430] {subprocess.py:62} INFO - Tmp dir root location: 
 /tmp
[2022-08-06 21:51:55,431] {subprocess.py:74} INFO - Running command: ['bash', '-c', 'echo hey, I am task3 and will be running after task1 at the same time as task2!']
[2022-08-06 21:51:55,447] {subprocess.py:85} INFO - Output:
[2022-08-06 21:51:55,449] {subprocess.py:92} INFO - hey, I am task3 and will be running after task1 at the same time as task2!
[2022-08-06 21:51:55,450] {subprocess.py:96} INFO - Command exited with return code 0
[2022-08-06 21:51:55,516] {taskinstance.py:1420} INFO - Marking task as SUCCESS. dag_id=our_first_dag_v5, task_id=thrid_task, execution_date=20220211T000000, start_date=20220806T215155, end_date=20220806T215155
[2022-08-06 21:51:55,572] {local_task_job.py:156} INFO - Task exited with return code 0
[2022-08-06 21:51:55,614] {local_task_job.py:273} INFO - 0 downstream tasks scheduled from follow-on schedule check
[2022-08-06 21:57:19,246] {taskinstance.py:1179} INFO - Dependencies all met for <TaskInstance: our_first_dag_v5.thrid_task scheduled__2022-02-11T00:00:00+00:00 [queued]>
[2022-08-06 21:57:19,267] {taskinstance.py:1179} INFO - Dependencies all met for <TaskInstance: our_first_dag_v5.thrid_task scheduled__2022-02-11T00:00:00+00:00 [queued]>
[2022-08-06 21:57:19,267] {taskinstance.py:1376} INFO - 
--------------------------------------------------------------------------------
[2022-08-06 21:57:19,267] {taskinstance.py:1377} INFO - Starting attempt 1 of 6
[2022-08-06 21:57:19,267] {taskinstance.py:1378} INFO - 
--------------------------------------------------------------------------------
[2022-08-06 21:57:19,289] {taskinstance.py:1397} INFO - Executing <Task(BashOperator): thrid_task> on 2022-02-11 00:00:00+00:00
[2022-08-06 21:57:19,297] {standard_task_runner.py:52} INFO - Started process 1948 to run task
[2022-08-06 21:57:19,303] {standard_task_runner.py:79} INFO - Running: ['***', 'tasks', 'run', 'our_first_dag_v5', 'thrid_task', 'scheduled__2022-02-11T00:00:00+00:00', '--job-id', '594', '--raw', '--subdir', 'DAGS_FOLDER/pipeline.py', '--cfg-path', '/tmp/tmp3r8b1zvm', '--error-file', '/tmp/tmpq08m0lqq']
[2022-08-06 21:57:19,304] {standard_task_runner.py:80} INFO - Job 594: Subtask thrid_task
[2022-08-06 21:57:19,485] {task_command.py:371} INFO - Running <TaskInstance: our_first_dag_v5.thrid_task scheduled__2022-02-11T00:00:00+00:00 [running]> on host bc7e154a4fdd
[2022-08-06 21:57:19,589] {taskinstance.py:1591} INFO - Exporting the following env vars:
AIRFLOW_CTX_DAG_OWNER=coder2j
AIRFLOW_CTX_DAG_ID=our_first_dag_v5
AIRFLOW_CTX_TASK_ID=thrid_task
AIRFLOW_CTX_EXECUTION_DATE=2022-02-11T00:00:00+00:00
AIRFLOW_CTX_TRY_NUMBER=1
AIRFLOW_CTX_DAG_RUN_ID=scheduled__2022-02-11T00:00:00+00:00
[2022-08-06 21:57:19,590] {subprocess.py:62} INFO - Tmp dir root location: 
 /tmp
[2022-08-06 21:57:19,591] {subprocess.py:74} INFO - Running command: ['bash', '-c', 'echo hey, I am task3 and will be running after task1 at the same time as task2!']
[2022-08-06 21:57:19,606] {subprocess.py:85} INFO - Output:
[2022-08-06 21:57:19,608] {subprocess.py:92} INFO - hey, I am task3 and will be running after task1 at the same time as task2!
[2022-08-06 21:57:19,608] {subprocess.py:96} INFO - Command exited with return code 0
[2022-08-06 21:57:19,646] {taskinstance.py:1420} INFO - Marking task as SUCCESS. dag_id=our_first_dag_v5, task_id=thrid_task, execution_date=20220211T000000, start_date=20220806T215719, end_date=20220806T215719
[2022-08-06 21:57:19,681] {local_task_job.py:156} INFO - Task exited with return code 0
[2022-08-06 21:57:19,731] {local_task_job.py:273} INFO - 0 downstream tasks scheduled from follow-on schedule check
[2022-08-06 22:12:20,010] {taskinstance.py:1179} INFO - Dependencies all met for <TaskInstance: our_first_dag_v5.thrid_task scheduled__2022-02-11T00:00:00+00:00 [queued]>
[2022-08-06 22:12:20,022] {taskinstance.py:1179} INFO - Dependencies all met for <TaskInstance: our_first_dag_v5.thrid_task scheduled__2022-02-11T00:00:00+00:00 [queued]>
[2022-08-06 22:12:20,022] {taskinstance.py:1376} INFO - 
--------------------------------------------------------------------------------
[2022-08-06 22:12:20,022] {taskinstance.py:1377} INFO - Starting attempt 1 of 6
[2022-08-06 22:12:20,022] {taskinstance.py:1378} INFO - 
--------------------------------------------------------------------------------
[2022-08-06 22:12:20,037] {taskinstance.py:1397} INFO - Executing <Task(BashOperator): thrid_task> on 2022-02-11 00:00:00+00:00
[2022-08-06 22:12:20,042] {standard_task_runner.py:52} INFO - Started process 1940 to run task
[2022-08-06 22:12:20,044] {standard_task_runner.py:79} INFO - Running: ['***', 'tasks', 'run', 'our_first_dag_v5', 'thrid_task', 'scheduled__2022-02-11T00:00:00+00:00', '--job-id', '592', '--raw', '--subdir', 'DAGS_FOLDER/pipeline.py', '--cfg-path', '/tmp/tmp6wt83nf6', '--error-file', '/tmp/tmpg58hm0eo']
[2022-08-06 22:12:20,044] {standard_task_runner.py:80} INFO - Job 592: Subtask thrid_task
[2022-08-06 22:12:20,102] {task_command.py:371} INFO - Running <TaskInstance: our_first_dag_v5.thrid_task scheduled__2022-02-11T00:00:00+00:00 [running]> on host 1250c3b659cd
[2022-08-06 22:12:20,174] {taskinstance.py:1591} INFO - Exporting the following env vars:
AIRFLOW_CTX_DAG_OWNER=coder2j
AIRFLOW_CTX_DAG_ID=our_first_dag_v5
AIRFLOW_CTX_TASK_ID=thrid_task
AIRFLOW_CTX_EXECUTION_DATE=2022-02-11T00:00:00+00:00
AIRFLOW_CTX_TRY_NUMBER=1
AIRFLOW_CTX_DAG_RUN_ID=scheduled__2022-02-11T00:00:00+00:00
[2022-08-06 22:12:20,175] {subprocess.py:62} INFO - Tmp dir root location: 
 /tmp
[2022-08-06 22:12:20,175] {subprocess.py:74} INFO - Running command: ['bash', '-c', 'echo hey, I am task3 and will be running after task1 at the same time as task2!']
[2022-08-06 22:12:20,186] {subprocess.py:85} INFO - Output:
[2022-08-06 22:12:20,187] {subprocess.py:92} INFO - hey, I am task3 and will be running after task1 at the same time as task2!
[2022-08-06 22:12:20,187] {subprocess.py:96} INFO - Command exited with return code 0
[2022-08-06 22:12:20,212] {taskinstance.py:1420} INFO - Marking task as SUCCESS. dag_id=our_first_dag_v5, task_id=thrid_task, execution_date=20220211T000000, start_date=20220806T221220, end_date=20220806T221220
[2022-08-06 22:12:20,259] {local_task_job.py:156} INFO - Task exited with return code 0
[2022-08-06 22:12:20,284] {local_task_job.py:273} INFO - 0 downstream tasks scheduled from follow-on schedule check
[2022-08-06 22:23:42,728] {taskinstance.py:1179} INFO - Dependencies all met for <TaskInstance: our_first_dag_v5.thrid_task scheduled__2022-02-11T00:00:00+00:00 [queued]>
[2022-08-06 22:23:42,745] {taskinstance.py:1179} INFO - Dependencies all met for <TaskInstance: our_first_dag_v5.thrid_task scheduled__2022-02-11T00:00:00+00:00 [queued]>
[2022-08-06 22:23:42,745] {taskinstance.py:1376} INFO - 
--------------------------------------------------------------------------------
[2022-08-06 22:23:42,745] {taskinstance.py:1377} INFO - Starting attempt 1 of 6
[2022-08-06 22:23:42,745] {taskinstance.py:1378} INFO - 
--------------------------------------------------------------------------------
[2022-08-06 22:23:42,768] {taskinstance.py:1397} INFO - Executing <Task(BashOperator): thrid_task> on 2022-02-11 00:00:00+00:00
[2022-08-06 22:23:42,777] {standard_task_runner.py:52} INFO - Started process 2012 to run task
[2022-08-06 22:23:42,781] {standard_task_runner.py:79} INFO - Running: ['***', 'tasks', 'run', 'our_first_dag_v5', 'thrid_task', 'scheduled__2022-02-11T00:00:00+00:00', '--job-id', '595', '--raw', '--subdir', 'DAGS_FOLDER/pipeline.py', '--cfg-path', '/tmp/tmp9gaj0j57', '--error-file', '/tmp/tmp8df6jyqu']
[2022-08-06 22:23:42,781] {standard_task_runner.py:80} INFO - Job 595: Subtask thrid_task
[2022-08-06 22:23:42,913] {task_command.py:371} INFO - Running <TaskInstance: our_first_dag_v5.thrid_task scheduled__2022-02-11T00:00:00+00:00 [running]> on host b215076695c3
[2022-08-06 22:23:43,017] {taskinstance.py:1591} INFO - Exporting the following env vars:
AIRFLOW_CTX_DAG_OWNER=coder2j
AIRFLOW_CTX_DAG_ID=our_first_dag_v5
AIRFLOW_CTX_TASK_ID=thrid_task
AIRFLOW_CTX_EXECUTION_DATE=2022-02-11T00:00:00+00:00
AIRFLOW_CTX_TRY_NUMBER=1
AIRFLOW_CTX_DAG_RUN_ID=scheduled__2022-02-11T00:00:00+00:00
[2022-08-06 22:23:43,018] {subprocess.py:62} INFO - Tmp dir root location: 
 /tmp
[2022-08-06 22:23:43,018] {subprocess.py:74} INFO - Running command: ['bash', '-c', 'echo hey, I am task3 and will be running after task1 at the same time as task2!']
[2022-08-06 22:23:43,031] {subprocess.py:85} INFO - Output:
[2022-08-06 22:23:43,033] {subprocess.py:92} INFO - hey, I am task3 and will be running after task1 at the same time as task2!
[2022-08-06 22:23:43,033] {subprocess.py:96} INFO - Command exited with return code 0
[2022-08-06 22:23:43,066] {taskinstance.py:1420} INFO - Marking task as SUCCESS. dag_id=our_first_dag_v5, task_id=thrid_task, execution_date=20220211T000000, start_date=20220806T222342, end_date=20220806T222343
[2022-08-06 22:23:43,113] {local_task_job.py:156} INFO - Task exited with return code 0
[2022-08-06 22:23:43,158] {local_task_job.py:273} INFO - 0 downstream tasks scheduled from follow-on schedule check
