[2022-08-06 19:38:55,091] {taskinstance.py:1179} INFO - Dependencies all met for <TaskInstance: our_first_dag_v5.first_task scheduled__2022-05-12T00:00:00+00:00 [queued]>
[2022-08-06 19:38:55,104] {taskinstance.py:1179} INFO - Dependencies all met for <TaskInstance: our_first_dag_v5.first_task scheduled__2022-05-12T00:00:00+00:00 [queued]>
[2022-08-06 19:38:55,104] {taskinstance.py:1376} INFO - 
--------------------------------------------------------------------------------
[2022-08-06 19:38:55,104] {taskinstance.py:1377} INFO - Starting attempt 1 of 6
[2022-08-06 19:38:55,104] {taskinstance.py:1378} INFO - 
--------------------------------------------------------------------------------
[2022-08-06 19:38:55,124] {taskinstance.py:1397} INFO - Executing <Task(BashOperator): first_task> on 2022-05-12 00:00:00+00:00
[2022-08-06 19:38:55,130] {standard_task_runner.py:52} INFO - Started process 2775 to run task
[2022-08-06 19:38:55,133] {standard_task_runner.py:79} INFO - Running: ['***', 'tasks', 'run', 'our_first_dag_v5', 'first_task', 'scheduled__2022-05-12T00:00:00+00:00', '--job-id', '854', '--raw', '--subdir', 'DAGS_FOLDER/pipeline.py', '--cfg-path', '/tmp/tmp8ez2910e', '--error-file', '/tmp/tmpd0g2gowr']
[2022-08-06 19:38:55,133] {standard_task_runner.py:80} INFO - Job 854: Subtask first_task
[2022-08-06 19:38:55,224] {task_command.py:371} INFO - Running <TaskInstance: our_first_dag_v5.first_task scheduled__2022-05-12T00:00:00+00:00 [running]> on host b29c168c1666
[2022-08-06 19:38:55,330] {taskinstance.py:1591} INFO - Exporting the following env vars:
AIRFLOW_CTX_DAG_OWNER=coder2j
AIRFLOW_CTX_DAG_ID=our_first_dag_v5
AIRFLOW_CTX_TASK_ID=first_task
AIRFLOW_CTX_EXECUTION_DATE=2022-05-12T00:00:00+00:00
AIRFLOW_CTX_TRY_NUMBER=1
AIRFLOW_CTX_DAG_RUN_ID=scheduled__2022-05-12T00:00:00+00:00
[2022-08-06 19:38:55,331] {subprocess.py:62} INFO - Tmp dir root location: 
 /tmp
[2022-08-06 19:38:55,332] {subprocess.py:74} INFO - Running command: ['bash', '-c', 'echo hello world, this is the first task!']
[2022-08-06 19:38:55,348] {subprocess.py:85} INFO - Output:
[2022-08-06 19:38:55,350] {subprocess.py:92} INFO - hello world, this is the first task!
[2022-08-06 19:38:55,350] {subprocess.py:96} INFO - Command exited with return code 0
[2022-08-06 19:38:55,396] {taskinstance.py:1420} INFO - Marking task as SUCCESS. dag_id=our_first_dag_v5, task_id=first_task, execution_date=20220512T000000, start_date=20220806T193855, end_date=20220806T193855
[2022-08-06 19:38:55,425] {local_task_job.py:156} INFO - Task exited with return code 0
[2022-08-06 19:38:55,476] {local_task_job.py:273} INFO - 2 downstream tasks scheduled from follow-on schedule check
[2022-08-06 21:52:45,944] {taskinstance.py:1179} INFO - Dependencies all met for <TaskInstance: our_first_dag_v5.first_task scheduled__2022-05-12T00:00:00+00:00 [queued]>
[2022-08-06 21:52:45,956] {taskinstance.py:1179} INFO - Dependencies all met for <TaskInstance: our_first_dag_v5.first_task scheduled__2022-05-12T00:00:00+00:00 [queued]>
[2022-08-06 21:52:45,956] {taskinstance.py:1376} INFO - 
--------------------------------------------------------------------------------
[2022-08-06 21:52:45,956] {taskinstance.py:1377} INFO - Starting attempt 1 of 6
[2022-08-06 21:52:45,956] {taskinstance.py:1378} INFO - 
--------------------------------------------------------------------------------
[2022-08-06 21:52:45,973] {taskinstance.py:1397} INFO - Executing <Task(BashOperator): first_task> on 2022-05-12 00:00:00+00:00
[2022-08-06 21:52:45,978] {standard_task_runner.py:52} INFO - Started process 2960 to run task
[2022-08-06 21:52:45,981] {standard_task_runner.py:79} INFO - Running: ['***', 'tasks', 'run', 'our_first_dag_v5', 'first_task', 'scheduled__2022-05-12T00:00:00+00:00', '--job-id', '853', '--raw', '--subdir', 'DAGS_FOLDER/pipeline.py', '--cfg-path', '/tmp/tmpp8fq3zi1', '--error-file', '/tmp/tmp45r9sh4f']
[2022-08-06 21:52:45,982] {standard_task_runner.py:80} INFO - Job 853: Subtask first_task
[2022-08-06 21:52:46,059] {task_command.py:371} INFO - Running <TaskInstance: our_first_dag_v5.first_task scheduled__2022-05-12T00:00:00+00:00 [running]> on host c3f731879890
[2022-08-06 21:52:46,151] {taskinstance.py:1591} INFO - Exporting the following env vars:
AIRFLOW_CTX_DAG_OWNER=coder2j
AIRFLOW_CTX_DAG_ID=our_first_dag_v5
AIRFLOW_CTX_TASK_ID=first_task
AIRFLOW_CTX_EXECUTION_DATE=2022-05-12T00:00:00+00:00
AIRFLOW_CTX_TRY_NUMBER=1
AIRFLOW_CTX_DAG_RUN_ID=scheduled__2022-05-12T00:00:00+00:00
[2022-08-06 21:52:46,152] {subprocess.py:62} INFO - Tmp dir root location: 
 /tmp
[2022-08-06 21:52:46,153] {subprocess.py:74} INFO - Running command: ['bash', '-c', 'echo hello world, this is the first task!']
[2022-08-06 21:52:46,166] {subprocess.py:85} INFO - Output:
[2022-08-06 21:52:46,167] {subprocess.py:92} INFO - hello world, this is the first task!
[2022-08-06 21:52:46,168] {subprocess.py:96} INFO - Command exited with return code 0
[2022-08-06 21:52:46,198] {taskinstance.py:1420} INFO - Marking task as SUCCESS. dag_id=our_first_dag_v5, task_id=first_task, execution_date=20220512T000000, start_date=20220806T215245, end_date=20220806T215246
[2022-08-06 21:52:46,233] {local_task_job.py:156} INFO - Task exited with return code 0
[2022-08-06 21:52:46,289] {local_task_job.py:273} INFO - 2 downstream tasks scheduled from follow-on schedule check
[2022-08-06 21:58:13,862] {taskinstance.py:1179} INFO - Dependencies all met for <TaskInstance: our_first_dag_v5.first_task scheduled__2022-05-12T00:00:00+00:00 [queued]>
[2022-08-06 21:58:13,877] {taskinstance.py:1179} INFO - Dependencies all met for <TaskInstance: our_first_dag_v5.first_task scheduled__2022-05-12T00:00:00+00:00 [queued]>
[2022-08-06 21:58:13,877] {taskinstance.py:1376} INFO - 
--------------------------------------------------------------------------------
[2022-08-06 21:58:13,877] {taskinstance.py:1377} INFO - Starting attempt 1 of 6
[2022-08-06 21:58:13,877] {taskinstance.py:1378} INFO - 
--------------------------------------------------------------------------------
[2022-08-06 21:58:13,895] {taskinstance.py:1397} INFO - Executing <Task(BashOperator): first_task> on 2022-05-12 00:00:00+00:00
[2022-08-06 21:58:13,902] {standard_task_runner.py:52} INFO - Started process 2784 to run task
[2022-08-06 21:58:13,905] {standard_task_runner.py:79} INFO - Running: ['***', 'tasks', 'run', 'our_first_dag_v5', 'first_task', 'scheduled__2022-05-12T00:00:00+00:00', '--job-id', '861', '--raw', '--subdir', 'DAGS_FOLDER/pipeline.py', '--cfg-path', '/tmp/tmpvr2x6shk', '--error-file', '/tmp/tmpgdm6b93j']
[2022-08-06 21:58:13,905] {standard_task_runner.py:80} INFO - Job 861: Subtask first_task
[2022-08-06 21:58:13,969] {task_command.py:371} INFO - Running <TaskInstance: our_first_dag_v5.first_task scheduled__2022-05-12T00:00:00+00:00 [running]> on host bc7e154a4fdd
[2022-08-06 21:58:14,056] {taskinstance.py:1591} INFO - Exporting the following env vars:
AIRFLOW_CTX_DAG_OWNER=coder2j
AIRFLOW_CTX_DAG_ID=our_first_dag_v5
AIRFLOW_CTX_TASK_ID=first_task
AIRFLOW_CTX_EXECUTION_DATE=2022-05-12T00:00:00+00:00
AIRFLOW_CTX_TRY_NUMBER=1
AIRFLOW_CTX_DAG_RUN_ID=scheduled__2022-05-12T00:00:00+00:00
[2022-08-06 21:58:14,057] {subprocess.py:62} INFO - Tmp dir root location: 
 /tmp
[2022-08-06 21:58:14,057] {subprocess.py:74} INFO - Running command: ['bash', '-c', 'echo hello world, this is the first task!']
[2022-08-06 21:58:14,072] {subprocess.py:85} INFO - Output:
[2022-08-06 21:58:14,073] {subprocess.py:92} INFO - hello world, this is the first task!
[2022-08-06 21:58:14,073] {subprocess.py:96} INFO - Command exited with return code 0
[2022-08-06 21:58:14,106] {taskinstance.py:1420} INFO - Marking task as SUCCESS. dag_id=our_first_dag_v5, task_id=first_task, execution_date=20220512T000000, start_date=20220806T215813, end_date=20220806T215814
[2022-08-06 21:58:14,156] {local_task_job.py:156} INFO - Task exited with return code 0
[2022-08-06 21:58:14,230] {local_task_job.py:273} INFO - 0 downstream tasks scheduled from follow-on schedule check
[2022-08-06 22:13:13,620] {taskinstance.py:1179} INFO - Dependencies all met for <TaskInstance: our_first_dag_v5.first_task scheduled__2022-05-12T00:00:00+00:00 [queued]>
[2022-08-06 22:13:13,633] {taskinstance.py:1179} INFO - Dependencies all met for <TaskInstance: our_first_dag_v5.first_task scheduled__2022-05-12T00:00:00+00:00 [queued]>
[2022-08-06 22:13:13,633] {taskinstance.py:1376} INFO - 
--------------------------------------------------------------------------------
[2022-08-06 22:13:13,633] {taskinstance.py:1377} INFO - Starting attempt 1 of 6
[2022-08-06 22:13:13,633] {taskinstance.py:1378} INFO - 
--------------------------------------------------------------------------------
[2022-08-06 22:13:13,652] {taskinstance.py:1397} INFO - Executing <Task(BashOperator): first_task> on 2022-05-12 00:00:00+00:00
[2022-08-06 22:13:13,658] {standard_task_runner.py:52} INFO - Started process 2779 to run task
[2022-08-06 22:13:13,660] {standard_task_runner.py:79} INFO - Running: ['***', 'tasks', 'run', 'our_first_dag_v5', 'first_task', 'scheduled__2022-05-12T00:00:00+00:00', '--job-id', '857', '--raw', '--subdir', 'DAGS_FOLDER/pipeline.py', '--cfg-path', '/tmp/tmprbfhze_k', '--error-file', '/tmp/tmprgn3h5ep']
[2022-08-06 22:13:13,660] {standard_task_runner.py:80} INFO - Job 857: Subtask first_task
[2022-08-06 22:13:13,729] {task_command.py:371} INFO - Running <TaskInstance: our_first_dag_v5.first_task scheduled__2022-05-12T00:00:00+00:00 [running]> on host 1250c3b659cd
[2022-08-06 22:13:13,825] {taskinstance.py:1591} INFO - Exporting the following env vars:
AIRFLOW_CTX_DAG_OWNER=coder2j
AIRFLOW_CTX_DAG_ID=our_first_dag_v5
AIRFLOW_CTX_TASK_ID=first_task
AIRFLOW_CTX_EXECUTION_DATE=2022-05-12T00:00:00+00:00
AIRFLOW_CTX_TRY_NUMBER=1
AIRFLOW_CTX_DAG_RUN_ID=scheduled__2022-05-12T00:00:00+00:00
[2022-08-06 22:13:13,826] {subprocess.py:62} INFO - Tmp dir root location: 
 /tmp
[2022-08-06 22:13:13,826] {subprocess.py:74} INFO - Running command: ['bash', '-c', 'echo hello world, this is the first task!']
[2022-08-06 22:13:13,843] {subprocess.py:85} INFO - Output:
[2022-08-06 22:13:13,845] {subprocess.py:92} INFO - hello world, this is the first task!
[2022-08-06 22:13:13,845] {subprocess.py:96} INFO - Command exited with return code 0
[2022-08-06 22:13:13,877] {taskinstance.py:1420} INFO - Marking task as SUCCESS. dag_id=our_first_dag_v5, task_id=first_task, execution_date=20220512T000000, start_date=20220806T221313, end_date=20220806T221313
[2022-08-06 22:13:13,912] {local_task_job.py:156} INFO - Task exited with return code 0
[2022-08-06 22:13:13,953] {local_task_job.py:273} INFO - 0 downstream tasks scheduled from follow-on schedule check
[2022-08-06 22:24:30,921] {taskinstance.py:1179} INFO - Dependencies all met for <TaskInstance: our_first_dag_v5.first_task scheduled__2022-05-12T00:00:00+00:00 [queued]>
[2022-08-06 22:24:30,934] {taskinstance.py:1179} INFO - Dependencies all met for <TaskInstance: our_first_dag_v5.first_task scheduled__2022-05-12T00:00:00+00:00 [queued]>
[2022-08-06 22:24:30,935] {taskinstance.py:1376} INFO - 
--------------------------------------------------------------------------------
[2022-08-06 22:24:30,935] {taskinstance.py:1377} INFO - Starting attempt 1 of 6
[2022-08-06 22:24:30,935] {taskinstance.py:1378} INFO - 
--------------------------------------------------------------------------------
[2022-08-06 22:24:30,952] {taskinstance.py:1397} INFO - Executing <Task(BashOperator): first_task> on 2022-05-12 00:00:00+00:00
[2022-08-06 22:24:30,959] {standard_task_runner.py:52} INFO - Started process 2829 to run task
[2022-08-06 22:24:30,962] {standard_task_runner.py:79} INFO - Running: ['***', 'tasks', 'run', 'our_first_dag_v5', 'first_task', 'scheduled__2022-05-12T00:00:00+00:00', '--job-id', '859', '--raw', '--subdir', 'DAGS_FOLDER/pipeline.py', '--cfg-path', '/tmp/tmpadui1dz8', '--error-file', '/tmp/tmp5r85zqfp']
[2022-08-06 22:24:30,962] {standard_task_runner.py:80} INFO - Job 859: Subtask first_task
[2022-08-06 22:24:31,050] {task_command.py:371} INFO - Running <TaskInstance: our_first_dag_v5.first_task scheduled__2022-05-12T00:00:00+00:00 [running]> on host b215076695c3
[2022-08-06 22:24:31,147] {taskinstance.py:1591} INFO - Exporting the following env vars:
AIRFLOW_CTX_DAG_OWNER=coder2j
AIRFLOW_CTX_DAG_ID=our_first_dag_v5
AIRFLOW_CTX_TASK_ID=first_task
AIRFLOW_CTX_EXECUTION_DATE=2022-05-12T00:00:00+00:00
AIRFLOW_CTX_TRY_NUMBER=1
AIRFLOW_CTX_DAG_RUN_ID=scheduled__2022-05-12T00:00:00+00:00
[2022-08-06 22:24:31,148] {subprocess.py:62} INFO - Tmp dir root location: 
 /tmp
[2022-08-06 22:24:31,148] {subprocess.py:74} INFO - Running command: ['bash', '-c', 'echo hello world, this is the first task!']
[2022-08-06 22:24:31,159] {subprocess.py:85} INFO - Output:
[2022-08-06 22:24:31,161] {subprocess.py:92} INFO - hello world, this is the first task!
[2022-08-06 22:24:31,161] {subprocess.py:96} INFO - Command exited with return code 0
[2022-08-06 22:24:31,199] {taskinstance.py:1420} INFO - Marking task as SUCCESS. dag_id=our_first_dag_v5, task_id=first_task, execution_date=20220512T000000, start_date=20220806T222430, end_date=20220806T222431
[2022-08-06 22:24:31,253] {local_task_job.py:156} INFO - Task exited with return code 0
[2022-08-06 22:24:31,297] {local_task_job.py:273} INFO - 2 downstream tasks scheduled from follow-on schedule check
