[2022-08-07 16:54:07,170] {taskinstance.py:1179} INFO - Dependencies all met for <TaskInstance: training_pipeline_dag.load_table manual__2022-08-07T16:54:05.752163+00:00 [queued]>
[2022-08-07 16:54:07,178] {taskinstance.py:1179} INFO - Dependencies all met for <TaskInstance: training_pipeline_dag.load_table manual__2022-08-07T16:54:05.752163+00:00 [queued]>
[2022-08-07 16:54:07,178] {taskinstance.py:1376} INFO - 
--------------------------------------------------------------------------------
[2022-08-07 16:54:07,178] {taskinstance.py:1377} INFO - Starting attempt 1 of 1
[2022-08-07 16:54:07,178] {taskinstance.py:1378} INFO - 
--------------------------------------------------------------------------------
[2022-08-07 16:54:07,189] {taskinstance.py:1397} INFO - Executing <Task(PythonOperator): load_table> on 2022-08-07 16:54:05.752163+00:00
[2022-08-07 16:54:07,196] {standard_task_runner.py:52} INFO - Started process 214 to run task
[2022-08-07 16:54:07,199] {standard_task_runner.py:79} INFO - Running: ['***', 'tasks', 'run', 'training_pipeline_dag', 'load_table', 'manual__2022-08-07T16:54:05.752163+00:00', '--job-id', '8', '--raw', '--subdir', 'DAGS_FOLDER/pipeline.py', '--cfg-path', '/tmp/tmpbrjd_8so', '--error-file', '/tmp/tmpcpnpo0gy']
[2022-08-07 16:54:07,200] {standard_task_runner.py:80} INFO - Job 8: Subtask load_table
[2022-08-07 16:54:07,252] {task_command.py:371} INFO - Running <TaskInstance: training_pipeline_dag.load_table manual__2022-08-07T16:54:05.752163+00:00 [running]> on host bdd19433ae66
[2022-08-07 16:54:07,330] {taskinstance.py:1591} INFO - Exporting the following env vars:
AIRFLOW_CTX_DAG_OWNER=Gibran Otazo
AIRFLOW_CTX_DAG_ID=training_pipeline_dag
AIRFLOW_CTX_TASK_ID=load_table
AIRFLOW_CTX_EXECUTION_DATE=2022-08-07T16:54:05.752163+00:00
AIRFLOW_CTX_TRY_NUMBER=1
AIRFLOW_CTX_DAG_RUN_ID=manual__2022-08-07T16:54:05.752163+00:00
[2022-08-07 16:54:07,335] {preprocessing.py:9} INFO - Data was loaded successfully!
[2022-08-07 16:54:07,335] {python.py:173} INFO - Done. Returned value was:      PassengerId  Survived  Pclass  ...     Fare Cabin  Embarked
0              1         0       3  ...   7.2500   NaN         S
1              2         1       1  ...  71.2833   C85         C
2              3         1       3  ...   7.9250   NaN         S
3              4         1       1  ...  53.1000  C123         S
4              5         0       3  ...   8.0500   NaN         S
..           ...       ...     ...  ...      ...   ...       ...
886          887         0       2  ...  13.0000   NaN         S
887          888         1       1  ...  30.0000   B42         S
888          889         0       3  ...  23.4500   NaN         S
889          890         1       1  ...  30.0000  C148         C
890          891         0       3  ...   7.7500   NaN         Q

[891 rows x 12 columns]
[2022-08-07 16:54:07,360] {xcom.py:586} ERROR - Could not serialize the XCom value into JSON. If you are using pickle instead of JSON for XCom, then you need to enable pickle support for XCom in your *** config.
[2022-08-07 16:54:07,360] {taskinstance.py:1909} ERROR - Task failed with exception
Traceback (most recent call last):
  File "/home/airflow/.local/lib/python3.7/site-packages/airflow/utils/session.py", line 68, in wrapper
    return func(*args, **kwargs)
  File "/home/airflow/.local/lib/python3.7/site-packages/airflow/models/taskinstance.py", line 2412, in xcom_push
    session=session,
  File "/home/airflow/.local/lib/python3.7/site-packages/airflow/utils/session.py", line 68, in wrapper
    return func(*args, **kwargs)
  File "/home/airflow/.local/lib/python3.7/site-packages/airflow/models/xcom.py", line 198, in set
    map_index=map_index,
  File "/home/airflow/.local/lib/python3.7/site-packages/airflow/models/xcom.py", line 583, in serialize_value
    return json.dumps(value).encode('UTF-8')
  File "/usr/local/lib/python3.7/json/__init__.py", line 231, in dumps
    return _default_encoder.encode(obj)
  File "/usr/local/lib/python3.7/json/encoder.py", line 199, in encode
    chunks = self.iterencode(o, _one_shot=True)
  File "/usr/local/lib/python3.7/json/encoder.py", line 257, in iterencode
    return _iterencode(o, 0)
  File "/usr/local/lib/python3.7/json/encoder.py", line 179, in default
    raise TypeError(f'Object of type {o.__class__.__name__} '
TypeError: Object of type DataFrame is not JSON serializable
[2022-08-07 16:54:07,369] {taskinstance.py:1420} INFO - Marking task as FAILED. dag_id=training_pipeline_dag, task_id=load_table, execution_date=20220807T165405, start_date=20220807T165407, end_date=20220807T165407
[2022-08-07 16:54:07,379] {standard_task_runner.py:97} ERROR - Failed to execute job 8 for task load_table (Object of type DataFrame is not JSON serializable; 214)
[2022-08-07 16:54:07,409] {local_task_job.py:156} INFO - Task exited with return code 1
[2022-08-07 16:54:07,468] {local_task_job.py:273} INFO - 0 downstream tasks scheduled from follow-on schedule check
