[2022-08-06 19:36:01,229] {taskinstance.py:1179} INFO - Dependencies all met for <TaskInstance: our_first_dag_v5.first_task scheduled__2021-08-06T00:00:00+00:00 [queued]>
[2022-08-06 19:36:01,245] {taskinstance.py:1179} INFO - Dependencies all met for <TaskInstance: our_first_dag_v5.first_task scheduled__2021-08-06T00:00:00+00:00 [queued]>
[2022-08-06 19:36:01,246] {taskinstance.py:1376} INFO - 
--------------------------------------------------------------------------------
[2022-08-06 19:36:01,246] {taskinstance.py:1377} INFO - Starting attempt 1 of 6
[2022-08-06 19:36:01,246] {taskinstance.py:1378} INFO - 
--------------------------------------------------------------------------------
[2022-08-06 19:36:01,266] {taskinstance.py:1397} INFO - Executing <Task(BashOperator): first_task> on 2021-08-06 00:00:00+00:00
[2022-08-06 19:36:01,274] {standard_task_runner.py:52} INFO - Started process 142 to run task
[2022-08-06 19:36:01,277] {standard_task_runner.py:79} INFO - Running: ['***', 'tasks', 'run', 'our_first_dag_v5', 'first_task', 'scheduled__2021-08-06T00:00:00+00:00', '--job-id', '20', '--raw', '--subdir', 'DAGS_FOLDER/pipeline.py', '--cfg-path', '/tmp/tmptjspvyc3', '--error-file', '/tmp/tmp6zt5z7z1']
[2022-08-06 19:36:01,278] {standard_task_runner.py:80} INFO - Job 20: Subtask first_task
[2022-08-06 19:36:01,379] {task_command.py:371} INFO - Running <TaskInstance: our_first_dag_v5.first_task scheduled__2021-08-06T00:00:00+00:00 [running]> on host b29c168c1666
[2022-08-06 19:36:01,504] {taskinstance.py:1591} INFO - Exporting the following env vars:
AIRFLOW_CTX_DAG_OWNER=coder2j
AIRFLOW_CTX_DAG_ID=our_first_dag_v5
AIRFLOW_CTX_TASK_ID=first_task
AIRFLOW_CTX_EXECUTION_DATE=2021-08-06T00:00:00+00:00
AIRFLOW_CTX_TRY_NUMBER=1
AIRFLOW_CTX_DAG_RUN_ID=scheduled__2021-08-06T00:00:00+00:00
[2022-08-06 19:36:01,506] {subprocess.py:62} INFO - Tmp dir root location: 
 /tmp
[2022-08-06 19:36:01,506] {subprocess.py:74} INFO - Running command: ['bash', '-c', 'echo hello world, this is the first task!']
[2022-08-06 19:36:01,530] {subprocess.py:85} INFO - Output:
[2022-08-06 19:36:01,531] {subprocess.py:92} INFO - hello world, this is the first task!
[2022-08-06 19:36:01,531] {subprocess.py:96} INFO - Command exited with return code 0
[2022-08-06 19:36:01,587] {taskinstance.py:1420} INFO - Marking task as SUCCESS. dag_id=our_first_dag_v5, task_id=first_task, execution_date=20210806T000000, start_date=20220806T193601, end_date=20220806T193601
[2022-08-06 19:36:01,622] {local_task_job.py:156} INFO - Task exited with return code 0
[2022-08-06 19:36:01,684] {local_task_job.py:273} INFO - 2 downstream tasks scheduled from follow-on schedule check
[2022-08-06 21:49:58,105] {taskinstance.py:1179} INFO - Dependencies all met for <TaskInstance: our_first_dag_v5.first_task scheduled__2021-08-06T00:00:00+00:00 [queued]>
[2022-08-06 21:49:58,119] {taskinstance.py:1179} INFO - Dependencies all met for <TaskInstance: our_first_dag_v5.first_task scheduled__2021-08-06T00:00:00+00:00 [queued]>
[2022-08-06 21:49:58,119] {taskinstance.py:1376} INFO - 
--------------------------------------------------------------------------------
[2022-08-06 21:49:58,119] {taskinstance.py:1377} INFO - Starting attempt 1 of 6
[2022-08-06 21:49:58,119] {taskinstance.py:1378} INFO - 
--------------------------------------------------------------------------------
[2022-08-06 21:49:58,138] {taskinstance.py:1397} INFO - Executing <Task(BashOperator): first_task> on 2021-08-06 00:00:00+00:00
[2022-08-06 21:49:58,146] {standard_task_runner.py:52} INFO - Started process 328 to run task
[2022-08-06 21:49:58,150] {standard_task_runner.py:79} INFO - Running: ['***', 'tasks', 'run', 'our_first_dag_v5', 'first_task', 'scheduled__2021-08-06T00:00:00+00:00', '--job-id', '19', '--raw', '--subdir', 'DAGS_FOLDER/pipeline.py', '--cfg-path', '/tmp/tmp4r1d63zt', '--error-file', '/tmp/tmptkwjuuyk']
[2022-08-06 21:49:58,151] {standard_task_runner.py:80} INFO - Job 19: Subtask first_task
[2022-08-06 21:49:58,229] {task_command.py:371} INFO - Running <TaskInstance: our_first_dag_v5.first_task scheduled__2021-08-06T00:00:00+00:00 [running]> on host c3f731879890
[2022-08-06 21:49:58,335] {taskinstance.py:1591} INFO - Exporting the following env vars:
AIRFLOW_CTX_DAG_OWNER=coder2j
AIRFLOW_CTX_DAG_ID=our_first_dag_v5
AIRFLOW_CTX_TASK_ID=first_task
AIRFLOW_CTX_EXECUTION_DATE=2021-08-06T00:00:00+00:00
AIRFLOW_CTX_TRY_NUMBER=1
AIRFLOW_CTX_DAG_RUN_ID=scheduled__2021-08-06T00:00:00+00:00
[2022-08-06 21:49:58,336] {subprocess.py:62} INFO - Tmp dir root location: 
 /tmp
[2022-08-06 21:49:58,337] {subprocess.py:74} INFO - Running command: ['bash', '-c', 'echo hello world, this is the first task!']
[2022-08-06 21:49:58,354] {subprocess.py:85} INFO - Output:
[2022-08-06 21:49:58,357] {subprocess.py:92} INFO - hello world, this is the first task!
[2022-08-06 21:49:58,357] {subprocess.py:96} INFO - Command exited with return code 0
[2022-08-06 21:49:58,398] {taskinstance.py:1420} INFO - Marking task as SUCCESS. dag_id=our_first_dag_v5, task_id=first_task, execution_date=20210806T000000, start_date=20220806T214958, end_date=20220806T214958
[2022-08-06 21:49:58,441] {local_task_job.py:156} INFO - Task exited with return code 0
[2022-08-06 21:49:58,513] {local_task_job.py:273} INFO - 0 downstream tasks scheduled from follow-on schedule check
[2022-08-06 21:55:27,881] {taskinstance.py:1179} INFO - Dependencies all met for <TaskInstance: our_first_dag_v5.first_task scheduled__2021-08-06T00:00:00+00:00 [queued]>
[2022-08-06 21:55:27,895] {taskinstance.py:1179} INFO - Dependencies all met for <TaskInstance: our_first_dag_v5.first_task scheduled__2021-08-06T00:00:00+00:00 [queued]>
[2022-08-06 21:55:27,895] {taskinstance.py:1376} INFO - 
--------------------------------------------------------------------------------
[2022-08-06 21:55:27,895] {taskinstance.py:1377} INFO - Starting attempt 1 of 6
[2022-08-06 21:55:27,895] {taskinstance.py:1378} INFO - 
--------------------------------------------------------------------------------
[2022-08-06 21:55:27,911] {taskinstance.py:1397} INFO - Executing <Task(BashOperator): first_task> on 2021-08-06 00:00:00+00:00
[2022-08-06 21:55:27,917] {standard_task_runner.py:52} INFO - Started process 127 to run task
[2022-08-06 21:55:27,919] {standard_task_runner.py:79} INFO - Running: ['***', 'tasks', 'run', 'our_first_dag_v5', 'first_task', 'scheduled__2021-08-06T00:00:00+00:00', '--job-id', '16', '--raw', '--subdir', 'DAGS_FOLDER/pipeline.py', '--cfg-path', '/tmp/tmpyukt6yp8', '--error-file', '/tmp/tmpgkuyx0py']
[2022-08-06 21:55:27,919] {standard_task_runner.py:80} INFO - Job 16: Subtask first_task
[2022-08-06 21:55:27,991] {task_command.py:371} INFO - Running <TaskInstance: our_first_dag_v5.first_task scheduled__2021-08-06T00:00:00+00:00 [running]> on host bc7e154a4fdd
[2022-08-06 21:55:28,133] {taskinstance.py:1591} INFO - Exporting the following env vars:
AIRFLOW_CTX_DAG_OWNER=coder2j
AIRFLOW_CTX_DAG_ID=our_first_dag_v5
AIRFLOW_CTX_TASK_ID=first_task
AIRFLOW_CTX_EXECUTION_DATE=2021-08-06T00:00:00+00:00
AIRFLOW_CTX_TRY_NUMBER=1
AIRFLOW_CTX_DAG_RUN_ID=scheduled__2021-08-06T00:00:00+00:00
[2022-08-06 21:55:28,134] {subprocess.py:62} INFO - Tmp dir root location: 
 /tmp
[2022-08-06 21:55:28,135] {subprocess.py:74} INFO - Running command: ['bash', '-c', 'echo hello world, this is the first task!']
[2022-08-06 21:55:28,156] {subprocess.py:85} INFO - Output:
[2022-08-06 21:55:28,158] {subprocess.py:92} INFO - hello world, this is the first task!
[2022-08-06 21:55:28,159] {subprocess.py:96} INFO - Command exited with return code 0
[2022-08-06 21:55:28,205] {taskinstance.py:1420} INFO - Marking task as SUCCESS. dag_id=our_first_dag_v5, task_id=first_task, execution_date=20210806T000000, start_date=20220806T215527, end_date=20220806T215528
[2022-08-06 21:55:28,261] {local_task_job.py:156} INFO - Task exited with return code 0
[2022-08-06 21:55:28,309] {local_task_job.py:273} INFO - 2 downstream tasks scheduled from follow-on schedule check
[2022-08-06 22:10:26,939] {taskinstance.py:1179} INFO - Dependencies all met for <TaskInstance: our_first_dag_v5.first_task scheduled__2021-08-06T00:00:00+00:00 [queued]>
[2022-08-06 22:10:26,953] {taskinstance.py:1179} INFO - Dependencies all met for <TaskInstance: our_first_dag_v5.first_task scheduled__2021-08-06T00:00:00+00:00 [queued]>
[2022-08-06 22:10:26,953] {taskinstance.py:1376} INFO - 
--------------------------------------------------------------------------------
[2022-08-06 22:10:26,953] {taskinstance.py:1377} INFO - Starting attempt 1 of 6
[2022-08-06 22:10:26,954] {taskinstance.py:1378} INFO - 
--------------------------------------------------------------------------------
[2022-08-06 22:10:26,971] {taskinstance.py:1397} INFO - Executing <Task(BashOperator): first_task> on 2021-08-06 00:00:00+00:00
[2022-08-06 22:10:26,977] {standard_task_runner.py:52} INFO - Started process 141 to run task
[2022-08-06 22:10:26,981] {standard_task_runner.py:79} INFO - Running: ['***', 'tasks', 'run', 'our_first_dag_v5', 'first_task', 'scheduled__2021-08-06T00:00:00+00:00', '--job-id', '18', '--raw', '--subdir', 'DAGS_FOLDER/pipeline.py', '--cfg-path', '/tmp/tmp36vw6v4w', '--error-file', '/tmp/tmp2k5hw02i']
[2022-08-06 22:10:26,981] {standard_task_runner.py:80} INFO - Job 18: Subtask first_task
[2022-08-06 22:10:27,074] {task_command.py:371} INFO - Running <TaskInstance: our_first_dag_v5.first_task scheduled__2021-08-06T00:00:00+00:00 [running]> on host 1250c3b659cd
[2022-08-06 22:10:27,180] {taskinstance.py:1591} INFO - Exporting the following env vars:
AIRFLOW_CTX_DAG_OWNER=coder2j
AIRFLOW_CTX_DAG_ID=our_first_dag_v5
AIRFLOW_CTX_TASK_ID=first_task
AIRFLOW_CTX_EXECUTION_DATE=2021-08-06T00:00:00+00:00
AIRFLOW_CTX_TRY_NUMBER=1
AIRFLOW_CTX_DAG_RUN_ID=scheduled__2021-08-06T00:00:00+00:00
[2022-08-06 22:10:27,181] {subprocess.py:62} INFO - Tmp dir root location: 
 /tmp
[2022-08-06 22:10:27,181] {subprocess.py:74} INFO - Running command: ['bash', '-c', 'echo hello world, this is the first task!']
[2022-08-06 22:10:27,197] {subprocess.py:85} INFO - Output:
[2022-08-06 22:10:27,199] {subprocess.py:92} INFO - hello world, this is the first task!
[2022-08-06 22:10:27,200] {subprocess.py:96} INFO - Command exited with return code 0
[2022-08-06 22:10:27,232] {taskinstance.py:1420} INFO - Marking task as SUCCESS. dag_id=our_first_dag_v5, task_id=first_task, execution_date=20210806T000000, start_date=20220806T221026, end_date=20220806T221027
[2022-08-06 22:10:27,272] {local_task_job.py:156} INFO - Task exited with return code 0
[2022-08-06 22:10:27,313] {local_task_job.py:273} INFO - 2 downstream tasks scheduled from follow-on schedule check
[2022-08-06 22:18:14,831] {taskinstance.py:1179} INFO - Dependencies all met for <TaskInstance: our_first_dag_v5.first_task scheduled__2021-08-06T00:00:00+00:00 [queued]>
[2022-08-06 22:18:14,844] {taskinstance.py:1179} INFO - Dependencies all met for <TaskInstance: our_first_dag_v5.first_task scheduled__2021-08-06T00:00:00+00:00 [queued]>
[2022-08-06 22:18:14,844] {taskinstance.py:1376} INFO - 
--------------------------------------------------------------------------------
[2022-08-06 22:18:14,844] {taskinstance.py:1377} INFO - Starting attempt 1 of 6
[2022-08-06 22:18:14,844] {taskinstance.py:1378} INFO - 
--------------------------------------------------------------------------------
[2022-08-06 22:18:14,860] {taskinstance.py:1397} INFO - Executing <Task(BashOperator): first_task> on 2021-08-06 00:00:00+00:00
[2022-08-06 22:18:14,865] {standard_task_runner.py:52} INFO - Started process 145 to run task
[2022-08-06 22:18:14,868] {standard_task_runner.py:79} INFO - Running: ['***', 'tasks', 'run', 'our_first_dag_v5', 'first_task', 'scheduled__2021-08-06T00:00:00+00:00', '--job-id', '17', '--raw', '--subdir', 'DAGS_FOLDER/pipeline.py', '--cfg-path', '/tmp/tmph326lpsv', '--error-file', '/tmp/tmpay5o387n']
[2022-08-06 22:18:14,868] {standard_task_runner.py:80} INFO - Job 17: Subtask first_task
[2022-08-06 22:18:14,950] {task_command.py:371} INFO - Running <TaskInstance: our_first_dag_v5.first_task scheduled__2021-08-06T00:00:00+00:00 [running]> on host ed53bde1c44a
[2022-08-06 22:18:15,070] {taskinstance.py:1591} INFO - Exporting the following env vars:
AIRFLOW_CTX_DAG_OWNER=coder2j
AIRFLOW_CTX_DAG_ID=our_first_dag_v5
AIRFLOW_CTX_TASK_ID=first_task
AIRFLOW_CTX_EXECUTION_DATE=2021-08-06T00:00:00+00:00
AIRFLOW_CTX_TRY_NUMBER=1
AIRFLOW_CTX_DAG_RUN_ID=scheduled__2021-08-06T00:00:00+00:00
[2022-08-06 22:18:15,071] {subprocess.py:62} INFO - Tmp dir root location: 
 /tmp
[2022-08-06 22:18:15,072] {subprocess.py:74} INFO - Running command: ['bash', '-c', 'echo hello world, this is the first task!']
[2022-08-06 22:18:15,090] {subprocess.py:85} INFO - Output:
[2022-08-06 22:18:15,092] {subprocess.py:92} INFO - hello world, this is the first task!
[2022-08-06 22:18:15,092] {subprocess.py:96} INFO - Command exited with return code 0
[2022-08-06 22:18:15,133] {taskinstance.py:1420} INFO - Marking task as SUCCESS. dag_id=our_first_dag_v5, task_id=first_task, execution_date=20210806T000000, start_date=20220806T221814, end_date=20220806T221815
[2022-08-06 22:18:15,200] {local_task_job.py:156} INFO - Task exited with return code 0
[2022-08-06 22:18:15,236] {local_task_job.py:273} INFO - 0 downstream tasks scheduled from follow-on schedule check
[2022-08-06 22:21:48,623] {taskinstance.py:1179} INFO - Dependencies all met for <TaskInstance: our_first_dag_v5.first_task scheduled__2021-08-06T00:00:00+00:00 [queued]>
[2022-08-06 22:21:48,640] {taskinstance.py:1179} INFO - Dependencies all met for <TaskInstance: our_first_dag_v5.first_task scheduled__2021-08-06T00:00:00+00:00 [queued]>
[2022-08-06 22:21:48,641] {taskinstance.py:1376} INFO - 
--------------------------------------------------------------------------------
[2022-08-06 22:21:48,641] {taskinstance.py:1377} INFO - Starting attempt 1 of 6
[2022-08-06 22:21:48,641] {taskinstance.py:1378} INFO - 
--------------------------------------------------------------------------------
[2022-08-06 22:21:48,662] {taskinstance.py:1397} INFO - Executing <Task(BashOperator): first_task> on 2021-08-06 00:00:00+00:00
[2022-08-06 22:21:48,669] {standard_task_runner.py:52} INFO - Started process 187 to run task
[2022-08-06 22:21:48,672] {standard_task_runner.py:79} INFO - Running: ['***', 'tasks', 'run', 'our_first_dag_v5', 'first_task', 'scheduled__2021-08-06T00:00:00+00:00', '--job-id', '19', '--raw', '--subdir', 'DAGS_FOLDER/pipeline.py', '--cfg-path', '/tmp/tmpbdnt2s1n', '--error-file', '/tmp/tmp676aogoo']
[2022-08-06 22:21:48,672] {standard_task_runner.py:80} INFO - Job 19: Subtask first_task
[2022-08-06 22:21:48,752] {task_command.py:371} INFO - Running <TaskInstance: our_first_dag_v5.first_task scheduled__2021-08-06T00:00:00+00:00 [running]> on host b215076695c3
[2022-08-06 22:21:48,866] {taskinstance.py:1591} INFO - Exporting the following env vars:
AIRFLOW_CTX_DAG_OWNER=coder2j
AIRFLOW_CTX_DAG_ID=our_first_dag_v5
AIRFLOW_CTX_TASK_ID=first_task
AIRFLOW_CTX_EXECUTION_DATE=2021-08-06T00:00:00+00:00
AIRFLOW_CTX_TRY_NUMBER=1
AIRFLOW_CTX_DAG_RUN_ID=scheduled__2021-08-06T00:00:00+00:00
[2022-08-06 22:21:48,868] {subprocess.py:62} INFO - Tmp dir root location: 
 /tmp
[2022-08-06 22:21:48,868] {subprocess.py:74} INFO - Running command: ['bash', '-c', 'echo hello world, this is the first task!']
[2022-08-06 22:21:48,885] {subprocess.py:85} INFO - Output:
[2022-08-06 22:21:48,887] {subprocess.py:92} INFO - hello world, this is the first task!
[2022-08-06 22:21:48,888] {subprocess.py:96} INFO - Command exited with return code 0
[2022-08-06 22:21:48,960] {taskinstance.py:1420} INFO - Marking task as SUCCESS. dag_id=our_first_dag_v5, task_id=first_task, execution_date=20210806T000000, start_date=20220806T222148, end_date=20220806T222148
[2022-08-06 22:21:49,003] {local_task_job.py:156} INFO - Task exited with return code 0
[2022-08-06 22:21:49,047] {local_task_job.py:273} INFO - 2 downstream tasks scheduled from follow-on schedule check
