[2022-08-06 19:38:00,484] {taskinstance.py:1179} INFO - Dependencies all met for <TaskInstance: our_first_dag_v5.first_task scheduled__2022-02-08T00:00:00+00:00 [queued]>
[2022-08-06 19:38:00,499] {taskinstance.py:1179} INFO - Dependencies all met for <TaskInstance: our_first_dag_v5.first_task scheduled__2022-02-08T00:00:00+00:00 [queued]>
[2022-08-06 19:38:00,499] {taskinstance.py:1376} INFO - 
--------------------------------------------------------------------------------
[2022-08-06 19:38:00,499] {taskinstance.py:1377} INFO - Starting attempt 1 of 6
[2022-08-06 19:38:00,499] {taskinstance.py:1378} INFO - 
--------------------------------------------------------------------------------
[2022-08-06 19:38:00,521] {taskinstance.py:1397} INFO - Executing <Task(BashOperator): first_task> on 2022-02-08 00:00:00+00:00
[2022-08-06 19:38:00,528] {standard_task_runner.py:52} INFO - Started process 1905 to run task
[2022-08-06 19:38:00,531] {standard_task_runner.py:79} INFO - Running: ['***', 'tasks', 'run', 'our_first_dag_v5', 'first_task', 'scheduled__2022-02-08T00:00:00+00:00', '--job-id', '578', '--raw', '--subdir', 'DAGS_FOLDER/pipeline.py', '--cfg-path', '/tmp/tmpdcvjzlep', '--error-file', '/tmp/tmpib1ltj3r']
[2022-08-06 19:38:00,531] {standard_task_runner.py:80} INFO - Job 578: Subtask first_task
[2022-08-06 19:38:00,601] {task_command.py:371} INFO - Running <TaskInstance: our_first_dag_v5.first_task scheduled__2022-02-08T00:00:00+00:00 [running]> on host b29c168c1666
[2022-08-06 19:38:00,703] {taskinstance.py:1591} INFO - Exporting the following env vars:
AIRFLOW_CTX_DAG_OWNER=coder2j
AIRFLOW_CTX_DAG_ID=our_first_dag_v5
AIRFLOW_CTX_TASK_ID=first_task
AIRFLOW_CTX_EXECUTION_DATE=2022-02-08T00:00:00+00:00
AIRFLOW_CTX_TRY_NUMBER=1
AIRFLOW_CTX_DAG_RUN_ID=scheduled__2022-02-08T00:00:00+00:00
[2022-08-06 19:38:00,704] {subprocess.py:62} INFO - Tmp dir root location: 
 /tmp
[2022-08-06 19:38:00,705] {subprocess.py:74} INFO - Running command: ['bash', '-c', 'echo hello world, this is the first task!']
[2022-08-06 19:38:00,718] {subprocess.py:85} INFO - Output:
[2022-08-06 19:38:00,720] {subprocess.py:92} INFO - hello world, this is the first task!
[2022-08-06 19:38:00,721] {subprocess.py:96} INFO - Command exited with return code 0
[2022-08-06 19:38:00,754] {taskinstance.py:1420} INFO - Marking task as SUCCESS. dag_id=our_first_dag_v5, task_id=first_task, execution_date=20220208T000000, start_date=20220806T193800, end_date=20220806T193800
[2022-08-06 19:38:00,782] {local_task_job.py:156} INFO - Task exited with return code 0
[2022-08-06 19:38:00,856] {local_task_job.py:273} INFO - 0 downstream tasks scheduled from follow-on schedule check
[2022-08-06 21:51:51,735] {taskinstance.py:1179} INFO - Dependencies all met for <TaskInstance: our_first_dag_v5.first_task scheduled__2022-02-08T00:00:00+00:00 [queued]>
[2022-08-06 21:51:51,752] {taskinstance.py:1179} INFO - Dependencies all met for <TaskInstance: our_first_dag_v5.first_task scheduled__2022-02-08T00:00:00+00:00 [queued]>
[2022-08-06 21:51:51,752] {taskinstance.py:1376} INFO - 
--------------------------------------------------------------------------------
[2022-08-06 21:51:51,752] {taskinstance.py:1377} INFO - Starting attempt 1 of 6
[2022-08-06 21:51:51,752] {taskinstance.py:1378} INFO - 
--------------------------------------------------------------------------------
[2022-08-06 21:51:51,773] {taskinstance.py:1397} INFO - Executing <Task(BashOperator): first_task> on 2022-02-08 00:00:00+00:00
[2022-08-06 21:51:51,781] {standard_task_runner.py:52} INFO - Started process 2092 to run task
[2022-08-06 21:51:51,785] {standard_task_runner.py:79} INFO - Running: ['***', 'tasks', 'run', 'our_first_dag_v5', 'first_task', 'scheduled__2022-02-08T00:00:00+00:00', '--job-id', '578', '--raw', '--subdir', 'DAGS_FOLDER/pipeline.py', '--cfg-path', '/tmp/tmpwqohpbm4', '--error-file', '/tmp/tmpnmkyakg0']
[2022-08-06 21:51:51,786] {standard_task_runner.py:80} INFO - Job 578: Subtask first_task
[2022-08-06 21:51:51,866] {task_command.py:371} INFO - Running <TaskInstance: our_first_dag_v5.first_task scheduled__2022-02-08T00:00:00+00:00 [running]> on host c3f731879890
[2022-08-06 21:51:51,950] {taskinstance.py:1591} INFO - Exporting the following env vars:
AIRFLOW_CTX_DAG_OWNER=coder2j
AIRFLOW_CTX_DAG_ID=our_first_dag_v5
AIRFLOW_CTX_TASK_ID=first_task
AIRFLOW_CTX_EXECUTION_DATE=2022-02-08T00:00:00+00:00
AIRFLOW_CTX_TRY_NUMBER=1
AIRFLOW_CTX_DAG_RUN_ID=scheduled__2022-02-08T00:00:00+00:00
[2022-08-06 21:51:51,951] {subprocess.py:62} INFO - Tmp dir root location: 
 /tmp
[2022-08-06 21:51:51,952] {subprocess.py:74} INFO - Running command: ['bash', '-c', 'echo hello world, this is the first task!']
[2022-08-06 21:51:51,966] {subprocess.py:85} INFO - Output:
[2022-08-06 21:51:51,967] {subprocess.py:92} INFO - hello world, this is the first task!
[2022-08-06 21:51:51,968] {subprocess.py:96} INFO - Command exited with return code 0
[2022-08-06 21:51:52,002] {taskinstance.py:1420} INFO - Marking task as SUCCESS. dag_id=our_first_dag_v5, task_id=first_task, execution_date=20220208T000000, start_date=20220806T215151, end_date=20220806T215152
[2022-08-06 21:51:52,035] {local_task_job.py:156} INFO - Task exited with return code 0
[2022-08-06 21:51:52,081] {local_task_job.py:273} INFO - 2 downstream tasks scheduled from follow-on schedule check
[2022-08-06 21:57:17,755] {taskinstance.py:1179} INFO - Dependencies all met for <TaskInstance: our_first_dag_v5.first_task scheduled__2022-02-08T00:00:00+00:00 [queued]>
[2022-08-06 21:57:17,768] {taskinstance.py:1179} INFO - Dependencies all met for <TaskInstance: our_first_dag_v5.first_task scheduled__2022-02-08T00:00:00+00:00 [queued]>
[2022-08-06 21:57:17,768] {taskinstance.py:1376} INFO - 
--------------------------------------------------------------------------------
[2022-08-06 21:57:17,769] {taskinstance.py:1377} INFO - Starting attempt 1 of 6
[2022-08-06 21:57:17,769] {taskinstance.py:1378} INFO - 
--------------------------------------------------------------------------------
[2022-08-06 21:57:17,786] {taskinstance.py:1397} INFO - Executing <Task(BashOperator): first_task> on 2022-02-08 00:00:00+00:00
[2022-08-06 21:57:17,791] {standard_task_runner.py:52} INFO - Started process 1902 to run task
[2022-08-06 21:57:17,794] {standard_task_runner.py:79} INFO - Running: ['***', 'tasks', 'run', 'our_first_dag_v5', 'first_task', 'scheduled__2022-02-08T00:00:00+00:00', '--job-id', '582', '--raw', '--subdir', 'DAGS_FOLDER/pipeline.py', '--cfg-path', '/tmp/tmpwg5e85_n', '--error-file', '/tmp/tmpqnw2r_kw']
[2022-08-06 21:57:17,794] {standard_task_runner.py:80} INFO - Job 582: Subtask first_task
[2022-08-06 21:57:17,860] {task_command.py:371} INFO - Running <TaskInstance: our_first_dag_v5.first_task scheduled__2022-02-08T00:00:00+00:00 [running]> on host bc7e154a4fdd
[2022-08-06 21:57:17,981] {taskinstance.py:1591} INFO - Exporting the following env vars:
AIRFLOW_CTX_DAG_OWNER=coder2j
AIRFLOW_CTX_DAG_ID=our_first_dag_v5
AIRFLOW_CTX_TASK_ID=first_task
AIRFLOW_CTX_EXECUTION_DATE=2022-02-08T00:00:00+00:00
AIRFLOW_CTX_TRY_NUMBER=1
AIRFLOW_CTX_DAG_RUN_ID=scheduled__2022-02-08T00:00:00+00:00
[2022-08-06 21:57:17,982] {subprocess.py:62} INFO - Tmp dir root location: 
 /tmp
[2022-08-06 21:57:17,983] {subprocess.py:74} INFO - Running command: ['bash', '-c', 'echo hello world, this is the first task!']
[2022-08-06 21:57:17,998] {subprocess.py:85} INFO - Output:
[2022-08-06 21:57:18,000] {subprocess.py:92} INFO - hello world, this is the first task!
[2022-08-06 21:57:18,000] {subprocess.py:96} INFO - Command exited with return code 0
[2022-08-06 21:57:18,051] {taskinstance.py:1420} INFO - Marking task as SUCCESS. dag_id=our_first_dag_v5, task_id=first_task, execution_date=20220208T000000, start_date=20220806T215717, end_date=20220806T215718
[2022-08-06 21:57:18,085] {local_task_job.py:156} INFO - Task exited with return code 0
[2022-08-06 21:57:18,128] {local_task_job.py:273} INFO - 2 downstream tasks scheduled from follow-on schedule check
[2022-08-06 22:12:18,559] {taskinstance.py:1179} INFO - Dependencies all met for <TaskInstance: our_first_dag_v5.first_task scheduled__2022-02-08T00:00:00+00:00 [queued]>
[2022-08-06 22:12:18,572] {taskinstance.py:1179} INFO - Dependencies all met for <TaskInstance: our_first_dag_v5.first_task scheduled__2022-02-08T00:00:00+00:00 [queued]>
[2022-08-06 22:12:18,572] {taskinstance.py:1376} INFO - 
--------------------------------------------------------------------------------
[2022-08-06 22:12:18,572] {taskinstance.py:1377} INFO - Starting attempt 1 of 6
[2022-08-06 22:12:18,573] {taskinstance.py:1378} INFO - 
--------------------------------------------------------------------------------
[2022-08-06 22:12:18,587] {taskinstance.py:1397} INFO - Executing <Task(BashOperator): first_task> on 2022-02-08 00:00:00+00:00
[2022-08-06 22:12:18,594] {standard_task_runner.py:52} INFO - Started process 1888 to run task
[2022-08-06 22:12:18,598] {standard_task_runner.py:79} INFO - Running: ['***', 'tasks', 'run', 'our_first_dag_v5', 'first_task', 'scheduled__2022-02-08T00:00:00+00:00', '--job-id', '574', '--raw', '--subdir', 'DAGS_FOLDER/pipeline.py', '--cfg-path', '/tmp/tmp678w3u6d', '--error-file', '/tmp/tmpyzg6e6po']
[2022-08-06 22:12:18,599] {standard_task_runner.py:80} INFO - Job 574: Subtask first_task
[2022-08-06 22:12:18,690] {task_command.py:371} INFO - Running <TaskInstance: our_first_dag_v5.first_task scheduled__2022-02-08T00:00:00+00:00 [running]> on host 1250c3b659cd
[2022-08-06 22:12:18,788] {taskinstance.py:1591} INFO - Exporting the following env vars:
AIRFLOW_CTX_DAG_OWNER=coder2j
AIRFLOW_CTX_DAG_ID=our_first_dag_v5
AIRFLOW_CTX_TASK_ID=first_task
AIRFLOW_CTX_EXECUTION_DATE=2022-02-08T00:00:00+00:00
AIRFLOW_CTX_TRY_NUMBER=1
AIRFLOW_CTX_DAG_RUN_ID=scheduled__2022-02-08T00:00:00+00:00
[2022-08-06 22:12:18,789] {subprocess.py:62} INFO - Tmp dir root location: 
 /tmp
[2022-08-06 22:12:18,790] {subprocess.py:74} INFO - Running command: ['bash', '-c', 'echo hello world, this is the first task!']
[2022-08-06 22:12:18,806] {subprocess.py:85} INFO - Output:
[2022-08-06 22:12:18,808] {subprocess.py:92} INFO - hello world, this is the first task!
[2022-08-06 22:12:18,808] {subprocess.py:96} INFO - Command exited with return code 0
[2022-08-06 22:12:18,862] {taskinstance.py:1420} INFO - Marking task as SUCCESS. dag_id=our_first_dag_v5, task_id=first_task, execution_date=20220208T000000, start_date=20220806T221218, end_date=20220806T221218
[2022-08-06 22:12:18,895] {local_task_job.py:156} INFO - Task exited with return code 0
[2022-08-06 22:12:18,950] {local_task_job.py:273} INFO - 2 downstream tasks scheduled from follow-on schedule check
[2022-08-06 22:23:38,804] {taskinstance.py:1179} INFO - Dependencies all met for <TaskInstance: our_first_dag_v5.first_task scheduled__2022-02-08T00:00:00+00:00 [queued]>
[2022-08-06 22:23:38,816] {taskinstance.py:1179} INFO - Dependencies all met for <TaskInstance: our_first_dag_v5.first_task scheduled__2022-02-08T00:00:00+00:00 [queued]>
[2022-08-06 22:23:38,816] {taskinstance.py:1376} INFO - 
--------------------------------------------------------------------------------
[2022-08-06 22:23:38,817] {taskinstance.py:1377} INFO - Starting attempt 1 of 6
[2022-08-06 22:23:38,817] {taskinstance.py:1378} INFO - 
--------------------------------------------------------------------------------
[2022-08-06 22:23:38,833] {taskinstance.py:1397} INFO - Executing <Task(BashOperator): first_task> on 2022-02-08 00:00:00+00:00
[2022-08-06 22:23:38,840] {standard_task_runner.py:52} INFO - Started process 1947 to run task
[2022-08-06 22:23:38,842] {standard_task_runner.py:79} INFO - Running: ['***', 'tasks', 'run', 'our_first_dag_v5', 'first_task', 'scheduled__2022-02-08T00:00:00+00:00', '--job-id', '580', '--raw', '--subdir', 'DAGS_FOLDER/pipeline.py', '--cfg-path', '/tmp/tmppxipdxih', '--error-file', '/tmp/tmp07y8xjvi']
[2022-08-06 22:23:38,842] {standard_task_runner.py:80} INFO - Job 580: Subtask first_task
[2022-08-06 22:23:38,924] {task_command.py:371} INFO - Running <TaskInstance: our_first_dag_v5.first_task scheduled__2022-02-08T00:00:00+00:00 [running]> on host b215076695c3
[2022-08-06 22:23:39,036] {taskinstance.py:1591} INFO - Exporting the following env vars:
AIRFLOW_CTX_DAG_OWNER=coder2j
AIRFLOW_CTX_DAG_ID=our_first_dag_v5
AIRFLOW_CTX_TASK_ID=first_task
AIRFLOW_CTX_EXECUTION_DATE=2022-02-08T00:00:00+00:00
AIRFLOW_CTX_TRY_NUMBER=1
AIRFLOW_CTX_DAG_RUN_ID=scheduled__2022-02-08T00:00:00+00:00
[2022-08-06 22:23:39,037] {subprocess.py:62} INFO - Tmp dir root location: 
 /tmp
[2022-08-06 22:23:39,037] {subprocess.py:74} INFO - Running command: ['bash', '-c', 'echo hello world, this is the first task!']
[2022-08-06 22:23:39,055] {subprocess.py:85} INFO - Output:
[2022-08-06 22:23:39,057] {subprocess.py:92} INFO - hello world, this is the first task!
[2022-08-06 22:23:39,057] {subprocess.py:96} INFO - Command exited with return code 0
[2022-08-06 22:23:39,092] {taskinstance.py:1420} INFO - Marking task as SUCCESS. dag_id=our_first_dag_v5, task_id=first_task, execution_date=20220208T000000, start_date=20220806T222338, end_date=20220806T222339
[2022-08-06 22:23:39,134] {local_task_job.py:156} INFO - Task exited with return code 0
[2022-08-06 22:23:39,207] {local_task_job.py:273} INFO - 0 downstream tasks scheduled from follow-on schedule check
