[2022-08-06 19:36:10,632] {taskinstance.py:1179} INFO - Dependencies all met for <TaskInstance: our_first_dag_v5.first_task scheduled__2021-08-20T00:00:00+00:00 [queued]>
[2022-08-06 19:36:10,646] {taskinstance.py:1179} INFO - Dependencies all met for <TaskInstance: our_first_dag_v5.first_task scheduled__2021-08-20T00:00:00+00:00 [queued]>
[2022-08-06 19:36:10,647] {taskinstance.py:1376} INFO - 
--------------------------------------------------------------------------------
[2022-08-06 19:36:10,647] {taskinstance.py:1377} INFO - Starting attempt 1 of 6
[2022-08-06 19:36:10,647] {taskinstance.py:1378} INFO - 
--------------------------------------------------------------------------------
[2022-08-06 19:36:10,667] {taskinstance.py:1397} INFO - Executing <Task(BashOperator): first_task> on 2021-08-20 00:00:00+00:00
[2022-08-06 19:36:10,676] {standard_task_runner.py:52} INFO - Started process 265 to run task
[2022-08-06 19:36:10,679] {standard_task_runner.py:79} INFO - Running: ['***', 'tasks', 'run', 'our_first_dag_v5', 'first_task', 'scheduled__2021-08-20T00:00:00+00:00', '--job-id', '60', '--raw', '--subdir', 'DAGS_FOLDER/pipeline.py', '--cfg-path', '/tmp/tmpylj4cf3h', '--error-file', '/tmp/tmpx_yvzwgt']
[2022-08-06 19:36:10,679] {standard_task_runner.py:80} INFO - Job 60: Subtask first_task
[2022-08-06 19:36:10,769] {task_command.py:371} INFO - Running <TaskInstance: our_first_dag_v5.first_task scheduled__2021-08-20T00:00:00+00:00 [running]> on host b29c168c1666
[2022-08-06 19:36:10,936] {taskinstance.py:1591} INFO - Exporting the following env vars:
AIRFLOW_CTX_DAG_OWNER=coder2j
AIRFLOW_CTX_DAG_ID=our_first_dag_v5
AIRFLOW_CTX_TASK_ID=first_task
AIRFLOW_CTX_EXECUTION_DATE=2021-08-20T00:00:00+00:00
AIRFLOW_CTX_TRY_NUMBER=1
AIRFLOW_CTX_DAG_RUN_ID=scheduled__2021-08-20T00:00:00+00:00
[2022-08-06 19:36:10,937] {subprocess.py:62} INFO - Tmp dir root location: 
 /tmp
[2022-08-06 19:36:10,938] {subprocess.py:74} INFO - Running command: ['bash', '-c', 'echo hello world, this is the first task!']
[2022-08-06 19:36:10,958] {subprocess.py:85} INFO - Output:
[2022-08-06 19:36:10,960] {subprocess.py:92} INFO - hello world, this is the first task!
[2022-08-06 19:36:10,961] {subprocess.py:96} INFO - Command exited with return code 0
[2022-08-06 19:36:11,005] {taskinstance.py:1420} INFO - Marking task as SUCCESS. dag_id=our_first_dag_v5, task_id=first_task, execution_date=20210820T000000, start_date=20220806T193610, end_date=20220806T193611
[2022-08-06 19:36:11,053] {local_task_job.py:156} INFO - Task exited with return code 0
[2022-08-06 19:36:11,153] {local_task_job.py:273} INFO - 0 downstream tasks scheduled from follow-on schedule check
[2022-08-06 21:50:05,992] {taskinstance.py:1179} INFO - Dependencies all met for <TaskInstance: our_first_dag_v5.first_task scheduled__2021-08-20T00:00:00+00:00 [queued]>
[2022-08-06 21:50:06,005] {taskinstance.py:1179} INFO - Dependencies all met for <TaskInstance: our_first_dag_v5.first_task scheduled__2021-08-20T00:00:00+00:00 [queued]>
[2022-08-06 21:50:06,006] {taskinstance.py:1376} INFO - 
--------------------------------------------------------------------------------
[2022-08-06 21:50:06,006] {taskinstance.py:1377} INFO - Starting attempt 1 of 6
[2022-08-06 21:50:06,006] {taskinstance.py:1378} INFO - 
--------------------------------------------------------------------------------
[2022-08-06 21:50:06,022] {taskinstance.py:1397} INFO - Executing <Task(BashOperator): first_task> on 2021-08-20 00:00:00+00:00
[2022-08-06 21:50:06,028] {standard_task_runner.py:52} INFO - Started process 454 to run task
[2022-08-06 21:50:06,032] {standard_task_runner.py:79} INFO - Running: ['***', 'tasks', 'run', 'our_first_dag_v5', 'first_task', 'scheduled__2021-08-20T00:00:00+00:00', '--job-id', '57', '--raw', '--subdir', 'DAGS_FOLDER/pipeline.py', '--cfg-path', '/tmp/tmpb03g7seg', '--error-file', '/tmp/tmpwvxbs_la']
[2022-08-06 21:50:06,032] {standard_task_runner.py:80} INFO - Job 57: Subtask first_task
[2022-08-06 21:50:06,122] {task_command.py:371} INFO - Running <TaskInstance: our_first_dag_v5.first_task scheduled__2021-08-20T00:00:00+00:00 [running]> on host c3f731879890
[2022-08-06 21:50:06,233] {taskinstance.py:1591} INFO - Exporting the following env vars:
AIRFLOW_CTX_DAG_OWNER=coder2j
AIRFLOW_CTX_DAG_ID=our_first_dag_v5
AIRFLOW_CTX_TASK_ID=first_task
AIRFLOW_CTX_EXECUTION_DATE=2021-08-20T00:00:00+00:00
AIRFLOW_CTX_TRY_NUMBER=1
AIRFLOW_CTX_DAG_RUN_ID=scheduled__2021-08-20T00:00:00+00:00
[2022-08-06 21:50:06,234] {subprocess.py:62} INFO - Tmp dir root location: 
 /tmp
[2022-08-06 21:50:06,235] {subprocess.py:74} INFO - Running command: ['bash', '-c', 'echo hello world, this is the first task!']
[2022-08-06 21:50:06,252] {subprocess.py:85} INFO - Output:
[2022-08-06 21:50:06,254] {subprocess.py:92} INFO - hello world, this is the first task!
[2022-08-06 21:50:06,254] {subprocess.py:96} INFO - Command exited with return code 0
[2022-08-06 21:50:06,294] {taskinstance.py:1420} INFO - Marking task as SUCCESS. dag_id=our_first_dag_v5, task_id=first_task, execution_date=20210820T000000, start_date=20220806T215005, end_date=20220806T215006
[2022-08-06 21:50:06,322] {local_task_job.py:156} INFO - Task exited with return code 0
[2022-08-06 21:50:06,389] {local_task_job.py:273} INFO - 0 downstream tasks scheduled from follow-on schedule check
[2022-08-06 21:55:37,205] {taskinstance.py:1179} INFO - Dependencies all met for <TaskInstance: our_first_dag_v5.first_task scheduled__2021-08-20T00:00:00+00:00 [queued]>
[2022-08-06 21:55:37,218] {taskinstance.py:1179} INFO - Dependencies all met for <TaskInstance: our_first_dag_v5.first_task scheduled__2021-08-20T00:00:00+00:00 [queued]>
[2022-08-06 21:55:37,218] {taskinstance.py:1376} INFO - 
--------------------------------------------------------------------------------
[2022-08-06 21:55:37,218] {taskinstance.py:1377} INFO - Starting attempt 1 of 6
[2022-08-06 21:55:37,218] {taskinstance.py:1378} INFO - 
--------------------------------------------------------------------------------
[2022-08-06 21:55:37,239] {taskinstance.py:1397} INFO - Executing <Task(BashOperator): first_task> on 2021-08-20 00:00:00+00:00
[2022-08-06 21:55:37,245] {standard_task_runner.py:52} INFO - Started process 265 to run task
[2022-08-06 21:55:37,248] {standard_task_runner.py:79} INFO - Running: ['***', 'tasks', 'run', 'our_first_dag_v5', 'first_task', 'scheduled__2021-08-20T00:00:00+00:00', '--job-id', '60', '--raw', '--subdir', 'DAGS_FOLDER/pipeline.py', '--cfg-path', '/tmp/tmp_m1iy52o', '--error-file', '/tmp/tmp7zrw4_wb']
[2022-08-06 21:55:37,248] {standard_task_runner.py:80} INFO - Job 60: Subtask first_task
[2022-08-06 21:55:37,316] {task_command.py:371} INFO - Running <TaskInstance: our_first_dag_v5.first_task scheduled__2021-08-20T00:00:00+00:00 [running]> on host bc7e154a4fdd
[2022-08-06 21:55:37,395] {taskinstance.py:1591} INFO - Exporting the following env vars:
AIRFLOW_CTX_DAG_OWNER=coder2j
AIRFLOW_CTX_DAG_ID=our_first_dag_v5
AIRFLOW_CTX_TASK_ID=first_task
AIRFLOW_CTX_EXECUTION_DATE=2021-08-20T00:00:00+00:00
AIRFLOW_CTX_TRY_NUMBER=1
AIRFLOW_CTX_DAG_RUN_ID=scheduled__2021-08-20T00:00:00+00:00
[2022-08-06 21:55:37,396] {subprocess.py:62} INFO - Tmp dir root location: 
 /tmp
[2022-08-06 21:55:37,396] {subprocess.py:74} INFO - Running command: ['bash', '-c', 'echo hello world, this is the first task!']
[2022-08-06 21:55:37,410] {subprocess.py:85} INFO - Output:
[2022-08-06 21:55:37,411] {subprocess.py:92} INFO - hello world, this is the first task!
[2022-08-06 21:55:37,411] {subprocess.py:96} INFO - Command exited with return code 0
[2022-08-06 21:55:37,445] {taskinstance.py:1420} INFO - Marking task as SUCCESS. dag_id=our_first_dag_v5, task_id=first_task, execution_date=20210820T000000, start_date=20220806T215537, end_date=20220806T215537
[2022-08-06 21:55:37,500] {local_task_job.py:156} INFO - Task exited with return code 0
[2022-08-06 21:55:37,546] {local_task_job.py:273} INFO - 2 downstream tasks scheduled from follow-on schedule check
[2022-08-06 22:10:36,134] {taskinstance.py:1179} INFO - Dependencies all met for <TaskInstance: our_first_dag_v5.first_task scheduled__2021-08-20T00:00:00+00:00 [queued]>
[2022-08-06 22:10:36,151] {taskinstance.py:1179} INFO - Dependencies all met for <TaskInstance: our_first_dag_v5.first_task scheduled__2021-08-20T00:00:00+00:00 [queued]>
[2022-08-06 22:10:36,151] {taskinstance.py:1376} INFO - 
--------------------------------------------------------------------------------
[2022-08-06 22:10:36,152] {taskinstance.py:1377} INFO - Starting attempt 1 of 6
[2022-08-06 22:10:36,152] {taskinstance.py:1378} INFO - 
--------------------------------------------------------------------------------
[2022-08-06 22:10:36,167] {taskinstance.py:1397} INFO - Executing <Task(BashOperator): first_task> on 2021-08-20 00:00:00+00:00
[2022-08-06 22:10:36,183] {standard_task_runner.py:52} INFO - Started process 265 to run task
[2022-08-06 22:10:36,187] {standard_task_runner.py:79} INFO - Running: ['***', 'tasks', 'run', 'our_first_dag_v5', 'first_task', 'scheduled__2021-08-20T00:00:00+00:00', '--job-id', '60', '--raw', '--subdir', 'DAGS_FOLDER/pipeline.py', '--cfg-path', '/tmp/tmp7knpkh7x', '--error-file', '/tmp/tmpjwiu4dr_']
[2022-08-06 22:10:36,187] {standard_task_runner.py:80} INFO - Job 60: Subtask first_task
[2022-08-06 22:10:36,287] {task_command.py:371} INFO - Running <TaskInstance: our_first_dag_v5.first_task scheduled__2021-08-20T00:00:00+00:00 [running]> on host 1250c3b659cd
[2022-08-06 22:10:36,404] {taskinstance.py:1591} INFO - Exporting the following env vars:
AIRFLOW_CTX_DAG_OWNER=coder2j
AIRFLOW_CTX_DAG_ID=our_first_dag_v5
AIRFLOW_CTX_TASK_ID=first_task
AIRFLOW_CTX_EXECUTION_DATE=2021-08-20T00:00:00+00:00
AIRFLOW_CTX_TRY_NUMBER=1
AIRFLOW_CTX_DAG_RUN_ID=scheduled__2021-08-20T00:00:00+00:00
[2022-08-06 22:10:36,406] {subprocess.py:62} INFO - Tmp dir root location: 
 /tmp
[2022-08-06 22:10:36,406] {subprocess.py:74} INFO - Running command: ['bash', '-c', 'echo hello world, this is the first task!']
[2022-08-06 22:10:36,424] {subprocess.py:85} INFO - Output:
[2022-08-06 22:10:36,426] {subprocess.py:92} INFO - hello world, this is the first task!
[2022-08-06 22:10:36,426] {subprocess.py:96} INFO - Command exited with return code 0
[2022-08-06 22:10:36,500] {taskinstance.py:1420} INFO - Marking task as SUCCESS. dag_id=our_first_dag_v5, task_id=first_task, execution_date=20210820T000000, start_date=20220806T221036, end_date=20220806T221036
[2022-08-06 22:10:36,561] {local_task_job.py:156} INFO - Task exited with return code 0
[2022-08-06 22:10:36,614] {local_task_job.py:273} INFO - 2 downstream tasks scheduled from follow-on schedule check
[2022-08-06 22:18:23,585] {taskinstance.py:1179} INFO - Dependencies all met for <TaskInstance: our_first_dag_v5.first_task scheduled__2021-08-20T00:00:00+00:00 [queued]>
[2022-08-06 22:18:23,601] {taskinstance.py:1179} INFO - Dependencies all met for <TaskInstance: our_first_dag_v5.first_task scheduled__2021-08-20T00:00:00+00:00 [queued]>
[2022-08-06 22:18:23,602] {taskinstance.py:1376} INFO - 
--------------------------------------------------------------------------------
[2022-08-06 22:18:23,602] {taskinstance.py:1377} INFO - Starting attempt 1 of 6
[2022-08-06 22:18:23,602] {taskinstance.py:1378} INFO - 
--------------------------------------------------------------------------------
[2022-08-06 22:18:23,625] {taskinstance.py:1397} INFO - Executing <Task(BashOperator): first_task> on 2021-08-20 00:00:00+00:00
[2022-08-06 22:18:23,632] {standard_task_runner.py:52} INFO - Started process 284 to run task
[2022-08-06 22:18:23,635] {standard_task_runner.py:79} INFO - Running: ['***', 'tasks', 'run', 'our_first_dag_v5', 'first_task', 'scheduled__2021-08-20T00:00:00+00:00', '--job-id', '60', '--raw', '--subdir', 'DAGS_FOLDER/pipeline.py', '--cfg-path', '/tmp/tmpobud09g7', '--error-file', '/tmp/tmp3aih7i4v']
[2022-08-06 22:18:23,635] {standard_task_runner.py:80} INFO - Job 60: Subtask first_task
[2022-08-06 22:18:23,723] {task_command.py:371} INFO - Running <TaskInstance: our_first_dag_v5.first_task scheduled__2021-08-20T00:00:00+00:00 [running]> on host ed53bde1c44a
[2022-08-06 22:18:23,817] {taskinstance.py:1591} INFO - Exporting the following env vars:
AIRFLOW_CTX_DAG_OWNER=coder2j
AIRFLOW_CTX_DAG_ID=our_first_dag_v5
AIRFLOW_CTX_TASK_ID=first_task
AIRFLOW_CTX_EXECUTION_DATE=2021-08-20T00:00:00+00:00
AIRFLOW_CTX_TRY_NUMBER=1
AIRFLOW_CTX_DAG_RUN_ID=scheduled__2021-08-20T00:00:00+00:00
[2022-08-06 22:18:23,818] {subprocess.py:62} INFO - Tmp dir root location: 
 /tmp
[2022-08-06 22:18:23,818] {subprocess.py:74} INFO - Running command: ['bash', '-c', 'echo hello world, this is the first task!']
[2022-08-06 22:18:23,831] {subprocess.py:85} INFO - Output:
[2022-08-06 22:18:23,832] {subprocess.py:92} INFO - hello world, this is the first task!
[2022-08-06 22:18:23,833] {subprocess.py:96} INFO - Command exited with return code 0
[2022-08-06 22:18:23,864] {taskinstance.py:1420} INFO - Marking task as SUCCESS. dag_id=our_first_dag_v5, task_id=first_task, execution_date=20210820T000000, start_date=20220806T221823, end_date=20220806T221823
[2022-08-06 22:18:23,927] {local_task_job.py:156} INFO - Task exited with return code 0
[2022-08-06 22:18:23,985] {local_task_job.py:273} INFO - 2 downstream tasks scheduled from follow-on schedule check
[2022-08-06 22:21:57,075] {taskinstance.py:1179} INFO - Dependencies all met for <TaskInstance: our_first_dag_v5.first_task scheduled__2021-08-20T00:00:00+00:00 [queued]>
[2022-08-06 22:21:57,090] {taskinstance.py:1179} INFO - Dependencies all met for <TaskInstance: our_first_dag_v5.first_task scheduled__2021-08-20T00:00:00+00:00 [queued]>
[2022-08-06 22:21:57,090] {taskinstance.py:1376} INFO - 
--------------------------------------------------------------------------------
[2022-08-06 22:21:57,090] {taskinstance.py:1377} INFO - Starting attempt 1 of 6
[2022-08-06 22:21:57,090] {taskinstance.py:1378} INFO - 
--------------------------------------------------------------------------------
[2022-08-06 22:21:57,105] {taskinstance.py:1397} INFO - Executing <Task(BashOperator): first_task> on 2021-08-20 00:00:00+00:00
[2022-08-06 22:21:57,122] {standard_task_runner.py:52} INFO - Started process 315 to run task
[2022-08-06 22:21:57,126] {standard_task_runner.py:79} INFO - Running: ['***', 'tasks', 'run', 'our_first_dag_v5', 'first_task', 'scheduled__2021-08-20T00:00:00+00:00', '--job-id', '60', '--raw', '--subdir', 'DAGS_FOLDER/pipeline.py', '--cfg-path', '/tmp/tmphb9xf__w', '--error-file', '/tmp/tmpnbmpgnzo']
[2022-08-06 22:21:57,126] {standard_task_runner.py:80} INFO - Job 60: Subtask first_task
[2022-08-06 22:21:57,214] {task_command.py:371} INFO - Running <TaskInstance: our_first_dag_v5.first_task scheduled__2021-08-20T00:00:00+00:00 [running]> on host b215076695c3
[2022-08-06 22:21:57,334] {taskinstance.py:1591} INFO - Exporting the following env vars:
AIRFLOW_CTX_DAG_OWNER=coder2j
AIRFLOW_CTX_DAG_ID=our_first_dag_v5
AIRFLOW_CTX_TASK_ID=first_task
AIRFLOW_CTX_EXECUTION_DATE=2021-08-20T00:00:00+00:00
AIRFLOW_CTX_TRY_NUMBER=1
AIRFLOW_CTX_DAG_RUN_ID=scheduled__2021-08-20T00:00:00+00:00
[2022-08-06 22:21:57,335] {subprocess.py:62} INFO - Tmp dir root location: 
 /tmp
[2022-08-06 22:21:57,335] {subprocess.py:74} INFO - Running command: ['bash', '-c', 'echo hello world, this is the first task!']
[2022-08-06 22:21:57,351] {subprocess.py:85} INFO - Output:
[2022-08-06 22:21:57,353] {subprocess.py:92} INFO - hello world, this is the first task!
[2022-08-06 22:21:57,353] {subprocess.py:96} INFO - Command exited with return code 0
[2022-08-06 22:21:57,427] {taskinstance.py:1420} INFO - Marking task as SUCCESS. dag_id=our_first_dag_v5, task_id=first_task, execution_date=20210820T000000, start_date=20220806T222157, end_date=20220806T222157
[2022-08-06 22:21:57,457] {local_task_job.py:156} INFO - Task exited with return code 0
[2022-08-06 22:21:57,511] {local_task_job.py:273} INFO - 2 downstream tasks scheduled from follow-on schedule check
