[2022-08-06 19:36:07,233] {taskinstance.py:1179} INFO - Dependencies all met for <TaskInstance: our_first_dag_v5.second_task scheduled__2021-08-13T00:00:00+00:00 [queued]>
[2022-08-06 19:36:07,247] {taskinstance.py:1179} INFO - Dependencies all met for <TaskInstance: our_first_dag_v5.second_task scheduled__2021-08-13T00:00:00+00:00 [queued]>
[2022-08-06 19:36:07,247] {taskinstance.py:1376} INFO - 
--------------------------------------------------------------------------------
[2022-08-06 19:36:07,247] {taskinstance.py:1377} INFO - Starting attempt 1 of 6
[2022-08-06 19:36:07,247] {taskinstance.py:1378} INFO - 
--------------------------------------------------------------------------------
[2022-08-06 19:36:07,262] {taskinstance.py:1397} INFO - Executing <Task(BashOperator): second_task> on 2021-08-13 00:00:00+00:00
[2022-08-06 19:36:07,268] {standard_task_runner.py:52} INFO - Started process 231 to run task
[2022-08-06 19:36:07,271] {standard_task_runner.py:79} INFO - Running: ['***', 'tasks', 'run', 'our_first_dag_v5', 'second_task', 'scheduled__2021-08-13T00:00:00+00:00', '--job-id', '47', '--raw', '--subdir', 'DAGS_FOLDER/pipeline.py', '--cfg-path', '/tmp/tmp04m_38f1', '--error-file', '/tmp/tmpyaso88o9']
[2022-08-06 19:36:07,271] {standard_task_runner.py:80} INFO - Job 47: Subtask second_task
[2022-08-06 19:36:07,339] {task_command.py:371} INFO - Running <TaskInstance: our_first_dag_v5.second_task scheduled__2021-08-13T00:00:00+00:00 [running]> on host b29c168c1666
[2022-08-06 19:36:07,410] {taskinstance.py:1591} INFO - Exporting the following env vars:
AIRFLOW_CTX_DAG_OWNER=coder2j
AIRFLOW_CTX_DAG_ID=our_first_dag_v5
AIRFLOW_CTX_TASK_ID=second_task
AIRFLOW_CTX_EXECUTION_DATE=2021-08-13T00:00:00+00:00
AIRFLOW_CTX_TRY_NUMBER=1
AIRFLOW_CTX_DAG_RUN_ID=scheduled__2021-08-13T00:00:00+00:00
[2022-08-06 19:36:07,411] {subprocess.py:62} INFO - Tmp dir root location: 
 /tmp
[2022-08-06 19:36:07,412] {subprocess.py:74} INFO - Running command: ['bash', '-c', 'echo hey, I am task2 and will be running after task1!']
[2022-08-06 19:36:07,423] {subprocess.py:85} INFO - Output:
[2022-08-06 19:36:07,424] {subprocess.py:92} INFO - hey, I am task2 and will be running after task1!
[2022-08-06 19:36:07,425] {subprocess.py:96} INFO - Command exited with return code 0
[2022-08-06 19:36:07,453] {taskinstance.py:1420} INFO - Marking task as SUCCESS. dag_id=our_first_dag_v5, task_id=second_task, execution_date=20210813T000000, start_date=20220806T193607, end_date=20220806T193607
[2022-08-06 19:36:07,482] {local_task_job.py:156} INFO - Task exited with return code 0
[2022-08-06 19:36:07,510] {local_task_job.py:273} INFO - 0 downstream tasks scheduled from follow-on schedule check
[2022-08-06 21:50:02,877] {taskinstance.py:1179} INFO - Dependencies all met for <TaskInstance: our_first_dag_v5.second_task scheduled__2021-08-13T00:00:00+00:00 [queued]>
[2022-08-06 21:50:02,897] {taskinstance.py:1179} INFO - Dependencies all met for <TaskInstance: our_first_dag_v5.second_task scheduled__2021-08-13T00:00:00+00:00 [queued]>
[2022-08-06 21:50:02,897] {taskinstance.py:1376} INFO - 
--------------------------------------------------------------------------------
[2022-08-06 21:50:02,897] {taskinstance.py:1377} INFO - Starting attempt 1 of 6
[2022-08-06 21:50:02,897] {taskinstance.py:1378} INFO - 
--------------------------------------------------------------------------------
[2022-08-06 21:50:02,919] {taskinstance.py:1397} INFO - Executing <Task(BashOperator): second_task> on 2021-08-13 00:00:00+00:00
[2022-08-06 21:50:02,926] {standard_task_runner.py:52} INFO - Started process 425 to run task
[2022-08-06 21:50:02,929] {standard_task_runner.py:79} INFO - Running: ['***', 'tasks', 'run', 'our_first_dag_v5', 'second_task', 'scheduled__2021-08-13T00:00:00+00:00', '--job-id', '47', '--raw', '--subdir', 'DAGS_FOLDER/pipeline.py', '--cfg-path', '/tmp/tmppcrpznya', '--error-file', '/tmp/tmp3ybi7v1g']
[2022-08-06 21:50:02,930] {standard_task_runner.py:80} INFO - Job 47: Subtask second_task
[2022-08-06 21:50:03,006] {task_command.py:371} INFO - Running <TaskInstance: our_first_dag_v5.second_task scheduled__2021-08-13T00:00:00+00:00 [running]> on host c3f731879890
[2022-08-06 21:50:03,097] {taskinstance.py:1591} INFO - Exporting the following env vars:
AIRFLOW_CTX_DAG_OWNER=coder2j
AIRFLOW_CTX_DAG_ID=our_first_dag_v5
AIRFLOW_CTX_TASK_ID=second_task
AIRFLOW_CTX_EXECUTION_DATE=2021-08-13T00:00:00+00:00
AIRFLOW_CTX_TRY_NUMBER=1
AIRFLOW_CTX_DAG_RUN_ID=scheduled__2021-08-13T00:00:00+00:00
[2022-08-06 21:50:03,098] {subprocess.py:62} INFO - Tmp dir root location: 
 /tmp
[2022-08-06 21:50:03,098] {subprocess.py:74} INFO - Running command: ['bash', '-c', 'echo hey, I am task2 and will be running after task1!']
[2022-08-06 21:50:03,113] {subprocess.py:85} INFO - Output:
[2022-08-06 21:50:03,115] {subprocess.py:92} INFO - hey, I am task2 and will be running after task1!
[2022-08-06 21:50:03,115] {subprocess.py:96} INFO - Command exited with return code 0
[2022-08-06 21:50:03,158] {taskinstance.py:1420} INFO - Marking task as SUCCESS. dag_id=our_first_dag_v5, task_id=second_task, execution_date=20210813T000000, start_date=20220806T215002, end_date=20220806T215003
[2022-08-06 21:50:03,181] {local_task_job.py:156} INFO - Task exited with return code 0
[2022-08-06 21:50:03,213] {local_task_job.py:273} INFO - 0 downstream tasks scheduled from follow-on schedule check
[2022-08-06 21:55:33,885] {taskinstance.py:1179} INFO - Dependencies all met for <TaskInstance: our_first_dag_v5.second_task scheduled__2021-08-13T00:00:00+00:00 [queued]>
[2022-08-06 21:55:33,903] {taskinstance.py:1179} INFO - Dependencies all met for <TaskInstance: our_first_dag_v5.second_task scheduled__2021-08-13T00:00:00+00:00 [queued]>
[2022-08-06 21:55:33,903] {taskinstance.py:1376} INFO - 
--------------------------------------------------------------------------------
[2022-08-06 21:55:33,903] {taskinstance.py:1377} INFO - Starting attempt 1 of 6
[2022-08-06 21:55:33,903] {taskinstance.py:1378} INFO - 
--------------------------------------------------------------------------------
[2022-08-06 21:55:33,924] {taskinstance.py:1397} INFO - Executing <Task(BashOperator): second_task> on 2021-08-13 00:00:00+00:00
[2022-08-06 21:55:33,931] {standard_task_runner.py:52} INFO - Started process 233 to run task
[2022-08-06 21:55:33,934] {standard_task_runner.py:79} INFO - Running: ['***', 'tasks', 'run', 'our_first_dag_v5', 'second_task', 'scheduled__2021-08-13T00:00:00+00:00', '--job-id', '49', '--raw', '--subdir', 'DAGS_FOLDER/pipeline.py', '--cfg-path', '/tmp/tmpt2cjm3ur', '--error-file', '/tmp/tmpp91uz4fq']
[2022-08-06 21:55:33,934] {standard_task_runner.py:80} INFO - Job 49: Subtask second_task
[2022-08-06 21:55:34,012] {task_command.py:371} INFO - Running <TaskInstance: our_first_dag_v5.second_task scheduled__2021-08-13T00:00:00+00:00 [running]> on host bc7e154a4fdd
[2022-08-06 21:55:34,132] {taskinstance.py:1591} INFO - Exporting the following env vars:
AIRFLOW_CTX_DAG_OWNER=coder2j
AIRFLOW_CTX_DAG_ID=our_first_dag_v5
AIRFLOW_CTX_TASK_ID=second_task
AIRFLOW_CTX_EXECUTION_DATE=2021-08-13T00:00:00+00:00
AIRFLOW_CTX_TRY_NUMBER=1
AIRFLOW_CTX_DAG_RUN_ID=scheduled__2021-08-13T00:00:00+00:00
[2022-08-06 21:55:34,133] {subprocess.py:62} INFO - Tmp dir root location: 
 /tmp
[2022-08-06 21:55:34,134] {subprocess.py:74} INFO - Running command: ['bash', '-c', 'echo hey, I am task2 and will be running after task1!']
[2022-08-06 21:55:34,151] {subprocess.py:85} INFO - Output:
[2022-08-06 21:55:34,153] {subprocess.py:92} INFO - hey, I am task2 and will be running after task1!
[2022-08-06 21:55:34,154] {subprocess.py:96} INFO - Command exited with return code 0
[2022-08-06 21:55:34,191] {taskinstance.py:1420} INFO - Marking task as SUCCESS. dag_id=our_first_dag_v5, task_id=second_task, execution_date=20210813T000000, start_date=20220806T215533, end_date=20220806T215534
[2022-08-06 21:55:34,225] {local_task_job.py:156} INFO - Task exited with return code 0
[2022-08-06 21:55:34,279] {local_task_job.py:273} INFO - 0 downstream tasks scheduled from follow-on schedule check
[2022-08-06 22:10:32,601] {taskinstance.py:1179} INFO - Dependencies all met for <TaskInstance: our_first_dag_v5.second_task scheduled__2021-08-13T00:00:00+00:00 [queued]>
[2022-08-06 22:10:32,615] {taskinstance.py:1179} INFO - Dependencies all met for <TaskInstance: our_first_dag_v5.second_task scheduled__2021-08-13T00:00:00+00:00 [queued]>
[2022-08-06 22:10:32,615] {taskinstance.py:1376} INFO - 
--------------------------------------------------------------------------------
[2022-08-06 22:10:32,615] {taskinstance.py:1377} INFO - Starting attempt 1 of 6
[2022-08-06 22:10:32,615] {taskinstance.py:1378} INFO - 
--------------------------------------------------------------------------------
[2022-08-06 22:10:32,636] {taskinstance.py:1397} INFO - Executing <Task(BashOperator): second_task> on 2021-08-13 00:00:00+00:00
[2022-08-06 22:10:32,642] {standard_task_runner.py:52} INFO - Started process 221 to run task
[2022-08-06 22:10:32,645] {standard_task_runner.py:79} INFO - Running: ['***', 'tasks', 'run', 'our_first_dag_v5', 'second_task', 'scheduled__2021-08-13T00:00:00+00:00', '--job-id', '47', '--raw', '--subdir', 'DAGS_FOLDER/pipeline.py', '--cfg-path', '/tmp/tmp_3fixaal', '--error-file', '/tmp/tmphonwfdiu']
[2022-08-06 22:10:32,645] {standard_task_runner.py:80} INFO - Job 47: Subtask second_task
[2022-08-06 22:10:32,706] {task_command.py:371} INFO - Running <TaskInstance: our_first_dag_v5.second_task scheduled__2021-08-13T00:00:00+00:00 [running]> on host 1250c3b659cd
[2022-08-06 22:10:32,789] {taskinstance.py:1591} INFO - Exporting the following env vars:
AIRFLOW_CTX_DAG_OWNER=coder2j
AIRFLOW_CTX_DAG_ID=our_first_dag_v5
AIRFLOW_CTX_TASK_ID=second_task
AIRFLOW_CTX_EXECUTION_DATE=2021-08-13T00:00:00+00:00
AIRFLOW_CTX_TRY_NUMBER=1
AIRFLOW_CTX_DAG_RUN_ID=scheduled__2021-08-13T00:00:00+00:00
[2022-08-06 22:10:32,790] {subprocess.py:62} INFO - Tmp dir root location: 
 /tmp
[2022-08-06 22:10:32,791] {subprocess.py:74} INFO - Running command: ['bash', '-c', 'echo hey, I am task2 and will be running after task1!']
[2022-08-06 22:10:32,805] {subprocess.py:85} INFO - Output:
[2022-08-06 22:10:32,808] {subprocess.py:92} INFO - hey, I am task2 and will be running after task1!
[2022-08-06 22:10:32,809] {subprocess.py:96} INFO - Command exited with return code 0
[2022-08-06 22:10:32,840] {taskinstance.py:1420} INFO - Marking task as SUCCESS. dag_id=our_first_dag_v5, task_id=second_task, execution_date=20210813T000000, start_date=20220806T221032, end_date=20220806T221032
[2022-08-06 22:10:32,896] {local_task_job.py:156} INFO - Task exited with return code 0
[2022-08-06 22:10:32,927] {local_task_job.py:273} INFO - 0 downstream tasks scheduled from follow-on schedule check
[2022-08-06 22:18:20,039] {taskinstance.py:1179} INFO - Dependencies all met for <TaskInstance: our_first_dag_v5.second_task scheduled__2021-08-13T00:00:00+00:00 [queued]>
[2022-08-06 22:18:20,051] {taskinstance.py:1179} INFO - Dependencies all met for <TaskInstance: our_first_dag_v5.second_task scheduled__2021-08-13T00:00:00+00:00 [queued]>
[2022-08-06 22:18:20,051] {taskinstance.py:1376} INFO - 
--------------------------------------------------------------------------------
[2022-08-06 22:18:20,051] {taskinstance.py:1377} INFO - Starting attempt 1 of 6
[2022-08-06 22:18:20,051] {taskinstance.py:1378} INFO - 
--------------------------------------------------------------------------------
[2022-08-06 22:18:20,066] {taskinstance.py:1397} INFO - Executing <Task(BashOperator): second_task> on 2021-08-13 00:00:00+00:00
[2022-08-06 22:18:20,073] {standard_task_runner.py:52} INFO - Started process 238 to run task
[2022-08-06 22:18:20,075] {standard_task_runner.py:79} INFO - Running: ['***', 'tasks', 'run', 'our_first_dag_v5', 'second_task', 'scheduled__2021-08-13T00:00:00+00:00', '--job-id', '46', '--raw', '--subdir', 'DAGS_FOLDER/pipeline.py', '--cfg-path', '/tmp/tmpljwqkejl', '--error-file', '/tmp/tmpdptmyw45']
[2022-08-06 22:18:20,076] {standard_task_runner.py:80} INFO - Job 46: Subtask second_task
[2022-08-06 22:18:20,138] {task_command.py:371} INFO - Running <TaskInstance: our_first_dag_v5.second_task scheduled__2021-08-13T00:00:00+00:00 [running]> on host ed53bde1c44a
[2022-08-06 22:18:20,221] {taskinstance.py:1591} INFO - Exporting the following env vars:
AIRFLOW_CTX_DAG_OWNER=coder2j
AIRFLOW_CTX_DAG_ID=our_first_dag_v5
AIRFLOW_CTX_TASK_ID=second_task
AIRFLOW_CTX_EXECUTION_DATE=2021-08-13T00:00:00+00:00
AIRFLOW_CTX_TRY_NUMBER=1
AIRFLOW_CTX_DAG_RUN_ID=scheduled__2021-08-13T00:00:00+00:00
[2022-08-06 22:18:20,221] {subprocess.py:62} INFO - Tmp dir root location: 
 /tmp
[2022-08-06 22:18:20,222] {subprocess.py:74} INFO - Running command: ['bash', '-c', 'echo hey, I am task2 and will be running after task1!']
[2022-08-06 22:18:20,233] {subprocess.py:85} INFO - Output:
[2022-08-06 22:18:20,234] {subprocess.py:92} INFO - hey, I am task2 and will be running after task1!
[2022-08-06 22:18:20,235] {subprocess.py:96} INFO - Command exited with return code 0
[2022-08-06 22:18:20,262] {taskinstance.py:1420} INFO - Marking task as SUCCESS. dag_id=our_first_dag_v5, task_id=second_task, execution_date=20210813T000000, start_date=20220806T221820, end_date=20220806T221820
[2022-08-06 22:18:20,286] {local_task_job.py:156} INFO - Task exited with return code 0
[2022-08-06 22:18:20,324] {local_task_job.py:273} INFO - 0 downstream tasks scheduled from follow-on schedule check
[2022-08-06 22:21:53,732] {taskinstance.py:1179} INFO - Dependencies all met for <TaskInstance: our_first_dag_v5.second_task scheduled__2021-08-13T00:00:00+00:00 [queued]>
[2022-08-06 22:21:53,747] {taskinstance.py:1179} INFO - Dependencies all met for <TaskInstance: our_first_dag_v5.second_task scheduled__2021-08-13T00:00:00+00:00 [queued]>
[2022-08-06 22:21:53,747] {taskinstance.py:1376} INFO - 
--------------------------------------------------------------------------------
[2022-08-06 22:21:53,747] {taskinstance.py:1377} INFO - Starting attempt 1 of 6
[2022-08-06 22:21:53,748] {taskinstance.py:1378} INFO - 
--------------------------------------------------------------------------------
[2022-08-06 22:21:53,769] {taskinstance.py:1397} INFO - Executing <Task(BashOperator): second_task> on 2021-08-13 00:00:00+00:00
[2022-08-06 22:21:53,775] {standard_task_runner.py:52} INFO - Started process 273 to run task
[2022-08-06 22:21:53,777] {standard_task_runner.py:79} INFO - Running: ['***', 'tasks', 'run', 'our_first_dag_v5', 'second_task', 'scheduled__2021-08-13T00:00:00+00:00', '--job-id', '46', '--raw', '--subdir', 'DAGS_FOLDER/pipeline.py', '--cfg-path', '/tmp/tmp20cw8vff', '--error-file', '/tmp/tmpxswyof7i']
[2022-08-06 22:21:53,778] {standard_task_runner.py:80} INFO - Job 46: Subtask second_task
[2022-08-06 22:21:53,832] {task_command.py:371} INFO - Running <TaskInstance: our_first_dag_v5.second_task scheduled__2021-08-13T00:00:00+00:00 [running]> on host b215076695c3
[2022-08-06 22:21:53,916] {taskinstance.py:1591} INFO - Exporting the following env vars:
AIRFLOW_CTX_DAG_OWNER=coder2j
AIRFLOW_CTX_DAG_ID=our_first_dag_v5
AIRFLOW_CTX_TASK_ID=second_task
AIRFLOW_CTX_EXECUTION_DATE=2021-08-13T00:00:00+00:00
AIRFLOW_CTX_TRY_NUMBER=1
AIRFLOW_CTX_DAG_RUN_ID=scheduled__2021-08-13T00:00:00+00:00
[2022-08-06 22:21:53,917] {subprocess.py:62} INFO - Tmp dir root location: 
 /tmp
[2022-08-06 22:21:53,917] {subprocess.py:74} INFO - Running command: ['bash', '-c', 'echo hey, I am task2 and will be running after task1!']
[2022-08-06 22:21:53,929] {subprocess.py:85} INFO - Output:
[2022-08-06 22:21:53,930] {subprocess.py:92} INFO - hey, I am task2 and will be running after task1!
[2022-08-06 22:21:53,931] {subprocess.py:96} INFO - Command exited with return code 0
[2022-08-06 22:21:53,960] {taskinstance.py:1420} INFO - Marking task as SUCCESS. dag_id=our_first_dag_v5, task_id=second_task, execution_date=20210813T000000, start_date=20220806T222153, end_date=20220806T222153
[2022-08-06 22:21:53,989] {local_task_job.py:156} INFO - Task exited with return code 0
[2022-08-06 22:21:54,022] {local_task_job.py:273} INFO - 0 downstream tasks scheduled from follow-on schedule check
