[2022-08-06 19:36:26,292] {taskinstance.py:1179} INFO - Dependencies all met for <TaskInstance: our_first_dag_v5.thrid_task scheduled__2021-09-08T00:00:00+00:00 [queued]>
[2022-08-06 19:36:26,309] {taskinstance.py:1179} INFO - Dependencies all met for <TaskInstance: our_first_dag_v5.thrid_task scheduled__2021-09-08T00:00:00+00:00 [queued]>
[2022-08-06 19:36:26,309] {taskinstance.py:1376} INFO - 
--------------------------------------------------------------------------------
[2022-08-06 19:36:26,309] {taskinstance.py:1377} INFO - Starting attempt 1 of 6
[2022-08-06 19:36:26,309] {taskinstance.py:1378} INFO - 
--------------------------------------------------------------------------------
[2022-08-06 19:36:26,330] {taskinstance.py:1397} INFO - Executing <Task(BashOperator): thrid_task> on 2021-09-08 00:00:00+00:00
[2022-08-06 19:36:26,338] {standard_task_runner.py:52} INFO - Started process 500 to run task
[2022-08-06 19:36:26,341] {standard_task_runner.py:79} INFO - Running: ['***', 'tasks', 'run', 'our_first_dag_v5', 'thrid_task', 'scheduled__2021-09-08T00:00:00+00:00', '--job-id', '132', '--raw', '--subdir', 'DAGS_FOLDER/pipeline.py', '--cfg-path', '/tmp/tmp2mxjng3h', '--error-file', '/tmp/tmpaglmxd68']
[2022-08-06 19:36:26,341] {standard_task_runner.py:80} INFO - Job 132: Subtask thrid_task
[2022-08-06 19:36:26,437] {task_command.py:371} INFO - Running <TaskInstance: our_first_dag_v5.thrid_task scheduled__2021-09-08T00:00:00+00:00 [running]> on host b29c168c1666
[2022-08-06 19:36:26,590] {taskinstance.py:1591} INFO - Exporting the following env vars:
AIRFLOW_CTX_DAG_OWNER=coder2j
AIRFLOW_CTX_DAG_ID=our_first_dag_v5
AIRFLOW_CTX_TASK_ID=thrid_task
AIRFLOW_CTX_EXECUTION_DATE=2021-09-08T00:00:00+00:00
AIRFLOW_CTX_TRY_NUMBER=1
AIRFLOW_CTX_DAG_RUN_ID=scheduled__2021-09-08T00:00:00+00:00
[2022-08-06 19:36:26,591] {subprocess.py:62} INFO - Tmp dir root location: 
 /tmp
[2022-08-06 19:36:26,592] {subprocess.py:74} INFO - Running command: ['bash', '-c', 'echo hey, I am task3 and will be running after task1 at the same time as task2!']
[2022-08-06 19:36:26,610] {subprocess.py:85} INFO - Output:
[2022-08-06 19:36:26,612] {subprocess.py:92} INFO - hey, I am task3 and will be running after task1 at the same time as task2!
[2022-08-06 19:36:26,613] {subprocess.py:96} INFO - Command exited with return code 0
[2022-08-06 19:36:26,665] {taskinstance.py:1420} INFO - Marking task as SUCCESS. dag_id=our_first_dag_v5, task_id=thrid_task, execution_date=20210908T000000, start_date=20220806T193626, end_date=20220806T193626
[2022-08-06 19:36:26,720] {local_task_job.py:156} INFO - Task exited with return code 0
[2022-08-06 19:36:26,840] {local_task_job.py:273} INFO - 0 downstream tasks scheduled from follow-on schedule check
[2022-08-06 21:50:17,199] {taskinstance.py:1179} INFO - Dependencies all met for <TaskInstance: our_first_dag_v5.thrid_task scheduled__2021-09-08T00:00:00+00:00 [queued]>
[2022-08-06 21:50:17,214] {taskinstance.py:1179} INFO - Dependencies all met for <TaskInstance: our_first_dag_v5.thrid_task scheduled__2021-09-08T00:00:00+00:00 [queued]>
[2022-08-06 21:50:17,215] {taskinstance.py:1376} INFO - 
--------------------------------------------------------------------------------
[2022-08-06 21:50:17,215] {taskinstance.py:1377} INFO - Starting attempt 1 of 6
[2022-08-06 21:50:17,215] {taskinstance.py:1378} INFO - 
--------------------------------------------------------------------------------
[2022-08-06 21:50:17,236] {taskinstance.py:1397} INFO - Executing <Task(BashOperator): thrid_task> on 2021-09-08 00:00:00+00:00
[2022-08-06 21:50:17,243] {standard_task_runner.py:52} INFO - Started process 670 to run task
[2022-08-06 21:50:17,246] {standard_task_runner.py:79} INFO - Running: ['***', 'tasks', 'run', 'our_first_dag_v5', 'thrid_task', 'scheduled__2021-09-08T00:00:00+00:00', '--job-id', '125', '--raw', '--subdir', 'DAGS_FOLDER/pipeline.py', '--cfg-path', '/tmp/tmpdkb2hnav', '--error-file', '/tmp/tmp5kvat8ml']
[2022-08-06 21:50:17,247] {standard_task_runner.py:80} INFO - Job 125: Subtask thrid_task
[2022-08-06 21:50:17,328] {task_command.py:371} INFO - Running <TaskInstance: our_first_dag_v5.thrid_task scheduled__2021-09-08T00:00:00+00:00 [running]> on host c3f731879890
[2022-08-06 21:50:17,418] {taskinstance.py:1591} INFO - Exporting the following env vars:
AIRFLOW_CTX_DAG_OWNER=coder2j
AIRFLOW_CTX_DAG_ID=our_first_dag_v5
AIRFLOW_CTX_TASK_ID=thrid_task
AIRFLOW_CTX_EXECUTION_DATE=2021-09-08T00:00:00+00:00
AIRFLOW_CTX_TRY_NUMBER=1
AIRFLOW_CTX_DAG_RUN_ID=scheduled__2021-09-08T00:00:00+00:00
[2022-08-06 21:50:17,419] {subprocess.py:62} INFO - Tmp dir root location: 
 /tmp
[2022-08-06 21:50:17,419] {subprocess.py:74} INFO - Running command: ['bash', '-c', 'echo hey, I am task3 and will be running after task1 at the same time as task2!']
[2022-08-06 21:50:17,432] {subprocess.py:85} INFO - Output:
[2022-08-06 21:50:17,434] {subprocess.py:92} INFO - hey, I am task3 and will be running after task1 at the same time as task2!
[2022-08-06 21:50:17,434] {subprocess.py:96} INFO - Command exited with return code 0
[2022-08-06 21:50:17,465] {taskinstance.py:1420} INFO - Marking task as SUCCESS. dag_id=our_first_dag_v5, task_id=thrid_task, execution_date=20210908T000000, start_date=20220806T215017, end_date=20220806T215017
[2022-08-06 21:50:17,497] {local_task_job.py:156} INFO - Task exited with return code 0
[2022-08-06 21:50:17,528] {local_task_job.py:273} INFO - 0 downstream tasks scheduled from follow-on schedule check
[2022-08-06 21:55:47,576] {taskinstance.py:1179} INFO - Dependencies all met for <TaskInstance: our_first_dag_v5.thrid_task scheduled__2021-09-08T00:00:00+00:00 [queued]>
[2022-08-06 21:55:47,588] {taskinstance.py:1179} INFO - Dependencies all met for <TaskInstance: our_first_dag_v5.thrid_task scheduled__2021-09-08T00:00:00+00:00 [queued]>
[2022-08-06 21:55:47,588] {taskinstance.py:1376} INFO - 
--------------------------------------------------------------------------------
[2022-08-06 21:55:47,588] {taskinstance.py:1377} INFO - Starting attempt 1 of 6
[2022-08-06 21:55:47,588] {taskinstance.py:1378} INFO - 
--------------------------------------------------------------------------------
[2022-08-06 21:55:47,609] {taskinstance.py:1397} INFO - Executing <Task(BashOperator): thrid_task> on 2021-09-08 00:00:00+00:00
[2022-08-06 21:55:47,615] {standard_task_runner.py:52} INFO - Started process 468 to run task
[2022-08-06 21:55:47,617] {standard_task_runner.py:79} INFO - Running: ['***', 'tasks', 'run', 'our_first_dag_v5', 'thrid_task', 'scheduled__2021-09-08T00:00:00+00:00', '--job-id', '125', '--raw', '--subdir', 'DAGS_FOLDER/pipeline.py', '--cfg-path', '/tmp/tmp9wlamexp', '--error-file', '/tmp/tmpli6viypo']
[2022-08-06 21:55:47,618] {standard_task_runner.py:80} INFO - Job 125: Subtask thrid_task
[2022-08-06 21:55:47,688] {task_command.py:371} INFO - Running <TaskInstance: our_first_dag_v5.thrid_task scheduled__2021-09-08T00:00:00+00:00 [running]> on host bc7e154a4fdd
[2022-08-06 21:55:47,776] {taskinstance.py:1591} INFO - Exporting the following env vars:
AIRFLOW_CTX_DAG_OWNER=coder2j
AIRFLOW_CTX_DAG_ID=our_first_dag_v5
AIRFLOW_CTX_TASK_ID=thrid_task
AIRFLOW_CTX_EXECUTION_DATE=2021-09-08T00:00:00+00:00
AIRFLOW_CTX_TRY_NUMBER=1
AIRFLOW_CTX_DAG_RUN_ID=scheduled__2021-09-08T00:00:00+00:00
[2022-08-06 21:55:47,777] {subprocess.py:62} INFO - Tmp dir root location: 
 /tmp
[2022-08-06 21:55:47,777] {subprocess.py:74} INFO - Running command: ['bash', '-c', 'echo hey, I am task3 and will be running after task1 at the same time as task2!']
[2022-08-06 21:55:47,790] {subprocess.py:85} INFO - Output:
[2022-08-06 21:55:47,791] {subprocess.py:92} INFO - hey, I am task3 and will be running after task1 at the same time as task2!
[2022-08-06 21:55:47,791] {subprocess.py:96} INFO - Command exited with return code 0
[2022-08-06 21:55:47,819] {taskinstance.py:1420} INFO - Marking task as SUCCESS. dag_id=our_first_dag_v5, task_id=thrid_task, execution_date=20210908T000000, start_date=20220806T215547, end_date=20220806T215547
[2022-08-06 21:55:47,869] {local_task_job.py:156} INFO - Task exited with return code 0
[2022-08-06 21:55:47,899] {local_task_job.py:273} INFO - 0 downstream tasks scheduled from follow-on schedule check
[2022-08-06 22:10:49,811] {taskinstance.py:1179} INFO - Dependencies all met for <TaskInstance: our_first_dag_v5.thrid_task scheduled__2021-09-08T00:00:00+00:00 [queued]>
[2022-08-06 22:10:49,830] {taskinstance.py:1179} INFO - Dependencies all met for <TaskInstance: our_first_dag_v5.thrid_task scheduled__2021-09-08T00:00:00+00:00 [queued]>
[2022-08-06 22:10:49,830] {taskinstance.py:1376} INFO - 
--------------------------------------------------------------------------------
[2022-08-06 22:10:49,830] {taskinstance.py:1377} INFO - Starting attempt 1 of 6
[2022-08-06 22:10:49,830] {taskinstance.py:1378} INFO - 
--------------------------------------------------------------------------------
[2022-08-06 22:10:49,849] {taskinstance.py:1397} INFO - Executing <Task(BashOperator): thrid_task> on 2021-09-08 00:00:00+00:00
[2022-08-06 22:10:49,856] {standard_task_runner.py:52} INFO - Started process 485 to run task
[2022-08-06 22:10:49,859] {standard_task_runner.py:79} INFO - Running: ['***', 'tasks', 'run', 'our_first_dag_v5', 'thrid_task', 'scheduled__2021-09-08T00:00:00+00:00', '--job-id', '129', '--raw', '--subdir', 'DAGS_FOLDER/pipeline.py', '--cfg-path', '/tmp/tmp1e0eex5e', '--error-file', '/tmp/tmpggwu3rq6']
[2022-08-06 22:10:49,859] {standard_task_runner.py:80} INFO - Job 129: Subtask thrid_task
[2022-08-06 22:10:49,946] {task_command.py:371} INFO - Running <TaskInstance: our_first_dag_v5.thrid_task scheduled__2021-09-08T00:00:00+00:00 [running]> on host 1250c3b659cd
[2022-08-06 22:10:50,066] {taskinstance.py:1591} INFO - Exporting the following env vars:
AIRFLOW_CTX_DAG_OWNER=coder2j
AIRFLOW_CTX_DAG_ID=our_first_dag_v5
AIRFLOW_CTX_TASK_ID=thrid_task
AIRFLOW_CTX_EXECUTION_DATE=2021-09-08T00:00:00+00:00
AIRFLOW_CTX_TRY_NUMBER=1
AIRFLOW_CTX_DAG_RUN_ID=scheduled__2021-09-08T00:00:00+00:00
[2022-08-06 22:10:50,067] {subprocess.py:62} INFO - Tmp dir root location: 
 /tmp
[2022-08-06 22:10:50,068] {subprocess.py:74} INFO - Running command: ['bash', '-c', 'echo hey, I am task3 and will be running after task1 at the same time as task2!']
[2022-08-06 22:10:50,084] {subprocess.py:85} INFO - Output:
[2022-08-06 22:10:50,086] {subprocess.py:92} INFO - hey, I am task3 and will be running after task1 at the same time as task2!
[2022-08-06 22:10:50,087] {subprocess.py:96} INFO - Command exited with return code 0
[2022-08-06 22:10:50,182] {taskinstance.py:1420} INFO - Marking task as SUCCESS. dag_id=our_first_dag_v5, task_id=thrid_task, execution_date=20210908T000000, start_date=20220806T221049, end_date=20220806T221050
[2022-08-06 22:10:50,231] {local_task_job.py:156} INFO - Task exited with return code 0
[2022-08-06 22:10:50,281] {local_task_job.py:273} INFO - 0 downstream tasks scheduled from follow-on schedule check
[2022-08-06 22:18:36,691] {taskinstance.py:1179} INFO - Dependencies all met for <TaskInstance: our_first_dag_v5.thrid_task scheduled__2021-09-08T00:00:00+00:00 [queued]>
[2022-08-06 22:18:36,710] {taskinstance.py:1179} INFO - Dependencies all met for <TaskInstance: our_first_dag_v5.thrid_task scheduled__2021-09-08T00:00:00+00:00 [queued]>
[2022-08-06 22:18:36,710] {taskinstance.py:1376} INFO - 
--------------------------------------------------------------------------------
[2022-08-06 22:18:36,710] {taskinstance.py:1377} INFO - Starting attempt 1 of 6
[2022-08-06 22:18:36,711] {taskinstance.py:1378} INFO - 
--------------------------------------------------------------------------------
[2022-08-06 22:18:36,740] {taskinstance.py:1397} INFO - Executing <Task(BashOperator): thrid_task> on 2021-09-08 00:00:00+00:00
[2022-08-06 22:18:36,748] {standard_task_runner.py:52} INFO - Started process 499 to run task
[2022-08-06 22:18:36,751] {standard_task_runner.py:79} INFO - Running: ['***', 'tasks', 'run', 'our_first_dag_v5', 'thrid_task', 'scheduled__2021-09-08T00:00:00+00:00', '--job-id', '131', '--raw', '--subdir', 'DAGS_FOLDER/pipeline.py', '--cfg-path', '/tmp/tmp5xdapfb8', '--error-file', '/tmp/tmpwgifwocg']
[2022-08-06 22:18:36,751] {standard_task_runner.py:80} INFO - Job 131: Subtask thrid_task
[2022-08-06 22:18:36,843] {task_command.py:371} INFO - Running <TaskInstance: our_first_dag_v5.thrid_task scheduled__2021-09-08T00:00:00+00:00 [running]> on host ed53bde1c44a
[2022-08-06 22:18:36,947] {taskinstance.py:1591} INFO - Exporting the following env vars:
AIRFLOW_CTX_DAG_OWNER=coder2j
AIRFLOW_CTX_DAG_ID=our_first_dag_v5
AIRFLOW_CTX_TASK_ID=thrid_task
AIRFLOW_CTX_EXECUTION_DATE=2021-09-08T00:00:00+00:00
AIRFLOW_CTX_TRY_NUMBER=1
AIRFLOW_CTX_DAG_RUN_ID=scheduled__2021-09-08T00:00:00+00:00
[2022-08-06 22:18:36,948] {subprocess.py:62} INFO - Tmp dir root location: 
 /tmp
[2022-08-06 22:18:36,949] {subprocess.py:74} INFO - Running command: ['bash', '-c', 'echo hey, I am task3 and will be running after task1 at the same time as task2!']
[2022-08-06 22:18:36,961] {subprocess.py:85} INFO - Output:
[2022-08-06 22:18:36,962] {subprocess.py:92} INFO - hey, I am task3 and will be running after task1 at the same time as task2!
[2022-08-06 22:18:36,963] {subprocess.py:96} INFO - Command exited with return code 0
[2022-08-06 22:18:36,999] {taskinstance.py:1420} INFO - Marking task as SUCCESS. dag_id=our_first_dag_v5, task_id=thrid_task, execution_date=20210908T000000, start_date=20220806T221836, end_date=20220806T221836
[2022-08-06 22:18:37,043] {local_task_job.py:156} INFO - Task exited with return code 0
[2022-08-06 22:18:37,091] {local_task_job.py:273} INFO - 0 downstream tasks scheduled from follow-on schedule check
[2022-08-06 22:22:11,371] {taskinstance.py:1179} INFO - Dependencies all met for <TaskInstance: our_first_dag_v5.thrid_task scheduled__2021-09-08T00:00:00+00:00 [queued]>
[2022-08-06 22:22:11,385] {taskinstance.py:1179} INFO - Dependencies all met for <TaskInstance: our_first_dag_v5.thrid_task scheduled__2021-09-08T00:00:00+00:00 [queued]>
[2022-08-06 22:22:11,385] {taskinstance.py:1376} INFO - 
--------------------------------------------------------------------------------
[2022-08-06 22:22:11,385] {taskinstance.py:1377} INFO - Starting attempt 1 of 6
[2022-08-06 22:22:11,385] {taskinstance.py:1378} INFO - 
--------------------------------------------------------------------------------
[2022-08-06 22:22:11,403] {taskinstance.py:1397} INFO - Executing <Task(BashOperator): thrid_task> on 2021-09-08 00:00:00+00:00
[2022-08-06 22:22:11,409] {standard_task_runner.py:52} INFO - Started process 524 to run task
[2022-08-06 22:22:11,411] {standard_task_runner.py:79} INFO - Running: ['***', 'tasks', 'run', 'our_first_dag_v5', 'thrid_task', 'scheduled__2021-09-08T00:00:00+00:00', '--job-id', '125', '--raw', '--subdir', 'DAGS_FOLDER/pipeline.py', '--cfg-path', '/tmp/tmp2t65576y', '--error-file', '/tmp/tmpjre78706']
[2022-08-06 22:22:11,411] {standard_task_runner.py:80} INFO - Job 125: Subtask thrid_task
[2022-08-06 22:22:11,478] {task_command.py:371} INFO - Running <TaskInstance: our_first_dag_v5.thrid_task scheduled__2021-09-08T00:00:00+00:00 [running]> on host b215076695c3
[2022-08-06 22:22:11,596] {taskinstance.py:1591} INFO - Exporting the following env vars:
AIRFLOW_CTX_DAG_OWNER=coder2j
AIRFLOW_CTX_DAG_ID=our_first_dag_v5
AIRFLOW_CTX_TASK_ID=thrid_task
AIRFLOW_CTX_EXECUTION_DATE=2021-09-08T00:00:00+00:00
AIRFLOW_CTX_TRY_NUMBER=1
AIRFLOW_CTX_DAG_RUN_ID=scheduled__2021-09-08T00:00:00+00:00
[2022-08-06 22:22:11,597] {subprocess.py:62} INFO - Tmp dir root location: 
 /tmp
[2022-08-06 22:22:11,598] {subprocess.py:74} INFO - Running command: ['bash', '-c', 'echo hey, I am task3 and will be running after task1 at the same time as task2!']
[2022-08-06 22:22:11,614] {subprocess.py:85} INFO - Output:
[2022-08-06 22:22:11,616] {subprocess.py:92} INFO - hey, I am task3 and will be running after task1 at the same time as task2!
[2022-08-06 22:22:11,617] {subprocess.py:96} INFO - Command exited with return code 0
[2022-08-06 22:22:11,656] {taskinstance.py:1420} INFO - Marking task as SUCCESS. dag_id=our_first_dag_v5, task_id=thrid_task, execution_date=20210908T000000, start_date=20220806T222211, end_date=20220806T222211
[2022-08-06 22:22:11,703] {local_task_job.py:156} INFO - Task exited with return code 0
[2022-08-06 22:22:11,815] {local_task_job.py:273} INFO - 0 downstream tasks scheduled from follow-on schedule check
