[2022-08-06 19:37:07,859] {taskinstance.py:1179} INFO - Dependencies all met for <TaskInstance: our_first_dag_v5.thrid_task scheduled__2021-11-15T00:00:00+00:00 [queued]>
[2022-08-06 19:37:07,875] {taskinstance.py:1179} INFO - Dependencies all met for <TaskInstance: our_first_dag_v5.thrid_task scheduled__2021-11-15T00:00:00+00:00 [queued]>
[2022-08-06 19:37:07,875] {taskinstance.py:1376} INFO - 
--------------------------------------------------------------------------------
[2022-08-06 19:37:07,875] {taskinstance.py:1377} INFO - Starting attempt 1 of 6
[2022-08-06 19:37:07,875] {taskinstance.py:1378} INFO - 
--------------------------------------------------------------------------------
[2022-08-06 19:37:07,897] {taskinstance.py:1397} INFO - Executing <Task(BashOperator): thrid_task> on 2021-11-15 00:00:00+00:00
[2022-08-06 19:37:07,904] {standard_task_runner.py:52} INFO - Started process 1129 to run task
[2022-08-06 19:37:07,910] {standard_task_runner.py:79} INFO - Running: ['***', 'tasks', 'run', 'our_first_dag_v5', 'thrid_task', 'scheduled__2021-11-15T00:00:00+00:00', '--job-id', '330', '--raw', '--subdir', 'DAGS_FOLDER/pipeline.py', '--cfg-path', '/tmp/tmp2rcod4rc', '--error-file', '/tmp/tmpgkxmwuge']
[2022-08-06 19:37:07,911] {standard_task_runner.py:80} INFO - Job 330: Subtask thrid_task
[2022-08-06 19:37:07,986] {task_command.py:371} INFO - Running <TaskInstance: our_first_dag_v5.thrid_task scheduled__2021-11-15T00:00:00+00:00 [running]> on host b29c168c1666
[2022-08-06 19:37:08,081] {taskinstance.py:1591} INFO - Exporting the following env vars:
AIRFLOW_CTX_DAG_OWNER=coder2j
AIRFLOW_CTX_DAG_ID=our_first_dag_v5
AIRFLOW_CTX_TASK_ID=thrid_task
AIRFLOW_CTX_EXECUTION_DATE=2021-11-15T00:00:00+00:00
AIRFLOW_CTX_TRY_NUMBER=1
AIRFLOW_CTX_DAG_RUN_ID=scheduled__2021-11-15T00:00:00+00:00
[2022-08-06 19:37:08,082] {subprocess.py:62} INFO - Tmp dir root location: 
 /tmp
[2022-08-06 19:37:08,082] {subprocess.py:74} INFO - Running command: ['bash', '-c', 'echo hey, I am task3 and will be running after task1 at the same time as task2!']
[2022-08-06 19:37:08,096] {subprocess.py:85} INFO - Output:
[2022-08-06 19:37:08,098] {subprocess.py:92} INFO - hey, I am task3 and will be running after task1 at the same time as task2!
[2022-08-06 19:37:08,098] {subprocess.py:96} INFO - Command exited with return code 0
[2022-08-06 19:37:08,138] {taskinstance.py:1420} INFO - Marking task as SUCCESS. dag_id=our_first_dag_v5, task_id=thrid_task, execution_date=20211115T000000, start_date=20220806T193707, end_date=20220806T193708
[2022-08-06 19:37:08,199] {local_task_job.py:156} INFO - Task exited with return code 0
[2022-08-06 19:37:08,268] {local_task_job.py:273} INFO - 0 downstream tasks scheduled from follow-on schedule check
[2022-08-06 21:51:02,146] {taskinstance.py:1179} INFO - Dependencies all met for <TaskInstance: our_first_dag_v5.thrid_task scheduled__2021-11-15T00:00:00+00:00 [queued]>
[2022-08-06 21:51:02,167] {taskinstance.py:1179} INFO - Dependencies all met for <TaskInstance: our_first_dag_v5.thrid_task scheduled__2021-11-15T00:00:00+00:00 [queued]>
[2022-08-06 21:51:02,168] {taskinstance.py:1376} INFO - 
--------------------------------------------------------------------------------
[2022-08-06 21:51:02,168] {taskinstance.py:1377} INFO - Starting attempt 1 of 6
[2022-08-06 21:51:02,168] {taskinstance.py:1378} INFO - 
--------------------------------------------------------------------------------
[2022-08-06 21:51:02,196] {taskinstance.py:1397} INFO - Executing <Task(BashOperator): thrid_task> on 2021-11-15 00:00:00+00:00
[2022-08-06 21:51:02,205] {standard_task_runner.py:52} INFO - Started process 1328 to run task
[2022-08-06 21:51:02,218] {standard_task_runner.py:79} INFO - Running: ['***', 'tasks', 'run', 'our_first_dag_v5', 'thrid_task', 'scheduled__2021-11-15T00:00:00+00:00', '--job-id', '333', '--raw', '--subdir', 'DAGS_FOLDER/pipeline.py', '--cfg-path', '/tmp/tmpl088b9wh', '--error-file', '/tmp/tmpws8zw69b']
[2022-08-06 21:51:02,218] {standard_task_runner.py:80} INFO - Job 333: Subtask thrid_task
[2022-08-06 21:51:02,312] {task_command.py:371} INFO - Running <TaskInstance: our_first_dag_v5.thrid_task scheduled__2021-11-15T00:00:00+00:00 [running]> on host c3f731879890
[2022-08-06 21:51:02,428] {taskinstance.py:1591} INFO - Exporting the following env vars:
AIRFLOW_CTX_DAG_OWNER=coder2j
AIRFLOW_CTX_DAG_ID=our_first_dag_v5
AIRFLOW_CTX_TASK_ID=thrid_task
AIRFLOW_CTX_EXECUTION_DATE=2021-11-15T00:00:00+00:00
AIRFLOW_CTX_TRY_NUMBER=1
AIRFLOW_CTX_DAG_RUN_ID=scheduled__2021-11-15T00:00:00+00:00
[2022-08-06 21:51:02,429] {subprocess.py:62} INFO - Tmp dir root location: 
 /tmp
[2022-08-06 21:51:02,430] {subprocess.py:74} INFO - Running command: ['bash', '-c', 'echo hey, I am task3 and will be running after task1 at the same time as task2!']
[2022-08-06 21:51:02,449] {subprocess.py:85} INFO - Output:
[2022-08-06 21:51:02,451] {subprocess.py:92} INFO - hey, I am task3 and will be running after task1 at the same time as task2!
[2022-08-06 21:51:02,452] {subprocess.py:96} INFO - Command exited with return code 0
[2022-08-06 21:51:02,498] {taskinstance.py:1420} INFO - Marking task as SUCCESS. dag_id=our_first_dag_v5, task_id=thrid_task, execution_date=20211115T000000, start_date=20220806T215102, end_date=20220806T215102
[2022-08-06 21:51:02,541] {local_task_job.py:156} INFO - Task exited with return code 0
[2022-08-06 21:51:02,606] {local_task_job.py:273} INFO - 0 downstream tasks scheduled from follow-on schedule check
[2022-08-06 21:56:26,997] {taskinstance.py:1179} INFO - Dependencies all met for <TaskInstance: our_first_dag_v5.thrid_task scheduled__2021-11-15T00:00:00+00:00 [queued]>
[2022-08-06 21:56:27,008] {taskinstance.py:1179} INFO - Dependencies all met for <TaskInstance: our_first_dag_v5.thrid_task scheduled__2021-11-15T00:00:00+00:00 [queued]>
[2022-08-06 21:56:27,009] {taskinstance.py:1376} INFO - 
--------------------------------------------------------------------------------
[2022-08-06 21:56:27,009] {taskinstance.py:1377} INFO - Starting attempt 1 of 6
[2022-08-06 21:56:27,009] {taskinstance.py:1378} INFO - 
--------------------------------------------------------------------------------
[2022-08-06 21:56:27,024] {taskinstance.py:1397} INFO - Executing <Task(BashOperator): thrid_task> on 2021-11-15 00:00:00+00:00
[2022-08-06 21:56:27,030] {standard_task_runner.py:52} INFO - Started process 1110 to run task
[2022-08-06 21:56:27,032] {standard_task_runner.py:79} INFO - Running: ['***', 'tasks', 'run', 'our_first_dag_v5', 'thrid_task', 'scheduled__2021-11-15T00:00:00+00:00', '--job-id', '329', '--raw', '--subdir', 'DAGS_FOLDER/pipeline.py', '--cfg-path', '/tmp/tmpvsq07urq', '--error-file', '/tmp/tmp5l7zidfr']
[2022-08-06 21:56:27,032] {standard_task_runner.py:80} INFO - Job 329: Subtask thrid_task
[2022-08-06 21:56:27,101] {task_command.py:371} INFO - Running <TaskInstance: our_first_dag_v5.thrid_task scheduled__2021-11-15T00:00:00+00:00 [running]> on host bc7e154a4fdd
[2022-08-06 21:56:27,217] {taskinstance.py:1591} INFO - Exporting the following env vars:
AIRFLOW_CTX_DAG_OWNER=coder2j
AIRFLOW_CTX_DAG_ID=our_first_dag_v5
AIRFLOW_CTX_TASK_ID=thrid_task
AIRFLOW_CTX_EXECUTION_DATE=2021-11-15T00:00:00+00:00
AIRFLOW_CTX_TRY_NUMBER=1
AIRFLOW_CTX_DAG_RUN_ID=scheduled__2021-11-15T00:00:00+00:00
[2022-08-06 21:56:27,218] {subprocess.py:62} INFO - Tmp dir root location: 
 /tmp
[2022-08-06 21:56:27,219] {subprocess.py:74} INFO - Running command: ['bash', '-c', 'echo hey, I am task3 and will be running after task1 at the same time as task2!']
[2022-08-06 21:56:27,235] {subprocess.py:85} INFO - Output:
[2022-08-06 21:56:27,237] {subprocess.py:92} INFO - hey, I am task3 and will be running after task1 at the same time as task2!
[2022-08-06 21:56:27,238] {subprocess.py:96} INFO - Command exited with return code 0
[2022-08-06 21:56:27,279] {taskinstance.py:1420} INFO - Marking task as SUCCESS. dag_id=our_first_dag_v5, task_id=thrid_task, execution_date=20211115T000000, start_date=20220806T215626, end_date=20220806T215627
[2022-08-06 21:56:27,325] {local_task_job.py:156} INFO - Task exited with return code 0
[2022-08-06 21:56:27,409] {local_task_job.py:273} INFO - 0 downstream tasks scheduled from follow-on schedule check
[2022-08-06 22:11:28,361] {taskinstance.py:1179} INFO - Dependencies all met for <TaskInstance: our_first_dag_v5.thrid_task scheduled__2021-11-15T00:00:00+00:00 [queued]>
[2022-08-06 22:11:28,377] {taskinstance.py:1179} INFO - Dependencies all met for <TaskInstance: our_first_dag_v5.thrid_task scheduled__2021-11-15T00:00:00+00:00 [queued]>
[2022-08-06 22:11:28,377] {taskinstance.py:1376} INFO - 
--------------------------------------------------------------------------------
[2022-08-06 22:11:28,378] {taskinstance.py:1377} INFO - Starting attempt 1 of 6
[2022-08-06 22:11:28,378] {taskinstance.py:1378} INFO - 
--------------------------------------------------------------------------------
[2022-08-06 22:11:28,394] {taskinstance.py:1397} INFO - Executing <Task(BashOperator): thrid_task> on 2021-11-15 00:00:00+00:00
[2022-08-06 22:11:28,400] {standard_task_runner.py:52} INFO - Started process 1119 to run task
[2022-08-06 22:11:28,403] {standard_task_runner.py:79} INFO - Running: ['***', 'tasks', 'run', 'our_first_dag_v5', 'thrid_task', 'scheduled__2021-11-15T00:00:00+00:00', '--job-id', '330', '--raw', '--subdir', 'DAGS_FOLDER/pipeline.py', '--cfg-path', '/tmp/tmpx_zrcj9_', '--error-file', '/tmp/tmp39ex3mdg']
[2022-08-06 22:11:28,404] {standard_task_runner.py:80} INFO - Job 330: Subtask thrid_task
[2022-08-06 22:11:28,471] {task_command.py:371} INFO - Running <TaskInstance: our_first_dag_v5.thrid_task scheduled__2021-11-15T00:00:00+00:00 [running]> on host 1250c3b659cd
[2022-08-06 22:11:28,552] {taskinstance.py:1591} INFO - Exporting the following env vars:
AIRFLOW_CTX_DAG_OWNER=coder2j
AIRFLOW_CTX_DAG_ID=our_first_dag_v5
AIRFLOW_CTX_TASK_ID=thrid_task
AIRFLOW_CTX_EXECUTION_DATE=2021-11-15T00:00:00+00:00
AIRFLOW_CTX_TRY_NUMBER=1
AIRFLOW_CTX_DAG_RUN_ID=scheduled__2021-11-15T00:00:00+00:00
[2022-08-06 22:11:28,553] {subprocess.py:62} INFO - Tmp dir root location: 
 /tmp
[2022-08-06 22:11:28,553] {subprocess.py:74} INFO - Running command: ['bash', '-c', 'echo hey, I am task3 and will be running after task1 at the same time as task2!']
[2022-08-06 22:11:28,565] {subprocess.py:85} INFO - Output:
[2022-08-06 22:11:28,567] {subprocess.py:92} INFO - hey, I am task3 and will be running after task1 at the same time as task2!
[2022-08-06 22:11:28,567] {subprocess.py:96} INFO - Command exited with return code 0
[2022-08-06 22:11:28,600] {taskinstance.py:1420} INFO - Marking task as SUCCESS. dag_id=our_first_dag_v5, task_id=thrid_task, execution_date=20211115T000000, start_date=20220806T221128, end_date=20220806T221128
[2022-08-06 22:11:28,654] {local_task_job.py:156} INFO - Task exited with return code 0
[2022-08-06 22:11:28,687] {local_task_job.py:273} INFO - 0 downstream tasks scheduled from follow-on schedule check
[2022-08-06 22:19:11,833] {taskinstance.py:1179} INFO - Dependencies all met for <TaskInstance: our_first_dag_v5.thrid_task scheduled__2021-11-15T00:00:00+00:00 [queued]>
[2022-08-06 22:19:11,848] {taskinstance.py:1179} INFO - Dependencies all met for <TaskInstance: our_first_dag_v5.thrid_task scheduled__2021-11-15T00:00:00+00:00 [queued]>
[2022-08-06 22:19:11,849] {taskinstance.py:1376} INFO - 
--------------------------------------------------------------------------------
[2022-08-06 22:19:11,849] {taskinstance.py:1377} INFO - Starting attempt 1 of 6
[2022-08-06 22:19:11,849] {taskinstance.py:1378} INFO - 
--------------------------------------------------------------------------------
[2022-08-06 22:19:11,866] {taskinstance.py:1397} INFO - Executing <Task(BashOperator): thrid_task> on 2021-11-15 00:00:00+00:00
[2022-08-06 22:19:11,873] {standard_task_runner.py:52} INFO - Started process 1130 to run task
[2022-08-06 22:19:11,876] {standard_task_runner.py:79} INFO - Running: ['***', 'tasks', 'run', 'our_first_dag_v5', 'thrid_task', 'scheduled__2021-11-15T00:00:00+00:00', '--job-id', '331', '--raw', '--subdir', 'DAGS_FOLDER/pipeline.py', '--cfg-path', '/tmp/tmp6nqblb6r', '--error-file', '/tmp/tmpcm0fs7n5']
[2022-08-06 22:19:11,876] {standard_task_runner.py:80} INFO - Job 331: Subtask thrid_task
[2022-08-06 22:19:11,942] {task_command.py:371} INFO - Running <TaskInstance: our_first_dag_v5.thrid_task scheduled__2021-11-15T00:00:00+00:00 [running]> on host ed53bde1c44a
[2022-08-06 22:19:12,028] {taskinstance.py:1591} INFO - Exporting the following env vars:
AIRFLOW_CTX_DAG_OWNER=coder2j
AIRFLOW_CTX_DAG_ID=our_first_dag_v5
AIRFLOW_CTX_TASK_ID=thrid_task
AIRFLOW_CTX_EXECUTION_DATE=2021-11-15T00:00:00+00:00
AIRFLOW_CTX_TRY_NUMBER=1
AIRFLOW_CTX_DAG_RUN_ID=scheduled__2021-11-15T00:00:00+00:00
[2022-08-06 22:19:12,029] {subprocess.py:62} INFO - Tmp dir root location: 
 /tmp
[2022-08-06 22:19:12,030] {subprocess.py:74} INFO - Running command: ['bash', '-c', 'echo hey, I am task3 and will be running after task1 at the same time as task2!']
[2022-08-06 22:19:12,046] {subprocess.py:85} INFO - Output:
[2022-08-06 22:19:12,047] {subprocess.py:92} INFO - hey, I am task3 and will be running after task1 at the same time as task2!
[2022-08-06 22:19:12,048] {subprocess.py:96} INFO - Command exited with return code 0
[2022-08-06 22:19:12,079] {taskinstance.py:1420} INFO - Marking task as SUCCESS. dag_id=our_first_dag_v5, task_id=thrid_task, execution_date=20211115T000000, start_date=20220806T221911, end_date=20220806T221912
[2022-08-06 22:19:12,127] {local_task_job.py:156} INFO - Task exited with return code 0
[2022-08-06 22:19:12,161] {local_task_job.py:273} INFO - 0 downstream tasks scheduled from follow-on schedule check
[2022-08-06 22:22:51,669] {taskinstance.py:1179} INFO - Dependencies all met for <TaskInstance: our_first_dag_v5.thrid_task scheduled__2021-11-15T00:00:00+00:00 [queued]>
[2022-08-06 22:22:51,684] {taskinstance.py:1179} INFO - Dependencies all met for <TaskInstance: our_first_dag_v5.thrid_task scheduled__2021-11-15T00:00:00+00:00 [queued]>
[2022-08-06 22:22:51,684] {taskinstance.py:1376} INFO - 
--------------------------------------------------------------------------------
[2022-08-06 22:22:51,684] {taskinstance.py:1377} INFO - Starting attempt 1 of 6
[2022-08-06 22:22:51,684] {taskinstance.py:1378} INFO - 
--------------------------------------------------------------------------------
[2022-08-06 22:22:51,710] {taskinstance.py:1397} INFO - Executing <Task(BashOperator): thrid_task> on 2021-11-15 00:00:00+00:00
[2022-08-06 22:22:51,719] {standard_task_runner.py:52} INFO - Started process 1174 to run task
[2022-08-06 22:22:51,722] {standard_task_runner.py:79} INFO - Running: ['***', 'tasks', 'run', 'our_first_dag_v5', 'thrid_task', 'scheduled__2021-11-15T00:00:00+00:00', '--job-id', '333', '--raw', '--subdir', 'DAGS_FOLDER/pipeline.py', '--cfg-path', '/tmp/tmppopx7ol5', '--error-file', '/tmp/tmpd9nn2b8k']
[2022-08-06 22:22:51,722] {standard_task_runner.py:80} INFO - Job 333: Subtask thrid_task
[2022-08-06 22:22:51,806] {task_command.py:371} INFO - Running <TaskInstance: our_first_dag_v5.thrid_task scheduled__2021-11-15T00:00:00+00:00 [running]> on host b215076695c3
[2022-08-06 22:22:51,920] {taskinstance.py:1591} INFO - Exporting the following env vars:
AIRFLOW_CTX_DAG_OWNER=coder2j
AIRFLOW_CTX_DAG_ID=our_first_dag_v5
AIRFLOW_CTX_TASK_ID=thrid_task
AIRFLOW_CTX_EXECUTION_DATE=2021-11-15T00:00:00+00:00
AIRFLOW_CTX_TRY_NUMBER=1
AIRFLOW_CTX_DAG_RUN_ID=scheduled__2021-11-15T00:00:00+00:00
[2022-08-06 22:22:51,921] {subprocess.py:62} INFO - Tmp dir root location: 
 /tmp
[2022-08-06 22:22:51,921] {subprocess.py:74} INFO - Running command: ['bash', '-c', 'echo hey, I am task3 and will be running after task1 at the same time as task2!']
[2022-08-06 22:22:51,938] {subprocess.py:85} INFO - Output:
[2022-08-06 22:22:51,940] {subprocess.py:92} INFO - hey, I am task3 and will be running after task1 at the same time as task2!
[2022-08-06 22:22:51,941] {subprocess.py:96} INFO - Command exited with return code 0
[2022-08-06 22:22:51,983] {taskinstance.py:1420} INFO - Marking task as SUCCESS. dag_id=our_first_dag_v5, task_id=thrid_task, execution_date=20211115T000000, start_date=20220806T222251, end_date=20220806T222251
[2022-08-06 22:22:52,014] {local_task_job.py:156} INFO - Task exited with return code 0
[2022-08-06 22:22:52,059] {local_task_job.py:273} INFO - 0 downstream tasks scheduled from follow-on schedule check
