[2022-08-06 19:39:11,139] {taskinstance.py:1179} INFO - Dependencies all met for <TaskInstance: our_first_dag_v5.second_task scheduled__2022-06-08T00:00:00+00:00 [queued]>
[2022-08-06 19:39:11,154] {taskinstance.py:1179} INFO - Dependencies all met for <TaskInstance: our_first_dag_v5.second_task scheduled__2022-06-08T00:00:00+00:00 [queued]>
[2022-08-06 19:39:11,154] {taskinstance.py:1376} INFO - 
--------------------------------------------------------------------------------
[2022-08-06 19:39:11,154] {taskinstance.py:1377} INFO - Starting attempt 1 of 6
[2022-08-06 19:39:11,154] {taskinstance.py:1378} INFO - 
--------------------------------------------------------------------------------
[2022-08-06 19:39:11,173] {taskinstance.py:1397} INFO - Executing <Task(BashOperator): second_task> on 2022-06-08 00:00:00+00:00
[2022-08-06 19:39:11,179] {standard_task_runner.py:52} INFO - Started process 3060 to run task
[2022-08-06 19:39:11,182] {standard_task_runner.py:79} INFO - Running: ['***', 'tasks', 'run', 'our_first_dag_v5', 'second_task', 'scheduled__2022-06-08T00:00:00+00:00', '--job-id', '945', '--raw', '--subdir', 'DAGS_FOLDER/pipeline.py', '--cfg-path', '/tmp/tmpoq6pebof', '--error-file', '/tmp/tmp2t80_x4h']
[2022-08-06 19:39:11,182] {standard_task_runner.py:80} INFO - Job 945: Subtask second_task
[2022-08-06 19:39:11,249] {task_command.py:371} INFO - Running <TaskInstance: our_first_dag_v5.second_task scheduled__2022-06-08T00:00:00+00:00 [running]> on host b29c168c1666
[2022-08-06 19:39:11,334] {taskinstance.py:1591} INFO - Exporting the following env vars:
AIRFLOW_CTX_DAG_OWNER=coder2j
AIRFLOW_CTX_DAG_ID=our_first_dag_v5
AIRFLOW_CTX_TASK_ID=second_task
AIRFLOW_CTX_EXECUTION_DATE=2022-06-08T00:00:00+00:00
AIRFLOW_CTX_TRY_NUMBER=1
AIRFLOW_CTX_DAG_RUN_ID=scheduled__2022-06-08T00:00:00+00:00
[2022-08-06 19:39:11,335] {subprocess.py:62} INFO - Tmp dir root location: 
 /tmp
[2022-08-06 19:39:11,336] {subprocess.py:74} INFO - Running command: ['bash', '-c', 'echo hey, I am task2 and will be running after task1!']
[2022-08-06 19:39:11,348] {subprocess.py:85} INFO - Output:
[2022-08-06 19:39:11,349] {subprocess.py:92} INFO - hey, I am task2 and will be running after task1!
[2022-08-06 19:39:11,350] {subprocess.py:96} INFO - Command exited with return code 0
[2022-08-06 19:39:11,378] {taskinstance.py:1420} INFO - Marking task as SUCCESS. dag_id=our_first_dag_v5, task_id=second_task, execution_date=20220608T000000, start_date=20220806T193911, end_date=20220806T193911
[2022-08-06 19:39:11,433] {local_task_job.py:156} INFO - Task exited with return code 0
[2022-08-06 19:39:11,464] {local_task_job.py:273} INFO - 0 downstream tasks scheduled from follow-on schedule check
[2022-08-06 21:53:03,040] {taskinstance.py:1179} INFO - Dependencies all met for <TaskInstance: our_first_dag_v5.second_task scheduled__2022-06-08T00:00:00+00:00 [queued]>
[2022-08-06 21:53:03,050] {taskinstance.py:1179} INFO - Dependencies all met for <TaskInstance: our_first_dag_v5.second_task scheduled__2022-06-08T00:00:00+00:00 [queued]>
[2022-08-06 21:53:03,050] {taskinstance.py:1376} INFO - 
--------------------------------------------------------------------------------
[2022-08-06 21:53:03,050] {taskinstance.py:1377} INFO - Starting attempt 1 of 6
[2022-08-06 21:53:03,050] {taskinstance.py:1378} INFO - 
--------------------------------------------------------------------------------
[2022-08-06 21:53:03,064] {taskinstance.py:1397} INFO - Executing <Task(BashOperator): second_task> on 2022-06-08 00:00:00+00:00
[2022-08-06 21:53:03,070] {standard_task_runner.py:52} INFO - Started process 3247 to run task
[2022-08-06 21:53:03,072] {standard_task_runner.py:79} INFO - Running: ['***', 'tasks', 'run', 'our_first_dag_v5', 'second_task', 'scheduled__2022-06-08T00:00:00+00:00', '--job-id', '944', '--raw', '--subdir', 'DAGS_FOLDER/pipeline.py', '--cfg-path', '/tmp/tmp0_bbf0wd', '--error-file', '/tmp/tmpxbgce78s']
[2022-08-06 21:53:03,073] {standard_task_runner.py:80} INFO - Job 944: Subtask second_task
[2022-08-06 21:53:03,130] {task_command.py:371} INFO - Running <TaskInstance: our_first_dag_v5.second_task scheduled__2022-06-08T00:00:00+00:00 [running]> on host c3f731879890
[2022-08-06 21:53:03,204] {taskinstance.py:1591} INFO - Exporting the following env vars:
AIRFLOW_CTX_DAG_OWNER=coder2j
AIRFLOW_CTX_DAG_ID=our_first_dag_v5
AIRFLOW_CTX_TASK_ID=second_task
AIRFLOW_CTX_EXECUTION_DATE=2022-06-08T00:00:00+00:00
AIRFLOW_CTX_TRY_NUMBER=1
AIRFLOW_CTX_DAG_RUN_ID=scheduled__2022-06-08T00:00:00+00:00
[2022-08-06 21:53:03,205] {subprocess.py:62} INFO - Tmp dir root location: 
 /tmp
[2022-08-06 21:53:03,205] {subprocess.py:74} INFO - Running command: ['bash', '-c', 'echo hey, I am task2 and will be running after task1!']
[2022-08-06 21:53:03,217] {subprocess.py:85} INFO - Output:
[2022-08-06 21:53:03,218] {subprocess.py:92} INFO - hey, I am task2 and will be running after task1!
[2022-08-06 21:53:03,218] {subprocess.py:96} INFO - Command exited with return code 0
[2022-08-06 21:53:03,244] {taskinstance.py:1420} INFO - Marking task as SUCCESS. dag_id=our_first_dag_v5, task_id=second_task, execution_date=20220608T000000, start_date=20220806T215303, end_date=20220806T215303
[2022-08-06 21:53:03,284] {local_task_job.py:156} INFO - Task exited with return code 0
[2022-08-06 21:53:03,316] {local_task_job.py:273} INFO - 0 downstream tasks scheduled from follow-on schedule check
[2022-08-06 21:58:30,804] {taskinstance.py:1179} INFO - Dependencies all met for <TaskInstance: our_first_dag_v5.second_task scheduled__2022-06-08T00:00:00+00:00 [queued]>
[2022-08-06 21:58:30,823] {taskinstance.py:1179} INFO - Dependencies all met for <TaskInstance: our_first_dag_v5.second_task scheduled__2022-06-08T00:00:00+00:00 [queued]>
[2022-08-06 21:58:30,823] {taskinstance.py:1376} INFO - 
--------------------------------------------------------------------------------
[2022-08-06 21:58:30,824] {taskinstance.py:1377} INFO - Starting attempt 1 of 6
[2022-08-06 21:58:30,824] {taskinstance.py:1378} INFO - 
--------------------------------------------------------------------------------
[2022-08-06 21:58:30,845] {taskinstance.py:1397} INFO - Executing <Task(BashOperator): second_task> on 2022-06-08 00:00:00+00:00
[2022-08-06 21:58:30,853] {standard_task_runner.py:52} INFO - Started process 3050 to run task
[2022-08-06 21:58:30,857] {standard_task_runner.py:79} INFO - Running: ['***', 'tasks', 'run', 'our_first_dag_v5', 'second_task', 'scheduled__2022-06-08T00:00:00+00:00', '--job-id', '946', '--raw', '--subdir', 'DAGS_FOLDER/pipeline.py', '--cfg-path', '/tmp/tmp3onxtr1_', '--error-file', '/tmp/tmpo9i5r7d2']
[2022-08-06 21:58:30,857] {standard_task_runner.py:80} INFO - Job 946: Subtask second_task
[2022-08-06 21:58:30,938] {task_command.py:371} INFO - Running <TaskInstance: our_first_dag_v5.second_task scheduled__2022-06-08T00:00:00+00:00 [running]> on host bc7e154a4fdd
[2022-08-06 21:58:31,036] {taskinstance.py:1591} INFO - Exporting the following env vars:
AIRFLOW_CTX_DAG_OWNER=coder2j
AIRFLOW_CTX_DAG_ID=our_first_dag_v5
AIRFLOW_CTX_TASK_ID=second_task
AIRFLOW_CTX_EXECUTION_DATE=2022-06-08T00:00:00+00:00
AIRFLOW_CTX_TRY_NUMBER=1
AIRFLOW_CTX_DAG_RUN_ID=scheduled__2022-06-08T00:00:00+00:00
[2022-08-06 21:58:31,037] {subprocess.py:62} INFO - Tmp dir root location: 
 /tmp
[2022-08-06 21:58:31,038] {subprocess.py:74} INFO - Running command: ['bash', '-c', 'echo hey, I am task2 and will be running after task1!']
[2022-08-06 21:58:31,058] {subprocess.py:85} INFO - Output:
[2022-08-06 21:58:31,060] {subprocess.py:92} INFO - hey, I am task2 and will be running after task1!
[2022-08-06 21:58:31,060] {subprocess.py:96} INFO - Command exited with return code 0
[2022-08-06 21:58:31,104] {taskinstance.py:1420} INFO - Marking task as SUCCESS. dag_id=our_first_dag_v5, task_id=second_task, execution_date=20220608T000000, start_date=20220806T215830, end_date=20220806T215831
[2022-08-06 21:58:31,149] {local_task_job.py:156} INFO - Task exited with return code 0
[2022-08-06 21:58:31,195] {local_task_job.py:273} INFO - 0 downstream tasks scheduled from follow-on schedule check
[2022-08-06 22:13:27,564] {taskinstance.py:1179} INFO - Dependencies all met for <TaskInstance: our_first_dag_v5.second_task scheduled__2022-06-08T00:00:00+00:00 [queued]>
[2022-08-06 22:13:27,574] {taskinstance.py:1179} INFO - Dependencies all met for <TaskInstance: our_first_dag_v5.second_task scheduled__2022-06-08T00:00:00+00:00 [queued]>
[2022-08-06 22:13:27,574] {taskinstance.py:1376} INFO - 
--------------------------------------------------------------------------------
[2022-08-06 22:13:27,574] {taskinstance.py:1377} INFO - Starting attempt 1 of 6
[2022-08-06 22:13:27,574] {taskinstance.py:1378} INFO - 
--------------------------------------------------------------------------------
[2022-08-06 22:13:27,590] {taskinstance.py:1397} INFO - Executing <Task(BashOperator): second_task> on 2022-06-08 00:00:00+00:00
[2022-08-06 22:13:27,597] {standard_task_runner.py:52} INFO - Started process 3052 to run task
[2022-08-06 22:13:27,600] {standard_task_runner.py:79} INFO - Running: ['***', 'tasks', 'run', 'our_first_dag_v5', 'second_task', 'scheduled__2022-06-08T00:00:00+00:00', '--job-id', '945', '--raw', '--subdir', 'DAGS_FOLDER/pipeline.py', '--cfg-path', '/tmp/tmp_kkett_m', '--error-file', '/tmp/tmpf65scbvd']
[2022-08-06 22:13:27,601] {standard_task_runner.py:80} INFO - Job 945: Subtask second_task
[2022-08-06 22:13:27,672] {task_command.py:371} INFO - Running <TaskInstance: our_first_dag_v5.second_task scheduled__2022-06-08T00:00:00+00:00 [running]> on host 1250c3b659cd
[2022-08-06 22:13:27,762] {taskinstance.py:1591} INFO - Exporting the following env vars:
AIRFLOW_CTX_DAG_OWNER=coder2j
AIRFLOW_CTX_DAG_ID=our_first_dag_v5
AIRFLOW_CTX_TASK_ID=second_task
AIRFLOW_CTX_EXECUTION_DATE=2022-06-08T00:00:00+00:00
AIRFLOW_CTX_TRY_NUMBER=1
AIRFLOW_CTX_DAG_RUN_ID=scheduled__2022-06-08T00:00:00+00:00
[2022-08-06 22:13:27,763] {subprocess.py:62} INFO - Tmp dir root location: 
 /tmp
[2022-08-06 22:13:27,764] {subprocess.py:74} INFO - Running command: ['bash', '-c', 'echo hey, I am task2 and will be running after task1!']
[2022-08-06 22:13:27,777] {subprocess.py:85} INFO - Output:
[2022-08-06 22:13:27,778] {subprocess.py:92} INFO - hey, I am task2 and will be running after task1!
[2022-08-06 22:13:27,779] {subprocess.py:96} INFO - Command exited with return code 0
[2022-08-06 22:13:27,811] {taskinstance.py:1420} INFO - Marking task as SUCCESS. dag_id=our_first_dag_v5, task_id=second_task, execution_date=20220608T000000, start_date=20220806T221327, end_date=20220806T221327
[2022-08-06 22:13:27,852] {local_task_job.py:156} INFO - Task exited with return code 0
[2022-08-06 22:13:27,885] {local_task_job.py:273} INFO - 0 downstream tasks scheduled from follow-on schedule check
[2022-08-06 22:24:47,683] {taskinstance.py:1179} INFO - Dependencies all met for <TaskInstance: our_first_dag_v5.second_task scheduled__2022-06-08T00:00:00+00:00 [queued]>
[2022-08-06 22:24:47,698] {taskinstance.py:1179} INFO - Dependencies all met for <TaskInstance: our_first_dag_v5.second_task scheduled__2022-06-08T00:00:00+00:00 [queued]>
[2022-08-06 22:24:47,698] {taskinstance.py:1376} INFO - 
--------------------------------------------------------------------------------
[2022-08-06 22:24:47,698] {taskinstance.py:1377} INFO - Starting attempt 1 of 6
[2022-08-06 22:24:47,698] {taskinstance.py:1378} INFO - 
--------------------------------------------------------------------------------
[2022-08-06 22:24:47,719] {taskinstance.py:1397} INFO - Executing <Task(BashOperator): second_task> on 2022-06-08 00:00:00+00:00
[2022-08-06 22:24:47,727] {standard_task_runner.py:52} INFO - Started process 3112 to run task
[2022-08-06 22:24:47,731] {standard_task_runner.py:79} INFO - Running: ['***', 'tasks', 'run', 'our_first_dag_v5', 'second_task', 'scheduled__2022-06-08T00:00:00+00:00', '--job-id', '949', '--raw', '--subdir', 'DAGS_FOLDER/pipeline.py', '--cfg-path', '/tmp/tmpm630i5xa', '--error-file', '/tmp/tmpwzyoejvn']
[2022-08-06 22:24:47,731] {standard_task_runner.py:80} INFO - Job 949: Subtask second_task
[2022-08-06 22:24:47,828] {task_command.py:371} INFO - Running <TaskInstance: our_first_dag_v5.second_task scheduled__2022-06-08T00:00:00+00:00 [running]> on host b215076695c3
[2022-08-06 22:24:47,930] {taskinstance.py:1591} INFO - Exporting the following env vars:
AIRFLOW_CTX_DAG_OWNER=coder2j
AIRFLOW_CTX_DAG_ID=our_first_dag_v5
AIRFLOW_CTX_TASK_ID=second_task
AIRFLOW_CTX_EXECUTION_DATE=2022-06-08T00:00:00+00:00
AIRFLOW_CTX_TRY_NUMBER=1
AIRFLOW_CTX_DAG_RUN_ID=scheduled__2022-06-08T00:00:00+00:00
[2022-08-06 22:24:47,931] {subprocess.py:62} INFO - Tmp dir root location: 
 /tmp
[2022-08-06 22:24:47,932] {subprocess.py:74} INFO - Running command: ['bash', '-c', 'echo hey, I am task2 and will be running after task1!']
[2022-08-06 22:24:47,946] {subprocess.py:85} INFO - Output:
[2022-08-06 22:24:47,948] {subprocess.py:92} INFO - hey, I am task2 and will be running after task1!
[2022-08-06 22:24:47,948] {subprocess.py:96} INFO - Command exited with return code 0
[2022-08-06 22:24:48,017] {taskinstance.py:1420} INFO - Marking task as SUCCESS. dag_id=our_first_dag_v5, task_id=second_task, execution_date=20220608T000000, start_date=20220806T222447, end_date=20220806T222448
[2022-08-06 22:24:48,062] {local_task_job.py:156} INFO - Task exited with return code 0
[2022-08-06 22:24:48,112] {local_task_job.py:273} INFO - 0 downstream tasks scheduled from follow-on schedule check
