[2022-08-06 19:38:32,725] {taskinstance.py:1179} INFO - Dependencies all met for <TaskInstance: our_first_dag_v5.first_task scheduled__2022-04-05T00:00:00+00:00 [queued]>
[2022-08-06 19:38:32,741] {taskinstance.py:1179} INFO - Dependencies all met for <TaskInstance: our_first_dag_v5.first_task scheduled__2022-04-05T00:00:00+00:00 [queued]>
[2022-08-06 19:38:32,741] {taskinstance.py:1376} INFO - 
--------------------------------------------------------------------------------
[2022-08-06 19:38:32,741] {taskinstance.py:1377} INFO - Starting attempt 1 of 6
[2022-08-06 19:38:32,741] {taskinstance.py:1378} INFO - 
--------------------------------------------------------------------------------
[2022-08-06 19:38:32,765] {taskinstance.py:1397} INFO - Executing <Task(BashOperator): first_task> on 2022-04-05 00:00:00+00:00
[2022-08-06 19:38:32,772] {standard_task_runner.py:52} INFO - Started process 2431 to run task
[2022-08-06 19:38:32,775] {standard_task_runner.py:79} INFO - Running: ['***', 'tasks', 'run', 'our_first_dag_v5', 'first_task', 'scheduled__2022-04-05T00:00:00+00:00', '--job-id', '744', '--raw', '--subdir', 'DAGS_FOLDER/pipeline.py', '--cfg-path', '/tmp/tmplj5eqm2r', '--error-file', '/tmp/tmp4rf6unv1']
[2022-08-06 19:38:32,776] {standard_task_runner.py:80} INFO - Job 744: Subtask first_task
[2022-08-06 19:38:32,865] {task_command.py:371} INFO - Running <TaskInstance: our_first_dag_v5.first_task scheduled__2022-04-05T00:00:00+00:00 [running]> on host b29c168c1666
[2022-08-06 19:38:32,960] {taskinstance.py:1591} INFO - Exporting the following env vars:
AIRFLOW_CTX_DAG_OWNER=coder2j
AIRFLOW_CTX_DAG_ID=our_first_dag_v5
AIRFLOW_CTX_TASK_ID=first_task
AIRFLOW_CTX_EXECUTION_DATE=2022-04-05T00:00:00+00:00
AIRFLOW_CTX_TRY_NUMBER=1
AIRFLOW_CTX_DAG_RUN_ID=scheduled__2022-04-05T00:00:00+00:00
[2022-08-06 19:38:32,961] {subprocess.py:62} INFO - Tmp dir root location: 
 /tmp
[2022-08-06 19:38:32,962] {subprocess.py:74} INFO - Running command: ['bash', '-c', 'echo hello world, this is the first task!']
[2022-08-06 19:38:32,977] {subprocess.py:85} INFO - Output:
[2022-08-06 19:38:32,979] {subprocess.py:92} INFO - hello world, this is the first task!
[2022-08-06 19:38:32,979] {subprocess.py:96} INFO - Command exited with return code 0
[2022-08-06 19:38:33,028] {taskinstance.py:1420} INFO - Marking task as SUCCESS. dag_id=our_first_dag_v5, task_id=first_task, execution_date=20220405T000000, start_date=20220806T193832, end_date=20220806T193833
[2022-08-06 19:38:33,107] {local_task_job.py:156} INFO - Task exited with return code 0
[2022-08-06 19:38:33,173] {local_task_job.py:273} INFO - 2 downstream tasks scheduled from follow-on schedule check
[2022-08-06 21:52:24,960] {taskinstance.py:1179} INFO - Dependencies all met for <TaskInstance: our_first_dag_v5.first_task scheduled__2022-04-05T00:00:00+00:00 [queued]>
[2022-08-06 21:52:24,974] {taskinstance.py:1179} INFO - Dependencies all met for <TaskInstance: our_first_dag_v5.first_task scheduled__2022-04-05T00:00:00+00:00 [queued]>
[2022-08-06 21:52:24,975] {taskinstance.py:1376} INFO - 
--------------------------------------------------------------------------------
[2022-08-06 21:52:24,975] {taskinstance.py:1377} INFO - Starting attempt 1 of 6
[2022-08-06 21:52:24,975] {taskinstance.py:1378} INFO - 
--------------------------------------------------------------------------------
[2022-08-06 21:52:24,993] {taskinstance.py:1397} INFO - Executing <Task(BashOperator): first_task> on 2022-04-05 00:00:00+00:00
[2022-08-06 21:52:24,999] {standard_task_runner.py:52} INFO - Started process 2623 to run task
[2022-08-06 21:52:25,003] {standard_task_runner.py:79} INFO - Running: ['***', 'tasks', 'run', 'our_first_dag_v5', 'first_task', 'scheduled__2022-04-05T00:00:00+00:00', '--job-id', '745', '--raw', '--subdir', 'DAGS_FOLDER/pipeline.py', '--cfg-path', '/tmp/tmpk51lf27b', '--error-file', '/tmp/tmp8wer0s45']
[2022-08-06 21:52:25,003] {standard_task_runner.py:80} INFO - Job 745: Subtask first_task
[2022-08-06 21:52:25,088] {task_command.py:371} INFO - Running <TaskInstance: our_first_dag_v5.first_task scheduled__2022-04-05T00:00:00+00:00 [running]> on host c3f731879890
[2022-08-06 21:52:25,176] {taskinstance.py:1591} INFO - Exporting the following env vars:
AIRFLOW_CTX_DAG_OWNER=coder2j
AIRFLOW_CTX_DAG_ID=our_first_dag_v5
AIRFLOW_CTX_TASK_ID=first_task
AIRFLOW_CTX_EXECUTION_DATE=2022-04-05T00:00:00+00:00
AIRFLOW_CTX_TRY_NUMBER=1
AIRFLOW_CTX_DAG_RUN_ID=scheduled__2022-04-05T00:00:00+00:00
[2022-08-06 21:52:25,177] {subprocess.py:62} INFO - Tmp dir root location: 
 /tmp
[2022-08-06 21:52:25,177] {subprocess.py:74} INFO - Running command: ['bash', '-c', 'echo hello world, this is the first task!']
[2022-08-06 21:52:25,191] {subprocess.py:85} INFO - Output:
[2022-08-06 21:52:25,193] {subprocess.py:92} INFO - hello world, this is the first task!
[2022-08-06 21:52:25,193] {subprocess.py:96} INFO - Command exited with return code 0
[2022-08-06 21:52:25,228] {taskinstance.py:1420} INFO - Marking task as SUCCESS. dag_id=our_first_dag_v5, task_id=first_task, execution_date=20220405T000000, start_date=20220806T215224, end_date=20220806T215225
[2022-08-06 21:52:25,256] {local_task_job.py:156} INFO - Task exited with return code 0
[2022-08-06 21:52:25,302] {local_task_job.py:273} INFO - 2 downstream tasks scheduled from follow-on schedule check
[2022-08-06 21:57:50,565] {taskinstance.py:1179} INFO - Dependencies all met for <TaskInstance: our_first_dag_v5.first_task scheduled__2022-04-05T00:00:00+00:00 [queued]>
[2022-08-06 21:57:50,588] {taskinstance.py:1179} INFO - Dependencies all met for <TaskInstance: our_first_dag_v5.first_task scheduled__2022-04-05T00:00:00+00:00 [queued]>
[2022-08-06 21:57:50,588] {taskinstance.py:1376} INFO - 
--------------------------------------------------------------------------------
[2022-08-06 21:57:50,588] {taskinstance.py:1377} INFO - Starting attempt 1 of 6
[2022-08-06 21:57:50,589] {taskinstance.py:1378} INFO - 
--------------------------------------------------------------------------------
[2022-08-06 21:57:50,615] {taskinstance.py:1397} INFO - Executing <Task(BashOperator): first_task> on 2022-04-05 00:00:00+00:00
[2022-08-06 21:57:50,623] {standard_task_runner.py:52} INFO - Started process 2416 to run task
[2022-08-06 21:57:50,626] {standard_task_runner.py:79} INFO - Running: ['***', 'tasks', 'run', 'our_first_dag_v5', 'first_task', 'scheduled__2022-04-05T00:00:00+00:00', '--job-id', '744', '--raw', '--subdir', 'DAGS_FOLDER/pipeline.py', '--cfg-path', '/tmp/tmpcg_n0rm_', '--error-file', '/tmp/tmpotabojyg']
[2022-08-06 21:57:50,626] {standard_task_runner.py:80} INFO - Job 744: Subtask first_task
[2022-08-06 21:57:50,701] {task_command.py:371} INFO - Running <TaskInstance: our_first_dag_v5.first_task scheduled__2022-04-05T00:00:00+00:00 [running]> on host bc7e154a4fdd
[2022-08-06 21:57:50,791] {taskinstance.py:1591} INFO - Exporting the following env vars:
AIRFLOW_CTX_DAG_OWNER=coder2j
AIRFLOW_CTX_DAG_ID=our_first_dag_v5
AIRFLOW_CTX_TASK_ID=first_task
AIRFLOW_CTX_EXECUTION_DATE=2022-04-05T00:00:00+00:00
AIRFLOW_CTX_TRY_NUMBER=1
AIRFLOW_CTX_DAG_RUN_ID=scheduled__2022-04-05T00:00:00+00:00
[2022-08-06 21:57:50,792] {subprocess.py:62} INFO - Tmp dir root location: 
 /tmp
[2022-08-06 21:57:50,793] {subprocess.py:74} INFO - Running command: ['bash', '-c', 'echo hello world, this is the first task!']
[2022-08-06 21:57:50,809] {subprocess.py:85} INFO - Output:
[2022-08-06 21:57:50,810] {subprocess.py:92} INFO - hello world, this is the first task!
[2022-08-06 21:57:50,811] {subprocess.py:96} INFO - Command exited with return code 0
[2022-08-06 21:57:50,854] {taskinstance.py:1420} INFO - Marking task as SUCCESS. dag_id=our_first_dag_v5, task_id=first_task, execution_date=20220405T000000, start_date=20220806T215750, end_date=20220806T215750
[2022-08-06 21:57:50,920] {local_task_job.py:156} INFO - Task exited with return code 0
[2022-08-06 21:57:50,988] {local_task_job.py:273} INFO - 2 downstream tasks scheduled from follow-on schedule check
[2022-08-06 22:12:50,890] {taskinstance.py:1179} INFO - Dependencies all met for <TaskInstance: our_first_dag_v5.first_task scheduled__2022-04-05T00:00:00+00:00 [queued]>
[2022-08-06 22:12:50,906] {taskinstance.py:1179} INFO - Dependencies all met for <TaskInstance: our_first_dag_v5.first_task scheduled__2022-04-05T00:00:00+00:00 [queued]>
[2022-08-06 22:12:50,907] {taskinstance.py:1376} INFO - 
--------------------------------------------------------------------------------
[2022-08-06 22:12:50,907] {taskinstance.py:1377} INFO - Starting attempt 1 of 6
[2022-08-06 22:12:50,907] {taskinstance.py:1378} INFO - 
--------------------------------------------------------------------------------
[2022-08-06 22:12:50,926] {taskinstance.py:1397} INFO - Executing <Task(BashOperator): first_task> on 2022-04-05 00:00:00+00:00
[2022-08-06 22:12:50,934] {standard_task_runner.py:52} INFO - Started process 2422 to run task
[2022-08-06 22:12:50,937] {standard_task_runner.py:79} INFO - Running: ['***', 'tasks', 'run', 'our_first_dag_v5', 'first_task', 'scheduled__2022-04-05T00:00:00+00:00', '--job-id', '743', '--raw', '--subdir', 'DAGS_FOLDER/pipeline.py', '--cfg-path', '/tmp/tmp2gvjp75_', '--error-file', '/tmp/tmpu8eemai7']
[2022-08-06 22:12:50,937] {standard_task_runner.py:80} INFO - Job 743: Subtask first_task
[2022-08-06 22:12:51,028] {task_command.py:371} INFO - Running <TaskInstance: our_first_dag_v5.first_task scheduled__2022-04-05T00:00:00+00:00 [running]> on host 1250c3b659cd
[2022-08-06 22:12:51,154] {taskinstance.py:1591} INFO - Exporting the following env vars:
AIRFLOW_CTX_DAG_OWNER=coder2j
AIRFLOW_CTX_DAG_ID=our_first_dag_v5
AIRFLOW_CTX_TASK_ID=first_task
AIRFLOW_CTX_EXECUTION_DATE=2022-04-05T00:00:00+00:00
AIRFLOW_CTX_TRY_NUMBER=1
AIRFLOW_CTX_DAG_RUN_ID=scheduled__2022-04-05T00:00:00+00:00
[2022-08-06 22:12:51,155] {subprocess.py:62} INFO - Tmp dir root location: 
 /tmp
[2022-08-06 22:12:51,156] {subprocess.py:74} INFO - Running command: ['bash', '-c', 'echo hello world, this is the first task!']
[2022-08-06 22:12:51,174] {subprocess.py:85} INFO - Output:
[2022-08-06 22:12:51,176] {subprocess.py:92} INFO - hello world, this is the first task!
[2022-08-06 22:12:51,176] {subprocess.py:96} INFO - Command exited with return code 0
[2022-08-06 22:12:51,215] {taskinstance.py:1420} INFO - Marking task as SUCCESS. dag_id=our_first_dag_v5, task_id=first_task, execution_date=20220405T000000, start_date=20220806T221250, end_date=20220806T221251
[2022-08-06 22:12:51,275] {local_task_job.py:156} INFO - Task exited with return code 0
[2022-08-06 22:12:51,310] {local_task_job.py:273} INFO - 0 downstream tasks scheduled from follow-on schedule check
[2022-08-06 22:24:12,091] {taskinstance.py:1179} INFO - Dependencies all met for <TaskInstance: our_first_dag_v5.first_task scheduled__2022-04-05T00:00:00+00:00 [queued]>
[2022-08-06 22:24:12,103] {taskinstance.py:1179} INFO - Dependencies all met for <TaskInstance: our_first_dag_v5.first_task scheduled__2022-04-05T00:00:00+00:00 [queued]>
[2022-08-06 22:24:12,103] {taskinstance.py:1376} INFO - 
--------------------------------------------------------------------------------
[2022-08-06 22:24:12,103] {taskinstance.py:1377} INFO - Starting attempt 1 of 6
[2022-08-06 22:24:12,103] {taskinstance.py:1378} INFO - 
--------------------------------------------------------------------------------
[2022-08-06 22:24:12,119] {taskinstance.py:1397} INFO - Executing <Task(BashOperator): first_task> on 2022-04-05 00:00:00+00:00
[2022-08-06 22:24:12,125] {standard_task_runner.py:52} INFO - Started process 2488 to run task
[2022-08-06 22:24:12,127] {standard_task_runner.py:79} INFO - Running: ['***', 'tasks', 'run', 'our_first_dag_v5', 'first_task', 'scheduled__2022-04-05T00:00:00+00:00', '--job-id', '751', '--raw', '--subdir', 'DAGS_FOLDER/pipeline.py', '--cfg-path', '/tmp/tmpppanuh9a', '--error-file', '/tmp/tmpm91na1qk']
[2022-08-06 22:24:12,128] {standard_task_runner.py:80} INFO - Job 751: Subtask first_task
[2022-08-06 22:24:12,205] {task_command.py:371} INFO - Running <TaskInstance: our_first_dag_v5.first_task scheduled__2022-04-05T00:00:00+00:00 [running]> on host b215076695c3
[2022-08-06 22:24:12,311] {taskinstance.py:1591} INFO - Exporting the following env vars:
AIRFLOW_CTX_DAG_OWNER=coder2j
AIRFLOW_CTX_DAG_ID=our_first_dag_v5
AIRFLOW_CTX_TASK_ID=first_task
AIRFLOW_CTX_EXECUTION_DATE=2022-04-05T00:00:00+00:00
AIRFLOW_CTX_TRY_NUMBER=1
AIRFLOW_CTX_DAG_RUN_ID=scheduled__2022-04-05T00:00:00+00:00
[2022-08-06 22:24:12,312] {subprocess.py:62} INFO - Tmp dir root location: 
 /tmp
[2022-08-06 22:24:12,313] {subprocess.py:74} INFO - Running command: ['bash', '-c', 'echo hello world, this is the first task!']
[2022-08-06 22:24:12,330] {subprocess.py:85} INFO - Output:
[2022-08-06 22:24:12,331] {subprocess.py:92} INFO - hello world, this is the first task!
[2022-08-06 22:24:12,332] {subprocess.py:96} INFO - Command exited with return code 0
[2022-08-06 22:24:12,367] {taskinstance.py:1420} INFO - Marking task as SUCCESS. dag_id=our_first_dag_v5, task_id=first_task, execution_date=20220405T000000, start_date=20220806T222412, end_date=20220806T222412
[2022-08-06 22:24:12,419] {local_task_job.py:156} INFO - Task exited with return code 0
[2022-08-06 22:24:12,464] {local_task_job.py:273} INFO - 2 downstream tasks scheduled from follow-on schedule check
