[2022-08-06 19:36:00,149] {taskinstance.py:1179} INFO - Dependencies all met for <TaskInstance: our_first_dag_v5.first_task scheduled__2021-08-02T00:00:00+00:00 [queued]>
[2022-08-06 19:36:00,162] {taskinstance.py:1179} INFO - Dependencies all met for <TaskInstance: our_first_dag_v5.first_task scheduled__2021-08-02T00:00:00+00:00 [queued]>
[2022-08-06 19:36:00,163] {taskinstance.py:1376} INFO - 
--------------------------------------------------------------------------------
[2022-08-06 19:36:00,163] {taskinstance.py:1377} INFO - Starting attempt 1 of 6
[2022-08-06 19:36:00,163] {taskinstance.py:1378} INFO - 
--------------------------------------------------------------------------------
[2022-08-06 19:36:00,177] {taskinstance.py:1397} INFO - Executing <Task(BashOperator): first_task> on 2021-08-02 00:00:00+00:00
[2022-08-06 19:36:00,192] {standard_task_runner.py:52} INFO - Started process 101 to run task
[2022-08-06 19:36:00,195] {standard_task_runner.py:79} INFO - Running: ['***', 'tasks', 'run', 'our_first_dag_v5', 'first_task', 'scheduled__2021-08-02T00:00:00+00:00', '--job-id', '6', '--raw', '--subdir', 'DAGS_FOLDER/pipeline.py', '--cfg-path', '/tmp/tmpyewh_waj', '--error-file', '/tmp/tmpk_nc467_']
[2022-08-06 19:36:00,195] {standard_task_runner.py:80} INFO - Job 6: Subtask first_task
[2022-08-06 19:36:00,269] {task_command.py:371} INFO - Running <TaskInstance: our_first_dag_v5.first_task scheduled__2021-08-02T00:00:00+00:00 [running]> on host b29c168c1666
[2022-08-06 19:36:00,369] {taskinstance.py:1591} INFO - Exporting the following env vars:
AIRFLOW_CTX_DAG_OWNER=coder2j
AIRFLOW_CTX_DAG_ID=our_first_dag_v5
AIRFLOW_CTX_TASK_ID=first_task
AIRFLOW_CTX_EXECUTION_DATE=2021-08-02T00:00:00+00:00
AIRFLOW_CTX_TRY_NUMBER=1
AIRFLOW_CTX_DAG_RUN_ID=scheduled__2021-08-02T00:00:00+00:00
[2022-08-06 19:36:00,370] {subprocess.py:62} INFO - Tmp dir root location: 
 /tmp
[2022-08-06 19:36:00,370] {subprocess.py:74} INFO - Running command: ['bash', '-c', 'echo hello world, this is the first task!']
[2022-08-06 19:36:00,385] {subprocess.py:85} INFO - Output:
[2022-08-06 19:36:00,387] {subprocess.py:92} INFO - hello world, this is the first task!
[2022-08-06 19:36:00,387] {subprocess.py:96} INFO - Command exited with return code 0
[2022-08-06 19:36:00,429] {taskinstance.py:1420} INFO - Marking task as SUCCESS. dag_id=our_first_dag_v5, task_id=first_task, execution_date=20210802T000000, start_date=20220806T193600, end_date=20220806T193600
[2022-08-06 19:36:00,487] {local_task_job.py:156} INFO - Task exited with return code 0
[2022-08-06 19:36:00,547] {local_task_job.py:273} INFO - 0 downstream tasks scheduled from follow-on schedule check
[2022-08-06 21:49:56,941] {taskinstance.py:1179} INFO - Dependencies all met for <TaskInstance: our_first_dag_v5.first_task scheduled__2021-08-02T00:00:00+00:00 [queued]>
[2022-08-06 21:49:56,958] {taskinstance.py:1179} INFO - Dependencies all met for <TaskInstance: our_first_dag_v5.first_task scheduled__2021-08-02T00:00:00+00:00 [queued]>
[2022-08-06 21:49:56,958] {taskinstance.py:1376} INFO - 
--------------------------------------------------------------------------------
[2022-08-06 21:49:56,958] {taskinstance.py:1377} INFO - Starting attempt 1 of 6
[2022-08-06 21:49:56,958] {taskinstance.py:1378} INFO - 
--------------------------------------------------------------------------------
[2022-08-06 21:49:56,980] {taskinstance.py:1397} INFO - Executing <Task(BashOperator): first_task> on 2021-08-02 00:00:00+00:00
[2022-08-06 21:49:56,987] {standard_task_runner.py:52} INFO - Started process 293 to run task
[2022-08-06 21:49:56,989] {standard_task_runner.py:79} INFO - Running: ['***', 'tasks', 'run', 'our_first_dag_v5', 'first_task', 'scheduled__2021-08-02T00:00:00+00:00', '--job-id', '6', '--raw', '--subdir', 'DAGS_FOLDER/pipeline.py', '--cfg-path', '/tmp/tmpi68df43c', '--error-file', '/tmp/tmpetjn38cp']
[2022-08-06 21:49:56,990] {standard_task_runner.py:80} INFO - Job 6: Subtask first_task
[2022-08-06 21:49:57,057] {task_command.py:371} INFO - Running <TaskInstance: our_first_dag_v5.first_task scheduled__2021-08-02T00:00:00+00:00 [running]> on host c3f731879890
[2022-08-06 21:49:57,144] {taskinstance.py:1591} INFO - Exporting the following env vars:
AIRFLOW_CTX_DAG_OWNER=coder2j
AIRFLOW_CTX_DAG_ID=our_first_dag_v5
AIRFLOW_CTX_TASK_ID=first_task
AIRFLOW_CTX_EXECUTION_DATE=2021-08-02T00:00:00+00:00
AIRFLOW_CTX_TRY_NUMBER=1
AIRFLOW_CTX_DAG_RUN_ID=scheduled__2021-08-02T00:00:00+00:00
[2022-08-06 21:49:57,145] {subprocess.py:62} INFO - Tmp dir root location: 
 /tmp
[2022-08-06 21:49:57,145] {subprocess.py:74} INFO - Running command: ['bash', '-c', 'echo hello world, this is the first task!']
[2022-08-06 21:49:57,161] {subprocess.py:85} INFO - Output:
[2022-08-06 21:49:57,163] {subprocess.py:92} INFO - hello world, this is the first task!
[2022-08-06 21:49:57,164] {subprocess.py:96} INFO - Command exited with return code 0
[2022-08-06 21:49:57,208] {taskinstance.py:1420} INFO - Marking task as SUCCESS. dag_id=our_first_dag_v5, task_id=first_task, execution_date=20210802T000000, start_date=20220806T214956, end_date=20220806T214957
[2022-08-06 21:49:57,281] {local_task_job.py:156} INFO - Task exited with return code 0
[2022-08-06 21:49:57,333] {local_task_job.py:273} INFO - 2 downstream tasks scheduled from follow-on schedule check
[2022-08-06 21:55:26,999] {taskinstance.py:1179} INFO - Dependencies all met for <TaskInstance: our_first_dag_v5.first_task scheduled__2021-08-02T00:00:00+00:00 [queued]>
[2022-08-06 21:55:27,010] {taskinstance.py:1179} INFO - Dependencies all met for <TaskInstance: our_first_dag_v5.first_task scheduled__2021-08-02T00:00:00+00:00 [queued]>
[2022-08-06 21:55:27,010] {taskinstance.py:1376} INFO - 
--------------------------------------------------------------------------------
[2022-08-06 21:55:27,011] {taskinstance.py:1377} INFO - Starting attempt 1 of 6
[2022-08-06 21:55:27,011] {taskinstance.py:1378} INFO - 
--------------------------------------------------------------------------------
[2022-08-06 21:55:27,033] {taskinstance.py:1397} INFO - Executing <Task(BashOperator): first_task> on 2021-08-02 00:00:00+00:00
[2022-08-06 21:55:27,039] {standard_task_runner.py:52} INFO - Started process 92 to run task
[2022-08-06 21:55:27,041] {standard_task_runner.py:79} INFO - Running: ['***', 'tasks', 'run', 'our_first_dag_v5', 'first_task', 'scheduled__2021-08-02T00:00:00+00:00', '--job-id', '6', '--raw', '--subdir', 'DAGS_FOLDER/pipeline.py', '--cfg-path', '/tmp/tmpqnmgj67d', '--error-file', '/tmp/tmpk26r1272']
[2022-08-06 21:55:27,041] {standard_task_runner.py:80} INFO - Job 6: Subtask first_task
[2022-08-06 21:55:27,109] {task_command.py:371} INFO - Running <TaskInstance: our_first_dag_v5.first_task scheduled__2021-08-02T00:00:00+00:00 [running]> on host bc7e154a4fdd
[2022-08-06 21:55:27,203] {taskinstance.py:1591} INFO - Exporting the following env vars:
AIRFLOW_CTX_DAG_OWNER=coder2j
AIRFLOW_CTX_DAG_ID=our_first_dag_v5
AIRFLOW_CTX_TASK_ID=first_task
AIRFLOW_CTX_EXECUTION_DATE=2021-08-02T00:00:00+00:00
AIRFLOW_CTX_TRY_NUMBER=1
AIRFLOW_CTX_DAG_RUN_ID=scheduled__2021-08-02T00:00:00+00:00
[2022-08-06 21:55:27,204] {subprocess.py:62} INFO - Tmp dir root location: 
 /tmp
[2022-08-06 21:55:27,204] {subprocess.py:74} INFO - Running command: ['bash', '-c', 'echo hello world, this is the first task!']
[2022-08-06 21:55:27,218] {subprocess.py:85} INFO - Output:
[2022-08-06 21:55:27,220] {subprocess.py:92} INFO - hello world, this is the first task!
[2022-08-06 21:55:27,220] {subprocess.py:96} INFO - Command exited with return code 0
[2022-08-06 21:55:27,282] {taskinstance.py:1420} INFO - Marking task as SUCCESS. dag_id=our_first_dag_v5, task_id=first_task, execution_date=20210802T000000, start_date=20220806T215527, end_date=20220806T215527
[2022-08-06 21:55:27,333] {local_task_job.py:156} INFO - Task exited with return code 0
[2022-08-06 21:55:27,396] {local_task_job.py:273} INFO - 2 downstream tasks scheduled from follow-on schedule check
[2022-08-06 22:10:25,759] {taskinstance.py:1179} INFO - Dependencies all met for <TaskInstance: our_first_dag_v5.first_task scheduled__2021-08-02T00:00:00+00:00 [queued]>
[2022-08-06 22:10:25,776] {taskinstance.py:1179} INFO - Dependencies all met for <TaskInstance: our_first_dag_v5.first_task scheduled__2021-08-02T00:00:00+00:00 [queued]>
[2022-08-06 22:10:25,776] {taskinstance.py:1376} INFO - 
--------------------------------------------------------------------------------
[2022-08-06 22:10:25,776] {taskinstance.py:1377} INFO - Starting attempt 1 of 6
[2022-08-06 22:10:25,776] {taskinstance.py:1378} INFO - 
--------------------------------------------------------------------------------
[2022-08-06 22:10:25,796] {taskinstance.py:1397} INFO - Executing <Task(BashOperator): first_task> on 2021-08-02 00:00:00+00:00
[2022-08-06 22:10:25,803] {standard_task_runner.py:52} INFO - Started process 92 to run task
[2022-08-06 22:10:25,805] {standard_task_runner.py:79} INFO - Running: ['***', 'tasks', 'run', 'our_first_dag_v5', 'first_task', 'scheduled__2021-08-02T00:00:00+00:00', '--job-id', '6', '--raw', '--subdir', 'DAGS_FOLDER/pipeline.py', '--cfg-path', '/tmp/tmpai3916fr', '--error-file', '/tmp/tmphujvbiq0']
[2022-08-06 22:10:25,805] {standard_task_runner.py:80} INFO - Job 6: Subtask first_task
[2022-08-06 22:10:25,876] {task_command.py:371} INFO - Running <TaskInstance: our_first_dag_v5.first_task scheduled__2021-08-02T00:00:00+00:00 [running]> on host 1250c3b659cd
[2022-08-06 22:10:26,018] {taskinstance.py:1591} INFO - Exporting the following env vars:
AIRFLOW_CTX_DAG_OWNER=coder2j
AIRFLOW_CTX_DAG_ID=our_first_dag_v5
AIRFLOW_CTX_TASK_ID=first_task
AIRFLOW_CTX_EXECUTION_DATE=2021-08-02T00:00:00+00:00
AIRFLOW_CTX_TRY_NUMBER=1
AIRFLOW_CTX_DAG_RUN_ID=scheduled__2021-08-02T00:00:00+00:00
[2022-08-06 22:10:26,019] {subprocess.py:62} INFO - Tmp dir root location: 
 /tmp
[2022-08-06 22:10:26,020] {subprocess.py:74} INFO - Running command: ['bash', '-c', 'echo hello world, this is the first task!']
[2022-08-06 22:10:26,039] {subprocess.py:85} INFO - Output:
[2022-08-06 22:10:26,041] {subprocess.py:92} INFO - hello world, this is the first task!
[2022-08-06 22:10:26,041] {subprocess.py:96} INFO - Command exited with return code 0
[2022-08-06 22:10:26,089] {taskinstance.py:1420} INFO - Marking task as SUCCESS. dag_id=our_first_dag_v5, task_id=first_task, execution_date=20210802T000000, start_date=20220806T221025, end_date=20220806T221026
[2022-08-06 22:10:26,137] {local_task_job.py:156} INFO - Task exited with return code 0
[2022-08-06 22:10:26,187] {local_task_job.py:273} INFO - 2 downstream tasks scheduled from follow-on schedule check
[2022-08-06 22:18:13,866] {taskinstance.py:1179} INFO - Dependencies all met for <TaskInstance: our_first_dag_v5.first_task scheduled__2021-08-02T00:00:00+00:00 [queued]>
[2022-08-06 22:18:13,877] {taskinstance.py:1179} INFO - Dependencies all met for <TaskInstance: our_first_dag_v5.first_task scheduled__2021-08-02T00:00:00+00:00 [queued]>
[2022-08-06 22:18:13,877] {taskinstance.py:1376} INFO - 
--------------------------------------------------------------------------------
[2022-08-06 22:18:13,877] {taskinstance.py:1377} INFO - Starting attempt 1 of 6
[2022-08-06 22:18:13,877] {taskinstance.py:1378} INFO - 
--------------------------------------------------------------------------------
[2022-08-06 22:18:13,893] {taskinstance.py:1397} INFO - Executing <Task(BashOperator): first_task> on 2021-08-02 00:00:00+00:00
[2022-08-06 22:18:13,899] {standard_task_runner.py:52} INFO - Started process 110 to run task
[2022-08-06 22:18:13,901] {standard_task_runner.py:79} INFO - Running: ['***', 'tasks', 'run', 'our_first_dag_v5', 'first_task', 'scheduled__2021-08-02T00:00:00+00:00', '--job-id', '6', '--raw', '--subdir', 'DAGS_FOLDER/pipeline.py', '--cfg-path', '/tmp/tmpccta1yz_', '--error-file', '/tmp/tmppodzodp3']
[2022-08-06 22:18:13,901] {standard_task_runner.py:80} INFO - Job 6: Subtask first_task
[2022-08-06 22:18:13,960] {task_command.py:371} INFO - Running <TaskInstance: our_first_dag_v5.first_task scheduled__2021-08-02T00:00:00+00:00 [running]> on host ed53bde1c44a
[2022-08-06 22:18:14,055] {taskinstance.py:1591} INFO - Exporting the following env vars:
AIRFLOW_CTX_DAG_OWNER=coder2j
AIRFLOW_CTX_DAG_ID=our_first_dag_v5
AIRFLOW_CTX_TASK_ID=first_task
AIRFLOW_CTX_EXECUTION_DATE=2021-08-02T00:00:00+00:00
AIRFLOW_CTX_TRY_NUMBER=1
AIRFLOW_CTX_DAG_RUN_ID=scheduled__2021-08-02T00:00:00+00:00
[2022-08-06 22:18:14,056] {subprocess.py:62} INFO - Tmp dir root location: 
 /tmp
[2022-08-06 22:18:14,057] {subprocess.py:74} INFO - Running command: ['bash', '-c', 'echo hello world, this is the first task!']
[2022-08-06 22:18:14,073] {subprocess.py:85} INFO - Output:
[2022-08-06 22:18:14,075] {subprocess.py:92} INFO - hello world, this is the first task!
[2022-08-06 22:18:14,075] {subprocess.py:96} INFO - Command exited with return code 0
[2022-08-06 22:18:14,109] {taskinstance.py:1420} INFO - Marking task as SUCCESS. dag_id=our_first_dag_v5, task_id=first_task, execution_date=20210802T000000, start_date=20220806T221813, end_date=20220806T221814
[2022-08-06 22:18:14,152] {local_task_job.py:156} INFO - Task exited with return code 0
[2022-08-06 22:18:14,192] {local_task_job.py:273} INFO - 2 downstream tasks scheduled from follow-on schedule check
[2022-08-06 22:21:47,498] {taskinstance.py:1179} INFO - Dependencies all met for <TaskInstance: our_first_dag_v5.first_task scheduled__2021-08-02T00:00:00+00:00 [queued]>
[2022-08-06 22:21:47,514] {taskinstance.py:1179} INFO - Dependencies all met for <TaskInstance: our_first_dag_v5.first_task scheduled__2021-08-02T00:00:00+00:00 [queued]>
[2022-08-06 22:21:47,514] {taskinstance.py:1376} INFO - 
--------------------------------------------------------------------------------
[2022-08-06 22:21:47,515] {taskinstance.py:1377} INFO - Starting attempt 1 of 6
[2022-08-06 22:21:47,515] {taskinstance.py:1378} INFO - 
--------------------------------------------------------------------------------
[2022-08-06 22:21:47,538] {taskinstance.py:1397} INFO - Executing <Task(BashOperator): first_task> on 2021-08-02 00:00:00+00:00
[2022-08-06 22:21:47,545] {standard_task_runner.py:52} INFO - Started process 146 to run task
[2022-08-06 22:21:47,549] {standard_task_runner.py:79} INFO - Running: ['***', 'tasks', 'run', 'our_first_dag_v5', 'first_task', 'scheduled__2021-08-02T00:00:00+00:00', '--job-id', '6', '--raw', '--subdir', 'DAGS_FOLDER/pipeline.py', '--cfg-path', '/tmp/tmp1w3d7k2r', '--error-file', '/tmp/tmpbz4d7p56']
[2022-08-06 22:21:47,549] {standard_task_runner.py:80} INFO - Job 6: Subtask first_task
[2022-08-06 22:21:47,619] {task_command.py:371} INFO - Running <TaskInstance: our_first_dag_v5.first_task scheduled__2021-08-02T00:00:00+00:00 [running]> on host b215076695c3
[2022-08-06 22:21:47,721] {taskinstance.py:1591} INFO - Exporting the following env vars:
AIRFLOW_CTX_DAG_OWNER=coder2j
AIRFLOW_CTX_DAG_ID=our_first_dag_v5
AIRFLOW_CTX_TASK_ID=first_task
AIRFLOW_CTX_EXECUTION_DATE=2021-08-02T00:00:00+00:00
AIRFLOW_CTX_TRY_NUMBER=1
AIRFLOW_CTX_DAG_RUN_ID=scheduled__2021-08-02T00:00:00+00:00
[2022-08-06 22:21:47,722] {subprocess.py:62} INFO - Tmp dir root location: 
 /tmp
[2022-08-06 22:21:47,722] {subprocess.py:74} INFO - Running command: ['bash', '-c', 'echo hello world, this is the first task!']
[2022-08-06 22:21:47,745] {subprocess.py:85} INFO - Output:
[2022-08-06 22:21:47,747] {subprocess.py:92} INFO - hello world, this is the first task!
[2022-08-06 22:21:47,747] {subprocess.py:96} INFO - Command exited with return code 0
[2022-08-06 22:21:47,797] {taskinstance.py:1420} INFO - Marking task as SUCCESS. dag_id=our_first_dag_v5, task_id=first_task, execution_date=20210802T000000, start_date=20220806T222147, end_date=20220806T222147
[2022-08-06 22:21:47,840] {local_task_job.py:156} INFO - Task exited with return code 0
[2022-08-06 22:21:47,890] {local_task_job.py:273} INFO - 0 downstream tasks scheduled from follow-on schedule check
