[2022-08-06 19:36:25,367] {taskinstance.py:1179} INFO - Dependencies all met for <TaskInstance: our_first_dag_v5.first_task scheduled__2021-09-08T00:00:00+00:00 [queued]>
[2022-08-06 19:36:25,378] {taskinstance.py:1179} INFO - Dependencies all met for <TaskInstance: our_first_dag_v5.first_task scheduled__2021-09-08T00:00:00+00:00 [queued]>
[2022-08-06 19:36:25,378] {taskinstance.py:1376} INFO - 
--------------------------------------------------------------------------------
[2022-08-06 19:36:25,378] {taskinstance.py:1377} INFO - Starting attempt 1 of 6
[2022-08-06 19:36:25,378] {taskinstance.py:1378} INFO - 
--------------------------------------------------------------------------------
[2022-08-06 19:36:25,396] {taskinstance.py:1397} INFO - Executing <Task(BashOperator): first_task> on 2021-09-08 00:00:00+00:00
[2022-08-06 19:36:25,402] {standard_task_runner.py:52} INFO - Started process 470 to run task
[2022-08-06 19:36:25,405] {standard_task_runner.py:79} INFO - Running: ['***', 'tasks', 'run', 'our_first_dag_v5', 'first_task', 'scheduled__2021-09-08T00:00:00+00:00', '--job-id', '123', '--raw', '--subdir', 'DAGS_FOLDER/pipeline.py', '--cfg-path', '/tmp/tmpw4pdog3_', '--error-file', '/tmp/tmp3n4ngm67']
[2022-08-06 19:36:25,405] {standard_task_runner.py:80} INFO - Job 123: Subtask first_task
[2022-08-06 19:36:25,514] {task_command.py:371} INFO - Running <TaskInstance: our_first_dag_v5.first_task scheduled__2021-09-08T00:00:00+00:00 [running]> on host b29c168c1666
[2022-08-06 19:36:25,615] {taskinstance.py:1591} INFO - Exporting the following env vars:
AIRFLOW_CTX_DAG_OWNER=coder2j
AIRFLOW_CTX_DAG_ID=our_first_dag_v5
AIRFLOW_CTX_TASK_ID=first_task
AIRFLOW_CTX_EXECUTION_DATE=2021-09-08T00:00:00+00:00
AIRFLOW_CTX_TRY_NUMBER=1
AIRFLOW_CTX_DAG_RUN_ID=scheduled__2021-09-08T00:00:00+00:00
[2022-08-06 19:36:25,616] {subprocess.py:62} INFO - Tmp dir root location: 
 /tmp
[2022-08-06 19:36:25,617] {subprocess.py:74} INFO - Running command: ['bash', '-c', 'echo hello world, this is the first task!']
[2022-08-06 19:36:25,633] {subprocess.py:85} INFO - Output:
[2022-08-06 19:36:25,635] {subprocess.py:92} INFO - hello world, this is the first task!
[2022-08-06 19:36:25,635] {subprocess.py:96} INFO - Command exited with return code 0
[2022-08-06 19:36:25,676] {taskinstance.py:1420} INFO - Marking task as SUCCESS. dag_id=our_first_dag_v5, task_id=first_task, execution_date=20210908T000000, start_date=20220806T193625, end_date=20220806T193625
[2022-08-06 19:36:25,736] {local_task_job.py:156} INFO - Task exited with return code 0
[2022-08-06 19:36:25,783] {local_task_job.py:273} INFO - 2 downstream tasks scheduled from follow-on schedule check
[2022-08-06 21:50:16,431] {taskinstance.py:1179} INFO - Dependencies all met for <TaskInstance: our_first_dag_v5.first_task scheduled__2021-09-08T00:00:00+00:00 [queued]>
[2022-08-06 21:50:16,446] {taskinstance.py:1179} INFO - Dependencies all met for <TaskInstance: our_first_dag_v5.first_task scheduled__2021-09-08T00:00:00+00:00 [queued]>
[2022-08-06 21:50:16,446] {taskinstance.py:1376} INFO - 
--------------------------------------------------------------------------------
[2022-08-06 21:50:16,446] {taskinstance.py:1377} INFO - Starting attempt 1 of 6
[2022-08-06 21:50:16,446] {taskinstance.py:1378} INFO - 
--------------------------------------------------------------------------------
[2022-08-06 21:50:16,463] {taskinstance.py:1397} INFO - Executing <Task(BashOperator): first_task> on 2021-09-08 00:00:00+00:00
[2022-08-06 21:50:16,468] {standard_task_runner.py:52} INFO - Started process 641 to run task
[2022-08-06 21:50:16,471] {standard_task_runner.py:79} INFO - Running: ['***', 'tasks', 'run', 'our_first_dag_v5', 'first_task', 'scheduled__2021-09-08T00:00:00+00:00', '--job-id', '115', '--raw', '--subdir', 'DAGS_FOLDER/pipeline.py', '--cfg-path', '/tmp/tmpw7ymc_yu', '--error-file', '/tmp/tmpo9o48l5_']
[2022-08-06 21:50:16,471] {standard_task_runner.py:80} INFO - Job 115: Subtask first_task
[2022-08-06 21:50:16,574] {task_command.py:371} INFO - Running <TaskInstance: our_first_dag_v5.first_task scheduled__2021-09-08T00:00:00+00:00 [running]> on host c3f731879890
[2022-08-06 21:50:16,699] {taskinstance.py:1591} INFO - Exporting the following env vars:
AIRFLOW_CTX_DAG_OWNER=coder2j
AIRFLOW_CTX_DAG_ID=our_first_dag_v5
AIRFLOW_CTX_TASK_ID=first_task
AIRFLOW_CTX_EXECUTION_DATE=2021-09-08T00:00:00+00:00
AIRFLOW_CTX_TRY_NUMBER=1
AIRFLOW_CTX_DAG_RUN_ID=scheduled__2021-09-08T00:00:00+00:00
[2022-08-06 21:50:16,700] {subprocess.py:62} INFO - Tmp dir root location: 
 /tmp
[2022-08-06 21:50:16,701] {subprocess.py:74} INFO - Running command: ['bash', '-c', 'echo hello world, this is the first task!']
[2022-08-06 21:50:16,718] {subprocess.py:85} INFO - Output:
[2022-08-06 21:50:16,720] {subprocess.py:92} INFO - hello world, this is the first task!
[2022-08-06 21:50:16,721] {subprocess.py:96} INFO - Command exited with return code 0
[2022-08-06 21:50:16,763] {taskinstance.py:1420} INFO - Marking task as SUCCESS. dag_id=our_first_dag_v5, task_id=first_task, execution_date=20210908T000000, start_date=20220806T215016, end_date=20220806T215016
[2022-08-06 21:50:16,807] {local_task_job.py:156} INFO - Task exited with return code 0
[2022-08-06 21:50:16,911] {local_task_job.py:273} INFO - 0 downstream tasks scheduled from follow-on schedule check
[2022-08-06 21:55:46,922] {taskinstance.py:1179} INFO - Dependencies all met for <TaskInstance: our_first_dag_v5.first_task scheduled__2021-09-08T00:00:00+00:00 [queued]>
[2022-08-06 21:55:46,933] {taskinstance.py:1179} INFO - Dependencies all met for <TaskInstance: our_first_dag_v5.first_task scheduled__2021-09-08T00:00:00+00:00 [queued]>
[2022-08-06 21:55:46,934] {taskinstance.py:1376} INFO - 
--------------------------------------------------------------------------------
[2022-08-06 21:55:46,934] {taskinstance.py:1377} INFO - Starting attempt 1 of 6
[2022-08-06 21:55:46,934] {taskinstance.py:1378} INFO - 
--------------------------------------------------------------------------------
[2022-08-06 21:55:46,951] {taskinstance.py:1397} INFO - Executing <Task(BashOperator): first_task> on 2021-09-08 00:00:00+00:00
[2022-08-06 21:55:46,958] {standard_task_runner.py:52} INFO - Started process 445 to run task
[2022-08-06 21:55:46,961] {standard_task_runner.py:79} INFO - Running: ['***', 'tasks', 'run', 'our_first_dag_v5', 'first_task', 'scheduled__2021-09-08T00:00:00+00:00', '--job-id', '117', '--raw', '--subdir', 'DAGS_FOLDER/pipeline.py', '--cfg-path', '/tmp/tmp5k7wr6nf', '--error-file', '/tmp/tmp9bp7sfnb']
[2022-08-06 21:55:46,961] {standard_task_runner.py:80} INFO - Job 117: Subtask first_task
[2022-08-06 21:55:47,044] {task_command.py:371} INFO - Running <TaskInstance: our_first_dag_v5.first_task scheduled__2021-09-08T00:00:00+00:00 [running]> on host bc7e154a4fdd
[2022-08-06 21:55:47,137] {taskinstance.py:1591} INFO - Exporting the following env vars:
AIRFLOW_CTX_DAG_OWNER=coder2j
AIRFLOW_CTX_DAG_ID=our_first_dag_v5
AIRFLOW_CTX_TASK_ID=first_task
AIRFLOW_CTX_EXECUTION_DATE=2021-09-08T00:00:00+00:00
AIRFLOW_CTX_TRY_NUMBER=1
AIRFLOW_CTX_DAG_RUN_ID=scheduled__2021-09-08T00:00:00+00:00
[2022-08-06 21:55:47,138] {subprocess.py:62} INFO - Tmp dir root location: 
 /tmp
[2022-08-06 21:55:47,139] {subprocess.py:74} INFO - Running command: ['bash', '-c', 'echo hello world, this is the first task!']
[2022-08-06 21:55:47,152] {subprocess.py:85} INFO - Output:
[2022-08-06 21:55:47,154] {subprocess.py:92} INFO - hello world, this is the first task!
[2022-08-06 21:55:47,154] {subprocess.py:96} INFO - Command exited with return code 0
[2022-08-06 21:55:47,182] {taskinstance.py:1420} INFO - Marking task as SUCCESS. dag_id=our_first_dag_v5, task_id=first_task, execution_date=20210908T000000, start_date=20220806T215546, end_date=20220806T215547
[2022-08-06 21:55:47,212] {local_task_job.py:156} INFO - Task exited with return code 0
[2022-08-06 21:55:47,260] {local_task_job.py:273} INFO - 2 downstream tasks scheduled from follow-on schedule check
[2022-08-06 22:10:49,041] {taskinstance.py:1179} INFO - Dependencies all met for <TaskInstance: our_first_dag_v5.first_task scheduled__2021-09-08T00:00:00+00:00 [queued]>
[2022-08-06 22:10:49,054] {taskinstance.py:1179} INFO - Dependencies all met for <TaskInstance: our_first_dag_v5.first_task scheduled__2021-09-08T00:00:00+00:00 [queued]>
[2022-08-06 22:10:49,054] {taskinstance.py:1376} INFO - 
--------------------------------------------------------------------------------
[2022-08-06 22:10:49,054] {taskinstance.py:1377} INFO - Starting attempt 1 of 6
[2022-08-06 22:10:49,054] {taskinstance.py:1378} INFO - 
--------------------------------------------------------------------------------
[2022-08-06 22:10:49,071] {taskinstance.py:1397} INFO - Executing <Task(BashOperator): first_task> on 2021-09-08 00:00:00+00:00
[2022-08-06 22:10:49,077] {standard_task_runner.py:52} INFO - Started process 456 to run task
[2022-08-06 22:10:49,079] {standard_task_runner.py:79} INFO - Running: ['***', 'tasks', 'run', 'our_first_dag_v5', 'first_task', 'scheduled__2021-09-08T00:00:00+00:00', '--job-id', '121', '--raw', '--subdir', 'DAGS_FOLDER/pipeline.py', '--cfg-path', '/tmp/tmp9ydu_2qn', '--error-file', '/tmp/tmpa9ob_mia']
[2022-08-06 22:10:49,079] {standard_task_runner.py:80} INFO - Job 121: Subtask first_task
[2022-08-06 22:10:49,143] {task_command.py:371} INFO - Running <TaskInstance: our_first_dag_v5.first_task scheduled__2021-09-08T00:00:00+00:00 [running]> on host 1250c3b659cd
[2022-08-06 22:10:49,235] {taskinstance.py:1591} INFO - Exporting the following env vars:
AIRFLOW_CTX_DAG_OWNER=coder2j
AIRFLOW_CTX_DAG_ID=our_first_dag_v5
AIRFLOW_CTX_TASK_ID=first_task
AIRFLOW_CTX_EXECUTION_DATE=2021-09-08T00:00:00+00:00
AIRFLOW_CTX_TRY_NUMBER=1
AIRFLOW_CTX_DAG_RUN_ID=scheduled__2021-09-08T00:00:00+00:00
[2022-08-06 22:10:49,236] {subprocess.py:62} INFO - Tmp dir root location: 
 /tmp
[2022-08-06 22:10:49,236] {subprocess.py:74} INFO - Running command: ['bash', '-c', 'echo hello world, this is the first task!']
[2022-08-06 22:10:49,249] {subprocess.py:85} INFO - Output:
[2022-08-06 22:10:49,251] {subprocess.py:92} INFO - hello world, this is the first task!
[2022-08-06 22:10:49,251] {subprocess.py:96} INFO - Command exited with return code 0
[2022-08-06 22:10:49,284] {taskinstance.py:1420} INFO - Marking task as SUCCESS. dag_id=our_first_dag_v5, task_id=first_task, execution_date=20210908T000000, start_date=20220806T221049, end_date=20220806T221049
[2022-08-06 22:10:49,331] {local_task_job.py:156} INFO - Task exited with return code 0
[2022-08-06 22:10:49,375] {local_task_job.py:273} INFO - 2 downstream tasks scheduled from follow-on schedule check
[2022-08-06 22:18:35,933] {taskinstance.py:1179} INFO - Dependencies all met for <TaskInstance: our_first_dag_v5.first_task scheduled__2021-09-08T00:00:00+00:00 [queued]>
[2022-08-06 22:18:35,943] {taskinstance.py:1179} INFO - Dependencies all met for <TaskInstance: our_first_dag_v5.first_task scheduled__2021-09-08T00:00:00+00:00 [queued]>
[2022-08-06 22:18:35,943] {taskinstance.py:1376} INFO - 
--------------------------------------------------------------------------------
[2022-08-06 22:18:35,943] {taskinstance.py:1377} INFO - Starting attempt 1 of 6
[2022-08-06 22:18:35,943] {taskinstance.py:1378} INFO - 
--------------------------------------------------------------------------------
[2022-08-06 22:18:35,956] {taskinstance.py:1397} INFO - Executing <Task(BashOperator): first_task> on 2021-09-08 00:00:00+00:00
[2022-08-06 22:18:35,961] {standard_task_runner.py:52} INFO - Started process 473 to run task
[2022-08-06 22:18:35,964] {standard_task_runner.py:79} INFO - Running: ['***', 'tasks', 'run', 'our_first_dag_v5', 'first_task', 'scheduled__2021-09-08T00:00:00+00:00', '--job-id', '121', '--raw', '--subdir', 'DAGS_FOLDER/pipeline.py', '--cfg-path', '/tmp/tmpjor122bh', '--error-file', '/tmp/tmpn0bu5_z5']
[2022-08-06 22:18:35,964] {standard_task_runner.py:80} INFO - Job 121: Subtask first_task
[2022-08-06 22:18:36,022] {task_command.py:371} INFO - Running <TaskInstance: our_first_dag_v5.first_task scheduled__2021-09-08T00:00:00+00:00 [running]> on host ed53bde1c44a
[2022-08-06 22:18:36,105] {taskinstance.py:1591} INFO - Exporting the following env vars:
AIRFLOW_CTX_DAG_OWNER=coder2j
AIRFLOW_CTX_DAG_ID=our_first_dag_v5
AIRFLOW_CTX_TASK_ID=first_task
AIRFLOW_CTX_EXECUTION_DATE=2021-09-08T00:00:00+00:00
AIRFLOW_CTX_TRY_NUMBER=1
AIRFLOW_CTX_DAG_RUN_ID=scheduled__2021-09-08T00:00:00+00:00
[2022-08-06 22:18:36,106] {subprocess.py:62} INFO - Tmp dir root location: 
 /tmp
[2022-08-06 22:18:36,106] {subprocess.py:74} INFO - Running command: ['bash', '-c', 'echo hello world, this is the first task!']
[2022-08-06 22:18:36,119] {subprocess.py:85} INFO - Output:
[2022-08-06 22:18:36,121] {subprocess.py:92} INFO - hello world, this is the first task!
[2022-08-06 22:18:36,121] {subprocess.py:96} INFO - Command exited with return code 0
[2022-08-06 22:18:36,151] {taskinstance.py:1420} INFO - Marking task as SUCCESS. dag_id=our_first_dag_v5, task_id=first_task, execution_date=20210908T000000, start_date=20220806T221835, end_date=20220806T221836
[2022-08-06 22:18:36,175] {local_task_job.py:156} INFO - Task exited with return code 0
[2022-08-06 22:18:36,218] {local_task_job.py:273} INFO - 2 downstream tasks scheduled from follow-on schedule check
[2022-08-06 22:22:10,846] {taskinstance.py:1179} INFO - Dependencies all met for <TaskInstance: our_first_dag_v5.first_task scheduled__2021-09-08T00:00:00+00:00 [queued]>
[2022-08-06 22:22:10,858] {taskinstance.py:1179} INFO - Dependencies all met for <TaskInstance: our_first_dag_v5.first_task scheduled__2021-09-08T00:00:00+00:00 [queued]>
[2022-08-06 22:22:10,858] {taskinstance.py:1376} INFO - 
--------------------------------------------------------------------------------
[2022-08-06 22:22:10,858] {taskinstance.py:1377} INFO - Starting attempt 1 of 6
[2022-08-06 22:22:10,858] {taskinstance.py:1378} INFO - 
--------------------------------------------------------------------------------
[2022-08-06 22:22:10,873] {taskinstance.py:1397} INFO - Executing <Task(BashOperator): first_task> on 2021-09-08 00:00:00+00:00
[2022-08-06 22:22:10,879] {standard_task_runner.py:52} INFO - Started process 508 to run task
[2022-08-06 22:22:10,881] {standard_task_runner.py:79} INFO - Running: ['***', 'tasks', 'run', 'our_first_dag_v5', 'first_task', 'scheduled__2021-09-08T00:00:00+00:00', '--job-id', '121', '--raw', '--subdir', 'DAGS_FOLDER/pipeline.py', '--cfg-path', '/tmp/tmpzik_1_yu', '--error-file', '/tmp/tmpg3dtdkj2']
[2022-08-06 22:22:10,881] {standard_task_runner.py:80} INFO - Job 121: Subtask first_task
[2022-08-06 22:22:10,942] {task_command.py:371} INFO - Running <TaskInstance: our_first_dag_v5.first_task scheduled__2021-09-08T00:00:00+00:00 [running]> on host b215076695c3
[2022-08-06 22:22:11,022] {taskinstance.py:1591} INFO - Exporting the following env vars:
AIRFLOW_CTX_DAG_OWNER=coder2j
AIRFLOW_CTX_DAG_ID=our_first_dag_v5
AIRFLOW_CTX_TASK_ID=first_task
AIRFLOW_CTX_EXECUTION_DATE=2021-09-08T00:00:00+00:00
AIRFLOW_CTX_TRY_NUMBER=1
AIRFLOW_CTX_DAG_RUN_ID=scheduled__2021-09-08T00:00:00+00:00
[2022-08-06 22:22:11,024] {subprocess.py:62} INFO - Tmp dir root location: 
 /tmp
[2022-08-06 22:22:11,024] {subprocess.py:74} INFO - Running command: ['bash', '-c', 'echo hello world, this is the first task!']
[2022-08-06 22:22:11,038] {subprocess.py:85} INFO - Output:
[2022-08-06 22:22:11,040] {subprocess.py:92} INFO - hello world, this is the first task!
[2022-08-06 22:22:11,040] {subprocess.py:96} INFO - Command exited with return code 0
[2022-08-06 22:22:11,071] {taskinstance.py:1420} INFO - Marking task as SUCCESS. dag_id=our_first_dag_v5, task_id=first_task, execution_date=20210908T000000, start_date=20220806T222210, end_date=20220806T222211
[2022-08-06 22:22:11,092] {local_task_job.py:156} INFO - Task exited with return code 0
[2022-08-06 22:22:11,131] {local_task_job.py:273} INFO - 2 downstream tasks scheduled from follow-on schedule check
