[2022-08-06 19:39:06,416] {taskinstance.py:1179} INFO - Dependencies all met for <TaskInstance: our_first_dag_v5.thrid_task scheduled__2022-05-31T00:00:00+00:00 [queued]>
[2022-08-06 19:39:06,438] {taskinstance.py:1179} INFO - Dependencies all met for <TaskInstance: our_first_dag_v5.thrid_task scheduled__2022-05-31T00:00:00+00:00 [queued]>
[2022-08-06 19:39:06,438] {taskinstance.py:1376} INFO - 
--------------------------------------------------------------------------------
[2022-08-06 19:39:06,438] {taskinstance.py:1377} INFO - Starting attempt 1 of 6
[2022-08-06 19:39:06,438] {taskinstance.py:1378} INFO - 
--------------------------------------------------------------------------------
[2022-08-06 19:39:06,459] {taskinstance.py:1397} INFO - Executing <Task(BashOperator): thrid_task> on 2022-05-31 00:00:00+00:00
[2022-08-06 19:39:06,466] {standard_task_runner.py:52} INFO - Started process 2986 to run task
[2022-08-06 19:39:06,468] {standard_task_runner.py:79} INFO - Running: ['***', 'tasks', 'run', 'our_first_dag_v5', 'thrid_task', 'scheduled__2022-05-31T00:00:00+00:00', '--job-id', '920', '--raw', '--subdir', 'DAGS_FOLDER/pipeline.py', '--cfg-path', '/tmp/tmph_s2j2ga', '--error-file', '/tmp/tmpab3gxvca']
[2022-08-06 19:39:06,469] {standard_task_runner.py:80} INFO - Job 920: Subtask thrid_task
[2022-08-06 19:39:06,544] {task_command.py:371} INFO - Running <TaskInstance: our_first_dag_v5.thrid_task scheduled__2022-05-31T00:00:00+00:00 [running]> on host b29c168c1666
[2022-08-06 19:39:06,665] {taskinstance.py:1591} INFO - Exporting the following env vars:
AIRFLOW_CTX_DAG_OWNER=coder2j
AIRFLOW_CTX_DAG_ID=our_first_dag_v5
AIRFLOW_CTX_TASK_ID=thrid_task
AIRFLOW_CTX_EXECUTION_DATE=2022-05-31T00:00:00+00:00
AIRFLOW_CTX_TRY_NUMBER=1
AIRFLOW_CTX_DAG_RUN_ID=scheduled__2022-05-31T00:00:00+00:00
[2022-08-06 19:39:06,666] {subprocess.py:62} INFO - Tmp dir root location: 
 /tmp
[2022-08-06 19:39:06,666] {subprocess.py:74} INFO - Running command: ['bash', '-c', 'echo hey, I am task3 and will be running after task1 at the same time as task2!']
[2022-08-06 19:39:06,685] {subprocess.py:85} INFO - Output:
[2022-08-06 19:39:06,685] {subprocess.py:92} INFO - hey, I am task3 and will be running after task1 at the same time as task2!
[2022-08-06 19:39:06,685] {subprocess.py:96} INFO - Command exited with return code 0
[2022-08-06 19:39:06,734] {taskinstance.py:1420} INFO - Marking task as SUCCESS. dag_id=our_first_dag_v5, task_id=thrid_task, execution_date=20220531T000000, start_date=20220806T193906, end_date=20220806T193906
[2022-08-06 19:39:06,763] {local_task_job.py:156} INFO - Task exited with return code 0
[2022-08-06 19:39:06,809] {local_task_job.py:273} INFO - 0 downstream tasks scheduled from follow-on schedule check
[2022-08-06 21:52:57,576] {taskinstance.py:1179} INFO - Dependencies all met for <TaskInstance: our_first_dag_v5.thrid_task scheduled__2022-05-31T00:00:00+00:00 [queued]>
[2022-08-06 21:52:57,590] {taskinstance.py:1179} INFO - Dependencies all met for <TaskInstance: our_first_dag_v5.thrid_task scheduled__2022-05-31T00:00:00+00:00 [queued]>
[2022-08-06 21:52:57,590] {taskinstance.py:1376} INFO - 
--------------------------------------------------------------------------------
[2022-08-06 21:52:57,590] {taskinstance.py:1377} INFO - Starting attempt 1 of 6
[2022-08-06 21:52:57,590] {taskinstance.py:1378} INFO - 
--------------------------------------------------------------------------------
[2022-08-06 21:52:57,610] {taskinstance.py:1397} INFO - Executing <Task(BashOperator): thrid_task> on 2022-05-31 00:00:00+00:00
[2022-08-06 21:52:57,616] {standard_task_runner.py:52} INFO - Started process 3166 to run task
[2022-08-06 21:52:57,618] {standard_task_runner.py:79} INFO - Running: ['***', 'tasks', 'run', 'our_first_dag_v5', 'thrid_task', 'scheduled__2022-05-31T00:00:00+00:00', '--job-id', '919', '--raw', '--subdir', 'DAGS_FOLDER/pipeline.py', '--cfg-path', '/tmp/tmpl5inmnsm', '--error-file', '/tmp/tmpeayhlnf0']
[2022-08-06 21:52:57,618] {standard_task_runner.py:80} INFO - Job 919: Subtask thrid_task
[2022-08-06 21:52:57,674] {task_command.py:371} INFO - Running <TaskInstance: our_first_dag_v5.thrid_task scheduled__2022-05-31T00:00:00+00:00 [running]> on host c3f731879890
[2022-08-06 21:52:57,752] {taskinstance.py:1591} INFO - Exporting the following env vars:
AIRFLOW_CTX_DAG_OWNER=coder2j
AIRFLOW_CTX_DAG_ID=our_first_dag_v5
AIRFLOW_CTX_TASK_ID=thrid_task
AIRFLOW_CTX_EXECUTION_DATE=2022-05-31T00:00:00+00:00
AIRFLOW_CTX_TRY_NUMBER=1
AIRFLOW_CTX_DAG_RUN_ID=scheduled__2022-05-31T00:00:00+00:00
[2022-08-06 21:52:57,753] {subprocess.py:62} INFO - Tmp dir root location: 
 /tmp
[2022-08-06 21:52:57,753] {subprocess.py:74} INFO - Running command: ['bash', '-c', 'echo hey, I am task3 and will be running after task1 at the same time as task2!']
[2022-08-06 21:52:57,765] {subprocess.py:85} INFO - Output:
[2022-08-06 21:52:57,766] {subprocess.py:92} INFO - hey, I am task3 and will be running after task1 at the same time as task2!
[2022-08-06 21:52:57,767] {subprocess.py:96} INFO - Command exited with return code 0
[2022-08-06 21:52:57,792] {taskinstance.py:1420} INFO - Marking task as SUCCESS. dag_id=our_first_dag_v5, task_id=thrid_task, execution_date=20220531T000000, start_date=20220806T215257, end_date=20220806T215257
[2022-08-06 21:52:57,829] {local_task_job.py:156} INFO - Task exited with return code 0
[2022-08-06 21:52:57,858] {local_task_job.py:273} INFO - 0 downstream tasks scheduled from follow-on schedule check
[2022-08-06 21:58:25,198] {taskinstance.py:1179} INFO - Dependencies all met for <TaskInstance: our_first_dag_v5.thrid_task scheduled__2022-05-31T00:00:00+00:00 [queued]>
[2022-08-06 21:58:25,223] {taskinstance.py:1179} INFO - Dependencies all met for <TaskInstance: our_first_dag_v5.thrid_task scheduled__2022-05-31T00:00:00+00:00 [queued]>
[2022-08-06 21:58:25,224] {taskinstance.py:1376} INFO - 
--------------------------------------------------------------------------------
[2022-08-06 21:58:25,224] {taskinstance.py:1377} INFO - Starting attempt 1 of 6
[2022-08-06 21:58:25,224] {taskinstance.py:1378} INFO - 
--------------------------------------------------------------------------------
[2022-08-06 21:58:25,245] {taskinstance.py:1397} INFO - Executing <Task(BashOperator): thrid_task> on 2022-05-31 00:00:00+00:00
[2022-08-06 21:58:25,255] {standard_task_runner.py:52} INFO - Started process 2976 to run task
[2022-08-06 21:58:25,259] {standard_task_runner.py:79} INFO - Running: ['***', 'tasks', 'run', 'our_first_dag_v5', 'thrid_task', 'scheduled__2022-05-31T00:00:00+00:00', '--job-id', '923', '--raw', '--subdir', 'DAGS_FOLDER/pipeline.py', '--cfg-path', '/tmp/tmpei12lrei', '--error-file', '/tmp/tmp_de_cp9q']
[2022-08-06 21:58:25,259] {standard_task_runner.py:80} INFO - Job 923: Subtask thrid_task
[2022-08-06 21:58:25,345] {task_command.py:371} INFO - Running <TaskInstance: our_first_dag_v5.thrid_task scheduled__2022-05-31T00:00:00+00:00 [running]> on host bc7e154a4fdd
[2022-08-06 21:58:25,447] {taskinstance.py:1591} INFO - Exporting the following env vars:
AIRFLOW_CTX_DAG_OWNER=coder2j
AIRFLOW_CTX_DAG_ID=our_first_dag_v5
AIRFLOW_CTX_TASK_ID=thrid_task
AIRFLOW_CTX_EXECUTION_DATE=2022-05-31T00:00:00+00:00
AIRFLOW_CTX_TRY_NUMBER=1
AIRFLOW_CTX_DAG_RUN_ID=scheduled__2022-05-31T00:00:00+00:00
[2022-08-06 21:58:25,449] {subprocess.py:62} INFO - Tmp dir root location: 
 /tmp
[2022-08-06 21:58:25,450] {subprocess.py:74} INFO - Running command: ['bash', '-c', 'echo hey, I am task3 and will be running after task1 at the same time as task2!']
[2022-08-06 21:58:25,470] {subprocess.py:85} INFO - Output:
[2022-08-06 21:58:25,472] {subprocess.py:92} INFO - hey, I am task3 and will be running after task1 at the same time as task2!
[2022-08-06 21:58:25,473] {subprocess.py:96} INFO - Command exited with return code 0
[2022-08-06 21:58:25,514] {taskinstance.py:1420} INFO - Marking task as SUCCESS. dag_id=our_first_dag_v5, task_id=thrid_task, execution_date=20220531T000000, start_date=20220806T215825, end_date=20220806T215825
[2022-08-06 21:58:25,550] {local_task_job.py:156} INFO - Task exited with return code 0
[2022-08-06 21:58:25,619] {local_task_job.py:273} INFO - 0 downstream tasks scheduled from follow-on schedule check
[2022-08-06 22:13:23,735] {taskinstance.py:1179} INFO - Dependencies all met for <TaskInstance: our_first_dag_v5.thrid_task scheduled__2022-05-31T00:00:00+00:00 [queued]>
[2022-08-06 22:13:23,750] {taskinstance.py:1179} INFO - Dependencies all met for <TaskInstance: our_first_dag_v5.thrid_task scheduled__2022-05-31T00:00:00+00:00 [queued]>
[2022-08-06 22:13:23,750] {taskinstance.py:1376} INFO - 
--------------------------------------------------------------------------------
[2022-08-06 22:13:23,750] {taskinstance.py:1377} INFO - Starting attempt 1 of 6
[2022-08-06 22:13:23,750] {taskinstance.py:1378} INFO - 
--------------------------------------------------------------------------------
[2022-08-06 22:13:23,767] {taskinstance.py:1397} INFO - Executing <Task(BashOperator): thrid_task> on 2022-05-31 00:00:00+00:00
[2022-08-06 22:13:23,774] {standard_task_runner.py:52} INFO - Started process 2984 to run task
[2022-08-06 22:13:23,777] {standard_task_runner.py:79} INFO - Running: ['***', 'tasks', 'run', 'our_first_dag_v5', 'thrid_task', 'scheduled__2022-05-31T00:00:00+00:00', '--job-id', '921', '--raw', '--subdir', 'DAGS_FOLDER/pipeline.py', '--cfg-path', '/tmp/tmpqpblfbz9', '--error-file', '/tmp/tmpl6wlk7yn']
[2022-08-06 22:13:23,777] {standard_task_runner.py:80} INFO - Job 921: Subtask thrid_task
[2022-08-06 22:13:23,875] {task_command.py:371} INFO - Running <TaskInstance: our_first_dag_v5.thrid_task scheduled__2022-05-31T00:00:00+00:00 [running]> on host 1250c3b659cd
[2022-08-06 22:13:23,970] {taskinstance.py:1591} INFO - Exporting the following env vars:
AIRFLOW_CTX_DAG_OWNER=coder2j
AIRFLOW_CTX_DAG_ID=our_first_dag_v5
AIRFLOW_CTX_TASK_ID=thrid_task
AIRFLOW_CTX_EXECUTION_DATE=2022-05-31T00:00:00+00:00
AIRFLOW_CTX_TRY_NUMBER=1
AIRFLOW_CTX_DAG_RUN_ID=scheduled__2022-05-31T00:00:00+00:00
[2022-08-06 22:13:23,971] {subprocess.py:62} INFO - Tmp dir root location: 
 /tmp
[2022-08-06 22:13:23,972] {subprocess.py:74} INFO - Running command: ['bash', '-c', 'echo hey, I am task3 and will be running after task1 at the same time as task2!']
[2022-08-06 22:13:23,988] {subprocess.py:85} INFO - Output:
[2022-08-06 22:13:23,990] {subprocess.py:92} INFO - hey, I am task3 and will be running after task1 at the same time as task2!
[2022-08-06 22:13:23,990] {subprocess.py:96} INFO - Command exited with return code 0
[2022-08-06 22:13:24,026] {taskinstance.py:1420} INFO - Marking task as SUCCESS. dag_id=our_first_dag_v5, task_id=thrid_task, execution_date=20220531T000000, start_date=20220806T221323, end_date=20220806T221324
[2022-08-06 22:13:24,068] {local_task_job.py:156} INFO - Task exited with return code 0
[2022-08-06 22:13:24,109] {local_task_job.py:273} INFO - 0 downstream tasks scheduled from follow-on schedule check
[2022-08-06 22:24:43,711] {taskinstance.py:1179} INFO - Dependencies all met for <TaskInstance: our_first_dag_v5.thrid_task scheduled__2022-05-31T00:00:00+00:00 [queued]>
[2022-08-06 22:24:43,727] {taskinstance.py:1179} INFO - Dependencies all met for <TaskInstance: our_first_dag_v5.thrid_task scheduled__2022-05-31T00:00:00+00:00 [queued]>
[2022-08-06 22:24:43,727] {taskinstance.py:1376} INFO - 
--------------------------------------------------------------------------------
[2022-08-06 22:24:43,727] {taskinstance.py:1377} INFO - Starting attempt 1 of 6
[2022-08-06 22:24:43,727] {taskinstance.py:1378} INFO - 
--------------------------------------------------------------------------------
[2022-08-06 22:24:43,753] {taskinstance.py:1397} INFO - Executing <Task(BashOperator): thrid_task> on 2022-05-31 00:00:00+00:00
[2022-08-06 22:24:43,762] {standard_task_runner.py:52} INFO - Started process 3046 to run task
[2022-08-06 22:24:43,765] {standard_task_runner.py:79} INFO - Running: ['***', 'tasks', 'run', 'our_first_dag_v5', 'thrid_task', 'scheduled__2022-05-31T00:00:00+00:00', '--job-id', '925', '--raw', '--subdir', 'DAGS_FOLDER/pipeline.py', '--cfg-path', '/tmp/tmp6wmfe1h4', '--error-file', '/tmp/tmp0_thr1v6']
[2022-08-06 22:24:43,765] {standard_task_runner.py:80} INFO - Job 925: Subtask thrid_task
[2022-08-06 22:24:43,849] {task_command.py:371} INFO - Running <TaskInstance: our_first_dag_v5.thrid_task scheduled__2022-05-31T00:00:00+00:00 [running]> on host b215076695c3
[2022-08-06 22:24:43,942] {taskinstance.py:1591} INFO - Exporting the following env vars:
AIRFLOW_CTX_DAG_OWNER=coder2j
AIRFLOW_CTX_DAG_ID=our_first_dag_v5
AIRFLOW_CTX_TASK_ID=thrid_task
AIRFLOW_CTX_EXECUTION_DATE=2022-05-31T00:00:00+00:00
AIRFLOW_CTX_TRY_NUMBER=1
AIRFLOW_CTX_DAG_RUN_ID=scheduled__2022-05-31T00:00:00+00:00
[2022-08-06 22:24:43,943] {subprocess.py:62} INFO - Tmp dir root location: 
 /tmp
[2022-08-06 22:24:43,944] {subprocess.py:74} INFO - Running command: ['bash', '-c', 'echo hey, I am task3 and will be running after task1 at the same time as task2!']
[2022-08-06 22:24:43,957] {subprocess.py:85} INFO - Output:
[2022-08-06 22:24:43,958] {subprocess.py:92} INFO - hey, I am task3 and will be running after task1 at the same time as task2!
[2022-08-06 22:24:43,959] {subprocess.py:96} INFO - Command exited with return code 0
[2022-08-06 22:24:43,997] {taskinstance.py:1420} INFO - Marking task as SUCCESS. dag_id=our_first_dag_v5, task_id=thrid_task, execution_date=20220531T000000, start_date=20220806T222443, end_date=20220806T222443
[2022-08-06 22:24:44,018] {local_task_job.py:156} INFO - Task exited with return code 0
[2022-08-06 22:24:44,067] {local_task_job.py:273} INFO - 0 downstream tasks scheduled from follow-on schedule check
