[2022-08-06 19:39:43,068] {taskinstance.py:1179} INFO - Dependencies all met for <TaskInstance: our_first_dag_v5.first_task scheduled__2022-07-30T00:00:00+00:00 [queued]>
[2022-08-06 19:39:43,082] {taskinstance.py:1179} INFO - Dependencies all met for <TaskInstance: our_first_dag_v5.first_task scheduled__2022-07-30T00:00:00+00:00 [queued]>
[2022-08-06 19:39:43,082] {taskinstance.py:1376} INFO - 
--------------------------------------------------------------------------------
[2022-08-06 19:39:43,082] {taskinstance.py:1377} INFO - Starting attempt 1 of 6
[2022-08-06 19:39:43,082] {taskinstance.py:1378} INFO - 
--------------------------------------------------------------------------------
[2022-08-06 19:39:43,103] {taskinstance.py:1397} INFO - Executing <Task(BashOperator): first_task> on 2022-07-30 00:00:00+00:00
[2022-08-06 19:39:43,112] {standard_task_runner.py:52} INFO - Started process 3523 to run task
[2022-08-06 19:39:43,115] {standard_task_runner.py:79} INFO - Running: ['***', 'tasks', 'run', 'our_first_dag_v5', 'first_task', 'scheduled__2022-07-30T00:00:00+00:00', '--job-id', '1091', '--raw', '--subdir', 'DAGS_FOLDER/pipeline.py', '--cfg-path', '/tmp/tmpzditns01', '--error-file', '/tmp/tmpcs80rikn']
[2022-08-06 19:39:43,116] {standard_task_runner.py:80} INFO - Job 1091: Subtask first_task
[2022-08-06 19:39:43,221] {task_command.py:371} INFO - Running <TaskInstance: our_first_dag_v5.first_task scheduled__2022-07-30T00:00:00+00:00 [running]> on host b29c168c1666
[2022-08-06 19:39:43,361] {taskinstance.py:1591} INFO - Exporting the following env vars:
AIRFLOW_CTX_DAG_OWNER=coder2j
AIRFLOW_CTX_DAG_ID=our_first_dag_v5
AIRFLOW_CTX_TASK_ID=first_task
AIRFLOW_CTX_EXECUTION_DATE=2022-07-30T00:00:00+00:00
AIRFLOW_CTX_TRY_NUMBER=1
AIRFLOW_CTX_DAG_RUN_ID=scheduled__2022-07-30T00:00:00+00:00
[2022-08-06 19:39:43,362] {subprocess.py:62} INFO - Tmp dir root location: 
 /tmp
[2022-08-06 19:39:43,363] {subprocess.py:74} INFO - Running command: ['bash', '-c', 'echo hello world, this is the first task!']
[2022-08-06 19:39:43,383] {subprocess.py:85} INFO - Output:
[2022-08-06 19:39:43,385] {subprocess.py:92} INFO - hello world, this is the first task!
[2022-08-06 19:39:43,386] {subprocess.py:96} INFO - Command exited with return code 0
[2022-08-06 19:39:43,478] {taskinstance.py:1420} INFO - Marking task as SUCCESS. dag_id=our_first_dag_v5, task_id=first_task, execution_date=20220730T000000, start_date=20220806T193943, end_date=20220806T193943
[2022-08-06 19:39:43,530] {local_task_job.py:156} INFO - Task exited with return code 0
[2022-08-06 19:39:43,611] {local_task_job.py:273} INFO - 2 downstream tasks scheduled from follow-on schedule check
[2022-08-06 21:53:37,156] {taskinstance.py:1179} INFO - Dependencies all met for <TaskInstance: our_first_dag_v5.first_task scheduled__2022-07-30T00:00:00+00:00 [queued]>
[2022-08-06 21:53:37,171] {taskinstance.py:1179} INFO - Dependencies all met for <TaskInstance: our_first_dag_v5.first_task scheduled__2022-07-30T00:00:00+00:00 [queued]>
[2022-08-06 21:53:37,172] {taskinstance.py:1376} INFO - 
--------------------------------------------------------------------------------
[2022-08-06 21:53:37,172] {taskinstance.py:1377} INFO - Starting attempt 1 of 6
[2022-08-06 21:53:37,172] {taskinstance.py:1378} INFO - 
--------------------------------------------------------------------------------
[2022-08-06 21:53:37,187] {taskinstance.py:1397} INFO - Executing <Task(BashOperator): first_task> on 2022-07-30 00:00:00+00:00
[2022-08-06 21:53:37,193] {standard_task_runner.py:52} INFO - Started process 3717 to run task
[2022-08-06 21:53:37,195] {standard_task_runner.py:79} INFO - Running: ['***', 'tasks', 'run', 'our_first_dag_v5', 'first_task', 'scheduled__2022-07-30T00:00:00+00:00', '--job-id', '1091', '--raw', '--subdir', 'DAGS_FOLDER/pipeline.py', '--cfg-path', '/tmp/tmpwzzqf1zp', '--error-file', '/tmp/tmpnd9_ow9s']
[2022-08-06 21:53:37,195] {standard_task_runner.py:80} INFO - Job 1091: Subtask first_task
[2022-08-06 21:53:37,280] {task_command.py:371} INFO - Running <TaskInstance: our_first_dag_v5.first_task scheduled__2022-07-30T00:00:00+00:00 [running]> on host c3f731879890
[2022-08-06 21:53:37,402] {taskinstance.py:1591} INFO - Exporting the following env vars:
AIRFLOW_CTX_DAG_OWNER=coder2j
AIRFLOW_CTX_DAG_ID=our_first_dag_v5
AIRFLOW_CTX_TASK_ID=first_task
AIRFLOW_CTX_EXECUTION_DATE=2022-07-30T00:00:00+00:00
AIRFLOW_CTX_TRY_NUMBER=1
AIRFLOW_CTX_DAG_RUN_ID=scheduled__2022-07-30T00:00:00+00:00
[2022-08-06 21:53:37,403] {subprocess.py:62} INFO - Tmp dir root location: 
 /tmp
[2022-08-06 21:53:37,404] {subprocess.py:74} INFO - Running command: ['bash', '-c', 'echo hello world, this is the first task!']
[2022-08-06 21:53:37,422] {subprocess.py:85} INFO - Output:
[2022-08-06 21:53:37,424] {subprocess.py:92} INFO - hello world, this is the first task!
[2022-08-06 21:53:37,424] {subprocess.py:96} INFO - Command exited with return code 0
[2022-08-06 21:53:37,506] {taskinstance.py:1420} INFO - Marking task as SUCCESS. dag_id=our_first_dag_v5, task_id=first_task, execution_date=20220730T000000, start_date=20220806T215337, end_date=20220806T215337
[2022-08-06 21:53:37,567] {local_task_job.py:156} INFO - Task exited with return code 0
[2022-08-06 21:53:37,631] {local_task_job.py:273} INFO - 2 downstream tasks scheduled from follow-on schedule check
[2022-08-06 21:59:00,830] {taskinstance.py:1179} INFO - Dependencies all met for <TaskInstance: our_first_dag_v5.first_task scheduled__2022-07-30T00:00:00+00:00 [queued]>
[2022-08-06 21:59:00,839] {taskinstance.py:1179} INFO - Dependencies all met for <TaskInstance: our_first_dag_v5.first_task scheduled__2022-07-30T00:00:00+00:00 [queued]>
[2022-08-06 21:59:00,839] {taskinstance.py:1376} INFO - 
--------------------------------------------------------------------------------
[2022-08-06 21:59:00,839] {taskinstance.py:1377} INFO - Starting attempt 1 of 6
[2022-08-06 21:59:00,839] {taskinstance.py:1378} INFO - 
--------------------------------------------------------------------------------
[2022-08-06 21:59:00,854] {taskinstance.py:1397} INFO - Executing <Task(BashOperator): first_task> on 2022-07-30 00:00:00+00:00
[2022-08-06 21:59:00,859] {standard_task_runner.py:52} INFO - Started process 3533 to run task
[2022-08-06 21:59:00,862] {standard_task_runner.py:79} INFO - Running: ['***', 'tasks', 'run', 'our_first_dag_v5', 'first_task', 'scheduled__2022-07-30T00:00:00+00:00', '--job-id', '1098', '--raw', '--subdir', 'DAGS_FOLDER/pipeline.py', '--cfg-path', '/tmp/tmp93r2pwav', '--error-file', '/tmp/tmpamn1xgae']
[2022-08-06 21:59:00,862] {standard_task_runner.py:80} INFO - Job 1098: Subtask first_task
[2022-08-06 21:59:00,921] {task_command.py:371} INFO - Running <TaskInstance: our_first_dag_v5.first_task scheduled__2022-07-30T00:00:00+00:00 [running]> on host bc7e154a4fdd
[2022-08-06 21:59:01,012] {taskinstance.py:1591} INFO - Exporting the following env vars:
AIRFLOW_CTX_DAG_OWNER=coder2j
AIRFLOW_CTX_DAG_ID=our_first_dag_v5
AIRFLOW_CTX_TASK_ID=first_task
AIRFLOW_CTX_EXECUTION_DATE=2022-07-30T00:00:00+00:00
AIRFLOW_CTX_TRY_NUMBER=1
AIRFLOW_CTX_DAG_RUN_ID=scheduled__2022-07-30T00:00:00+00:00
[2022-08-06 21:59:01,013] {subprocess.py:62} INFO - Tmp dir root location: 
 /tmp
[2022-08-06 21:59:01,014] {subprocess.py:74} INFO - Running command: ['bash', '-c', 'echo hello world, this is the first task!']
[2022-08-06 21:59:01,027] {subprocess.py:85} INFO - Output:
[2022-08-06 21:59:01,029] {subprocess.py:92} INFO - hello world, this is the first task!
[2022-08-06 21:59:01,029] {subprocess.py:96} INFO - Command exited with return code 0
[2022-08-06 21:59:01,059] {taskinstance.py:1420} INFO - Marking task as SUCCESS. dag_id=our_first_dag_v5, task_id=first_task, execution_date=20220730T000000, start_date=20220806T215900, end_date=20220806T215901
[2022-08-06 21:59:01,113] {local_task_job.py:156} INFO - Task exited with return code 0
[2022-08-06 21:59:01,177] {local_task_job.py:273} INFO - 0 downstream tasks scheduled from follow-on schedule check
[2022-08-06 22:13:59,200] {taskinstance.py:1179} INFO - Dependencies all met for <TaskInstance: our_first_dag_v5.first_task scheduled__2022-07-30T00:00:00+00:00 [queued]>
[2022-08-06 22:13:59,216] {taskinstance.py:1179} INFO - Dependencies all met for <TaskInstance: our_first_dag_v5.first_task scheduled__2022-07-30T00:00:00+00:00 [queued]>
[2022-08-06 22:13:59,216] {taskinstance.py:1376} INFO - 
--------------------------------------------------------------------------------
[2022-08-06 22:13:59,216] {taskinstance.py:1377} INFO - Starting attempt 1 of 6
[2022-08-06 22:13:59,216] {taskinstance.py:1378} INFO - 
--------------------------------------------------------------------------------
[2022-08-06 22:13:59,232] {taskinstance.py:1397} INFO - Executing <Task(BashOperator): first_task> on 2022-07-30 00:00:00+00:00
[2022-08-06 22:13:59,240] {standard_task_runner.py:52} INFO - Started process 3517 to run task
[2022-08-06 22:13:59,244] {standard_task_runner.py:79} INFO - Running: ['***', 'tasks', 'run', 'our_first_dag_v5', 'first_task', 'scheduled__2022-07-30T00:00:00+00:00', '--job-id', '1092', '--raw', '--subdir', 'DAGS_FOLDER/pipeline.py', '--cfg-path', '/tmp/tmpqdhw2pyd', '--error-file', '/tmp/tmptvk9chgy']
[2022-08-06 22:13:59,244] {standard_task_runner.py:80} INFO - Job 1092: Subtask first_task
[2022-08-06 22:13:59,325] {task_command.py:371} INFO - Running <TaskInstance: our_first_dag_v5.first_task scheduled__2022-07-30T00:00:00+00:00 [running]> on host 1250c3b659cd
[2022-08-06 22:13:59,432] {taskinstance.py:1591} INFO - Exporting the following env vars:
AIRFLOW_CTX_DAG_OWNER=coder2j
AIRFLOW_CTX_DAG_ID=our_first_dag_v5
AIRFLOW_CTX_TASK_ID=first_task
AIRFLOW_CTX_EXECUTION_DATE=2022-07-30T00:00:00+00:00
AIRFLOW_CTX_TRY_NUMBER=1
AIRFLOW_CTX_DAG_RUN_ID=scheduled__2022-07-30T00:00:00+00:00
[2022-08-06 22:13:59,433] {subprocess.py:62} INFO - Tmp dir root location: 
 /tmp
[2022-08-06 22:13:59,434] {subprocess.py:74} INFO - Running command: ['bash', '-c', 'echo hello world, this is the first task!']
[2022-08-06 22:13:59,447] {subprocess.py:85} INFO - Output:
[2022-08-06 22:13:59,449] {subprocess.py:92} INFO - hello world, this is the first task!
[2022-08-06 22:13:59,449] {subprocess.py:96} INFO - Command exited with return code 0
[2022-08-06 22:13:59,483] {taskinstance.py:1420} INFO - Marking task as SUCCESS. dag_id=our_first_dag_v5, task_id=first_task, execution_date=20220730T000000, start_date=20220806T221359, end_date=20220806T221359
[2022-08-06 22:13:59,538] {local_task_job.py:156} INFO - Task exited with return code 0
[2022-08-06 22:13:59,598] {local_task_job.py:273} INFO - 2 downstream tasks scheduled from follow-on schedule check
[2022-08-06 22:25:14,688] {taskinstance.py:1179} INFO - Dependencies all met for <TaskInstance: our_first_dag_v5.first_task scheduled__2022-07-30T00:00:00+00:00 [queued]>
[2022-08-06 22:25:14,701] {taskinstance.py:1179} INFO - Dependencies all met for <TaskInstance: our_first_dag_v5.first_task scheduled__2022-07-30T00:00:00+00:00 [queued]>
[2022-08-06 22:25:14,701] {taskinstance.py:1376} INFO - 
--------------------------------------------------------------------------------
[2022-08-06 22:25:14,701] {taskinstance.py:1377} INFO - Starting attempt 1 of 6
[2022-08-06 22:25:14,701] {taskinstance.py:1378} INFO - 
--------------------------------------------------------------------------------
[2022-08-06 22:25:14,719] {taskinstance.py:1397} INFO - Executing <Task(BashOperator): first_task> on 2022-07-30 00:00:00+00:00
[2022-08-06 22:25:14,725] {standard_task_runner.py:52} INFO - Started process 3567 to run task
[2022-08-06 22:25:14,728] {standard_task_runner.py:79} INFO - Running: ['***', 'tasks', 'run', 'our_first_dag_v5', 'first_task', 'scheduled__2022-07-30T00:00:00+00:00', '--job-id', '1097', '--raw', '--subdir', 'DAGS_FOLDER/pipeline.py', '--cfg-path', '/tmp/tmp636unf_o', '--error-file', '/tmp/tmpe09gkmcn']
[2022-08-06 22:25:14,729] {standard_task_runner.py:80} INFO - Job 1097: Subtask first_task
[2022-08-06 22:25:14,801] {task_command.py:371} INFO - Running <TaskInstance: our_first_dag_v5.first_task scheduled__2022-07-30T00:00:00+00:00 [running]> on host b215076695c3
[2022-08-06 22:25:14,893] {taskinstance.py:1591} INFO - Exporting the following env vars:
AIRFLOW_CTX_DAG_OWNER=coder2j
AIRFLOW_CTX_DAG_ID=our_first_dag_v5
AIRFLOW_CTX_TASK_ID=first_task
AIRFLOW_CTX_EXECUTION_DATE=2022-07-30T00:00:00+00:00
AIRFLOW_CTX_TRY_NUMBER=1
AIRFLOW_CTX_DAG_RUN_ID=scheduled__2022-07-30T00:00:00+00:00
[2022-08-06 22:25:14,894] {subprocess.py:62} INFO - Tmp dir root location: 
 /tmp
[2022-08-06 22:25:14,894] {subprocess.py:74} INFO - Running command: ['bash', '-c', 'echo hello world, this is the first task!']
[2022-08-06 22:25:14,908] {subprocess.py:85} INFO - Output:
[2022-08-06 22:25:14,910] {subprocess.py:92} INFO - hello world, this is the first task!
[2022-08-06 22:25:14,910] {subprocess.py:96} INFO - Command exited with return code 0
[2022-08-06 22:25:14,943] {taskinstance.py:1420} INFO - Marking task as SUCCESS. dag_id=our_first_dag_v5, task_id=first_task, execution_date=20220730T000000, start_date=20220806T222514, end_date=20220806T222514
[2022-08-06 22:25:14,979] {local_task_job.py:156} INFO - Task exited with return code 0
[2022-08-06 22:25:15,020] {local_task_job.py:273} INFO - 2 downstream tasks scheduled from follow-on schedule check
