[2022-08-06 19:37:07,175] {taskinstance.py:1179} INFO - Dependencies all met for <TaskInstance: our_first_dag_v5.thrid_task scheduled__2021-11-12T00:00:00+00:00 [queued]>
[2022-08-06 19:37:07,189] {taskinstance.py:1179} INFO - Dependencies all met for <TaskInstance: our_first_dag_v5.thrid_task scheduled__2021-11-12T00:00:00+00:00 [queued]>
[2022-08-06 19:37:07,189] {taskinstance.py:1376} INFO - 
--------------------------------------------------------------------------------
[2022-08-06 19:37:07,189] {taskinstance.py:1377} INFO - Starting attempt 1 of 6
[2022-08-06 19:37:07,189] {taskinstance.py:1378} INFO - 
--------------------------------------------------------------------------------
[2022-08-06 19:37:07,204] {taskinstance.py:1397} INFO - Executing <Task(BashOperator): thrid_task> on 2021-11-12 00:00:00+00:00
[2022-08-06 19:37:07,210] {standard_task_runner.py:52} INFO - Started process 1106 to run task
[2022-08-06 19:37:07,212] {standard_task_runner.py:79} INFO - Running: ['***', 'tasks', 'run', 'our_first_dag_v5', 'thrid_task', 'scheduled__2021-11-12T00:00:00+00:00', '--job-id', '324', '--raw', '--subdir', 'DAGS_FOLDER/pipeline.py', '--cfg-path', '/tmp/tmpse_iw30a', '--error-file', '/tmp/tmpfg3unfob']
[2022-08-06 19:37:07,213] {standard_task_runner.py:80} INFO - Job 324: Subtask thrid_task
[2022-08-06 19:37:07,296] {task_command.py:371} INFO - Running <TaskInstance: our_first_dag_v5.thrid_task scheduled__2021-11-12T00:00:00+00:00 [running]> on host b29c168c1666
[2022-08-06 19:37:07,414] {taskinstance.py:1591} INFO - Exporting the following env vars:
AIRFLOW_CTX_DAG_OWNER=coder2j
AIRFLOW_CTX_DAG_ID=our_first_dag_v5
AIRFLOW_CTX_TASK_ID=thrid_task
AIRFLOW_CTX_EXECUTION_DATE=2021-11-12T00:00:00+00:00
AIRFLOW_CTX_TRY_NUMBER=1
AIRFLOW_CTX_DAG_RUN_ID=scheduled__2021-11-12T00:00:00+00:00
[2022-08-06 19:37:07,415] {subprocess.py:62} INFO - Tmp dir root location: 
 /tmp
[2022-08-06 19:37:07,415] {subprocess.py:74} INFO - Running command: ['bash', '-c', 'echo hey, I am task3 and will be running after task1 at the same time as task2!']
[2022-08-06 19:37:07,431] {subprocess.py:85} INFO - Output:
[2022-08-06 19:37:07,433] {subprocess.py:92} INFO - hey, I am task3 and will be running after task1 at the same time as task2!
[2022-08-06 19:37:07,433] {subprocess.py:96} INFO - Command exited with return code 0
[2022-08-06 19:37:07,531] {taskinstance.py:1420} INFO - Marking task as SUCCESS. dag_id=our_first_dag_v5, task_id=thrid_task, execution_date=20211112T000000, start_date=20220806T193707, end_date=20220806T193707
[2022-08-06 19:37:07,584] {local_task_job.py:156} INFO - Task exited with return code 0
[2022-08-06 19:37:07,640] {local_task_job.py:273} INFO - 0 downstream tasks scheduled from follow-on schedule check
[2022-08-06 21:50:57,385] {taskinstance.py:1179} INFO - Dependencies all met for <TaskInstance: our_first_dag_v5.thrid_task scheduled__2021-11-12T00:00:00+00:00 [queued]>
[2022-08-06 21:50:57,402] {taskinstance.py:1179} INFO - Dependencies all met for <TaskInstance: our_first_dag_v5.thrid_task scheduled__2021-11-12T00:00:00+00:00 [queued]>
[2022-08-06 21:50:57,403] {taskinstance.py:1376} INFO - 
--------------------------------------------------------------------------------
[2022-08-06 21:50:57,403] {taskinstance.py:1377} INFO - Starting attempt 1 of 6
[2022-08-06 21:50:57,403] {taskinstance.py:1378} INFO - 
--------------------------------------------------------------------------------
[2022-08-06 21:50:57,424] {taskinstance.py:1397} INFO - Executing <Task(BashOperator): thrid_task> on 2021-11-12 00:00:00+00:00
[2022-08-06 21:50:57,432] {standard_task_runner.py:52} INFO - Started process 1284 to run task
[2022-08-06 21:50:57,434] {standard_task_runner.py:79} INFO - Running: ['***', 'tasks', 'run', 'our_first_dag_v5', 'thrid_task', 'scheduled__2021-11-12T00:00:00+00:00', '--job-id', '322', '--raw', '--subdir', 'DAGS_FOLDER/pipeline.py', '--cfg-path', '/tmp/tmp82fppx_l', '--error-file', '/tmp/tmpxjaczlr2']
[2022-08-06 21:50:57,435] {standard_task_runner.py:80} INFO - Job 322: Subtask thrid_task
[2022-08-06 21:50:57,522] {task_command.py:371} INFO - Running <TaskInstance: our_first_dag_v5.thrid_task scheduled__2021-11-12T00:00:00+00:00 [running]> on host c3f731879890
[2022-08-06 21:50:57,623] {taskinstance.py:1591} INFO - Exporting the following env vars:
AIRFLOW_CTX_DAG_OWNER=coder2j
AIRFLOW_CTX_DAG_ID=our_first_dag_v5
AIRFLOW_CTX_TASK_ID=thrid_task
AIRFLOW_CTX_EXECUTION_DATE=2021-11-12T00:00:00+00:00
AIRFLOW_CTX_TRY_NUMBER=1
AIRFLOW_CTX_DAG_RUN_ID=scheduled__2021-11-12T00:00:00+00:00
[2022-08-06 21:50:57,624] {subprocess.py:62} INFO - Tmp dir root location: 
 /tmp
[2022-08-06 21:50:57,625] {subprocess.py:74} INFO - Running command: ['bash', '-c', 'echo hey, I am task3 and will be running after task1 at the same time as task2!']
[2022-08-06 21:50:57,643] {subprocess.py:85} INFO - Output:
[2022-08-06 21:50:57,645] {subprocess.py:92} INFO - hey, I am task3 and will be running after task1 at the same time as task2!
[2022-08-06 21:50:57,645] {subprocess.py:96} INFO - Command exited with return code 0
[2022-08-06 21:50:57,681] {taskinstance.py:1420} INFO - Marking task as SUCCESS. dag_id=our_first_dag_v5, task_id=thrid_task, execution_date=20211112T000000, start_date=20220806T215057, end_date=20220806T215057
[2022-08-06 21:50:57,726] {local_task_job.py:156} INFO - Task exited with return code 0
[2022-08-06 21:50:57,765] {local_task_job.py:273} INFO - 0 downstream tasks scheduled from follow-on schedule check
[2022-08-06 21:56:23,799] {taskinstance.py:1179} INFO - Dependencies all met for <TaskInstance: our_first_dag_v5.thrid_task scheduled__2021-11-12T00:00:00+00:00 [queued]>
[2022-08-06 21:56:23,812] {taskinstance.py:1179} INFO - Dependencies all met for <TaskInstance: our_first_dag_v5.thrid_task scheduled__2021-11-12T00:00:00+00:00 [queued]>
[2022-08-06 21:56:23,812] {taskinstance.py:1376} INFO - 
--------------------------------------------------------------------------------
[2022-08-06 21:56:23,812] {taskinstance.py:1377} INFO - Starting attempt 1 of 6
[2022-08-06 21:56:23,813] {taskinstance.py:1378} INFO - 
--------------------------------------------------------------------------------
[2022-08-06 21:56:23,829] {taskinstance.py:1397} INFO - Executing <Task(BashOperator): thrid_task> on 2021-11-12 00:00:00+00:00
[2022-08-06 21:56:23,835] {standard_task_runner.py:52} INFO - Started process 1078 to run task
[2022-08-06 21:56:23,838] {standard_task_runner.py:79} INFO - Running: ['***', 'tasks', 'run', 'our_first_dag_v5', 'thrid_task', 'scheduled__2021-11-12T00:00:00+00:00', '--job-id', '320', '--raw', '--subdir', 'DAGS_FOLDER/pipeline.py', '--cfg-path', '/tmp/tmp9logv5au', '--error-file', '/tmp/tmpq9rdovv1']
[2022-08-06 21:56:23,838] {standard_task_runner.py:80} INFO - Job 320: Subtask thrid_task
[2022-08-06 21:56:23,894] {task_command.py:371} INFO - Running <TaskInstance: our_first_dag_v5.thrid_task scheduled__2021-11-12T00:00:00+00:00 [running]> on host bc7e154a4fdd
[2022-08-06 21:56:23,971] {taskinstance.py:1591} INFO - Exporting the following env vars:
AIRFLOW_CTX_DAG_OWNER=coder2j
AIRFLOW_CTX_DAG_ID=our_first_dag_v5
AIRFLOW_CTX_TASK_ID=thrid_task
AIRFLOW_CTX_EXECUTION_DATE=2021-11-12T00:00:00+00:00
AIRFLOW_CTX_TRY_NUMBER=1
AIRFLOW_CTX_DAG_RUN_ID=scheduled__2021-11-12T00:00:00+00:00
[2022-08-06 21:56:23,972] {subprocess.py:62} INFO - Tmp dir root location: 
 /tmp
[2022-08-06 21:56:23,973] {subprocess.py:74} INFO - Running command: ['bash', '-c', 'echo hey, I am task3 and will be running after task1 at the same time as task2!']
[2022-08-06 21:56:23,985] {subprocess.py:85} INFO - Output:
[2022-08-06 21:56:23,986] {subprocess.py:92} INFO - hey, I am task3 and will be running after task1 at the same time as task2!
[2022-08-06 21:56:23,986] {subprocess.py:96} INFO - Command exited with return code 0
[2022-08-06 21:56:24,014] {taskinstance.py:1420} INFO - Marking task as SUCCESS. dag_id=our_first_dag_v5, task_id=thrid_task, execution_date=20211112T000000, start_date=20220806T215623, end_date=20220806T215624
[2022-08-06 21:56:24,049] {local_task_job.py:156} INFO - Task exited with return code 0
[2022-08-06 21:56:24,081] {local_task_job.py:273} INFO - 0 downstream tasks scheduled from follow-on schedule check
[2022-08-06 22:11:27,541] {taskinstance.py:1179} INFO - Dependencies all met for <TaskInstance: our_first_dag_v5.thrid_task scheduled__2021-11-12T00:00:00+00:00 [queued]>
[2022-08-06 22:11:27,557] {taskinstance.py:1179} INFO - Dependencies all met for <TaskInstance: our_first_dag_v5.thrid_task scheduled__2021-11-12T00:00:00+00:00 [queued]>
[2022-08-06 22:11:27,557] {taskinstance.py:1376} INFO - 
--------------------------------------------------------------------------------
[2022-08-06 22:11:27,557] {taskinstance.py:1377} INFO - Starting attempt 1 of 6
[2022-08-06 22:11:27,557] {taskinstance.py:1378} INFO - 
--------------------------------------------------------------------------------
[2022-08-06 22:11:27,576] {taskinstance.py:1397} INFO - Executing <Task(BashOperator): thrid_task> on 2021-11-12 00:00:00+00:00
[2022-08-06 22:11:27,584] {standard_task_runner.py:52} INFO - Started process 1094 to run task
[2022-08-06 22:11:27,588] {standard_task_runner.py:79} INFO - Running: ['***', 'tasks', 'run', 'our_first_dag_v5', 'thrid_task', 'scheduled__2021-11-12T00:00:00+00:00', '--job-id', '322', '--raw', '--subdir', 'DAGS_FOLDER/pipeline.py', '--cfg-path', '/tmp/tmptfwnx31u', '--error-file', '/tmp/tmpu9rpdv1k']
[2022-08-06 22:11:27,588] {standard_task_runner.py:80} INFO - Job 322: Subtask thrid_task
[2022-08-06 22:11:27,700] {task_command.py:371} INFO - Running <TaskInstance: our_first_dag_v5.thrid_task scheduled__2021-11-12T00:00:00+00:00 [running]> on host 1250c3b659cd
[2022-08-06 22:11:27,802] {taskinstance.py:1591} INFO - Exporting the following env vars:
AIRFLOW_CTX_DAG_OWNER=coder2j
AIRFLOW_CTX_DAG_ID=our_first_dag_v5
AIRFLOW_CTX_TASK_ID=thrid_task
AIRFLOW_CTX_EXECUTION_DATE=2021-11-12T00:00:00+00:00
AIRFLOW_CTX_TRY_NUMBER=1
AIRFLOW_CTX_DAG_RUN_ID=scheduled__2021-11-12T00:00:00+00:00
[2022-08-06 22:11:27,803] {subprocess.py:62} INFO - Tmp dir root location: 
 /tmp
[2022-08-06 22:11:27,804] {subprocess.py:74} INFO - Running command: ['bash', '-c', 'echo hey, I am task3 and will be running after task1 at the same time as task2!']
[2022-08-06 22:11:27,818] {subprocess.py:85} INFO - Output:
[2022-08-06 22:11:27,820] {subprocess.py:92} INFO - hey, I am task3 and will be running after task1 at the same time as task2!
[2022-08-06 22:11:27,820] {subprocess.py:96} INFO - Command exited with return code 0
[2022-08-06 22:11:27,862] {taskinstance.py:1420} INFO - Marking task as SUCCESS. dag_id=our_first_dag_v5, task_id=thrid_task, execution_date=20211112T000000, start_date=20220806T221127, end_date=20220806T221127
[2022-08-06 22:11:27,888] {local_task_job.py:156} INFO - Task exited with return code 0
[2022-08-06 22:11:27,929] {local_task_job.py:273} INFO - 0 downstream tasks scheduled from follow-on schedule check
[2022-08-06 22:19:10,963] {taskinstance.py:1179} INFO - Dependencies all met for <TaskInstance: our_first_dag_v5.thrid_task scheduled__2021-11-12T00:00:00+00:00 [queued]>
[2022-08-06 22:19:10,976] {taskinstance.py:1179} INFO - Dependencies all met for <TaskInstance: our_first_dag_v5.thrid_task scheduled__2021-11-12T00:00:00+00:00 [queued]>
[2022-08-06 22:19:10,976] {taskinstance.py:1376} INFO - 
--------------------------------------------------------------------------------
[2022-08-06 22:19:10,977] {taskinstance.py:1377} INFO - Starting attempt 1 of 6
[2022-08-06 22:19:10,977] {taskinstance.py:1378} INFO - 
--------------------------------------------------------------------------------
[2022-08-06 22:19:10,991] {taskinstance.py:1397} INFO - Executing <Task(BashOperator): thrid_task> on 2021-11-12 00:00:00+00:00
[2022-08-06 22:19:10,996] {standard_task_runner.py:52} INFO - Started process 1097 to run task
[2022-08-06 22:19:10,999] {standard_task_runner.py:79} INFO - Running: ['***', 'tasks', 'run', 'our_first_dag_v5', 'thrid_task', 'scheduled__2021-11-12T00:00:00+00:00', '--job-id', '321', '--raw', '--subdir', 'DAGS_FOLDER/pipeline.py', '--cfg-path', '/tmp/tmpggirwtz7', '--error-file', '/tmp/tmpgsdbkttj']
[2022-08-06 22:19:10,999] {standard_task_runner.py:80} INFO - Job 321: Subtask thrid_task
[2022-08-06 22:19:11,078] {task_command.py:371} INFO - Running <TaskInstance: our_first_dag_v5.thrid_task scheduled__2021-11-12T00:00:00+00:00 [running]> on host ed53bde1c44a
[2022-08-06 22:19:11,184] {taskinstance.py:1591} INFO - Exporting the following env vars:
AIRFLOW_CTX_DAG_OWNER=coder2j
AIRFLOW_CTX_DAG_ID=our_first_dag_v5
AIRFLOW_CTX_TASK_ID=thrid_task
AIRFLOW_CTX_EXECUTION_DATE=2021-11-12T00:00:00+00:00
AIRFLOW_CTX_TRY_NUMBER=1
AIRFLOW_CTX_DAG_RUN_ID=scheduled__2021-11-12T00:00:00+00:00
[2022-08-06 22:19:11,186] {subprocess.py:62} INFO - Tmp dir root location: 
 /tmp
[2022-08-06 22:19:11,186] {subprocess.py:74} INFO - Running command: ['bash', '-c', 'echo hey, I am task3 and will be running after task1 at the same time as task2!']
[2022-08-06 22:19:11,200] {subprocess.py:85} INFO - Output:
[2022-08-06 22:19:11,202] {subprocess.py:92} INFO - hey, I am task3 and will be running after task1 at the same time as task2!
[2022-08-06 22:19:11,202] {subprocess.py:96} INFO - Command exited with return code 0
[2022-08-06 22:19:11,296] {taskinstance.py:1420} INFO - Marking task as SUCCESS. dag_id=our_first_dag_v5, task_id=thrid_task, execution_date=20211112T000000, start_date=20220806T221910, end_date=20220806T221911
[2022-08-06 22:19:11,331] {local_task_job.py:156} INFO - Task exited with return code 0
[2022-08-06 22:19:11,376] {local_task_job.py:273} INFO - 0 downstream tasks scheduled from follow-on schedule check
[2022-08-06 22:22:47,931] {taskinstance.py:1179} INFO - Dependencies all met for <TaskInstance: our_first_dag_v5.thrid_task scheduled__2021-11-12T00:00:00+00:00 [queued]>
[2022-08-06 22:22:47,946] {taskinstance.py:1179} INFO - Dependencies all met for <TaskInstance: our_first_dag_v5.thrid_task scheduled__2021-11-12T00:00:00+00:00 [queued]>
[2022-08-06 22:22:47,946] {taskinstance.py:1376} INFO - 
--------------------------------------------------------------------------------
[2022-08-06 22:22:47,946] {taskinstance.py:1377} INFO - Starting attempt 1 of 6
[2022-08-06 22:22:47,946] {taskinstance.py:1378} INFO - 
--------------------------------------------------------------------------------
[2022-08-06 22:22:47,962] {taskinstance.py:1397} INFO - Executing <Task(BashOperator): thrid_task> on 2021-11-12 00:00:00+00:00
[2022-08-06 22:22:47,968] {standard_task_runner.py:52} INFO - Started process 1134 to run task
[2022-08-06 22:22:47,971] {standard_task_runner.py:79} INFO - Running: ['***', 'tasks', 'run', 'our_first_dag_v5', 'thrid_task', 'scheduled__2021-11-12T00:00:00+00:00', '--job-id', '321', '--raw', '--subdir', 'DAGS_FOLDER/pipeline.py', '--cfg-path', '/tmp/tmpdx3hf808', '--error-file', '/tmp/tmp11qyyfv1']
[2022-08-06 22:22:47,971] {standard_task_runner.py:80} INFO - Job 321: Subtask thrid_task
[2022-08-06 22:22:48,040] {task_command.py:371} INFO - Running <TaskInstance: our_first_dag_v5.thrid_task scheduled__2021-11-12T00:00:00+00:00 [running]> on host b215076695c3
[2022-08-06 22:22:48,144] {taskinstance.py:1591} INFO - Exporting the following env vars:
AIRFLOW_CTX_DAG_OWNER=coder2j
AIRFLOW_CTX_DAG_ID=our_first_dag_v5
AIRFLOW_CTX_TASK_ID=thrid_task
AIRFLOW_CTX_EXECUTION_DATE=2021-11-12T00:00:00+00:00
AIRFLOW_CTX_TRY_NUMBER=1
AIRFLOW_CTX_DAG_RUN_ID=scheduled__2021-11-12T00:00:00+00:00
[2022-08-06 22:22:48,145] {subprocess.py:62} INFO - Tmp dir root location: 
 /tmp
[2022-08-06 22:22:48,145] {subprocess.py:74} INFO - Running command: ['bash', '-c', 'echo hey, I am task3 and will be running after task1 at the same time as task2!']
[2022-08-06 22:22:48,160] {subprocess.py:85} INFO - Output:
[2022-08-06 22:22:48,163] {subprocess.py:92} INFO - hey, I am task3 and will be running after task1 at the same time as task2!
[2022-08-06 22:22:48,163] {subprocess.py:96} INFO - Command exited with return code 0
[2022-08-06 22:22:48,193] {taskinstance.py:1420} INFO - Marking task as SUCCESS. dag_id=our_first_dag_v5, task_id=thrid_task, execution_date=20211112T000000, start_date=20220806T222247, end_date=20220806T222248
[2022-08-06 22:22:48,222] {local_task_job.py:156} INFO - Task exited with return code 0
[2022-08-06 22:22:48,263] {local_task_job.py:273} INFO - 0 downstream tasks scheduled from follow-on schedule check
