[2022-08-06 19:36:27,178] {taskinstance.py:1179} INFO - Dependencies all met for <TaskInstance: our_first_dag_v5.second_task scheduled__2021-09-12T00:00:00+00:00 [queued]>
[2022-08-06 19:36:27,196] {taskinstance.py:1179} INFO - Dependencies all met for <TaskInstance: our_first_dag_v5.second_task scheduled__2021-09-12T00:00:00+00:00 [queued]>
[2022-08-06 19:36:27,196] {taskinstance.py:1376} INFO - 
--------------------------------------------------------------------------------
[2022-08-06 19:36:27,196] {taskinstance.py:1377} INFO - Starting attempt 1 of 6
[2022-08-06 19:36:27,196] {taskinstance.py:1378} INFO - 
--------------------------------------------------------------------------------
[2022-08-06 19:36:27,219] {taskinstance.py:1397} INFO - Executing <Task(BashOperator): second_task> on 2021-09-12 00:00:00+00:00
[2022-08-06 19:36:27,227] {standard_task_runner.py:52} INFO - Started process 528 to run task
[2022-08-06 19:36:27,233] {standard_task_runner.py:79} INFO - Running: ['***', 'tasks', 'run', 'our_first_dag_v5', 'second_task', 'scheduled__2021-09-12T00:00:00+00:00', '--job-id', '138', '--raw', '--subdir', 'DAGS_FOLDER/pipeline.py', '--cfg-path', '/tmp/tmpprxjis62', '--error-file', '/tmp/tmpav1ybev3']
[2022-08-06 19:36:27,234] {standard_task_runner.py:80} INFO - Job 138: Subtask second_task
[2022-08-06 19:36:27,323] {task_command.py:371} INFO - Running <TaskInstance: our_first_dag_v5.second_task scheduled__2021-09-12T00:00:00+00:00 [running]> on host b29c168c1666
[2022-08-06 19:36:27,418] {taskinstance.py:1591} INFO - Exporting the following env vars:
AIRFLOW_CTX_DAG_OWNER=coder2j
AIRFLOW_CTX_DAG_ID=our_first_dag_v5
AIRFLOW_CTX_TASK_ID=second_task
AIRFLOW_CTX_EXECUTION_DATE=2021-09-12T00:00:00+00:00
AIRFLOW_CTX_TRY_NUMBER=1
AIRFLOW_CTX_DAG_RUN_ID=scheduled__2021-09-12T00:00:00+00:00
[2022-08-06 19:36:27,419] {subprocess.py:62} INFO - Tmp dir root location: 
 /tmp
[2022-08-06 19:36:27,420] {subprocess.py:74} INFO - Running command: ['bash', '-c', 'echo hey, I am task2 and will be running after task1!']
[2022-08-06 19:36:27,440] {subprocess.py:85} INFO - Output:
[2022-08-06 19:36:27,441] {subprocess.py:92} INFO - hey, I am task2 and will be running after task1!
[2022-08-06 19:36:27,441] {subprocess.py:96} INFO - Command exited with return code 0
[2022-08-06 19:36:27,486] {taskinstance.py:1420} INFO - Marking task as SUCCESS. dag_id=our_first_dag_v5, task_id=second_task, execution_date=20210912T000000, start_date=20220806T193627, end_date=20220806T193627
[2022-08-06 19:36:27,523] {local_task_job.py:156} INFO - Task exited with return code 0
[2022-08-06 19:36:27,577] {local_task_job.py:273} INFO - 0 downstream tasks scheduled from follow-on schedule check
[2022-08-06 21:50:21,824] {taskinstance.py:1179} INFO - Dependencies all met for <TaskInstance: our_first_dag_v5.second_task scheduled__2021-09-12T00:00:00+00:00 [queued]>
[2022-08-06 21:50:21,843] {taskinstance.py:1179} INFO - Dependencies all met for <TaskInstance: our_first_dag_v5.second_task scheduled__2021-09-12T00:00:00+00:00 [queued]>
[2022-08-06 21:50:21,843] {taskinstance.py:1376} INFO - 
--------------------------------------------------------------------------------
[2022-08-06 21:50:21,843] {taskinstance.py:1377} INFO - Starting attempt 1 of 6
[2022-08-06 21:50:21,844] {taskinstance.py:1378} INFO - 
--------------------------------------------------------------------------------
[2022-08-06 21:50:21,869] {taskinstance.py:1397} INFO - Executing <Task(BashOperator): second_task> on 2021-09-12 00:00:00+00:00
[2022-08-06 21:50:21,877] {standard_task_runner.py:52} INFO - Started process 716 to run task
[2022-08-06 21:50:21,880] {standard_task_runner.py:79} INFO - Running: ['***', 'tasks', 'run', 'our_first_dag_v5', 'second_task', 'scheduled__2021-09-12T00:00:00+00:00', '--job-id', '140', '--raw', '--subdir', 'DAGS_FOLDER/pipeline.py', '--cfg-path', '/tmp/tmpftmohdir', '--error-file', '/tmp/tmp8rbzcezc']
[2022-08-06 21:50:21,881] {standard_task_runner.py:80} INFO - Job 140: Subtask second_task
[2022-08-06 21:50:21,955] {task_command.py:371} INFO - Running <TaskInstance: our_first_dag_v5.second_task scheduled__2021-09-12T00:00:00+00:00 [running]> on host c3f731879890
[2022-08-06 21:50:22,049] {taskinstance.py:1591} INFO - Exporting the following env vars:
AIRFLOW_CTX_DAG_OWNER=coder2j
AIRFLOW_CTX_DAG_ID=our_first_dag_v5
AIRFLOW_CTX_TASK_ID=second_task
AIRFLOW_CTX_EXECUTION_DATE=2021-09-12T00:00:00+00:00
AIRFLOW_CTX_TRY_NUMBER=1
AIRFLOW_CTX_DAG_RUN_ID=scheduled__2021-09-12T00:00:00+00:00
[2022-08-06 21:50:22,050] {subprocess.py:62} INFO - Tmp dir root location: 
 /tmp
[2022-08-06 21:50:22,051] {subprocess.py:74} INFO - Running command: ['bash', '-c', 'echo hey, I am task2 and will be running after task1!']
[2022-08-06 21:50:22,066] {subprocess.py:85} INFO - Output:
[2022-08-06 21:50:22,068] {subprocess.py:92} INFO - hey, I am task2 and will be running after task1!
[2022-08-06 21:50:22,068] {subprocess.py:96} INFO - Command exited with return code 0
[2022-08-06 21:50:22,110] {taskinstance.py:1420} INFO - Marking task as SUCCESS. dag_id=our_first_dag_v5, task_id=second_task, execution_date=20210912T000000, start_date=20220806T215021, end_date=20220806T215022
[2022-08-06 21:50:22,171] {local_task_job.py:156} INFO - Task exited with return code 0
[2022-08-06 21:50:22,256] {local_task_job.py:273} INFO - 0 downstream tasks scheduled from follow-on schedule check
[2022-08-06 21:55:50,990] {taskinstance.py:1179} INFO - Dependencies all met for <TaskInstance: our_first_dag_v5.second_task scheduled__2021-09-12T00:00:00+00:00 [queued]>
[2022-08-06 21:55:51,005] {taskinstance.py:1179} INFO - Dependencies all met for <TaskInstance: our_first_dag_v5.second_task scheduled__2021-09-12T00:00:00+00:00 [queued]>
[2022-08-06 21:55:51,005] {taskinstance.py:1376} INFO - 
--------------------------------------------------------------------------------
[2022-08-06 21:55:51,005] {taskinstance.py:1377} INFO - Starting attempt 1 of 6
[2022-08-06 21:55:51,005] {taskinstance.py:1378} INFO - 
--------------------------------------------------------------------------------
[2022-08-06 21:55:51,021] {taskinstance.py:1397} INFO - Executing <Task(BashOperator): second_task> on 2021-09-12 00:00:00+00:00
[2022-08-06 21:55:51,029] {standard_task_runner.py:52} INFO - Started process 506 to run task
[2022-08-06 21:55:51,033] {standard_task_runner.py:79} INFO - Running: ['***', 'tasks', 'run', 'our_first_dag_v5', 'second_task', 'scheduled__2021-09-12T00:00:00+00:00', '--job-id', '138', '--raw', '--subdir', 'DAGS_FOLDER/pipeline.py', '--cfg-path', '/tmp/tmp_mrp3ppb', '--error-file', '/tmp/tmp3y6_pgln']
[2022-08-06 21:55:51,033] {standard_task_runner.py:80} INFO - Job 138: Subtask second_task
[2022-08-06 21:55:51,122] {task_command.py:371} INFO - Running <TaskInstance: our_first_dag_v5.second_task scheduled__2021-09-12T00:00:00+00:00 [running]> on host bc7e154a4fdd
[2022-08-06 21:55:51,222] {taskinstance.py:1591} INFO - Exporting the following env vars:
AIRFLOW_CTX_DAG_OWNER=coder2j
AIRFLOW_CTX_DAG_ID=our_first_dag_v5
AIRFLOW_CTX_TASK_ID=second_task
AIRFLOW_CTX_EXECUTION_DATE=2021-09-12T00:00:00+00:00
AIRFLOW_CTX_TRY_NUMBER=1
AIRFLOW_CTX_DAG_RUN_ID=scheduled__2021-09-12T00:00:00+00:00
[2022-08-06 21:55:51,223] {subprocess.py:62} INFO - Tmp dir root location: 
 /tmp
[2022-08-06 21:55:51,224] {subprocess.py:74} INFO - Running command: ['bash', '-c', 'echo hey, I am task2 and will be running after task1!']
[2022-08-06 21:55:51,238] {subprocess.py:85} INFO - Output:
[2022-08-06 21:55:51,239] {subprocess.py:92} INFO - hey, I am task2 and will be running after task1!
[2022-08-06 21:55:51,240] {subprocess.py:96} INFO - Command exited with return code 0
[2022-08-06 21:55:51,279] {taskinstance.py:1420} INFO - Marking task as SUCCESS. dag_id=our_first_dag_v5, task_id=second_task, execution_date=20210912T000000, start_date=20220806T215550, end_date=20220806T215551
[2022-08-06 21:55:51,327] {local_task_job.py:156} INFO - Task exited with return code 0
[2022-08-06 21:55:51,379] {local_task_job.py:273} INFO - 0 downstream tasks scheduled from follow-on schedule check
[2022-08-06 22:10:50,480] {taskinstance.py:1179} INFO - Dependencies all met for <TaskInstance: our_first_dag_v5.second_task scheduled__2021-09-12T00:00:00+00:00 [queued]>
[2022-08-06 22:10:50,493] {taskinstance.py:1179} INFO - Dependencies all met for <TaskInstance: our_first_dag_v5.second_task scheduled__2021-09-12T00:00:00+00:00 [queued]>
[2022-08-06 22:10:50,493] {taskinstance.py:1376} INFO - 
--------------------------------------------------------------------------------
[2022-08-06 22:10:50,493] {taskinstance.py:1377} INFO - Starting attempt 1 of 6
[2022-08-06 22:10:50,493] {taskinstance.py:1378} INFO - 
--------------------------------------------------------------------------------
[2022-08-06 22:10:50,510] {taskinstance.py:1397} INFO - Executing <Task(BashOperator): second_task> on 2021-09-12 00:00:00+00:00
[2022-08-06 22:10:50,517] {standard_task_runner.py:52} INFO - Started process 511 to run task
[2022-08-06 22:10:50,520] {standard_task_runner.py:79} INFO - Running: ['***', 'tasks', 'run', 'our_first_dag_v5', 'second_task', 'scheduled__2021-09-12T00:00:00+00:00', '--job-id', '138', '--raw', '--subdir', 'DAGS_FOLDER/pipeline.py', '--cfg-path', '/tmp/tmpvphhfm08', '--error-file', '/tmp/tmptnx51do7']
[2022-08-06 22:10:50,520] {standard_task_runner.py:80} INFO - Job 138: Subtask second_task
[2022-08-06 22:10:50,591] {task_command.py:371} INFO - Running <TaskInstance: our_first_dag_v5.second_task scheduled__2021-09-12T00:00:00+00:00 [running]> on host 1250c3b659cd
[2022-08-06 22:10:50,677] {taskinstance.py:1591} INFO - Exporting the following env vars:
AIRFLOW_CTX_DAG_OWNER=coder2j
AIRFLOW_CTX_DAG_ID=our_first_dag_v5
AIRFLOW_CTX_TASK_ID=second_task
AIRFLOW_CTX_EXECUTION_DATE=2021-09-12T00:00:00+00:00
AIRFLOW_CTX_TRY_NUMBER=1
AIRFLOW_CTX_DAG_RUN_ID=scheduled__2021-09-12T00:00:00+00:00
[2022-08-06 22:10:50,678] {subprocess.py:62} INFO - Tmp dir root location: 
 /tmp
[2022-08-06 22:10:50,679] {subprocess.py:74} INFO - Running command: ['bash', '-c', 'echo hey, I am task2 and will be running after task1!']
[2022-08-06 22:10:50,692] {subprocess.py:85} INFO - Output:
[2022-08-06 22:10:50,693] {subprocess.py:92} INFO - hey, I am task2 and will be running after task1!
[2022-08-06 22:10:50,694] {subprocess.py:96} INFO - Command exited with return code 0
[2022-08-06 22:10:50,726] {taskinstance.py:1420} INFO - Marking task as SUCCESS. dag_id=our_first_dag_v5, task_id=second_task, execution_date=20210912T000000, start_date=20220806T221050, end_date=20220806T221050
[2022-08-06 22:10:50,771] {local_task_job.py:156} INFO - Task exited with return code 0
[2022-08-06 22:10:50,800] {local_task_job.py:273} INFO - 0 downstream tasks scheduled from follow-on schedule check
[2022-08-06 22:18:37,530] {taskinstance.py:1179} INFO - Dependencies all met for <TaskInstance: our_first_dag_v5.second_task scheduled__2021-09-12T00:00:00+00:00 [queued]>
[2022-08-06 22:18:37,544] {taskinstance.py:1179} INFO - Dependencies all met for <TaskInstance: our_first_dag_v5.second_task scheduled__2021-09-12T00:00:00+00:00 [queued]>
[2022-08-06 22:18:37,544] {taskinstance.py:1376} INFO - 
--------------------------------------------------------------------------------
[2022-08-06 22:18:37,544] {taskinstance.py:1377} INFO - Starting attempt 1 of 6
[2022-08-06 22:18:37,544] {taskinstance.py:1378} INFO - 
--------------------------------------------------------------------------------
[2022-08-06 22:18:37,564] {taskinstance.py:1397} INFO - Executing <Task(BashOperator): second_task> on 2021-09-12 00:00:00+00:00
[2022-08-06 22:18:37,571] {standard_task_runner.py:52} INFO - Started process 528 to run task
[2022-08-06 22:18:37,574] {standard_task_runner.py:79} INFO - Running: ['***', 'tasks', 'run', 'our_first_dag_v5', 'second_task', 'scheduled__2021-09-12T00:00:00+00:00', '--job-id', '139', '--raw', '--subdir', 'DAGS_FOLDER/pipeline.py', '--cfg-path', '/tmp/tmp_hzfaay9', '--error-file', '/tmp/tmpp3kmv7ue']
[2022-08-06 22:18:37,574] {standard_task_runner.py:80} INFO - Job 139: Subtask second_task
[2022-08-06 22:18:37,643] {task_command.py:371} INFO - Running <TaskInstance: our_first_dag_v5.second_task scheduled__2021-09-12T00:00:00+00:00 [running]> on host ed53bde1c44a
[2022-08-06 22:18:37,737] {taskinstance.py:1591} INFO - Exporting the following env vars:
AIRFLOW_CTX_DAG_OWNER=coder2j
AIRFLOW_CTX_DAG_ID=our_first_dag_v5
AIRFLOW_CTX_TASK_ID=second_task
AIRFLOW_CTX_EXECUTION_DATE=2021-09-12T00:00:00+00:00
AIRFLOW_CTX_TRY_NUMBER=1
AIRFLOW_CTX_DAG_RUN_ID=scheduled__2021-09-12T00:00:00+00:00
[2022-08-06 22:18:37,739] {subprocess.py:62} INFO - Tmp dir root location: 
 /tmp
[2022-08-06 22:18:37,739] {subprocess.py:74} INFO - Running command: ['bash', '-c', 'echo hey, I am task2 and will be running after task1!']
[2022-08-06 22:18:37,757] {subprocess.py:85} INFO - Output:
[2022-08-06 22:18:37,759] {subprocess.py:92} INFO - hey, I am task2 and will be running after task1!
[2022-08-06 22:18:37,759] {subprocess.py:96} INFO - Command exited with return code 0
[2022-08-06 22:18:37,791] {taskinstance.py:1420} INFO - Marking task as SUCCESS. dag_id=our_first_dag_v5, task_id=second_task, execution_date=20210912T000000, start_date=20220806T221837, end_date=20220806T221837
[2022-08-06 22:18:37,825] {local_task_job.py:156} INFO - Task exited with return code 0
[2022-08-06 22:18:37,858] {local_task_job.py:273} INFO - 0 downstream tasks scheduled from follow-on schedule check
[2022-08-06 22:22:12,432] {taskinstance.py:1179} INFO - Dependencies all met for <TaskInstance: our_first_dag_v5.second_task scheduled__2021-09-12T00:00:00+00:00 [queued]>
[2022-08-06 22:22:12,453] {taskinstance.py:1179} INFO - Dependencies all met for <TaskInstance: our_first_dag_v5.second_task scheduled__2021-09-12T00:00:00+00:00 [queued]>
[2022-08-06 22:22:12,453] {taskinstance.py:1376} INFO - 
--------------------------------------------------------------------------------
[2022-08-06 22:22:12,453] {taskinstance.py:1377} INFO - Starting attempt 1 of 6
[2022-08-06 22:22:12,453] {taskinstance.py:1378} INFO - 
--------------------------------------------------------------------------------
[2022-08-06 22:22:12,472] {taskinstance.py:1397} INFO - Executing <Task(BashOperator): second_task> on 2021-09-12 00:00:00+00:00
[2022-08-06 22:22:12,481] {standard_task_runner.py:52} INFO - Started process 565 to run task
[2022-08-06 22:22:12,484] {standard_task_runner.py:79} INFO - Running: ['***', 'tasks', 'run', 'our_first_dag_v5', 'second_task', 'scheduled__2021-09-12T00:00:00+00:00', '--job-id', '140', '--raw', '--subdir', 'DAGS_FOLDER/pipeline.py', '--cfg-path', '/tmp/tmpr82l6kpx', '--error-file', '/tmp/tmpbtvrsrvz']
[2022-08-06 22:22:12,484] {standard_task_runner.py:80} INFO - Job 140: Subtask second_task
[2022-08-06 22:22:12,569] {task_command.py:371} INFO - Running <TaskInstance: our_first_dag_v5.second_task scheduled__2021-09-12T00:00:00+00:00 [running]> on host b215076695c3
[2022-08-06 22:22:12,662] {taskinstance.py:1591} INFO - Exporting the following env vars:
AIRFLOW_CTX_DAG_OWNER=coder2j
AIRFLOW_CTX_DAG_ID=our_first_dag_v5
AIRFLOW_CTX_TASK_ID=second_task
AIRFLOW_CTX_EXECUTION_DATE=2021-09-12T00:00:00+00:00
AIRFLOW_CTX_TRY_NUMBER=1
AIRFLOW_CTX_DAG_RUN_ID=scheduled__2021-09-12T00:00:00+00:00
[2022-08-06 22:22:12,664] {subprocess.py:62} INFO - Tmp dir root location: 
 /tmp
[2022-08-06 22:22:12,664] {subprocess.py:74} INFO - Running command: ['bash', '-c', 'echo hey, I am task2 and will be running after task1!']
[2022-08-06 22:22:12,682] {subprocess.py:85} INFO - Output:
[2022-08-06 22:22:12,684] {subprocess.py:92} INFO - hey, I am task2 and will be running after task1!
[2022-08-06 22:22:12,685] {subprocess.py:96} INFO - Command exited with return code 0
[2022-08-06 22:22:12,721] {taskinstance.py:1420} INFO - Marking task as SUCCESS. dag_id=our_first_dag_v5, task_id=second_task, execution_date=20210912T000000, start_date=20220806T222212, end_date=20220806T222212
[2022-08-06 22:22:12,775] {local_task_job.py:156} INFO - Task exited with return code 0
[2022-08-06 22:22:12,864] {local_task_job.py:273} INFO - 0 downstream tasks scheduled from follow-on schedule check
