[2022-08-06 19:37:45,254] {taskinstance.py:1179} INFO - Dependencies all met for <TaskInstance: our_first_dag_v5.second_task scheduled__2022-01-11T00:00:00+00:00 [queued]>
[2022-08-06 19:37:45,272] {taskinstance.py:1179} INFO - Dependencies all met for <TaskInstance: our_first_dag_v5.second_task scheduled__2022-01-11T00:00:00+00:00 [queued]>
[2022-08-06 19:37:45,273] {taskinstance.py:1376} INFO - 
--------------------------------------------------------------------------------
[2022-08-06 19:37:45,273] {taskinstance.py:1377} INFO - Starting attempt 1 of 6
[2022-08-06 19:37:45,273] {taskinstance.py:1378} INFO - 
--------------------------------------------------------------------------------
[2022-08-06 19:37:45,296] {taskinstance.py:1397} INFO - Executing <Task(BashOperator): second_task> on 2022-01-11 00:00:00+00:00
[2022-08-06 19:37:45,304] {standard_task_runner.py:52} INFO - Started process 1677 to run task
[2022-08-06 19:37:45,308] {standard_task_runner.py:79} INFO - Running: ['***', 'tasks', 'run', 'our_first_dag_v5', 'second_task', 'scheduled__2022-01-11T00:00:00+00:00', '--job-id', '504', '--raw', '--subdir', 'DAGS_FOLDER/pipeline.py', '--cfg-path', '/tmp/tmpi_pi72bc', '--error-file', '/tmp/tmpu0ds9o8k']
[2022-08-06 19:37:45,308] {standard_task_runner.py:80} INFO - Job 504: Subtask second_task
[2022-08-06 19:37:45,400] {task_command.py:371} INFO - Running <TaskInstance: our_first_dag_v5.second_task scheduled__2022-01-11T00:00:00+00:00 [running]> on host b29c168c1666
[2022-08-06 19:37:45,531] {taskinstance.py:1591} INFO - Exporting the following env vars:
AIRFLOW_CTX_DAG_OWNER=coder2j
AIRFLOW_CTX_DAG_ID=our_first_dag_v5
AIRFLOW_CTX_TASK_ID=second_task
AIRFLOW_CTX_EXECUTION_DATE=2022-01-11T00:00:00+00:00
AIRFLOW_CTX_TRY_NUMBER=1
AIRFLOW_CTX_DAG_RUN_ID=scheduled__2022-01-11T00:00:00+00:00
[2022-08-06 19:37:45,532] {subprocess.py:62} INFO - Tmp dir root location: 
 /tmp
[2022-08-06 19:37:45,532] {subprocess.py:74} INFO - Running command: ['bash', '-c', 'echo hey, I am task2 and will be running after task1!']
[2022-08-06 19:37:45,550] {subprocess.py:85} INFO - Output:
[2022-08-06 19:37:45,553] {subprocess.py:92} INFO - hey, I am task2 and will be running after task1!
[2022-08-06 19:37:45,553] {subprocess.py:96} INFO - Command exited with return code 0
[2022-08-06 19:37:45,601] {taskinstance.py:1420} INFO - Marking task as SUCCESS. dag_id=our_first_dag_v5, task_id=second_task, execution_date=20220111T000000, start_date=20220806T193745, end_date=20220806T193745
[2022-08-06 19:37:45,639] {local_task_job.py:156} INFO - Task exited with return code 0
[2022-08-06 19:37:45,734] {local_task_job.py:273} INFO - 0 downstream tasks scheduled from follow-on schedule check
[2022-08-06 21:51:36,439] {taskinstance.py:1179} INFO - Dependencies all met for <TaskInstance: our_first_dag_v5.second_task scheduled__2022-01-11T00:00:00+00:00 [queued]>
[2022-08-06 21:51:36,458] {taskinstance.py:1179} INFO - Dependencies all met for <TaskInstance: our_first_dag_v5.second_task scheduled__2022-01-11T00:00:00+00:00 [queued]>
[2022-08-06 21:51:36,458] {taskinstance.py:1376} INFO - 
--------------------------------------------------------------------------------
[2022-08-06 21:51:36,458] {taskinstance.py:1377} INFO - Starting attempt 1 of 6
[2022-08-06 21:51:36,458] {taskinstance.py:1378} INFO - 
--------------------------------------------------------------------------------
[2022-08-06 21:51:36,477] {taskinstance.py:1397} INFO - Executing <Task(BashOperator): second_task> on 2022-01-11 00:00:00+00:00
[2022-08-06 21:51:36,485] {standard_task_runner.py:52} INFO - Started process 1849 to run task
[2022-08-06 21:51:36,489] {standard_task_runner.py:79} INFO - Running: ['***', 'tasks', 'run', 'our_first_dag_v5', 'second_task', 'scheduled__2022-01-11T00:00:00+00:00', '--job-id', '502', '--raw', '--subdir', 'DAGS_FOLDER/pipeline.py', '--cfg-path', '/tmp/tmp3kck699u', '--error-file', '/tmp/tmpp_amcace']
[2022-08-06 21:51:36,489] {standard_task_runner.py:80} INFO - Job 502: Subtask second_task
[2022-08-06 21:51:36,581] {task_command.py:371} INFO - Running <TaskInstance: our_first_dag_v5.second_task scheduled__2022-01-11T00:00:00+00:00 [running]> on host c3f731879890
[2022-08-06 21:51:36,670] {taskinstance.py:1591} INFO - Exporting the following env vars:
AIRFLOW_CTX_DAG_OWNER=coder2j
AIRFLOW_CTX_DAG_ID=our_first_dag_v5
AIRFLOW_CTX_TASK_ID=second_task
AIRFLOW_CTX_EXECUTION_DATE=2022-01-11T00:00:00+00:00
AIRFLOW_CTX_TRY_NUMBER=1
AIRFLOW_CTX_DAG_RUN_ID=scheduled__2022-01-11T00:00:00+00:00
[2022-08-06 21:51:36,671] {subprocess.py:62} INFO - Tmp dir root location: 
 /tmp
[2022-08-06 21:51:36,671] {subprocess.py:74} INFO - Running command: ['bash', '-c', 'echo hey, I am task2 and will be running after task1!']
[2022-08-06 21:51:36,687] {subprocess.py:85} INFO - Output:
[2022-08-06 21:51:36,689] {subprocess.py:92} INFO - hey, I am task2 and will be running after task1!
[2022-08-06 21:51:36,689] {subprocess.py:96} INFO - Command exited with return code 0
[2022-08-06 21:51:36,724] {taskinstance.py:1420} INFO - Marking task as SUCCESS. dag_id=our_first_dag_v5, task_id=second_task, execution_date=20220111T000000, start_date=20220806T215136, end_date=20220806T215136
[2022-08-06 21:51:36,781] {local_task_job.py:156} INFO - Task exited with return code 0
[2022-08-06 21:51:36,819] {local_task_job.py:273} INFO - 0 downstream tasks scheduled from follow-on schedule check
[2022-08-06 21:57:00,509] {taskinstance.py:1179} INFO - Dependencies all met for <TaskInstance: our_first_dag_v5.second_task scheduled__2022-01-11T00:00:00+00:00 [queued]>
[2022-08-06 21:57:00,522] {taskinstance.py:1179} INFO - Dependencies all met for <TaskInstance: our_first_dag_v5.second_task scheduled__2022-01-11T00:00:00+00:00 [queued]>
[2022-08-06 21:57:00,522] {taskinstance.py:1376} INFO - 
--------------------------------------------------------------------------------
[2022-08-06 21:57:00,522] {taskinstance.py:1377} INFO - Starting attempt 1 of 6
[2022-08-06 21:57:00,522] {taskinstance.py:1378} INFO - 
--------------------------------------------------------------------------------
[2022-08-06 21:57:00,536] {taskinstance.py:1397} INFO - Executing <Task(BashOperator): second_task> on 2022-01-11 00:00:00+00:00
[2022-08-06 21:57:00,542] {standard_task_runner.py:52} INFO - Started process 1646 to run task
[2022-08-06 21:57:00,544] {standard_task_runner.py:79} INFO - Running: ['***', 'tasks', 'run', 'our_first_dag_v5', 'second_task', 'scheduled__2022-01-11T00:00:00+00:00', '--job-id', '499', '--raw', '--subdir', 'DAGS_FOLDER/pipeline.py', '--cfg-path', '/tmp/tmpu_wjpfuc', '--error-file', '/tmp/tmpwh6n0nal']
[2022-08-06 21:57:00,544] {standard_task_runner.py:80} INFO - Job 499: Subtask second_task
[2022-08-06 21:57:00,616] {task_command.py:371} INFO - Running <TaskInstance: our_first_dag_v5.second_task scheduled__2022-01-11T00:00:00+00:00 [running]> on host bc7e154a4fdd
[2022-08-06 21:57:00,727] {taskinstance.py:1591} INFO - Exporting the following env vars:
AIRFLOW_CTX_DAG_OWNER=coder2j
AIRFLOW_CTX_DAG_ID=our_first_dag_v5
AIRFLOW_CTX_TASK_ID=second_task
AIRFLOW_CTX_EXECUTION_DATE=2022-01-11T00:00:00+00:00
AIRFLOW_CTX_TRY_NUMBER=1
AIRFLOW_CTX_DAG_RUN_ID=scheduled__2022-01-11T00:00:00+00:00
[2022-08-06 21:57:00,728] {subprocess.py:62} INFO - Tmp dir root location: 
 /tmp
[2022-08-06 21:57:00,728] {subprocess.py:74} INFO - Running command: ['bash', '-c', 'echo hey, I am task2 and will be running after task1!']
[2022-08-06 21:57:00,745] {subprocess.py:85} INFO - Output:
[2022-08-06 21:57:00,747] {subprocess.py:92} INFO - hey, I am task2 and will be running after task1!
[2022-08-06 21:57:00,747] {subprocess.py:96} INFO - Command exited with return code 0
[2022-08-06 21:57:00,786] {taskinstance.py:1420} INFO - Marking task as SUCCESS. dag_id=our_first_dag_v5, task_id=second_task, execution_date=20220111T000000, start_date=20220806T215700, end_date=20220806T215700
[2022-08-06 21:57:00,836] {local_task_job.py:156} INFO - Task exited with return code 0
[2022-08-06 21:57:00,886] {local_task_job.py:273} INFO - 0 downstream tasks scheduled from follow-on schedule check
[2022-08-06 22:12:04,296] {taskinstance.py:1179} INFO - Dependencies all met for <TaskInstance: our_first_dag_v5.second_task scheduled__2022-01-11T00:00:00+00:00 [queued]>
[2022-08-06 22:12:04,313] {taskinstance.py:1179} INFO - Dependencies all met for <TaskInstance: our_first_dag_v5.second_task scheduled__2022-01-11T00:00:00+00:00 [queued]>
[2022-08-06 22:12:04,314] {taskinstance.py:1376} INFO - 
--------------------------------------------------------------------------------
[2022-08-06 22:12:04,314] {taskinstance.py:1377} INFO - Starting attempt 1 of 6
[2022-08-06 22:12:04,314] {taskinstance.py:1378} INFO - 
--------------------------------------------------------------------------------
[2022-08-06 22:12:04,337] {taskinstance.py:1397} INFO - Executing <Task(BashOperator): second_task> on 2022-01-11 00:00:00+00:00
[2022-08-06 22:12:04,346] {standard_task_runner.py:52} INFO - Started process 1670 to run task
[2022-08-06 22:12:04,350] {standard_task_runner.py:79} INFO - Running: ['***', 'tasks', 'run', 'our_first_dag_v5', 'second_task', 'scheduled__2022-01-11T00:00:00+00:00', '--job-id', '502', '--raw', '--subdir', 'DAGS_FOLDER/pipeline.py', '--cfg-path', '/tmp/tmpnfx9m3c0', '--error-file', '/tmp/tmplxfkf13_']
[2022-08-06 22:12:04,350] {standard_task_runner.py:80} INFO - Job 502: Subtask second_task
[2022-08-06 22:12:04,427] {task_command.py:371} INFO - Running <TaskInstance: our_first_dag_v5.second_task scheduled__2022-01-11T00:00:00+00:00 [running]> on host 1250c3b659cd
[2022-08-06 22:12:04,535] {taskinstance.py:1591} INFO - Exporting the following env vars:
AIRFLOW_CTX_DAG_OWNER=coder2j
AIRFLOW_CTX_DAG_ID=our_first_dag_v5
AIRFLOW_CTX_TASK_ID=second_task
AIRFLOW_CTX_EXECUTION_DATE=2022-01-11T00:00:00+00:00
AIRFLOW_CTX_TRY_NUMBER=1
AIRFLOW_CTX_DAG_RUN_ID=scheduled__2022-01-11T00:00:00+00:00
[2022-08-06 22:12:04,536] {subprocess.py:62} INFO - Tmp dir root location: 
 /tmp
[2022-08-06 22:12:04,537] {subprocess.py:74} INFO - Running command: ['bash', '-c', 'echo hey, I am task2 and will be running after task1!']
[2022-08-06 22:12:04,551] {subprocess.py:85} INFO - Output:
[2022-08-06 22:12:04,553] {subprocess.py:92} INFO - hey, I am task2 and will be running after task1!
[2022-08-06 22:12:04,553] {subprocess.py:96} INFO - Command exited with return code 0
[2022-08-06 22:12:04,600] {taskinstance.py:1420} INFO - Marking task as SUCCESS. dag_id=our_first_dag_v5, task_id=second_task, execution_date=20220111T000000, start_date=20220806T221204, end_date=20220806T221204
[2022-08-06 22:12:04,644] {local_task_job.py:156} INFO - Task exited with return code 0
[2022-08-06 22:12:04,699] {local_task_job.py:273} INFO - 0 downstream tasks scheduled from follow-on schedule check
[2022-08-06 22:23:24,513] {taskinstance.py:1179} INFO - Dependencies all met for <TaskInstance: our_first_dag_v5.second_task scheduled__2022-01-11T00:00:00+00:00 [queued]>
[2022-08-06 22:23:24,530] {taskinstance.py:1179} INFO - Dependencies all met for <TaskInstance: our_first_dag_v5.second_task scheduled__2022-01-11T00:00:00+00:00 [queued]>
[2022-08-06 22:23:24,530] {taskinstance.py:1376} INFO - 
--------------------------------------------------------------------------------
[2022-08-06 22:23:24,531] {taskinstance.py:1377} INFO - Starting attempt 1 of 6
[2022-08-06 22:23:24,531] {taskinstance.py:1378} INFO - 
--------------------------------------------------------------------------------
[2022-08-06 22:23:24,551] {taskinstance.py:1397} INFO - Executing <Task(BashOperator): second_task> on 2022-01-11 00:00:00+00:00
[2022-08-06 22:23:24,559] {standard_task_runner.py:52} INFO - Started process 1720 to run task
[2022-08-06 22:23:24,562] {standard_task_runner.py:79} INFO - Running: ['***', 'tasks', 'run', 'our_first_dag_v5', 'second_task', 'scheduled__2022-01-11T00:00:00+00:00', '--job-id', '508', '--raw', '--subdir', 'DAGS_FOLDER/pipeline.py', '--cfg-path', '/tmp/tmpemv22e97', '--error-file', '/tmp/tmpmhkqmh1c']
[2022-08-06 22:23:24,563] {standard_task_runner.py:80} INFO - Job 508: Subtask second_task
[2022-08-06 22:23:24,672] {task_command.py:371} INFO - Running <TaskInstance: our_first_dag_v5.second_task scheduled__2022-01-11T00:00:00+00:00 [running]> on host b215076695c3
[2022-08-06 22:23:24,788] {taskinstance.py:1591} INFO - Exporting the following env vars:
AIRFLOW_CTX_DAG_OWNER=coder2j
AIRFLOW_CTX_DAG_ID=our_first_dag_v5
AIRFLOW_CTX_TASK_ID=second_task
AIRFLOW_CTX_EXECUTION_DATE=2022-01-11T00:00:00+00:00
AIRFLOW_CTX_TRY_NUMBER=1
AIRFLOW_CTX_DAG_RUN_ID=scheduled__2022-01-11T00:00:00+00:00
[2022-08-06 22:23:24,789] {subprocess.py:62} INFO - Tmp dir root location: 
 /tmp
[2022-08-06 22:23:24,790] {subprocess.py:74} INFO - Running command: ['bash', '-c', 'echo hey, I am task2 and will be running after task1!']
[2022-08-06 22:23:24,808] {subprocess.py:85} INFO - Output:
[2022-08-06 22:23:24,810] {subprocess.py:92} INFO - hey, I am task2 and will be running after task1!
[2022-08-06 22:23:24,811] {subprocess.py:96} INFO - Command exited with return code 0
[2022-08-06 22:23:24,844] {taskinstance.py:1420} INFO - Marking task as SUCCESS. dag_id=our_first_dag_v5, task_id=second_task, execution_date=20220111T000000, start_date=20220806T222324, end_date=20220806T222324
[2022-08-06 22:23:24,896] {local_task_job.py:156} INFO - Task exited with return code 0
[2022-08-06 22:23:24,950] {local_task_job.py:273} INFO - 0 downstream tasks scheduled from follow-on schedule check
