[2022-08-06 19:36:20,745] {taskinstance.py:1179} INFO - Dependencies all met for <TaskInstance: our_first_dag_v5.second_task scheduled__2021-09-02T00:00:00+00:00 [queued]>
[2022-08-06 19:36:20,761] {taskinstance.py:1179} INFO - Dependencies all met for <TaskInstance: our_first_dag_v5.second_task scheduled__2021-09-02T00:00:00+00:00 [queued]>
[2022-08-06 19:36:20,761] {taskinstance.py:1376} INFO - 
--------------------------------------------------------------------------------
[2022-08-06 19:36:20,761] {taskinstance.py:1377} INFO - Starting attempt 1 of 6
[2022-08-06 19:36:20,761] {taskinstance.py:1378} INFO - 
--------------------------------------------------------------------------------
[2022-08-06 19:36:20,780] {taskinstance.py:1397} INFO - Executing <Task(BashOperator): second_task> on 2021-09-02 00:00:00+00:00
[2022-08-06 19:36:20,787] {standard_task_runner.py:52} INFO - Started process 423 to run task
[2022-08-06 19:36:20,790] {standard_task_runner.py:79} INFO - Running: ['***', 'tasks', 'run', 'our_first_dag_v5', 'second_task', 'scheduled__2021-09-02T00:00:00+00:00', '--job-id', '106', '--raw', '--subdir', 'DAGS_FOLDER/pipeline.py', '--cfg-path', '/tmp/tmpr4r7bfju', '--error-file', '/tmp/tmpwhz9bcyk']
[2022-08-06 19:36:20,791] {standard_task_runner.py:80} INFO - Job 106: Subtask second_task
[2022-08-06 19:36:20,886] {task_command.py:371} INFO - Running <TaskInstance: our_first_dag_v5.second_task scheduled__2021-09-02T00:00:00+00:00 [running]> on host b29c168c1666
[2022-08-06 19:36:21,021] {taskinstance.py:1591} INFO - Exporting the following env vars:
AIRFLOW_CTX_DAG_OWNER=coder2j
AIRFLOW_CTX_DAG_ID=our_first_dag_v5
AIRFLOW_CTX_TASK_ID=second_task
AIRFLOW_CTX_EXECUTION_DATE=2021-09-02T00:00:00+00:00
AIRFLOW_CTX_TRY_NUMBER=1
AIRFLOW_CTX_DAG_RUN_ID=scheduled__2021-09-02T00:00:00+00:00
[2022-08-06 19:36:21,022] {subprocess.py:62} INFO - Tmp dir root location: 
 /tmp
[2022-08-06 19:36:21,022] {subprocess.py:74} INFO - Running command: ['bash', '-c', 'echo hey, I am task2 and will be running after task1!']
[2022-08-06 19:36:21,039] {subprocess.py:85} INFO - Output:
[2022-08-06 19:36:21,041] {subprocess.py:92} INFO - hey, I am task2 and will be running after task1!
[2022-08-06 19:36:21,042] {subprocess.py:96} INFO - Command exited with return code 0
[2022-08-06 19:36:21,081] {taskinstance.py:1420} INFO - Marking task as SUCCESS. dag_id=our_first_dag_v5, task_id=second_task, execution_date=20210902T000000, start_date=20220806T193620, end_date=20220806T193621
[2022-08-06 19:36:21,123] {local_task_job.py:156} INFO - Task exited with return code 0
[2022-08-06 19:36:21,213] {local_task_job.py:273} INFO - 0 downstream tasks scheduled from follow-on schedule check
[2022-08-06 21:50:16,112] {taskinstance.py:1179} INFO - Dependencies all met for <TaskInstance: our_first_dag_v5.second_task scheduled__2021-09-02T00:00:00+00:00 [queued]>
[2022-08-06 21:50:16,126] {taskinstance.py:1179} INFO - Dependencies all met for <TaskInstance: our_first_dag_v5.second_task scheduled__2021-09-02T00:00:00+00:00 [queued]>
[2022-08-06 21:50:16,127] {taskinstance.py:1376} INFO - 
--------------------------------------------------------------------------------
[2022-08-06 21:50:16,127] {taskinstance.py:1377} INFO - Starting attempt 1 of 6
[2022-08-06 21:50:16,127] {taskinstance.py:1378} INFO - 
--------------------------------------------------------------------------------
[2022-08-06 21:50:16,143] {taskinstance.py:1397} INFO - Executing <Task(BashOperator): second_task> on 2021-09-02 00:00:00+00:00
[2022-08-06 21:50:16,150] {standard_task_runner.py:52} INFO - Started process 626 to run task
[2022-08-06 21:50:16,153] {standard_task_runner.py:79} INFO - Running: ['***', 'tasks', 'run', 'our_first_dag_v5', 'second_task', 'scheduled__2021-09-02T00:00:00+00:00', '--job-id', '110', '--raw', '--subdir', 'DAGS_FOLDER/pipeline.py', '--cfg-path', '/tmp/tmpceo1rvwi', '--error-file', '/tmp/tmpziwip1_q']
[2022-08-06 21:50:16,153] {standard_task_runner.py:80} INFO - Job 110: Subtask second_task
[2022-08-06 21:50:16,229] {task_command.py:371} INFO - Running <TaskInstance: our_first_dag_v5.second_task scheduled__2021-09-02T00:00:00+00:00 [running]> on host c3f731879890
[2022-08-06 21:50:16,343] {taskinstance.py:1591} INFO - Exporting the following env vars:
AIRFLOW_CTX_DAG_OWNER=coder2j
AIRFLOW_CTX_DAG_ID=our_first_dag_v5
AIRFLOW_CTX_TASK_ID=second_task
AIRFLOW_CTX_EXECUTION_DATE=2021-09-02T00:00:00+00:00
AIRFLOW_CTX_TRY_NUMBER=1
AIRFLOW_CTX_DAG_RUN_ID=scheduled__2021-09-02T00:00:00+00:00
[2022-08-06 21:50:16,344] {subprocess.py:62} INFO - Tmp dir root location: 
 /tmp
[2022-08-06 21:50:16,344] {subprocess.py:74} INFO - Running command: ['bash', '-c', 'echo hey, I am task2 and will be running after task1!']
[2022-08-06 21:50:16,361] {subprocess.py:85} INFO - Output:
[2022-08-06 21:50:16,362] {subprocess.py:92} INFO - hey, I am task2 and will be running after task1!
[2022-08-06 21:50:16,363] {subprocess.py:96} INFO - Command exited with return code 0
[2022-08-06 21:50:16,405] {taskinstance.py:1420} INFO - Marking task as SUCCESS. dag_id=our_first_dag_v5, task_id=second_task, execution_date=20210902T000000, start_date=20220806T215016, end_date=20220806T215016
[2022-08-06 21:50:16,445] {local_task_job.py:156} INFO - Task exited with return code 0
[2022-08-06 21:50:16,511] {local_task_job.py:273} INFO - 0 downstream tasks scheduled from follow-on schedule check
[2022-08-06 21:55:46,331] {taskinstance.py:1179} INFO - Dependencies all met for <TaskInstance: our_first_dag_v5.second_task scheduled__2021-09-02T00:00:00+00:00 [queued]>
[2022-08-06 21:55:46,347] {taskinstance.py:1179} INFO - Dependencies all met for <TaskInstance: our_first_dag_v5.second_task scheduled__2021-09-02T00:00:00+00:00 [queued]>
[2022-08-06 21:55:46,347] {taskinstance.py:1376} INFO - 
--------------------------------------------------------------------------------
[2022-08-06 21:55:46,347] {taskinstance.py:1377} INFO - Starting attempt 1 of 6
[2022-08-06 21:55:46,347] {taskinstance.py:1378} INFO - 
--------------------------------------------------------------------------------
[2022-08-06 21:55:46,368] {taskinstance.py:1397} INFO - Executing <Task(BashOperator): second_task> on 2021-09-02 00:00:00+00:00
[2022-08-06 21:55:46,376] {standard_task_runner.py:52} INFO - Started process 428 to run task
[2022-08-06 21:55:46,380] {standard_task_runner.py:79} INFO - Running: ['***', 'tasks', 'run', 'our_first_dag_v5', 'second_task', 'scheduled__2021-09-02T00:00:00+00:00', '--job-id', '111', '--raw', '--subdir', 'DAGS_FOLDER/pipeline.py', '--cfg-path', '/tmp/tmpym9_7aqi', '--error-file', '/tmp/tmpk09tpmf6']
[2022-08-06 21:55:46,380] {standard_task_runner.py:80} INFO - Job 111: Subtask second_task
[2022-08-06 21:55:46,456] {task_command.py:371} INFO - Running <TaskInstance: our_first_dag_v5.second_task scheduled__2021-09-02T00:00:00+00:00 [running]> on host bc7e154a4fdd
[2022-08-06 21:55:46,557] {taskinstance.py:1591} INFO - Exporting the following env vars:
AIRFLOW_CTX_DAG_OWNER=coder2j
AIRFLOW_CTX_DAG_ID=our_first_dag_v5
AIRFLOW_CTX_TASK_ID=second_task
AIRFLOW_CTX_EXECUTION_DATE=2021-09-02T00:00:00+00:00
AIRFLOW_CTX_TRY_NUMBER=1
AIRFLOW_CTX_DAG_RUN_ID=scheduled__2021-09-02T00:00:00+00:00
[2022-08-06 21:55:46,558] {subprocess.py:62} INFO - Tmp dir root location: 
 /tmp
[2022-08-06 21:55:46,559] {subprocess.py:74} INFO - Running command: ['bash', '-c', 'echo hey, I am task2 and will be running after task1!']
[2022-08-06 21:55:46,571] {subprocess.py:85} INFO - Output:
[2022-08-06 21:55:46,572] {subprocess.py:92} INFO - hey, I am task2 and will be running after task1!
[2022-08-06 21:55:46,573] {subprocess.py:96} INFO - Command exited with return code 0
[2022-08-06 21:55:46,610] {taskinstance.py:1420} INFO - Marking task as SUCCESS. dag_id=our_first_dag_v5, task_id=second_task, execution_date=20210902T000000, start_date=20220806T215546, end_date=20220806T215546
[2022-08-06 21:55:46,671] {local_task_job.py:156} INFO - Task exited with return code 0
[2022-08-06 21:55:46,728] {local_task_job.py:273} INFO - 0 downstream tasks scheduled from follow-on schedule check
[2022-08-06 22:10:45,137] {taskinstance.py:1179} INFO - Dependencies all met for <TaskInstance: our_first_dag_v5.second_task scheduled__2021-09-02T00:00:00+00:00 [queued]>
[2022-08-06 22:10:45,157] {taskinstance.py:1179} INFO - Dependencies all met for <TaskInstance: our_first_dag_v5.second_task scheduled__2021-09-02T00:00:00+00:00 [queued]>
[2022-08-06 22:10:45,157] {taskinstance.py:1376} INFO - 
--------------------------------------------------------------------------------
[2022-08-06 22:10:45,158] {taskinstance.py:1377} INFO - Starting attempt 1 of 6
[2022-08-06 22:10:45,158] {taskinstance.py:1378} INFO - 
--------------------------------------------------------------------------------
[2022-08-06 22:10:45,178] {taskinstance.py:1397} INFO - Executing <Task(BashOperator): second_task> on 2021-09-02 00:00:00+00:00
[2022-08-06 22:10:45,186] {standard_task_runner.py:52} INFO - Started process 423 to run task
[2022-08-06 22:10:45,190] {standard_task_runner.py:79} INFO - Running: ['***', 'tasks', 'run', 'our_first_dag_v5', 'second_task', 'scheduled__2021-09-02T00:00:00+00:00', '--job-id', '108', '--raw', '--subdir', 'DAGS_FOLDER/pipeline.py', '--cfg-path', '/tmp/tmpe1hl74kp', '--error-file', '/tmp/tmp8bvj4ii8']
[2022-08-06 22:10:45,190] {standard_task_runner.py:80} INFO - Job 108: Subtask second_task
[2022-08-06 22:10:45,264] {task_command.py:371} INFO - Running <TaskInstance: our_first_dag_v5.second_task scheduled__2021-09-02T00:00:00+00:00 [running]> on host 1250c3b659cd
[2022-08-06 22:10:45,345] {taskinstance.py:1591} INFO - Exporting the following env vars:
AIRFLOW_CTX_DAG_OWNER=coder2j
AIRFLOW_CTX_DAG_ID=our_first_dag_v5
AIRFLOW_CTX_TASK_ID=second_task
AIRFLOW_CTX_EXECUTION_DATE=2021-09-02T00:00:00+00:00
AIRFLOW_CTX_TRY_NUMBER=1
AIRFLOW_CTX_DAG_RUN_ID=scheduled__2021-09-02T00:00:00+00:00
[2022-08-06 22:10:45,345] {subprocess.py:62} INFO - Tmp dir root location: 
 /tmp
[2022-08-06 22:10:45,346] {subprocess.py:74} INFO - Running command: ['bash', '-c', 'echo hey, I am task2 and will be running after task1!']
[2022-08-06 22:10:45,358] {subprocess.py:85} INFO - Output:
[2022-08-06 22:10:45,360] {subprocess.py:92} INFO - hey, I am task2 and will be running after task1!
[2022-08-06 22:10:45,360] {subprocess.py:96} INFO - Command exited with return code 0
[2022-08-06 22:10:45,390] {taskinstance.py:1420} INFO - Marking task as SUCCESS. dag_id=our_first_dag_v5, task_id=second_task, execution_date=20210902T000000, start_date=20220806T221045, end_date=20220806T221045
[2022-08-06 22:10:45,443] {local_task_job.py:156} INFO - Task exited with return code 0
[2022-08-06 22:10:45,483] {local_task_job.py:273} INFO - 0 downstream tasks scheduled from follow-on schedule check
[2022-08-06 22:18:32,591] {taskinstance.py:1179} INFO - Dependencies all met for <TaskInstance: our_first_dag_v5.second_task scheduled__2021-09-02T00:00:00+00:00 [queued]>
[2022-08-06 22:18:32,609] {taskinstance.py:1179} INFO - Dependencies all met for <TaskInstance: our_first_dag_v5.second_task scheduled__2021-09-02T00:00:00+00:00 [queued]>
[2022-08-06 22:18:32,610] {taskinstance.py:1376} INFO - 
--------------------------------------------------------------------------------
[2022-08-06 22:18:32,610] {taskinstance.py:1377} INFO - Starting attempt 1 of 6
[2022-08-06 22:18:32,610] {taskinstance.py:1378} INFO - 
--------------------------------------------------------------------------------
[2022-08-06 22:18:32,631] {taskinstance.py:1397} INFO - Executing <Task(BashOperator): second_task> on 2021-09-02 00:00:00+00:00
[2022-08-06 22:18:32,639] {standard_task_runner.py:52} INFO - Started process 436 to run task
[2022-08-06 22:18:32,642] {standard_task_runner.py:79} INFO - Running: ['***', 'tasks', 'run', 'our_first_dag_v5', 'second_task', 'scheduled__2021-09-02T00:00:00+00:00', '--job-id', '110', '--raw', '--subdir', 'DAGS_FOLDER/pipeline.py', '--cfg-path', '/tmp/tmphlsfnjvi', '--error-file', '/tmp/tmpc2j6ttze']
[2022-08-06 22:18:32,642] {standard_task_runner.py:80} INFO - Job 110: Subtask second_task
[2022-08-06 22:18:32,730] {task_command.py:371} INFO - Running <TaskInstance: our_first_dag_v5.second_task scheduled__2021-09-02T00:00:00+00:00 [running]> on host ed53bde1c44a
[2022-08-06 22:18:32,832] {taskinstance.py:1591} INFO - Exporting the following env vars:
AIRFLOW_CTX_DAG_OWNER=coder2j
AIRFLOW_CTX_DAG_ID=our_first_dag_v5
AIRFLOW_CTX_TASK_ID=second_task
AIRFLOW_CTX_EXECUTION_DATE=2021-09-02T00:00:00+00:00
AIRFLOW_CTX_TRY_NUMBER=1
AIRFLOW_CTX_DAG_RUN_ID=scheduled__2021-09-02T00:00:00+00:00
[2022-08-06 22:18:32,833] {subprocess.py:62} INFO - Tmp dir root location: 
 /tmp
[2022-08-06 22:18:32,833] {subprocess.py:74} INFO - Running command: ['bash', '-c', 'echo hey, I am task2 and will be running after task1!']
[2022-08-06 22:18:32,848] {subprocess.py:85} INFO - Output:
[2022-08-06 22:18:32,849] {subprocess.py:92} INFO - hey, I am task2 and will be running after task1!
[2022-08-06 22:18:32,850] {subprocess.py:96} INFO - Command exited with return code 0
[2022-08-06 22:18:32,889] {taskinstance.py:1420} INFO - Marking task as SUCCESS. dag_id=our_first_dag_v5, task_id=second_task, execution_date=20210902T000000, start_date=20220806T221832, end_date=20220806T221832
[2022-08-06 22:18:32,934] {local_task_job.py:156} INFO - Task exited with return code 0
[2022-08-06 22:18:32,974] {local_task_job.py:273} INFO - 0 downstream tasks scheduled from follow-on schedule check
[2022-08-06 22:22:06,707] {taskinstance.py:1179} INFO - Dependencies all met for <TaskInstance: our_first_dag_v5.second_task scheduled__2021-09-02T00:00:00+00:00 [queued]>
[2022-08-06 22:22:06,725] {taskinstance.py:1179} INFO - Dependencies all met for <TaskInstance: our_first_dag_v5.second_task scheduled__2021-09-02T00:00:00+00:00 [queued]>
[2022-08-06 22:22:06,725] {taskinstance.py:1376} INFO - 
--------------------------------------------------------------------------------
[2022-08-06 22:22:06,725] {taskinstance.py:1377} INFO - Starting attempt 1 of 6
[2022-08-06 22:22:06,725] {taskinstance.py:1378} INFO - 
--------------------------------------------------------------------------------
[2022-08-06 22:22:06,752] {taskinstance.py:1397} INFO - Executing <Task(BashOperator): second_task> on 2021-09-02 00:00:00+00:00
[2022-08-06 22:22:06,760] {standard_task_runner.py:52} INFO - Started process 472 to run task
[2022-08-06 22:22:06,765] {standard_task_runner.py:79} INFO - Running: ['***', 'tasks', 'run', 'our_first_dag_v5', 'second_task', 'scheduled__2021-09-02T00:00:00+00:00', '--job-id', '108', '--raw', '--subdir', 'DAGS_FOLDER/pipeline.py', '--cfg-path', '/tmp/tmpeee0o1uz', '--error-file', '/tmp/tmpk7uy8jwj']
[2022-08-06 22:22:06,766] {standard_task_runner.py:80} INFO - Job 108: Subtask second_task
[2022-08-06 22:22:06,856] {task_command.py:371} INFO - Running <TaskInstance: our_first_dag_v5.second_task scheduled__2021-09-02T00:00:00+00:00 [running]> on host b215076695c3
[2022-08-06 22:22:06,950] {taskinstance.py:1591} INFO - Exporting the following env vars:
AIRFLOW_CTX_DAG_OWNER=coder2j
AIRFLOW_CTX_DAG_ID=our_first_dag_v5
AIRFLOW_CTX_TASK_ID=second_task
AIRFLOW_CTX_EXECUTION_DATE=2021-09-02T00:00:00+00:00
AIRFLOW_CTX_TRY_NUMBER=1
AIRFLOW_CTX_DAG_RUN_ID=scheduled__2021-09-02T00:00:00+00:00
[2022-08-06 22:22:06,952] {subprocess.py:62} INFO - Tmp dir root location: 
 /tmp
[2022-08-06 22:22:06,952] {subprocess.py:74} INFO - Running command: ['bash', '-c', 'echo hey, I am task2 and will be running after task1!']
[2022-08-06 22:22:06,965] {subprocess.py:85} INFO - Output:
[2022-08-06 22:22:06,966] {subprocess.py:92} INFO - hey, I am task2 and will be running after task1!
[2022-08-06 22:22:06,967] {subprocess.py:96} INFO - Command exited with return code 0
[2022-08-06 22:22:06,997] {taskinstance.py:1420} INFO - Marking task as SUCCESS. dag_id=our_first_dag_v5, task_id=second_task, execution_date=20210902T000000, start_date=20220806T222206, end_date=20220806T222206
[2022-08-06 22:22:07,058] {local_task_job.py:156} INFO - Task exited with return code 0
[2022-08-06 22:22:07,100] {local_task_job.py:273} INFO - 0 downstream tasks scheduled from follow-on schedule check
