[2022-08-06 19:39:35,095] {taskinstance.py:1179} INFO - Dependencies all met for <TaskInstance: our_first_dag_v5.thrid_task scheduled__2022-07-14T00:00:00+00:00 [queued]>
[2022-08-06 19:39:35,115] {taskinstance.py:1179} INFO - Dependencies all met for <TaskInstance: our_first_dag_v5.thrid_task scheduled__2022-07-14T00:00:00+00:00 [queued]>
[2022-08-06 19:39:35,115] {taskinstance.py:1376} INFO - 
--------------------------------------------------------------------------------
[2022-08-06 19:39:35,116] {taskinstance.py:1377} INFO - Starting attempt 1 of 6
[2022-08-06 19:39:35,116] {taskinstance.py:1378} INFO - 
--------------------------------------------------------------------------------
[2022-08-06 19:39:35,135] {taskinstance.py:1397} INFO - Executing <Task(BashOperator): thrid_task> on 2022-07-14 00:00:00+00:00
[2022-08-06 19:39:35,143] {standard_task_runner.py:52} INFO - Started process 3405 to run task
[2022-08-06 19:39:35,146] {standard_task_runner.py:79} INFO - Running: ['***', 'tasks', 'run', 'our_first_dag_v5', 'thrid_task', 'scheduled__2022-07-14T00:00:00+00:00', '--job-id', '1054', '--raw', '--subdir', 'DAGS_FOLDER/pipeline.py', '--cfg-path', '/tmp/tmpqwnvzv2n', '--error-file', '/tmp/tmpxx4zzyhb']
[2022-08-06 19:39:35,147] {standard_task_runner.py:80} INFO - Job 1054: Subtask thrid_task
[2022-08-06 19:39:35,250] {task_command.py:371} INFO - Running <TaskInstance: our_first_dag_v5.thrid_task scheduled__2022-07-14T00:00:00+00:00 [running]> on host b29c168c1666
[2022-08-06 19:39:35,380] {taskinstance.py:1591} INFO - Exporting the following env vars:
AIRFLOW_CTX_DAG_OWNER=coder2j
AIRFLOW_CTX_DAG_ID=our_first_dag_v5
AIRFLOW_CTX_TASK_ID=thrid_task
AIRFLOW_CTX_EXECUTION_DATE=2022-07-14T00:00:00+00:00
AIRFLOW_CTX_TRY_NUMBER=1
AIRFLOW_CTX_DAG_RUN_ID=scheduled__2022-07-14T00:00:00+00:00
[2022-08-06 19:39:35,381] {subprocess.py:62} INFO - Tmp dir root location: 
 /tmp
[2022-08-06 19:39:35,382] {subprocess.py:74} INFO - Running command: ['bash', '-c', 'echo hey, I am task3 and will be running after task1 at the same time as task2!']
[2022-08-06 19:39:35,402] {subprocess.py:85} INFO - Output:
[2022-08-06 19:39:35,404] {subprocess.py:92} INFO - hey, I am task3 and will be running after task1 at the same time as task2!
[2022-08-06 19:39:35,404] {subprocess.py:96} INFO - Command exited with return code 0
[2022-08-06 19:39:35,450] {taskinstance.py:1420} INFO - Marking task as SUCCESS. dag_id=our_first_dag_v5, task_id=thrid_task, execution_date=20220714T000000, start_date=20220806T193935, end_date=20220806T193935
[2022-08-06 19:39:35,484] {local_task_job.py:156} INFO - Task exited with return code 0
[2022-08-06 19:39:35,542] {local_task_job.py:273} INFO - 0 downstream tasks scheduled from follow-on schedule check
[2022-08-06 21:53:28,082] {taskinstance.py:1179} INFO - Dependencies all met for <TaskInstance: our_first_dag_v5.thrid_task scheduled__2022-07-14T00:00:00+00:00 [queued]>
[2022-08-06 21:53:28,100] {taskinstance.py:1179} INFO - Dependencies all met for <TaskInstance: our_first_dag_v5.thrid_task scheduled__2022-07-14T00:00:00+00:00 [queued]>
[2022-08-06 21:53:28,100] {taskinstance.py:1376} INFO - 
--------------------------------------------------------------------------------
[2022-08-06 21:53:28,100] {taskinstance.py:1377} INFO - Starting attempt 1 of 6
[2022-08-06 21:53:28,100] {taskinstance.py:1378} INFO - 
--------------------------------------------------------------------------------
[2022-08-06 21:53:28,120] {taskinstance.py:1397} INFO - Executing <Task(BashOperator): thrid_task> on 2022-07-14 00:00:00+00:00
[2022-08-06 21:53:28,128] {standard_task_runner.py:52} INFO - Started process 3593 to run task
[2022-08-06 21:53:28,131] {standard_task_runner.py:79} INFO - Running: ['***', 'tasks', 'run', 'our_first_dag_v5', 'thrid_task', 'scheduled__2022-07-14T00:00:00+00:00', '--job-id', '1054', '--raw', '--subdir', 'DAGS_FOLDER/pipeline.py', '--cfg-path', '/tmp/tmpk_sgp772', '--error-file', '/tmp/tmphwp86wxo']
[2022-08-06 21:53:28,132] {standard_task_runner.py:80} INFO - Job 1054: Subtask thrid_task
[2022-08-06 21:53:28,206] {task_command.py:371} INFO - Running <TaskInstance: our_first_dag_v5.thrid_task scheduled__2022-07-14T00:00:00+00:00 [running]> on host c3f731879890
[2022-08-06 21:53:28,312] {taskinstance.py:1591} INFO - Exporting the following env vars:
AIRFLOW_CTX_DAG_OWNER=coder2j
AIRFLOW_CTX_DAG_ID=our_first_dag_v5
AIRFLOW_CTX_TASK_ID=thrid_task
AIRFLOW_CTX_EXECUTION_DATE=2022-07-14T00:00:00+00:00
AIRFLOW_CTX_TRY_NUMBER=1
AIRFLOW_CTX_DAG_RUN_ID=scheduled__2022-07-14T00:00:00+00:00
[2022-08-06 21:53:28,315] {subprocess.py:62} INFO - Tmp dir root location: 
 /tmp
[2022-08-06 21:53:28,315] {subprocess.py:74} INFO - Running command: ['bash', '-c', 'echo hey, I am task3 and will be running after task1 at the same time as task2!']
[2022-08-06 21:53:28,333] {subprocess.py:85} INFO - Output:
[2022-08-06 21:53:28,336] {subprocess.py:92} INFO - hey, I am task3 and will be running after task1 at the same time as task2!
[2022-08-06 21:53:28,336] {subprocess.py:96} INFO - Command exited with return code 0
[2022-08-06 21:53:28,382] {taskinstance.py:1420} INFO - Marking task as SUCCESS. dag_id=our_first_dag_v5, task_id=thrid_task, execution_date=20220714T000000, start_date=20220806T215328, end_date=20220806T215328
[2022-08-06 21:53:28,423] {local_task_job.py:156} INFO - Task exited with return code 0
[2022-08-06 21:53:28,469] {local_task_job.py:273} INFO - 0 downstream tasks scheduled from follow-on schedule check
[2022-08-06 21:58:52,464] {taskinstance.py:1179} INFO - Dependencies all met for <TaskInstance: our_first_dag_v5.thrid_task scheduled__2022-07-14T00:00:00+00:00 [queued]>
[2022-08-06 21:58:52,487] {taskinstance.py:1179} INFO - Dependencies all met for <TaskInstance: our_first_dag_v5.thrid_task scheduled__2022-07-14T00:00:00+00:00 [queued]>
[2022-08-06 21:58:52,488] {taskinstance.py:1376} INFO - 
--------------------------------------------------------------------------------
[2022-08-06 21:58:52,488] {taskinstance.py:1377} INFO - Starting attempt 1 of 6
[2022-08-06 21:58:52,488] {taskinstance.py:1378} INFO - 
--------------------------------------------------------------------------------
[2022-08-06 21:58:52,507] {taskinstance.py:1397} INFO - Executing <Task(BashOperator): thrid_task> on 2022-07-14 00:00:00+00:00
[2022-08-06 21:58:52,515] {standard_task_runner.py:52} INFO - Started process 3399 to run task
[2022-08-06 21:58:52,518] {standard_task_runner.py:79} INFO - Running: ['***', 'tasks', 'run', 'our_first_dag_v5', 'thrid_task', 'scheduled__2022-07-14T00:00:00+00:00', '--job-id', '1055', '--raw', '--subdir', 'DAGS_FOLDER/pipeline.py', '--cfg-path', '/tmp/tmpnzjt_wr_', '--error-file', '/tmp/tmptz6xbxwf']
[2022-08-06 21:58:52,519] {standard_task_runner.py:80} INFO - Job 1055: Subtask thrid_task
[2022-08-06 21:58:52,592] {task_command.py:371} INFO - Running <TaskInstance: our_first_dag_v5.thrid_task scheduled__2022-07-14T00:00:00+00:00 [running]> on host bc7e154a4fdd
[2022-08-06 21:58:52,692] {taskinstance.py:1591} INFO - Exporting the following env vars:
AIRFLOW_CTX_DAG_OWNER=coder2j
AIRFLOW_CTX_DAG_ID=our_first_dag_v5
AIRFLOW_CTX_TASK_ID=thrid_task
AIRFLOW_CTX_EXECUTION_DATE=2022-07-14T00:00:00+00:00
AIRFLOW_CTX_TRY_NUMBER=1
AIRFLOW_CTX_DAG_RUN_ID=scheduled__2022-07-14T00:00:00+00:00
[2022-08-06 21:58:52,693] {subprocess.py:62} INFO - Tmp dir root location: 
 /tmp
[2022-08-06 21:58:52,693] {subprocess.py:74} INFO - Running command: ['bash', '-c', 'echo hey, I am task3 and will be running after task1 at the same time as task2!']
[2022-08-06 21:58:52,705] {subprocess.py:85} INFO - Output:
[2022-08-06 21:58:52,707] {subprocess.py:92} INFO - hey, I am task3 and will be running after task1 at the same time as task2!
[2022-08-06 21:58:52,707] {subprocess.py:96} INFO - Command exited with return code 0
[2022-08-06 21:58:52,744] {taskinstance.py:1420} INFO - Marking task as SUCCESS. dag_id=our_first_dag_v5, task_id=thrid_task, execution_date=20220714T000000, start_date=20220806T215852, end_date=20220806T215852
[2022-08-06 21:58:52,770] {local_task_job.py:156} INFO - Task exited with return code 0
[2022-08-06 21:58:52,819] {local_task_job.py:273} INFO - 0 downstream tasks scheduled from follow-on schedule check
[2022-08-06 22:13:51,975] {taskinstance.py:1179} INFO - Dependencies all met for <TaskInstance: our_first_dag_v5.thrid_task scheduled__2022-07-14T00:00:00+00:00 [queued]>
[2022-08-06 22:13:51,987] {taskinstance.py:1179} INFO - Dependencies all met for <TaskInstance: our_first_dag_v5.thrid_task scheduled__2022-07-14T00:00:00+00:00 [queued]>
[2022-08-06 22:13:51,987] {taskinstance.py:1376} INFO - 
--------------------------------------------------------------------------------
[2022-08-06 22:13:51,987] {taskinstance.py:1377} INFO - Starting attempt 1 of 6
[2022-08-06 22:13:51,987] {taskinstance.py:1378} INFO - 
--------------------------------------------------------------------------------
[2022-08-06 22:13:52,004] {taskinstance.py:1397} INFO - Executing <Task(BashOperator): thrid_task> on 2022-07-14 00:00:00+00:00
[2022-08-06 22:13:52,010] {standard_task_runner.py:52} INFO - Started process 3401 to run task
[2022-08-06 22:13:52,013] {standard_task_runner.py:79} INFO - Running: ['***', 'tasks', 'run', 'our_first_dag_v5', 'thrid_task', 'scheduled__2022-07-14T00:00:00+00:00', '--job-id', '1054', '--raw', '--subdir', 'DAGS_FOLDER/pipeline.py', '--cfg-path', '/tmp/tmpxshsk3h1', '--error-file', '/tmp/tmp_hz1fpyf']
[2022-08-06 22:13:52,013] {standard_task_runner.py:80} INFO - Job 1054: Subtask thrid_task
[2022-08-06 22:13:52,092] {task_command.py:371} INFO - Running <TaskInstance: our_first_dag_v5.thrid_task scheduled__2022-07-14T00:00:00+00:00 [running]> on host 1250c3b659cd
[2022-08-06 22:13:52,186] {taskinstance.py:1591} INFO - Exporting the following env vars:
AIRFLOW_CTX_DAG_OWNER=coder2j
AIRFLOW_CTX_DAG_ID=our_first_dag_v5
AIRFLOW_CTX_TASK_ID=thrid_task
AIRFLOW_CTX_EXECUTION_DATE=2022-07-14T00:00:00+00:00
AIRFLOW_CTX_TRY_NUMBER=1
AIRFLOW_CTX_DAG_RUN_ID=scheduled__2022-07-14T00:00:00+00:00
[2022-08-06 22:13:52,187] {subprocess.py:62} INFO - Tmp dir root location: 
 /tmp
[2022-08-06 22:13:52,188] {subprocess.py:74} INFO - Running command: ['bash', '-c', 'echo hey, I am task3 and will be running after task1 at the same time as task2!']
[2022-08-06 22:13:52,202] {subprocess.py:85} INFO - Output:
[2022-08-06 22:13:52,204] {subprocess.py:92} INFO - hey, I am task3 and will be running after task1 at the same time as task2!
[2022-08-06 22:13:52,204] {subprocess.py:96} INFO - Command exited with return code 0
[2022-08-06 22:13:52,239] {taskinstance.py:1420} INFO - Marking task as SUCCESS. dag_id=our_first_dag_v5, task_id=thrid_task, execution_date=20220714T000000, start_date=20220806T221351, end_date=20220806T221352
[2022-08-06 22:13:52,265] {local_task_job.py:156} INFO - Task exited with return code 0
[2022-08-06 22:13:52,303] {local_task_job.py:273} INFO - 0 downstream tasks scheduled from follow-on schedule check
[2022-08-06 22:25:06,476] {taskinstance.py:1179} INFO - Dependencies all met for <TaskInstance: our_first_dag_v5.thrid_task scheduled__2022-07-14T00:00:00+00:00 [queued]>
[2022-08-06 22:25:06,490] {taskinstance.py:1179} INFO - Dependencies all met for <TaskInstance: our_first_dag_v5.thrid_task scheduled__2022-07-14T00:00:00+00:00 [queued]>
[2022-08-06 22:25:06,491] {taskinstance.py:1376} INFO - 
--------------------------------------------------------------------------------
[2022-08-06 22:25:06,491] {taskinstance.py:1377} INFO - Starting attempt 1 of 6
[2022-08-06 22:25:06,491] {taskinstance.py:1378} INFO - 
--------------------------------------------------------------------------------
[2022-08-06 22:25:06,506] {taskinstance.py:1397} INFO - Executing <Task(BashOperator): thrid_task> on 2022-07-14 00:00:00+00:00
[2022-08-06 22:25:06,512] {standard_task_runner.py:52} INFO - Started process 3444 to run task
[2022-08-06 22:25:06,515] {standard_task_runner.py:79} INFO - Running: ['***', 'tasks', 'run', 'our_first_dag_v5', 'thrid_task', 'scheduled__2022-07-14T00:00:00+00:00', '--job-id', '1055', '--raw', '--subdir', 'DAGS_FOLDER/pipeline.py', '--cfg-path', '/tmp/tmpgj6k9k4n', '--error-file', '/tmp/tmpbhw7ir0o']
[2022-08-06 22:25:06,515] {standard_task_runner.py:80} INFO - Job 1055: Subtask thrid_task
[2022-08-06 22:25:06,571] {task_command.py:371} INFO - Running <TaskInstance: our_first_dag_v5.thrid_task scheduled__2022-07-14T00:00:00+00:00 [running]> on host b215076695c3
[2022-08-06 22:25:06,644] {taskinstance.py:1591} INFO - Exporting the following env vars:
AIRFLOW_CTX_DAG_OWNER=coder2j
AIRFLOW_CTX_DAG_ID=our_first_dag_v5
AIRFLOW_CTX_TASK_ID=thrid_task
AIRFLOW_CTX_EXECUTION_DATE=2022-07-14T00:00:00+00:00
AIRFLOW_CTX_TRY_NUMBER=1
AIRFLOW_CTX_DAG_RUN_ID=scheduled__2022-07-14T00:00:00+00:00
[2022-08-06 22:25:06,645] {subprocess.py:62} INFO - Tmp dir root location: 
 /tmp
[2022-08-06 22:25:06,646] {subprocess.py:74} INFO - Running command: ['bash', '-c', 'echo hey, I am task3 and will be running after task1 at the same time as task2!']
[2022-08-06 22:25:06,656] {subprocess.py:85} INFO - Output:
[2022-08-06 22:25:06,657] {subprocess.py:92} INFO - hey, I am task3 and will be running after task1 at the same time as task2!
[2022-08-06 22:25:06,657] {subprocess.py:96} INFO - Command exited with return code 0
[2022-08-06 22:25:06,684] {taskinstance.py:1420} INFO - Marking task as SUCCESS. dag_id=our_first_dag_v5, task_id=thrid_task, execution_date=20220714T000000, start_date=20220806T222506, end_date=20220806T222506
[2022-08-06 22:25:06,726] {local_task_job.py:156} INFO - Task exited with return code 0
[2022-08-06 22:25:06,751] {local_task_job.py:273} INFO - 0 downstream tasks scheduled from follow-on schedule check
