[2022-08-06 19:38:37,480] {taskinstance.py:1179} INFO - Dependencies all met for <TaskInstance: our_first_dag_v5.thrid_task scheduled__2022-04-13T00:00:00+00:00 [queued]>
[2022-08-06 19:38:37,492] {taskinstance.py:1179} INFO - Dependencies all met for <TaskInstance: our_first_dag_v5.thrid_task scheduled__2022-04-13T00:00:00+00:00 [queued]>
[2022-08-06 19:38:37,492] {taskinstance.py:1376} INFO - 
--------------------------------------------------------------------------------
[2022-08-06 19:38:37,492] {taskinstance.py:1377} INFO - Starting attempt 1 of 6
[2022-08-06 19:38:37,492] {taskinstance.py:1378} INFO - 
--------------------------------------------------------------------------------
[2022-08-06 19:38:37,505] {taskinstance.py:1397} INFO - Executing <Task(BashOperator): thrid_task> on 2022-04-13 00:00:00+00:00
[2022-08-06 19:38:37,511] {standard_task_runner.py:52} INFO - Started process 2523 to run task
[2022-08-06 19:38:37,513] {standard_task_runner.py:79} INFO - Running: ['***', 'tasks', 'run', 'our_first_dag_v5', 'thrid_task', 'scheduled__2022-04-13T00:00:00+00:00', '--job-id', '776', '--raw', '--subdir', 'DAGS_FOLDER/pipeline.py', '--cfg-path', '/tmp/tmpc70eb4j2', '--error-file', '/tmp/tmptl6wswsb']
[2022-08-06 19:38:37,513] {standard_task_runner.py:80} INFO - Job 776: Subtask thrid_task
[2022-08-06 19:38:37,572] {task_command.py:371} INFO - Running <TaskInstance: our_first_dag_v5.thrid_task scheduled__2022-04-13T00:00:00+00:00 [running]> on host b29c168c1666
[2022-08-06 19:38:37,655] {taskinstance.py:1591} INFO - Exporting the following env vars:
AIRFLOW_CTX_DAG_OWNER=coder2j
AIRFLOW_CTX_DAG_ID=our_first_dag_v5
AIRFLOW_CTX_TASK_ID=thrid_task
AIRFLOW_CTX_EXECUTION_DATE=2022-04-13T00:00:00+00:00
AIRFLOW_CTX_TRY_NUMBER=1
AIRFLOW_CTX_DAG_RUN_ID=scheduled__2022-04-13T00:00:00+00:00
[2022-08-06 19:38:37,656] {subprocess.py:62} INFO - Tmp dir root location: 
 /tmp
[2022-08-06 19:38:37,657] {subprocess.py:74} INFO - Running command: ['bash', '-c', 'echo hey, I am task3 and will be running after task1 at the same time as task2!']
[2022-08-06 19:38:37,667] {subprocess.py:85} INFO - Output:
[2022-08-06 19:38:37,669] {subprocess.py:92} INFO - hey, I am task3 and will be running after task1 at the same time as task2!
[2022-08-06 19:38:37,669] {subprocess.py:96} INFO - Command exited with return code 0
[2022-08-06 19:38:37,697] {taskinstance.py:1420} INFO - Marking task as SUCCESS. dag_id=our_first_dag_v5, task_id=thrid_task, execution_date=20220413T000000, start_date=20220806T193837, end_date=20220806T193837
[2022-08-06 19:38:37,724] {local_task_job.py:156} INFO - Task exited with return code 0
[2022-08-06 19:38:37,753] {local_task_job.py:273} INFO - 0 downstream tasks scheduled from follow-on schedule check
[2022-08-06 21:52:28,943] {taskinstance.py:1179} INFO - Dependencies all met for <TaskInstance: our_first_dag_v5.thrid_task scheduled__2022-04-13T00:00:00+00:00 [queued]>
[2022-08-06 21:52:28,958] {taskinstance.py:1179} INFO - Dependencies all met for <TaskInstance: our_first_dag_v5.thrid_task scheduled__2022-04-13T00:00:00+00:00 [queued]>
[2022-08-06 21:52:28,958] {taskinstance.py:1376} INFO - 
--------------------------------------------------------------------------------
[2022-08-06 21:52:28,958] {taskinstance.py:1377} INFO - Starting attempt 1 of 6
[2022-08-06 21:52:28,958] {taskinstance.py:1378} INFO - 
--------------------------------------------------------------------------------
[2022-08-06 21:52:28,972] {taskinstance.py:1397} INFO - Executing <Task(BashOperator): thrid_task> on 2022-04-13 00:00:00+00:00
[2022-08-06 21:52:28,978] {standard_task_runner.py:52} INFO - Started process 2716 to run task
[2022-08-06 21:52:28,981] {standard_task_runner.py:79} INFO - Running: ['***', 'tasks', 'run', 'our_first_dag_v5', 'thrid_task', 'scheduled__2022-04-13T00:00:00+00:00', '--job-id', '776', '--raw', '--subdir', 'DAGS_FOLDER/pipeline.py', '--cfg-path', '/tmp/tmp6xrhq1w6', '--error-file', '/tmp/tmpydcqmg81']
[2022-08-06 21:52:28,982] {standard_task_runner.py:80} INFO - Job 776: Subtask thrid_task
[2022-08-06 21:52:29,042] {task_command.py:371} INFO - Running <TaskInstance: our_first_dag_v5.thrid_task scheduled__2022-04-13T00:00:00+00:00 [running]> on host c3f731879890
[2022-08-06 21:52:29,120] {taskinstance.py:1591} INFO - Exporting the following env vars:
AIRFLOW_CTX_DAG_OWNER=coder2j
AIRFLOW_CTX_DAG_ID=our_first_dag_v5
AIRFLOW_CTX_TASK_ID=thrid_task
AIRFLOW_CTX_EXECUTION_DATE=2022-04-13T00:00:00+00:00
AIRFLOW_CTX_TRY_NUMBER=1
AIRFLOW_CTX_DAG_RUN_ID=scheduled__2022-04-13T00:00:00+00:00
[2022-08-06 21:52:29,121] {subprocess.py:62} INFO - Tmp dir root location: 
 /tmp
[2022-08-06 21:52:29,121] {subprocess.py:74} INFO - Running command: ['bash', '-c', 'echo hey, I am task3 and will be running after task1 at the same time as task2!']
[2022-08-06 21:52:29,133] {subprocess.py:85} INFO - Output:
[2022-08-06 21:52:29,134] {subprocess.py:92} INFO - hey, I am task3 and will be running after task1 at the same time as task2!
[2022-08-06 21:52:29,135] {subprocess.py:96} INFO - Command exited with return code 0
[2022-08-06 21:52:29,163] {taskinstance.py:1420} INFO - Marking task as SUCCESS. dag_id=our_first_dag_v5, task_id=thrid_task, execution_date=20220413T000000, start_date=20220806T215228, end_date=20220806T215229
[2022-08-06 21:52:29,193] {local_task_job.py:156} INFO - Task exited with return code 0
[2022-08-06 21:52:29,223] {local_task_job.py:273} INFO - 0 downstream tasks scheduled from follow-on schedule check
[2022-08-06 21:57:56,636] {taskinstance.py:1179} INFO - Dependencies all met for <TaskInstance: our_first_dag_v5.thrid_task scheduled__2022-04-13T00:00:00+00:00 [queued]>
[2022-08-06 21:57:56,663] {taskinstance.py:1179} INFO - Dependencies all met for <TaskInstance: our_first_dag_v5.thrid_task scheduled__2022-04-13T00:00:00+00:00 [queued]>
[2022-08-06 21:57:56,663] {taskinstance.py:1376} INFO - 
--------------------------------------------------------------------------------
[2022-08-06 21:57:56,663] {taskinstance.py:1377} INFO - Starting attempt 1 of 6
[2022-08-06 21:57:56,664] {taskinstance.py:1378} INFO - 
--------------------------------------------------------------------------------
[2022-08-06 21:57:56,689] {taskinstance.py:1397} INFO - Executing <Task(BashOperator): thrid_task> on 2022-04-13 00:00:00+00:00
[2022-08-06 21:57:56,696] {standard_task_runner.py:52} INFO - Started process 2529 to run task
[2022-08-06 21:57:56,701] {standard_task_runner.py:79} INFO - Running: ['***', 'tasks', 'run', 'our_first_dag_v5', 'thrid_task', 'scheduled__2022-04-13T00:00:00+00:00', '--job-id', '779', '--raw', '--subdir', 'DAGS_FOLDER/pipeline.py', '--cfg-path', '/tmp/tmpa4n3dcqt', '--error-file', '/tmp/tmpqpeij6w7']
[2022-08-06 21:57:56,701] {standard_task_runner.py:80} INFO - Job 779: Subtask thrid_task
[2022-08-06 21:57:56,780] {task_command.py:371} INFO - Running <TaskInstance: our_first_dag_v5.thrid_task scheduled__2022-04-13T00:00:00+00:00 [running]> on host bc7e154a4fdd
[2022-08-06 21:57:56,894] {taskinstance.py:1591} INFO - Exporting the following env vars:
AIRFLOW_CTX_DAG_OWNER=coder2j
AIRFLOW_CTX_DAG_ID=our_first_dag_v5
AIRFLOW_CTX_TASK_ID=thrid_task
AIRFLOW_CTX_EXECUTION_DATE=2022-04-13T00:00:00+00:00
AIRFLOW_CTX_TRY_NUMBER=1
AIRFLOW_CTX_DAG_RUN_ID=scheduled__2022-04-13T00:00:00+00:00
[2022-08-06 21:57:56,895] {subprocess.py:62} INFO - Tmp dir root location: 
 /tmp
[2022-08-06 21:57:56,896] {subprocess.py:74} INFO - Running command: ['bash', '-c', 'echo hey, I am task3 and will be running after task1 at the same time as task2!']
[2022-08-06 21:57:56,913] {subprocess.py:85} INFO - Output:
[2022-08-06 21:57:56,916] {subprocess.py:92} INFO - hey, I am task3 and will be running after task1 at the same time as task2!
[2022-08-06 21:57:56,916] {subprocess.py:96} INFO - Command exited with return code 0
[2022-08-06 21:57:56,972] {taskinstance.py:1420} INFO - Marking task as SUCCESS. dag_id=our_first_dag_v5, task_id=thrid_task, execution_date=20220413T000000, start_date=20220806T215756, end_date=20220806T215756
[2022-08-06 21:57:57,034] {local_task_job.py:156} INFO - Task exited with return code 0
[2022-08-06 21:57:57,075] {local_task_job.py:273} INFO - 0 downstream tasks scheduled from follow-on schedule check
[2022-08-06 22:12:56,837] {taskinstance.py:1179} INFO - Dependencies all met for <TaskInstance: our_first_dag_v5.thrid_task scheduled__2022-04-13T00:00:00+00:00 [queued]>
[2022-08-06 22:12:56,852] {taskinstance.py:1179} INFO - Dependencies all met for <TaskInstance: our_first_dag_v5.thrid_task scheduled__2022-04-13T00:00:00+00:00 [queued]>
[2022-08-06 22:12:56,852] {taskinstance.py:1376} INFO - 
--------------------------------------------------------------------------------
[2022-08-06 22:12:56,852] {taskinstance.py:1377} INFO - Starting attempt 1 of 6
[2022-08-06 22:12:56,852] {taskinstance.py:1378} INFO - 
--------------------------------------------------------------------------------
[2022-08-06 22:12:56,870] {taskinstance.py:1397} INFO - Executing <Task(BashOperator): thrid_task> on 2022-04-13 00:00:00+00:00
[2022-08-06 22:12:56,877] {standard_task_runner.py:52} INFO - Started process 2523 to run task
[2022-08-06 22:12:56,879] {standard_task_runner.py:79} INFO - Running: ['***', 'tasks', 'run', 'our_first_dag_v5', 'thrid_task', 'scheduled__2022-04-13T00:00:00+00:00', '--job-id', '777', '--raw', '--subdir', 'DAGS_FOLDER/pipeline.py', '--cfg-path', '/tmp/tmpy8di802j', '--error-file', '/tmp/tmpj9yprupn']
[2022-08-06 22:12:56,880] {standard_task_runner.py:80} INFO - Job 777: Subtask thrid_task
[2022-08-06 22:12:56,942] {task_command.py:371} INFO - Running <TaskInstance: our_first_dag_v5.thrid_task scheduled__2022-04-13T00:00:00+00:00 [running]> on host 1250c3b659cd
[2022-08-06 22:12:57,045] {taskinstance.py:1591} INFO - Exporting the following env vars:
AIRFLOW_CTX_DAG_OWNER=coder2j
AIRFLOW_CTX_DAG_ID=our_first_dag_v5
AIRFLOW_CTX_TASK_ID=thrid_task
AIRFLOW_CTX_EXECUTION_DATE=2022-04-13T00:00:00+00:00
AIRFLOW_CTX_TRY_NUMBER=1
AIRFLOW_CTX_DAG_RUN_ID=scheduled__2022-04-13T00:00:00+00:00
[2022-08-06 22:12:57,045] {subprocess.py:62} INFO - Tmp dir root location: 
 /tmp
[2022-08-06 22:12:57,046] {subprocess.py:74} INFO - Running command: ['bash', '-c', 'echo hey, I am task3 and will be running after task1 at the same time as task2!']
[2022-08-06 22:12:57,060] {subprocess.py:85} INFO - Output:
[2022-08-06 22:12:57,061] {subprocess.py:92} INFO - hey, I am task3 and will be running after task1 at the same time as task2!
[2022-08-06 22:12:57,061] {subprocess.py:96} INFO - Command exited with return code 0
[2022-08-06 22:12:57,091] {taskinstance.py:1420} INFO - Marking task as SUCCESS. dag_id=our_first_dag_v5, task_id=thrid_task, execution_date=20220413T000000, start_date=20220806T221256, end_date=20220806T221257
[2022-08-06 22:12:57,131] {local_task_job.py:156} INFO - Task exited with return code 0
[2022-08-06 22:12:57,174] {local_task_job.py:273} INFO - 0 downstream tasks scheduled from follow-on schedule check
[2022-08-06 22:24:16,465] {taskinstance.py:1179} INFO - Dependencies all met for <TaskInstance: our_first_dag_v5.thrid_task scheduled__2022-04-13T00:00:00+00:00 [queued]>
[2022-08-06 22:24:16,479] {taskinstance.py:1179} INFO - Dependencies all met for <TaskInstance: our_first_dag_v5.thrid_task scheduled__2022-04-13T00:00:00+00:00 [queued]>
[2022-08-06 22:24:16,479] {taskinstance.py:1376} INFO - 
--------------------------------------------------------------------------------
[2022-08-06 22:24:16,479] {taskinstance.py:1377} INFO - Starting attempt 1 of 6
[2022-08-06 22:24:16,480] {taskinstance.py:1378} INFO - 
--------------------------------------------------------------------------------
[2022-08-06 22:24:16,497] {taskinstance.py:1397} INFO - Executing <Task(BashOperator): thrid_task> on 2022-04-13 00:00:00+00:00
[2022-08-06 22:24:16,505] {standard_task_runner.py:52} INFO - Started process 2588 to run task
[2022-08-06 22:24:16,512] {standard_task_runner.py:79} INFO - Running: ['***', 'tasks', 'run', 'our_first_dag_v5', 'thrid_task', 'scheduled__2022-04-13T00:00:00+00:00', '--job-id', '782', '--raw', '--subdir', 'DAGS_FOLDER/pipeline.py', '--cfg-path', '/tmp/tmpags5pv4x', '--error-file', '/tmp/tmp11ij20aw']
[2022-08-06 22:24:16,512] {standard_task_runner.py:80} INFO - Job 782: Subtask thrid_task
[2022-08-06 22:24:16,620] {task_command.py:371} INFO - Running <TaskInstance: our_first_dag_v5.thrid_task scheduled__2022-04-13T00:00:00+00:00 [running]> on host b215076695c3
[2022-08-06 22:24:16,748] {taskinstance.py:1591} INFO - Exporting the following env vars:
AIRFLOW_CTX_DAG_OWNER=coder2j
AIRFLOW_CTX_DAG_ID=our_first_dag_v5
AIRFLOW_CTX_TASK_ID=thrid_task
AIRFLOW_CTX_EXECUTION_DATE=2022-04-13T00:00:00+00:00
AIRFLOW_CTX_TRY_NUMBER=1
AIRFLOW_CTX_DAG_RUN_ID=scheduled__2022-04-13T00:00:00+00:00
[2022-08-06 22:24:16,750] {subprocess.py:62} INFO - Tmp dir root location: 
 /tmp
[2022-08-06 22:24:16,750] {subprocess.py:74} INFO - Running command: ['bash', '-c', 'echo hey, I am task3 and will be running after task1 at the same time as task2!']
[2022-08-06 22:24:16,767] {subprocess.py:85} INFO - Output:
[2022-08-06 22:24:16,769] {subprocess.py:92} INFO - hey, I am task3 and will be running after task1 at the same time as task2!
[2022-08-06 22:24:16,769] {subprocess.py:96} INFO - Command exited with return code 0
[2022-08-06 22:24:16,837] {taskinstance.py:1420} INFO - Marking task as SUCCESS. dag_id=our_first_dag_v5, task_id=thrid_task, execution_date=20220413T000000, start_date=20220806T222416, end_date=20220806T222416
[2022-08-06 22:24:16,889] {local_task_job.py:156} INFO - Task exited with return code 0
[2022-08-06 22:24:16,961] {local_task_job.py:273} INFO - 0 downstream tasks scheduled from follow-on schedule check
