[2022-08-06 19:37:50,535] {taskinstance.py:1179} INFO - Dependencies all met for <TaskInstance: our_first_dag_v5.thrid_task scheduled__2022-01-24T00:00:00+00:00 [queued]>
[2022-08-06 19:37:50,553] {taskinstance.py:1179} INFO - Dependencies all met for <TaskInstance: our_first_dag_v5.thrid_task scheduled__2022-01-24T00:00:00+00:00 [queued]>
[2022-08-06 19:37:50,553] {taskinstance.py:1376} INFO - 
--------------------------------------------------------------------------------
[2022-08-06 19:37:50,553] {taskinstance.py:1377} INFO - Starting attempt 1 of 6
[2022-08-06 19:37:50,553] {taskinstance.py:1378} INFO - 
--------------------------------------------------------------------------------
[2022-08-06 19:37:50,589] {taskinstance.py:1397} INFO - Executing <Task(BashOperator): thrid_task> on 2022-01-24 00:00:00+00:00
[2022-08-06 19:37:50,602] {standard_task_runner.py:52} INFO - Started process 1788 to run task
[2022-08-06 19:37:50,608] {standard_task_runner.py:79} INFO - Running: ['***', 'tasks', 'run', 'our_first_dag_v5', 'thrid_task', 'scheduled__2022-01-24T00:00:00+00:00', '--job-id', '540', '--raw', '--subdir', 'DAGS_FOLDER/pipeline.py', '--cfg-path', '/tmp/tmpmycgdsfi', '--error-file', '/tmp/tmpfzf1wdds']
[2022-08-06 19:37:50,608] {standard_task_runner.py:80} INFO - Job 540: Subtask thrid_task
[2022-08-06 19:37:50,723] {task_command.py:371} INFO - Running <TaskInstance: our_first_dag_v5.thrid_task scheduled__2022-01-24T00:00:00+00:00 [running]> on host b29c168c1666
[2022-08-06 19:37:50,876] {taskinstance.py:1591} INFO - Exporting the following env vars:
AIRFLOW_CTX_DAG_OWNER=coder2j
AIRFLOW_CTX_DAG_ID=our_first_dag_v5
AIRFLOW_CTX_TASK_ID=thrid_task
AIRFLOW_CTX_EXECUTION_DATE=2022-01-24T00:00:00+00:00
AIRFLOW_CTX_TRY_NUMBER=1
AIRFLOW_CTX_DAG_RUN_ID=scheduled__2022-01-24T00:00:00+00:00
[2022-08-06 19:37:50,877] {subprocess.py:62} INFO - Tmp dir root location: 
 /tmp
[2022-08-06 19:37:50,878] {subprocess.py:74} INFO - Running command: ['bash', '-c', 'echo hey, I am task3 and will be running after task1 at the same time as task2!']
[2022-08-06 19:37:50,892] {subprocess.py:85} INFO - Output:
[2022-08-06 19:37:50,894] {subprocess.py:92} INFO - hey, I am task3 and will be running after task1 at the same time as task2!
[2022-08-06 19:37:50,894] {subprocess.py:96} INFO - Command exited with return code 0
[2022-08-06 19:37:50,935] {taskinstance.py:1420} INFO - Marking task as SUCCESS. dag_id=our_first_dag_v5, task_id=thrid_task, execution_date=20220124T000000, start_date=20220806T193750, end_date=20220806T193750
[2022-08-06 19:37:50,985] {local_task_job.py:156} INFO - Task exited with return code 0
[2022-08-06 19:37:51,019] {local_task_job.py:273} INFO - 0 downstream tasks scheduled from follow-on schedule check
[2022-08-06 21:51:45,658] {taskinstance.py:1179} INFO - Dependencies all met for <TaskInstance: our_first_dag_v5.thrid_task scheduled__2022-01-24T00:00:00+00:00 [queued]>
[2022-08-06 21:51:45,674] {taskinstance.py:1179} INFO - Dependencies all met for <TaskInstance: our_first_dag_v5.thrid_task scheduled__2022-01-24T00:00:00+00:00 [queued]>
[2022-08-06 21:51:45,674] {taskinstance.py:1376} INFO - 
--------------------------------------------------------------------------------
[2022-08-06 21:51:45,674] {taskinstance.py:1377} INFO - Starting attempt 1 of 6
[2022-08-06 21:51:45,675] {taskinstance.py:1378} INFO - 
--------------------------------------------------------------------------------
[2022-08-06 21:51:45,696] {taskinstance.py:1397} INFO - Executing <Task(BashOperator): thrid_task> on 2022-01-24 00:00:00+00:00
[2022-08-06 21:51:45,705] {standard_task_runner.py:52} INFO - Started process 1985 to run task
[2022-08-06 21:51:45,708] {standard_task_runner.py:79} INFO - Running: ['***', 'tasks', 'run', 'our_first_dag_v5', 'thrid_task', 'scheduled__2022-01-24T00:00:00+00:00', '--job-id', '543', '--raw', '--subdir', 'DAGS_FOLDER/pipeline.py', '--cfg-path', '/tmp/tmpk6esogdz', '--error-file', '/tmp/tmp65bhrjoo']
[2022-08-06 21:51:45,709] {standard_task_runner.py:80} INFO - Job 543: Subtask thrid_task
[2022-08-06 21:51:45,789] {task_command.py:371} INFO - Running <TaskInstance: our_first_dag_v5.thrid_task scheduled__2022-01-24T00:00:00+00:00 [running]> on host c3f731879890
[2022-08-06 21:51:45,887] {taskinstance.py:1591} INFO - Exporting the following env vars:
AIRFLOW_CTX_DAG_OWNER=coder2j
AIRFLOW_CTX_DAG_ID=our_first_dag_v5
AIRFLOW_CTX_TASK_ID=thrid_task
AIRFLOW_CTX_EXECUTION_DATE=2022-01-24T00:00:00+00:00
AIRFLOW_CTX_TRY_NUMBER=1
AIRFLOW_CTX_DAG_RUN_ID=scheduled__2022-01-24T00:00:00+00:00
[2022-08-06 21:51:45,888] {subprocess.py:62} INFO - Tmp dir root location: 
 /tmp
[2022-08-06 21:51:45,889] {subprocess.py:74} INFO - Running command: ['bash', '-c', 'echo hey, I am task3 and will be running after task1 at the same time as task2!']
[2022-08-06 21:51:45,901] {subprocess.py:85} INFO - Output:
[2022-08-06 21:51:45,903] {subprocess.py:92} INFO - hey, I am task3 and will be running after task1 at the same time as task2!
[2022-08-06 21:51:45,903] {subprocess.py:96} INFO - Command exited with return code 0
[2022-08-06 21:51:45,937] {taskinstance.py:1420} INFO - Marking task as SUCCESS. dag_id=our_first_dag_v5, task_id=thrid_task, execution_date=20220124T000000, start_date=20220806T215145, end_date=20220806T215145
[2022-08-06 21:51:46,000] {local_task_job.py:156} INFO - Task exited with return code 0
[2022-08-06 21:51:46,050] {local_task_job.py:273} INFO - 0 downstream tasks scheduled from follow-on schedule check
[2022-08-06 21:57:07,238] {taskinstance.py:1179} INFO - Dependencies all met for <TaskInstance: our_first_dag_v5.thrid_task scheduled__2022-01-24T00:00:00+00:00 [queued]>
[2022-08-06 21:57:07,247] {taskinstance.py:1179} INFO - Dependencies all met for <TaskInstance: our_first_dag_v5.thrid_task scheduled__2022-01-24T00:00:00+00:00 [queued]>
[2022-08-06 21:57:07,247] {taskinstance.py:1376} INFO - 
--------------------------------------------------------------------------------
[2022-08-06 21:57:07,247] {taskinstance.py:1377} INFO - Starting attempt 1 of 6
[2022-08-06 21:57:07,247] {taskinstance.py:1378} INFO - 
--------------------------------------------------------------------------------
[2022-08-06 21:57:07,260] {taskinstance.py:1397} INFO - Executing <Task(BashOperator): thrid_task> on 2022-01-24 00:00:00+00:00
[2022-08-06 21:57:07,265] {standard_task_runner.py:52} INFO - Started process 1768 to run task
[2022-08-06 21:57:07,267] {standard_task_runner.py:79} INFO - Running: ['***', 'tasks', 'run', 'our_first_dag_v5', 'thrid_task', 'scheduled__2022-01-24T00:00:00+00:00', '--job-id', '538', '--raw', '--subdir', 'DAGS_FOLDER/pipeline.py', '--cfg-path', '/tmp/tmpk45b8ivs', '--error-file', '/tmp/tmpiilapdz9']
[2022-08-06 21:57:07,268] {standard_task_runner.py:80} INFO - Job 538: Subtask thrid_task
[2022-08-06 21:57:07,323] {task_command.py:371} INFO - Running <TaskInstance: our_first_dag_v5.thrid_task scheduled__2022-01-24T00:00:00+00:00 [running]> on host bc7e154a4fdd
[2022-08-06 21:57:07,393] {taskinstance.py:1591} INFO - Exporting the following env vars:
AIRFLOW_CTX_DAG_OWNER=coder2j
AIRFLOW_CTX_DAG_ID=our_first_dag_v5
AIRFLOW_CTX_TASK_ID=thrid_task
AIRFLOW_CTX_EXECUTION_DATE=2022-01-24T00:00:00+00:00
AIRFLOW_CTX_TRY_NUMBER=1
AIRFLOW_CTX_DAG_RUN_ID=scheduled__2022-01-24T00:00:00+00:00
[2022-08-06 21:57:07,394] {subprocess.py:62} INFO - Tmp dir root location: 
 /tmp
[2022-08-06 21:57:07,395] {subprocess.py:74} INFO - Running command: ['bash', '-c', 'echo hey, I am task3 and will be running after task1 at the same time as task2!']
[2022-08-06 21:57:07,406] {subprocess.py:85} INFO - Output:
[2022-08-06 21:57:07,408] {subprocess.py:92} INFO - hey, I am task3 and will be running after task1 at the same time as task2!
[2022-08-06 21:57:07,408] {subprocess.py:96} INFO - Command exited with return code 0
[2022-08-06 21:57:07,433] {taskinstance.py:1420} INFO - Marking task as SUCCESS. dag_id=our_first_dag_v5, task_id=thrid_task, execution_date=20220124T000000, start_date=20220806T215707, end_date=20220806T215707
[2022-08-06 21:57:07,479] {local_task_job.py:156} INFO - Task exited with return code 0
[2022-08-06 21:57:07,503] {local_task_job.py:273} INFO - 0 downstream tasks scheduled from follow-on schedule check
[2022-08-06 22:12:10,817] {taskinstance.py:1179} INFO - Dependencies all met for <TaskInstance: our_first_dag_v5.thrid_task scheduled__2022-01-24T00:00:00+00:00 [queued]>
[2022-08-06 22:12:10,832] {taskinstance.py:1179} INFO - Dependencies all met for <TaskInstance: our_first_dag_v5.thrid_task scheduled__2022-01-24T00:00:00+00:00 [queued]>
[2022-08-06 22:12:10,832] {taskinstance.py:1376} INFO - 
--------------------------------------------------------------------------------
[2022-08-06 22:12:10,832] {taskinstance.py:1377} INFO - Starting attempt 1 of 6
[2022-08-06 22:12:10,832] {taskinstance.py:1378} INFO - 
--------------------------------------------------------------------------------
[2022-08-06 22:12:10,852] {taskinstance.py:1397} INFO - Executing <Task(BashOperator): thrid_task> on 2022-01-24 00:00:00+00:00
[2022-08-06 22:12:10,860] {standard_task_runner.py:52} INFO - Started process 1775 to run task
[2022-08-06 22:12:10,863] {standard_task_runner.py:79} INFO - Running: ['***', 'tasks', 'run', 'our_first_dag_v5', 'thrid_task', 'scheduled__2022-01-24T00:00:00+00:00', '--job-id', '540', '--raw', '--subdir', 'DAGS_FOLDER/pipeline.py', '--cfg-path', '/tmp/tmp5ee6owz9', '--error-file', '/tmp/tmphlt6jnn5']
[2022-08-06 22:12:10,863] {standard_task_runner.py:80} INFO - Job 540: Subtask thrid_task
[2022-08-06 22:12:10,946] {task_command.py:371} INFO - Running <TaskInstance: our_first_dag_v5.thrid_task scheduled__2022-01-24T00:00:00+00:00 [running]> on host 1250c3b659cd
[2022-08-06 22:12:11,038] {taskinstance.py:1591} INFO - Exporting the following env vars:
AIRFLOW_CTX_DAG_OWNER=coder2j
AIRFLOW_CTX_DAG_ID=our_first_dag_v5
AIRFLOW_CTX_TASK_ID=thrid_task
AIRFLOW_CTX_EXECUTION_DATE=2022-01-24T00:00:00+00:00
AIRFLOW_CTX_TRY_NUMBER=1
AIRFLOW_CTX_DAG_RUN_ID=scheduled__2022-01-24T00:00:00+00:00
[2022-08-06 22:12:11,039] {subprocess.py:62} INFO - Tmp dir root location: 
 /tmp
[2022-08-06 22:12:11,039] {subprocess.py:74} INFO - Running command: ['bash', '-c', 'echo hey, I am task3 and will be running after task1 at the same time as task2!']
[2022-08-06 22:12:11,053] {subprocess.py:85} INFO - Output:
[2022-08-06 22:12:11,055] {subprocess.py:92} INFO - hey, I am task3 and will be running after task1 at the same time as task2!
[2022-08-06 22:12:11,055] {subprocess.py:96} INFO - Command exited with return code 0
[2022-08-06 22:12:11,135] {taskinstance.py:1420} INFO - Marking task as SUCCESS. dag_id=our_first_dag_v5, task_id=thrid_task, execution_date=20220124T000000, start_date=20220806T221210, end_date=20220806T221211
[2022-08-06 22:12:11,195] {local_task_job.py:156} INFO - Task exited with return code 0
[2022-08-06 22:12:11,228] {local_task_job.py:273} INFO - 0 downstream tasks scheduled from follow-on schedule check
[2022-08-06 22:23:30,113] {taskinstance.py:1179} INFO - Dependencies all met for <TaskInstance: our_first_dag_v5.thrid_task scheduled__2022-01-24T00:00:00+00:00 [queued]>
[2022-08-06 22:23:30,128] {taskinstance.py:1179} INFO - Dependencies all met for <TaskInstance: our_first_dag_v5.thrid_task scheduled__2022-01-24T00:00:00+00:00 [queued]>
[2022-08-06 22:23:30,129] {taskinstance.py:1376} INFO - 
--------------------------------------------------------------------------------
[2022-08-06 22:23:30,129] {taskinstance.py:1377} INFO - Starting attempt 1 of 6
[2022-08-06 22:23:30,129] {taskinstance.py:1378} INFO - 
--------------------------------------------------------------------------------
[2022-08-06 22:23:30,147] {taskinstance.py:1397} INFO - Executing <Task(BashOperator): thrid_task> on 2022-01-24 00:00:00+00:00
[2022-08-06 22:23:30,154] {standard_task_runner.py:52} INFO - Started process 1838 to run task
[2022-08-06 22:23:30,156] {standard_task_runner.py:79} INFO - Running: ['***', 'tasks', 'run', 'our_first_dag_v5', 'thrid_task', 'scheduled__2022-01-24T00:00:00+00:00', '--job-id', '544', '--raw', '--subdir', 'DAGS_FOLDER/pipeline.py', '--cfg-path', '/tmp/tmpd0dkvsgh', '--error-file', '/tmp/tmp3fiy8zm5']
[2022-08-06 22:23:30,156] {standard_task_runner.py:80} INFO - Job 544: Subtask thrid_task
[2022-08-06 22:23:30,222] {task_command.py:371} INFO - Running <TaskInstance: our_first_dag_v5.thrid_task scheduled__2022-01-24T00:00:00+00:00 [running]> on host b215076695c3
[2022-08-06 22:23:30,295] {taskinstance.py:1591} INFO - Exporting the following env vars:
AIRFLOW_CTX_DAG_OWNER=coder2j
AIRFLOW_CTX_DAG_ID=our_first_dag_v5
AIRFLOW_CTX_TASK_ID=thrid_task
AIRFLOW_CTX_EXECUTION_DATE=2022-01-24T00:00:00+00:00
AIRFLOW_CTX_TRY_NUMBER=1
AIRFLOW_CTX_DAG_RUN_ID=scheduled__2022-01-24T00:00:00+00:00
[2022-08-06 22:23:30,296] {subprocess.py:62} INFO - Tmp dir root location: 
 /tmp
[2022-08-06 22:23:30,297] {subprocess.py:74} INFO - Running command: ['bash', '-c', 'echo hey, I am task3 and will be running after task1 at the same time as task2!']
[2022-08-06 22:23:30,308] {subprocess.py:85} INFO - Output:
[2022-08-06 22:23:30,310] {subprocess.py:92} INFO - hey, I am task3 and will be running after task1 at the same time as task2!
[2022-08-06 22:23:30,310] {subprocess.py:96} INFO - Command exited with return code 0
[2022-08-06 22:23:30,339] {taskinstance.py:1420} INFO - Marking task as SUCCESS. dag_id=our_first_dag_v5, task_id=thrid_task, execution_date=20220124T000000, start_date=20220806T222330, end_date=20220806T222330
[2022-08-06 22:23:30,368] {local_task_job.py:156} INFO - Task exited with return code 0
[2022-08-06 22:23:30,396] {local_task_job.py:273} INFO - 0 downstream tasks scheduled from follow-on schedule check
