[2022-08-06 19:36:36,501] {taskinstance.py:1179} INFO - Dependencies all met for <TaskInstance: our_first_dag_v5.second_task scheduled__2021-09-29T00:00:00+00:00 [queued]>
[2022-08-06 19:36:36,517] {taskinstance.py:1179} INFO - Dependencies all met for <TaskInstance: our_first_dag_v5.second_task scheduled__2021-09-29T00:00:00+00:00 [queued]>
[2022-08-06 19:36:36,518] {taskinstance.py:1376} INFO - 
--------------------------------------------------------------------------------
[2022-08-06 19:36:36,518] {taskinstance.py:1377} INFO - Starting attempt 1 of 6
[2022-08-06 19:36:36,518] {taskinstance.py:1378} INFO - 
--------------------------------------------------------------------------------
[2022-08-06 19:36:36,541] {taskinstance.py:1397} INFO - Executing <Task(BashOperator): second_task> on 2021-09-29 00:00:00+00:00
[2022-08-06 19:36:36,550] {standard_task_runner.py:52} INFO - Started process 672 to run task
[2022-08-06 19:36:36,553] {standard_task_runner.py:79} INFO - Running: ['***', 'tasks', 'run', 'our_first_dag_v5', 'second_task', 'scheduled__2021-09-29T00:00:00+00:00', '--job-id', '189', '--raw', '--subdir', 'DAGS_FOLDER/pipeline.py', '--cfg-path', '/tmp/tmp_eczl81c', '--error-file', '/tmp/tmpfs5dfnhl']
[2022-08-06 19:36:36,554] {standard_task_runner.py:80} INFO - Job 189: Subtask second_task
[2022-08-06 19:36:36,649] {task_command.py:371} INFO - Running <TaskInstance: our_first_dag_v5.second_task scheduled__2021-09-29T00:00:00+00:00 [running]> on host b29c168c1666
[2022-08-06 19:36:36,755] {taskinstance.py:1591} INFO - Exporting the following env vars:
AIRFLOW_CTX_DAG_OWNER=coder2j
AIRFLOW_CTX_DAG_ID=our_first_dag_v5
AIRFLOW_CTX_TASK_ID=second_task
AIRFLOW_CTX_EXECUTION_DATE=2021-09-29T00:00:00+00:00
AIRFLOW_CTX_TRY_NUMBER=1
AIRFLOW_CTX_DAG_RUN_ID=scheduled__2021-09-29T00:00:00+00:00
[2022-08-06 19:36:36,756] {subprocess.py:62} INFO - Tmp dir root location: 
 /tmp
[2022-08-06 19:36:36,756] {subprocess.py:74} INFO - Running command: ['bash', '-c', 'echo hey, I am task2 and will be running after task1!']
[2022-08-06 19:36:36,769] {subprocess.py:85} INFO - Output:
[2022-08-06 19:36:36,771] {subprocess.py:92} INFO - hey, I am task2 and will be running after task1!
[2022-08-06 19:36:36,772] {subprocess.py:96} INFO - Command exited with return code 0
[2022-08-06 19:36:36,806] {taskinstance.py:1420} INFO - Marking task as SUCCESS. dag_id=our_first_dag_v5, task_id=second_task, execution_date=20210929T000000, start_date=20220806T193636, end_date=20220806T193636
[2022-08-06 19:36:36,847] {local_task_job.py:156} INFO - Task exited with return code 0
[2022-08-06 19:36:36,890] {local_task_job.py:273} INFO - 0 downstream tasks scheduled from follow-on schedule check
[2022-08-06 21:50:29,965] {taskinstance.py:1179} INFO - Dependencies all met for <TaskInstance: our_first_dag_v5.second_task scheduled__2021-09-29T00:00:00+00:00 [queued]>
[2022-08-06 21:50:29,979] {taskinstance.py:1179} INFO - Dependencies all met for <TaskInstance: our_first_dag_v5.second_task scheduled__2021-09-29T00:00:00+00:00 [queued]>
[2022-08-06 21:50:29,979] {taskinstance.py:1376} INFO - 
--------------------------------------------------------------------------------
[2022-08-06 21:50:29,980] {taskinstance.py:1377} INFO - Starting attempt 1 of 6
[2022-08-06 21:50:29,980] {taskinstance.py:1378} INFO - 
--------------------------------------------------------------------------------
[2022-08-06 21:50:29,999] {taskinstance.py:1397} INFO - Executing <Task(BashOperator): second_task> on 2021-09-29 00:00:00+00:00
[2022-08-06 21:50:30,007] {standard_task_runner.py:52} INFO - Started process 872 to run task
[2022-08-06 21:50:30,010] {standard_task_runner.py:79} INFO - Running: ['***', 'tasks', 'run', 'our_first_dag_v5', 'second_task', 'scheduled__2021-09-29T00:00:00+00:00', '--job-id', '190', '--raw', '--subdir', 'DAGS_FOLDER/pipeline.py', '--cfg-path', '/tmp/tmptt243t6i', '--error-file', '/tmp/tmpbjs5wlkw']
[2022-08-06 21:50:30,010] {standard_task_runner.py:80} INFO - Job 190: Subtask second_task
[2022-08-06 21:50:30,079] {task_command.py:371} INFO - Running <TaskInstance: our_first_dag_v5.second_task scheduled__2021-09-29T00:00:00+00:00 [running]> on host c3f731879890
[2022-08-06 21:50:30,166] {taskinstance.py:1591} INFO - Exporting the following env vars:
AIRFLOW_CTX_DAG_OWNER=coder2j
AIRFLOW_CTX_DAG_ID=our_first_dag_v5
AIRFLOW_CTX_TASK_ID=second_task
AIRFLOW_CTX_EXECUTION_DATE=2021-09-29T00:00:00+00:00
AIRFLOW_CTX_TRY_NUMBER=1
AIRFLOW_CTX_DAG_RUN_ID=scheduled__2021-09-29T00:00:00+00:00
[2022-08-06 21:50:30,167] {subprocess.py:62} INFO - Tmp dir root location: 
 /tmp
[2022-08-06 21:50:30,168] {subprocess.py:74} INFO - Running command: ['bash', '-c', 'echo hey, I am task2 and will be running after task1!']
[2022-08-06 21:50:30,185] {subprocess.py:85} INFO - Output:
[2022-08-06 21:50:30,187] {subprocess.py:92} INFO - hey, I am task2 and will be running after task1!
[2022-08-06 21:50:30,187] {subprocess.py:96} INFO - Command exited with return code 0
[2022-08-06 21:50:30,224] {taskinstance.py:1420} INFO - Marking task as SUCCESS. dag_id=our_first_dag_v5, task_id=second_task, execution_date=20210929T000000, start_date=20220806T215029, end_date=20220806T215030
[2022-08-06 21:50:30,261] {local_task_job.py:156} INFO - Task exited with return code 0
[2022-08-06 21:50:30,309] {local_task_job.py:273} INFO - 0 downstream tasks scheduled from follow-on schedule check
[2022-08-06 21:55:59,256] {taskinstance.py:1179} INFO - Dependencies all met for <TaskInstance: our_first_dag_v5.second_task scheduled__2021-09-29T00:00:00+00:00 [queued]>
[2022-08-06 21:55:59,272] {taskinstance.py:1179} INFO - Dependencies all met for <TaskInstance: our_first_dag_v5.second_task scheduled__2021-09-29T00:00:00+00:00 [queued]>
[2022-08-06 21:55:59,272] {taskinstance.py:1376} INFO - 
--------------------------------------------------------------------------------
[2022-08-06 21:55:59,272] {taskinstance.py:1377} INFO - Starting attempt 1 of 6
[2022-08-06 21:55:59,272] {taskinstance.py:1378} INFO - 
--------------------------------------------------------------------------------
[2022-08-06 21:55:59,295] {taskinstance.py:1397} INFO - Executing <Task(BashOperator): second_task> on 2021-09-29 00:00:00+00:00
[2022-08-06 21:55:59,320] {standard_task_runner.py:52} INFO - Started process 670 to run task
[2022-08-06 21:55:59,329] {standard_task_runner.py:79} INFO - Running: ['***', 'tasks', 'run', 'our_first_dag_v5', 'second_task', 'scheduled__2021-09-29T00:00:00+00:00', '--job-id', '189', '--raw', '--subdir', 'DAGS_FOLDER/pipeline.py', '--cfg-path', '/tmp/tmpa5fcobqb', '--error-file', '/tmp/tmpg3wdd9p6']
[2022-08-06 21:55:59,330] {standard_task_runner.py:80} INFO - Job 189: Subtask second_task
[2022-08-06 21:55:59,424] {task_command.py:371} INFO - Running <TaskInstance: our_first_dag_v5.second_task scheduled__2021-09-29T00:00:00+00:00 [running]> on host bc7e154a4fdd
[2022-08-06 21:55:59,519] {taskinstance.py:1591} INFO - Exporting the following env vars:
AIRFLOW_CTX_DAG_OWNER=coder2j
AIRFLOW_CTX_DAG_ID=our_first_dag_v5
AIRFLOW_CTX_TASK_ID=second_task
AIRFLOW_CTX_EXECUTION_DATE=2021-09-29T00:00:00+00:00
AIRFLOW_CTX_TRY_NUMBER=1
AIRFLOW_CTX_DAG_RUN_ID=scheduled__2021-09-29T00:00:00+00:00
[2022-08-06 21:55:59,520] {subprocess.py:62} INFO - Tmp dir root location: 
 /tmp
[2022-08-06 21:55:59,521] {subprocess.py:74} INFO - Running command: ['bash', '-c', 'echo hey, I am task2 and will be running after task1!']
[2022-08-06 21:55:59,534] {subprocess.py:85} INFO - Output:
[2022-08-06 21:55:59,536] {subprocess.py:92} INFO - hey, I am task2 and will be running after task1!
[2022-08-06 21:55:59,536] {subprocess.py:96} INFO - Command exited with return code 0
[2022-08-06 21:55:59,566] {taskinstance.py:1420} INFO - Marking task as SUCCESS. dag_id=our_first_dag_v5, task_id=second_task, execution_date=20210929T000000, start_date=20220806T215559, end_date=20220806T215559
[2022-08-06 21:55:59,623] {local_task_job.py:156} INFO - Task exited with return code 0
[2022-08-06 21:55:59,664] {local_task_job.py:273} INFO - 0 downstream tasks scheduled from follow-on schedule check
[2022-08-06 22:11:01,217] {taskinstance.py:1179} INFO - Dependencies all met for <TaskInstance: our_first_dag_v5.second_task scheduled__2021-09-29T00:00:00+00:00 [queued]>
[2022-08-06 22:11:01,231] {taskinstance.py:1179} INFO - Dependencies all met for <TaskInstance: our_first_dag_v5.second_task scheduled__2021-09-29T00:00:00+00:00 [queued]>
[2022-08-06 22:11:01,231] {taskinstance.py:1376} INFO - 
--------------------------------------------------------------------------------
[2022-08-06 22:11:01,231] {taskinstance.py:1377} INFO - Starting attempt 1 of 6
[2022-08-06 22:11:01,231] {taskinstance.py:1378} INFO - 
--------------------------------------------------------------------------------
[2022-08-06 22:11:01,248] {taskinstance.py:1397} INFO - Executing <Task(BashOperator): second_task> on 2021-09-29 00:00:00+00:00
[2022-08-06 22:11:01,254] {standard_task_runner.py:52} INFO - Started process 668 to run task
[2022-08-06 22:11:01,258] {standard_task_runner.py:79} INFO - Running: ['***', 'tasks', 'run', 'our_first_dag_v5', 'second_task', 'scheduled__2021-09-29T00:00:00+00:00', '--job-id', '188', '--raw', '--subdir', 'DAGS_FOLDER/pipeline.py', '--cfg-path', '/tmp/tmpdpyhwl7n', '--error-file', '/tmp/tmpongt3_bu']
[2022-08-06 22:11:01,258] {standard_task_runner.py:80} INFO - Job 188: Subtask second_task
[2022-08-06 22:11:01,320] {task_command.py:371} INFO - Running <TaskInstance: our_first_dag_v5.second_task scheduled__2021-09-29T00:00:00+00:00 [running]> on host 1250c3b659cd
[2022-08-06 22:11:01,396] {taskinstance.py:1591} INFO - Exporting the following env vars:
AIRFLOW_CTX_DAG_OWNER=coder2j
AIRFLOW_CTX_DAG_ID=our_first_dag_v5
AIRFLOW_CTX_TASK_ID=second_task
AIRFLOW_CTX_EXECUTION_DATE=2021-09-29T00:00:00+00:00
AIRFLOW_CTX_TRY_NUMBER=1
AIRFLOW_CTX_DAG_RUN_ID=scheduled__2021-09-29T00:00:00+00:00
[2022-08-06 22:11:01,397] {subprocess.py:62} INFO - Tmp dir root location: 
 /tmp
[2022-08-06 22:11:01,397] {subprocess.py:74} INFO - Running command: ['bash', '-c', 'echo hey, I am task2 and will be running after task1!']
[2022-08-06 22:11:01,408] {subprocess.py:85} INFO - Output:
[2022-08-06 22:11:01,409] {subprocess.py:92} INFO - hey, I am task2 and will be running after task1!
[2022-08-06 22:11:01,409] {subprocess.py:96} INFO - Command exited with return code 0
[2022-08-06 22:11:01,438] {taskinstance.py:1420} INFO - Marking task as SUCCESS. dag_id=our_first_dag_v5, task_id=second_task, execution_date=20210929T000000, start_date=20220806T221101, end_date=20220806T221101
[2022-08-06 22:11:01,469] {local_task_job.py:156} INFO - Task exited with return code 0
[2022-08-06 22:11:01,498] {local_task_job.py:273} INFO - 0 downstream tasks scheduled from follow-on schedule check
[2022-08-06 22:18:46,623] {taskinstance.py:1179} INFO - Dependencies all met for <TaskInstance: our_first_dag_v5.second_task scheduled__2021-09-29T00:00:00+00:00 [queued]>
[2022-08-06 22:18:46,637] {taskinstance.py:1179} INFO - Dependencies all met for <TaskInstance: our_first_dag_v5.second_task scheduled__2021-09-29T00:00:00+00:00 [queued]>
[2022-08-06 22:18:46,637] {taskinstance.py:1376} INFO - 
--------------------------------------------------------------------------------
[2022-08-06 22:18:46,637] {taskinstance.py:1377} INFO - Starting attempt 1 of 6
[2022-08-06 22:18:46,637] {taskinstance.py:1378} INFO - 
--------------------------------------------------------------------------------
[2022-08-06 22:18:46,654] {taskinstance.py:1397} INFO - Executing <Task(BashOperator): second_task> on 2021-09-29 00:00:00+00:00
[2022-08-06 22:18:46,660] {standard_task_runner.py:52} INFO - Started process 685 to run task
[2022-08-06 22:18:46,662] {standard_task_runner.py:79} INFO - Running: ['***', 'tasks', 'run', 'our_first_dag_v5', 'second_task', 'scheduled__2021-09-29T00:00:00+00:00', '--job-id', '189', '--raw', '--subdir', 'DAGS_FOLDER/pipeline.py', '--cfg-path', '/tmp/tmpmaxqe4bw', '--error-file', '/tmp/tmp6zu4g5wy']
[2022-08-06 22:18:46,663] {standard_task_runner.py:80} INFO - Job 189: Subtask second_task
[2022-08-06 22:18:46,731] {task_command.py:371} INFO - Running <TaskInstance: our_first_dag_v5.second_task scheduled__2021-09-29T00:00:00+00:00 [running]> on host ed53bde1c44a
[2022-08-06 22:18:46,818] {taskinstance.py:1591} INFO - Exporting the following env vars:
AIRFLOW_CTX_DAG_OWNER=coder2j
AIRFLOW_CTX_DAG_ID=our_first_dag_v5
AIRFLOW_CTX_TASK_ID=second_task
AIRFLOW_CTX_EXECUTION_DATE=2021-09-29T00:00:00+00:00
AIRFLOW_CTX_TRY_NUMBER=1
AIRFLOW_CTX_DAG_RUN_ID=scheduled__2021-09-29T00:00:00+00:00
[2022-08-06 22:18:46,819] {subprocess.py:62} INFO - Tmp dir root location: 
 /tmp
[2022-08-06 22:18:46,820] {subprocess.py:74} INFO - Running command: ['bash', '-c', 'echo hey, I am task2 and will be running after task1!']
[2022-08-06 22:18:46,831] {subprocess.py:85} INFO - Output:
[2022-08-06 22:18:46,833] {subprocess.py:92} INFO - hey, I am task2 and will be running after task1!
[2022-08-06 22:18:46,833] {subprocess.py:96} INFO - Command exited with return code 0
[2022-08-06 22:18:46,863] {taskinstance.py:1420} INFO - Marking task as SUCCESS. dag_id=our_first_dag_v5, task_id=second_task, execution_date=20210929T000000, start_date=20220806T221846, end_date=20220806T221846
[2022-08-06 22:18:46,914] {local_task_job.py:156} INFO - Task exited with return code 0
[2022-08-06 22:18:46,940] {local_task_job.py:273} INFO - 0 downstream tasks scheduled from follow-on schedule check
[2022-08-06 22:22:22,108] {taskinstance.py:1179} INFO - Dependencies all met for <TaskInstance: our_first_dag_v5.second_task scheduled__2021-09-29T00:00:00+00:00 [queued]>
[2022-08-06 22:22:22,124] {taskinstance.py:1179} INFO - Dependencies all met for <TaskInstance: our_first_dag_v5.second_task scheduled__2021-09-29T00:00:00+00:00 [queued]>
[2022-08-06 22:22:22,125] {taskinstance.py:1376} INFO - 
--------------------------------------------------------------------------------
[2022-08-06 22:22:22,125] {taskinstance.py:1377} INFO - Starting attempt 1 of 6
[2022-08-06 22:22:22,125] {taskinstance.py:1378} INFO - 
--------------------------------------------------------------------------------
[2022-08-06 22:22:22,143] {taskinstance.py:1397} INFO - Executing <Task(BashOperator): second_task> on 2021-09-29 00:00:00+00:00
[2022-08-06 22:22:22,150] {standard_task_runner.py:52} INFO - Started process 720 to run task
[2022-08-06 22:22:22,154] {standard_task_runner.py:79} INFO - Running: ['***', 'tasks', 'run', 'our_first_dag_v5', 'second_task', 'scheduled__2021-09-29T00:00:00+00:00', '--job-id', '190', '--raw', '--subdir', 'DAGS_FOLDER/pipeline.py', '--cfg-path', '/tmp/tmpx4s4p68g', '--error-file', '/tmp/tmpkqbmi3wk']
[2022-08-06 22:22:22,154] {standard_task_runner.py:80} INFO - Job 190: Subtask second_task
[2022-08-06 22:22:22,235] {task_command.py:371} INFO - Running <TaskInstance: our_first_dag_v5.second_task scheduled__2021-09-29T00:00:00+00:00 [running]> on host b215076695c3
[2022-08-06 22:22:22,332] {taskinstance.py:1591} INFO - Exporting the following env vars:
AIRFLOW_CTX_DAG_OWNER=coder2j
AIRFLOW_CTX_DAG_ID=our_first_dag_v5
AIRFLOW_CTX_TASK_ID=second_task
AIRFLOW_CTX_EXECUTION_DATE=2021-09-29T00:00:00+00:00
AIRFLOW_CTX_TRY_NUMBER=1
AIRFLOW_CTX_DAG_RUN_ID=scheduled__2021-09-29T00:00:00+00:00
[2022-08-06 22:22:22,333] {subprocess.py:62} INFO - Tmp dir root location: 
 /tmp
[2022-08-06 22:22:22,334] {subprocess.py:74} INFO - Running command: ['bash', '-c', 'echo hey, I am task2 and will be running after task1!']
[2022-08-06 22:22:22,348] {subprocess.py:85} INFO - Output:
[2022-08-06 22:22:22,349] {subprocess.py:92} INFO - hey, I am task2 and will be running after task1!
[2022-08-06 22:22:22,350] {subprocess.py:96} INFO - Command exited with return code 0
[2022-08-06 22:22:22,389] {taskinstance.py:1420} INFO - Marking task as SUCCESS. dag_id=our_first_dag_v5, task_id=second_task, execution_date=20210929T000000, start_date=20220806T222222, end_date=20220806T222222
[2022-08-06 22:22:22,445] {local_task_job.py:156} INFO - Task exited with return code 0
[2022-08-06 22:22:22,480] {local_task_job.py:273} INFO - 0 downstream tasks scheduled from follow-on schedule check
