[2022-08-06 19:37:02,153] {taskinstance.py:1179} INFO - Dependencies all met for <TaskInstance: our_first_dag_v5.thrid_task scheduled__2021-11-03T00:00:00+00:00 [queued]>
[2022-08-06 19:37:02,166] {taskinstance.py:1179} INFO - Dependencies all met for <TaskInstance: our_first_dag_v5.thrid_task scheduled__2021-11-03T00:00:00+00:00 [queued]>
[2022-08-06 19:37:02,166] {taskinstance.py:1376} INFO - 
--------------------------------------------------------------------------------
[2022-08-06 19:37:02,166] {taskinstance.py:1377} INFO - Starting attempt 1 of 6
[2022-08-06 19:37:02,166] {taskinstance.py:1378} INFO - 
--------------------------------------------------------------------------------
[2022-08-06 19:37:02,184] {taskinstance.py:1397} INFO - Executing <Task(BashOperator): thrid_task> on 2021-11-03 00:00:00+00:00
[2022-08-06 19:37:02,190] {standard_task_runner.py:52} INFO - Started process 1021 to run task
[2022-08-06 19:37:02,194] {standard_task_runner.py:79} INFO - Running: ['***', 'tasks', 'run', 'our_first_dag_v5', 'thrid_task', 'scheduled__2021-11-03T00:00:00+00:00', '--job-id', '296', '--raw', '--subdir', 'DAGS_FOLDER/pipeline.py', '--cfg-path', '/tmp/tmpdy5raeyf', '--error-file', '/tmp/tmp968c04va']
[2022-08-06 19:37:02,194] {standard_task_runner.py:80} INFO - Job 296: Subtask thrid_task
[2022-08-06 19:37:02,286] {task_command.py:371} INFO - Running <TaskInstance: our_first_dag_v5.thrid_task scheduled__2021-11-03T00:00:00+00:00 [running]> on host b29c168c1666
[2022-08-06 19:37:02,395] {taskinstance.py:1591} INFO - Exporting the following env vars:
AIRFLOW_CTX_DAG_OWNER=coder2j
AIRFLOW_CTX_DAG_ID=our_first_dag_v5
AIRFLOW_CTX_TASK_ID=thrid_task
AIRFLOW_CTX_EXECUTION_DATE=2021-11-03T00:00:00+00:00
AIRFLOW_CTX_TRY_NUMBER=1
AIRFLOW_CTX_DAG_RUN_ID=scheduled__2021-11-03T00:00:00+00:00
[2022-08-06 19:37:02,396] {subprocess.py:62} INFO - Tmp dir root location: 
 /tmp
[2022-08-06 19:37:02,397] {subprocess.py:74} INFO - Running command: ['bash', '-c', 'echo hey, I am task3 and will be running after task1 at the same time as task2!']
[2022-08-06 19:37:02,415] {subprocess.py:85} INFO - Output:
[2022-08-06 19:37:02,417] {subprocess.py:92} INFO - hey, I am task3 and will be running after task1 at the same time as task2!
[2022-08-06 19:37:02,418] {subprocess.py:96} INFO - Command exited with return code 0
[2022-08-06 19:37:02,486] {taskinstance.py:1420} INFO - Marking task as SUCCESS. dag_id=our_first_dag_v5, task_id=thrid_task, execution_date=20211103T000000, start_date=20220806T193702, end_date=20220806T193702
[2022-08-06 19:37:02,566] {local_task_job.py:156} INFO - Task exited with return code 0
[2022-08-06 19:37:02,631] {local_task_job.py:273} INFO - 0 downstream tasks scheduled from follow-on schedule check
[2022-08-06 21:50:53,443] {taskinstance.py:1179} INFO - Dependencies all met for <TaskInstance: our_first_dag_v5.thrid_task scheduled__2021-11-03T00:00:00+00:00 [queued]>
[2022-08-06 21:50:53,461] {taskinstance.py:1179} INFO - Dependencies all met for <TaskInstance: our_first_dag_v5.thrid_task scheduled__2021-11-03T00:00:00+00:00 [queued]>
[2022-08-06 21:50:53,462] {taskinstance.py:1376} INFO - 
--------------------------------------------------------------------------------
[2022-08-06 21:50:53,462] {taskinstance.py:1377} INFO - Starting attempt 1 of 6
[2022-08-06 21:50:53,462] {taskinstance.py:1378} INFO - 
--------------------------------------------------------------------------------
[2022-08-06 21:50:53,484] {taskinstance.py:1397} INFO - Executing <Task(BashOperator): thrid_task> on 2021-11-03 00:00:00+00:00
[2022-08-06 21:50:53,492] {standard_task_runner.py:52} INFO - Started process 1205 to run task
[2022-08-06 21:50:53,495] {standard_task_runner.py:79} INFO - Running: ['***', 'tasks', 'run', 'our_first_dag_v5', 'thrid_task', 'scheduled__2021-11-03T00:00:00+00:00', '--job-id', '295', '--raw', '--subdir', 'DAGS_FOLDER/pipeline.py', '--cfg-path', '/tmp/tmp8hp7hegf', '--error-file', '/tmp/tmpoe9zicvl']
[2022-08-06 21:50:53,496] {standard_task_runner.py:80} INFO - Job 295: Subtask thrid_task
[2022-08-06 21:50:53,581] {task_command.py:371} INFO - Running <TaskInstance: our_first_dag_v5.thrid_task scheduled__2021-11-03T00:00:00+00:00 [running]> on host c3f731879890
[2022-08-06 21:50:53,679] {taskinstance.py:1591} INFO - Exporting the following env vars:
AIRFLOW_CTX_DAG_OWNER=coder2j
AIRFLOW_CTX_DAG_ID=our_first_dag_v5
AIRFLOW_CTX_TASK_ID=thrid_task
AIRFLOW_CTX_EXECUTION_DATE=2021-11-03T00:00:00+00:00
AIRFLOW_CTX_TRY_NUMBER=1
AIRFLOW_CTX_DAG_RUN_ID=scheduled__2021-11-03T00:00:00+00:00
[2022-08-06 21:50:53,680] {subprocess.py:62} INFO - Tmp dir root location: 
 /tmp
[2022-08-06 21:50:53,681] {subprocess.py:74} INFO - Running command: ['bash', '-c', 'echo hey, I am task3 and will be running after task1 at the same time as task2!']
[2022-08-06 21:50:53,700] {subprocess.py:85} INFO - Output:
[2022-08-06 21:50:53,703] {subprocess.py:92} INFO - hey, I am task3 and will be running after task1 at the same time as task2!
[2022-08-06 21:50:53,703] {subprocess.py:96} INFO - Command exited with return code 0
[2022-08-06 21:50:53,744] {taskinstance.py:1420} INFO - Marking task as SUCCESS. dag_id=our_first_dag_v5, task_id=thrid_task, execution_date=20211103T000000, start_date=20220806T215053, end_date=20220806T215053
[2022-08-06 21:50:53,792] {local_task_job.py:156} INFO - Task exited with return code 0
[2022-08-06 21:50:53,836] {local_task_job.py:273} INFO - 0 downstream tasks scheduled from follow-on schedule check
[2022-08-06 21:56:19,225] {taskinstance.py:1179} INFO - Dependencies all met for <TaskInstance: our_first_dag_v5.thrid_task scheduled__2021-11-03T00:00:00+00:00 [queued]>
[2022-08-06 21:56:19,239] {taskinstance.py:1179} INFO - Dependencies all met for <TaskInstance: our_first_dag_v5.thrid_task scheduled__2021-11-03T00:00:00+00:00 [queued]>
[2022-08-06 21:56:19,239] {taskinstance.py:1376} INFO - 
--------------------------------------------------------------------------------
[2022-08-06 21:56:19,239] {taskinstance.py:1377} INFO - Starting attempt 1 of 6
[2022-08-06 21:56:19,239] {taskinstance.py:1378} INFO - 
--------------------------------------------------------------------------------
[2022-08-06 21:56:19,255] {taskinstance.py:1397} INFO - Executing <Task(BashOperator): thrid_task> on 2021-11-03 00:00:00+00:00
[2022-08-06 21:56:19,262] {standard_task_runner.py:52} INFO - Started process 987 to run task
[2022-08-06 21:56:19,264] {standard_task_runner.py:79} INFO - Running: ['***', 'tasks', 'run', 'our_first_dag_v5', 'thrid_task', 'scheduled__2021-11-03T00:00:00+00:00', '--job-id', '293', '--raw', '--subdir', 'DAGS_FOLDER/pipeline.py', '--cfg-path', '/tmp/tmp0i78q8zf', '--error-file', '/tmp/tmpf1sdu0gi']
[2022-08-06 21:56:19,265] {standard_task_runner.py:80} INFO - Job 293: Subtask thrid_task
[2022-08-06 21:56:19,331] {task_command.py:371} INFO - Running <TaskInstance: our_first_dag_v5.thrid_task scheduled__2021-11-03T00:00:00+00:00 [running]> on host bc7e154a4fdd
[2022-08-06 21:56:19,410] {taskinstance.py:1591} INFO - Exporting the following env vars:
AIRFLOW_CTX_DAG_OWNER=coder2j
AIRFLOW_CTX_DAG_ID=our_first_dag_v5
AIRFLOW_CTX_TASK_ID=thrid_task
AIRFLOW_CTX_EXECUTION_DATE=2021-11-03T00:00:00+00:00
AIRFLOW_CTX_TRY_NUMBER=1
AIRFLOW_CTX_DAG_RUN_ID=scheduled__2021-11-03T00:00:00+00:00
[2022-08-06 21:56:19,411] {subprocess.py:62} INFO - Tmp dir root location: 
 /tmp
[2022-08-06 21:56:19,411] {subprocess.py:74} INFO - Running command: ['bash', '-c', 'echo hey, I am task3 and will be running after task1 at the same time as task2!']
[2022-08-06 21:56:19,422] {subprocess.py:85} INFO - Output:
[2022-08-06 21:56:19,423] {subprocess.py:92} INFO - hey, I am task3 and will be running after task1 at the same time as task2!
[2022-08-06 21:56:19,424] {subprocess.py:96} INFO - Command exited with return code 0
[2022-08-06 21:56:19,450] {taskinstance.py:1420} INFO - Marking task as SUCCESS. dag_id=our_first_dag_v5, task_id=thrid_task, execution_date=20211103T000000, start_date=20220806T215619, end_date=20220806T215619
[2022-08-06 21:56:19,476] {local_task_job.py:156} INFO - Task exited with return code 0
[2022-08-06 21:56:19,507] {local_task_job.py:273} INFO - 0 downstream tasks scheduled from follow-on schedule check
[2022-08-06 22:11:21,596] {taskinstance.py:1179} INFO - Dependencies all met for <TaskInstance: our_first_dag_v5.thrid_task scheduled__2021-11-03T00:00:00+00:00 [queued]>
[2022-08-06 22:11:21,611] {taskinstance.py:1179} INFO - Dependencies all met for <TaskInstance: our_first_dag_v5.thrid_task scheduled__2021-11-03T00:00:00+00:00 [queued]>
[2022-08-06 22:11:21,611] {taskinstance.py:1376} INFO - 
--------------------------------------------------------------------------------
[2022-08-06 22:11:21,611] {taskinstance.py:1377} INFO - Starting attempt 1 of 6
[2022-08-06 22:11:21,611] {taskinstance.py:1378} INFO - 
--------------------------------------------------------------------------------
[2022-08-06 22:11:21,625] {taskinstance.py:1397} INFO - Executing <Task(BashOperator): thrid_task> on 2021-11-03 00:00:00+00:00
[2022-08-06 22:11:21,631] {standard_task_runner.py:52} INFO - Started process 999 to run task
[2022-08-06 22:11:21,633] {standard_task_runner.py:79} INFO - Running: ['***', 'tasks', 'run', 'our_first_dag_v5', 'thrid_task', 'scheduled__2021-11-03T00:00:00+00:00', '--job-id', '292', '--raw', '--subdir', 'DAGS_FOLDER/pipeline.py', '--cfg-path', '/tmp/tmpis58t9u0', '--error-file', '/tmp/tmphrkkolvi']
[2022-08-06 22:11:21,634] {standard_task_runner.py:80} INFO - Job 292: Subtask thrid_task
[2022-08-06 22:11:21,704] {task_command.py:371} INFO - Running <TaskInstance: our_first_dag_v5.thrid_task scheduled__2021-11-03T00:00:00+00:00 [running]> on host 1250c3b659cd
[2022-08-06 22:11:21,826] {taskinstance.py:1591} INFO - Exporting the following env vars:
AIRFLOW_CTX_DAG_OWNER=coder2j
AIRFLOW_CTX_DAG_ID=our_first_dag_v5
AIRFLOW_CTX_TASK_ID=thrid_task
AIRFLOW_CTX_EXECUTION_DATE=2021-11-03T00:00:00+00:00
AIRFLOW_CTX_TRY_NUMBER=1
AIRFLOW_CTX_DAG_RUN_ID=scheduled__2021-11-03T00:00:00+00:00
[2022-08-06 22:11:21,827] {subprocess.py:62} INFO - Tmp dir root location: 
 /tmp
[2022-08-06 22:11:21,828] {subprocess.py:74} INFO - Running command: ['bash', '-c', 'echo hey, I am task3 and will be running after task1 at the same time as task2!']
[2022-08-06 22:11:21,843] {subprocess.py:85} INFO - Output:
[2022-08-06 22:11:21,844] {subprocess.py:92} INFO - hey, I am task3 and will be running after task1 at the same time as task2!
[2022-08-06 22:11:21,845] {subprocess.py:96} INFO - Command exited with return code 0
[2022-08-06 22:11:21,883] {taskinstance.py:1420} INFO - Marking task as SUCCESS. dag_id=our_first_dag_v5, task_id=thrid_task, execution_date=20211103T000000, start_date=20220806T221121, end_date=20220806T221121
[2022-08-06 22:11:21,925] {local_task_job.py:156} INFO - Task exited with return code 0
[2022-08-06 22:11:21,961] {local_task_job.py:273} INFO - 0 downstream tasks scheduled from follow-on schedule check
[2022-08-06 22:19:06,526] {taskinstance.py:1179} INFO - Dependencies all met for <TaskInstance: our_first_dag_v5.thrid_task scheduled__2021-11-03T00:00:00+00:00 [queued]>
[2022-08-06 22:19:06,543] {taskinstance.py:1179} INFO - Dependencies all met for <TaskInstance: our_first_dag_v5.thrid_task scheduled__2021-11-03T00:00:00+00:00 [queued]>
[2022-08-06 22:19:06,543] {taskinstance.py:1376} INFO - 
--------------------------------------------------------------------------------
[2022-08-06 22:19:06,543] {taskinstance.py:1377} INFO - Starting attempt 1 of 6
[2022-08-06 22:19:06,543] {taskinstance.py:1378} INFO - 
--------------------------------------------------------------------------------
[2022-08-06 22:19:06,562] {taskinstance.py:1397} INFO - Executing <Task(BashOperator): thrid_task> on 2021-11-03 00:00:00+00:00
[2022-08-06 22:19:06,569] {standard_task_runner.py:52} INFO - Started process 1026 to run task
[2022-08-06 22:19:06,572] {standard_task_runner.py:79} INFO - Running: ['***', 'tasks', 'run', 'our_first_dag_v5', 'thrid_task', 'scheduled__2021-11-03T00:00:00+00:00', '--job-id', '299', '--raw', '--subdir', 'DAGS_FOLDER/pipeline.py', '--cfg-path', '/tmp/tmpb78u3ivk', '--error-file', '/tmp/tmpbwrowmk9']
[2022-08-06 22:19:06,573] {standard_task_runner.py:80} INFO - Job 299: Subtask thrid_task
[2022-08-06 22:19:06,671] {task_command.py:371} INFO - Running <TaskInstance: our_first_dag_v5.thrid_task scheduled__2021-11-03T00:00:00+00:00 [running]> on host ed53bde1c44a
[2022-08-06 22:19:06,774] {taskinstance.py:1591} INFO - Exporting the following env vars:
AIRFLOW_CTX_DAG_OWNER=coder2j
AIRFLOW_CTX_DAG_ID=our_first_dag_v5
AIRFLOW_CTX_TASK_ID=thrid_task
AIRFLOW_CTX_EXECUTION_DATE=2021-11-03T00:00:00+00:00
AIRFLOW_CTX_TRY_NUMBER=1
AIRFLOW_CTX_DAG_RUN_ID=scheduled__2021-11-03T00:00:00+00:00
[2022-08-06 22:19:06,775] {subprocess.py:62} INFO - Tmp dir root location: 
 /tmp
[2022-08-06 22:19:06,775] {subprocess.py:74} INFO - Running command: ['bash', '-c', 'echo hey, I am task3 and will be running after task1 at the same time as task2!']
[2022-08-06 22:19:06,791] {subprocess.py:85} INFO - Output:
[2022-08-06 22:19:06,793] {subprocess.py:92} INFO - hey, I am task3 and will be running after task1 at the same time as task2!
[2022-08-06 22:19:06,794] {subprocess.py:96} INFO - Command exited with return code 0
[2022-08-06 22:19:06,858] {taskinstance.py:1420} INFO - Marking task as SUCCESS. dag_id=our_first_dag_v5, task_id=thrid_task, execution_date=20211103T000000, start_date=20220806T221906, end_date=20220806T221906
[2022-08-06 22:19:06,912] {local_task_job.py:156} INFO - Task exited with return code 0
[2022-08-06 22:19:06,962] {local_task_job.py:273} INFO - 0 downstream tasks scheduled from follow-on schedule check
[2022-08-06 22:22:43,167] {taskinstance.py:1179} INFO - Dependencies all met for <TaskInstance: our_first_dag_v5.thrid_task scheduled__2021-11-03T00:00:00+00:00 [queued]>
[2022-08-06 22:22:43,181] {taskinstance.py:1179} INFO - Dependencies all met for <TaskInstance: our_first_dag_v5.thrid_task scheduled__2021-11-03T00:00:00+00:00 [queued]>
[2022-08-06 22:22:43,181] {taskinstance.py:1376} INFO - 
--------------------------------------------------------------------------------
[2022-08-06 22:22:43,181] {taskinstance.py:1377} INFO - Starting attempt 1 of 6
[2022-08-06 22:22:43,181] {taskinstance.py:1378} INFO - 
--------------------------------------------------------------------------------
[2022-08-06 22:22:43,204] {taskinstance.py:1397} INFO - Executing <Task(BashOperator): thrid_task> on 2021-11-03 00:00:00+00:00
[2022-08-06 22:22:43,212] {standard_task_runner.py:52} INFO - Started process 1054 to run task
[2022-08-06 22:22:43,216] {standard_task_runner.py:79} INFO - Running: ['***', 'tasks', 'run', 'our_first_dag_v5', 'thrid_task', 'scheduled__2021-11-03T00:00:00+00:00', '--job-id', '293', '--raw', '--subdir', 'DAGS_FOLDER/pipeline.py', '--cfg-path', '/tmp/tmplk4z0stf', '--error-file', '/tmp/tmpw5hhywsj']
[2022-08-06 22:22:43,216] {standard_task_runner.py:80} INFO - Job 293: Subtask thrid_task
[2022-08-06 22:22:43,291] {task_command.py:371} INFO - Running <TaskInstance: our_first_dag_v5.thrid_task scheduled__2021-11-03T00:00:00+00:00 [running]> on host b215076695c3
[2022-08-06 22:22:43,390] {taskinstance.py:1591} INFO - Exporting the following env vars:
AIRFLOW_CTX_DAG_OWNER=coder2j
AIRFLOW_CTX_DAG_ID=our_first_dag_v5
AIRFLOW_CTX_TASK_ID=thrid_task
AIRFLOW_CTX_EXECUTION_DATE=2021-11-03T00:00:00+00:00
AIRFLOW_CTX_TRY_NUMBER=1
AIRFLOW_CTX_DAG_RUN_ID=scheduled__2021-11-03T00:00:00+00:00
[2022-08-06 22:22:43,391] {subprocess.py:62} INFO - Tmp dir root location: 
 /tmp
[2022-08-06 22:22:43,391] {subprocess.py:74} INFO - Running command: ['bash', '-c', 'echo hey, I am task3 and will be running after task1 at the same time as task2!']
[2022-08-06 22:22:43,404] {subprocess.py:85} INFO - Output:
[2022-08-06 22:22:43,406] {subprocess.py:92} INFO - hey, I am task3 and will be running after task1 at the same time as task2!
[2022-08-06 22:22:43,406] {subprocess.py:96} INFO - Command exited with return code 0
[2022-08-06 22:22:43,437] {taskinstance.py:1420} INFO - Marking task as SUCCESS. dag_id=our_first_dag_v5, task_id=thrid_task, execution_date=20211103T000000, start_date=20220806T222243, end_date=20220806T222243
[2022-08-06 22:22:43,467] {local_task_job.py:156} INFO - Task exited with return code 0
[2022-08-06 22:22:43,500] {local_task_job.py:273} INFO - 0 downstream tasks scheduled from follow-on schedule check
