[2022-08-06 19:39:05,311] {taskinstance.py:1179} INFO - Dependencies all met for <TaskInstance: our_first_dag_v5.first_task scheduled__2022-05-30T00:00:00+00:00 [queued]>
[2022-08-06 19:39:05,325] {taskinstance.py:1179} INFO - Dependencies all met for <TaskInstance: our_first_dag_v5.first_task scheduled__2022-05-30T00:00:00+00:00 [queued]>
[2022-08-06 19:39:05,325] {taskinstance.py:1376} INFO - 
--------------------------------------------------------------------------------
[2022-08-06 19:39:05,325] {taskinstance.py:1377} INFO - Starting attempt 1 of 6
[2022-08-06 19:39:05,325] {taskinstance.py:1378} INFO - 
--------------------------------------------------------------------------------
[2022-08-06 19:39:05,343] {taskinstance.py:1397} INFO - Executing <Task(BashOperator): first_task> on 2022-05-30 00:00:00+00:00
[2022-08-06 19:39:05,350] {standard_task_runner.py:52} INFO - Started process 2949 to run task
[2022-08-06 19:39:05,353] {standard_task_runner.py:79} INFO - Running: ['***', 'tasks', 'run', 'our_first_dag_v5', 'first_task', 'scheduled__2022-05-30T00:00:00+00:00', '--job-id', '907', '--raw', '--subdir', 'DAGS_FOLDER/pipeline.py', '--cfg-path', '/tmp/tmp8fxufjmy', '--error-file', '/tmp/tmpz0hackgd']
[2022-08-06 19:39:05,354] {standard_task_runner.py:80} INFO - Job 907: Subtask first_task
[2022-08-06 19:39:05,451] {task_command.py:371} INFO - Running <TaskInstance: our_first_dag_v5.first_task scheduled__2022-05-30T00:00:00+00:00 [running]> on host b29c168c1666
[2022-08-06 19:39:05,573] {taskinstance.py:1591} INFO - Exporting the following env vars:
AIRFLOW_CTX_DAG_OWNER=coder2j
AIRFLOW_CTX_DAG_ID=our_first_dag_v5
AIRFLOW_CTX_TASK_ID=first_task
AIRFLOW_CTX_EXECUTION_DATE=2022-05-30T00:00:00+00:00
AIRFLOW_CTX_TRY_NUMBER=1
AIRFLOW_CTX_DAG_RUN_ID=scheduled__2022-05-30T00:00:00+00:00
[2022-08-06 19:39:05,574] {subprocess.py:62} INFO - Tmp dir root location: 
 /tmp
[2022-08-06 19:39:05,575] {subprocess.py:74} INFO - Running command: ['bash', '-c', 'echo hello world, this is the first task!']
[2022-08-06 19:39:05,590] {subprocess.py:85} INFO - Output:
[2022-08-06 19:39:05,593] {subprocess.py:92} INFO - hello world, this is the first task!
[2022-08-06 19:39:05,593] {subprocess.py:96} INFO - Command exited with return code 0
[2022-08-06 19:39:05,692] {taskinstance.py:1420} INFO - Marking task as SUCCESS. dag_id=our_first_dag_v5, task_id=first_task, execution_date=20220530T000000, start_date=20220806T193905, end_date=20220806T193905
[2022-08-06 19:39:05,725] {local_task_job.py:156} INFO - Task exited with return code 0
[2022-08-06 19:39:05,779] {local_task_job.py:273} INFO - 2 downstream tasks scheduled from follow-on schedule check
[2022-08-06 21:52:56,649] {taskinstance.py:1179} INFO - Dependencies all met for <TaskInstance: our_first_dag_v5.first_task scheduled__2022-05-30T00:00:00+00:00 [queued]>
[2022-08-06 21:52:56,663] {taskinstance.py:1179} INFO - Dependencies all met for <TaskInstance: our_first_dag_v5.first_task scheduled__2022-05-30T00:00:00+00:00 [queued]>
[2022-08-06 21:52:56,663] {taskinstance.py:1376} INFO - 
--------------------------------------------------------------------------------
[2022-08-06 21:52:56,663] {taskinstance.py:1377} INFO - Starting attempt 1 of 6
[2022-08-06 21:52:56,663] {taskinstance.py:1378} INFO - 
--------------------------------------------------------------------------------
[2022-08-06 21:52:56,681] {taskinstance.py:1397} INFO - Executing <Task(BashOperator): first_task> on 2022-05-30 00:00:00+00:00
[2022-08-06 21:52:56,688] {standard_task_runner.py:52} INFO - Started process 3137 to run task
[2022-08-06 21:52:56,691] {standard_task_runner.py:79} INFO - Running: ['***', 'tasks', 'run', 'our_first_dag_v5', 'first_task', 'scheduled__2022-05-30T00:00:00+00:00', '--job-id', '910', '--raw', '--subdir', 'DAGS_FOLDER/pipeline.py', '--cfg-path', '/tmp/tmpy2a06nmo', '--error-file', '/tmp/tmplcdbk2hy']
[2022-08-06 21:52:56,692] {standard_task_runner.py:80} INFO - Job 910: Subtask first_task
[2022-08-06 21:52:56,772] {task_command.py:371} INFO - Running <TaskInstance: our_first_dag_v5.first_task scheduled__2022-05-30T00:00:00+00:00 [running]> on host c3f731879890
[2022-08-06 21:52:56,872] {taskinstance.py:1591} INFO - Exporting the following env vars:
AIRFLOW_CTX_DAG_OWNER=coder2j
AIRFLOW_CTX_DAG_ID=our_first_dag_v5
AIRFLOW_CTX_TASK_ID=first_task
AIRFLOW_CTX_EXECUTION_DATE=2022-05-30T00:00:00+00:00
AIRFLOW_CTX_TRY_NUMBER=1
AIRFLOW_CTX_DAG_RUN_ID=scheduled__2022-05-30T00:00:00+00:00
[2022-08-06 21:52:56,873] {subprocess.py:62} INFO - Tmp dir root location: 
 /tmp
[2022-08-06 21:52:56,873] {subprocess.py:74} INFO - Running command: ['bash', '-c', 'echo hello world, this is the first task!']
[2022-08-06 21:52:56,886] {subprocess.py:85} INFO - Output:
[2022-08-06 21:52:56,888] {subprocess.py:92} INFO - hello world, this is the first task!
[2022-08-06 21:52:56,888] {subprocess.py:96} INFO - Command exited with return code 0
[2022-08-06 21:52:56,923] {taskinstance.py:1420} INFO - Marking task as SUCCESS. dag_id=our_first_dag_v5, task_id=first_task, execution_date=20220530T000000, start_date=20220806T215256, end_date=20220806T215256
[2022-08-06 21:52:56,984] {local_task_job.py:156} INFO - Task exited with return code 0
[2022-08-06 21:52:57,034] {local_task_job.py:273} INFO - 2 downstream tasks scheduled from follow-on schedule check
[2022-08-06 21:58:24,286] {taskinstance.py:1179} INFO - Dependencies all met for <TaskInstance: our_first_dag_v5.first_task scheduled__2022-05-30T00:00:00+00:00 [queued]>
[2022-08-06 21:58:24,299] {taskinstance.py:1179} INFO - Dependencies all met for <TaskInstance: our_first_dag_v5.first_task scheduled__2022-05-30T00:00:00+00:00 [queued]>
[2022-08-06 21:58:24,299] {taskinstance.py:1376} INFO - 
--------------------------------------------------------------------------------
[2022-08-06 21:58:24,299] {taskinstance.py:1377} INFO - Starting attempt 1 of 6
[2022-08-06 21:58:24,299] {taskinstance.py:1378} INFO - 
--------------------------------------------------------------------------------
[2022-08-06 21:58:24,317] {taskinstance.py:1397} INFO - Executing <Task(BashOperator): first_task> on 2022-05-30 00:00:00+00:00
[2022-08-06 21:58:24,323] {standard_task_runner.py:52} INFO - Started process 2948 to run task
[2022-08-06 21:58:24,325] {standard_task_runner.py:79} INFO - Running: ['***', 'tasks', 'run', 'our_first_dag_v5', 'first_task', 'scheduled__2022-05-30T00:00:00+00:00', '--job-id', '913', '--raw', '--subdir', 'DAGS_FOLDER/pipeline.py', '--cfg-path', '/tmp/tmpdy30fyxk', '--error-file', '/tmp/tmpo9nkfsec']
[2022-08-06 21:58:24,326] {standard_task_runner.py:80} INFO - Job 913: Subtask first_task
[2022-08-06 21:58:24,398] {task_command.py:371} INFO - Running <TaskInstance: our_first_dag_v5.first_task scheduled__2022-05-30T00:00:00+00:00 [running]> on host bc7e154a4fdd
[2022-08-06 21:58:24,492] {taskinstance.py:1591} INFO - Exporting the following env vars:
AIRFLOW_CTX_DAG_OWNER=coder2j
AIRFLOW_CTX_DAG_ID=our_first_dag_v5
AIRFLOW_CTX_TASK_ID=first_task
AIRFLOW_CTX_EXECUTION_DATE=2022-05-30T00:00:00+00:00
AIRFLOW_CTX_TRY_NUMBER=1
AIRFLOW_CTX_DAG_RUN_ID=scheduled__2022-05-30T00:00:00+00:00
[2022-08-06 21:58:24,493] {subprocess.py:62} INFO - Tmp dir root location: 
 /tmp
[2022-08-06 21:58:24,494] {subprocess.py:74} INFO - Running command: ['bash', '-c', 'echo hello world, this is the first task!']
[2022-08-06 21:58:24,509] {subprocess.py:85} INFO - Output:
[2022-08-06 21:58:24,511] {subprocess.py:92} INFO - hello world, this is the first task!
[2022-08-06 21:58:24,511] {subprocess.py:96} INFO - Command exited with return code 0
[2022-08-06 21:58:24,543] {taskinstance.py:1420} INFO - Marking task as SUCCESS. dag_id=our_first_dag_v5, task_id=first_task, execution_date=20220530T000000, start_date=20220806T215824, end_date=20220806T215824
[2022-08-06 21:58:24,577] {local_task_job.py:156} INFO - Task exited with return code 0
[2022-08-06 21:58:24,626] {local_task_job.py:273} INFO - 2 downstream tasks scheduled from follow-on schedule check
[2022-08-06 22:13:22,468] {taskinstance.py:1179} INFO - Dependencies all met for <TaskInstance: our_first_dag_v5.first_task scheduled__2022-05-30T00:00:00+00:00 [queued]>
[2022-08-06 22:13:22,480] {taskinstance.py:1179} INFO - Dependencies all met for <TaskInstance: our_first_dag_v5.first_task scheduled__2022-05-30T00:00:00+00:00 [queued]>
[2022-08-06 22:13:22,480] {taskinstance.py:1376} INFO - 
--------------------------------------------------------------------------------
[2022-08-06 22:13:22,480] {taskinstance.py:1377} INFO - Starting attempt 1 of 6
[2022-08-06 22:13:22,480] {taskinstance.py:1378} INFO - 
--------------------------------------------------------------------------------
[2022-08-06 22:13:22,495] {taskinstance.py:1397} INFO - Executing <Task(BashOperator): first_task> on 2022-05-30 00:00:00+00:00
[2022-08-06 22:13:22,501] {standard_task_runner.py:52} INFO - Started process 2940 to run task
[2022-08-06 22:13:22,504] {standard_task_runner.py:79} INFO - Running: ['***', 'tasks', 'run', 'our_first_dag_v5', 'first_task', 'scheduled__2022-05-30T00:00:00+00:00', '--job-id', '909', '--raw', '--subdir', 'DAGS_FOLDER/pipeline.py', '--cfg-path', '/tmp/tmp1uuqe4vo', '--error-file', '/tmp/tmpyvg_kxfn']
[2022-08-06 22:13:22,504] {standard_task_runner.py:80} INFO - Job 909: Subtask first_task
[2022-08-06 22:13:22,595] {task_command.py:371} INFO - Running <TaskInstance: our_first_dag_v5.first_task scheduled__2022-05-30T00:00:00+00:00 [running]> on host 1250c3b659cd
[2022-08-06 22:13:22,703] {taskinstance.py:1591} INFO - Exporting the following env vars:
AIRFLOW_CTX_DAG_OWNER=coder2j
AIRFLOW_CTX_DAG_ID=our_first_dag_v5
AIRFLOW_CTX_TASK_ID=first_task
AIRFLOW_CTX_EXECUTION_DATE=2022-05-30T00:00:00+00:00
AIRFLOW_CTX_TRY_NUMBER=1
AIRFLOW_CTX_DAG_RUN_ID=scheduled__2022-05-30T00:00:00+00:00
[2022-08-06 22:13:22,705] {subprocess.py:62} INFO - Tmp dir root location: 
 /tmp
[2022-08-06 22:13:22,705] {subprocess.py:74} INFO - Running command: ['bash', '-c', 'echo hello world, this is the first task!']
[2022-08-06 22:13:22,725] {subprocess.py:85} INFO - Output:
[2022-08-06 22:13:22,726] {subprocess.py:92} INFO - hello world, this is the first task!
[2022-08-06 22:13:22,727] {subprocess.py:96} INFO - Command exited with return code 0
[2022-08-06 22:13:22,767] {taskinstance.py:1420} INFO - Marking task as SUCCESS. dag_id=our_first_dag_v5, task_id=first_task, execution_date=20220530T000000, start_date=20220806T221322, end_date=20220806T221322
[2022-08-06 22:13:22,795] {local_task_job.py:156} INFO - Task exited with return code 0
[2022-08-06 22:13:22,898] {local_task_job.py:273} INFO - 2 downstream tasks scheduled from follow-on schedule check
[2022-08-06 22:24:42,771] {taskinstance.py:1179} INFO - Dependencies all met for <TaskInstance: our_first_dag_v5.first_task scheduled__2022-05-30T00:00:00+00:00 [queued]>
[2022-08-06 22:24:42,783] {taskinstance.py:1179} INFO - Dependencies all met for <TaskInstance: our_first_dag_v5.first_task scheduled__2022-05-30T00:00:00+00:00 [queued]>
[2022-08-06 22:24:42,783] {taskinstance.py:1376} INFO - 
--------------------------------------------------------------------------------
[2022-08-06 22:24:42,783] {taskinstance.py:1377} INFO - Starting attempt 1 of 6
[2022-08-06 22:24:42,783] {taskinstance.py:1378} INFO - 
--------------------------------------------------------------------------------
[2022-08-06 22:24:42,798] {taskinstance.py:1397} INFO - Executing <Task(BashOperator): first_task> on 2022-05-30 00:00:00+00:00
[2022-08-06 22:24:42,803] {standard_task_runner.py:52} INFO - Started process 3017 to run task
[2022-08-06 22:24:42,805] {standard_task_runner.py:79} INFO - Running: ['***', 'tasks', 'run', 'our_first_dag_v5', 'first_task', 'scheduled__2022-05-30T00:00:00+00:00', '--job-id', '918', '--raw', '--subdir', 'DAGS_FOLDER/pipeline.py', '--cfg-path', '/tmp/tmpqwnfylu4', '--error-file', '/tmp/tmpdlfb0mh0']
[2022-08-06 22:24:42,805] {standard_task_runner.py:80} INFO - Job 918: Subtask first_task
[2022-08-06 22:24:42,854] {task_command.py:371} INFO - Running <TaskInstance: our_first_dag_v5.first_task scheduled__2022-05-30T00:00:00+00:00 [running]> on host b215076695c3
[2022-08-06 22:24:42,930] {taskinstance.py:1591} INFO - Exporting the following env vars:
AIRFLOW_CTX_DAG_OWNER=coder2j
AIRFLOW_CTX_DAG_ID=our_first_dag_v5
AIRFLOW_CTX_TASK_ID=first_task
AIRFLOW_CTX_EXECUTION_DATE=2022-05-30T00:00:00+00:00
AIRFLOW_CTX_TRY_NUMBER=1
AIRFLOW_CTX_DAG_RUN_ID=scheduled__2022-05-30T00:00:00+00:00
[2022-08-06 22:24:42,931] {subprocess.py:62} INFO - Tmp dir root location: 
 /tmp
[2022-08-06 22:24:42,932] {subprocess.py:74} INFO - Running command: ['bash', '-c', 'echo hello world, this is the first task!']
[2022-08-06 22:24:42,945] {subprocess.py:85} INFO - Output:
[2022-08-06 22:24:42,947] {subprocess.py:92} INFO - hello world, this is the first task!
[2022-08-06 22:24:42,947] {subprocess.py:96} INFO - Command exited with return code 0
[2022-08-06 22:24:42,973] {taskinstance.py:1420} INFO - Marking task as SUCCESS. dag_id=our_first_dag_v5, task_id=first_task, execution_date=20220530T000000, start_date=20220806T222442, end_date=20220806T222442
[2022-08-06 22:24:43,016] {local_task_job.py:156} INFO - Task exited with return code 0
[2022-08-06 22:24:43,050] {local_task_job.py:273} INFO - 2 downstream tasks scheduled from follow-on schedule check
