[2022-08-06 19:38:19,157] {taskinstance.py:1179} INFO - Dependencies all met for <TaskInstance: our_first_dag_v5.thrid_task scheduled__2022-03-08T00:00:00+00:00 [queued]>
[2022-08-06 19:38:19,172] {taskinstance.py:1179} INFO - Dependencies all met for <TaskInstance: our_first_dag_v5.thrid_task scheduled__2022-03-08T00:00:00+00:00 [queued]>
[2022-08-06 19:38:19,172] {taskinstance.py:1376} INFO - 
--------------------------------------------------------------------------------
[2022-08-06 19:38:19,172] {taskinstance.py:1377} INFO - Starting attempt 1 of 6
[2022-08-06 19:38:19,172] {taskinstance.py:1378} INFO - 
--------------------------------------------------------------------------------
[2022-08-06 19:38:19,189] {taskinstance.py:1397} INFO - Executing <Task(BashOperator): thrid_task> on 2022-03-08 00:00:00+00:00
[2022-08-06 19:38:19,197] {standard_task_runner.py:52} INFO - Started process 2203 to run task
[2022-08-06 19:38:19,199] {standard_task_runner.py:79} INFO - Running: ['***', 'tasks', 'run', 'our_first_dag_v5', 'thrid_task', 'scheduled__2022-03-08T00:00:00+00:00', '--job-id', '673', '--raw', '--subdir', 'DAGS_FOLDER/pipeline.py', '--cfg-path', '/tmp/tmpxe9qnihz', '--error-file', '/tmp/tmphwzur5tf']
[2022-08-06 19:38:19,200] {standard_task_runner.py:80} INFO - Job 673: Subtask thrid_task
[2022-08-06 19:38:19,285] {task_command.py:371} INFO - Running <TaskInstance: our_first_dag_v5.thrid_task scheduled__2022-03-08T00:00:00+00:00 [running]> on host b29c168c1666
[2022-08-06 19:38:19,440] {taskinstance.py:1591} INFO - Exporting the following env vars:
AIRFLOW_CTX_DAG_OWNER=coder2j
AIRFLOW_CTX_DAG_ID=our_first_dag_v5
AIRFLOW_CTX_TASK_ID=thrid_task
AIRFLOW_CTX_EXECUTION_DATE=2022-03-08T00:00:00+00:00
AIRFLOW_CTX_TRY_NUMBER=1
AIRFLOW_CTX_DAG_RUN_ID=scheduled__2022-03-08T00:00:00+00:00
[2022-08-06 19:38:19,441] {subprocess.py:62} INFO - Tmp dir root location: 
 /tmp
[2022-08-06 19:38:19,441] {subprocess.py:74} INFO - Running command: ['bash', '-c', 'echo hey, I am task3 and will be running after task1 at the same time as task2!']
[2022-08-06 19:38:19,457] {subprocess.py:85} INFO - Output:
[2022-08-06 19:38:19,459] {subprocess.py:92} INFO - hey, I am task3 and will be running after task1 at the same time as task2!
[2022-08-06 19:38:19,459] {subprocess.py:96} INFO - Command exited with return code 0
[2022-08-06 19:38:19,506] {taskinstance.py:1420} INFO - Marking task as SUCCESS. dag_id=our_first_dag_v5, task_id=thrid_task, execution_date=20220308T000000, start_date=20220806T193819, end_date=20220806T193819
[2022-08-06 19:38:19,531] {local_task_job.py:156} INFO - Task exited with return code 0
[2022-08-06 19:38:19,570] {local_task_job.py:273} INFO - 0 downstream tasks scheduled from follow-on schedule check
[2022-08-06 21:52:09,908] {taskinstance.py:1179} INFO - Dependencies all met for <TaskInstance: our_first_dag_v5.thrid_task scheduled__2022-03-08T00:00:00+00:00 [queued]>
[2022-08-06 21:52:09,922] {taskinstance.py:1179} INFO - Dependencies all met for <TaskInstance: our_first_dag_v5.thrid_task scheduled__2022-03-08T00:00:00+00:00 [queued]>
[2022-08-06 21:52:09,922] {taskinstance.py:1376} INFO - 
--------------------------------------------------------------------------------
[2022-08-06 21:52:09,922] {taskinstance.py:1377} INFO - Starting attempt 1 of 6
[2022-08-06 21:52:09,922] {taskinstance.py:1378} INFO - 
--------------------------------------------------------------------------------
[2022-08-06 21:52:09,941] {taskinstance.py:1397} INFO - Executing <Task(BashOperator): thrid_task> on 2022-03-08 00:00:00+00:00
[2022-08-06 21:52:09,949] {standard_task_runner.py:52} INFO - Started process 2376 to run task
[2022-08-06 21:52:09,953] {standard_task_runner.py:79} INFO - Running: ['***', 'tasks', 'run', 'our_first_dag_v5', 'thrid_task', 'scheduled__2022-03-08T00:00:00+00:00', '--job-id', '667', '--raw', '--subdir', 'DAGS_FOLDER/pipeline.py', '--cfg-path', '/tmp/tmpkqivgbxj', '--error-file', '/tmp/tmpmqpmgzc1']
[2022-08-06 21:52:09,953] {standard_task_runner.py:80} INFO - Job 667: Subtask thrid_task
[2022-08-06 21:52:10,038] {task_command.py:371} INFO - Running <TaskInstance: our_first_dag_v5.thrid_task scheduled__2022-03-08T00:00:00+00:00 [running]> on host c3f731879890
[2022-08-06 21:52:10,152] {taskinstance.py:1591} INFO - Exporting the following env vars:
AIRFLOW_CTX_DAG_OWNER=coder2j
AIRFLOW_CTX_DAG_ID=our_first_dag_v5
AIRFLOW_CTX_TASK_ID=thrid_task
AIRFLOW_CTX_EXECUTION_DATE=2022-03-08T00:00:00+00:00
AIRFLOW_CTX_TRY_NUMBER=1
AIRFLOW_CTX_DAG_RUN_ID=scheduled__2022-03-08T00:00:00+00:00
[2022-08-06 21:52:10,153] {subprocess.py:62} INFO - Tmp dir root location: 
 /tmp
[2022-08-06 21:52:10,154] {subprocess.py:74} INFO - Running command: ['bash', '-c', 'echo hey, I am task3 and will be running after task1 at the same time as task2!']
[2022-08-06 21:52:10,171] {subprocess.py:85} INFO - Output:
[2022-08-06 21:52:10,173] {subprocess.py:92} INFO - hey, I am task3 and will be running after task1 at the same time as task2!
[2022-08-06 21:52:10,173] {subprocess.py:96} INFO - Command exited with return code 0
[2022-08-06 21:52:10,218] {taskinstance.py:1420} INFO - Marking task as SUCCESS. dag_id=our_first_dag_v5, task_id=thrid_task, execution_date=20220308T000000, start_date=20220806T215209, end_date=20220806T215210
[2022-08-06 21:52:10,249] {local_task_job.py:156} INFO - Task exited with return code 0
[2022-08-06 21:52:10,348] {local_task_job.py:273} INFO - 0 downstream tasks scheduled from follow-on schedule check
[2022-08-06 21:57:33,944] {taskinstance.py:1179} INFO - Dependencies all met for <TaskInstance: our_first_dag_v5.thrid_task scheduled__2022-03-08T00:00:00+00:00 [queued]>
[2022-08-06 21:57:33,957] {taskinstance.py:1179} INFO - Dependencies all met for <TaskInstance: our_first_dag_v5.thrid_task scheduled__2022-03-08T00:00:00+00:00 [queued]>
[2022-08-06 21:57:33,957] {taskinstance.py:1376} INFO - 
--------------------------------------------------------------------------------
[2022-08-06 21:57:33,957] {taskinstance.py:1377} INFO - Starting attempt 1 of 6
[2022-08-06 21:57:33,957] {taskinstance.py:1378} INFO - 
--------------------------------------------------------------------------------
[2022-08-06 21:57:33,976] {taskinstance.py:1397} INFO - Executing <Task(BashOperator): thrid_task> on 2022-03-08 00:00:00+00:00
[2022-08-06 21:57:33,984] {standard_task_runner.py:52} INFO - Started process 2178 to run task
[2022-08-06 21:57:33,988] {standard_task_runner.py:79} INFO - Running: ['***', 'tasks', 'run', 'our_first_dag_v5', 'thrid_task', 'scheduled__2022-03-08T00:00:00+00:00', '--job-id', '669', '--raw', '--subdir', 'DAGS_FOLDER/pipeline.py', '--cfg-path', '/tmp/tmphvufgt2s', '--error-file', '/tmp/tmpmh0brv7a']
[2022-08-06 21:57:33,988] {standard_task_runner.py:80} INFO - Job 669: Subtask thrid_task
[2022-08-06 21:57:34,084] {task_command.py:371} INFO - Running <TaskInstance: our_first_dag_v5.thrid_task scheduled__2022-03-08T00:00:00+00:00 [running]> on host bc7e154a4fdd
[2022-08-06 21:57:34,226] {taskinstance.py:1591} INFO - Exporting the following env vars:
AIRFLOW_CTX_DAG_OWNER=coder2j
AIRFLOW_CTX_DAG_ID=our_first_dag_v5
AIRFLOW_CTX_TASK_ID=thrid_task
AIRFLOW_CTX_EXECUTION_DATE=2022-03-08T00:00:00+00:00
AIRFLOW_CTX_TRY_NUMBER=1
AIRFLOW_CTX_DAG_RUN_ID=scheduled__2022-03-08T00:00:00+00:00
[2022-08-06 21:57:34,227] {subprocess.py:62} INFO - Tmp dir root location: 
 /tmp
[2022-08-06 21:57:34,228] {subprocess.py:74} INFO - Running command: ['bash', '-c', 'echo hey, I am task3 and will be running after task1 at the same time as task2!']
[2022-08-06 21:57:34,251] {subprocess.py:85} INFO - Output:
[2022-08-06 21:57:34,252] {subprocess.py:92} INFO - hey, I am task3 and will be running after task1 at the same time as task2!
[2022-08-06 21:57:34,252] {subprocess.py:96} INFO - Command exited with return code 0
[2022-08-06 21:57:34,294] {taskinstance.py:1420} INFO - Marking task as SUCCESS. dag_id=our_first_dag_v5, task_id=thrid_task, execution_date=20220308T000000, start_date=20220806T215733, end_date=20220806T215734
[2022-08-06 21:57:34,359] {local_task_job.py:156} INFO - Task exited with return code 0
[2022-08-06 21:57:34,405] {local_task_job.py:273} INFO - 0 downstream tasks scheduled from follow-on schedule check
[2022-08-06 22:12:37,032] {taskinstance.py:1179} INFO - Dependencies all met for <TaskInstance: our_first_dag_v5.thrid_task scheduled__2022-03-08T00:00:00+00:00 [queued]>
[2022-08-06 22:12:37,044] {taskinstance.py:1179} INFO - Dependencies all met for <TaskInstance: our_first_dag_v5.thrid_task scheduled__2022-03-08T00:00:00+00:00 [queued]>
[2022-08-06 22:12:37,044] {taskinstance.py:1376} INFO - 
--------------------------------------------------------------------------------
[2022-08-06 22:12:37,044] {taskinstance.py:1377} INFO - Starting attempt 1 of 6
[2022-08-06 22:12:37,045] {taskinstance.py:1378} INFO - 
--------------------------------------------------------------------------------
[2022-08-06 22:12:37,058] {taskinstance.py:1397} INFO - Executing <Task(BashOperator): thrid_task> on 2022-03-08 00:00:00+00:00
[2022-08-06 22:12:37,064] {standard_task_runner.py:52} INFO - Started process 2188 to run task
[2022-08-06 22:12:37,067] {standard_task_runner.py:79} INFO - Running: ['***', 'tasks', 'run', 'our_first_dag_v5', 'thrid_task', 'scheduled__2022-03-08T00:00:00+00:00', '--job-id', '668', '--raw', '--subdir', 'DAGS_FOLDER/pipeline.py', '--cfg-path', '/tmp/tmpmwy7z71s', '--error-file', '/tmp/tmpupi4_u43']
[2022-08-06 22:12:37,067] {standard_task_runner.py:80} INFO - Job 668: Subtask thrid_task
[2022-08-06 22:12:37,129] {task_command.py:371} INFO - Running <TaskInstance: our_first_dag_v5.thrid_task scheduled__2022-03-08T00:00:00+00:00 [running]> on host 1250c3b659cd
[2022-08-06 22:12:37,220] {taskinstance.py:1591} INFO - Exporting the following env vars:
AIRFLOW_CTX_DAG_OWNER=coder2j
AIRFLOW_CTX_DAG_ID=our_first_dag_v5
AIRFLOW_CTX_TASK_ID=thrid_task
AIRFLOW_CTX_EXECUTION_DATE=2022-03-08T00:00:00+00:00
AIRFLOW_CTX_TRY_NUMBER=1
AIRFLOW_CTX_DAG_RUN_ID=scheduled__2022-03-08T00:00:00+00:00
[2022-08-06 22:12:37,221] {subprocess.py:62} INFO - Tmp dir root location: 
 /tmp
[2022-08-06 22:12:37,221] {subprocess.py:74} INFO - Running command: ['bash', '-c', 'echo hey, I am task3 and will be running after task1 at the same time as task2!']
[2022-08-06 22:12:37,233] {subprocess.py:85} INFO - Output:
[2022-08-06 22:12:37,235] {subprocess.py:92} INFO - hey, I am task3 and will be running after task1 at the same time as task2!
[2022-08-06 22:12:37,235] {subprocess.py:96} INFO - Command exited with return code 0
[2022-08-06 22:12:37,269] {taskinstance.py:1420} INFO - Marking task as SUCCESS. dag_id=our_first_dag_v5, task_id=thrid_task, execution_date=20220308T000000, start_date=20220806T221237, end_date=20220806T221237
[2022-08-06 22:12:37,318] {local_task_job.py:156} INFO - Task exited with return code 0
[2022-08-06 22:12:37,354] {local_task_job.py:273} INFO - 0 downstream tasks scheduled from follow-on schedule check
[2022-08-06 22:23:56,862] {taskinstance.py:1179} INFO - Dependencies all met for <TaskInstance: our_first_dag_v5.thrid_task scheduled__2022-03-08T00:00:00+00:00 [queued]>
[2022-08-06 22:23:56,877] {taskinstance.py:1179} INFO - Dependencies all met for <TaskInstance: our_first_dag_v5.thrid_task scheduled__2022-03-08T00:00:00+00:00 [queued]>
[2022-08-06 22:23:56,877] {taskinstance.py:1376} INFO - 
--------------------------------------------------------------------------------
[2022-08-06 22:23:56,877] {taskinstance.py:1377} INFO - Starting attempt 1 of 6
[2022-08-06 22:23:56,877] {taskinstance.py:1378} INFO - 
--------------------------------------------------------------------------------
[2022-08-06 22:23:56,895] {taskinstance.py:1397} INFO - Executing <Task(BashOperator): thrid_task> on 2022-03-08 00:00:00+00:00
[2022-08-06 22:23:56,901] {standard_task_runner.py:52} INFO - Started process 2246 to run task
[2022-08-06 22:23:56,904] {standard_task_runner.py:79} INFO - Running: ['***', 'tasks', 'run', 'our_first_dag_v5', 'thrid_task', 'scheduled__2022-03-08T00:00:00+00:00', '--job-id', '673', '--raw', '--subdir', 'DAGS_FOLDER/pipeline.py', '--cfg-path', '/tmp/tmp2g76vpxo', '--error-file', '/tmp/tmp8n1lt218']
[2022-08-06 22:23:56,904] {standard_task_runner.py:80} INFO - Job 673: Subtask thrid_task
[2022-08-06 22:23:56,974] {task_command.py:371} INFO - Running <TaskInstance: our_first_dag_v5.thrid_task scheduled__2022-03-08T00:00:00+00:00 [running]> on host b215076695c3
[2022-08-06 22:23:57,068] {taskinstance.py:1591} INFO - Exporting the following env vars:
AIRFLOW_CTX_DAG_OWNER=coder2j
AIRFLOW_CTX_DAG_ID=our_first_dag_v5
AIRFLOW_CTX_TASK_ID=thrid_task
AIRFLOW_CTX_EXECUTION_DATE=2022-03-08T00:00:00+00:00
AIRFLOW_CTX_TRY_NUMBER=1
AIRFLOW_CTX_DAG_RUN_ID=scheduled__2022-03-08T00:00:00+00:00
[2022-08-06 22:23:57,069] {subprocess.py:62} INFO - Tmp dir root location: 
 /tmp
[2022-08-06 22:23:57,069] {subprocess.py:74} INFO - Running command: ['bash', '-c', 'echo hey, I am task3 and will be running after task1 at the same time as task2!']
[2022-08-06 22:23:57,083] {subprocess.py:85} INFO - Output:
[2022-08-06 22:23:57,085] {subprocess.py:92} INFO - hey, I am task3 and will be running after task1 at the same time as task2!
[2022-08-06 22:23:57,085] {subprocess.py:96} INFO - Command exited with return code 0
[2022-08-06 22:23:57,121] {taskinstance.py:1420} INFO - Marking task as SUCCESS. dag_id=our_first_dag_v5, task_id=thrid_task, execution_date=20220308T000000, start_date=20220806T222356, end_date=20220806T222357
[2022-08-06 22:23:57,155] {local_task_job.py:156} INFO - Task exited with return code 0
[2022-08-06 22:23:57,188] {local_task_job.py:273} INFO - 0 downstream tasks scheduled from follow-on schedule check
