[2022-08-06 19:37:36,602] {taskinstance.py:1179} INFO - Dependencies all met for <TaskInstance: our_first_dag_v5.thrid_task scheduled__2021-12-28T00:00:00+00:00 [queued]>
[2022-08-06 19:37:36,620] {taskinstance.py:1179} INFO - Dependencies all met for <TaskInstance: our_first_dag_v5.thrid_task scheduled__2021-12-28T00:00:00+00:00 [queued]>
[2022-08-06 19:37:36,620] {taskinstance.py:1376} INFO - 
--------------------------------------------------------------------------------
[2022-08-06 19:37:36,621] {taskinstance.py:1377} INFO - Starting attempt 1 of 6
[2022-08-06 19:37:36,621] {taskinstance.py:1378} INFO - 
--------------------------------------------------------------------------------
[2022-08-06 19:37:36,638] {taskinstance.py:1397} INFO - Executing <Task(BashOperator): thrid_task> on 2021-12-28 00:00:00+00:00
[2022-08-06 19:37:36,645] {standard_task_runner.py:52} INFO - Started process 1544 to run task
[2022-08-06 19:37:36,649] {standard_task_runner.py:79} INFO - Running: ['***', 'tasks', 'run', 'our_first_dag_v5', 'thrid_task', 'scheduled__2021-12-28T00:00:00+00:00', '--job-id', '463', '--raw', '--subdir', 'DAGS_FOLDER/pipeline.py', '--cfg-path', '/tmp/tmpezdvxa7h', '--error-file', '/tmp/tmpdwwcxy0s']
[2022-08-06 19:37:36,649] {standard_task_runner.py:80} INFO - Job 463: Subtask thrid_task
[2022-08-06 19:37:36,758] {task_command.py:371} INFO - Running <TaskInstance: our_first_dag_v5.thrid_task scheduled__2021-12-28T00:00:00+00:00 [running]> on host b29c168c1666
[2022-08-06 19:37:36,877] {taskinstance.py:1591} INFO - Exporting the following env vars:
AIRFLOW_CTX_DAG_OWNER=coder2j
AIRFLOW_CTX_DAG_ID=our_first_dag_v5
AIRFLOW_CTX_TASK_ID=thrid_task
AIRFLOW_CTX_EXECUTION_DATE=2021-12-28T00:00:00+00:00
AIRFLOW_CTX_TRY_NUMBER=1
AIRFLOW_CTX_DAG_RUN_ID=scheduled__2021-12-28T00:00:00+00:00
[2022-08-06 19:37:36,878] {subprocess.py:62} INFO - Tmp dir root location: 
 /tmp
[2022-08-06 19:37:36,878] {subprocess.py:74} INFO - Running command: ['bash', '-c', 'echo hey, I am task3 and will be running after task1 at the same time as task2!']
[2022-08-06 19:37:36,903] {subprocess.py:85} INFO - Output:
[2022-08-06 19:37:36,906] {subprocess.py:92} INFO - hey, I am task3 and will be running after task1 at the same time as task2!
[2022-08-06 19:37:36,906] {subprocess.py:96} INFO - Command exited with return code 0
[2022-08-06 19:37:36,965] {taskinstance.py:1420} INFO - Marking task as SUCCESS. dag_id=our_first_dag_v5, task_id=thrid_task, execution_date=20211228T000000, start_date=20220806T193736, end_date=20220806T193736
[2022-08-06 19:37:37,020] {local_task_job.py:156} INFO - Task exited with return code 0
[2022-08-06 19:37:37,065] {local_task_job.py:273} INFO - 0 downstream tasks scheduled from follow-on schedule check
[2022-08-06 21:51:26,982] {taskinstance.py:1179} INFO - Dependencies all met for <TaskInstance: our_first_dag_v5.thrid_task scheduled__2021-12-28T00:00:00+00:00 [queued]>
[2022-08-06 21:51:26,999] {taskinstance.py:1179} INFO - Dependencies all met for <TaskInstance: our_first_dag_v5.thrid_task scheduled__2021-12-28T00:00:00+00:00 [queued]>
[2022-08-06 21:51:27,000] {taskinstance.py:1376} INFO - 
--------------------------------------------------------------------------------
[2022-08-06 21:51:27,000] {taskinstance.py:1377} INFO - Starting attempt 1 of 6
[2022-08-06 21:51:27,000] {taskinstance.py:1378} INFO - 
--------------------------------------------------------------------------------
[2022-08-06 21:51:27,022] {taskinstance.py:1397} INFO - Executing <Task(BashOperator): thrid_task> on 2021-12-28 00:00:00+00:00
[2022-08-06 21:51:27,031] {standard_task_runner.py:52} INFO - Started process 1720 to run task
[2022-08-06 21:51:27,034] {standard_task_runner.py:79} INFO - Running: ['***', 'tasks', 'run', 'our_first_dag_v5', 'thrid_task', 'scheduled__2021-12-28T00:00:00+00:00', '--job-id', '459', '--raw', '--subdir', 'DAGS_FOLDER/pipeline.py', '--cfg-path', '/tmp/tmpddgt70r_', '--error-file', '/tmp/tmp5ty5b676']
[2022-08-06 21:51:27,034] {standard_task_runner.py:80} INFO - Job 459: Subtask thrid_task
[2022-08-06 21:51:27,111] {task_command.py:371} INFO - Running <TaskInstance: our_first_dag_v5.thrid_task scheduled__2021-12-28T00:00:00+00:00 [running]> on host c3f731879890
[2022-08-06 21:51:27,213] {taskinstance.py:1591} INFO - Exporting the following env vars:
AIRFLOW_CTX_DAG_OWNER=coder2j
AIRFLOW_CTX_DAG_ID=our_first_dag_v5
AIRFLOW_CTX_TASK_ID=thrid_task
AIRFLOW_CTX_EXECUTION_DATE=2021-12-28T00:00:00+00:00
AIRFLOW_CTX_TRY_NUMBER=1
AIRFLOW_CTX_DAG_RUN_ID=scheduled__2021-12-28T00:00:00+00:00
[2022-08-06 21:51:27,214] {subprocess.py:62} INFO - Tmp dir root location: 
 /tmp
[2022-08-06 21:51:27,215] {subprocess.py:74} INFO - Running command: ['bash', '-c', 'echo hey, I am task3 and will be running after task1 at the same time as task2!']
[2022-08-06 21:51:27,232] {subprocess.py:85} INFO - Output:
[2022-08-06 21:51:27,234] {subprocess.py:92} INFO - hey, I am task3 and will be running after task1 at the same time as task2!
[2022-08-06 21:51:27,234] {subprocess.py:96} INFO - Command exited with return code 0
[2022-08-06 21:51:27,304] {taskinstance.py:1420} INFO - Marking task as SUCCESS. dag_id=our_first_dag_v5, task_id=thrid_task, execution_date=20211228T000000, start_date=20220806T215126, end_date=20220806T215127
[2022-08-06 21:51:27,365] {local_task_job.py:156} INFO - Task exited with return code 0
[2022-08-06 21:51:27,401] {local_task_job.py:273} INFO - 0 downstream tasks scheduled from follow-on schedule check
[2022-08-06 21:56:52,279] {taskinstance.py:1179} INFO - Dependencies all met for <TaskInstance: our_first_dag_v5.thrid_task scheduled__2021-12-28T00:00:00+00:00 [queued]>
[2022-08-06 21:56:52,293] {taskinstance.py:1179} INFO - Dependencies all met for <TaskInstance: our_first_dag_v5.thrid_task scheduled__2021-12-28T00:00:00+00:00 [queued]>
[2022-08-06 21:56:52,293] {taskinstance.py:1376} INFO - 
--------------------------------------------------------------------------------
[2022-08-06 21:56:52,293] {taskinstance.py:1377} INFO - Starting attempt 1 of 6
[2022-08-06 21:56:52,293] {taskinstance.py:1378} INFO - 
--------------------------------------------------------------------------------
[2022-08-06 21:56:52,312] {taskinstance.py:1397} INFO - Executing <Task(BashOperator): thrid_task> on 2021-12-28 00:00:00+00:00
[2022-08-06 21:56:52,319] {standard_task_runner.py:52} INFO - Started process 1513 to run task
[2022-08-06 21:56:52,322] {standard_task_runner.py:79} INFO - Running: ['***', 'tasks', 'run', 'our_first_dag_v5', 'thrid_task', 'scheduled__2021-12-28T00:00:00+00:00', '--job-id', '458', '--raw', '--subdir', 'DAGS_FOLDER/pipeline.py', '--cfg-path', '/tmp/tmpl5q9qite', '--error-file', '/tmp/tmpqi1bmz9l']
[2022-08-06 21:56:52,323] {standard_task_runner.py:80} INFO - Job 458: Subtask thrid_task
[2022-08-06 21:56:52,393] {task_command.py:371} INFO - Running <TaskInstance: our_first_dag_v5.thrid_task scheduled__2021-12-28T00:00:00+00:00 [running]> on host bc7e154a4fdd
[2022-08-06 21:56:52,513] {taskinstance.py:1591} INFO - Exporting the following env vars:
AIRFLOW_CTX_DAG_OWNER=coder2j
AIRFLOW_CTX_DAG_ID=our_first_dag_v5
AIRFLOW_CTX_TASK_ID=thrid_task
AIRFLOW_CTX_EXECUTION_DATE=2021-12-28T00:00:00+00:00
AIRFLOW_CTX_TRY_NUMBER=1
AIRFLOW_CTX_DAG_RUN_ID=scheduled__2021-12-28T00:00:00+00:00
[2022-08-06 21:56:52,514] {subprocess.py:62} INFO - Tmp dir root location: 
 /tmp
[2022-08-06 21:56:52,514] {subprocess.py:74} INFO - Running command: ['bash', '-c', 'echo hey, I am task3 and will be running after task1 at the same time as task2!']
[2022-08-06 21:56:52,528] {subprocess.py:85} INFO - Output:
[2022-08-06 21:56:52,529] {subprocess.py:92} INFO - hey, I am task3 and will be running after task1 at the same time as task2!
[2022-08-06 21:56:52,529] {subprocess.py:96} INFO - Command exited with return code 0
[2022-08-06 21:56:52,563] {taskinstance.py:1420} INFO - Marking task as SUCCESS. dag_id=our_first_dag_v5, task_id=thrid_task, execution_date=20211228T000000, start_date=20220806T215652, end_date=20220806T215652
[2022-08-06 21:56:52,614] {local_task_job.py:156} INFO - Task exited with return code 0
[2022-08-06 21:56:52,645] {local_task_job.py:273} INFO - 0 downstream tasks scheduled from follow-on schedule check
[2022-08-06 22:11:56,640] {taskinstance.py:1179} INFO - Dependencies all met for <TaskInstance: our_first_dag_v5.thrid_task scheduled__2021-12-28T00:00:00+00:00 [queued]>
[2022-08-06 22:11:56,653] {taskinstance.py:1179} INFO - Dependencies all met for <TaskInstance: our_first_dag_v5.thrid_task scheduled__2021-12-28T00:00:00+00:00 [queued]>
[2022-08-06 22:11:56,654] {taskinstance.py:1376} INFO - 
--------------------------------------------------------------------------------
[2022-08-06 22:11:56,654] {taskinstance.py:1377} INFO - Starting attempt 1 of 6
[2022-08-06 22:11:56,654] {taskinstance.py:1378} INFO - 
--------------------------------------------------------------------------------
[2022-08-06 22:11:56,669] {taskinstance.py:1397} INFO - Executing <Task(BashOperator): thrid_task> on 2021-12-28 00:00:00+00:00
[2022-08-06 22:11:56,675] {standard_task_runner.py:52} INFO - Started process 1521 to run task
[2022-08-06 22:11:56,678] {standard_task_runner.py:79} INFO - Running: ['***', 'tasks', 'run', 'our_first_dag_v5', 'thrid_task', 'scheduled__2021-12-28T00:00:00+00:00', '--job-id', '457', '--raw', '--subdir', 'DAGS_FOLDER/pipeline.py', '--cfg-path', '/tmp/tmp23by39cf', '--error-file', '/tmp/tmp4nponh6l']
[2022-08-06 22:11:56,678] {standard_task_runner.py:80} INFO - Job 457: Subtask thrid_task
[2022-08-06 22:11:56,768] {task_command.py:371} INFO - Running <TaskInstance: our_first_dag_v5.thrid_task scheduled__2021-12-28T00:00:00+00:00 [running]> on host 1250c3b659cd
[2022-08-06 22:11:56,869] {taskinstance.py:1591} INFO - Exporting the following env vars:
AIRFLOW_CTX_DAG_OWNER=coder2j
AIRFLOW_CTX_DAG_ID=our_first_dag_v5
AIRFLOW_CTX_TASK_ID=thrid_task
AIRFLOW_CTX_EXECUTION_DATE=2021-12-28T00:00:00+00:00
AIRFLOW_CTX_TRY_NUMBER=1
AIRFLOW_CTX_DAG_RUN_ID=scheduled__2021-12-28T00:00:00+00:00
[2022-08-06 22:11:56,870] {subprocess.py:62} INFO - Tmp dir root location: 
 /tmp
[2022-08-06 22:11:56,871] {subprocess.py:74} INFO - Running command: ['bash', '-c', 'echo hey, I am task3 and will be running after task1 at the same time as task2!']
[2022-08-06 22:11:56,887] {subprocess.py:85} INFO - Output:
[2022-08-06 22:11:56,888] {subprocess.py:92} INFO - hey, I am task3 and will be running after task1 at the same time as task2!
[2022-08-06 22:11:56,889] {subprocess.py:96} INFO - Command exited with return code 0
[2022-08-06 22:11:56,980] {taskinstance.py:1420} INFO - Marking task as SUCCESS. dag_id=our_first_dag_v5, task_id=thrid_task, execution_date=20211228T000000, start_date=20220806T221156, end_date=20220806T221156
[2022-08-06 22:11:57,010] {local_task_job.py:156} INFO - Task exited with return code 0
[2022-08-06 22:11:57,050] {local_task_job.py:273} INFO - 0 downstream tasks scheduled from follow-on schedule check
[2022-08-06 22:23:17,217] {taskinstance.py:1179} INFO - Dependencies all met for <TaskInstance: our_first_dag_v5.thrid_task scheduled__2021-12-28T00:00:00+00:00 [queued]>
[2022-08-06 22:23:17,245] {taskinstance.py:1179} INFO - Dependencies all met for <TaskInstance: our_first_dag_v5.thrid_task scheduled__2021-12-28T00:00:00+00:00 [queued]>
[2022-08-06 22:23:17,245] {taskinstance.py:1376} INFO - 
--------------------------------------------------------------------------------
[2022-08-06 22:23:17,245] {taskinstance.py:1377} INFO - Starting attempt 1 of 6
[2022-08-06 22:23:17,246] {taskinstance.py:1378} INFO - 
--------------------------------------------------------------------------------
[2022-08-06 22:23:17,272] {taskinstance.py:1397} INFO - Executing <Task(BashOperator): thrid_task> on 2021-12-28 00:00:00+00:00
[2022-08-06 22:23:17,281] {standard_task_runner.py:52} INFO - Started process 1589 to run task
[2022-08-06 22:23:17,286] {standard_task_runner.py:79} INFO - Running: ['***', 'tasks', 'run', 'our_first_dag_v5', 'thrid_task', 'scheduled__2021-12-28T00:00:00+00:00', '--job-id', '463', '--raw', '--subdir', 'DAGS_FOLDER/pipeline.py', '--cfg-path', '/tmp/tmpa3mu5gal', '--error-file', '/tmp/tmp23wtzsnh']
[2022-08-06 22:23:17,286] {standard_task_runner.py:80} INFO - Job 463: Subtask thrid_task
[2022-08-06 22:23:17,380] {task_command.py:371} INFO - Running <TaskInstance: our_first_dag_v5.thrid_task scheduled__2021-12-28T00:00:00+00:00 [running]> on host b215076695c3
[2022-08-06 22:23:17,504] {taskinstance.py:1591} INFO - Exporting the following env vars:
AIRFLOW_CTX_DAG_OWNER=coder2j
AIRFLOW_CTX_DAG_ID=our_first_dag_v5
AIRFLOW_CTX_TASK_ID=thrid_task
AIRFLOW_CTX_EXECUTION_DATE=2021-12-28T00:00:00+00:00
AIRFLOW_CTX_TRY_NUMBER=1
AIRFLOW_CTX_DAG_RUN_ID=scheduled__2021-12-28T00:00:00+00:00
[2022-08-06 22:23:17,505] {subprocess.py:62} INFO - Tmp dir root location: 
 /tmp
[2022-08-06 22:23:17,506] {subprocess.py:74} INFO - Running command: ['bash', '-c', 'echo hey, I am task3 and will be running after task1 at the same time as task2!']
[2022-08-06 22:23:17,523] {subprocess.py:85} INFO - Output:
[2022-08-06 22:23:17,525] {subprocess.py:92} INFO - hey, I am task3 and will be running after task1 at the same time as task2!
[2022-08-06 22:23:17,526] {subprocess.py:96} INFO - Command exited with return code 0
[2022-08-06 22:23:17,562] {taskinstance.py:1420} INFO - Marking task as SUCCESS. dag_id=our_first_dag_v5, task_id=thrid_task, execution_date=20211228T000000, start_date=20220806T222317, end_date=20220806T222317
[2022-08-06 22:23:17,586] {local_task_job.py:156} INFO - Task exited with return code 0
[2022-08-06 22:23:17,656] {local_task_job.py:273} INFO - 0 downstream tasks scheduled from follow-on schedule check
