[2022-08-06 19:38:40,265] {taskinstance.py:1179} INFO - Dependencies all met for <TaskInstance: our_first_dag_v5.first_task scheduled__2022-04-14T00:00:00+00:00 [queued]>
[2022-08-06 19:38:40,274] {taskinstance.py:1179} INFO - Dependencies all met for <TaskInstance: our_first_dag_v5.first_task scheduled__2022-04-14T00:00:00+00:00 [queued]>
[2022-08-06 19:38:40,274] {taskinstance.py:1376} INFO - 
--------------------------------------------------------------------------------
[2022-08-06 19:38:40,274] {taskinstance.py:1377} INFO - Starting attempt 1 of 6
[2022-08-06 19:38:40,274] {taskinstance.py:1378} INFO - 
--------------------------------------------------------------------------------
[2022-08-06 19:38:40,286] {taskinstance.py:1397} INFO - Executing <Task(BashOperator): first_task> on 2022-04-14 00:00:00+00:00
[2022-08-06 19:38:40,291] {standard_task_runner.py:52} INFO - Started process 2537 to run task
[2022-08-06 19:38:40,294] {standard_task_runner.py:79} INFO - Running: ['***', 'tasks', 'run', 'our_first_dag_v5', 'first_task', 'scheduled__2022-04-14T00:00:00+00:00', '--job-id', '777', '--raw', '--subdir', 'DAGS_FOLDER/pipeline.py', '--cfg-path', '/tmp/tmptx0vd92a', '--error-file', '/tmp/tmp6el_yrym']
[2022-08-06 19:38:40,294] {standard_task_runner.py:80} INFO - Job 777: Subtask first_task
[2022-08-06 19:38:40,361] {task_command.py:371} INFO - Running <TaskInstance: our_first_dag_v5.first_task scheduled__2022-04-14T00:00:00+00:00 [running]> on host b29c168c1666
[2022-08-06 19:38:40,445] {taskinstance.py:1591} INFO - Exporting the following env vars:
AIRFLOW_CTX_DAG_OWNER=coder2j
AIRFLOW_CTX_DAG_ID=our_first_dag_v5
AIRFLOW_CTX_TASK_ID=first_task
AIRFLOW_CTX_EXECUTION_DATE=2022-04-14T00:00:00+00:00
AIRFLOW_CTX_TRY_NUMBER=1
AIRFLOW_CTX_DAG_RUN_ID=scheduled__2022-04-14T00:00:00+00:00
[2022-08-06 19:38:40,446] {subprocess.py:62} INFO - Tmp dir root location: 
 /tmp
[2022-08-06 19:38:40,446] {subprocess.py:74} INFO - Running command: ['bash', '-c', 'echo hello world, this is the first task!']
[2022-08-06 19:38:40,461] {subprocess.py:85} INFO - Output:
[2022-08-06 19:38:40,463] {subprocess.py:92} INFO - hello world, this is the first task!
[2022-08-06 19:38:40,463] {subprocess.py:96} INFO - Command exited with return code 0
[2022-08-06 19:38:40,495] {taskinstance.py:1420} INFO - Marking task as SUCCESS. dag_id=our_first_dag_v5, task_id=first_task, execution_date=20220414T000000, start_date=20220806T193840, end_date=20220806T193840
[2022-08-06 19:38:40,544] {local_task_job.py:156} INFO - Task exited with return code 0
[2022-08-06 19:38:40,579] {local_task_job.py:273} INFO - 0 downstream tasks scheduled from follow-on schedule check
[2022-08-06 21:52:31,235] {taskinstance.py:1179} INFO - Dependencies all met for <TaskInstance: our_first_dag_v5.first_task scheduled__2022-04-14T00:00:00+00:00 [queued]>
[2022-08-06 21:52:31,246] {taskinstance.py:1179} INFO - Dependencies all met for <TaskInstance: our_first_dag_v5.first_task scheduled__2022-04-14T00:00:00+00:00 [queued]>
[2022-08-06 21:52:31,246] {taskinstance.py:1376} INFO - 
--------------------------------------------------------------------------------
[2022-08-06 21:52:31,246] {taskinstance.py:1377} INFO - Starting attempt 1 of 6
[2022-08-06 21:52:31,247] {taskinstance.py:1378} INFO - 
--------------------------------------------------------------------------------
[2022-08-06 21:52:31,261] {taskinstance.py:1397} INFO - Executing <Task(BashOperator): first_task> on 2022-04-14 00:00:00+00:00
[2022-08-06 21:52:31,266] {standard_task_runner.py:52} INFO - Started process 2721 to run task
[2022-08-06 21:52:31,269] {standard_task_runner.py:79} INFO - Running: ['***', 'tasks', 'run', 'our_first_dag_v5', 'first_task', 'scheduled__2022-04-14T00:00:00+00:00', '--job-id', '777', '--raw', '--subdir', 'DAGS_FOLDER/pipeline.py', '--cfg-path', '/tmp/tmpnee9irdd', '--error-file', '/tmp/tmpmqmr_j_e']
[2022-08-06 21:52:31,270] {standard_task_runner.py:80} INFO - Job 777: Subtask first_task
[2022-08-06 21:52:31,335] {task_command.py:371} INFO - Running <TaskInstance: our_first_dag_v5.first_task scheduled__2022-04-14T00:00:00+00:00 [running]> on host c3f731879890
[2022-08-06 21:52:31,413] {taskinstance.py:1591} INFO - Exporting the following env vars:
AIRFLOW_CTX_DAG_OWNER=coder2j
AIRFLOW_CTX_DAG_ID=our_first_dag_v5
AIRFLOW_CTX_TASK_ID=first_task
AIRFLOW_CTX_EXECUTION_DATE=2022-04-14T00:00:00+00:00
AIRFLOW_CTX_TRY_NUMBER=1
AIRFLOW_CTX_DAG_RUN_ID=scheduled__2022-04-14T00:00:00+00:00
[2022-08-06 21:52:31,414] {subprocess.py:62} INFO - Tmp dir root location: 
 /tmp
[2022-08-06 21:52:31,414] {subprocess.py:74} INFO - Running command: ['bash', '-c', 'echo hello world, this is the first task!']
[2022-08-06 21:52:31,427] {subprocess.py:85} INFO - Output:
[2022-08-06 21:52:31,428] {subprocess.py:92} INFO - hello world, this is the first task!
[2022-08-06 21:52:31,429] {subprocess.py:96} INFO - Command exited with return code 0
[2022-08-06 21:52:31,462] {taskinstance.py:1420} INFO - Marking task as SUCCESS. dag_id=our_first_dag_v5, task_id=first_task, execution_date=20220414T000000, start_date=20220806T215231, end_date=20220806T215231
[2022-08-06 21:52:31,520] {local_task_job.py:156} INFO - Task exited with return code 0
[2022-08-06 21:52:31,563] {local_task_job.py:273} INFO - 0 downstream tasks scheduled from follow-on schedule check
[2022-08-06 21:57:55,818] {taskinstance.py:1179} INFO - Dependencies all met for <TaskInstance: our_first_dag_v5.first_task scheduled__2022-04-14T00:00:00+00:00 [queued]>
[2022-08-06 21:57:55,833] {taskinstance.py:1179} INFO - Dependencies all met for <TaskInstance: our_first_dag_v5.first_task scheduled__2022-04-14T00:00:00+00:00 [queued]>
[2022-08-06 21:57:55,834] {taskinstance.py:1376} INFO - 
--------------------------------------------------------------------------------
[2022-08-06 21:57:55,834] {taskinstance.py:1377} INFO - Starting attempt 1 of 6
[2022-08-06 21:57:55,834] {taskinstance.py:1378} INFO - 
--------------------------------------------------------------------------------
[2022-08-06 21:57:55,856] {taskinstance.py:1397} INFO - Executing <Task(BashOperator): first_task> on 2022-04-14 00:00:00+00:00
[2022-08-06 21:57:55,863] {standard_task_runner.py:52} INFO - Started process 2500 to run task
[2022-08-06 21:57:55,867] {standard_task_runner.py:79} INFO - Running: ['***', 'tasks', 'run', 'our_first_dag_v5', 'first_task', 'scheduled__2022-04-14T00:00:00+00:00', '--job-id', '769', '--raw', '--subdir', 'DAGS_FOLDER/pipeline.py', '--cfg-path', '/tmp/tmpwvrn1mun', '--error-file', '/tmp/tmp5bhnzerf']
[2022-08-06 21:57:55,867] {standard_task_runner.py:80} INFO - Job 769: Subtask first_task
[2022-08-06 21:57:55,980] {task_command.py:371} INFO - Running <TaskInstance: our_first_dag_v5.first_task scheduled__2022-04-14T00:00:00+00:00 [running]> on host bc7e154a4fdd
[2022-08-06 21:57:56,119] {taskinstance.py:1591} INFO - Exporting the following env vars:
AIRFLOW_CTX_DAG_OWNER=coder2j
AIRFLOW_CTX_DAG_ID=our_first_dag_v5
AIRFLOW_CTX_TASK_ID=first_task
AIRFLOW_CTX_EXECUTION_DATE=2022-04-14T00:00:00+00:00
AIRFLOW_CTX_TRY_NUMBER=1
AIRFLOW_CTX_DAG_RUN_ID=scheduled__2022-04-14T00:00:00+00:00
[2022-08-06 21:57:56,121] {subprocess.py:62} INFO - Tmp dir root location: 
 /tmp
[2022-08-06 21:57:56,121] {subprocess.py:74} INFO - Running command: ['bash', '-c', 'echo hello world, this is the first task!']
[2022-08-06 21:57:56,138] {subprocess.py:85} INFO - Output:
[2022-08-06 21:57:56,140] {subprocess.py:92} INFO - hello world, this is the first task!
[2022-08-06 21:57:56,140] {subprocess.py:96} INFO - Command exited with return code 0
[2022-08-06 21:57:56,208] {taskinstance.py:1420} INFO - Marking task as SUCCESS. dag_id=our_first_dag_v5, task_id=first_task, execution_date=20220414T000000, start_date=20220806T215755, end_date=20220806T215756
[2022-08-06 21:57:56,239] {local_task_job.py:156} INFO - Task exited with return code 0
[2022-08-06 21:57:56,298] {local_task_job.py:273} INFO - 2 downstream tasks scheduled from follow-on schedule check
[2022-08-06 22:12:56,400] {taskinstance.py:1179} INFO - Dependencies all met for <TaskInstance: our_first_dag_v5.first_task scheduled__2022-04-14T00:00:00+00:00 [queued]>
[2022-08-06 22:12:56,417] {taskinstance.py:1179} INFO - Dependencies all met for <TaskInstance: our_first_dag_v5.first_task scheduled__2022-04-14T00:00:00+00:00 [queued]>
[2022-08-06 22:12:56,417] {taskinstance.py:1376} INFO - 
--------------------------------------------------------------------------------
[2022-08-06 22:12:56,417] {taskinstance.py:1377} INFO - Starting attempt 1 of 6
[2022-08-06 22:12:56,417] {taskinstance.py:1378} INFO - 
--------------------------------------------------------------------------------
[2022-08-06 22:12:56,436] {taskinstance.py:1397} INFO - Executing <Task(BashOperator): first_task> on 2022-04-14 00:00:00+00:00
[2022-08-06 22:12:56,444] {standard_task_runner.py:52} INFO - Started process 2509 to run task
[2022-08-06 22:12:56,447] {standard_task_runner.py:79} INFO - Running: ['***', 'tasks', 'run', 'our_first_dag_v5', 'first_task', 'scheduled__2022-04-14T00:00:00+00:00', '--job-id', '772', '--raw', '--subdir', 'DAGS_FOLDER/pipeline.py', '--cfg-path', '/tmp/tmpsunuix18', '--error-file', '/tmp/tmpj557mr8_']
[2022-08-06 22:12:56,447] {standard_task_runner.py:80} INFO - Job 772: Subtask first_task
[2022-08-06 22:12:56,555] {task_command.py:371} INFO - Running <TaskInstance: our_first_dag_v5.first_task scheduled__2022-04-14T00:00:00+00:00 [running]> on host 1250c3b659cd
[2022-08-06 22:12:56,669] {taskinstance.py:1591} INFO - Exporting the following env vars:
AIRFLOW_CTX_DAG_OWNER=coder2j
AIRFLOW_CTX_DAG_ID=our_first_dag_v5
AIRFLOW_CTX_TASK_ID=first_task
AIRFLOW_CTX_EXECUTION_DATE=2022-04-14T00:00:00+00:00
AIRFLOW_CTX_TRY_NUMBER=1
AIRFLOW_CTX_DAG_RUN_ID=scheduled__2022-04-14T00:00:00+00:00
[2022-08-06 22:12:56,670] {subprocess.py:62} INFO - Tmp dir root location: 
 /tmp
[2022-08-06 22:12:56,671] {subprocess.py:74} INFO - Running command: ['bash', '-c', 'echo hello world, this is the first task!']
[2022-08-06 22:12:56,687] {subprocess.py:85} INFO - Output:
[2022-08-06 22:12:56,689] {subprocess.py:92} INFO - hello world, this is the first task!
[2022-08-06 22:12:56,690] {subprocess.py:96} INFO - Command exited with return code 0
[2022-08-06 22:12:56,780] {taskinstance.py:1420} INFO - Marking task as SUCCESS. dag_id=our_first_dag_v5, task_id=first_task, execution_date=20220414T000000, start_date=20220806T221256, end_date=20220806T221256
[2022-08-06 22:12:56,835] {local_task_job.py:156} INFO - Task exited with return code 0
[2022-08-06 22:12:56,882] {local_task_job.py:273} INFO - 2 downstream tasks scheduled from follow-on schedule check
[2022-08-06 22:24:15,862] {taskinstance.py:1179} INFO - Dependencies all met for <TaskInstance: our_first_dag_v5.first_task scheduled__2022-04-14T00:00:00+00:00 [queued]>
[2022-08-06 22:24:15,871] {taskinstance.py:1179} INFO - Dependencies all met for <TaskInstance: our_first_dag_v5.first_task scheduled__2022-04-14T00:00:00+00:00 [queued]>
[2022-08-06 22:24:15,871] {taskinstance.py:1376} INFO - 
--------------------------------------------------------------------------------
[2022-08-06 22:24:15,871] {taskinstance.py:1377} INFO - Starting attempt 1 of 6
[2022-08-06 22:24:15,872] {taskinstance.py:1378} INFO - 
--------------------------------------------------------------------------------
[2022-08-06 22:24:15,888] {taskinstance.py:1397} INFO - Executing <Task(BashOperator): first_task> on 2022-04-14 00:00:00+00:00
[2022-08-06 22:24:15,893] {standard_task_runner.py:52} INFO - Started process 2563 to run task
[2022-08-06 22:24:15,895] {standard_task_runner.py:79} INFO - Running: ['***', 'tasks', 'run', 'our_first_dag_v5', 'first_task', 'scheduled__2022-04-14T00:00:00+00:00', '--job-id', '776', '--raw', '--subdir', 'DAGS_FOLDER/pipeline.py', '--cfg-path', '/tmp/tmpg_6v77q2', '--error-file', '/tmp/tmpvc4uqyl4']
[2022-08-06 22:24:15,895] {standard_task_runner.py:80} INFO - Job 776: Subtask first_task
[2022-08-06 22:24:15,955] {task_command.py:371} INFO - Running <TaskInstance: our_first_dag_v5.first_task scheduled__2022-04-14T00:00:00+00:00 [running]> on host b215076695c3
[2022-08-06 22:24:16,048] {taskinstance.py:1591} INFO - Exporting the following env vars:
AIRFLOW_CTX_DAG_OWNER=coder2j
AIRFLOW_CTX_DAG_ID=our_first_dag_v5
AIRFLOW_CTX_TASK_ID=first_task
AIRFLOW_CTX_EXECUTION_DATE=2022-04-14T00:00:00+00:00
AIRFLOW_CTX_TRY_NUMBER=1
AIRFLOW_CTX_DAG_RUN_ID=scheduled__2022-04-14T00:00:00+00:00
[2022-08-06 22:24:16,049] {subprocess.py:62} INFO - Tmp dir root location: 
 /tmp
[2022-08-06 22:24:16,050] {subprocess.py:74} INFO - Running command: ['bash', '-c', 'echo hello world, this is the first task!']
[2022-08-06 22:24:16,062] {subprocess.py:85} INFO - Output:
[2022-08-06 22:24:16,064] {subprocess.py:92} INFO - hello world, this is the first task!
[2022-08-06 22:24:16,064] {subprocess.py:96} INFO - Command exited with return code 0
[2022-08-06 22:24:16,145] {taskinstance.py:1420} INFO - Marking task as SUCCESS. dag_id=our_first_dag_v5, task_id=first_task, execution_date=20220414T000000, start_date=20220806T222415, end_date=20220806T222416
[2022-08-06 22:24:16,187] {local_task_job.py:156} INFO - Task exited with return code 0
[2022-08-06 22:24:16,235] {local_task_job.py:273} INFO - 2 downstream tasks scheduled from follow-on schedule check
