[2022-08-06 19:36:01,793] {taskinstance.py:1179} INFO - Dependencies all met for <TaskInstance: our_first_dag_v5.thrid_task scheduled__2021-08-05T00:00:00+00:00 [queued]>
[2022-08-06 19:36:01,816] {taskinstance.py:1179} INFO - Dependencies all met for <TaskInstance: our_first_dag_v5.thrid_task scheduled__2021-08-05T00:00:00+00:00 [queued]>
[2022-08-06 19:36:01,817] {taskinstance.py:1376} INFO - 
--------------------------------------------------------------------------------
[2022-08-06 19:36:01,817] {taskinstance.py:1377} INFO - Starting attempt 1 of 6
[2022-08-06 19:36:01,817] {taskinstance.py:1378} INFO - 
--------------------------------------------------------------------------------
[2022-08-06 19:36:01,839] {taskinstance.py:1397} INFO - Executing <Task(BashOperator): thrid_task> on 2021-08-05 00:00:00+00:00
[2022-08-06 19:36:01,845] {standard_task_runner.py:52} INFO - Started process 158 to run task
[2022-08-06 19:36:01,849] {standard_task_runner.py:79} INFO - Running: ['***', 'tasks', 'run', 'our_first_dag_v5', 'thrid_task', 'scheduled__2021-08-05T00:00:00+00:00', '--job-id', '25', '--raw', '--subdir', 'DAGS_FOLDER/pipeline.py', '--cfg-path', '/tmp/tmprvavrn9s', '--error-file', '/tmp/tmp_97xoict']
[2022-08-06 19:36:01,849] {standard_task_runner.py:80} INFO - Job 25: Subtask thrid_task
[2022-08-06 19:36:01,924] {task_command.py:371} INFO - Running <TaskInstance: our_first_dag_v5.thrid_task scheduled__2021-08-05T00:00:00+00:00 [running]> on host b29c168c1666
[2022-08-06 19:36:02,063] {taskinstance.py:1591} INFO - Exporting the following env vars:
AIRFLOW_CTX_DAG_OWNER=coder2j
AIRFLOW_CTX_DAG_ID=our_first_dag_v5
AIRFLOW_CTX_TASK_ID=thrid_task
AIRFLOW_CTX_EXECUTION_DATE=2021-08-05T00:00:00+00:00
AIRFLOW_CTX_TRY_NUMBER=1
AIRFLOW_CTX_DAG_RUN_ID=scheduled__2021-08-05T00:00:00+00:00
[2022-08-06 19:36:02,064] {subprocess.py:62} INFO - Tmp dir root location: 
 /tmp
[2022-08-06 19:36:02,065] {subprocess.py:74} INFO - Running command: ['bash', '-c', 'echo hey, I am task3 and will be running after task1 at the same time as task2!']
[2022-08-06 19:36:02,080] {subprocess.py:85} INFO - Output:
[2022-08-06 19:36:02,082] {subprocess.py:92} INFO - hey, I am task3 and will be running after task1 at the same time as task2!
[2022-08-06 19:36:02,082] {subprocess.py:96} INFO - Command exited with return code 0
[2022-08-06 19:36:02,118] {taskinstance.py:1420} INFO - Marking task as SUCCESS. dag_id=our_first_dag_v5, task_id=thrid_task, execution_date=20210805T000000, start_date=20220806T193601, end_date=20220806T193602
[2022-08-06 19:36:02,141] {local_task_job.py:156} INFO - Task exited with return code 0
[2022-08-06 19:36:02,181] {local_task_job.py:273} INFO - 0 downstream tasks scheduled from follow-on schedule check
[2022-08-06 21:49:58,534] {taskinstance.py:1179} INFO - Dependencies all met for <TaskInstance: our_first_dag_v5.thrid_task scheduled__2021-08-05T00:00:00+00:00 [queued]>
[2022-08-06 21:49:58,548] {taskinstance.py:1179} INFO - Dependencies all met for <TaskInstance: our_first_dag_v5.thrid_task scheduled__2021-08-05T00:00:00+00:00 [queued]>
[2022-08-06 21:49:58,548] {taskinstance.py:1376} INFO - 
--------------------------------------------------------------------------------
[2022-08-06 21:49:58,548] {taskinstance.py:1377} INFO - Starting attempt 1 of 6
[2022-08-06 21:49:58,548] {taskinstance.py:1378} INFO - 
--------------------------------------------------------------------------------
[2022-08-06 21:49:58,566] {taskinstance.py:1397} INFO - Executing <Task(BashOperator): thrid_task> on 2021-08-05 00:00:00+00:00
[2022-08-06 21:49:58,574] {standard_task_runner.py:52} INFO - Started process 343 to run task
[2022-08-06 21:49:58,576] {standard_task_runner.py:79} INFO - Running: ['***', 'tasks', 'run', 'our_first_dag_v5', 'thrid_task', 'scheduled__2021-08-05T00:00:00+00:00', '--job-id', '23', '--raw', '--subdir', 'DAGS_FOLDER/pipeline.py', '--cfg-path', '/tmp/tmp3u1_jvo1', '--error-file', '/tmp/tmpnf8nvvni']
[2022-08-06 21:49:58,577] {standard_task_runner.py:80} INFO - Job 23: Subtask thrid_task
[2022-08-06 21:49:58,645] {task_command.py:371} INFO - Running <TaskInstance: our_first_dag_v5.thrid_task scheduled__2021-08-05T00:00:00+00:00 [running]> on host c3f731879890
[2022-08-06 21:49:58,727] {taskinstance.py:1591} INFO - Exporting the following env vars:
AIRFLOW_CTX_DAG_OWNER=coder2j
AIRFLOW_CTX_DAG_ID=our_first_dag_v5
AIRFLOW_CTX_TASK_ID=thrid_task
AIRFLOW_CTX_EXECUTION_DATE=2021-08-05T00:00:00+00:00
AIRFLOW_CTX_TRY_NUMBER=1
AIRFLOW_CTX_DAG_RUN_ID=scheduled__2021-08-05T00:00:00+00:00
[2022-08-06 21:49:58,727] {subprocess.py:62} INFO - Tmp dir root location: 
 /tmp
[2022-08-06 21:49:58,728] {subprocess.py:74} INFO - Running command: ['bash', '-c', 'echo hey, I am task3 and will be running after task1 at the same time as task2!']
[2022-08-06 21:49:58,740] {subprocess.py:85} INFO - Output:
[2022-08-06 21:49:58,742] {subprocess.py:92} INFO - hey, I am task3 and will be running after task1 at the same time as task2!
[2022-08-06 21:49:58,742] {subprocess.py:96} INFO - Command exited with return code 0
[2022-08-06 21:49:58,771] {taskinstance.py:1420} INFO - Marking task as SUCCESS. dag_id=our_first_dag_v5, task_id=thrid_task, execution_date=20210805T000000, start_date=20220806T214958, end_date=20220806T214958
[2022-08-06 21:49:58,828] {local_task_job.py:156} INFO - Task exited with return code 0
[2022-08-06 21:49:58,856] {local_task_job.py:273} INFO - 0 downstream tasks scheduled from follow-on schedule check
[2022-08-06 21:55:28,276] {taskinstance.py:1179} INFO - Dependencies all met for <TaskInstance: our_first_dag_v5.thrid_task scheduled__2021-08-05T00:00:00+00:00 [queued]>
[2022-08-06 21:55:28,291] {taskinstance.py:1179} INFO - Dependencies all met for <TaskInstance: our_first_dag_v5.thrid_task scheduled__2021-08-05T00:00:00+00:00 [queued]>
[2022-08-06 21:55:28,291] {taskinstance.py:1376} INFO - 
--------------------------------------------------------------------------------
[2022-08-06 21:55:28,292] {taskinstance.py:1377} INFO - Starting attempt 1 of 6
[2022-08-06 21:55:28,292] {taskinstance.py:1378} INFO - 
--------------------------------------------------------------------------------
[2022-08-06 21:55:28,310] {taskinstance.py:1397} INFO - Executing <Task(BashOperator): thrid_task> on 2021-08-05 00:00:00+00:00
[2022-08-06 21:55:28,318] {standard_task_runner.py:52} INFO - Started process 142 to run task
[2022-08-06 21:55:28,323] {standard_task_runner.py:79} INFO - Running: ['***', 'tasks', 'run', 'our_first_dag_v5', 'thrid_task', 'scheduled__2021-08-05T00:00:00+00:00', '--job-id', '24', '--raw', '--subdir', 'DAGS_FOLDER/pipeline.py', '--cfg-path', '/tmp/tmpu_3irv5d', '--error-file', '/tmp/tmpzbvm94_4']
[2022-08-06 21:55:28,323] {standard_task_runner.py:80} INFO - Job 24: Subtask thrid_task
[2022-08-06 21:55:28,405] {task_command.py:371} INFO - Running <TaskInstance: our_first_dag_v5.thrid_task scheduled__2021-08-05T00:00:00+00:00 [running]> on host bc7e154a4fdd
[2022-08-06 21:55:28,503] {taskinstance.py:1591} INFO - Exporting the following env vars:
AIRFLOW_CTX_DAG_OWNER=coder2j
AIRFLOW_CTX_DAG_ID=our_first_dag_v5
AIRFLOW_CTX_TASK_ID=thrid_task
AIRFLOW_CTX_EXECUTION_DATE=2021-08-05T00:00:00+00:00
AIRFLOW_CTX_TRY_NUMBER=1
AIRFLOW_CTX_DAG_RUN_ID=scheduled__2021-08-05T00:00:00+00:00
[2022-08-06 21:55:28,505] {subprocess.py:62} INFO - Tmp dir root location: 
 /tmp
[2022-08-06 21:55:28,505] {subprocess.py:74} INFO - Running command: ['bash', '-c', 'echo hey, I am task3 and will be running after task1 at the same time as task2!']
[2022-08-06 21:55:28,520] {subprocess.py:85} INFO - Output:
[2022-08-06 21:55:28,522] {subprocess.py:92} INFO - hey, I am task3 and will be running after task1 at the same time as task2!
[2022-08-06 21:55:28,523] {subprocess.py:96} INFO - Command exited with return code 0
[2022-08-06 21:55:28,563] {taskinstance.py:1420} INFO - Marking task as SUCCESS. dag_id=our_first_dag_v5, task_id=thrid_task, execution_date=20210805T000000, start_date=20220806T215528, end_date=20220806T215528
[2022-08-06 21:55:28,613] {local_task_job.py:156} INFO - Task exited with return code 0
[2022-08-06 21:55:28,647] {local_task_job.py:273} INFO - 0 downstream tasks scheduled from follow-on schedule check
[2022-08-06 22:10:27,242] {taskinstance.py:1179} INFO - Dependencies all met for <TaskInstance: our_first_dag_v5.thrid_task scheduled__2021-08-05T00:00:00+00:00 [queued]>
[2022-08-06 22:10:27,255] {taskinstance.py:1179} INFO - Dependencies all met for <TaskInstance: our_first_dag_v5.thrid_task scheduled__2021-08-05T00:00:00+00:00 [queued]>
[2022-08-06 22:10:27,255] {taskinstance.py:1376} INFO - 
--------------------------------------------------------------------------------
[2022-08-06 22:10:27,255] {taskinstance.py:1377} INFO - Starting attempt 1 of 6
[2022-08-06 22:10:27,255] {taskinstance.py:1378} INFO - 
--------------------------------------------------------------------------------
[2022-08-06 22:10:27,270] {taskinstance.py:1397} INFO - Executing <Task(BashOperator): thrid_task> on 2021-08-05 00:00:00+00:00
[2022-08-06 22:10:27,276] {standard_task_runner.py:52} INFO - Started process 153 to run task
[2022-08-06 22:10:27,278] {standard_task_runner.py:79} INFO - Running: ['***', 'tasks', 'run', 'our_first_dag_v5', 'thrid_task', 'scheduled__2021-08-05T00:00:00+00:00', '--job-id', '23', '--raw', '--subdir', 'DAGS_FOLDER/pipeline.py', '--cfg-path', '/tmp/tmpxw4beei9', '--error-file', '/tmp/tmpln0pblpk']
[2022-08-06 22:10:27,278] {standard_task_runner.py:80} INFO - Job 23: Subtask thrid_task
[2022-08-06 22:10:27,349] {task_command.py:371} INFO - Running <TaskInstance: our_first_dag_v5.thrid_task scheduled__2021-08-05T00:00:00+00:00 [running]> on host 1250c3b659cd
[2022-08-06 22:10:27,427] {taskinstance.py:1591} INFO - Exporting the following env vars:
AIRFLOW_CTX_DAG_OWNER=coder2j
AIRFLOW_CTX_DAG_ID=our_first_dag_v5
AIRFLOW_CTX_TASK_ID=thrid_task
AIRFLOW_CTX_EXECUTION_DATE=2021-08-05T00:00:00+00:00
AIRFLOW_CTX_TRY_NUMBER=1
AIRFLOW_CTX_DAG_RUN_ID=scheduled__2021-08-05T00:00:00+00:00
[2022-08-06 22:10:27,428] {subprocess.py:62} INFO - Tmp dir root location: 
 /tmp
[2022-08-06 22:10:27,428] {subprocess.py:74} INFO - Running command: ['bash', '-c', 'echo hey, I am task3 and will be running after task1 at the same time as task2!']
[2022-08-06 22:10:27,439] {subprocess.py:85} INFO - Output:
[2022-08-06 22:10:27,440] {subprocess.py:92} INFO - hey, I am task3 and will be running after task1 at the same time as task2!
[2022-08-06 22:10:27,441] {subprocess.py:96} INFO - Command exited with return code 0
[2022-08-06 22:10:27,465] {taskinstance.py:1420} INFO - Marking task as SUCCESS. dag_id=our_first_dag_v5, task_id=thrid_task, execution_date=20210805T000000, start_date=20220806T221027, end_date=20220806T221027
[2022-08-06 22:10:27,490] {local_task_job.py:156} INFO - Task exited with return code 0
[2022-08-06 22:10:27,521] {local_task_job.py:273} INFO - 0 downstream tasks scheduled from follow-on schedule check
[2022-08-06 22:18:15,282] {taskinstance.py:1179} INFO - Dependencies all met for <TaskInstance: our_first_dag_v5.thrid_task scheduled__2021-08-05T00:00:00+00:00 [queued]>
[2022-08-06 22:18:15,299] {taskinstance.py:1179} INFO - Dependencies all met for <TaskInstance: our_first_dag_v5.thrid_task scheduled__2021-08-05T00:00:00+00:00 [queued]>
[2022-08-06 22:18:15,299] {taskinstance.py:1376} INFO - 
--------------------------------------------------------------------------------
[2022-08-06 22:18:15,299] {taskinstance.py:1377} INFO - Starting attempt 1 of 6
[2022-08-06 22:18:15,299] {taskinstance.py:1378} INFO - 
--------------------------------------------------------------------------------
[2022-08-06 22:18:15,320] {taskinstance.py:1397} INFO - Executing <Task(BashOperator): thrid_task> on 2021-08-05 00:00:00+00:00
[2022-08-06 22:18:15,328] {standard_task_runner.py:52} INFO - Started process 164 to run task
[2022-08-06 22:18:15,331] {standard_task_runner.py:79} INFO - Running: ['***', 'tasks', 'run', 'our_first_dag_v5', 'thrid_task', 'scheduled__2021-08-05T00:00:00+00:00', '--job-id', '25', '--raw', '--subdir', 'DAGS_FOLDER/pipeline.py', '--cfg-path', '/tmp/tmpr9v4jxrk', '--error-file', '/tmp/tmpz5nah5ad']
[2022-08-06 22:18:15,331] {standard_task_runner.py:80} INFO - Job 25: Subtask thrid_task
[2022-08-06 22:18:15,405] {task_command.py:371} INFO - Running <TaskInstance: our_first_dag_v5.thrid_task scheduled__2021-08-05T00:00:00+00:00 [running]> on host ed53bde1c44a
[2022-08-06 22:18:15,503] {taskinstance.py:1591} INFO - Exporting the following env vars:
AIRFLOW_CTX_DAG_OWNER=coder2j
AIRFLOW_CTX_DAG_ID=our_first_dag_v5
AIRFLOW_CTX_TASK_ID=thrid_task
AIRFLOW_CTX_EXECUTION_DATE=2021-08-05T00:00:00+00:00
AIRFLOW_CTX_TRY_NUMBER=1
AIRFLOW_CTX_DAG_RUN_ID=scheduled__2021-08-05T00:00:00+00:00
[2022-08-06 22:18:15,505] {subprocess.py:62} INFO - Tmp dir root location: 
 /tmp
[2022-08-06 22:18:15,506] {subprocess.py:74} INFO - Running command: ['bash', '-c', 'echo hey, I am task3 and will be running after task1 at the same time as task2!']
[2022-08-06 22:18:15,520] {subprocess.py:85} INFO - Output:
[2022-08-06 22:18:15,522] {subprocess.py:92} INFO - hey, I am task3 and will be running after task1 at the same time as task2!
[2022-08-06 22:18:15,522] {subprocess.py:96} INFO - Command exited with return code 0
[2022-08-06 22:18:15,561] {taskinstance.py:1420} INFO - Marking task as SUCCESS. dag_id=our_first_dag_v5, task_id=thrid_task, execution_date=20210805T000000, start_date=20220806T221815, end_date=20220806T221815
[2022-08-06 22:18:15,582] {local_task_job.py:156} INFO - Task exited with return code 0
[2022-08-06 22:18:15,614] {local_task_job.py:273} INFO - 0 downstream tasks scheduled from follow-on schedule check
[2022-08-06 22:21:49,028] {taskinstance.py:1179} INFO - Dependencies all met for <TaskInstance: our_first_dag_v5.thrid_task scheduled__2021-08-05T00:00:00+00:00 [queued]>
[2022-08-06 22:21:49,043] {taskinstance.py:1179} INFO - Dependencies all met for <TaskInstance: our_first_dag_v5.thrid_task scheduled__2021-08-05T00:00:00+00:00 [queued]>
[2022-08-06 22:21:49,043] {taskinstance.py:1376} INFO - 
--------------------------------------------------------------------------------
[2022-08-06 22:21:49,043] {taskinstance.py:1377} INFO - Starting attempt 1 of 6
[2022-08-06 22:21:49,043] {taskinstance.py:1378} INFO - 
--------------------------------------------------------------------------------
[2022-08-06 22:21:49,063] {taskinstance.py:1397} INFO - Executing <Task(BashOperator): thrid_task> on 2021-08-05 00:00:00+00:00
[2022-08-06 22:21:49,070] {standard_task_runner.py:52} INFO - Started process 201 to run task
[2022-08-06 22:21:49,072] {standard_task_runner.py:79} INFO - Running: ['***', 'tasks', 'run', 'our_first_dag_v5', 'thrid_task', 'scheduled__2021-08-05T00:00:00+00:00', '--job-id', '24', '--raw', '--subdir', 'DAGS_FOLDER/pipeline.py', '--cfg-path', '/tmp/tmpvcjdk33g', '--error-file', '/tmp/tmp6nmv71as']
[2022-08-06 22:21:49,072] {standard_task_runner.py:80} INFO - Job 24: Subtask thrid_task
[2022-08-06 22:21:49,134] {task_command.py:371} INFO - Running <TaskInstance: our_first_dag_v5.thrid_task scheduled__2021-08-05T00:00:00+00:00 [running]> on host b215076695c3
[2022-08-06 22:21:49,209] {taskinstance.py:1591} INFO - Exporting the following env vars:
AIRFLOW_CTX_DAG_OWNER=coder2j
AIRFLOW_CTX_DAG_ID=our_first_dag_v5
AIRFLOW_CTX_TASK_ID=thrid_task
AIRFLOW_CTX_EXECUTION_DATE=2021-08-05T00:00:00+00:00
AIRFLOW_CTX_TRY_NUMBER=1
AIRFLOW_CTX_DAG_RUN_ID=scheduled__2021-08-05T00:00:00+00:00
[2022-08-06 22:21:49,210] {subprocess.py:62} INFO - Tmp dir root location: 
 /tmp
[2022-08-06 22:21:49,211] {subprocess.py:74} INFO - Running command: ['bash', '-c', 'echo hey, I am task3 and will be running after task1 at the same time as task2!']
[2022-08-06 22:21:49,222] {subprocess.py:85} INFO - Output:
[2022-08-06 22:21:49,223] {subprocess.py:92} INFO - hey, I am task3 and will be running after task1 at the same time as task2!
[2022-08-06 22:21:49,224] {subprocess.py:96} INFO - Command exited with return code 0
[2022-08-06 22:21:49,248] {taskinstance.py:1420} INFO - Marking task as SUCCESS. dag_id=our_first_dag_v5, task_id=thrid_task, execution_date=20210805T000000, start_date=20220806T222149, end_date=20220806T222149
[2022-08-06 22:21:49,284] {local_task_job.py:156} INFO - Task exited with return code 0
[2022-08-06 22:21:49,308] {local_task_job.py:273} INFO - 0 downstream tasks scheduled from follow-on schedule check
