[2022-08-06 19:37:47,022] {taskinstance.py:1179} INFO - Dependencies all met for <TaskInstance: our_first_dag_v5.thrid_task scheduled__2022-01-18T00:00:00+00:00 [queued]>
[2022-08-06 19:37:47,038] {taskinstance.py:1179} INFO - Dependencies all met for <TaskInstance: our_first_dag_v5.thrid_task scheduled__2022-01-18T00:00:00+00:00 [queued]>
[2022-08-06 19:37:47,038] {taskinstance.py:1376} INFO - 
--------------------------------------------------------------------------------
[2022-08-06 19:37:47,038] {taskinstance.py:1377} INFO - Starting attempt 1 of 6
[2022-08-06 19:37:47,038] {taskinstance.py:1378} INFO - 
--------------------------------------------------------------------------------
[2022-08-06 19:37:47,056] {taskinstance.py:1397} INFO - Executing <Task(BashOperator): thrid_task> on 2022-01-18 00:00:00+00:00
[2022-08-06 19:37:47,062] {standard_task_runner.py:52} INFO - Started process 1722 to run task
[2022-08-06 19:37:47,064] {standard_task_runner.py:79} INFO - Running: ['***', 'tasks', 'run', 'our_first_dag_v5', 'thrid_task', 'scheduled__2022-01-18T00:00:00+00:00', '--job-id', '521', '--raw', '--subdir', 'DAGS_FOLDER/pipeline.py', '--cfg-path', '/tmp/tmps8afqx06', '--error-file', '/tmp/tmp2q9z9c92']
[2022-08-06 19:37:47,064] {standard_task_runner.py:80} INFO - Job 521: Subtask thrid_task
[2022-08-06 19:37:47,135] {task_command.py:371} INFO - Running <TaskInstance: our_first_dag_v5.thrid_task scheduled__2022-01-18T00:00:00+00:00 [running]> on host b29c168c1666
[2022-08-06 19:37:47,222] {taskinstance.py:1591} INFO - Exporting the following env vars:
AIRFLOW_CTX_DAG_OWNER=coder2j
AIRFLOW_CTX_DAG_ID=our_first_dag_v5
AIRFLOW_CTX_TASK_ID=thrid_task
AIRFLOW_CTX_EXECUTION_DATE=2022-01-18T00:00:00+00:00
AIRFLOW_CTX_TRY_NUMBER=1
AIRFLOW_CTX_DAG_RUN_ID=scheduled__2022-01-18T00:00:00+00:00
[2022-08-06 19:37:47,222] {subprocess.py:62} INFO - Tmp dir root location: 
 /tmp
[2022-08-06 19:37:47,223] {subprocess.py:74} INFO - Running command: ['bash', '-c', 'echo hey, I am task3 and will be running after task1 at the same time as task2!']
[2022-08-06 19:37:47,234] {subprocess.py:85} INFO - Output:
[2022-08-06 19:37:47,236] {subprocess.py:92} INFO - hey, I am task3 and will be running after task1 at the same time as task2!
[2022-08-06 19:37:47,236] {subprocess.py:96} INFO - Command exited with return code 0
[2022-08-06 19:37:47,266] {taskinstance.py:1420} INFO - Marking task as SUCCESS. dag_id=our_first_dag_v5, task_id=thrid_task, execution_date=20220118T000000, start_date=20220806T193747, end_date=20220806T193747
[2022-08-06 19:37:47,316] {local_task_job.py:156} INFO - Task exited with return code 0
[2022-08-06 19:37:47,350] {local_task_job.py:273} INFO - 0 downstream tasks scheduled from follow-on schedule check
[2022-08-06 21:51:41,092] {taskinstance.py:1179} INFO - Dependencies all met for <TaskInstance: our_first_dag_v5.thrid_task scheduled__2022-01-18T00:00:00+00:00 [queued]>
[2022-08-06 21:51:41,107] {taskinstance.py:1179} INFO - Dependencies all met for <TaskInstance: our_first_dag_v5.thrid_task scheduled__2022-01-18T00:00:00+00:00 [queued]>
[2022-08-06 21:51:41,107] {taskinstance.py:1376} INFO - 
--------------------------------------------------------------------------------
[2022-08-06 21:51:41,108] {taskinstance.py:1377} INFO - Starting attempt 1 of 6
[2022-08-06 21:51:41,108] {taskinstance.py:1378} INFO - 
--------------------------------------------------------------------------------
[2022-08-06 21:51:41,122] {taskinstance.py:1397} INFO - Executing <Task(BashOperator): thrid_task> on 2022-01-18 00:00:00+00:00
[2022-08-06 21:51:41,129] {standard_task_runner.py:52} INFO - Started process 1920 to run task
[2022-08-06 21:51:41,132] {standard_task_runner.py:79} INFO - Running: ['***', 'tasks', 'run', 'our_first_dag_v5', 'thrid_task', 'scheduled__2022-01-18T00:00:00+00:00', '--job-id', '524', '--raw', '--subdir', 'DAGS_FOLDER/pipeline.py', '--cfg-path', '/tmp/tmpj6rphj_o', '--error-file', '/tmp/tmpnf3ln6sc']
[2022-08-06 21:51:41,133] {standard_task_runner.py:80} INFO - Job 524: Subtask thrid_task
[2022-08-06 21:51:41,231] {task_command.py:371} INFO - Running <TaskInstance: our_first_dag_v5.thrid_task scheduled__2022-01-18T00:00:00+00:00 [running]> on host c3f731879890
[2022-08-06 21:51:41,340] {taskinstance.py:1591} INFO - Exporting the following env vars:
AIRFLOW_CTX_DAG_OWNER=coder2j
AIRFLOW_CTX_DAG_ID=our_first_dag_v5
AIRFLOW_CTX_TASK_ID=thrid_task
AIRFLOW_CTX_EXECUTION_DATE=2022-01-18T00:00:00+00:00
AIRFLOW_CTX_TRY_NUMBER=1
AIRFLOW_CTX_DAG_RUN_ID=scheduled__2022-01-18T00:00:00+00:00
[2022-08-06 21:51:41,341] {subprocess.py:62} INFO - Tmp dir root location: 
 /tmp
[2022-08-06 21:51:41,342] {subprocess.py:74} INFO - Running command: ['bash', '-c', 'echo hey, I am task3 and will be running after task1 at the same time as task2!']
[2022-08-06 21:51:41,359] {subprocess.py:85} INFO - Output:
[2022-08-06 21:51:41,362] {subprocess.py:92} INFO - hey, I am task3 and will be running after task1 at the same time as task2!
[2022-08-06 21:51:41,362] {subprocess.py:96} INFO - Command exited with return code 0
[2022-08-06 21:51:41,396] {taskinstance.py:1420} INFO - Marking task as SUCCESS. dag_id=our_first_dag_v5, task_id=thrid_task, execution_date=20220118T000000, start_date=20220806T215141, end_date=20220806T215141
[2022-08-06 21:51:41,424] {local_task_job.py:156} INFO - Task exited with return code 0
[2022-08-06 21:51:41,468] {local_task_job.py:273} INFO - 0 downstream tasks scheduled from follow-on schedule check
[2022-08-06 21:57:04,936] {taskinstance.py:1179} INFO - Dependencies all met for <TaskInstance: our_first_dag_v5.thrid_task scheduled__2022-01-18T00:00:00+00:00 [queued]>
[2022-08-06 21:57:04,952] {taskinstance.py:1179} INFO - Dependencies all met for <TaskInstance: our_first_dag_v5.thrid_task scheduled__2022-01-18T00:00:00+00:00 [queued]>
[2022-08-06 21:57:04,952] {taskinstance.py:1376} INFO - 
--------------------------------------------------------------------------------
[2022-08-06 21:57:04,952] {taskinstance.py:1377} INFO - Starting attempt 1 of 6
[2022-08-06 21:57:04,952] {taskinstance.py:1378} INFO - 
--------------------------------------------------------------------------------
[2022-08-06 21:57:04,973] {taskinstance.py:1397} INFO - Executing <Task(BashOperator): thrid_task> on 2022-01-18 00:00:00+00:00
[2022-08-06 21:57:04,981] {standard_task_runner.py:52} INFO - Started process 1719 to run task
[2022-08-06 21:57:04,985] {standard_task_runner.py:79} INFO - Running: ['***', 'tasks', 'run', 'our_first_dag_v5', 'thrid_task', 'scheduled__2022-01-18T00:00:00+00:00', '--job-id', '523', '--raw', '--subdir', 'DAGS_FOLDER/pipeline.py', '--cfg-path', '/tmp/tmpca_acniw', '--error-file', '/tmp/tmp6zopubss']
[2022-08-06 21:57:04,985] {standard_task_runner.py:80} INFO - Job 523: Subtask thrid_task
[2022-08-06 21:57:05,082] {task_command.py:371} INFO - Running <TaskInstance: our_first_dag_v5.thrid_task scheduled__2022-01-18T00:00:00+00:00 [running]> on host bc7e154a4fdd
[2022-08-06 21:57:05,213] {taskinstance.py:1591} INFO - Exporting the following env vars:
AIRFLOW_CTX_DAG_OWNER=coder2j
AIRFLOW_CTX_DAG_ID=our_first_dag_v5
AIRFLOW_CTX_TASK_ID=thrid_task
AIRFLOW_CTX_EXECUTION_DATE=2022-01-18T00:00:00+00:00
AIRFLOW_CTX_TRY_NUMBER=1
AIRFLOW_CTX_DAG_RUN_ID=scheduled__2022-01-18T00:00:00+00:00
[2022-08-06 21:57:05,216] {subprocess.py:62} INFO - Tmp dir root location: 
 /tmp
[2022-08-06 21:57:05,217] {subprocess.py:74} INFO - Running command: ['bash', '-c', 'echo hey, I am task3 and will be running after task1 at the same time as task2!']
[2022-08-06 21:57:05,234] {subprocess.py:85} INFO - Output:
[2022-08-06 21:57:05,236] {subprocess.py:92} INFO - hey, I am task3 and will be running after task1 at the same time as task2!
[2022-08-06 21:57:05,237] {subprocess.py:96} INFO - Command exited with return code 0
[2022-08-06 21:57:05,282] {taskinstance.py:1420} INFO - Marking task as SUCCESS. dag_id=our_first_dag_v5, task_id=thrid_task, execution_date=20220118T000000, start_date=20220806T215704, end_date=20220806T215705
[2022-08-06 21:57:05,356] {local_task_job.py:156} INFO - Task exited with return code 0
[2022-08-06 21:57:05,467] {local_task_job.py:273} INFO - 0 downstream tasks scheduled from follow-on schedule check
[2022-08-06 22:12:05,747] {taskinstance.py:1179} INFO - Dependencies all met for <TaskInstance: our_first_dag_v5.thrid_task scheduled__2022-01-18T00:00:00+00:00 [queued]>
[2022-08-06 22:12:05,762] {taskinstance.py:1179} INFO - Dependencies all met for <TaskInstance: our_first_dag_v5.thrid_task scheduled__2022-01-18T00:00:00+00:00 [queued]>
[2022-08-06 22:12:05,762] {taskinstance.py:1376} INFO - 
--------------------------------------------------------------------------------
[2022-08-06 22:12:05,762] {taskinstance.py:1377} INFO - Starting attempt 1 of 6
[2022-08-06 22:12:05,762] {taskinstance.py:1378} INFO - 
--------------------------------------------------------------------------------
[2022-08-06 22:12:05,778] {taskinstance.py:1397} INFO - Executing <Task(BashOperator): thrid_task> on 2022-01-18 00:00:00+00:00
[2022-08-06 22:12:05,786] {standard_task_runner.py:52} INFO - Started process 1715 to run task
[2022-08-06 22:12:05,789] {standard_task_runner.py:79} INFO - Running: ['***', 'tasks', 'run', 'our_first_dag_v5', 'thrid_task', 'scheduled__2022-01-18T00:00:00+00:00', '--job-id', '520', '--raw', '--subdir', 'DAGS_FOLDER/pipeline.py', '--cfg-path', '/tmp/tmpr1b4jr5t', '--error-file', '/tmp/tmprx4bjs33']
[2022-08-06 22:12:05,790] {standard_task_runner.py:80} INFO - Job 520: Subtask thrid_task
[2022-08-06 22:12:05,854] {task_command.py:371} INFO - Running <TaskInstance: our_first_dag_v5.thrid_task scheduled__2022-01-18T00:00:00+00:00 [running]> on host 1250c3b659cd
[2022-08-06 22:12:05,934] {taskinstance.py:1591} INFO - Exporting the following env vars:
AIRFLOW_CTX_DAG_OWNER=coder2j
AIRFLOW_CTX_DAG_ID=our_first_dag_v5
AIRFLOW_CTX_TASK_ID=thrid_task
AIRFLOW_CTX_EXECUTION_DATE=2022-01-18T00:00:00+00:00
AIRFLOW_CTX_TRY_NUMBER=1
AIRFLOW_CTX_DAG_RUN_ID=scheduled__2022-01-18T00:00:00+00:00
[2022-08-06 22:12:05,935] {subprocess.py:62} INFO - Tmp dir root location: 
 /tmp
[2022-08-06 22:12:05,935] {subprocess.py:74} INFO - Running command: ['bash', '-c', 'echo hey, I am task3 and will be running after task1 at the same time as task2!']
[2022-08-06 22:12:05,948] {subprocess.py:85} INFO - Output:
[2022-08-06 22:12:05,950] {subprocess.py:92} INFO - hey, I am task3 and will be running after task1 at the same time as task2!
[2022-08-06 22:12:05,950] {subprocess.py:96} INFO - Command exited with return code 0
[2022-08-06 22:12:05,980] {taskinstance.py:1420} INFO - Marking task as SUCCESS. dag_id=our_first_dag_v5, task_id=thrid_task, execution_date=20220118T000000, start_date=20220806T221205, end_date=20220806T221205
[2022-08-06 22:12:06,041] {local_task_job.py:156} INFO - Task exited with return code 0
[2022-08-06 22:12:06,074] {local_task_job.py:273} INFO - 0 downstream tasks scheduled from follow-on schedule check
[2022-08-06 22:23:28,927] {taskinstance.py:1179} INFO - Dependencies all met for <TaskInstance: our_first_dag_v5.thrid_task scheduled__2022-01-18T00:00:00+00:00 [queued]>
[2022-08-06 22:23:28,942] {taskinstance.py:1179} INFO - Dependencies all met for <TaskInstance: our_first_dag_v5.thrid_task scheduled__2022-01-18T00:00:00+00:00 [queued]>
[2022-08-06 22:23:28,942] {taskinstance.py:1376} INFO - 
--------------------------------------------------------------------------------
[2022-08-06 22:23:28,942] {taskinstance.py:1377} INFO - Starting attempt 1 of 6
[2022-08-06 22:23:28,942] {taskinstance.py:1378} INFO - 
--------------------------------------------------------------------------------
[2022-08-06 22:23:28,957] {taskinstance.py:1397} INFO - Executing <Task(BashOperator): thrid_task> on 2022-01-18 00:00:00+00:00
[2022-08-06 22:23:28,963] {standard_task_runner.py:52} INFO - Started process 1793 to run task
[2022-08-06 22:23:28,966] {standard_task_runner.py:79} INFO - Running: ['***', 'tasks', 'run', 'our_first_dag_v5', 'thrid_task', 'scheduled__2022-01-18T00:00:00+00:00', '--job-id', '529', '--raw', '--subdir', 'DAGS_FOLDER/pipeline.py', '--cfg-path', '/tmp/tmpvaq248t9', '--error-file', '/tmp/tmp0j4t9xp3']
[2022-08-06 22:23:28,967] {standard_task_runner.py:80} INFO - Job 529: Subtask thrid_task
[2022-08-06 22:23:29,054] {task_command.py:371} INFO - Running <TaskInstance: our_first_dag_v5.thrid_task scheduled__2022-01-18T00:00:00+00:00 [running]> on host b215076695c3
[2022-08-06 22:23:29,181] {taskinstance.py:1591} INFO - Exporting the following env vars:
AIRFLOW_CTX_DAG_OWNER=coder2j
AIRFLOW_CTX_DAG_ID=our_first_dag_v5
AIRFLOW_CTX_TASK_ID=thrid_task
AIRFLOW_CTX_EXECUTION_DATE=2022-01-18T00:00:00+00:00
AIRFLOW_CTX_TRY_NUMBER=1
AIRFLOW_CTX_DAG_RUN_ID=scheduled__2022-01-18T00:00:00+00:00
[2022-08-06 22:23:29,182] {subprocess.py:62} INFO - Tmp dir root location: 
 /tmp
[2022-08-06 22:23:29,182] {subprocess.py:74} INFO - Running command: ['bash', '-c', 'echo hey, I am task3 and will be running after task1 at the same time as task2!']
[2022-08-06 22:23:29,200] {subprocess.py:85} INFO - Output:
[2022-08-06 22:23:29,202] {subprocess.py:92} INFO - hey, I am task3 and will be running after task1 at the same time as task2!
[2022-08-06 22:23:29,203] {subprocess.py:96} INFO - Command exited with return code 0
[2022-08-06 22:23:29,261] {taskinstance.py:1420} INFO - Marking task as SUCCESS. dag_id=our_first_dag_v5, task_id=thrid_task, execution_date=20220118T000000, start_date=20220806T222328, end_date=20220806T222329
[2022-08-06 22:23:29,304] {local_task_job.py:156} INFO - Task exited with return code 0
[2022-08-06 22:23:29,374] {local_task_job.py:273} INFO - 0 downstream tasks scheduled from follow-on schedule check
