[2022-08-06 19:39:11,085] {taskinstance.py:1179} INFO - Dependencies all met for <TaskInstance: our_first_dag_v5.thrid_task scheduled__2022-06-08T00:00:00+00:00 [queued]>
[2022-08-06 19:39:11,100] {taskinstance.py:1179} INFO - Dependencies all met for <TaskInstance: our_first_dag_v5.thrid_task scheduled__2022-06-08T00:00:00+00:00 [queued]>
[2022-08-06 19:39:11,100] {taskinstance.py:1376} INFO - 
--------------------------------------------------------------------------------
[2022-08-06 19:39:11,100] {taskinstance.py:1377} INFO - Starting attempt 1 of 6
[2022-08-06 19:39:11,100] {taskinstance.py:1378} INFO - 
--------------------------------------------------------------------------------
[2022-08-06 19:39:11,124] {taskinstance.py:1397} INFO - Executing <Task(BashOperator): thrid_task> on 2022-06-08 00:00:00+00:00
[2022-08-06 19:39:11,130] {standard_task_runner.py:52} INFO - Started process 3058 to run task
[2022-08-06 19:39:11,134] {standard_task_runner.py:79} INFO - Running: ['***', 'tasks', 'run', 'our_first_dag_v5', 'thrid_task', 'scheduled__2022-06-08T00:00:00+00:00', '--job-id', '944', '--raw', '--subdir', 'DAGS_FOLDER/pipeline.py', '--cfg-path', '/tmp/tmpagkas_c6', '--error-file', '/tmp/tmpxeugmirr']
[2022-08-06 19:39:11,134] {standard_task_runner.py:80} INFO - Job 944: Subtask thrid_task
[2022-08-06 19:39:11,205] {task_command.py:371} INFO - Running <TaskInstance: our_first_dag_v5.thrid_task scheduled__2022-06-08T00:00:00+00:00 [running]> on host b29c168c1666
[2022-08-06 19:39:11,296] {taskinstance.py:1591} INFO - Exporting the following env vars:
AIRFLOW_CTX_DAG_OWNER=coder2j
AIRFLOW_CTX_DAG_ID=our_first_dag_v5
AIRFLOW_CTX_TASK_ID=thrid_task
AIRFLOW_CTX_EXECUTION_DATE=2022-06-08T00:00:00+00:00
AIRFLOW_CTX_TRY_NUMBER=1
AIRFLOW_CTX_DAG_RUN_ID=scheduled__2022-06-08T00:00:00+00:00
[2022-08-06 19:39:11,297] {subprocess.py:62} INFO - Tmp dir root location: 
 /tmp
[2022-08-06 19:39:11,297] {subprocess.py:74} INFO - Running command: ['bash', '-c', 'echo hey, I am task3 and will be running after task1 at the same time as task2!']
[2022-08-06 19:39:11,309] {subprocess.py:85} INFO - Output:
[2022-08-06 19:39:11,310] {subprocess.py:92} INFO - hey, I am task3 and will be running after task1 at the same time as task2!
[2022-08-06 19:39:11,311] {subprocess.py:96} INFO - Command exited with return code 0
[2022-08-06 19:39:11,345] {taskinstance.py:1420} INFO - Marking task as SUCCESS. dag_id=our_first_dag_v5, task_id=thrid_task, execution_date=20220608T000000, start_date=20220806T193911, end_date=20220806T193911
[2022-08-06 19:39:11,385] {local_task_job.py:156} INFO - Task exited with return code 0
[2022-08-06 19:39:11,420] {local_task_job.py:273} INFO - 0 downstream tasks scheduled from follow-on schedule check
[2022-08-06 21:53:02,999] {taskinstance.py:1179} INFO - Dependencies all met for <TaskInstance: our_first_dag_v5.thrid_task scheduled__2022-06-08T00:00:00+00:00 [queued]>
[2022-08-06 21:53:03,012] {taskinstance.py:1179} INFO - Dependencies all met for <TaskInstance: our_first_dag_v5.thrid_task scheduled__2022-06-08T00:00:00+00:00 [queued]>
[2022-08-06 21:53:03,013] {taskinstance.py:1376} INFO - 
--------------------------------------------------------------------------------
[2022-08-06 21:53:03,013] {taskinstance.py:1377} INFO - Starting attempt 1 of 6
[2022-08-06 21:53:03,013] {taskinstance.py:1378} INFO - 
--------------------------------------------------------------------------------
[2022-08-06 21:53:03,029] {taskinstance.py:1397} INFO - Executing <Task(BashOperator): thrid_task> on 2022-06-08 00:00:00+00:00
[2022-08-06 21:53:03,035] {standard_task_runner.py:52} INFO - Started process 3246 to run task
[2022-08-06 21:53:03,037] {standard_task_runner.py:79} INFO - Running: ['***', 'tasks', 'run', 'our_first_dag_v5', 'thrid_task', 'scheduled__2022-06-08T00:00:00+00:00', '--job-id', '943', '--raw', '--subdir', 'DAGS_FOLDER/pipeline.py', '--cfg-path', '/tmp/tmpxrg36e6q', '--error-file', '/tmp/tmpqh_gib2e']
[2022-08-06 21:53:03,037] {standard_task_runner.py:80} INFO - Job 943: Subtask thrid_task
[2022-08-06 21:53:03,094] {task_command.py:371} INFO - Running <TaskInstance: our_first_dag_v5.thrid_task scheduled__2022-06-08T00:00:00+00:00 [running]> on host c3f731879890
[2022-08-06 21:53:03,164] {taskinstance.py:1591} INFO - Exporting the following env vars:
AIRFLOW_CTX_DAG_OWNER=coder2j
AIRFLOW_CTX_DAG_ID=our_first_dag_v5
AIRFLOW_CTX_TASK_ID=thrid_task
AIRFLOW_CTX_EXECUTION_DATE=2022-06-08T00:00:00+00:00
AIRFLOW_CTX_TRY_NUMBER=1
AIRFLOW_CTX_DAG_RUN_ID=scheduled__2022-06-08T00:00:00+00:00
[2022-08-06 21:53:03,165] {subprocess.py:62} INFO - Tmp dir root location: 
 /tmp
[2022-08-06 21:53:03,165] {subprocess.py:74} INFO - Running command: ['bash', '-c', 'echo hey, I am task3 and will be running after task1 at the same time as task2!']
[2022-08-06 21:53:03,177] {subprocess.py:85} INFO - Output:
[2022-08-06 21:53:03,178] {subprocess.py:92} INFO - hey, I am task3 and will be running after task1 at the same time as task2!
[2022-08-06 21:53:03,178] {subprocess.py:96} INFO - Command exited with return code 0
[2022-08-06 21:53:03,207] {taskinstance.py:1420} INFO - Marking task as SUCCESS. dag_id=our_first_dag_v5, task_id=thrid_task, execution_date=20220608T000000, start_date=20220806T215303, end_date=20220806T215303
[2022-08-06 21:53:03,249] {local_task_job.py:156} INFO - Task exited with return code 0
[2022-08-06 21:53:03,275] {local_task_job.py:273} INFO - 0 downstream tasks scheduled from follow-on schedule check
[2022-08-06 21:58:30,758] {taskinstance.py:1179} INFO - Dependencies all met for <TaskInstance: our_first_dag_v5.thrid_task scheduled__2022-06-08T00:00:00+00:00 [queued]>
[2022-08-06 21:58:30,774] {taskinstance.py:1179} INFO - Dependencies all met for <TaskInstance: our_first_dag_v5.thrid_task scheduled__2022-06-08T00:00:00+00:00 [queued]>
[2022-08-06 21:58:30,774] {taskinstance.py:1376} INFO - 
--------------------------------------------------------------------------------
[2022-08-06 21:58:30,774] {taskinstance.py:1377} INFO - Starting attempt 1 of 6
[2022-08-06 21:58:30,774] {taskinstance.py:1378} INFO - 
--------------------------------------------------------------------------------
[2022-08-06 21:58:30,792] {taskinstance.py:1397} INFO - Executing <Task(BashOperator): thrid_task> on 2022-06-08 00:00:00+00:00
[2022-08-06 21:58:30,798] {standard_task_runner.py:52} INFO - Started process 3046 to run task
[2022-08-06 21:58:30,802] {standard_task_runner.py:79} INFO - Running: ['***', 'tasks', 'run', 'our_first_dag_v5', 'thrid_task', 'scheduled__2022-06-08T00:00:00+00:00', '--job-id', '945', '--raw', '--subdir', 'DAGS_FOLDER/pipeline.py', '--cfg-path', '/tmp/tmpsxfykl0c', '--error-file', '/tmp/tmp34f7d3_1']
[2022-08-06 21:58:30,802] {standard_task_runner.py:80} INFO - Job 945: Subtask thrid_task
[2022-08-06 21:58:30,890] {task_command.py:371} INFO - Running <TaskInstance: our_first_dag_v5.thrid_task scheduled__2022-06-08T00:00:00+00:00 [running]> on host bc7e154a4fdd
[2022-08-06 21:58:30,995] {taskinstance.py:1591} INFO - Exporting the following env vars:
AIRFLOW_CTX_DAG_OWNER=coder2j
AIRFLOW_CTX_DAG_ID=our_first_dag_v5
AIRFLOW_CTX_TASK_ID=thrid_task
AIRFLOW_CTX_EXECUTION_DATE=2022-06-08T00:00:00+00:00
AIRFLOW_CTX_TRY_NUMBER=1
AIRFLOW_CTX_DAG_RUN_ID=scheduled__2022-06-08T00:00:00+00:00
[2022-08-06 21:58:30,996] {subprocess.py:62} INFO - Tmp dir root location: 
 /tmp
[2022-08-06 21:58:30,996] {subprocess.py:74} INFO - Running command: ['bash', '-c', 'echo hey, I am task3 and will be running after task1 at the same time as task2!']
[2022-08-06 21:58:31,012] {subprocess.py:85} INFO - Output:
[2022-08-06 21:58:31,014] {subprocess.py:92} INFO - hey, I am task3 and will be running after task1 at the same time as task2!
[2022-08-06 21:58:31,014] {subprocess.py:96} INFO - Command exited with return code 0
[2022-08-06 21:58:31,056] {taskinstance.py:1420} INFO - Marking task as SUCCESS. dag_id=our_first_dag_v5, task_id=thrid_task, execution_date=20220608T000000, start_date=20220806T215830, end_date=20220806T215831
[2022-08-06 21:58:31,093] {local_task_job.py:156} INFO - Task exited with return code 0
[2022-08-06 21:58:31,140] {local_task_job.py:273} INFO - 0 downstream tasks scheduled from follow-on schedule check
[2022-08-06 22:13:27,602] {taskinstance.py:1179} INFO - Dependencies all met for <TaskInstance: our_first_dag_v5.thrid_task scheduled__2022-06-08T00:00:00+00:00 [queued]>
[2022-08-06 22:13:27,616] {taskinstance.py:1179} INFO - Dependencies all met for <TaskInstance: our_first_dag_v5.thrid_task scheduled__2022-06-08T00:00:00+00:00 [queued]>
[2022-08-06 22:13:27,617] {taskinstance.py:1376} INFO - 
--------------------------------------------------------------------------------
[2022-08-06 22:13:27,617] {taskinstance.py:1377} INFO - Starting attempt 1 of 6
[2022-08-06 22:13:27,617] {taskinstance.py:1378} INFO - 
--------------------------------------------------------------------------------
[2022-08-06 22:13:27,635] {taskinstance.py:1397} INFO - Executing <Task(BashOperator): thrid_task> on 2022-06-08 00:00:00+00:00
[2022-08-06 22:13:27,643] {standard_task_runner.py:52} INFO - Started process 3056 to run task
[2022-08-06 22:13:27,647] {standard_task_runner.py:79} INFO - Running: ['***', 'tasks', 'run', 'our_first_dag_v5', 'thrid_task', 'scheduled__2022-06-08T00:00:00+00:00', '--job-id', '946', '--raw', '--subdir', 'DAGS_FOLDER/pipeline.py', '--cfg-path', '/tmp/tmp4svqb195', '--error-file', '/tmp/tmpbd97culi']
[2022-08-06 22:13:27,647] {standard_task_runner.py:80} INFO - Job 946: Subtask thrid_task
[2022-08-06 22:13:27,712] {task_command.py:371} INFO - Running <TaskInstance: our_first_dag_v5.thrid_task scheduled__2022-06-08T00:00:00+00:00 [running]> on host 1250c3b659cd
[2022-08-06 22:13:27,794] {taskinstance.py:1591} INFO - Exporting the following env vars:
AIRFLOW_CTX_DAG_OWNER=coder2j
AIRFLOW_CTX_DAG_ID=our_first_dag_v5
AIRFLOW_CTX_TASK_ID=thrid_task
AIRFLOW_CTX_EXECUTION_DATE=2022-06-08T00:00:00+00:00
AIRFLOW_CTX_TRY_NUMBER=1
AIRFLOW_CTX_DAG_RUN_ID=scheduled__2022-06-08T00:00:00+00:00
[2022-08-06 22:13:27,795] {subprocess.py:62} INFO - Tmp dir root location: 
 /tmp
[2022-08-06 22:13:27,795] {subprocess.py:74} INFO - Running command: ['bash', '-c', 'echo hey, I am task3 and will be running after task1 at the same time as task2!']
[2022-08-06 22:13:27,813] {subprocess.py:85} INFO - Output:
[2022-08-06 22:13:27,815] {subprocess.py:92} INFO - hey, I am task3 and will be running after task1 at the same time as task2!
[2022-08-06 22:13:27,815] {subprocess.py:96} INFO - Command exited with return code 0
[2022-08-06 22:13:27,848] {taskinstance.py:1420} INFO - Marking task as SUCCESS. dag_id=our_first_dag_v5, task_id=thrid_task, execution_date=20220608T000000, start_date=20220806T221327, end_date=20220806T221327
[2022-08-06 22:13:27,897] {local_task_job.py:156} INFO - Task exited with return code 0
[2022-08-06 22:13:27,943] {local_task_job.py:273} INFO - 0 downstream tasks scheduled from follow-on schedule check
[2022-08-06 22:24:47,736] {taskinstance.py:1179} INFO - Dependencies all met for <TaskInstance: our_first_dag_v5.thrid_task scheduled__2022-06-08T00:00:00+00:00 [queued]>
[2022-08-06 22:24:47,758] {taskinstance.py:1179} INFO - Dependencies all met for <TaskInstance: our_first_dag_v5.thrid_task scheduled__2022-06-08T00:00:00+00:00 [queued]>
[2022-08-06 22:24:47,758] {taskinstance.py:1376} INFO - 
--------------------------------------------------------------------------------
[2022-08-06 22:24:47,758] {taskinstance.py:1377} INFO - Starting attempt 1 of 6
[2022-08-06 22:24:47,758] {taskinstance.py:1378} INFO - 
--------------------------------------------------------------------------------
[2022-08-06 22:24:47,784] {taskinstance.py:1397} INFO - Executing <Task(BashOperator): thrid_task> on 2022-06-08 00:00:00+00:00
[2022-08-06 22:24:47,795] {standard_task_runner.py:52} INFO - Started process 3118 to run task
[2022-08-06 22:24:47,798] {standard_task_runner.py:79} INFO - Running: ['***', 'tasks', 'run', 'our_first_dag_v5', 'thrid_task', 'scheduled__2022-06-08T00:00:00+00:00', '--job-id', '951', '--raw', '--subdir', 'DAGS_FOLDER/pipeline.py', '--cfg-path', '/tmp/tmph2qel1ya', '--error-file', '/tmp/tmpqxsyan2d']
[2022-08-06 22:24:47,799] {standard_task_runner.py:80} INFO - Job 951: Subtask thrid_task
[2022-08-06 22:24:47,883] {task_command.py:371} INFO - Running <TaskInstance: our_first_dag_v5.thrid_task scheduled__2022-06-08T00:00:00+00:00 [running]> on host b215076695c3
[2022-08-06 22:24:47,976] {taskinstance.py:1591} INFO - Exporting the following env vars:
AIRFLOW_CTX_DAG_OWNER=coder2j
AIRFLOW_CTX_DAG_ID=our_first_dag_v5
AIRFLOW_CTX_TASK_ID=thrid_task
AIRFLOW_CTX_EXECUTION_DATE=2022-06-08T00:00:00+00:00
AIRFLOW_CTX_TRY_NUMBER=1
AIRFLOW_CTX_DAG_RUN_ID=scheduled__2022-06-08T00:00:00+00:00
[2022-08-06 22:24:47,977] {subprocess.py:62} INFO - Tmp dir root location: 
 /tmp
[2022-08-06 22:24:47,977] {subprocess.py:74} INFO - Running command: ['bash', '-c', 'echo hey, I am task3 and will be running after task1 at the same time as task2!']
[2022-08-06 22:24:47,991] {subprocess.py:85} INFO - Output:
[2022-08-06 22:24:47,993] {subprocess.py:92} INFO - hey, I am task3 and will be running after task1 at the same time as task2!
[2022-08-06 22:24:47,993] {subprocess.py:96} INFO - Command exited with return code 0
[2022-08-06 22:24:48,032] {taskinstance.py:1420} INFO - Marking task as SUCCESS. dag_id=our_first_dag_v5, task_id=thrid_task, execution_date=20220608T000000, start_date=20220806T222447, end_date=20220806T222448
[2022-08-06 22:24:48,090] {local_task_job.py:156} INFO - Task exited with return code 0
[2022-08-06 22:24:48,139] {local_task_job.py:273} INFO - 0 downstream tasks scheduled from follow-on schedule check
