[2022-08-06 19:37:11,103] {taskinstance.py:1179} INFO - Dependencies all met for <TaskInstance: our_first_dag_v5.first_task scheduled__2021-11-21T00:00:00+00:00 [queued]>
[2022-08-06 19:37:11,116] {taskinstance.py:1179} INFO - Dependencies all met for <TaskInstance: our_first_dag_v5.first_task scheduled__2021-11-21T00:00:00+00:00 [queued]>
[2022-08-06 19:37:11,117] {taskinstance.py:1376} INFO - 
--------------------------------------------------------------------------------
[2022-08-06 19:37:11,117] {taskinstance.py:1377} INFO - Starting attempt 1 of 6
[2022-08-06 19:37:11,117] {taskinstance.py:1378} INFO - 
--------------------------------------------------------------------------------
[2022-08-06 19:37:11,137] {taskinstance.py:1397} INFO - Executing <Task(BashOperator): first_task> on 2021-11-21 00:00:00+00:00
[2022-08-06 19:37:11,144] {standard_task_runner.py:52} INFO - Started process 1159 to run task
[2022-08-06 19:37:11,147] {standard_task_runner.py:79} INFO - Running: ['***', 'tasks', 'run', 'our_first_dag_v5', 'first_task', 'scheduled__2021-11-21T00:00:00+00:00', '--job-id', '341', '--raw', '--subdir', 'DAGS_FOLDER/pipeline.py', '--cfg-path', '/tmp/tmpq3ystg3m', '--error-file', '/tmp/tmpikbxbj43']
[2022-08-06 19:37:11,148] {standard_task_runner.py:80} INFO - Job 341: Subtask first_task
[2022-08-06 19:37:11,215] {task_command.py:371} INFO - Running <TaskInstance: our_first_dag_v5.first_task scheduled__2021-11-21T00:00:00+00:00 [running]> on host b29c168c1666
[2022-08-06 19:37:11,330] {taskinstance.py:1591} INFO - Exporting the following env vars:
AIRFLOW_CTX_DAG_OWNER=coder2j
AIRFLOW_CTX_DAG_ID=our_first_dag_v5
AIRFLOW_CTX_TASK_ID=first_task
AIRFLOW_CTX_EXECUTION_DATE=2021-11-21T00:00:00+00:00
AIRFLOW_CTX_TRY_NUMBER=1
AIRFLOW_CTX_DAG_RUN_ID=scheduled__2021-11-21T00:00:00+00:00
[2022-08-06 19:37:11,331] {subprocess.py:62} INFO - Tmp dir root location: 
 /tmp
[2022-08-06 19:37:11,332] {subprocess.py:74} INFO - Running command: ['bash', '-c', 'echo hello world, this is the first task!']
[2022-08-06 19:37:11,348] {subprocess.py:85} INFO - Output:
[2022-08-06 19:37:11,351] {subprocess.py:92} INFO - hello world, this is the first task!
[2022-08-06 19:37:11,351] {subprocess.py:96} INFO - Command exited with return code 0
[2022-08-06 19:37:11,385] {taskinstance.py:1420} INFO - Marking task as SUCCESS. dag_id=our_first_dag_v5, task_id=first_task, execution_date=20211121T000000, start_date=20220806T193711, end_date=20220806T193711
[2022-08-06 19:37:11,439] {local_task_job.py:156} INFO - Task exited with return code 0
[2022-08-06 19:37:11,522] {local_task_job.py:273} INFO - 0 downstream tasks scheduled from follow-on schedule check
[2022-08-06 21:51:02,850] {taskinstance.py:1179} INFO - Dependencies all met for <TaskInstance: our_first_dag_v5.first_task scheduled__2021-11-21T00:00:00+00:00 [queued]>
[2022-08-06 21:51:02,869] {taskinstance.py:1179} INFO - Dependencies all met for <TaskInstance: our_first_dag_v5.first_task scheduled__2021-11-21T00:00:00+00:00 [queued]>
[2022-08-06 21:51:02,870] {taskinstance.py:1376} INFO - 
--------------------------------------------------------------------------------
[2022-08-06 21:51:02,870] {taskinstance.py:1377} INFO - Starting attempt 1 of 6
[2022-08-06 21:51:02,870] {taskinstance.py:1378} INFO - 
--------------------------------------------------------------------------------
[2022-08-06 21:51:02,912] {taskinstance.py:1397} INFO - Executing <Task(BashOperator): first_task> on 2021-11-21 00:00:00+00:00
[2022-08-06 21:51:02,920] {standard_task_runner.py:52} INFO - Started process 1346 to run task
[2022-08-06 21:51:02,925] {standard_task_runner.py:79} INFO - Running: ['***', 'tasks', 'run', 'our_first_dag_v5', 'first_task', 'scheduled__2021-11-21T00:00:00+00:00', '--job-id', '341', '--raw', '--subdir', 'DAGS_FOLDER/pipeline.py', '--cfg-path', '/tmp/tmpzv269tww', '--error-file', '/tmp/tmpf_7i4zcd']
[2022-08-06 21:51:02,925] {standard_task_runner.py:80} INFO - Job 341: Subtask first_task
[2022-08-06 21:51:03,076] {task_command.py:371} INFO - Running <TaskInstance: our_first_dag_v5.first_task scheduled__2021-11-21T00:00:00+00:00 [running]> on host c3f731879890
[2022-08-06 21:51:03,199] {taskinstance.py:1591} INFO - Exporting the following env vars:
AIRFLOW_CTX_DAG_OWNER=coder2j
AIRFLOW_CTX_DAG_ID=our_first_dag_v5
AIRFLOW_CTX_TASK_ID=first_task
AIRFLOW_CTX_EXECUTION_DATE=2021-11-21T00:00:00+00:00
AIRFLOW_CTX_TRY_NUMBER=1
AIRFLOW_CTX_DAG_RUN_ID=scheduled__2021-11-21T00:00:00+00:00
[2022-08-06 21:51:03,200] {subprocess.py:62} INFO - Tmp dir root location: 
 /tmp
[2022-08-06 21:51:03,200] {subprocess.py:74} INFO - Running command: ['bash', '-c', 'echo hello world, this is the first task!']
[2022-08-06 21:51:03,216] {subprocess.py:85} INFO - Output:
[2022-08-06 21:51:03,218] {subprocess.py:92} INFO - hello world, this is the first task!
[2022-08-06 21:51:03,218] {subprocess.py:96} INFO - Command exited with return code 0
[2022-08-06 21:51:03,293] {taskinstance.py:1420} INFO - Marking task as SUCCESS. dag_id=our_first_dag_v5, task_id=first_task, execution_date=20211121T000000, start_date=20220806T215102, end_date=20220806T215103
[2022-08-06 21:51:03,351] {local_task_job.py:156} INFO - Task exited with return code 0
[2022-08-06 21:51:03,401] {local_task_job.py:273} INFO - 2 downstream tasks scheduled from follow-on schedule check
[2022-08-06 21:56:29,996] {taskinstance.py:1179} INFO - Dependencies all met for <TaskInstance: our_first_dag_v5.first_task scheduled__2021-11-21T00:00:00+00:00 [queued]>
[2022-08-06 21:56:30,004] {taskinstance.py:1179} INFO - Dependencies all met for <TaskInstance: our_first_dag_v5.first_task scheduled__2021-11-21T00:00:00+00:00 [queued]>
[2022-08-06 21:56:30,004] {taskinstance.py:1376} INFO - 
--------------------------------------------------------------------------------
[2022-08-06 21:56:30,004] {taskinstance.py:1377} INFO - Starting attempt 1 of 6
[2022-08-06 21:56:30,005] {taskinstance.py:1378} INFO - 
--------------------------------------------------------------------------------
[2022-08-06 21:56:30,016] {taskinstance.py:1397} INFO - Executing <Task(BashOperator): first_task> on 2021-11-21 00:00:00+00:00
[2022-08-06 21:56:30,021] {standard_task_runner.py:52} INFO - Started process 1154 to run task
[2022-08-06 21:56:30,022] {standard_task_runner.py:79} INFO - Running: ['***', 'tasks', 'run', 'our_first_dag_v5', 'first_task', 'scheduled__2021-11-21T00:00:00+00:00', '--job-id', '345', '--raw', '--subdir', 'DAGS_FOLDER/pipeline.py', '--cfg-path', '/tmp/tmp097c4e26', '--error-file', '/tmp/tmp25r5sx5e']
[2022-08-06 21:56:30,023] {standard_task_runner.py:80} INFO - Job 345: Subtask first_task
[2022-08-06 21:56:30,070] {task_command.py:371} INFO - Running <TaskInstance: our_first_dag_v5.first_task scheduled__2021-11-21T00:00:00+00:00 [running]> on host bc7e154a4fdd
[2022-08-06 21:56:30,147] {taskinstance.py:1591} INFO - Exporting the following env vars:
AIRFLOW_CTX_DAG_OWNER=coder2j
AIRFLOW_CTX_DAG_ID=our_first_dag_v5
AIRFLOW_CTX_TASK_ID=first_task
AIRFLOW_CTX_EXECUTION_DATE=2021-11-21T00:00:00+00:00
AIRFLOW_CTX_TRY_NUMBER=1
AIRFLOW_CTX_DAG_RUN_ID=scheduled__2021-11-21T00:00:00+00:00
[2022-08-06 21:56:30,148] {subprocess.py:62} INFO - Tmp dir root location: 
 /tmp
[2022-08-06 21:56:30,148] {subprocess.py:74} INFO - Running command: ['bash', '-c', 'echo hello world, this is the first task!']
[2022-08-06 21:56:30,160] {subprocess.py:85} INFO - Output:
[2022-08-06 21:56:30,161] {subprocess.py:92} INFO - hello world, this is the first task!
[2022-08-06 21:56:30,162] {subprocess.py:96} INFO - Command exited with return code 0
[2022-08-06 21:56:30,198] {taskinstance.py:1420} INFO - Marking task as SUCCESS. dag_id=our_first_dag_v5, task_id=first_task, execution_date=20211121T000000, start_date=20220806T215629, end_date=20220806T215630
[2022-08-06 21:56:30,234] {local_task_job.py:156} INFO - Task exited with return code 0
[2022-08-06 21:56:30,270] {local_task_job.py:273} INFO - 2 downstream tasks scheduled from follow-on schedule check
[2022-08-06 22:11:32,037] {taskinstance.py:1179} INFO - Dependencies all met for <TaskInstance: our_first_dag_v5.first_task scheduled__2021-11-21T00:00:00+00:00 [queued]>
[2022-08-06 22:11:32,050] {taskinstance.py:1179} INFO - Dependencies all met for <TaskInstance: our_first_dag_v5.first_task scheduled__2021-11-21T00:00:00+00:00 [queued]>
[2022-08-06 22:11:32,050] {taskinstance.py:1376} INFO - 
--------------------------------------------------------------------------------
[2022-08-06 22:11:32,050] {taskinstance.py:1377} INFO - Starting attempt 1 of 6
[2022-08-06 22:11:32,050] {taskinstance.py:1378} INFO - 
--------------------------------------------------------------------------------
[2022-08-06 22:11:32,066] {taskinstance.py:1397} INFO - Executing <Task(BashOperator): first_task> on 2021-11-21 00:00:00+00:00
[2022-08-06 22:11:32,072] {standard_task_runner.py:52} INFO - Started process 1141 to run task
[2022-08-06 22:11:32,075] {standard_task_runner.py:79} INFO - Running: ['***', 'tasks', 'run', 'our_first_dag_v5', 'first_task', 'scheduled__2021-11-21T00:00:00+00:00', '--job-id', '339', '--raw', '--subdir', 'DAGS_FOLDER/pipeline.py', '--cfg-path', '/tmp/tmpxu_5jowd', '--error-file', '/tmp/tmp2verfmsg']
[2022-08-06 22:11:32,075] {standard_task_runner.py:80} INFO - Job 339: Subtask first_task
[2022-08-06 22:11:32,166] {task_command.py:371} INFO - Running <TaskInstance: our_first_dag_v5.first_task scheduled__2021-11-21T00:00:00+00:00 [running]> on host 1250c3b659cd
[2022-08-06 22:11:32,270] {taskinstance.py:1591} INFO - Exporting the following env vars:
AIRFLOW_CTX_DAG_OWNER=coder2j
AIRFLOW_CTX_DAG_ID=our_first_dag_v5
AIRFLOW_CTX_TASK_ID=first_task
AIRFLOW_CTX_EXECUTION_DATE=2021-11-21T00:00:00+00:00
AIRFLOW_CTX_TRY_NUMBER=1
AIRFLOW_CTX_DAG_RUN_ID=scheduled__2021-11-21T00:00:00+00:00
[2022-08-06 22:11:32,271] {subprocess.py:62} INFO - Tmp dir root location: 
 /tmp
[2022-08-06 22:11:32,272] {subprocess.py:74} INFO - Running command: ['bash', '-c', 'echo hello world, this is the first task!']
[2022-08-06 22:11:32,288] {subprocess.py:85} INFO - Output:
[2022-08-06 22:11:32,289] {subprocess.py:92} INFO - hello world, this is the first task!
[2022-08-06 22:11:32,289] {subprocess.py:96} INFO - Command exited with return code 0
[2022-08-06 22:11:32,340] {taskinstance.py:1420} INFO - Marking task as SUCCESS. dag_id=our_first_dag_v5, task_id=first_task, execution_date=20211121T000000, start_date=20220806T221132, end_date=20220806T221132
[2022-08-06 22:11:32,367] {local_task_job.py:156} INFO - Task exited with return code 0
[2022-08-06 22:11:32,422] {local_task_job.py:273} INFO - 2 downstream tasks scheduled from follow-on schedule check
[2022-08-06 22:19:14,841] {taskinstance.py:1179} INFO - Dependencies all met for <TaskInstance: our_first_dag_v5.first_task scheduled__2021-11-21T00:00:00+00:00 [queued]>
[2022-08-06 22:19:14,856] {taskinstance.py:1179} INFO - Dependencies all met for <TaskInstance: our_first_dag_v5.first_task scheduled__2021-11-21T00:00:00+00:00 [queued]>
[2022-08-06 22:19:14,856] {taskinstance.py:1376} INFO - 
--------------------------------------------------------------------------------
[2022-08-06 22:19:14,856] {taskinstance.py:1377} INFO - Starting attempt 1 of 6
[2022-08-06 22:19:14,857] {taskinstance.py:1378} INFO - 
--------------------------------------------------------------------------------
[2022-08-06 22:19:14,875] {taskinstance.py:1397} INFO - Executing <Task(BashOperator): first_task> on 2021-11-21 00:00:00+00:00
[2022-08-06 22:19:14,882] {standard_task_runner.py:52} INFO - Started process 1155 to run task
[2022-08-06 22:19:14,884] {standard_task_runner.py:79} INFO - Running: ['***', 'tasks', 'run', 'our_first_dag_v5', 'first_task', 'scheduled__2021-11-21T00:00:00+00:00', '--job-id', '339', '--raw', '--subdir', 'DAGS_FOLDER/pipeline.py', '--cfg-path', '/tmp/tmpypdt_vk0', '--error-file', '/tmp/tmp5odl6ync']
[2022-08-06 22:19:14,885] {standard_task_runner.py:80} INFO - Job 339: Subtask first_task
[2022-08-06 22:19:14,952] {task_command.py:371} INFO - Running <TaskInstance: our_first_dag_v5.first_task scheduled__2021-11-21T00:00:00+00:00 [running]> on host ed53bde1c44a
[2022-08-06 22:19:15,038] {taskinstance.py:1591} INFO - Exporting the following env vars:
AIRFLOW_CTX_DAG_OWNER=coder2j
AIRFLOW_CTX_DAG_ID=our_first_dag_v5
AIRFLOW_CTX_TASK_ID=first_task
AIRFLOW_CTX_EXECUTION_DATE=2021-11-21T00:00:00+00:00
AIRFLOW_CTX_TRY_NUMBER=1
AIRFLOW_CTX_DAG_RUN_ID=scheduled__2021-11-21T00:00:00+00:00
[2022-08-06 22:19:15,039] {subprocess.py:62} INFO - Tmp dir root location: 
 /tmp
[2022-08-06 22:19:15,039] {subprocess.py:74} INFO - Running command: ['bash', '-c', 'echo hello world, this is the first task!']
[2022-08-06 22:19:15,055] {subprocess.py:85} INFO - Output:
[2022-08-06 22:19:15,057] {subprocess.py:92} INFO - hello world, this is the first task!
[2022-08-06 22:19:15,057] {subprocess.py:96} INFO - Command exited with return code 0
[2022-08-06 22:19:15,096] {taskinstance.py:1420} INFO - Marking task as SUCCESS. dag_id=our_first_dag_v5, task_id=first_task, execution_date=20211121T000000, start_date=20220806T221914, end_date=20220806T221915
[2022-08-06 22:19:15,136] {local_task_job.py:156} INFO - Task exited with return code 0
[2022-08-06 22:19:15,179] {local_task_job.py:273} INFO - 2 downstream tasks scheduled from follow-on schedule check
[2022-08-06 22:22:55,063] {taskinstance.py:1179} INFO - Dependencies all met for <TaskInstance: our_first_dag_v5.first_task scheduled__2021-11-21T00:00:00+00:00 [queued]>
[2022-08-06 22:22:55,074] {taskinstance.py:1179} INFO - Dependencies all met for <TaskInstance: our_first_dag_v5.first_task scheduled__2021-11-21T00:00:00+00:00 [queued]>
[2022-08-06 22:22:55,074] {taskinstance.py:1376} INFO - 
--------------------------------------------------------------------------------
[2022-08-06 22:22:55,074] {taskinstance.py:1377} INFO - Starting attempt 1 of 6
[2022-08-06 22:22:55,074] {taskinstance.py:1378} INFO - 
--------------------------------------------------------------------------------
[2022-08-06 22:22:55,089] {taskinstance.py:1397} INFO - Executing <Task(BashOperator): first_task> on 2021-11-21 00:00:00+00:00
[2022-08-06 22:22:55,094] {standard_task_runner.py:52} INFO - Started process 1217 to run task
[2022-08-06 22:22:55,097] {standard_task_runner.py:79} INFO - Running: ['***', 'tasks', 'run', 'our_first_dag_v5', 'first_task', 'scheduled__2021-11-21T00:00:00+00:00', '--job-id', '345', '--raw', '--subdir', 'DAGS_FOLDER/pipeline.py', '--cfg-path', '/tmp/tmp8sekke7e', '--error-file', '/tmp/tmpu4kxzk95']
[2022-08-06 22:22:55,097] {standard_task_runner.py:80} INFO - Job 345: Subtask first_task
[2022-08-06 22:22:55,157] {task_command.py:371} INFO - Running <TaskInstance: our_first_dag_v5.first_task scheduled__2021-11-21T00:00:00+00:00 [running]> on host b215076695c3
[2022-08-06 22:22:55,239] {taskinstance.py:1591} INFO - Exporting the following env vars:
AIRFLOW_CTX_DAG_OWNER=coder2j
AIRFLOW_CTX_DAG_ID=our_first_dag_v5
AIRFLOW_CTX_TASK_ID=first_task
AIRFLOW_CTX_EXECUTION_DATE=2021-11-21T00:00:00+00:00
AIRFLOW_CTX_TRY_NUMBER=1
AIRFLOW_CTX_DAG_RUN_ID=scheduled__2021-11-21T00:00:00+00:00
[2022-08-06 22:22:55,240] {subprocess.py:62} INFO - Tmp dir root location: 
 /tmp
[2022-08-06 22:22:55,241] {subprocess.py:74} INFO - Running command: ['bash', '-c', 'echo hello world, this is the first task!']
[2022-08-06 22:22:55,255] {subprocess.py:85} INFO - Output:
[2022-08-06 22:22:55,257] {subprocess.py:92} INFO - hello world, this is the first task!
[2022-08-06 22:22:55,257] {subprocess.py:96} INFO - Command exited with return code 0
[2022-08-06 22:22:55,293] {taskinstance.py:1420} INFO - Marking task as SUCCESS. dag_id=our_first_dag_v5, task_id=first_task, execution_date=20211121T000000, start_date=20220806T222255, end_date=20220806T222255
[2022-08-06 22:22:55,349] {local_task_job.py:156} INFO - Task exited with return code 0
[2022-08-06 22:22:55,389] {local_task_job.py:273} INFO - 0 downstream tasks scheduled from follow-on schedule check
