[2022-08-06 19:36:27,174] {taskinstance.py:1179} INFO - Dependencies all met for <TaskInstance: our_first_dag_v5.first_task scheduled__2021-09-15T00:00:00+00:00 [queued]>
[2022-08-06 19:36:27,188] {taskinstance.py:1179} INFO - Dependencies all met for <TaskInstance: our_first_dag_v5.first_task scheduled__2021-09-15T00:00:00+00:00 [queued]>
[2022-08-06 19:36:27,188] {taskinstance.py:1376} INFO - 
--------------------------------------------------------------------------------
[2022-08-06 19:36:27,188] {taskinstance.py:1377} INFO - Starting attempt 1 of 6
[2022-08-06 19:36:27,188] {taskinstance.py:1378} INFO - 
--------------------------------------------------------------------------------
[2022-08-06 19:36:27,206] {taskinstance.py:1397} INFO - Executing <Task(BashOperator): first_task> on 2021-09-15 00:00:00+00:00
[2022-08-06 19:36:27,213] {standard_task_runner.py:52} INFO - Started process 527 to run task
[2022-08-06 19:36:27,217] {standard_task_runner.py:79} INFO - Running: ['***', 'tasks', 'run', 'our_first_dag_v5', 'first_task', 'scheduled__2021-09-15T00:00:00+00:00', '--job-id', '140', '--raw', '--subdir', 'DAGS_FOLDER/pipeline.py', '--cfg-path', '/tmp/tmp2jbbybm9', '--error-file', '/tmp/tmply8dxmha']
[2022-08-06 19:36:27,217] {standard_task_runner.py:80} INFO - Job 140: Subtask first_task
[2022-08-06 19:36:27,306] {task_command.py:371} INFO - Running <TaskInstance: our_first_dag_v5.first_task scheduled__2021-09-15T00:00:00+00:00 [running]> on host b29c168c1666
[2022-08-06 19:36:27,412] {taskinstance.py:1591} INFO - Exporting the following env vars:
AIRFLOW_CTX_DAG_OWNER=coder2j
AIRFLOW_CTX_DAG_ID=our_first_dag_v5
AIRFLOW_CTX_TASK_ID=first_task
AIRFLOW_CTX_EXECUTION_DATE=2021-09-15T00:00:00+00:00
AIRFLOW_CTX_TRY_NUMBER=1
AIRFLOW_CTX_DAG_RUN_ID=scheduled__2021-09-15T00:00:00+00:00
[2022-08-06 19:36:27,413] {subprocess.py:62} INFO - Tmp dir root location: 
 /tmp
[2022-08-06 19:36:27,413] {subprocess.py:74} INFO - Running command: ['bash', '-c', 'echo hello world, this is the first task!']
[2022-08-06 19:36:27,431] {subprocess.py:85} INFO - Output:
[2022-08-06 19:36:27,433] {subprocess.py:92} INFO - hello world, this is the first task!
[2022-08-06 19:36:27,434] {subprocess.py:96} INFO - Command exited with return code 0
[2022-08-06 19:36:27,487] {taskinstance.py:1420} INFO - Marking task as SUCCESS. dag_id=our_first_dag_v5, task_id=first_task, execution_date=20210915T000000, start_date=20220806T193627, end_date=20220806T193627
[2022-08-06 19:36:27,548] {local_task_job.py:156} INFO - Task exited with return code 0
[2022-08-06 19:36:27,613] {local_task_job.py:273} INFO - 0 downstream tasks scheduled from follow-on schedule check
[2022-08-06 21:50:21,585] {taskinstance.py:1179} INFO - Dependencies all met for <TaskInstance: our_first_dag_v5.first_task scheduled__2021-09-15T00:00:00+00:00 [queued]>
[2022-08-06 21:50:21,598] {taskinstance.py:1179} INFO - Dependencies all met for <TaskInstance: our_first_dag_v5.first_task scheduled__2021-09-15T00:00:00+00:00 [queued]>
[2022-08-06 21:50:21,598] {taskinstance.py:1376} INFO - 
--------------------------------------------------------------------------------
[2022-08-06 21:50:21,598] {taskinstance.py:1377} INFO - Starting attempt 1 of 6
[2022-08-06 21:50:21,598] {taskinstance.py:1378} INFO - 
--------------------------------------------------------------------------------
[2022-08-06 21:50:21,618] {taskinstance.py:1397} INFO - Executing <Task(BashOperator): first_task> on 2021-09-15 00:00:00+00:00
[2022-08-06 21:50:21,625] {standard_task_runner.py:52} INFO - Started process 707 to run task
[2022-08-06 21:50:21,628] {standard_task_runner.py:79} INFO - Running: ['***', 'tasks', 'run', 'our_first_dag_v5', 'first_task', 'scheduled__2021-09-15T00:00:00+00:00', '--job-id', '138', '--raw', '--subdir', 'DAGS_FOLDER/pipeline.py', '--cfg-path', '/tmp/tmpg9gf55dk', '--error-file', '/tmp/tmpq1oeim3w']
[2022-08-06 21:50:21,629] {standard_task_runner.py:80} INFO - Job 138: Subtask first_task
[2022-08-06 21:50:21,699] {task_command.py:371} INFO - Running <TaskInstance: our_first_dag_v5.first_task scheduled__2021-09-15T00:00:00+00:00 [running]> on host c3f731879890
[2022-08-06 21:50:21,784] {taskinstance.py:1591} INFO - Exporting the following env vars:
AIRFLOW_CTX_DAG_OWNER=coder2j
AIRFLOW_CTX_DAG_ID=our_first_dag_v5
AIRFLOW_CTX_TASK_ID=first_task
AIRFLOW_CTX_EXECUTION_DATE=2021-09-15T00:00:00+00:00
AIRFLOW_CTX_TRY_NUMBER=1
AIRFLOW_CTX_DAG_RUN_ID=scheduled__2021-09-15T00:00:00+00:00
[2022-08-06 21:50:21,785] {subprocess.py:62} INFO - Tmp dir root location: 
 /tmp
[2022-08-06 21:50:21,786] {subprocess.py:74} INFO - Running command: ['bash', '-c', 'echo hello world, this is the first task!']
[2022-08-06 21:50:21,799] {subprocess.py:85} INFO - Output:
[2022-08-06 21:50:21,801] {subprocess.py:92} INFO - hello world, this is the first task!
[2022-08-06 21:50:21,801] {subprocess.py:96} INFO - Command exited with return code 0
[2022-08-06 21:50:21,842] {taskinstance.py:1420} INFO - Marking task as SUCCESS. dag_id=our_first_dag_v5, task_id=first_task, execution_date=20210915T000000, start_date=20220806T215021, end_date=20220806T215021
[2022-08-06 21:50:21,879] {local_task_job.py:156} INFO - Task exited with return code 0
[2022-08-06 21:50:21,926] {local_task_job.py:273} INFO - 2 downstream tasks scheduled from follow-on schedule check
[2022-08-06 21:55:50,994] {taskinstance.py:1179} INFO - Dependencies all met for <TaskInstance: our_first_dag_v5.first_task scheduled__2021-09-15T00:00:00+00:00 [queued]>
[2022-08-06 21:55:51,012] {taskinstance.py:1179} INFO - Dependencies all met for <TaskInstance: our_first_dag_v5.first_task scheduled__2021-09-15T00:00:00+00:00 [queued]>
[2022-08-06 21:55:51,013] {taskinstance.py:1376} INFO - 
--------------------------------------------------------------------------------
[2022-08-06 21:55:51,013] {taskinstance.py:1377} INFO - Starting attempt 1 of 6
[2022-08-06 21:55:51,013] {taskinstance.py:1378} INFO - 
--------------------------------------------------------------------------------
[2022-08-06 21:55:51,037] {taskinstance.py:1397} INFO - Executing <Task(BashOperator): first_task> on 2021-09-15 00:00:00+00:00
[2022-08-06 21:55:51,045] {standard_task_runner.py:52} INFO - Started process 508 to run task
[2022-08-06 21:55:51,050] {standard_task_runner.py:79} INFO - Running: ['***', 'tasks', 'run', 'our_first_dag_v5', 'first_task', 'scheduled__2021-09-15T00:00:00+00:00', '--job-id', '139', '--raw', '--subdir', 'DAGS_FOLDER/pipeline.py', '--cfg-path', '/tmp/tmpd84qgfxp', '--error-file', '/tmp/tmpmzowd0jb']
[2022-08-06 21:55:51,050] {standard_task_runner.py:80} INFO - Job 139: Subtask first_task
[2022-08-06 21:55:51,132] {task_command.py:371} INFO - Running <TaskInstance: our_first_dag_v5.first_task scheduled__2021-09-15T00:00:00+00:00 [running]> on host bc7e154a4fdd
[2022-08-06 21:55:51,227] {taskinstance.py:1591} INFO - Exporting the following env vars:
AIRFLOW_CTX_DAG_OWNER=coder2j
AIRFLOW_CTX_DAG_ID=our_first_dag_v5
AIRFLOW_CTX_TASK_ID=first_task
AIRFLOW_CTX_EXECUTION_DATE=2021-09-15T00:00:00+00:00
AIRFLOW_CTX_TRY_NUMBER=1
AIRFLOW_CTX_DAG_RUN_ID=scheduled__2021-09-15T00:00:00+00:00
[2022-08-06 21:55:51,228] {subprocess.py:62} INFO - Tmp dir root location: 
 /tmp
[2022-08-06 21:55:51,229] {subprocess.py:74} INFO - Running command: ['bash', '-c', 'echo hello world, this is the first task!']
[2022-08-06 21:55:51,242] {subprocess.py:85} INFO - Output:
[2022-08-06 21:55:51,243] {subprocess.py:92} INFO - hello world, this is the first task!
[2022-08-06 21:55:51,244] {subprocess.py:96} INFO - Command exited with return code 0
[2022-08-06 21:55:51,276] {taskinstance.py:1420} INFO - Marking task as SUCCESS. dag_id=our_first_dag_v5, task_id=first_task, execution_date=20210915T000000, start_date=20220806T215550, end_date=20220806T215551
[2022-08-06 21:55:51,303] {local_task_job.py:156} INFO - Task exited with return code 0
[2022-08-06 21:55:51,354] {local_task_job.py:273} INFO - 2 downstream tasks scheduled from follow-on schedule check
[2022-08-06 22:10:53,997] {taskinstance.py:1179} INFO - Dependencies all met for <TaskInstance: our_first_dag_v5.first_task scheduled__2021-09-15T00:00:00+00:00 [queued]>
[2022-08-06 22:10:54,007] {taskinstance.py:1179} INFO - Dependencies all met for <TaskInstance: our_first_dag_v5.first_task scheduled__2021-09-15T00:00:00+00:00 [queued]>
[2022-08-06 22:10:54,007] {taskinstance.py:1376} INFO - 
--------------------------------------------------------------------------------
[2022-08-06 22:10:54,007] {taskinstance.py:1377} INFO - Starting attempt 1 of 6
[2022-08-06 22:10:54,007] {taskinstance.py:1378} INFO - 
--------------------------------------------------------------------------------
[2022-08-06 22:10:54,021] {taskinstance.py:1397} INFO - Executing <Task(BashOperator): first_task> on 2021-09-15 00:00:00+00:00
[2022-08-06 22:10:54,026] {standard_task_runner.py:52} INFO - Started process 534 to run task
[2022-08-06 22:10:54,028] {standard_task_runner.py:79} INFO - Running: ['***', 'tasks', 'run', 'our_first_dag_v5', 'first_task', 'scheduled__2021-09-15T00:00:00+00:00', '--job-id', '144', '--raw', '--subdir', 'DAGS_FOLDER/pipeline.py', '--cfg-path', '/tmp/tmp0iftaxts', '--error-file', '/tmp/tmpsnsrmsq6']
[2022-08-06 22:10:54,029] {standard_task_runner.py:80} INFO - Job 144: Subtask first_task
[2022-08-06 22:10:54,081] {task_command.py:371} INFO - Running <TaskInstance: our_first_dag_v5.first_task scheduled__2021-09-15T00:00:00+00:00 [running]> on host 1250c3b659cd
[2022-08-06 22:10:54,158] {taskinstance.py:1591} INFO - Exporting the following env vars:
AIRFLOW_CTX_DAG_OWNER=coder2j
AIRFLOW_CTX_DAG_ID=our_first_dag_v5
AIRFLOW_CTX_TASK_ID=first_task
AIRFLOW_CTX_EXECUTION_DATE=2021-09-15T00:00:00+00:00
AIRFLOW_CTX_TRY_NUMBER=1
AIRFLOW_CTX_DAG_RUN_ID=scheduled__2021-09-15T00:00:00+00:00
[2022-08-06 22:10:54,159] {subprocess.py:62} INFO - Tmp dir root location: 
 /tmp
[2022-08-06 22:10:54,159] {subprocess.py:74} INFO - Running command: ['bash', '-c', 'echo hello world, this is the first task!']
[2022-08-06 22:10:54,171] {subprocess.py:85} INFO - Output:
[2022-08-06 22:10:54,173] {subprocess.py:92} INFO - hello world, this is the first task!
[2022-08-06 22:10:54,173] {subprocess.py:96} INFO - Command exited with return code 0
[2022-08-06 22:10:54,203] {taskinstance.py:1420} INFO - Marking task as SUCCESS. dag_id=our_first_dag_v5, task_id=first_task, execution_date=20210915T000000, start_date=20220806T221053, end_date=20220806T221054
[2022-08-06 22:10:54,239] {local_task_job.py:156} INFO - Task exited with return code 0
[2022-08-06 22:10:54,301] {local_task_job.py:273} INFO - 0 downstream tasks scheduled from follow-on schedule check
[2022-08-06 22:18:40,187] {taskinstance.py:1179} INFO - Dependencies all met for <TaskInstance: our_first_dag_v5.first_task scheduled__2021-09-15T00:00:00+00:00 [queued]>
[2022-08-06 22:18:40,199] {taskinstance.py:1179} INFO - Dependencies all met for <TaskInstance: our_first_dag_v5.first_task scheduled__2021-09-15T00:00:00+00:00 [queued]>
[2022-08-06 22:18:40,199] {taskinstance.py:1376} INFO - 
--------------------------------------------------------------------------------
[2022-08-06 22:18:40,199] {taskinstance.py:1377} INFO - Starting attempt 1 of 6
[2022-08-06 22:18:40,200] {taskinstance.py:1378} INFO - 
--------------------------------------------------------------------------------
[2022-08-06 22:18:40,218] {taskinstance.py:1397} INFO - Executing <Task(BashOperator): first_task> on 2021-09-15 00:00:00+00:00
[2022-08-06 22:18:40,223] {standard_task_runner.py:52} INFO - Started process 543 to run task
[2022-08-06 22:18:40,226] {standard_task_runner.py:79} INFO - Running: ['***', 'tasks', 'run', 'our_first_dag_v5', 'first_task', 'scheduled__2021-09-15T00:00:00+00:00', '--job-id', '144', '--raw', '--subdir', 'DAGS_FOLDER/pipeline.py', '--cfg-path', '/tmp/tmp0ymact3r', '--error-file', '/tmp/tmpzlggwz_f']
[2022-08-06 22:18:40,226] {standard_task_runner.py:80} INFO - Job 144: Subtask first_task
[2022-08-06 22:18:40,293] {task_command.py:371} INFO - Running <TaskInstance: our_first_dag_v5.first_task scheduled__2021-09-15T00:00:00+00:00 [running]> on host ed53bde1c44a
[2022-08-06 22:18:40,391] {taskinstance.py:1591} INFO - Exporting the following env vars:
AIRFLOW_CTX_DAG_OWNER=coder2j
AIRFLOW_CTX_DAG_ID=our_first_dag_v5
AIRFLOW_CTX_TASK_ID=first_task
AIRFLOW_CTX_EXECUTION_DATE=2021-09-15T00:00:00+00:00
AIRFLOW_CTX_TRY_NUMBER=1
AIRFLOW_CTX_DAG_RUN_ID=scheduled__2021-09-15T00:00:00+00:00
[2022-08-06 22:18:40,392] {subprocess.py:62} INFO - Tmp dir root location: 
 /tmp
[2022-08-06 22:18:40,393] {subprocess.py:74} INFO - Running command: ['bash', '-c', 'echo hello world, this is the first task!']
[2022-08-06 22:18:40,407] {subprocess.py:85} INFO - Output:
[2022-08-06 22:18:40,409] {subprocess.py:92} INFO - hello world, this is the first task!
[2022-08-06 22:18:40,409] {subprocess.py:96} INFO - Command exited with return code 0
[2022-08-06 22:18:40,445] {taskinstance.py:1420} INFO - Marking task as SUCCESS. dag_id=our_first_dag_v5, task_id=first_task, execution_date=20210915T000000, start_date=20220806T221840, end_date=20220806T221840
[2022-08-06 22:18:40,478] {local_task_job.py:156} INFO - Task exited with return code 0
[2022-08-06 22:18:40,535] {local_task_job.py:273} INFO - 0 downstream tasks scheduled from follow-on schedule check
[2022-08-06 22:22:12,384] {taskinstance.py:1179} INFO - Dependencies all met for <TaskInstance: our_first_dag_v5.first_task scheduled__2021-09-15T00:00:00+00:00 [queued]>
[2022-08-06 22:22:12,397] {taskinstance.py:1179} INFO - Dependencies all met for <TaskInstance: our_first_dag_v5.first_task scheduled__2021-09-15T00:00:00+00:00 [queued]>
[2022-08-06 22:22:12,397] {taskinstance.py:1376} INFO - 
--------------------------------------------------------------------------------
[2022-08-06 22:22:12,397] {taskinstance.py:1377} INFO - Starting attempt 1 of 6
[2022-08-06 22:22:12,397] {taskinstance.py:1378} INFO - 
--------------------------------------------------------------------------------
[2022-08-06 22:22:12,416] {taskinstance.py:1397} INFO - Executing <Task(BashOperator): first_task> on 2021-09-15 00:00:00+00:00
[2022-08-06 22:22:12,424] {standard_task_runner.py:52} INFO - Started process 562 to run task
[2022-08-06 22:22:12,428] {standard_task_runner.py:79} INFO - Running: ['***', 'tasks', 'run', 'our_first_dag_v5', 'first_task', 'scheduled__2021-09-15T00:00:00+00:00', '--job-id', '139', '--raw', '--subdir', 'DAGS_FOLDER/pipeline.py', '--cfg-path', '/tmp/tmp2jr64u8g', '--error-file', '/tmp/tmpeity6l8i']
[2022-08-06 22:22:12,428] {standard_task_runner.py:80} INFO - Job 139: Subtask first_task
[2022-08-06 22:22:12,509] {task_command.py:371} INFO - Running <TaskInstance: our_first_dag_v5.first_task scheduled__2021-09-15T00:00:00+00:00 [running]> on host b215076695c3
[2022-08-06 22:22:12,613] {taskinstance.py:1591} INFO - Exporting the following env vars:
AIRFLOW_CTX_DAG_OWNER=coder2j
AIRFLOW_CTX_DAG_ID=our_first_dag_v5
AIRFLOW_CTX_TASK_ID=first_task
AIRFLOW_CTX_EXECUTION_DATE=2021-09-15T00:00:00+00:00
AIRFLOW_CTX_TRY_NUMBER=1
AIRFLOW_CTX_DAG_RUN_ID=scheduled__2021-09-15T00:00:00+00:00
[2022-08-06 22:22:12,614] {subprocess.py:62} INFO - Tmp dir root location: 
 /tmp
[2022-08-06 22:22:12,615] {subprocess.py:74} INFO - Running command: ['bash', '-c', 'echo hello world, this is the first task!']
[2022-08-06 22:22:12,629] {subprocess.py:85} INFO - Output:
[2022-08-06 22:22:12,631] {subprocess.py:92} INFO - hello world, this is the first task!
[2022-08-06 22:22:12,631] {subprocess.py:96} INFO - Command exited with return code 0
[2022-08-06 22:22:12,669] {taskinstance.py:1420} INFO - Marking task as SUCCESS. dag_id=our_first_dag_v5, task_id=first_task, execution_date=20210915T000000, start_date=20220806T222212, end_date=20220806T222212
[2022-08-06 22:22:12,719] {local_task_job.py:156} INFO - Task exited with return code 0
[2022-08-06 22:22:12,771] {local_task_job.py:273} INFO - 2 downstream tasks scheduled from follow-on schedule check
