[2022-08-06 19:36:15,646] {taskinstance.py:1179} INFO - Dependencies all met for <TaskInstance: our_first_dag_v5.second_task scheduled__2021-08-23T00:00:00+00:00 [queued]>
[2022-08-06 19:36:15,662] {taskinstance.py:1179} INFO - Dependencies all met for <TaskInstance: our_first_dag_v5.second_task scheduled__2021-08-23T00:00:00+00:00 [queued]>
[2022-08-06 19:36:15,662] {taskinstance.py:1376} INFO - 
--------------------------------------------------------------------------------
[2022-08-06 19:36:15,662] {taskinstance.py:1377} INFO - Starting attempt 1 of 6
[2022-08-06 19:36:15,662] {taskinstance.py:1378} INFO - 
--------------------------------------------------------------------------------
[2022-08-06 19:36:15,682] {taskinstance.py:1397} INFO - Executing <Task(BashOperator): second_task> on 2021-08-23 00:00:00+00:00
[2022-08-06 19:36:15,688] {standard_task_runner.py:52} INFO - Started process 333 to run task
[2022-08-06 19:36:15,690] {standard_task_runner.py:79} INFO - Running: ['***', 'tasks', 'run', 'our_first_dag_v5', 'second_task', 'scheduled__2021-08-23T00:00:00+00:00', '--job-id', '78', '--raw', '--subdir', 'DAGS_FOLDER/pipeline.py', '--cfg-path', '/tmp/tmp_svjhd2w', '--error-file', '/tmp/tmpwty_tvvg']
[2022-08-06 19:36:15,691] {standard_task_runner.py:80} INFO - Job 78: Subtask second_task
[2022-08-06 19:36:15,759] {task_command.py:371} INFO - Running <TaskInstance: our_first_dag_v5.second_task scheduled__2021-08-23T00:00:00+00:00 [running]> on host b29c168c1666
[2022-08-06 19:36:15,858] {taskinstance.py:1591} INFO - Exporting the following env vars:
AIRFLOW_CTX_DAG_OWNER=coder2j
AIRFLOW_CTX_DAG_ID=our_first_dag_v5
AIRFLOW_CTX_TASK_ID=second_task
AIRFLOW_CTX_EXECUTION_DATE=2021-08-23T00:00:00+00:00
AIRFLOW_CTX_TRY_NUMBER=1
AIRFLOW_CTX_DAG_RUN_ID=scheduled__2021-08-23T00:00:00+00:00
[2022-08-06 19:36:15,859] {subprocess.py:62} INFO - Tmp dir root location: 
 /tmp
[2022-08-06 19:36:15,859] {subprocess.py:74} INFO - Running command: ['bash', '-c', 'echo hey, I am task2 and will be running after task1!']
[2022-08-06 19:36:15,873] {subprocess.py:85} INFO - Output:
[2022-08-06 19:36:15,875] {subprocess.py:92} INFO - hey, I am task2 and will be running after task1!
[2022-08-06 19:36:15,875] {subprocess.py:96} INFO - Command exited with return code 0
[2022-08-06 19:36:15,908] {taskinstance.py:1420} INFO - Marking task as SUCCESS. dag_id=our_first_dag_v5, task_id=second_task, execution_date=20210823T000000, start_date=20220806T193615, end_date=20220806T193615
[2022-08-06 19:36:15,942] {local_task_job.py:156} INFO - Task exited with return code 0
[2022-08-06 19:36:15,980] {local_task_job.py:273} INFO - 0 downstream tasks scheduled from follow-on schedule check
[2022-08-06 21:50:08,464] {taskinstance.py:1179} INFO - Dependencies all met for <TaskInstance: our_first_dag_v5.second_task scheduled__2021-08-23T00:00:00+00:00 [queued]>
[2022-08-06 21:50:08,477] {taskinstance.py:1179} INFO - Dependencies all met for <TaskInstance: our_first_dag_v5.second_task scheduled__2021-08-23T00:00:00+00:00 [queued]>
[2022-08-06 21:50:08,477] {taskinstance.py:1376} INFO - 
--------------------------------------------------------------------------------
[2022-08-06 21:50:08,477] {taskinstance.py:1377} INFO - Starting attempt 1 of 6
[2022-08-06 21:50:08,478] {taskinstance.py:1378} INFO - 
--------------------------------------------------------------------------------
[2022-08-06 21:50:08,492] {taskinstance.py:1397} INFO - Executing <Task(BashOperator): second_task> on 2021-08-23 00:00:00+00:00
[2022-08-06 21:50:08,499] {standard_task_runner.py:52} INFO - Started process 510 to run task
[2022-08-06 21:50:08,502] {standard_task_runner.py:79} INFO - Running: ['***', 'tasks', 'run', 'our_first_dag_v5', 'second_task', 'scheduled__2021-08-23T00:00:00+00:00', '--job-id', '76', '--raw', '--subdir', 'DAGS_FOLDER/pipeline.py', '--cfg-path', '/tmp/tmpylua_0tr', '--error-file', '/tmp/tmpu71obn4_']
[2022-08-06 21:50:08,502] {standard_task_runner.py:80} INFO - Job 76: Subtask second_task
[2022-08-06 21:50:08,568] {task_command.py:371} INFO - Running <TaskInstance: our_first_dag_v5.second_task scheduled__2021-08-23T00:00:00+00:00 [running]> on host c3f731879890
[2022-08-06 21:50:08,654] {taskinstance.py:1591} INFO - Exporting the following env vars:
AIRFLOW_CTX_DAG_OWNER=coder2j
AIRFLOW_CTX_DAG_ID=our_first_dag_v5
AIRFLOW_CTX_TASK_ID=second_task
AIRFLOW_CTX_EXECUTION_DATE=2021-08-23T00:00:00+00:00
AIRFLOW_CTX_TRY_NUMBER=1
AIRFLOW_CTX_DAG_RUN_ID=scheduled__2021-08-23T00:00:00+00:00
[2022-08-06 21:50:08,655] {subprocess.py:62} INFO - Tmp dir root location: 
 /tmp
[2022-08-06 21:50:08,656] {subprocess.py:74} INFO - Running command: ['bash', '-c', 'echo hey, I am task2 and will be running after task1!']
[2022-08-06 21:50:08,668] {subprocess.py:85} INFO - Output:
[2022-08-06 21:50:08,670] {subprocess.py:92} INFO - hey, I am task2 and will be running after task1!
[2022-08-06 21:50:08,670] {subprocess.py:96} INFO - Command exited with return code 0
[2022-08-06 21:50:08,697] {taskinstance.py:1420} INFO - Marking task as SUCCESS. dag_id=our_first_dag_v5, task_id=second_task, execution_date=20210823T000000, start_date=20220806T215008, end_date=20220806T215008
[2022-08-06 21:50:08,753] {local_task_job.py:156} INFO - Task exited with return code 0
[2022-08-06 21:50:08,783] {local_task_job.py:273} INFO - 0 downstream tasks scheduled from follow-on schedule check
[2022-08-06 21:55:38,675] {taskinstance.py:1179} INFO - Dependencies all met for <TaskInstance: our_first_dag_v5.second_task scheduled__2021-08-23T00:00:00+00:00 [queued]>
[2022-08-06 21:55:38,692] {taskinstance.py:1179} INFO - Dependencies all met for <TaskInstance: our_first_dag_v5.second_task scheduled__2021-08-23T00:00:00+00:00 [queued]>
[2022-08-06 21:55:38,692] {taskinstance.py:1376} INFO - 
--------------------------------------------------------------------------------
[2022-08-06 21:55:38,692] {taskinstance.py:1377} INFO - Starting attempt 1 of 6
[2022-08-06 21:55:38,692] {taskinstance.py:1378} INFO - 
--------------------------------------------------------------------------------
[2022-08-06 21:55:38,710] {taskinstance.py:1397} INFO - Executing <Task(BashOperator): second_task> on 2021-08-23 00:00:00+00:00
[2022-08-06 21:55:38,716] {standard_task_runner.py:52} INFO - Started process 316 to run task
[2022-08-06 21:55:38,719] {standard_task_runner.py:79} INFO - Running: ['***', 'tasks', 'run', 'our_first_dag_v5', 'second_task', 'scheduled__2021-08-23T00:00:00+00:00', '--job-id', '77', '--raw', '--subdir', 'DAGS_FOLDER/pipeline.py', '--cfg-path', '/tmp/tmpfbmx5rgg', '--error-file', '/tmp/tmp0jj9io6k']
[2022-08-06 21:55:38,719] {standard_task_runner.py:80} INFO - Job 77: Subtask second_task
[2022-08-06 21:55:38,786] {task_command.py:371} INFO - Running <TaskInstance: our_first_dag_v5.second_task scheduled__2021-08-23T00:00:00+00:00 [running]> on host bc7e154a4fdd
[2022-08-06 21:55:38,864] {taskinstance.py:1591} INFO - Exporting the following env vars:
AIRFLOW_CTX_DAG_OWNER=coder2j
AIRFLOW_CTX_DAG_ID=our_first_dag_v5
AIRFLOW_CTX_TASK_ID=second_task
AIRFLOW_CTX_EXECUTION_DATE=2021-08-23T00:00:00+00:00
AIRFLOW_CTX_TRY_NUMBER=1
AIRFLOW_CTX_DAG_RUN_ID=scheduled__2021-08-23T00:00:00+00:00
[2022-08-06 21:55:38,865] {subprocess.py:62} INFO - Tmp dir root location: 
 /tmp
[2022-08-06 21:55:38,865] {subprocess.py:74} INFO - Running command: ['bash', '-c', 'echo hey, I am task2 and will be running after task1!']
[2022-08-06 21:55:38,877] {subprocess.py:85} INFO - Output:
[2022-08-06 21:55:38,879] {subprocess.py:92} INFO - hey, I am task2 and will be running after task1!
[2022-08-06 21:55:38,879] {subprocess.py:96} INFO - Command exited with return code 0
[2022-08-06 21:55:38,909] {taskinstance.py:1420} INFO - Marking task as SUCCESS. dag_id=our_first_dag_v5, task_id=second_task, execution_date=20210823T000000, start_date=20220806T215538, end_date=20220806T215538
[2022-08-06 21:55:38,930] {local_task_job.py:156} INFO - Task exited with return code 0
[2022-08-06 21:55:38,968] {local_task_job.py:273} INFO - 0 downstream tasks scheduled from follow-on schedule check
[2022-08-06 22:10:40,374] {taskinstance.py:1179} INFO - Dependencies all met for <TaskInstance: our_first_dag_v5.second_task scheduled__2021-08-23T00:00:00+00:00 [queued]>
[2022-08-06 22:10:40,386] {taskinstance.py:1179} INFO - Dependencies all met for <TaskInstance: our_first_dag_v5.second_task scheduled__2021-08-23T00:00:00+00:00 [queued]>
[2022-08-06 22:10:40,387] {taskinstance.py:1376} INFO - 
--------------------------------------------------------------------------------
[2022-08-06 22:10:40,387] {taskinstance.py:1377} INFO - Starting attempt 1 of 6
[2022-08-06 22:10:40,387] {taskinstance.py:1378} INFO - 
--------------------------------------------------------------------------------
[2022-08-06 22:10:40,401] {taskinstance.py:1397} INFO - Executing <Task(BashOperator): second_task> on 2021-08-23 00:00:00+00:00
[2022-08-06 22:10:40,408] {standard_task_runner.py:52} INFO - Started process 333 to run task
[2022-08-06 22:10:40,410] {standard_task_runner.py:79} INFO - Running: ['***', 'tasks', 'run', 'our_first_dag_v5', 'second_task', 'scheduled__2021-08-23T00:00:00+00:00', '--job-id', '79', '--raw', '--subdir', 'DAGS_FOLDER/pipeline.py', '--cfg-path', '/tmp/tmpx4szm2t1', '--error-file', '/tmp/tmpuljyq9a2']
[2022-08-06 22:10:40,411] {standard_task_runner.py:80} INFO - Job 79: Subtask second_task
[2022-08-06 22:10:40,488] {task_command.py:371} INFO - Running <TaskInstance: our_first_dag_v5.second_task scheduled__2021-08-23T00:00:00+00:00 [running]> on host 1250c3b659cd
[2022-08-06 22:10:40,608] {taskinstance.py:1591} INFO - Exporting the following env vars:
AIRFLOW_CTX_DAG_OWNER=coder2j
AIRFLOW_CTX_DAG_ID=our_first_dag_v5
AIRFLOW_CTX_TASK_ID=second_task
AIRFLOW_CTX_EXECUTION_DATE=2021-08-23T00:00:00+00:00
AIRFLOW_CTX_TRY_NUMBER=1
AIRFLOW_CTX_DAG_RUN_ID=scheduled__2021-08-23T00:00:00+00:00
[2022-08-06 22:10:40,609] {subprocess.py:62} INFO - Tmp dir root location: 
 /tmp
[2022-08-06 22:10:40,610] {subprocess.py:74} INFO - Running command: ['bash', '-c', 'echo hey, I am task2 and will be running after task1!']
[2022-08-06 22:10:40,625] {subprocess.py:85} INFO - Output:
[2022-08-06 22:10:40,627] {subprocess.py:92} INFO - hey, I am task2 and will be running after task1!
[2022-08-06 22:10:40,628] {subprocess.py:96} INFO - Command exited with return code 0
[2022-08-06 22:10:40,663] {taskinstance.py:1420} INFO - Marking task as SUCCESS. dag_id=our_first_dag_v5, task_id=second_task, execution_date=20210823T000000, start_date=20220806T221040, end_date=20220806T221040
[2022-08-06 22:10:40,702] {local_task_job.py:156} INFO - Task exited with return code 0
[2022-08-06 22:10:40,733] {local_task_job.py:273} INFO - 0 downstream tasks scheduled from follow-on schedule check
[2022-08-06 22:18:28,351] {taskinstance.py:1179} INFO - Dependencies all met for <TaskInstance: our_first_dag_v5.second_task scheduled__2021-08-23T00:00:00+00:00 [queued]>
[2022-08-06 22:18:28,363] {taskinstance.py:1179} INFO - Dependencies all met for <TaskInstance: our_first_dag_v5.second_task scheduled__2021-08-23T00:00:00+00:00 [queued]>
[2022-08-06 22:18:28,364] {taskinstance.py:1376} INFO - 
--------------------------------------------------------------------------------
[2022-08-06 22:18:28,364] {taskinstance.py:1377} INFO - Starting attempt 1 of 6
[2022-08-06 22:18:28,364] {taskinstance.py:1378} INFO - 
--------------------------------------------------------------------------------
[2022-08-06 22:18:28,383] {taskinstance.py:1397} INFO - Executing <Task(BashOperator): second_task> on 2021-08-23 00:00:00+00:00
[2022-08-06 22:18:28,392] {standard_task_runner.py:52} INFO - Started process 345 to run task
[2022-08-06 22:18:28,395] {standard_task_runner.py:79} INFO - Running: ['***', 'tasks', 'run', 'our_first_dag_v5', 'second_task', 'scheduled__2021-08-23T00:00:00+00:00', '--job-id', '82', '--raw', '--subdir', 'DAGS_FOLDER/pipeline.py', '--cfg-path', '/tmp/tmpx45dmsim', '--error-file', '/tmp/tmpopukohan']
[2022-08-06 22:18:28,396] {standard_task_runner.py:80} INFO - Job 82: Subtask second_task
[2022-08-06 22:18:28,507] {task_command.py:371} INFO - Running <TaskInstance: our_first_dag_v5.second_task scheduled__2021-08-23T00:00:00+00:00 [running]> on host ed53bde1c44a
[2022-08-06 22:18:28,621] {taskinstance.py:1591} INFO - Exporting the following env vars:
AIRFLOW_CTX_DAG_OWNER=coder2j
AIRFLOW_CTX_DAG_ID=our_first_dag_v5
AIRFLOW_CTX_TASK_ID=second_task
AIRFLOW_CTX_EXECUTION_DATE=2021-08-23T00:00:00+00:00
AIRFLOW_CTX_TRY_NUMBER=1
AIRFLOW_CTX_DAG_RUN_ID=scheduled__2021-08-23T00:00:00+00:00
[2022-08-06 22:18:28,622] {subprocess.py:62} INFO - Tmp dir root location: 
 /tmp
[2022-08-06 22:18:28,623] {subprocess.py:74} INFO - Running command: ['bash', '-c', 'echo hey, I am task2 and will be running after task1!']
[2022-08-06 22:18:28,644] {subprocess.py:85} INFO - Output:
[2022-08-06 22:18:28,647] {subprocess.py:92} INFO - hey, I am task2 and will be running after task1!
[2022-08-06 22:18:28,647] {subprocess.py:96} INFO - Command exited with return code 0
[2022-08-06 22:18:28,743] {taskinstance.py:1420} INFO - Marking task as SUCCESS. dag_id=our_first_dag_v5, task_id=second_task, execution_date=20210823T000000, start_date=20220806T221828, end_date=20220806T221828
[2022-08-06 22:18:28,770] {local_task_job.py:156} INFO - Task exited with return code 0
[2022-08-06 22:18:28,823] {local_task_job.py:273} INFO - 0 downstream tasks scheduled from follow-on schedule check
[2022-08-06 22:22:01,238] {taskinstance.py:1179} INFO - Dependencies all met for <TaskInstance: our_first_dag_v5.second_task scheduled__2021-08-23T00:00:00+00:00 [queued]>
[2022-08-06 22:22:01,257] {taskinstance.py:1179} INFO - Dependencies all met for <TaskInstance: our_first_dag_v5.second_task scheduled__2021-08-23T00:00:00+00:00 [queued]>
[2022-08-06 22:22:01,257] {taskinstance.py:1376} INFO - 
--------------------------------------------------------------------------------
[2022-08-06 22:22:01,257] {taskinstance.py:1377} INFO - Starting attempt 1 of 6
[2022-08-06 22:22:01,257] {taskinstance.py:1378} INFO - 
--------------------------------------------------------------------------------
[2022-08-06 22:22:01,283] {taskinstance.py:1397} INFO - Executing <Task(BashOperator): second_task> on 2021-08-23 00:00:00+00:00
[2022-08-06 22:22:01,291] {standard_task_runner.py:52} INFO - Started process 382 to run task
[2022-08-06 22:22:01,297] {standard_task_runner.py:79} INFO - Running: ['***', 'tasks', 'run', 'our_first_dag_v5', 'second_task', 'scheduled__2021-08-23T00:00:00+00:00', '--job-id', '81', '--raw', '--subdir', 'DAGS_FOLDER/pipeline.py', '--cfg-path', '/tmp/tmpbitq1r0c', '--error-file', '/tmp/tmprgtbtab_']
[2022-08-06 22:22:01,298] {standard_task_runner.py:80} INFO - Job 81: Subtask second_task
[2022-08-06 22:22:01,382] {task_command.py:371} INFO - Running <TaskInstance: our_first_dag_v5.second_task scheduled__2021-08-23T00:00:00+00:00 [running]> on host b215076695c3
[2022-08-06 22:22:01,478] {taskinstance.py:1591} INFO - Exporting the following env vars:
AIRFLOW_CTX_DAG_OWNER=coder2j
AIRFLOW_CTX_DAG_ID=our_first_dag_v5
AIRFLOW_CTX_TASK_ID=second_task
AIRFLOW_CTX_EXECUTION_DATE=2021-08-23T00:00:00+00:00
AIRFLOW_CTX_TRY_NUMBER=1
AIRFLOW_CTX_DAG_RUN_ID=scheduled__2021-08-23T00:00:00+00:00
[2022-08-06 22:22:01,479] {subprocess.py:62} INFO - Tmp dir root location: 
 /tmp
[2022-08-06 22:22:01,479] {subprocess.py:74} INFO - Running command: ['bash', '-c', 'echo hey, I am task2 and will be running after task1!']
[2022-08-06 22:22:01,492] {subprocess.py:85} INFO - Output:
[2022-08-06 22:22:01,494] {subprocess.py:92} INFO - hey, I am task2 and will be running after task1!
[2022-08-06 22:22:01,495] {subprocess.py:96} INFO - Command exited with return code 0
[2022-08-06 22:22:01,536] {taskinstance.py:1420} INFO - Marking task as SUCCESS. dag_id=our_first_dag_v5, task_id=second_task, execution_date=20210823T000000, start_date=20220806T222201, end_date=20220806T222201
[2022-08-06 22:22:01,631] {local_task_job.py:156} INFO - Task exited with return code 0
[2022-08-06 22:22:01,680] {local_task_job.py:273} INFO - 0 downstream tasks scheduled from follow-on schedule check
