[2022-08-06 19:39:38,672] {taskinstance.py:1179} INFO - Dependencies all met for <TaskInstance: our_first_dag_v5.first_task scheduled__2022-07-21T00:00:00+00:00 [queued]>
[2022-08-06 19:39:38,688] {taskinstance.py:1179} INFO - Dependencies all met for <TaskInstance: our_first_dag_v5.first_task scheduled__2022-07-21T00:00:00+00:00 [queued]>
[2022-08-06 19:39:38,688] {taskinstance.py:1376} INFO - 
--------------------------------------------------------------------------------
[2022-08-06 19:39:38,688] {taskinstance.py:1377} INFO - Starting attempt 1 of 6
[2022-08-06 19:39:38,688] {taskinstance.py:1378} INFO - 
--------------------------------------------------------------------------------
[2022-08-06 19:39:38,720] {taskinstance.py:1397} INFO - Executing <Task(BashOperator): first_task> on 2022-07-21 00:00:00+00:00
[2022-08-06 19:39:38,728] {standard_task_runner.py:52} INFO - Started process 3446 to run task
[2022-08-06 19:39:38,731] {standard_task_runner.py:79} INFO - Running: ['***', 'tasks', 'run', 'our_first_dag_v5', 'first_task', 'scheduled__2022-07-21T00:00:00+00:00', '--job-id', '1065', '--raw', '--subdir', 'DAGS_FOLDER/pipeline.py', '--cfg-path', '/tmp/tmph7j_dw5y', '--error-file', '/tmp/tmp1r6jnsjx']
[2022-08-06 19:39:38,731] {standard_task_runner.py:80} INFO - Job 1065: Subtask first_task
[2022-08-06 19:39:38,823] {task_command.py:371} INFO - Running <TaskInstance: our_first_dag_v5.first_task scheduled__2022-07-21T00:00:00+00:00 [running]> on host b29c168c1666
[2022-08-06 19:39:38,944] {taskinstance.py:1591} INFO - Exporting the following env vars:
AIRFLOW_CTX_DAG_OWNER=coder2j
AIRFLOW_CTX_DAG_ID=our_first_dag_v5
AIRFLOW_CTX_TASK_ID=first_task
AIRFLOW_CTX_EXECUTION_DATE=2022-07-21T00:00:00+00:00
AIRFLOW_CTX_TRY_NUMBER=1
AIRFLOW_CTX_DAG_RUN_ID=scheduled__2022-07-21T00:00:00+00:00
[2022-08-06 19:39:38,945] {subprocess.py:62} INFO - Tmp dir root location: 
 /tmp
[2022-08-06 19:39:38,945] {subprocess.py:74} INFO - Running command: ['bash', '-c', 'echo hello world, this is the first task!']
[2022-08-06 19:39:38,959] {subprocess.py:85} INFO - Output:
[2022-08-06 19:39:38,961] {subprocess.py:92} INFO - hello world, this is the first task!
[2022-08-06 19:39:38,961] {subprocess.py:96} INFO - Command exited with return code 0
[2022-08-06 19:39:39,004] {taskinstance.py:1420} INFO - Marking task as SUCCESS. dag_id=our_first_dag_v5, task_id=first_task, execution_date=20220721T000000, start_date=20220806T193938, end_date=20220806T193939
[2022-08-06 19:39:39,063] {local_task_job.py:156} INFO - Task exited with return code 0
[2022-08-06 19:39:39,134] {local_task_job.py:273} INFO - 2 downstream tasks scheduled from follow-on schedule check
[2022-08-06 21:53:31,421] {taskinstance.py:1179} INFO - Dependencies all met for <TaskInstance: our_first_dag_v5.first_task scheduled__2022-07-21T00:00:00+00:00 [queued]>
[2022-08-06 21:53:31,435] {taskinstance.py:1179} INFO - Dependencies all met for <TaskInstance: our_first_dag_v5.first_task scheduled__2022-07-21T00:00:00+00:00 [queued]>
[2022-08-06 21:53:31,435] {taskinstance.py:1376} INFO - 
--------------------------------------------------------------------------------
[2022-08-06 21:53:31,435] {taskinstance.py:1377} INFO - Starting attempt 1 of 6
[2022-08-06 21:53:31,435] {taskinstance.py:1378} INFO - 
--------------------------------------------------------------------------------
[2022-08-06 21:53:31,454] {taskinstance.py:1397} INFO - Executing <Task(BashOperator): first_task> on 2022-07-21 00:00:00+00:00
[2022-08-06 21:53:31,462] {standard_task_runner.py:52} INFO - Started process 3625 to run task
[2022-08-06 21:53:31,466] {standard_task_runner.py:79} INFO - Running: ['***', 'tasks', 'run', 'our_first_dag_v5', 'first_task', 'scheduled__2022-07-21T00:00:00+00:00', '--job-id', '1065', '--raw', '--subdir', 'DAGS_FOLDER/pipeline.py', '--cfg-path', '/tmp/tmpcw9uptz1', '--error-file', '/tmp/tmpi6qiwr63']
[2022-08-06 21:53:31,466] {standard_task_runner.py:80} INFO - Job 1065: Subtask first_task
[2022-08-06 21:53:31,555] {task_command.py:371} INFO - Running <TaskInstance: our_first_dag_v5.first_task scheduled__2022-07-21T00:00:00+00:00 [running]> on host c3f731879890
[2022-08-06 21:53:31,659] {taskinstance.py:1591} INFO - Exporting the following env vars:
AIRFLOW_CTX_DAG_OWNER=coder2j
AIRFLOW_CTX_DAG_ID=our_first_dag_v5
AIRFLOW_CTX_TASK_ID=first_task
AIRFLOW_CTX_EXECUTION_DATE=2022-07-21T00:00:00+00:00
AIRFLOW_CTX_TRY_NUMBER=1
AIRFLOW_CTX_DAG_RUN_ID=scheduled__2022-07-21T00:00:00+00:00
[2022-08-06 21:53:31,660] {subprocess.py:62} INFO - Tmp dir root location: 
 /tmp
[2022-08-06 21:53:31,661] {subprocess.py:74} INFO - Running command: ['bash', '-c', 'echo hello world, this is the first task!']
[2022-08-06 21:53:31,675] {subprocess.py:85} INFO - Output:
[2022-08-06 21:53:31,676] {subprocess.py:92} INFO - hello world, this is the first task!
[2022-08-06 21:53:31,677] {subprocess.py:96} INFO - Command exited with return code 0
[2022-08-06 21:53:31,735] {taskinstance.py:1420} INFO - Marking task as SUCCESS. dag_id=our_first_dag_v5, task_id=first_task, execution_date=20220721T000000, start_date=20220806T215331, end_date=20220806T215331
[2022-08-06 21:53:31,797] {local_task_job.py:156} INFO - Task exited with return code 0
[2022-08-06 21:53:31,857] {local_task_job.py:273} INFO - 2 downstream tasks scheduled from follow-on schedule check
[2022-08-06 21:58:53,304] {taskinstance.py:1179} INFO - Dependencies all met for <TaskInstance: our_first_dag_v5.first_task scheduled__2022-07-21T00:00:00+00:00 [queued]>
[2022-08-06 21:58:53,316] {taskinstance.py:1179} INFO - Dependencies all met for <TaskInstance: our_first_dag_v5.first_task scheduled__2022-07-21T00:00:00+00:00 [queued]>
[2022-08-06 21:58:53,317] {taskinstance.py:1376} INFO - 
--------------------------------------------------------------------------------
[2022-08-06 21:58:53,317] {taskinstance.py:1377} INFO - Starting attempt 1 of 6
[2022-08-06 21:58:53,317] {taskinstance.py:1378} INFO - 
--------------------------------------------------------------------------------
[2022-08-06 21:58:53,333] {taskinstance.py:1397} INFO - Executing <Task(BashOperator): first_task> on 2022-07-21 00:00:00+00:00
[2022-08-06 21:58:53,339] {standard_task_runner.py:52} INFO - Started process 3425 to run task
[2022-08-06 21:58:53,342] {standard_task_runner.py:79} INFO - Running: ['***', 'tasks', 'run', 'our_first_dag_v5', 'first_task', 'scheduled__2022-07-21T00:00:00+00:00', '--job-id', '1066', '--raw', '--subdir', 'DAGS_FOLDER/pipeline.py', '--cfg-path', '/tmp/tmp5vn77ggh', '--error-file', '/tmp/tmpd49t0ovc']
[2022-08-06 21:58:53,343] {standard_task_runner.py:80} INFO - Job 1066: Subtask first_task
[2022-08-06 21:58:53,421] {task_command.py:371} INFO - Running <TaskInstance: our_first_dag_v5.first_task scheduled__2022-07-21T00:00:00+00:00 [running]> on host bc7e154a4fdd
[2022-08-06 21:58:53,514] {taskinstance.py:1591} INFO - Exporting the following env vars:
AIRFLOW_CTX_DAG_OWNER=coder2j
AIRFLOW_CTX_DAG_ID=our_first_dag_v5
AIRFLOW_CTX_TASK_ID=first_task
AIRFLOW_CTX_EXECUTION_DATE=2022-07-21T00:00:00+00:00
AIRFLOW_CTX_TRY_NUMBER=1
AIRFLOW_CTX_DAG_RUN_ID=scheduled__2022-07-21T00:00:00+00:00
[2022-08-06 21:58:53,515] {subprocess.py:62} INFO - Tmp dir root location: 
 /tmp
[2022-08-06 21:58:53,515] {subprocess.py:74} INFO - Running command: ['bash', '-c', 'echo hello world, this is the first task!']
[2022-08-06 21:58:53,529] {subprocess.py:85} INFO - Output:
[2022-08-06 21:58:53,530] {subprocess.py:92} INFO - hello world, this is the first task!
[2022-08-06 21:58:53,530] {subprocess.py:96} INFO - Command exited with return code 0
[2022-08-06 21:58:53,567] {taskinstance.py:1420} INFO - Marking task as SUCCESS. dag_id=our_first_dag_v5, task_id=first_task, execution_date=20220721T000000, start_date=20220806T215853, end_date=20220806T215853
[2022-08-06 21:58:53,593] {local_task_job.py:156} INFO - Task exited with return code 0
[2022-08-06 21:58:53,634] {local_task_job.py:273} INFO - 2 downstream tasks scheduled from follow-on schedule check
[2022-08-06 22:13:54,138] {taskinstance.py:1179} INFO - Dependencies all met for <TaskInstance: our_first_dag_v5.first_task scheduled__2022-07-21T00:00:00+00:00 [queued]>
[2022-08-06 22:13:54,149] {taskinstance.py:1179} INFO - Dependencies all met for <TaskInstance: our_first_dag_v5.first_task scheduled__2022-07-21T00:00:00+00:00 [queued]>
[2022-08-06 22:13:54,149] {taskinstance.py:1376} INFO - 
--------------------------------------------------------------------------------
[2022-08-06 22:13:54,149] {taskinstance.py:1377} INFO - Starting attempt 1 of 6
[2022-08-06 22:13:54,149] {taskinstance.py:1378} INFO - 
--------------------------------------------------------------------------------
[2022-08-06 22:13:54,169] {taskinstance.py:1397} INFO - Executing <Task(BashOperator): first_task> on 2022-07-21 00:00:00+00:00
[2022-08-06 22:13:54,175] {standard_task_runner.py:52} INFO - Started process 3429 to run task
[2022-08-06 22:13:54,178] {standard_task_runner.py:79} INFO - Running: ['***', 'tasks', 'run', 'our_first_dag_v5', 'first_task', 'scheduled__2022-07-21T00:00:00+00:00', '--job-id', '1065', '--raw', '--subdir', 'DAGS_FOLDER/pipeline.py', '--cfg-path', '/tmp/tmpkz_rsblu', '--error-file', '/tmp/tmpnzs5qcu7']
[2022-08-06 22:13:54,179] {standard_task_runner.py:80} INFO - Job 1065: Subtask first_task
[2022-08-06 22:13:54,258] {task_command.py:371} INFO - Running <TaskInstance: our_first_dag_v5.first_task scheduled__2022-07-21T00:00:00+00:00 [running]> on host 1250c3b659cd
[2022-08-06 22:13:54,344] {taskinstance.py:1591} INFO - Exporting the following env vars:
AIRFLOW_CTX_DAG_OWNER=coder2j
AIRFLOW_CTX_DAG_ID=our_first_dag_v5
AIRFLOW_CTX_TASK_ID=first_task
AIRFLOW_CTX_EXECUTION_DATE=2022-07-21T00:00:00+00:00
AIRFLOW_CTX_TRY_NUMBER=1
AIRFLOW_CTX_DAG_RUN_ID=scheduled__2022-07-21T00:00:00+00:00
[2022-08-06 22:13:54,344] {subprocess.py:62} INFO - Tmp dir root location: 
 /tmp
[2022-08-06 22:13:54,345] {subprocess.py:74} INFO - Running command: ['bash', '-c', 'echo hello world, this is the first task!']
[2022-08-06 22:13:54,358] {subprocess.py:85} INFO - Output:
[2022-08-06 22:13:54,360] {subprocess.py:92} INFO - hello world, this is the first task!
[2022-08-06 22:13:54,360] {subprocess.py:96} INFO - Command exited with return code 0
[2022-08-06 22:13:54,393] {taskinstance.py:1420} INFO - Marking task as SUCCESS. dag_id=our_first_dag_v5, task_id=first_task, execution_date=20220721T000000, start_date=20220806T221354, end_date=20220806T221354
[2022-08-06 22:13:54,430] {local_task_job.py:156} INFO - Task exited with return code 0
[2022-08-06 22:13:54,489] {local_task_job.py:273} INFO - 2 downstream tasks scheduled from follow-on schedule check
[2022-08-06 22:25:09,563] {taskinstance.py:1179} INFO - Dependencies all met for <TaskInstance: our_first_dag_v5.first_task scheduled__2022-07-21T00:00:00+00:00 [queued]>
[2022-08-06 22:25:09,582] {taskinstance.py:1179} INFO - Dependencies all met for <TaskInstance: our_first_dag_v5.first_task scheduled__2022-07-21T00:00:00+00:00 [queued]>
[2022-08-06 22:25:09,582] {taskinstance.py:1376} INFO - 
--------------------------------------------------------------------------------
[2022-08-06 22:25:09,582] {taskinstance.py:1377} INFO - Starting attempt 1 of 6
[2022-08-06 22:25:09,582] {taskinstance.py:1378} INFO - 
--------------------------------------------------------------------------------
[2022-08-06 22:25:09,603] {taskinstance.py:1397} INFO - Executing <Task(BashOperator): first_task> on 2022-07-21 00:00:00+00:00
[2022-08-06 22:25:09,612] {standard_task_runner.py:52} INFO - Started process 3487 to run task
[2022-08-06 22:25:09,616] {standard_task_runner.py:79} INFO - Running: ['***', 'tasks', 'run', 'our_first_dag_v5', 'first_task', 'scheduled__2022-07-21T00:00:00+00:00', '--job-id', '1068', '--raw', '--subdir', 'DAGS_FOLDER/pipeline.py', '--cfg-path', '/tmp/tmpj6wwv68_', '--error-file', '/tmp/tmp_pbez8ky']
[2022-08-06 22:25:09,616] {standard_task_runner.py:80} INFO - Job 1068: Subtask first_task
[2022-08-06 22:25:09,725] {task_command.py:371} INFO - Running <TaskInstance: our_first_dag_v5.first_task scheduled__2022-07-21T00:00:00+00:00 [running]> on host b215076695c3
[2022-08-06 22:25:09,843] {taskinstance.py:1591} INFO - Exporting the following env vars:
AIRFLOW_CTX_DAG_OWNER=coder2j
AIRFLOW_CTX_DAG_ID=our_first_dag_v5
AIRFLOW_CTX_TASK_ID=first_task
AIRFLOW_CTX_EXECUTION_DATE=2022-07-21T00:00:00+00:00
AIRFLOW_CTX_TRY_NUMBER=1
AIRFLOW_CTX_DAG_RUN_ID=scheduled__2022-07-21T00:00:00+00:00
[2022-08-06 22:25:09,844] {subprocess.py:62} INFO - Tmp dir root location: 
 /tmp
[2022-08-06 22:25:09,845] {subprocess.py:74} INFO - Running command: ['bash', '-c', 'echo hello world, this is the first task!']
[2022-08-06 22:25:09,860] {subprocess.py:85} INFO - Output:
[2022-08-06 22:25:09,862] {subprocess.py:92} INFO - hello world, this is the first task!
[2022-08-06 22:25:09,862] {subprocess.py:96} INFO - Command exited with return code 0
[2022-08-06 22:25:09,913] {taskinstance.py:1420} INFO - Marking task as SUCCESS. dag_id=our_first_dag_v5, task_id=first_task, execution_date=20220721T000000, start_date=20220806T222509, end_date=20220806T222509
[2022-08-06 22:25:09,950] {local_task_job.py:156} INFO - Task exited with return code 0
[2022-08-06 22:25:10,000] {local_task_job.py:273} INFO - 2 downstream tasks scheduled from follow-on schedule check
