[2022-08-06 19:36:30,838] {taskinstance.py:1179} INFO - Dependencies all met for <TaskInstance: our_first_dag_v5.first_task scheduled__2021-09-20T00:00:00+00:00 [queued]>
[2022-08-06 19:36:30,852] {taskinstance.py:1179} INFO - Dependencies all met for <TaskInstance: our_first_dag_v5.first_task scheduled__2021-09-20T00:00:00+00:00 [queued]>
[2022-08-06 19:36:30,853] {taskinstance.py:1376} INFO - 
--------------------------------------------------------------------------------
[2022-08-06 19:36:30,853] {taskinstance.py:1377} INFO - Starting attempt 1 of 6
[2022-08-06 19:36:30,853] {taskinstance.py:1378} INFO - 
--------------------------------------------------------------------------------
[2022-08-06 19:36:30,870] {taskinstance.py:1397} INFO - Executing <Task(BashOperator): first_task> on 2021-09-20 00:00:00+00:00
[2022-08-06 19:36:30,877] {standard_task_runner.py:52} INFO - Started process 565 to run task
[2022-08-06 19:36:30,881] {standard_task_runner.py:79} INFO - Running: ['***', 'tasks', 'run', 'our_first_dag_v5', 'first_task', 'scheduled__2021-09-20T00:00:00+00:00', '--job-id', '153', '--raw', '--subdir', 'DAGS_FOLDER/pipeline.py', '--cfg-path', '/tmp/tmp7enc_9av', '--error-file', '/tmp/tmparqddyxd']
[2022-08-06 19:36:30,881] {standard_task_runner.py:80} INFO - Job 153: Subtask first_task
[2022-08-06 19:36:30,985] {task_command.py:371} INFO - Running <TaskInstance: our_first_dag_v5.first_task scheduled__2021-09-20T00:00:00+00:00 [running]> on host b29c168c1666
[2022-08-06 19:36:31,090] {taskinstance.py:1591} INFO - Exporting the following env vars:
AIRFLOW_CTX_DAG_OWNER=coder2j
AIRFLOW_CTX_DAG_ID=our_first_dag_v5
AIRFLOW_CTX_TASK_ID=first_task
AIRFLOW_CTX_EXECUTION_DATE=2021-09-20T00:00:00+00:00
AIRFLOW_CTX_TRY_NUMBER=1
AIRFLOW_CTX_DAG_RUN_ID=scheduled__2021-09-20T00:00:00+00:00
[2022-08-06 19:36:31,091] {subprocess.py:62} INFO - Tmp dir root location: 
 /tmp
[2022-08-06 19:36:31,092] {subprocess.py:74} INFO - Running command: ['bash', '-c', 'echo hello world, this is the first task!']
[2022-08-06 19:36:31,108] {subprocess.py:85} INFO - Output:
[2022-08-06 19:36:31,110] {subprocess.py:92} INFO - hello world, this is the first task!
[2022-08-06 19:36:31,111] {subprocess.py:96} INFO - Command exited with return code 0
[2022-08-06 19:36:31,171] {taskinstance.py:1420} INFO - Marking task as SUCCESS. dag_id=our_first_dag_v5, task_id=first_task, execution_date=20210920T000000, start_date=20220806T193630, end_date=20220806T193631
[2022-08-06 19:36:31,214] {local_task_job.py:156} INFO - Task exited with return code 0
[2022-08-06 19:36:31,269] {local_task_job.py:273} INFO - 2 downstream tasks scheduled from follow-on schedule check
[2022-08-06 21:50:24,549] {taskinstance.py:1179} INFO - Dependencies all met for <TaskInstance: our_first_dag_v5.first_task scheduled__2021-09-20T00:00:00+00:00 [queued]>
[2022-08-06 21:50:24,562] {taskinstance.py:1179} INFO - Dependencies all met for <TaskInstance: our_first_dag_v5.first_task scheduled__2021-09-20T00:00:00+00:00 [queued]>
[2022-08-06 21:50:24,562] {taskinstance.py:1376} INFO - 
--------------------------------------------------------------------------------
[2022-08-06 21:50:24,562] {taskinstance.py:1377} INFO - Starting attempt 1 of 6
[2022-08-06 21:50:24,562] {taskinstance.py:1378} INFO - 
--------------------------------------------------------------------------------
[2022-08-06 21:50:24,582] {taskinstance.py:1397} INFO - Executing <Task(BashOperator): first_task> on 2021-09-20 00:00:00+00:00
[2022-08-06 21:50:24,590] {standard_task_runner.py:52} INFO - Started process 752 to run task
[2022-08-06 21:50:24,592] {standard_task_runner.py:79} INFO - Running: ['***', 'tasks', 'run', 'our_first_dag_v5', 'first_task', 'scheduled__2021-09-20T00:00:00+00:00', '--job-id', '153', '--raw', '--subdir', 'DAGS_FOLDER/pipeline.py', '--cfg-path', '/tmp/tmpqkhzc5o7', '--error-file', '/tmp/tmp15j3xsz7']
[2022-08-06 21:50:24,593] {standard_task_runner.py:80} INFO - Job 153: Subtask first_task
[2022-08-06 21:50:24,657] {task_command.py:371} INFO - Running <TaskInstance: our_first_dag_v5.first_task scheduled__2021-09-20T00:00:00+00:00 [running]> on host c3f731879890
[2022-08-06 21:50:24,744] {taskinstance.py:1591} INFO - Exporting the following env vars:
AIRFLOW_CTX_DAG_OWNER=coder2j
AIRFLOW_CTX_DAG_ID=our_first_dag_v5
AIRFLOW_CTX_TASK_ID=first_task
AIRFLOW_CTX_EXECUTION_DATE=2021-09-20T00:00:00+00:00
AIRFLOW_CTX_TRY_NUMBER=1
AIRFLOW_CTX_DAG_RUN_ID=scheduled__2021-09-20T00:00:00+00:00
[2022-08-06 21:50:24,745] {subprocess.py:62} INFO - Tmp dir root location: 
 /tmp
[2022-08-06 21:50:24,746] {subprocess.py:74} INFO - Running command: ['bash', '-c', 'echo hello world, this is the first task!']
[2022-08-06 21:50:24,757] {subprocess.py:85} INFO - Output:
[2022-08-06 21:50:24,758] {subprocess.py:92} INFO - hello world, this is the first task!
[2022-08-06 21:50:24,759] {subprocess.py:96} INFO - Command exited with return code 0
[2022-08-06 21:50:24,794] {taskinstance.py:1420} INFO - Marking task as SUCCESS. dag_id=our_first_dag_v5, task_id=first_task, execution_date=20210920T000000, start_date=20220806T215024, end_date=20220806T215024
[2022-08-06 21:50:24,844] {local_task_job.py:156} INFO - Task exited with return code 0
[2022-08-06 21:50:24,891] {local_task_job.py:273} INFO - 2 downstream tasks scheduled from follow-on schedule check
[2022-08-06 21:55:54,232] {taskinstance.py:1179} INFO - Dependencies all met for <TaskInstance: our_first_dag_v5.first_task scheduled__2021-09-20T00:00:00+00:00 [queued]>
[2022-08-06 21:55:54,246] {taskinstance.py:1179} INFO - Dependencies all met for <TaskInstance: our_first_dag_v5.first_task scheduled__2021-09-20T00:00:00+00:00 [queued]>
[2022-08-06 21:55:54,246] {taskinstance.py:1376} INFO - 
--------------------------------------------------------------------------------
[2022-08-06 21:55:54,246] {taskinstance.py:1377} INFO - Starting attempt 1 of 6
[2022-08-06 21:55:54,247] {taskinstance.py:1378} INFO - 
--------------------------------------------------------------------------------
[2022-08-06 21:55:54,265] {taskinstance.py:1397} INFO - Executing <Task(BashOperator): first_task> on 2021-09-20 00:00:00+00:00
[2022-08-06 21:55:54,272] {standard_task_runner.py:52} INFO - Started process 557 to run task
[2022-08-06 21:55:54,274] {standard_task_runner.py:79} INFO - Running: ['***', 'tasks', 'run', 'our_first_dag_v5', 'first_task', 'scheduled__2021-09-20T00:00:00+00:00', '--job-id', '155', '--raw', '--subdir', 'DAGS_FOLDER/pipeline.py', '--cfg-path', '/tmp/tmpkwse7uxx', '--error-file', '/tmp/tmp_itwkeg4']
[2022-08-06 21:55:54,274] {standard_task_runner.py:80} INFO - Job 155: Subtask first_task
[2022-08-06 21:55:54,336] {task_command.py:371} INFO - Running <TaskInstance: our_first_dag_v5.first_task scheduled__2021-09-20T00:00:00+00:00 [running]> on host bc7e154a4fdd
[2022-08-06 21:55:54,436] {taskinstance.py:1591} INFO - Exporting the following env vars:
AIRFLOW_CTX_DAG_OWNER=coder2j
AIRFLOW_CTX_DAG_ID=our_first_dag_v5
AIRFLOW_CTX_TASK_ID=first_task
AIRFLOW_CTX_EXECUTION_DATE=2021-09-20T00:00:00+00:00
AIRFLOW_CTX_TRY_NUMBER=1
AIRFLOW_CTX_DAG_RUN_ID=scheduled__2021-09-20T00:00:00+00:00
[2022-08-06 21:55:54,437] {subprocess.py:62} INFO - Tmp dir root location: 
 /tmp
[2022-08-06 21:55:54,437] {subprocess.py:74} INFO - Running command: ['bash', '-c', 'echo hello world, this is the first task!']
[2022-08-06 21:55:54,454] {subprocess.py:85} INFO - Output:
[2022-08-06 21:55:54,456] {subprocess.py:92} INFO - hello world, this is the first task!
[2022-08-06 21:55:54,456] {subprocess.py:96} INFO - Command exited with return code 0
[2022-08-06 21:55:54,491] {taskinstance.py:1420} INFO - Marking task as SUCCESS. dag_id=our_first_dag_v5, task_id=first_task, execution_date=20210920T000000, start_date=20220806T215554, end_date=20220806T215554
[2022-08-06 21:55:54,526] {local_task_job.py:156} INFO - Task exited with return code 0
[2022-08-06 21:55:54,583] {local_task_job.py:273} INFO - 0 downstream tasks scheduled from follow-on schedule check
[2022-08-06 22:10:54,832] {taskinstance.py:1179} INFO - Dependencies all met for <TaskInstance: our_first_dag_v5.first_task scheduled__2021-09-20T00:00:00+00:00 [queued]>
[2022-08-06 22:10:54,843] {taskinstance.py:1179} INFO - Dependencies all met for <TaskInstance: our_first_dag_v5.first_task scheduled__2021-09-20T00:00:00+00:00 [queued]>
[2022-08-06 22:10:54,843] {taskinstance.py:1376} INFO - 
--------------------------------------------------------------------------------
[2022-08-06 22:10:54,844] {taskinstance.py:1377} INFO - Starting attempt 1 of 6
[2022-08-06 22:10:54,844] {taskinstance.py:1378} INFO - 
--------------------------------------------------------------------------------
[2022-08-06 22:10:54,858] {taskinstance.py:1397} INFO - Executing <Task(BashOperator): first_task> on 2021-09-20 00:00:00+00:00
[2022-08-06 22:10:54,866] {standard_task_runner.py:52} INFO - Started process 560 to run task
[2022-08-06 22:10:54,869] {standard_task_runner.py:79} INFO - Running: ['***', 'tasks', 'run', 'our_first_dag_v5', 'first_task', 'scheduled__2021-09-20T00:00:00+00:00', '--job-id', '155', '--raw', '--subdir', 'DAGS_FOLDER/pipeline.py', '--cfg-path', '/tmp/tmpf3m3oq1h', '--error-file', '/tmp/tmpll_fgxhs']
[2022-08-06 22:10:54,870] {standard_task_runner.py:80} INFO - Job 155: Subtask first_task
[2022-08-06 22:10:54,959] {task_command.py:371} INFO - Running <TaskInstance: our_first_dag_v5.first_task scheduled__2021-09-20T00:00:00+00:00 [running]> on host 1250c3b659cd
[2022-08-06 22:10:55,064] {taskinstance.py:1591} INFO - Exporting the following env vars:
AIRFLOW_CTX_DAG_OWNER=coder2j
AIRFLOW_CTX_DAG_ID=our_first_dag_v5
AIRFLOW_CTX_TASK_ID=first_task
AIRFLOW_CTX_EXECUTION_DATE=2021-09-20T00:00:00+00:00
AIRFLOW_CTX_TRY_NUMBER=1
AIRFLOW_CTX_DAG_RUN_ID=scheduled__2021-09-20T00:00:00+00:00
[2022-08-06 22:10:55,066] {subprocess.py:62} INFO - Tmp dir root location: 
 /tmp
[2022-08-06 22:10:55,066] {subprocess.py:74} INFO - Running command: ['bash', '-c', 'echo hello world, this is the first task!']
[2022-08-06 22:10:55,082] {subprocess.py:85} INFO - Output:
[2022-08-06 22:10:55,084] {subprocess.py:92} INFO - hello world, this is the first task!
[2022-08-06 22:10:55,085] {subprocess.py:96} INFO - Command exited with return code 0
[2022-08-06 22:10:55,152] {taskinstance.py:1420} INFO - Marking task as SUCCESS. dag_id=our_first_dag_v5, task_id=first_task, execution_date=20210920T000000, start_date=20220806T221054, end_date=20220806T221055
[2022-08-06 22:10:55,202] {local_task_job.py:156} INFO - Task exited with return code 0
[2022-08-06 22:10:55,258] {local_task_job.py:273} INFO - 2 downstream tasks scheduled from follow-on schedule check
[2022-08-06 22:18:41,079] {taskinstance.py:1179} INFO - Dependencies all met for <TaskInstance: our_first_dag_v5.first_task scheduled__2021-09-20T00:00:00+00:00 [queued]>
[2022-08-06 22:18:41,096] {taskinstance.py:1179} INFO - Dependencies all met for <TaskInstance: our_first_dag_v5.first_task scheduled__2021-09-20T00:00:00+00:00 [queued]>
[2022-08-06 22:18:41,096] {taskinstance.py:1376} INFO - 
--------------------------------------------------------------------------------
[2022-08-06 22:18:41,096] {taskinstance.py:1377} INFO - Starting attempt 1 of 6
[2022-08-06 22:18:41,097] {taskinstance.py:1378} INFO - 
--------------------------------------------------------------------------------
[2022-08-06 22:18:41,113] {taskinstance.py:1397} INFO - Executing <Task(BashOperator): first_task> on 2021-09-20 00:00:00+00:00
[2022-08-06 22:18:41,121] {standard_task_runner.py:52} INFO - Started process 566 to run task
[2022-08-06 22:18:41,124] {standard_task_runner.py:79} INFO - Running: ['***', 'tasks', 'run', 'our_first_dag_v5', 'first_task', 'scheduled__2021-09-20T00:00:00+00:00', '--job-id', '153', '--raw', '--subdir', 'DAGS_FOLDER/pipeline.py', '--cfg-path', '/tmp/tmp1uvmktic', '--error-file', '/tmp/tmpw2fg4vai']
[2022-08-06 22:18:41,125] {standard_task_runner.py:80} INFO - Job 153: Subtask first_task
[2022-08-06 22:18:41,230] {task_command.py:371} INFO - Running <TaskInstance: our_first_dag_v5.first_task scheduled__2021-09-20T00:00:00+00:00 [running]> on host ed53bde1c44a
[2022-08-06 22:18:41,343] {taskinstance.py:1591} INFO - Exporting the following env vars:
AIRFLOW_CTX_DAG_OWNER=coder2j
AIRFLOW_CTX_DAG_ID=our_first_dag_v5
AIRFLOW_CTX_TASK_ID=first_task
AIRFLOW_CTX_EXECUTION_DATE=2021-09-20T00:00:00+00:00
AIRFLOW_CTX_TRY_NUMBER=1
AIRFLOW_CTX_DAG_RUN_ID=scheduled__2021-09-20T00:00:00+00:00
[2022-08-06 22:18:41,344] {subprocess.py:62} INFO - Tmp dir root location: 
 /tmp
[2022-08-06 22:18:41,345] {subprocess.py:74} INFO - Running command: ['bash', '-c', 'echo hello world, this is the first task!']
[2022-08-06 22:18:41,361] {subprocess.py:85} INFO - Output:
[2022-08-06 22:18:41,363] {subprocess.py:92} INFO - hello world, this is the first task!
[2022-08-06 22:18:41,363] {subprocess.py:96} INFO - Command exited with return code 0
[2022-08-06 22:18:41,439] {taskinstance.py:1420} INFO - Marking task as SUCCESS. dag_id=our_first_dag_v5, task_id=first_task, execution_date=20210920T000000, start_date=20220806T221841, end_date=20220806T221841
[2022-08-06 22:18:41,501] {local_task_job.py:156} INFO - Task exited with return code 0
[2022-08-06 22:18:41,558] {local_task_job.py:273} INFO - 2 downstream tasks scheduled from follow-on schedule check
[2022-08-06 22:22:16,943] {taskinstance.py:1179} INFO - Dependencies all met for <TaskInstance: our_first_dag_v5.first_task scheduled__2021-09-20T00:00:00+00:00 [queued]>
[2022-08-06 22:22:16,961] {taskinstance.py:1179} INFO - Dependencies all met for <TaskInstance: our_first_dag_v5.first_task scheduled__2021-09-20T00:00:00+00:00 [queued]>
[2022-08-06 22:22:16,961] {taskinstance.py:1376} INFO - 
--------------------------------------------------------------------------------
[2022-08-06 22:22:16,961] {taskinstance.py:1377} INFO - Starting attempt 1 of 6
[2022-08-06 22:22:16,961] {taskinstance.py:1378} INFO - 
--------------------------------------------------------------------------------
[2022-08-06 22:22:16,977] {taskinstance.py:1397} INFO - Executing <Task(BashOperator): first_task> on 2021-09-20 00:00:00+00:00
[2022-08-06 22:22:16,984] {standard_task_runner.py:52} INFO - Started process 601 to run task
[2022-08-06 22:22:16,987] {standard_task_runner.py:79} INFO - Running: ['***', 'tasks', 'run', 'our_first_dag_v5', 'first_task', 'scheduled__2021-09-20T00:00:00+00:00', '--job-id', '153', '--raw', '--subdir', 'DAGS_FOLDER/pipeline.py', '--cfg-path', '/tmp/tmpf870ejzf', '--error-file', '/tmp/tmpf1ughxeb']
[2022-08-06 22:22:16,987] {standard_task_runner.py:80} INFO - Job 153: Subtask first_task
[2022-08-06 22:22:17,067] {task_command.py:371} INFO - Running <TaskInstance: our_first_dag_v5.first_task scheduled__2021-09-20T00:00:00+00:00 [running]> on host b215076695c3
[2022-08-06 22:22:17,183] {taskinstance.py:1591} INFO - Exporting the following env vars:
AIRFLOW_CTX_DAG_OWNER=coder2j
AIRFLOW_CTX_DAG_ID=our_first_dag_v5
AIRFLOW_CTX_TASK_ID=first_task
AIRFLOW_CTX_EXECUTION_DATE=2021-09-20T00:00:00+00:00
AIRFLOW_CTX_TRY_NUMBER=1
AIRFLOW_CTX_DAG_RUN_ID=scheduled__2021-09-20T00:00:00+00:00
[2022-08-06 22:22:17,184] {subprocess.py:62} INFO - Tmp dir root location: 
 /tmp
[2022-08-06 22:22:17,184] {subprocess.py:74} INFO - Running command: ['bash', '-c', 'echo hello world, this is the first task!']
[2022-08-06 22:22:17,197] {subprocess.py:85} INFO - Output:
[2022-08-06 22:22:17,199] {subprocess.py:92} INFO - hello world, this is the first task!
[2022-08-06 22:22:17,199] {subprocess.py:96} INFO - Command exited with return code 0
[2022-08-06 22:22:17,235] {taskinstance.py:1420} INFO - Marking task as SUCCESS. dag_id=our_first_dag_v5, task_id=first_task, execution_date=20210920T000000, start_date=20220806T222216, end_date=20220806T222217
[2022-08-06 22:22:17,279] {local_task_job.py:156} INFO - Task exited with return code 0
[2022-08-06 22:22:17,337] {local_task_job.py:273} INFO - 2 downstream tasks scheduled from follow-on schedule check
