[2022-08-06 19:36:09,633] {taskinstance.py:1179} INFO - Dependencies all met for <TaskInstance: our_first_dag_v5.first_task scheduled__2021-08-15T00:00:00+00:00 [queued]>
[2022-08-06 19:36:09,649] {taskinstance.py:1179} INFO - Dependencies all met for <TaskInstance: our_first_dag_v5.first_task scheduled__2021-08-15T00:00:00+00:00 [queued]>
[2022-08-06 19:36:09,649] {taskinstance.py:1376} INFO - 
--------------------------------------------------------------------------------
[2022-08-06 19:36:09,649] {taskinstance.py:1377} INFO - Starting attempt 1 of 6
[2022-08-06 19:36:09,650] {taskinstance.py:1378} INFO - 
--------------------------------------------------------------------------------
[2022-08-06 19:36:09,671] {taskinstance.py:1397} INFO - Executing <Task(BashOperator): first_task> on 2021-08-15 00:00:00+00:00
[2022-08-06 19:36:09,677] {standard_task_runner.py:52} INFO - Started process 238 to run task
[2022-08-06 19:36:09,679] {standard_task_runner.py:79} INFO - Running: ['***', 'tasks', 'run', 'our_first_dag_v5', 'first_task', 'scheduled__2021-08-15T00:00:00+00:00', '--job-id', '49', '--raw', '--subdir', 'DAGS_FOLDER/pipeline.py', '--cfg-path', '/tmp/tmp46jh68ce', '--error-file', '/tmp/tmp3p6r0k1_']
[2022-08-06 19:36:09,679] {standard_task_runner.py:80} INFO - Job 49: Subtask first_task
[2022-08-06 19:36:09,750] {task_command.py:371} INFO - Running <TaskInstance: our_first_dag_v5.first_task scheduled__2021-08-15T00:00:00+00:00 [running]> on host b29c168c1666
[2022-08-06 19:36:09,846] {taskinstance.py:1591} INFO - Exporting the following env vars:
AIRFLOW_CTX_DAG_OWNER=coder2j
AIRFLOW_CTX_DAG_ID=our_first_dag_v5
AIRFLOW_CTX_TASK_ID=first_task
AIRFLOW_CTX_EXECUTION_DATE=2021-08-15T00:00:00+00:00
AIRFLOW_CTX_TRY_NUMBER=1
AIRFLOW_CTX_DAG_RUN_ID=scheduled__2021-08-15T00:00:00+00:00
[2022-08-06 19:36:09,847] {subprocess.py:62} INFO - Tmp dir root location: 
 /tmp
[2022-08-06 19:36:09,848] {subprocess.py:74} INFO - Running command: ['bash', '-c', 'echo hello world, this is the first task!']
[2022-08-06 19:36:09,867] {subprocess.py:85} INFO - Output:
[2022-08-06 19:36:09,870] {subprocess.py:92} INFO - hello world, this is the first task!
[2022-08-06 19:36:09,870] {subprocess.py:96} INFO - Command exited with return code 0
[2022-08-06 19:36:09,908] {taskinstance.py:1420} INFO - Marking task as SUCCESS. dag_id=our_first_dag_v5, task_id=first_task, execution_date=20210815T000000, start_date=20220806T193609, end_date=20220806T193609
[2022-08-06 19:36:09,971] {local_task_job.py:156} INFO - Task exited with return code 0
[2022-08-06 19:36:10,019] {local_task_job.py:273} INFO - 2 downstream tasks scheduled from follow-on schedule check
[2022-08-06 21:50:05,384] {taskinstance.py:1179} INFO - Dependencies all met for <TaskInstance: our_first_dag_v5.first_task scheduled__2021-08-15T00:00:00+00:00 [queued]>
[2022-08-06 21:50:05,395] {taskinstance.py:1179} INFO - Dependencies all met for <TaskInstance: our_first_dag_v5.first_task scheduled__2021-08-15T00:00:00+00:00 [queued]>
[2022-08-06 21:50:05,395] {taskinstance.py:1376} INFO - 
--------------------------------------------------------------------------------
[2022-08-06 21:50:05,395] {taskinstance.py:1377} INFO - Starting attempt 1 of 6
[2022-08-06 21:50:05,395] {taskinstance.py:1378} INFO - 
--------------------------------------------------------------------------------
[2022-08-06 21:50:05,409] {taskinstance.py:1397} INFO - Executing <Task(BashOperator): first_task> on 2021-08-15 00:00:00+00:00
[2022-08-06 21:50:05,415] {standard_task_runner.py:52} INFO - Started process 436 to run task
[2022-08-06 21:50:05,418] {standard_task_runner.py:79} INFO - Running: ['***', 'tasks', 'run', 'our_first_dag_v5', 'first_task', 'scheduled__2021-08-15T00:00:00+00:00', '--job-id', '51', '--raw', '--subdir', 'DAGS_FOLDER/pipeline.py', '--cfg-path', '/tmp/tmpz507kh64', '--error-file', '/tmp/tmpvdj120lx']
[2022-08-06 21:50:05,418] {standard_task_runner.py:80} INFO - Job 51: Subtask first_task
[2022-08-06 21:50:05,475] {task_command.py:371} INFO - Running <TaskInstance: our_first_dag_v5.first_task scheduled__2021-08-15T00:00:00+00:00 [running]> on host c3f731879890
[2022-08-06 21:50:05,547] {taskinstance.py:1591} INFO - Exporting the following env vars:
AIRFLOW_CTX_DAG_OWNER=coder2j
AIRFLOW_CTX_DAG_ID=our_first_dag_v5
AIRFLOW_CTX_TASK_ID=first_task
AIRFLOW_CTX_EXECUTION_DATE=2021-08-15T00:00:00+00:00
AIRFLOW_CTX_TRY_NUMBER=1
AIRFLOW_CTX_DAG_RUN_ID=scheduled__2021-08-15T00:00:00+00:00
[2022-08-06 21:50:05,548] {subprocess.py:62} INFO - Tmp dir root location: 
 /tmp
[2022-08-06 21:50:05,548] {subprocess.py:74} INFO - Running command: ['bash', '-c', 'echo hello world, this is the first task!']
[2022-08-06 21:50:05,562] {subprocess.py:85} INFO - Output:
[2022-08-06 21:50:05,563] {subprocess.py:92} INFO - hello world, this is the first task!
[2022-08-06 21:50:05,563] {subprocess.py:96} INFO - Command exited with return code 0
[2022-08-06 21:50:05,593] {taskinstance.py:1420} INFO - Marking task as SUCCESS. dag_id=our_first_dag_v5, task_id=first_task, execution_date=20210815T000000, start_date=20220806T215005, end_date=20220806T215005
[2022-08-06 21:50:05,629] {local_task_job.py:156} INFO - Task exited with return code 0
[2022-08-06 21:50:05,670] {local_task_job.py:273} INFO - 2 downstream tasks scheduled from follow-on schedule check
[2022-08-06 21:55:33,548] {taskinstance.py:1179} INFO - Dependencies all met for <TaskInstance: our_first_dag_v5.first_task scheduled__2021-08-15T00:00:00+00:00 [queued]>
[2022-08-06 21:55:33,566] {taskinstance.py:1179} INFO - Dependencies all met for <TaskInstance: our_first_dag_v5.first_task scheduled__2021-08-15T00:00:00+00:00 [queued]>
[2022-08-06 21:55:33,567] {taskinstance.py:1376} INFO - 
--------------------------------------------------------------------------------
[2022-08-06 21:55:33,567] {taskinstance.py:1377} INFO - Starting attempt 1 of 6
[2022-08-06 21:55:33,567] {taskinstance.py:1378} INFO - 
--------------------------------------------------------------------------------
[2022-08-06 21:55:33,588] {taskinstance.py:1397} INFO - Executing <Task(BashOperator): first_task> on 2021-08-15 00:00:00+00:00
[2022-08-06 21:55:33,596] {standard_task_runner.py:52} INFO - Started process 221 to run task
[2022-08-06 21:55:33,600] {standard_task_runner.py:79} INFO - Running: ['***', 'tasks', 'run', 'our_first_dag_v5', 'first_task', 'scheduled__2021-08-15T00:00:00+00:00', '--job-id', '45', '--raw', '--subdir', 'DAGS_FOLDER/pipeline.py', '--cfg-path', '/tmp/tmp993n7p8v', '--error-file', '/tmp/tmpof5fxozy']
[2022-08-06 21:55:33,600] {standard_task_runner.py:80} INFO - Job 45: Subtask first_task
[2022-08-06 21:55:33,695] {task_command.py:371} INFO - Running <TaskInstance: our_first_dag_v5.first_task scheduled__2021-08-15T00:00:00+00:00 [running]> on host bc7e154a4fdd
[2022-08-06 21:55:33,799] {taskinstance.py:1591} INFO - Exporting the following env vars:
AIRFLOW_CTX_DAG_OWNER=coder2j
AIRFLOW_CTX_DAG_ID=our_first_dag_v5
AIRFLOW_CTX_TASK_ID=first_task
AIRFLOW_CTX_EXECUTION_DATE=2021-08-15T00:00:00+00:00
AIRFLOW_CTX_TRY_NUMBER=1
AIRFLOW_CTX_DAG_RUN_ID=scheduled__2021-08-15T00:00:00+00:00
[2022-08-06 21:55:33,799] {subprocess.py:62} INFO - Tmp dir root location: 
 /tmp
[2022-08-06 21:55:33,800] {subprocess.py:74} INFO - Running command: ['bash', '-c', 'echo hello world, this is the first task!']
[2022-08-06 21:55:33,813] {subprocess.py:85} INFO - Output:
[2022-08-06 21:55:33,814] {subprocess.py:92} INFO - hello world, this is the first task!
[2022-08-06 21:55:33,814] {subprocess.py:96} INFO - Command exited with return code 0
[2022-08-06 21:55:33,850] {taskinstance.py:1420} INFO - Marking task as SUCCESS. dag_id=our_first_dag_v5, task_id=first_task, execution_date=20210815T000000, start_date=20220806T215533, end_date=20220806T215533
[2022-08-06 21:55:33,892] {local_task_job.py:156} INFO - Task exited with return code 0
[2022-08-06 21:55:33,942] {local_task_job.py:273} INFO - 2 downstream tasks scheduled from follow-on schedule check
[2022-08-06 22:10:35,044] {taskinstance.py:1179} INFO - Dependencies all met for <TaskInstance: our_first_dag_v5.first_task scheduled__2021-08-15T00:00:00+00:00 [queued]>
[2022-08-06 22:10:35,056] {taskinstance.py:1179} INFO - Dependencies all met for <TaskInstance: our_first_dag_v5.first_task scheduled__2021-08-15T00:00:00+00:00 [queued]>
[2022-08-06 22:10:35,056] {taskinstance.py:1376} INFO - 
--------------------------------------------------------------------------------
[2022-08-06 22:10:35,056] {taskinstance.py:1377} INFO - Starting attempt 1 of 6
[2022-08-06 22:10:35,056] {taskinstance.py:1378} INFO - 
--------------------------------------------------------------------------------
[2022-08-06 22:10:35,072] {taskinstance.py:1397} INFO - Executing <Task(BashOperator): first_task> on 2021-08-15 00:00:00+00:00
[2022-08-06 22:10:35,078] {standard_task_runner.py:52} INFO - Started process 230 to run task
[2022-08-06 22:10:35,081] {standard_task_runner.py:79} INFO - Running: ['***', 'tasks', 'run', 'our_first_dag_v5', 'first_task', 'scheduled__2021-08-15T00:00:00+00:00', '--job-id', '49', '--raw', '--subdir', 'DAGS_FOLDER/pipeline.py', '--cfg-path', '/tmp/tmp991u35y8', '--error-file', '/tmp/tmpsq2013w7']
[2022-08-06 22:10:35,081] {standard_task_runner.py:80} INFO - Job 49: Subtask first_task
[2022-08-06 22:10:35,163] {task_command.py:371} INFO - Running <TaskInstance: our_first_dag_v5.first_task scheduled__2021-08-15T00:00:00+00:00 [running]> on host 1250c3b659cd
[2022-08-06 22:10:35,248] {taskinstance.py:1591} INFO - Exporting the following env vars:
AIRFLOW_CTX_DAG_OWNER=coder2j
AIRFLOW_CTX_DAG_ID=our_first_dag_v5
AIRFLOW_CTX_TASK_ID=first_task
AIRFLOW_CTX_EXECUTION_DATE=2021-08-15T00:00:00+00:00
AIRFLOW_CTX_TRY_NUMBER=1
AIRFLOW_CTX_DAG_RUN_ID=scheduled__2021-08-15T00:00:00+00:00
[2022-08-06 22:10:35,249] {subprocess.py:62} INFO - Tmp dir root location: 
 /tmp
[2022-08-06 22:10:35,250] {subprocess.py:74} INFO - Running command: ['bash', '-c', 'echo hello world, this is the first task!']
[2022-08-06 22:10:35,265] {subprocess.py:85} INFO - Output:
[2022-08-06 22:10:35,268] {subprocess.py:92} INFO - hello world, this is the first task!
[2022-08-06 22:10:35,268] {subprocess.py:96} INFO - Command exited with return code 0
[2022-08-06 22:10:35,321] {taskinstance.py:1420} INFO - Marking task as SUCCESS. dag_id=our_first_dag_v5, task_id=first_task, execution_date=20210815T000000, start_date=20220806T221035, end_date=20220806T221035
[2022-08-06 22:10:35,376] {local_task_job.py:156} INFO - Task exited with return code 0
[2022-08-06 22:10:35,419] {local_task_job.py:273} INFO - 2 downstream tasks scheduled from follow-on schedule check
[2022-08-06 22:18:22,532] {taskinstance.py:1179} INFO - Dependencies all met for <TaskInstance: our_first_dag_v5.first_task scheduled__2021-08-15T00:00:00+00:00 [queued]>
[2022-08-06 22:18:22,544] {taskinstance.py:1179} INFO - Dependencies all met for <TaskInstance: our_first_dag_v5.first_task scheduled__2021-08-15T00:00:00+00:00 [queued]>
[2022-08-06 22:18:22,544] {taskinstance.py:1376} INFO - 
--------------------------------------------------------------------------------
[2022-08-06 22:18:22,544] {taskinstance.py:1377} INFO - Starting attempt 1 of 6
[2022-08-06 22:18:22,545] {taskinstance.py:1378} INFO - 
--------------------------------------------------------------------------------
[2022-08-06 22:18:22,561] {taskinstance.py:1397} INFO - Executing <Task(BashOperator): first_task> on 2021-08-15 00:00:00+00:00
[2022-08-06 22:18:22,567] {standard_task_runner.py:52} INFO - Started process 248 to run task
[2022-08-06 22:18:22,569] {standard_task_runner.py:79} INFO - Running: ['***', 'tasks', 'run', 'our_first_dag_v5', 'first_task', 'scheduled__2021-08-15T00:00:00+00:00', '--job-id', '49', '--raw', '--subdir', 'DAGS_FOLDER/pipeline.py', '--cfg-path', '/tmp/tmp_my9z7kf', '--error-file', '/tmp/tmpop_rpghu']
[2022-08-06 22:18:22,569] {standard_task_runner.py:80} INFO - Job 49: Subtask first_task
[2022-08-06 22:18:22,675] {task_command.py:371} INFO - Running <TaskInstance: our_first_dag_v5.first_task scheduled__2021-08-15T00:00:00+00:00 [running]> on host ed53bde1c44a
[2022-08-06 22:18:22,770] {taskinstance.py:1591} INFO - Exporting the following env vars:
AIRFLOW_CTX_DAG_OWNER=coder2j
AIRFLOW_CTX_DAG_ID=our_first_dag_v5
AIRFLOW_CTX_TASK_ID=first_task
AIRFLOW_CTX_EXECUTION_DATE=2021-08-15T00:00:00+00:00
AIRFLOW_CTX_TRY_NUMBER=1
AIRFLOW_CTX_DAG_RUN_ID=scheduled__2021-08-15T00:00:00+00:00
[2022-08-06 22:18:22,771] {subprocess.py:62} INFO - Tmp dir root location: 
 /tmp
[2022-08-06 22:18:22,771] {subprocess.py:74} INFO - Running command: ['bash', '-c', 'echo hello world, this is the first task!']
[2022-08-06 22:18:22,786] {subprocess.py:85} INFO - Output:
[2022-08-06 22:18:22,788] {subprocess.py:92} INFO - hello world, this is the first task!
[2022-08-06 22:18:22,788] {subprocess.py:96} INFO - Command exited with return code 0
[2022-08-06 22:18:22,819] {taskinstance.py:1420} INFO - Marking task as SUCCESS. dag_id=our_first_dag_v5, task_id=first_task, execution_date=20210815T000000, start_date=20220806T221822, end_date=20220806T221822
[2022-08-06 22:18:22,861] {local_task_job.py:156} INFO - Task exited with return code 0
[2022-08-06 22:18:22,905] {local_task_job.py:273} INFO - 2 downstream tasks scheduled from follow-on schedule check
[2022-08-06 22:21:56,191] {taskinstance.py:1179} INFO - Dependencies all met for <TaskInstance: our_first_dag_v5.first_task scheduled__2021-08-15T00:00:00+00:00 [queued]>
[2022-08-06 22:21:56,203] {taskinstance.py:1179} INFO - Dependencies all met for <TaskInstance: our_first_dag_v5.first_task scheduled__2021-08-15T00:00:00+00:00 [queued]>
[2022-08-06 22:21:56,203] {taskinstance.py:1376} INFO - 
--------------------------------------------------------------------------------
[2022-08-06 22:21:56,203] {taskinstance.py:1377} INFO - Starting attempt 1 of 6
[2022-08-06 22:21:56,203] {taskinstance.py:1378} INFO - 
--------------------------------------------------------------------------------
[2022-08-06 22:21:56,218] {taskinstance.py:1397} INFO - Executing <Task(BashOperator): first_task> on 2021-08-15 00:00:00+00:00
[2022-08-06 22:21:56,223] {standard_task_runner.py:52} INFO - Started process 283 to run task
[2022-08-06 22:21:56,225] {standard_task_runner.py:79} INFO - Running: ['***', 'tasks', 'run', 'our_first_dag_v5', 'first_task', 'scheduled__2021-08-15T00:00:00+00:00', '--job-id', '49', '--raw', '--subdir', 'DAGS_FOLDER/pipeline.py', '--cfg-path', '/tmp/tmpji812_2j', '--error-file', '/tmp/tmpos35_b9j']
[2022-08-06 22:21:56,225] {standard_task_runner.py:80} INFO - Job 49: Subtask first_task
[2022-08-06 22:21:56,286] {task_command.py:371} INFO - Running <TaskInstance: our_first_dag_v5.first_task scheduled__2021-08-15T00:00:00+00:00 [running]> on host b215076695c3
[2022-08-06 22:21:56,368] {taskinstance.py:1591} INFO - Exporting the following env vars:
AIRFLOW_CTX_DAG_OWNER=coder2j
AIRFLOW_CTX_DAG_ID=our_first_dag_v5
AIRFLOW_CTX_TASK_ID=first_task
AIRFLOW_CTX_EXECUTION_DATE=2021-08-15T00:00:00+00:00
AIRFLOW_CTX_TRY_NUMBER=1
AIRFLOW_CTX_DAG_RUN_ID=scheduled__2021-08-15T00:00:00+00:00
[2022-08-06 22:21:56,369] {subprocess.py:62} INFO - Tmp dir root location: 
 /tmp
[2022-08-06 22:21:56,369] {subprocess.py:74} INFO - Running command: ['bash', '-c', 'echo hello world, this is the first task!']
[2022-08-06 22:21:56,383] {subprocess.py:85} INFO - Output:
[2022-08-06 22:21:56,385] {subprocess.py:92} INFO - hello world, this is the first task!
[2022-08-06 22:21:56,385] {subprocess.py:96} INFO - Command exited with return code 0
[2022-08-06 22:21:56,419] {taskinstance.py:1420} INFO - Marking task as SUCCESS. dag_id=our_first_dag_v5, task_id=first_task, execution_date=20210815T000000, start_date=20220806T222156, end_date=20220806T222156
[2022-08-06 22:21:56,476] {local_task_job.py:156} INFO - Task exited with return code 0
[2022-08-06 22:21:56,517] {local_task_job.py:273} INFO - 2 downstream tasks scheduled from follow-on schedule check
