[2022-08-06 19:38:15,248] {taskinstance.py:1179} INFO - Dependencies all met for <TaskInstance: our_first_dag_v5.thrid_task scheduled__2022-03-03T00:00:00+00:00 [queued]>
[2022-08-06 19:38:15,266] {taskinstance.py:1179} INFO - Dependencies all met for <TaskInstance: our_first_dag_v5.thrid_task scheduled__2022-03-03T00:00:00+00:00 [queued]>
[2022-08-06 19:38:15,266] {taskinstance.py:1376} INFO - 
--------------------------------------------------------------------------------
[2022-08-06 19:38:15,266] {taskinstance.py:1377} INFO - Starting attempt 1 of 6
[2022-08-06 19:38:15,266] {taskinstance.py:1378} INFO - 
--------------------------------------------------------------------------------
[2022-08-06 19:38:15,288] {taskinstance.py:1397} INFO - Executing <Task(BashOperator): thrid_task> on 2022-03-03 00:00:00+00:00
[2022-08-06 19:38:15,295] {standard_task_runner.py:52} INFO - Started process 2156 to run task
[2022-08-06 19:38:15,298] {standard_task_runner.py:79} INFO - Running: ['***', 'tasks', 'run', 'our_first_dag_v5', 'thrid_task', 'scheduled__2022-03-03T00:00:00+00:00', '--job-id', '656', '--raw', '--subdir', 'DAGS_FOLDER/pipeline.py', '--cfg-path', '/tmp/tmpvewgp8ic', '--error-file', '/tmp/tmp8rgb21zn']
[2022-08-06 19:38:15,299] {standard_task_runner.py:80} INFO - Job 656: Subtask thrid_task
[2022-08-06 19:38:15,408] {task_command.py:371} INFO - Running <TaskInstance: our_first_dag_v5.thrid_task scheduled__2022-03-03T00:00:00+00:00 [running]> on host b29c168c1666
[2022-08-06 19:38:15,525] {taskinstance.py:1591} INFO - Exporting the following env vars:
AIRFLOW_CTX_DAG_OWNER=coder2j
AIRFLOW_CTX_DAG_ID=our_first_dag_v5
AIRFLOW_CTX_TASK_ID=thrid_task
AIRFLOW_CTX_EXECUTION_DATE=2022-03-03T00:00:00+00:00
AIRFLOW_CTX_TRY_NUMBER=1
AIRFLOW_CTX_DAG_RUN_ID=scheduled__2022-03-03T00:00:00+00:00
[2022-08-06 19:38:15,526] {subprocess.py:62} INFO - Tmp dir root location: 
 /tmp
[2022-08-06 19:38:15,527] {subprocess.py:74} INFO - Running command: ['bash', '-c', 'echo hey, I am task3 and will be running after task1 at the same time as task2!']
[2022-08-06 19:38:15,541] {subprocess.py:85} INFO - Output:
[2022-08-06 19:38:15,542] {subprocess.py:92} INFO - hey, I am task3 and will be running after task1 at the same time as task2!
[2022-08-06 19:38:15,543] {subprocess.py:96} INFO - Command exited with return code 0
[2022-08-06 19:38:15,579] {taskinstance.py:1420} INFO - Marking task as SUCCESS. dag_id=our_first_dag_v5, task_id=thrid_task, execution_date=20220303T000000, start_date=20220806T193815, end_date=20220806T193815
[2022-08-06 19:38:15,638] {local_task_job.py:156} INFO - Task exited with return code 0
[2022-08-06 19:38:15,684] {local_task_job.py:273} INFO - 0 downstream tasks scheduled from follow-on schedule check
[2022-08-06 21:52:06,224] {taskinstance.py:1179} INFO - Dependencies all met for <TaskInstance: our_first_dag_v5.thrid_task scheduled__2022-03-03T00:00:00+00:00 [queued]>
[2022-08-06 21:52:06,243] {taskinstance.py:1179} INFO - Dependencies all met for <TaskInstance: our_first_dag_v5.thrid_task scheduled__2022-03-03T00:00:00+00:00 [queued]>
[2022-08-06 21:52:06,243] {taskinstance.py:1376} INFO - 
--------------------------------------------------------------------------------
[2022-08-06 21:52:06,243] {taskinstance.py:1377} INFO - Starting attempt 1 of 6
[2022-08-06 21:52:06,243] {taskinstance.py:1378} INFO - 
--------------------------------------------------------------------------------
[2022-08-06 21:52:06,266] {taskinstance.py:1397} INFO - Executing <Task(BashOperator): thrid_task> on 2022-03-03 00:00:00+00:00
[2022-08-06 21:52:06,273] {standard_task_runner.py:52} INFO - Started process 2333 to run task
[2022-08-06 21:52:06,277] {standard_task_runner.py:79} INFO - Running: ['***', 'tasks', 'run', 'our_first_dag_v5', 'thrid_task', 'scheduled__2022-03-03T00:00:00+00:00', '--job-id', '653', '--raw', '--subdir', 'DAGS_FOLDER/pipeline.py', '--cfg-path', '/tmp/tmp3jj7gwpr', '--error-file', '/tmp/tmpqu3jfync']
[2022-08-06 21:52:06,278] {standard_task_runner.py:80} INFO - Job 653: Subtask thrid_task
[2022-08-06 21:52:06,353] {task_command.py:371} INFO - Running <TaskInstance: our_first_dag_v5.thrid_task scheduled__2022-03-03T00:00:00+00:00 [running]> on host c3f731879890
[2022-08-06 21:52:06,447] {taskinstance.py:1591} INFO - Exporting the following env vars:
AIRFLOW_CTX_DAG_OWNER=coder2j
AIRFLOW_CTX_DAG_ID=our_first_dag_v5
AIRFLOW_CTX_TASK_ID=thrid_task
AIRFLOW_CTX_EXECUTION_DATE=2022-03-03T00:00:00+00:00
AIRFLOW_CTX_TRY_NUMBER=1
AIRFLOW_CTX_DAG_RUN_ID=scheduled__2022-03-03T00:00:00+00:00
[2022-08-06 21:52:06,447] {subprocess.py:62} INFO - Tmp dir root location: 
 /tmp
[2022-08-06 21:52:06,448] {subprocess.py:74} INFO - Running command: ['bash', '-c', 'echo hey, I am task3 and will be running after task1 at the same time as task2!']
[2022-08-06 21:52:06,461] {subprocess.py:85} INFO - Output:
[2022-08-06 21:52:06,462] {subprocess.py:92} INFO - hey, I am task3 and will be running after task1 at the same time as task2!
[2022-08-06 21:52:06,463] {subprocess.py:96} INFO - Command exited with return code 0
[2022-08-06 21:52:06,493] {taskinstance.py:1420} INFO - Marking task as SUCCESS. dag_id=our_first_dag_v5, task_id=thrid_task, execution_date=20220303T000000, start_date=20220806T215206, end_date=20220806T215206
[2022-08-06 21:52:06,529] {local_task_job.py:156} INFO - Task exited with return code 0
[2022-08-06 21:52:06,562] {local_task_job.py:273} INFO - 0 downstream tasks scheduled from follow-on schedule check
[2022-08-06 21:57:30,207] {taskinstance.py:1179} INFO - Dependencies all met for <TaskInstance: our_first_dag_v5.thrid_task scheduled__2022-03-03T00:00:00+00:00 [queued]>
[2022-08-06 21:57:30,222] {taskinstance.py:1179} INFO - Dependencies all met for <TaskInstance: our_first_dag_v5.thrid_task scheduled__2022-03-03T00:00:00+00:00 [queued]>
[2022-08-06 21:57:30,222] {taskinstance.py:1376} INFO - 
--------------------------------------------------------------------------------
[2022-08-06 21:57:30,222] {taskinstance.py:1377} INFO - Starting attempt 1 of 6
[2022-08-06 21:57:30,222] {taskinstance.py:1378} INFO - 
--------------------------------------------------------------------------------
[2022-08-06 21:57:30,243] {taskinstance.py:1397} INFO - Executing <Task(BashOperator): thrid_task> on 2022-03-03 00:00:00+00:00
[2022-08-06 21:57:30,250] {standard_task_runner.py:52} INFO - Started process 2126 to run task
[2022-08-06 21:57:30,253] {standard_task_runner.py:79} INFO - Running: ['***', 'tasks', 'run', 'our_first_dag_v5', 'thrid_task', 'scheduled__2022-03-03T00:00:00+00:00', '--job-id', '654', '--raw', '--subdir', 'DAGS_FOLDER/pipeline.py', '--cfg-path', '/tmp/tmpp7k4cqvm', '--error-file', '/tmp/tmpg1hjeh1v']
[2022-08-06 21:57:30,253] {standard_task_runner.py:80} INFO - Job 654: Subtask thrid_task
[2022-08-06 21:57:30,323] {task_command.py:371} INFO - Running <TaskInstance: our_first_dag_v5.thrid_task scheduled__2022-03-03T00:00:00+00:00 [running]> on host bc7e154a4fdd
[2022-08-06 21:57:30,407] {taskinstance.py:1591} INFO - Exporting the following env vars:
AIRFLOW_CTX_DAG_OWNER=coder2j
AIRFLOW_CTX_DAG_ID=our_first_dag_v5
AIRFLOW_CTX_TASK_ID=thrid_task
AIRFLOW_CTX_EXECUTION_DATE=2022-03-03T00:00:00+00:00
AIRFLOW_CTX_TRY_NUMBER=1
AIRFLOW_CTX_DAG_RUN_ID=scheduled__2022-03-03T00:00:00+00:00
[2022-08-06 21:57:30,408] {subprocess.py:62} INFO - Tmp dir root location: 
 /tmp
[2022-08-06 21:57:30,408] {subprocess.py:74} INFO - Running command: ['bash', '-c', 'echo hey, I am task3 and will be running after task1 at the same time as task2!']
[2022-08-06 21:57:30,421] {subprocess.py:85} INFO - Output:
[2022-08-06 21:57:30,423] {subprocess.py:92} INFO - hey, I am task3 and will be running after task1 at the same time as task2!
[2022-08-06 21:57:30,423] {subprocess.py:96} INFO - Command exited with return code 0
[2022-08-06 21:57:30,455] {taskinstance.py:1420} INFO - Marking task as SUCCESS. dag_id=our_first_dag_v5, task_id=thrid_task, execution_date=20220303T000000, start_date=20220806T215730, end_date=20220806T215730
[2022-08-06 21:57:30,504] {local_task_job.py:156} INFO - Task exited with return code 0
[2022-08-06 21:57:30,542] {local_task_job.py:273} INFO - 0 downstream tasks scheduled from follow-on schedule check
[2022-08-06 22:12:32,806] {taskinstance.py:1179} INFO - Dependencies all met for <TaskInstance: our_first_dag_v5.thrid_task scheduled__2022-03-03T00:00:00+00:00 [queued]>
[2022-08-06 22:12:32,823] {taskinstance.py:1179} INFO - Dependencies all met for <TaskInstance: our_first_dag_v5.thrid_task scheduled__2022-03-03T00:00:00+00:00 [queued]>
[2022-08-06 22:12:32,823] {taskinstance.py:1376} INFO - 
--------------------------------------------------------------------------------
[2022-08-06 22:12:32,823] {taskinstance.py:1377} INFO - Starting attempt 1 of 6
[2022-08-06 22:12:32,823] {taskinstance.py:1378} INFO - 
--------------------------------------------------------------------------------
[2022-08-06 22:12:32,847] {taskinstance.py:1397} INFO - Executing <Task(BashOperator): thrid_task> on 2022-03-03 00:00:00+00:00
[2022-08-06 22:12:32,858] {standard_task_runner.py:52} INFO - Started process 2135 to run task
[2022-08-06 22:12:32,861] {standard_task_runner.py:79} INFO - Running: ['***', 'tasks', 'run', 'our_first_dag_v5', 'thrid_task', 'scheduled__2022-03-03T00:00:00+00:00', '--job-id', '653', '--raw', '--subdir', 'DAGS_FOLDER/pipeline.py', '--cfg-path', '/tmp/tmp4h8sbm_y', '--error-file', '/tmp/tmp0hqlx9d8']
[2022-08-06 22:12:32,861] {standard_task_runner.py:80} INFO - Job 653: Subtask thrid_task
[2022-08-06 22:12:32,941] {task_command.py:371} INFO - Running <TaskInstance: our_first_dag_v5.thrid_task scheduled__2022-03-03T00:00:00+00:00 [running]> on host 1250c3b659cd
[2022-08-06 22:12:33,052] {taskinstance.py:1591} INFO - Exporting the following env vars:
AIRFLOW_CTX_DAG_OWNER=coder2j
AIRFLOW_CTX_DAG_ID=our_first_dag_v5
AIRFLOW_CTX_TASK_ID=thrid_task
AIRFLOW_CTX_EXECUTION_DATE=2022-03-03T00:00:00+00:00
AIRFLOW_CTX_TRY_NUMBER=1
AIRFLOW_CTX_DAG_RUN_ID=scheduled__2022-03-03T00:00:00+00:00
[2022-08-06 22:12:33,054] {subprocess.py:62} INFO - Tmp dir root location: 
 /tmp
[2022-08-06 22:12:33,055] {subprocess.py:74} INFO - Running command: ['bash', '-c', 'echo hey, I am task3 and will be running after task1 at the same time as task2!']
[2022-08-06 22:12:33,073] {subprocess.py:85} INFO - Output:
[2022-08-06 22:12:33,075] {subprocess.py:92} INFO - hey, I am task3 and will be running after task1 at the same time as task2!
[2022-08-06 22:12:33,075] {subprocess.py:96} INFO - Command exited with return code 0
[2022-08-06 22:12:33,114] {taskinstance.py:1420} INFO - Marking task as SUCCESS. dag_id=our_first_dag_v5, task_id=thrid_task, execution_date=20220303T000000, start_date=20220806T221232, end_date=20220806T221233
[2022-08-06 22:12:33,153] {local_task_job.py:156} INFO - Task exited with return code 0
[2022-08-06 22:12:33,192] {local_task_job.py:273} INFO - 0 downstream tasks scheduled from follow-on schedule check
[2022-08-06 22:23:55,787] {taskinstance.py:1179} INFO - Dependencies all met for <TaskInstance: our_first_dag_v5.thrid_task scheduled__2022-03-03T00:00:00+00:00 [queued]>
[2022-08-06 22:23:55,803] {taskinstance.py:1179} INFO - Dependencies all met for <TaskInstance: our_first_dag_v5.thrid_task scheduled__2022-03-03T00:00:00+00:00 [queued]>
[2022-08-06 22:23:55,803] {taskinstance.py:1376} INFO - 
--------------------------------------------------------------------------------
[2022-08-06 22:23:55,803] {taskinstance.py:1377} INFO - Starting attempt 1 of 6
[2022-08-06 22:23:55,803] {taskinstance.py:1378} INFO - 
--------------------------------------------------------------------------------
[2022-08-06 22:23:55,823] {taskinstance.py:1397} INFO - Executing <Task(BashOperator): thrid_task> on 2022-03-03 00:00:00+00:00
[2022-08-06 22:23:55,830] {standard_task_runner.py:52} INFO - Started process 2207 to run task
[2022-08-06 22:23:55,834] {standard_task_runner.py:79} INFO - Running: ['***', 'tasks', 'run', 'our_first_dag_v5', 'thrid_task', 'scheduled__2022-03-03T00:00:00+00:00', '--job-id', '660', '--raw', '--subdir', 'DAGS_FOLDER/pipeline.py', '--cfg-path', '/tmp/tmp45jj7c6f', '--error-file', '/tmp/tmplxzbv1_3']
[2022-08-06 22:23:55,834] {standard_task_runner.py:80} INFO - Job 660: Subtask thrid_task
[2022-08-06 22:23:55,906] {task_command.py:371} INFO - Running <TaskInstance: our_first_dag_v5.thrid_task scheduled__2022-03-03T00:00:00+00:00 [running]> on host b215076695c3
[2022-08-06 22:23:55,994] {taskinstance.py:1591} INFO - Exporting the following env vars:
AIRFLOW_CTX_DAG_OWNER=coder2j
AIRFLOW_CTX_DAG_ID=our_first_dag_v5
AIRFLOW_CTX_TASK_ID=thrid_task
AIRFLOW_CTX_EXECUTION_DATE=2022-03-03T00:00:00+00:00
AIRFLOW_CTX_TRY_NUMBER=1
AIRFLOW_CTX_DAG_RUN_ID=scheduled__2022-03-03T00:00:00+00:00
[2022-08-06 22:23:55,995] {subprocess.py:62} INFO - Tmp dir root location: 
 /tmp
[2022-08-06 22:23:55,996] {subprocess.py:74} INFO - Running command: ['bash', '-c', 'echo hey, I am task3 and will be running after task1 at the same time as task2!']
[2022-08-06 22:23:56,011] {subprocess.py:85} INFO - Output:
[2022-08-06 22:23:56,013] {subprocess.py:92} INFO - hey, I am task3 and will be running after task1 at the same time as task2!
[2022-08-06 22:23:56,014] {subprocess.py:96} INFO - Command exited with return code 0
[2022-08-06 22:23:56,059] {taskinstance.py:1420} INFO - Marking task as SUCCESS. dag_id=our_first_dag_v5, task_id=thrid_task, execution_date=20220303T000000, start_date=20220806T222355, end_date=20220806T222356
[2022-08-06 22:23:56,125] {local_task_job.py:156} INFO - Task exited with return code 0
[2022-08-06 22:23:56,170] {local_task_job.py:273} INFO - 0 downstream tasks scheduled from follow-on schedule check
