[2022-08-06 19:36:17,202] {taskinstance.py:1179} INFO - Dependencies all met for <TaskInstance: our_first_dag_v5.thrid_task scheduled__2021-08-28T00:00:00+00:00 [queued]>
[2022-08-06 19:36:17,220] {taskinstance.py:1179} INFO - Dependencies all met for <TaskInstance: our_first_dag_v5.thrid_task scheduled__2021-08-28T00:00:00+00:00 [queued]>
[2022-08-06 19:36:17,220] {taskinstance.py:1376} INFO - 
--------------------------------------------------------------------------------
[2022-08-06 19:36:17,220] {taskinstance.py:1377} INFO - Starting attempt 1 of 6
[2022-08-06 19:36:17,220] {taskinstance.py:1378} INFO - 
--------------------------------------------------------------------------------
[2022-08-06 19:36:17,237] {taskinstance.py:1397} INFO - Executing <Task(BashOperator): thrid_task> on 2021-08-28 00:00:00+00:00
[2022-08-06 19:36:17,242] {standard_task_runner.py:52} INFO - Started process 380 to run task
[2022-08-06 19:36:17,245] {standard_task_runner.py:79} INFO - Running: ['***', 'tasks', 'run', 'our_first_dag_v5', 'thrid_task', 'scheduled__2021-08-28T00:00:00+00:00', '--job-id', '93', '--raw', '--subdir', 'DAGS_FOLDER/pipeline.py', '--cfg-path', '/tmp/tmp80j6l7vk', '--error-file', '/tmp/tmptyc8ux3w']
[2022-08-06 19:36:17,245] {standard_task_runner.py:80} INFO - Job 93: Subtask thrid_task
[2022-08-06 19:36:17,312] {task_command.py:371} INFO - Running <TaskInstance: our_first_dag_v5.thrid_task scheduled__2021-08-28T00:00:00+00:00 [running]> on host b29c168c1666
[2022-08-06 19:36:17,392] {taskinstance.py:1591} INFO - Exporting the following env vars:
AIRFLOW_CTX_DAG_OWNER=coder2j
AIRFLOW_CTX_DAG_ID=our_first_dag_v5
AIRFLOW_CTX_TASK_ID=thrid_task
AIRFLOW_CTX_EXECUTION_DATE=2021-08-28T00:00:00+00:00
AIRFLOW_CTX_TRY_NUMBER=1
AIRFLOW_CTX_DAG_RUN_ID=scheduled__2021-08-28T00:00:00+00:00
[2022-08-06 19:36:17,393] {subprocess.py:62} INFO - Tmp dir root location: 
 /tmp
[2022-08-06 19:36:17,394] {subprocess.py:74} INFO - Running command: ['bash', '-c', 'echo hey, I am task3 and will be running after task1 at the same time as task2!']
[2022-08-06 19:36:17,406] {subprocess.py:85} INFO - Output:
[2022-08-06 19:36:17,407] {subprocess.py:92} INFO - hey, I am task3 and will be running after task1 at the same time as task2!
[2022-08-06 19:36:17,408] {subprocess.py:96} INFO - Command exited with return code 0
[2022-08-06 19:36:17,438] {taskinstance.py:1420} INFO - Marking task as SUCCESS. dag_id=our_first_dag_v5, task_id=thrid_task, execution_date=20210828T000000, start_date=20220806T193617, end_date=20220806T193617
[2022-08-06 19:36:17,456] {local_task_job.py:156} INFO - Task exited with return code 0
[2022-08-06 19:36:17,492] {local_task_job.py:273} INFO - 0 downstream tasks scheduled from follow-on schedule check
[2022-08-06 21:50:11,327] {taskinstance.py:1179} INFO - Dependencies all met for <TaskInstance: our_first_dag_v5.thrid_task scheduled__2021-08-28T00:00:00+00:00 [queued]>
[2022-08-06 21:50:11,341] {taskinstance.py:1179} INFO - Dependencies all met for <TaskInstance: our_first_dag_v5.thrid_task scheduled__2021-08-28T00:00:00+00:00 [queued]>
[2022-08-06 21:50:11,342] {taskinstance.py:1376} INFO - 
--------------------------------------------------------------------------------
[2022-08-06 21:50:11,342] {taskinstance.py:1377} INFO - Starting attempt 1 of 6
[2022-08-06 21:50:11,342] {taskinstance.py:1378} INFO - 
--------------------------------------------------------------------------------
[2022-08-06 21:50:11,366] {taskinstance.py:1397} INFO - Executing <Task(BashOperator): thrid_task> on 2021-08-28 00:00:00+00:00
[2022-08-06 21:50:11,374] {standard_task_runner.py:52} INFO - Started process 562 to run task
[2022-08-06 21:50:11,380] {standard_task_runner.py:79} INFO - Running: ['***', 'tasks', 'run', 'our_first_dag_v5', 'thrid_task', 'scheduled__2021-08-28T00:00:00+00:00', '--job-id', '94', '--raw', '--subdir', 'DAGS_FOLDER/pipeline.py', '--cfg-path', '/tmp/tmpn2dv8xoz', '--error-file', '/tmp/tmp_l0k3x8p']
[2022-08-06 21:50:11,380] {standard_task_runner.py:80} INFO - Job 94: Subtask thrid_task
[2022-08-06 21:50:11,485] {task_command.py:371} INFO - Running <TaskInstance: our_first_dag_v5.thrid_task scheduled__2021-08-28T00:00:00+00:00 [running]> on host c3f731879890
[2022-08-06 21:50:11,612] {taskinstance.py:1591} INFO - Exporting the following env vars:
AIRFLOW_CTX_DAG_OWNER=coder2j
AIRFLOW_CTX_DAG_ID=our_first_dag_v5
AIRFLOW_CTX_TASK_ID=thrid_task
AIRFLOW_CTX_EXECUTION_DATE=2021-08-28T00:00:00+00:00
AIRFLOW_CTX_TRY_NUMBER=1
AIRFLOW_CTX_DAG_RUN_ID=scheduled__2021-08-28T00:00:00+00:00
[2022-08-06 21:50:11,614] {subprocess.py:62} INFO - Tmp dir root location: 
 /tmp
[2022-08-06 21:50:11,614] {subprocess.py:74} INFO - Running command: ['bash', '-c', 'echo hey, I am task3 and will be running after task1 at the same time as task2!']
[2022-08-06 21:50:11,634] {subprocess.py:85} INFO - Output:
[2022-08-06 21:50:11,636] {subprocess.py:92} INFO - hey, I am task3 and will be running after task1 at the same time as task2!
[2022-08-06 21:50:11,637] {subprocess.py:96} INFO - Command exited with return code 0
[2022-08-06 21:50:11,678] {taskinstance.py:1420} INFO - Marking task as SUCCESS. dag_id=our_first_dag_v5, task_id=thrid_task, execution_date=20210828T000000, start_date=20220806T215011, end_date=20220806T215011
[2022-08-06 21:50:11,709] {local_task_job.py:156} INFO - Task exited with return code 0
[2022-08-06 21:50:11,746] {local_task_job.py:273} INFO - 0 downstream tasks scheduled from follow-on schedule check
[2022-08-06 21:55:42,482] {taskinstance.py:1179} INFO - Dependencies all met for <TaskInstance: our_first_dag_v5.thrid_task scheduled__2021-08-28T00:00:00+00:00 [queued]>
[2022-08-06 21:55:42,509] {taskinstance.py:1179} INFO - Dependencies all met for <TaskInstance: our_first_dag_v5.thrid_task scheduled__2021-08-28T00:00:00+00:00 [queued]>
[2022-08-06 21:55:42,509] {taskinstance.py:1376} INFO - 
--------------------------------------------------------------------------------
[2022-08-06 21:55:42,509] {taskinstance.py:1377} INFO - Starting attempt 1 of 6
[2022-08-06 21:55:42,509] {taskinstance.py:1378} INFO - 
--------------------------------------------------------------------------------
[2022-08-06 21:55:42,541] {taskinstance.py:1397} INFO - Executing <Task(BashOperator): thrid_task> on 2021-08-28 00:00:00+00:00
[2022-08-06 21:55:42,551] {standard_task_runner.py:52} INFO - Started process 369 to run task
[2022-08-06 21:55:42,555] {standard_task_runner.py:79} INFO - Running: ['***', 'tasks', 'run', 'our_first_dag_v5', 'thrid_task', 'scheduled__2021-08-28T00:00:00+00:00', '--job-id', '93', '--raw', '--subdir', 'DAGS_FOLDER/pipeline.py', '--cfg-path', '/tmp/tmp3chu2hit', '--error-file', '/tmp/tmp5q5n0q_3']
[2022-08-06 21:55:42,556] {standard_task_runner.py:80} INFO - Job 93: Subtask thrid_task
[2022-08-06 21:55:42,672] {task_command.py:371} INFO - Running <TaskInstance: our_first_dag_v5.thrid_task scheduled__2021-08-28T00:00:00+00:00 [running]> on host bc7e154a4fdd
[2022-08-06 21:55:42,776] {taskinstance.py:1591} INFO - Exporting the following env vars:
AIRFLOW_CTX_DAG_OWNER=coder2j
AIRFLOW_CTX_DAG_ID=our_first_dag_v5
AIRFLOW_CTX_TASK_ID=thrid_task
AIRFLOW_CTX_EXECUTION_DATE=2021-08-28T00:00:00+00:00
AIRFLOW_CTX_TRY_NUMBER=1
AIRFLOW_CTX_DAG_RUN_ID=scheduled__2021-08-28T00:00:00+00:00
[2022-08-06 21:55:42,777] {subprocess.py:62} INFO - Tmp dir root location: 
 /tmp
[2022-08-06 21:55:42,778] {subprocess.py:74} INFO - Running command: ['bash', '-c', 'echo hey, I am task3 and will be running after task1 at the same time as task2!']
[2022-08-06 21:55:42,800] {subprocess.py:85} INFO - Output:
[2022-08-06 21:55:42,802] {subprocess.py:92} INFO - hey, I am task3 and will be running after task1 at the same time as task2!
[2022-08-06 21:55:42,802] {subprocess.py:96} INFO - Command exited with return code 0
[2022-08-06 21:55:42,856] {taskinstance.py:1420} INFO - Marking task as SUCCESS. dag_id=our_first_dag_v5, task_id=thrid_task, execution_date=20210828T000000, start_date=20220806T215542, end_date=20220806T215542
[2022-08-06 21:55:42,889] {local_task_job.py:156} INFO - Task exited with return code 0
[2022-08-06 21:55:42,930] {local_task_job.py:273} INFO - 0 downstream tasks scheduled from follow-on schedule check
[2022-08-06 22:10:41,456] {taskinstance.py:1179} INFO - Dependencies all met for <TaskInstance: our_first_dag_v5.thrid_task scheduled__2021-08-28T00:00:00+00:00 [queued]>
[2022-08-06 22:10:41,470] {taskinstance.py:1179} INFO - Dependencies all met for <TaskInstance: our_first_dag_v5.thrid_task scheduled__2021-08-28T00:00:00+00:00 [queued]>
[2022-08-06 22:10:41,470] {taskinstance.py:1376} INFO - 
--------------------------------------------------------------------------------
[2022-08-06 22:10:41,470] {taskinstance.py:1377} INFO - Starting attempt 1 of 6
[2022-08-06 22:10:41,471] {taskinstance.py:1378} INFO - 
--------------------------------------------------------------------------------
[2022-08-06 22:10:41,487] {taskinstance.py:1397} INFO - Executing <Task(BashOperator): thrid_task> on 2021-08-28 00:00:00+00:00
[2022-08-06 22:10:41,493] {standard_task_runner.py:52} INFO - Started process 372 to run task
[2022-08-06 22:10:41,496] {standard_task_runner.py:79} INFO - Running: ['***', 'tasks', 'run', 'our_first_dag_v5', 'thrid_task', 'scheduled__2021-08-28T00:00:00+00:00', '--job-id', '93', '--raw', '--subdir', 'DAGS_FOLDER/pipeline.py', '--cfg-path', '/tmp/tmpjh49yd0j', '--error-file', '/tmp/tmp1nsnvg93']
[2022-08-06 22:10:41,496] {standard_task_runner.py:80} INFO - Job 93: Subtask thrid_task
[2022-08-06 22:10:41,557] {task_command.py:371} INFO - Running <TaskInstance: our_first_dag_v5.thrid_task scheduled__2021-08-28T00:00:00+00:00 [running]> on host 1250c3b659cd
[2022-08-06 22:10:41,636] {taskinstance.py:1591} INFO - Exporting the following env vars:
AIRFLOW_CTX_DAG_OWNER=coder2j
AIRFLOW_CTX_DAG_ID=our_first_dag_v5
AIRFLOW_CTX_TASK_ID=thrid_task
AIRFLOW_CTX_EXECUTION_DATE=2021-08-28T00:00:00+00:00
AIRFLOW_CTX_TRY_NUMBER=1
AIRFLOW_CTX_DAG_RUN_ID=scheduled__2021-08-28T00:00:00+00:00
[2022-08-06 22:10:41,636] {subprocess.py:62} INFO - Tmp dir root location: 
 /tmp
[2022-08-06 22:10:41,637] {subprocess.py:74} INFO - Running command: ['bash', '-c', 'echo hey, I am task3 and will be running after task1 at the same time as task2!']
[2022-08-06 22:10:41,648] {subprocess.py:85} INFO - Output:
[2022-08-06 22:10:41,650] {subprocess.py:92} INFO - hey, I am task3 and will be running after task1 at the same time as task2!
[2022-08-06 22:10:41,650] {subprocess.py:96} INFO - Command exited with return code 0
[2022-08-06 22:10:41,680] {taskinstance.py:1420} INFO - Marking task as SUCCESS. dag_id=our_first_dag_v5, task_id=thrid_task, execution_date=20210828T000000, start_date=20220806T221041, end_date=20220806T221041
[2022-08-06 22:10:41,707] {local_task_job.py:156} INFO - Task exited with return code 0
[2022-08-06 22:10:41,735] {local_task_job.py:273} INFO - 0 downstream tasks scheduled from follow-on schedule check
[2022-08-06 22:18:29,544] {taskinstance.py:1179} INFO - Dependencies all met for <TaskInstance: our_first_dag_v5.thrid_task scheduled__2021-08-28T00:00:00+00:00 [queued]>
[2022-08-06 22:18:29,554] {taskinstance.py:1179} INFO - Dependencies all met for <TaskInstance: our_first_dag_v5.thrid_task scheduled__2021-08-28T00:00:00+00:00 [queued]>
[2022-08-06 22:18:29,554] {taskinstance.py:1376} INFO - 
--------------------------------------------------------------------------------
[2022-08-06 22:18:29,554] {taskinstance.py:1377} INFO - Starting attempt 1 of 6
[2022-08-06 22:18:29,554] {taskinstance.py:1378} INFO - 
--------------------------------------------------------------------------------
[2022-08-06 22:18:29,572] {taskinstance.py:1397} INFO - Executing <Task(BashOperator): thrid_task> on 2021-08-28 00:00:00+00:00
[2022-08-06 22:18:29,582] {standard_task_runner.py:52} INFO - Started process 377 to run task
[2022-08-06 22:18:29,591] {standard_task_runner.py:79} INFO - Running: ['***', 'tasks', 'run', 'our_first_dag_v5', 'thrid_task', 'scheduled__2021-08-28T00:00:00+00:00', '--job-id', '92', '--raw', '--subdir', 'DAGS_FOLDER/pipeline.py', '--cfg-path', '/tmp/tmpotq3n0r1', '--error-file', '/tmp/tmp78fn1877']
[2022-08-06 22:18:29,591] {standard_task_runner.py:80} INFO - Job 92: Subtask thrid_task
[2022-08-06 22:18:29,681] {task_command.py:371} INFO - Running <TaskInstance: our_first_dag_v5.thrid_task scheduled__2021-08-28T00:00:00+00:00 [running]> on host ed53bde1c44a
[2022-08-06 22:18:29,770] {taskinstance.py:1591} INFO - Exporting the following env vars:
AIRFLOW_CTX_DAG_OWNER=coder2j
AIRFLOW_CTX_DAG_ID=our_first_dag_v5
AIRFLOW_CTX_TASK_ID=thrid_task
AIRFLOW_CTX_EXECUTION_DATE=2021-08-28T00:00:00+00:00
AIRFLOW_CTX_TRY_NUMBER=1
AIRFLOW_CTX_DAG_RUN_ID=scheduled__2021-08-28T00:00:00+00:00
[2022-08-06 22:18:29,771] {subprocess.py:62} INFO - Tmp dir root location: 
 /tmp
[2022-08-06 22:18:29,772] {subprocess.py:74} INFO - Running command: ['bash', '-c', 'echo hey, I am task3 and will be running after task1 at the same time as task2!']
[2022-08-06 22:18:29,786] {subprocess.py:85} INFO - Output:
[2022-08-06 22:18:29,787] {subprocess.py:92} INFO - hey, I am task3 and will be running after task1 at the same time as task2!
[2022-08-06 22:18:29,788] {subprocess.py:96} INFO - Command exited with return code 0
[2022-08-06 22:18:29,820] {taskinstance.py:1420} INFO - Marking task as SUCCESS. dag_id=our_first_dag_v5, task_id=thrid_task, execution_date=20210828T000000, start_date=20220806T221829, end_date=20220806T221829
[2022-08-06 22:18:29,844] {local_task_job.py:156} INFO - Task exited with return code 0
[2022-08-06 22:18:29,884] {local_task_job.py:273} INFO - 0 downstream tasks scheduled from follow-on schedule check
[2022-08-06 22:22:02,355] {taskinstance.py:1179} INFO - Dependencies all met for <TaskInstance: our_first_dag_v5.thrid_task scheduled__2021-08-28T00:00:00+00:00 [queued]>
[2022-08-06 22:22:02,367] {taskinstance.py:1179} INFO - Dependencies all met for <TaskInstance: our_first_dag_v5.thrid_task scheduled__2021-08-28T00:00:00+00:00 [queued]>
[2022-08-06 22:22:02,367] {taskinstance.py:1376} INFO - 
--------------------------------------------------------------------------------
[2022-08-06 22:22:02,367] {taskinstance.py:1377} INFO - Starting attempt 1 of 6
[2022-08-06 22:22:02,367] {taskinstance.py:1378} INFO - 
--------------------------------------------------------------------------------
[2022-08-06 22:22:02,383] {taskinstance.py:1397} INFO - Executing <Task(BashOperator): thrid_task> on 2021-08-28 00:00:00+00:00
[2022-08-06 22:22:02,388] {standard_task_runner.py:52} INFO - Started process 416 to run task
[2022-08-06 22:22:02,391] {standard_task_runner.py:79} INFO - Running: ['***', 'tasks', 'run', 'our_first_dag_v5', 'thrid_task', 'scheduled__2021-08-28T00:00:00+00:00', '--job-id', '93', '--raw', '--subdir', 'DAGS_FOLDER/pipeline.py', '--cfg-path', '/tmp/tmp3pd36h4j', '--error-file', '/tmp/tmpdxv2yzuw']
[2022-08-06 22:22:02,391] {standard_task_runner.py:80} INFO - Job 93: Subtask thrid_task
[2022-08-06 22:22:02,457] {task_command.py:371} INFO - Running <TaskInstance: our_first_dag_v5.thrid_task scheduled__2021-08-28T00:00:00+00:00 [running]> on host b215076695c3
[2022-08-06 22:22:02,553] {taskinstance.py:1591} INFO - Exporting the following env vars:
AIRFLOW_CTX_DAG_OWNER=coder2j
AIRFLOW_CTX_DAG_ID=our_first_dag_v5
AIRFLOW_CTX_TASK_ID=thrid_task
AIRFLOW_CTX_EXECUTION_DATE=2021-08-28T00:00:00+00:00
AIRFLOW_CTX_TRY_NUMBER=1
AIRFLOW_CTX_DAG_RUN_ID=scheduled__2021-08-28T00:00:00+00:00
[2022-08-06 22:22:02,554] {subprocess.py:62} INFO - Tmp dir root location: 
 /tmp
[2022-08-06 22:22:02,554] {subprocess.py:74} INFO - Running command: ['bash', '-c', 'echo hey, I am task3 and will be running after task1 at the same time as task2!']
[2022-08-06 22:22:02,568] {subprocess.py:85} INFO - Output:
[2022-08-06 22:22:02,570] {subprocess.py:92} INFO - hey, I am task3 and will be running after task1 at the same time as task2!
[2022-08-06 22:22:02,570] {subprocess.py:96} INFO - Command exited with return code 0
[2022-08-06 22:22:02,597] {taskinstance.py:1420} INFO - Marking task as SUCCESS. dag_id=our_first_dag_v5, task_id=thrid_task, execution_date=20210828T000000, start_date=20220806T222202, end_date=20220806T222202
[2022-08-06 22:22:02,642] {local_task_job.py:156} INFO - Task exited with return code 0
[2022-08-06 22:22:02,673] {local_task_job.py:273} INFO - 0 downstream tasks scheduled from follow-on schedule check
