[2022-08-06 19:39:39,309] {taskinstance.py:1179} INFO - Dependencies all met for <TaskInstance: our_first_dag_v5.thrid_task scheduled__2022-07-19T00:00:00+00:00 [queued]>
[2022-08-06 19:39:39,328] {taskinstance.py:1179} INFO - Dependencies all met for <TaskInstance: our_first_dag_v5.thrid_task scheduled__2022-07-19T00:00:00+00:00 [queued]>
[2022-08-06 19:39:39,328] {taskinstance.py:1376} INFO - 
--------------------------------------------------------------------------------
[2022-08-06 19:39:39,328] {taskinstance.py:1377} INFO - Starting attempt 1 of 6
[2022-08-06 19:39:39,328] {taskinstance.py:1378} INFO - 
--------------------------------------------------------------------------------
[2022-08-06 19:39:39,353] {taskinstance.py:1397} INFO - Executing <Task(BashOperator): thrid_task> on 2022-07-19 00:00:00+00:00
[2022-08-06 19:39:39,364] {standard_task_runner.py:52} INFO - Started process 3462 to run task
[2022-08-06 19:39:39,367] {standard_task_runner.py:79} INFO - Running: ['***', 'tasks', 'run', 'our_first_dag_v5', 'thrid_task', 'scheduled__2022-07-19T00:00:00+00:00', '--job-id', '1071', '--raw', '--subdir', 'DAGS_FOLDER/pipeline.py', '--cfg-path', '/tmp/tmppmo30v2q', '--error-file', '/tmp/tmpt0x5nsa6']
[2022-08-06 19:39:39,371] {standard_task_runner.py:80} INFO - Job 1071: Subtask thrid_task
[2022-08-06 19:39:39,501] {task_command.py:371} INFO - Running <TaskInstance: our_first_dag_v5.thrid_task scheduled__2022-07-19T00:00:00+00:00 [running]> on host b29c168c1666
[2022-08-06 19:39:39,675] {taskinstance.py:1591} INFO - Exporting the following env vars:
AIRFLOW_CTX_DAG_OWNER=coder2j
AIRFLOW_CTX_DAG_ID=our_first_dag_v5
AIRFLOW_CTX_TASK_ID=thrid_task
AIRFLOW_CTX_EXECUTION_DATE=2022-07-19T00:00:00+00:00
AIRFLOW_CTX_TRY_NUMBER=1
AIRFLOW_CTX_DAG_RUN_ID=scheduled__2022-07-19T00:00:00+00:00
[2022-08-06 19:39:39,680] {subprocess.py:62} INFO - Tmp dir root location: 
 /tmp
[2022-08-06 19:39:39,681] {subprocess.py:74} INFO - Running command: ['bash', '-c', 'echo hey, I am task3 and will be running after task1 at the same time as task2!']
[2022-08-06 19:39:39,703] {subprocess.py:85} INFO - Output:
[2022-08-06 19:39:39,703] {subprocess.py:92} INFO - hey, I am task3 and will be running after task1 at the same time as task2!
[2022-08-06 19:39:39,704] {subprocess.py:96} INFO - Command exited with return code 0
[2022-08-06 19:39:39,770] {taskinstance.py:1420} INFO - Marking task as SUCCESS. dag_id=our_first_dag_v5, task_id=thrid_task, execution_date=20220719T000000, start_date=20220806T193939, end_date=20220806T193939
[2022-08-06 19:39:39,828] {local_task_job.py:156} INFO - Task exited with return code 0
[2022-08-06 19:39:39,920] {local_task_job.py:273} INFO - 0 downstream tasks scheduled from follow-on schedule check
[2022-08-06 21:53:31,724] {taskinstance.py:1179} INFO - Dependencies all met for <TaskInstance: our_first_dag_v5.thrid_task scheduled__2022-07-19T00:00:00+00:00 [queued]>
[2022-08-06 21:53:31,738] {taskinstance.py:1179} INFO - Dependencies all met for <TaskInstance: our_first_dag_v5.thrid_task scheduled__2022-07-19T00:00:00+00:00 [queued]>
[2022-08-06 21:53:31,738] {taskinstance.py:1376} INFO - 
--------------------------------------------------------------------------------
[2022-08-06 21:53:31,738] {taskinstance.py:1377} INFO - Starting attempt 1 of 6
[2022-08-06 21:53:31,738] {taskinstance.py:1378} INFO - 
--------------------------------------------------------------------------------
[2022-08-06 21:53:31,761] {taskinstance.py:1397} INFO - Executing <Task(BashOperator): thrid_task> on 2022-07-19 00:00:00+00:00
[2022-08-06 21:53:31,768] {standard_task_runner.py:52} INFO - Started process 3639 to run task
[2022-08-06 21:53:31,771] {standard_task_runner.py:79} INFO - Running: ['***', 'tasks', 'run', 'our_first_dag_v5', 'thrid_task', 'scheduled__2022-07-19T00:00:00+00:00', '--job-id', '1068', '--raw', '--subdir', 'DAGS_FOLDER/pipeline.py', '--cfg-path', '/tmp/tmpwt4ry_lx', '--error-file', '/tmp/tmpsx4hn15e']
[2022-08-06 21:53:31,771] {standard_task_runner.py:80} INFO - Job 1068: Subtask thrid_task
[2022-08-06 21:53:31,856] {task_command.py:371} INFO - Running <TaskInstance: our_first_dag_v5.thrid_task scheduled__2022-07-19T00:00:00+00:00 [running]> on host c3f731879890
[2022-08-06 21:53:31,967] {taskinstance.py:1591} INFO - Exporting the following env vars:
AIRFLOW_CTX_DAG_OWNER=coder2j
AIRFLOW_CTX_DAG_ID=our_first_dag_v5
AIRFLOW_CTX_TASK_ID=thrid_task
AIRFLOW_CTX_EXECUTION_DATE=2022-07-19T00:00:00+00:00
AIRFLOW_CTX_TRY_NUMBER=1
AIRFLOW_CTX_DAG_RUN_ID=scheduled__2022-07-19T00:00:00+00:00
[2022-08-06 21:53:31,969] {subprocess.py:62} INFO - Tmp dir root location: 
 /tmp
[2022-08-06 21:53:31,969] {subprocess.py:74} INFO - Running command: ['bash', '-c', 'echo hey, I am task3 and will be running after task1 at the same time as task2!']
[2022-08-06 21:53:31,984] {subprocess.py:85} INFO - Output:
[2022-08-06 21:53:31,986] {subprocess.py:92} INFO - hey, I am task3 and will be running after task1 at the same time as task2!
[2022-08-06 21:53:31,987] {subprocess.py:96} INFO - Command exited with return code 0
[2022-08-06 21:53:32,035] {taskinstance.py:1420} INFO - Marking task as SUCCESS. dag_id=our_first_dag_v5, task_id=thrid_task, execution_date=20220719T000000, start_date=20220806T215331, end_date=20220806T215332
[2022-08-06 21:53:32,062] {local_task_job.py:156} INFO - Task exited with return code 0
[2022-08-06 21:53:32,115] {local_task_job.py:273} INFO - 0 downstream tasks scheduled from follow-on schedule check
[2022-08-06 21:58:53,513] {taskinstance.py:1179} INFO - Dependencies all met for <TaskInstance: our_first_dag_v5.thrid_task scheduled__2022-07-19T00:00:00+00:00 [queued]>
[2022-08-06 21:58:53,524] {taskinstance.py:1179} INFO - Dependencies all met for <TaskInstance: our_first_dag_v5.thrid_task scheduled__2022-07-19T00:00:00+00:00 [queued]>
[2022-08-06 21:58:53,524] {taskinstance.py:1376} INFO - 
--------------------------------------------------------------------------------
[2022-08-06 21:58:53,524] {taskinstance.py:1377} INFO - Starting attempt 1 of 6
[2022-08-06 21:58:53,524] {taskinstance.py:1378} INFO - 
--------------------------------------------------------------------------------
[2022-08-06 21:58:53,541] {taskinstance.py:1397} INFO - Executing <Task(BashOperator): thrid_task> on 2022-07-19 00:00:00+00:00
[2022-08-06 21:58:53,548] {standard_task_runner.py:52} INFO - Started process 3432 to run task
[2022-08-06 21:58:53,551] {standard_task_runner.py:79} INFO - Running: ['***', 'tasks', 'run', 'our_first_dag_v5', 'thrid_task', 'scheduled__2022-07-19T00:00:00+00:00', '--job-id', '1069', '--raw', '--subdir', 'DAGS_FOLDER/pipeline.py', '--cfg-path', '/tmp/tmpsf3n_a4a', '--error-file', '/tmp/tmpxqq6tvp7']
[2022-08-06 21:58:53,552] {standard_task_runner.py:80} INFO - Job 1069: Subtask thrid_task
[2022-08-06 21:58:53,622] {task_command.py:371} INFO - Running <TaskInstance: our_first_dag_v5.thrid_task scheduled__2022-07-19T00:00:00+00:00 [running]> on host bc7e154a4fdd
[2022-08-06 21:58:53,711] {taskinstance.py:1591} INFO - Exporting the following env vars:
AIRFLOW_CTX_DAG_OWNER=coder2j
AIRFLOW_CTX_DAG_ID=our_first_dag_v5
AIRFLOW_CTX_TASK_ID=thrid_task
AIRFLOW_CTX_EXECUTION_DATE=2022-07-19T00:00:00+00:00
AIRFLOW_CTX_TRY_NUMBER=1
AIRFLOW_CTX_DAG_RUN_ID=scheduled__2022-07-19T00:00:00+00:00
[2022-08-06 21:58:53,712] {subprocess.py:62} INFO - Tmp dir root location: 
 /tmp
[2022-08-06 21:58:53,713] {subprocess.py:74} INFO - Running command: ['bash', '-c', 'echo hey, I am task3 and will be running after task1 at the same time as task2!']
[2022-08-06 21:58:53,727] {subprocess.py:85} INFO - Output:
[2022-08-06 21:58:53,729] {subprocess.py:92} INFO - hey, I am task3 and will be running after task1 at the same time as task2!
[2022-08-06 21:58:53,729] {subprocess.py:96} INFO - Command exited with return code 0
[2022-08-06 21:58:53,762] {taskinstance.py:1420} INFO - Marking task as SUCCESS. dag_id=our_first_dag_v5, task_id=thrid_task, execution_date=20220719T000000, start_date=20220806T215853, end_date=20220806T215853
[2022-08-06 21:58:53,802] {local_task_job.py:156} INFO - Task exited with return code 0
[2022-08-06 21:58:53,840] {local_task_job.py:273} INFO - 0 downstream tasks scheduled from follow-on schedule check
[2022-08-06 22:13:54,705] {taskinstance.py:1179} INFO - Dependencies all met for <TaskInstance: our_first_dag_v5.thrid_task scheduled__2022-07-19T00:00:00+00:00 [queued]>
[2022-08-06 22:13:54,721] {taskinstance.py:1179} INFO - Dependencies all met for <TaskInstance: our_first_dag_v5.thrid_task scheduled__2022-07-19T00:00:00+00:00 [queued]>
[2022-08-06 22:13:54,721] {taskinstance.py:1376} INFO - 
--------------------------------------------------------------------------------
[2022-08-06 22:13:54,721] {taskinstance.py:1377} INFO - Starting attempt 1 of 6
[2022-08-06 22:13:54,721] {taskinstance.py:1378} INFO - 
--------------------------------------------------------------------------------
[2022-08-06 22:13:54,739] {taskinstance.py:1397} INFO - Executing <Task(BashOperator): thrid_task> on 2022-07-19 00:00:00+00:00
[2022-08-06 22:13:54,747] {standard_task_runner.py:52} INFO - Started process 3449 to run task
[2022-08-06 22:13:54,750] {standard_task_runner.py:79} INFO - Running: ['***', 'tasks', 'run', 'our_first_dag_v5', 'thrid_task', 'scheduled__2022-07-19T00:00:00+00:00', '--job-id', '1070', '--raw', '--subdir', 'DAGS_FOLDER/pipeline.py', '--cfg-path', '/tmp/tmp8s7rtmwn', '--error-file', '/tmp/tmpcjoyh81v']
[2022-08-06 22:13:54,750] {standard_task_runner.py:80} INFO - Job 1070: Subtask thrid_task
[2022-08-06 22:13:54,844] {task_command.py:371} INFO - Running <TaskInstance: our_first_dag_v5.thrid_task scheduled__2022-07-19T00:00:00+00:00 [running]> on host 1250c3b659cd
[2022-08-06 22:13:54,965] {taskinstance.py:1591} INFO - Exporting the following env vars:
AIRFLOW_CTX_DAG_OWNER=coder2j
AIRFLOW_CTX_DAG_ID=our_first_dag_v5
AIRFLOW_CTX_TASK_ID=thrid_task
AIRFLOW_CTX_EXECUTION_DATE=2022-07-19T00:00:00+00:00
AIRFLOW_CTX_TRY_NUMBER=1
AIRFLOW_CTX_DAG_RUN_ID=scheduled__2022-07-19T00:00:00+00:00
[2022-08-06 22:13:54,966] {subprocess.py:62} INFO - Tmp dir root location: 
 /tmp
[2022-08-06 22:13:54,967] {subprocess.py:74} INFO - Running command: ['bash', '-c', 'echo hey, I am task3 and will be running after task1 at the same time as task2!']
[2022-08-06 22:13:54,985] {subprocess.py:85} INFO - Output:
[2022-08-06 22:13:54,987] {subprocess.py:92} INFO - hey, I am task3 and will be running after task1 at the same time as task2!
[2022-08-06 22:13:54,987] {subprocess.py:96} INFO - Command exited with return code 0
[2022-08-06 22:13:55,035] {taskinstance.py:1420} INFO - Marking task as SUCCESS. dag_id=our_first_dag_v5, task_id=thrid_task, execution_date=20220719T000000, start_date=20220806T221354, end_date=20220806T221355
[2022-08-06 22:13:55,082] {local_task_job.py:156} INFO - Task exited with return code 0
[2022-08-06 22:13:55,139] {local_task_job.py:273} INFO - 0 downstream tasks scheduled from follow-on schedule check
[2022-08-06 22:25:09,863] {taskinstance.py:1179} INFO - Dependencies all met for <TaskInstance: our_first_dag_v5.thrid_task scheduled__2022-07-19T00:00:00+00:00 [queued]>
[2022-08-06 22:25:09,877] {taskinstance.py:1179} INFO - Dependencies all met for <TaskInstance: our_first_dag_v5.thrid_task scheduled__2022-07-19T00:00:00+00:00 [queued]>
[2022-08-06 22:25:09,877] {taskinstance.py:1376} INFO - 
--------------------------------------------------------------------------------
[2022-08-06 22:25:09,877] {taskinstance.py:1377} INFO - Starting attempt 1 of 6
[2022-08-06 22:25:09,877] {taskinstance.py:1378} INFO - 
--------------------------------------------------------------------------------
[2022-08-06 22:25:09,898] {taskinstance.py:1397} INFO - Executing <Task(BashOperator): thrid_task> on 2022-07-19 00:00:00+00:00
[2022-08-06 22:25:09,904] {standard_task_runner.py:52} INFO - Started process 3497 to run task
[2022-08-06 22:25:09,907] {standard_task_runner.py:79} INFO - Running: ['***', 'tasks', 'run', 'our_first_dag_v5', 'thrid_task', 'scheduled__2022-07-19T00:00:00+00:00', '--job-id', '1071', '--raw', '--subdir', 'DAGS_FOLDER/pipeline.py', '--cfg-path', '/tmp/tmp5ak6bue_', '--error-file', '/tmp/tmpjkg7aawg']
[2022-08-06 22:25:09,907] {standard_task_runner.py:80} INFO - Job 1071: Subtask thrid_task
[2022-08-06 22:25:09,982] {task_command.py:371} INFO - Running <TaskInstance: our_first_dag_v5.thrid_task scheduled__2022-07-19T00:00:00+00:00 [running]> on host b215076695c3
[2022-08-06 22:25:10,080] {taskinstance.py:1591} INFO - Exporting the following env vars:
AIRFLOW_CTX_DAG_OWNER=coder2j
AIRFLOW_CTX_DAG_ID=our_first_dag_v5
AIRFLOW_CTX_TASK_ID=thrid_task
AIRFLOW_CTX_EXECUTION_DATE=2022-07-19T00:00:00+00:00
AIRFLOW_CTX_TRY_NUMBER=1
AIRFLOW_CTX_DAG_RUN_ID=scheduled__2022-07-19T00:00:00+00:00
[2022-08-06 22:25:10,080] {subprocess.py:62} INFO - Tmp dir root location: 
 /tmp
[2022-08-06 22:25:10,081] {subprocess.py:74} INFO - Running command: ['bash', '-c', 'echo hey, I am task3 and will be running after task1 at the same time as task2!']
[2022-08-06 22:25:10,095] {subprocess.py:85} INFO - Output:
[2022-08-06 22:25:10,096] {subprocess.py:92} INFO - hey, I am task3 and will be running after task1 at the same time as task2!
[2022-08-06 22:25:10,097] {subprocess.py:96} INFO - Command exited with return code 0
[2022-08-06 22:25:10,129] {taskinstance.py:1420} INFO - Marking task as SUCCESS. dag_id=our_first_dag_v5, task_id=thrid_task, execution_date=20220719T000000, start_date=20220806T222509, end_date=20220806T222510
[2022-08-06 22:25:10,158] {local_task_job.py:156} INFO - Task exited with return code 0
[2022-08-06 22:25:10,193] {local_task_job.py:273} INFO - 0 downstream tasks scheduled from follow-on schedule check
