[2022-08-06 19:39:27,641] {taskinstance.py:1179} INFO - Dependencies all met for <TaskInstance: our_first_dag_v5.second_task scheduled__2022-07-02T00:00:00+00:00 [queued]>
[2022-08-06 19:39:27,663] {taskinstance.py:1179} INFO - Dependencies all met for <TaskInstance: our_first_dag_v5.second_task scheduled__2022-07-02T00:00:00+00:00 [queued]>
[2022-08-06 19:39:27,663] {taskinstance.py:1376} INFO - 
--------------------------------------------------------------------------------
[2022-08-06 19:39:27,663] {taskinstance.py:1377} INFO - Starting attempt 1 of 6
[2022-08-06 19:39:27,663] {taskinstance.py:1378} INFO - 
--------------------------------------------------------------------------------
[2022-08-06 19:39:27,692] {taskinstance.py:1397} INFO - Executing <Task(BashOperator): second_task> on 2022-07-02 00:00:00+00:00
[2022-08-06 19:39:27,700] {standard_task_runner.py:52} INFO - Started process 3305 to run task
[2022-08-06 19:39:27,703] {standard_task_runner.py:79} INFO - Running: ['***', 'tasks', 'run', 'our_first_dag_v5', 'second_task', 'scheduled__2022-07-02T00:00:00+00:00', '--job-id', '1020', '--raw', '--subdir', 'DAGS_FOLDER/pipeline.py', '--cfg-path', '/tmp/tmphqum1nxe', '--error-file', '/tmp/tmpd5zthbp4']
[2022-08-06 19:39:27,704] {standard_task_runner.py:80} INFO - Job 1020: Subtask second_task
[2022-08-06 19:39:27,811] {task_command.py:371} INFO - Running <TaskInstance: our_first_dag_v5.second_task scheduled__2022-07-02T00:00:00+00:00 [running]> on host b29c168c1666
[2022-08-06 19:39:27,944] {taskinstance.py:1591} INFO - Exporting the following env vars:
AIRFLOW_CTX_DAG_OWNER=coder2j
AIRFLOW_CTX_DAG_ID=our_first_dag_v5
AIRFLOW_CTX_TASK_ID=second_task
AIRFLOW_CTX_EXECUTION_DATE=2022-07-02T00:00:00+00:00
AIRFLOW_CTX_TRY_NUMBER=1
AIRFLOW_CTX_DAG_RUN_ID=scheduled__2022-07-02T00:00:00+00:00
[2022-08-06 19:39:27,960] {subprocess.py:62} INFO - Tmp dir root location: 
 /tmp
[2022-08-06 19:39:27,961] {subprocess.py:74} INFO - Running command: ['bash', '-c', 'echo hey, I am task2 and will be running after task1!']
[2022-08-06 19:39:28,030] {subprocess.py:85} INFO - Output:
[2022-08-06 19:39:28,045] {subprocess.py:92} INFO - hey, I am task2 and will be running after task1!
[2022-08-06 19:39:28,046] {subprocess.py:96} INFO - Command exited with return code 0
[2022-08-06 19:39:28,139] {taskinstance.py:1420} INFO - Marking task as SUCCESS. dag_id=our_first_dag_v5, task_id=second_task, execution_date=20220702T000000, start_date=20220806T193927, end_date=20220806T193928
[2022-08-06 19:39:28,209] {local_task_job.py:156} INFO - Task exited with return code 0
[2022-08-06 19:39:28,268] {local_task_job.py:273} INFO - 0 downstream tasks scheduled from follow-on schedule check
[2022-08-06 21:53:17,941] {taskinstance.py:1179} INFO - Dependencies all met for <TaskInstance: our_first_dag_v5.second_task scheduled__2022-07-02T00:00:00+00:00 [queued]>
[2022-08-06 21:53:17,953] {taskinstance.py:1179} INFO - Dependencies all met for <TaskInstance: our_first_dag_v5.second_task scheduled__2022-07-02T00:00:00+00:00 [queued]>
[2022-08-06 21:53:17,953] {taskinstance.py:1376} INFO - 
--------------------------------------------------------------------------------
[2022-08-06 21:53:17,953] {taskinstance.py:1377} INFO - Starting attempt 1 of 6
[2022-08-06 21:53:17,954] {taskinstance.py:1378} INFO - 
--------------------------------------------------------------------------------
[2022-08-06 21:53:17,967] {taskinstance.py:1397} INFO - Executing <Task(BashOperator): second_task> on 2022-07-02 00:00:00+00:00
[2022-08-06 21:53:17,984] {standard_task_runner.py:52} INFO - Started process 3470 to run task
[2022-08-06 21:53:17,987] {standard_task_runner.py:79} INFO - Running: ['***', 'tasks', 'run', 'our_first_dag_v5', 'second_task', 'scheduled__2022-07-02T00:00:00+00:00', '--job-id', '1016', '--raw', '--subdir', 'DAGS_FOLDER/pipeline.py', '--cfg-path', '/tmp/tmppufg7_8p', '--error-file', '/tmp/tmpntc4oh90']
[2022-08-06 21:53:17,987] {standard_task_runner.py:80} INFO - Job 1016: Subtask second_task
[2022-08-06 21:53:18,054] {task_command.py:371} INFO - Running <TaskInstance: our_first_dag_v5.second_task scheduled__2022-07-02T00:00:00+00:00 [running]> on host c3f731879890
[2022-08-06 21:53:18,138] {taskinstance.py:1591} INFO - Exporting the following env vars:
AIRFLOW_CTX_DAG_OWNER=coder2j
AIRFLOW_CTX_DAG_ID=our_first_dag_v5
AIRFLOW_CTX_TASK_ID=second_task
AIRFLOW_CTX_EXECUTION_DATE=2022-07-02T00:00:00+00:00
AIRFLOW_CTX_TRY_NUMBER=1
AIRFLOW_CTX_DAG_RUN_ID=scheduled__2022-07-02T00:00:00+00:00
[2022-08-06 21:53:18,139] {subprocess.py:62} INFO - Tmp dir root location: 
 /tmp
[2022-08-06 21:53:18,139] {subprocess.py:74} INFO - Running command: ['bash', '-c', 'echo hey, I am task2 and will be running after task1!']
[2022-08-06 21:53:18,152] {subprocess.py:85} INFO - Output:
[2022-08-06 21:53:18,153] {subprocess.py:92} INFO - hey, I am task2 and will be running after task1!
[2022-08-06 21:53:18,153] {subprocess.py:96} INFO - Command exited with return code 0
[2022-08-06 21:53:18,193] {taskinstance.py:1420} INFO - Marking task as SUCCESS. dag_id=our_first_dag_v5, task_id=second_task, execution_date=20220702T000000, start_date=20220806T215317, end_date=20220806T215318
[2022-08-06 21:53:18,239] {local_task_job.py:156} INFO - Task exited with return code 0
[2022-08-06 21:53:18,270] {local_task_job.py:273} INFO - 0 downstream tasks scheduled from follow-on schedule check
[2022-08-06 21:58:44,739] {taskinstance.py:1179} INFO - Dependencies all met for <TaskInstance: our_first_dag_v5.second_task scheduled__2022-07-02T00:00:00+00:00 [queued]>
[2022-08-06 21:58:44,754] {taskinstance.py:1179} INFO - Dependencies all met for <TaskInstance: our_first_dag_v5.second_task scheduled__2022-07-02T00:00:00+00:00 [queued]>
[2022-08-06 21:58:44,755] {taskinstance.py:1376} INFO - 
--------------------------------------------------------------------------------
[2022-08-06 21:58:44,755] {taskinstance.py:1377} INFO - Starting attempt 1 of 6
[2022-08-06 21:58:44,755] {taskinstance.py:1378} INFO - 
--------------------------------------------------------------------------------
[2022-08-06 21:58:44,773] {taskinstance.py:1397} INFO - Executing <Task(BashOperator): second_task> on 2022-07-02 00:00:00+00:00
[2022-08-06 21:58:44,780] {standard_task_runner.py:52} INFO - Started process 3281 to run task
[2022-08-06 21:58:44,783] {standard_task_runner.py:79} INFO - Running: ['***', 'tasks', 'run', 'our_first_dag_v5', 'second_task', 'scheduled__2022-07-02T00:00:00+00:00', '--job-id', '1017', '--raw', '--subdir', 'DAGS_FOLDER/pipeline.py', '--cfg-path', '/tmp/tmpnqfa8oq1', '--error-file', '/tmp/tmpxxzof_mr']
[2022-08-06 21:58:44,784] {standard_task_runner.py:80} INFO - Job 1017: Subtask second_task
[2022-08-06 21:58:44,869] {task_command.py:371} INFO - Running <TaskInstance: our_first_dag_v5.second_task scheduled__2022-07-02T00:00:00+00:00 [running]> on host bc7e154a4fdd
[2022-08-06 21:58:44,969] {taskinstance.py:1591} INFO - Exporting the following env vars:
AIRFLOW_CTX_DAG_OWNER=coder2j
AIRFLOW_CTX_DAG_ID=our_first_dag_v5
AIRFLOW_CTX_TASK_ID=second_task
AIRFLOW_CTX_EXECUTION_DATE=2022-07-02T00:00:00+00:00
AIRFLOW_CTX_TRY_NUMBER=1
AIRFLOW_CTX_DAG_RUN_ID=scheduled__2022-07-02T00:00:00+00:00
[2022-08-06 21:58:44,970] {subprocess.py:62} INFO - Tmp dir root location: 
 /tmp
[2022-08-06 21:58:44,971] {subprocess.py:74} INFO - Running command: ['bash', '-c', 'echo hey, I am task2 and will be running after task1!']
[2022-08-06 21:58:44,985] {subprocess.py:85} INFO - Output:
[2022-08-06 21:58:44,986] {subprocess.py:92} INFO - hey, I am task2 and will be running after task1!
[2022-08-06 21:58:44,986] {subprocess.py:96} INFO - Command exited with return code 0
[2022-08-06 21:58:45,015] {taskinstance.py:1420} INFO - Marking task as SUCCESS. dag_id=our_first_dag_v5, task_id=second_task, execution_date=20220702T000000, start_date=20220806T215844, end_date=20220806T215845
[2022-08-06 21:58:45,075] {local_task_job.py:156} INFO - Task exited with return code 0
[2022-08-06 21:58:45,115] {local_task_job.py:273} INFO - 0 downstream tasks scheduled from follow-on schedule check
[2022-08-06 22:13:41,577] {taskinstance.py:1179} INFO - Dependencies all met for <TaskInstance: our_first_dag_v5.second_task scheduled__2022-07-02T00:00:00+00:00 [queued]>
[2022-08-06 22:13:41,595] {taskinstance.py:1179} INFO - Dependencies all met for <TaskInstance: our_first_dag_v5.second_task scheduled__2022-07-02T00:00:00+00:00 [queued]>
[2022-08-06 22:13:41,595] {taskinstance.py:1376} INFO - 
--------------------------------------------------------------------------------
[2022-08-06 22:13:41,595] {taskinstance.py:1377} INFO - Starting attempt 1 of 6
[2022-08-06 22:13:41,596] {taskinstance.py:1378} INFO - 
--------------------------------------------------------------------------------
[2022-08-06 22:13:41,614] {taskinstance.py:1397} INFO - Executing <Task(BashOperator): second_task> on 2022-07-02 00:00:00+00:00
[2022-08-06 22:13:41,621] {standard_task_runner.py:52} INFO - Started process 3275 to run task
[2022-08-06 22:13:41,625] {standard_task_runner.py:79} INFO - Running: ['***', 'tasks', 'run', 'our_first_dag_v5', 'second_task', 'scheduled__2022-07-02T00:00:00+00:00', '--job-id', '1016', '--raw', '--subdir', 'DAGS_FOLDER/pipeline.py', '--cfg-path', '/tmp/tmp39veweuc', '--error-file', '/tmp/tmpr60odzp5']
[2022-08-06 22:13:41,625] {standard_task_runner.py:80} INFO - Job 1016: Subtask second_task
[2022-08-06 22:13:41,715] {task_command.py:371} INFO - Running <TaskInstance: our_first_dag_v5.second_task scheduled__2022-07-02T00:00:00+00:00 [running]> on host 1250c3b659cd
[2022-08-06 22:13:41,818] {taskinstance.py:1591} INFO - Exporting the following env vars:
AIRFLOW_CTX_DAG_OWNER=coder2j
AIRFLOW_CTX_DAG_ID=our_first_dag_v5
AIRFLOW_CTX_TASK_ID=second_task
AIRFLOW_CTX_EXECUTION_DATE=2022-07-02T00:00:00+00:00
AIRFLOW_CTX_TRY_NUMBER=1
AIRFLOW_CTX_DAG_RUN_ID=scheduled__2022-07-02T00:00:00+00:00
[2022-08-06 22:13:41,819] {subprocess.py:62} INFO - Tmp dir root location: 
 /tmp
[2022-08-06 22:13:41,819] {subprocess.py:74} INFO - Running command: ['bash', '-c', 'echo hey, I am task2 and will be running after task1!']
[2022-08-06 22:13:41,837] {subprocess.py:85} INFO - Output:
[2022-08-06 22:13:41,838] {subprocess.py:92} INFO - hey, I am task2 and will be running after task1!
[2022-08-06 22:13:41,839] {subprocess.py:96} INFO - Command exited with return code 0
[2022-08-06 22:13:41,873] {taskinstance.py:1420} INFO - Marking task as SUCCESS. dag_id=our_first_dag_v5, task_id=second_task, execution_date=20220702T000000, start_date=20220806T221341, end_date=20220806T221341
[2022-08-06 22:13:41,916] {local_task_job.py:156} INFO - Task exited with return code 0
[2022-08-06 22:13:41,955] {local_task_job.py:273} INFO - 0 downstream tasks scheduled from follow-on schedule check
[2022-08-06 22:25:01,299] {taskinstance.py:1179} INFO - Dependencies all met for <TaskInstance: our_first_dag_v5.second_task scheduled__2022-07-02T00:00:00+00:00 [queued]>
[2022-08-06 22:25:01,312] {taskinstance.py:1179} INFO - Dependencies all met for <TaskInstance: our_first_dag_v5.second_task scheduled__2022-07-02T00:00:00+00:00 [queued]>
[2022-08-06 22:25:01,312] {taskinstance.py:1376} INFO - 
--------------------------------------------------------------------------------
[2022-08-06 22:25:01,312] {taskinstance.py:1377} INFO - Starting attempt 1 of 6
[2022-08-06 22:25:01,312] {taskinstance.py:1378} INFO - 
--------------------------------------------------------------------------------
[2022-08-06 22:25:01,327] {taskinstance.py:1397} INFO - Executing <Task(BashOperator): second_task> on 2022-07-02 00:00:00+00:00
[2022-08-06 22:25:01,334] {standard_task_runner.py:52} INFO - Started process 3329 to run task
[2022-08-06 22:25:01,336] {standard_task_runner.py:79} INFO - Running: ['***', 'tasks', 'run', 'our_first_dag_v5', 'second_task', 'scheduled__2022-07-02T00:00:00+00:00', '--job-id', '1018', '--raw', '--subdir', 'DAGS_FOLDER/pipeline.py', '--cfg-path', '/tmp/tmpixnart15', '--error-file', '/tmp/tmppsadut6w']
[2022-08-06 22:25:01,337] {standard_task_runner.py:80} INFO - Job 1018: Subtask second_task
[2022-08-06 22:25:01,420] {task_command.py:371} INFO - Running <TaskInstance: our_first_dag_v5.second_task scheduled__2022-07-02T00:00:00+00:00 [running]> on host b215076695c3
[2022-08-06 22:25:01,538] {taskinstance.py:1591} INFO - Exporting the following env vars:
AIRFLOW_CTX_DAG_OWNER=coder2j
AIRFLOW_CTX_DAG_ID=our_first_dag_v5
AIRFLOW_CTX_TASK_ID=second_task
AIRFLOW_CTX_EXECUTION_DATE=2022-07-02T00:00:00+00:00
AIRFLOW_CTX_TRY_NUMBER=1
AIRFLOW_CTX_DAG_RUN_ID=scheduled__2022-07-02T00:00:00+00:00
[2022-08-06 22:25:01,539] {subprocess.py:62} INFO - Tmp dir root location: 
 /tmp
[2022-08-06 22:25:01,540] {subprocess.py:74} INFO - Running command: ['bash', '-c', 'echo hey, I am task2 and will be running after task1!']
[2022-08-06 22:25:01,555] {subprocess.py:85} INFO - Output:
[2022-08-06 22:25:01,557] {subprocess.py:92} INFO - hey, I am task2 and will be running after task1!
[2022-08-06 22:25:01,557] {subprocess.py:96} INFO - Command exited with return code 0
[2022-08-06 22:25:01,630] {taskinstance.py:1420} INFO - Marking task as SUCCESS. dag_id=our_first_dag_v5, task_id=second_task, execution_date=20220702T000000, start_date=20220806T222501, end_date=20220806T222501
[2022-08-06 22:25:01,668] {local_task_job.py:156} INFO - Task exited with return code 0
[2022-08-06 22:25:01,711] {local_task_job.py:273} INFO - 0 downstream tasks scheduled from follow-on schedule check
