[2022-08-06 19:37:50,197] {taskinstance.py:1179} INFO - Dependencies all met for <TaskInstance: our_first_dag_v5.first_task scheduled__2022-01-25T00:00:00+00:00 [queued]>
[2022-08-06 19:37:50,220] {taskinstance.py:1179} INFO - Dependencies all met for <TaskInstance: our_first_dag_v5.first_task scheduled__2022-01-25T00:00:00+00:00 [queued]>
[2022-08-06 19:37:50,220] {taskinstance.py:1376} INFO - 
--------------------------------------------------------------------------------
[2022-08-06 19:37:50,220] {taskinstance.py:1377} INFO - Starting attempt 1 of 6
[2022-08-06 19:37:50,220] {taskinstance.py:1378} INFO - 
--------------------------------------------------------------------------------
[2022-08-06 19:37:50,243] {taskinstance.py:1397} INFO - Executing <Task(BashOperator): first_task> on 2022-01-25 00:00:00+00:00
[2022-08-06 19:37:50,251] {standard_task_runner.py:52} INFO - Started process 1774 to run task
[2022-08-06 19:37:50,255] {standard_task_runner.py:79} INFO - Running: ['***', 'tasks', 'run', 'our_first_dag_v5', 'first_task', 'scheduled__2022-01-25T00:00:00+00:00', '--job-id', '534', '--raw', '--subdir', 'DAGS_FOLDER/pipeline.py', '--cfg-path', '/tmp/tmpxxn7tawo', '--error-file', '/tmp/tmp91webvbu']
[2022-08-06 19:37:50,255] {standard_task_runner.py:80} INFO - Job 534: Subtask first_task
[2022-08-06 19:37:50,367] {task_command.py:371} INFO - Running <TaskInstance: our_first_dag_v5.first_task scheduled__2022-01-25T00:00:00+00:00 [running]> on host b29c168c1666
[2022-08-06 19:37:50,489] {taskinstance.py:1591} INFO - Exporting the following env vars:
AIRFLOW_CTX_DAG_OWNER=coder2j
AIRFLOW_CTX_DAG_ID=our_first_dag_v5
AIRFLOW_CTX_TASK_ID=first_task
AIRFLOW_CTX_EXECUTION_DATE=2022-01-25T00:00:00+00:00
AIRFLOW_CTX_TRY_NUMBER=1
AIRFLOW_CTX_DAG_RUN_ID=scheduled__2022-01-25T00:00:00+00:00
[2022-08-06 19:37:50,490] {subprocess.py:62} INFO - Tmp dir root location: 
 /tmp
[2022-08-06 19:37:50,490] {subprocess.py:74} INFO - Running command: ['bash', '-c', 'echo hello world, this is the first task!']
[2022-08-06 19:37:50,506] {subprocess.py:85} INFO - Output:
[2022-08-06 19:37:50,508] {subprocess.py:92} INFO - hello world, this is the first task!
[2022-08-06 19:37:50,509] {subprocess.py:96} INFO - Command exited with return code 0
[2022-08-06 19:37:50,582] {taskinstance.py:1420} INFO - Marking task as SUCCESS. dag_id=our_first_dag_v5, task_id=first_task, execution_date=20220125T000000, start_date=20220806T193750, end_date=20220806T193750
[2022-08-06 19:37:50,636] {local_task_job.py:156} INFO - Task exited with return code 0
[2022-08-06 19:37:50,700] {local_task_job.py:273} INFO - 2 downstream tasks scheduled from follow-on schedule check
[2022-08-06 21:51:45,160] {taskinstance.py:1179} INFO - Dependencies all met for <TaskInstance: our_first_dag_v5.first_task scheduled__2022-01-25T00:00:00+00:00 [queued]>
[2022-08-06 21:51:45,171] {taskinstance.py:1179} INFO - Dependencies all met for <TaskInstance: our_first_dag_v5.first_task scheduled__2022-01-25T00:00:00+00:00 [queued]>
[2022-08-06 21:51:45,171] {taskinstance.py:1376} INFO - 
--------------------------------------------------------------------------------
[2022-08-06 21:51:45,171] {taskinstance.py:1377} INFO - Starting attempt 1 of 6
[2022-08-06 21:51:45,171] {taskinstance.py:1378} INFO - 
--------------------------------------------------------------------------------
[2022-08-06 21:51:45,187] {taskinstance.py:1397} INFO - Executing <Task(BashOperator): first_task> on 2022-01-25 00:00:00+00:00
[2022-08-06 21:51:45,193] {standard_task_runner.py:52} INFO - Started process 1967 to run task
[2022-08-06 21:51:45,195] {standard_task_runner.py:79} INFO - Running: ['***', 'tasks', 'run', 'our_first_dag_v5', 'first_task', 'scheduled__2022-01-25T00:00:00+00:00', '--job-id', '538', '--raw', '--subdir', 'DAGS_FOLDER/pipeline.py', '--cfg-path', '/tmp/tmprh56nkyb', '--error-file', '/tmp/tmpqjg7qxpl']
[2022-08-06 21:51:45,195] {standard_task_runner.py:80} INFO - Job 538: Subtask first_task
[2022-08-06 21:51:45,261] {task_command.py:371} INFO - Running <TaskInstance: our_first_dag_v5.first_task scheduled__2022-01-25T00:00:00+00:00 [running]> on host c3f731879890
[2022-08-06 21:51:45,341] {taskinstance.py:1591} INFO - Exporting the following env vars:
AIRFLOW_CTX_DAG_OWNER=coder2j
AIRFLOW_CTX_DAG_ID=our_first_dag_v5
AIRFLOW_CTX_TASK_ID=first_task
AIRFLOW_CTX_EXECUTION_DATE=2022-01-25T00:00:00+00:00
AIRFLOW_CTX_TRY_NUMBER=1
AIRFLOW_CTX_DAG_RUN_ID=scheduled__2022-01-25T00:00:00+00:00
[2022-08-06 21:51:45,341] {subprocess.py:62} INFO - Tmp dir root location: 
 /tmp
[2022-08-06 21:51:45,342] {subprocess.py:74} INFO - Running command: ['bash', '-c', 'echo hello world, this is the first task!']
[2022-08-06 21:51:45,356] {subprocess.py:85} INFO - Output:
[2022-08-06 21:51:45,357] {subprocess.py:92} INFO - hello world, this is the first task!
[2022-08-06 21:51:45,358] {subprocess.py:96} INFO - Command exited with return code 0
[2022-08-06 21:51:45,388] {taskinstance.py:1420} INFO - Marking task as SUCCESS. dag_id=our_first_dag_v5, task_id=first_task, execution_date=20220125T000000, start_date=20220806T215145, end_date=20220806T215145
[2022-08-06 21:51:45,446] {local_task_job.py:156} INFO - Task exited with return code 0
[2022-08-06 21:51:45,488] {local_task_job.py:273} INFO - 2 downstream tasks scheduled from follow-on schedule check
[2022-08-06 21:57:08,383] {taskinstance.py:1179} INFO - Dependencies all met for <TaskInstance: our_first_dag_v5.first_task scheduled__2022-01-25T00:00:00+00:00 [queued]>
[2022-08-06 21:57:08,391] {taskinstance.py:1179} INFO - Dependencies all met for <TaskInstance: our_first_dag_v5.first_task scheduled__2022-01-25T00:00:00+00:00 [queued]>
[2022-08-06 21:57:08,391] {taskinstance.py:1376} INFO - 
--------------------------------------------------------------------------------
[2022-08-06 21:57:08,391] {taskinstance.py:1377} INFO - Starting attempt 1 of 6
[2022-08-06 21:57:08,392] {taskinstance.py:1378} INFO - 
--------------------------------------------------------------------------------
[2022-08-06 21:57:08,403] {taskinstance.py:1397} INFO - Executing <Task(BashOperator): first_task> on 2022-01-25 00:00:00+00:00
[2022-08-06 21:57:08,407] {standard_task_runner.py:52} INFO - Started process 1775 to run task
[2022-08-06 21:57:08,410] {standard_task_runner.py:79} INFO - Running: ['***', 'tasks', 'run', 'our_first_dag_v5', 'first_task', 'scheduled__2022-01-25T00:00:00+00:00', '--job-id', '540', '--raw', '--subdir', 'DAGS_FOLDER/pipeline.py', '--cfg-path', '/tmp/tmpsxkgzdnj', '--error-file', '/tmp/tmpkas5b5lf']
[2022-08-06 21:57:08,411] {standard_task_runner.py:80} INFO - Job 540: Subtask first_task
[2022-08-06 21:57:08,485] {task_command.py:371} INFO - Running <TaskInstance: our_first_dag_v5.first_task scheduled__2022-01-25T00:00:00+00:00 [running]> on host bc7e154a4fdd
[2022-08-06 21:57:08,557] {taskinstance.py:1591} INFO - Exporting the following env vars:
AIRFLOW_CTX_DAG_OWNER=coder2j
AIRFLOW_CTX_DAG_ID=our_first_dag_v5
AIRFLOW_CTX_TASK_ID=first_task
AIRFLOW_CTX_EXECUTION_DATE=2022-01-25T00:00:00+00:00
AIRFLOW_CTX_TRY_NUMBER=1
AIRFLOW_CTX_DAG_RUN_ID=scheduled__2022-01-25T00:00:00+00:00
[2022-08-06 21:57:08,558] {subprocess.py:62} INFO - Tmp dir root location: 
 /tmp
[2022-08-06 21:57:08,558] {subprocess.py:74} INFO - Running command: ['bash', '-c', 'echo hello world, this is the first task!']
[2022-08-06 21:57:08,568] {subprocess.py:85} INFO - Output:
[2022-08-06 21:57:08,569] {subprocess.py:92} INFO - hello world, this is the first task!
[2022-08-06 21:57:08,570] {subprocess.py:96} INFO - Command exited with return code 0
[2022-08-06 21:57:08,594] {taskinstance.py:1420} INFO - Marking task as SUCCESS. dag_id=our_first_dag_v5, task_id=first_task, execution_date=20220125T000000, start_date=20220806T215708, end_date=20220806T215708
[2022-08-06 21:57:08,621] {local_task_job.py:156} INFO - Task exited with return code 0
[2022-08-06 21:57:08,655] {local_task_job.py:273} INFO - 2 downstream tasks scheduled from follow-on schedule check
[2022-08-06 22:12:10,292] {taskinstance.py:1179} INFO - Dependencies all met for <TaskInstance: our_first_dag_v5.first_task scheduled__2022-01-25T00:00:00+00:00 [queued]>
[2022-08-06 22:12:10,308] {taskinstance.py:1179} INFO - Dependencies all met for <TaskInstance: our_first_dag_v5.first_task scheduled__2022-01-25T00:00:00+00:00 [queued]>
[2022-08-06 22:12:10,308] {taskinstance.py:1376} INFO - 
--------------------------------------------------------------------------------
[2022-08-06 22:12:10,308] {taskinstance.py:1377} INFO - Starting attempt 1 of 6
[2022-08-06 22:12:10,308] {taskinstance.py:1378} INFO - 
--------------------------------------------------------------------------------
[2022-08-06 22:12:10,325] {taskinstance.py:1397} INFO - Executing <Task(BashOperator): first_task> on 2022-01-25 00:00:00+00:00
[2022-08-06 22:12:10,333] {standard_task_runner.py:52} INFO - Started process 1759 to run task
[2022-08-06 22:12:10,336] {standard_task_runner.py:79} INFO - Running: ['***', 'tasks', 'run', 'our_first_dag_v5', 'first_task', 'scheduled__2022-01-25T00:00:00+00:00', '--job-id', '535', '--raw', '--subdir', 'DAGS_FOLDER/pipeline.py', '--cfg-path', '/tmp/tmpkkv80bpr', '--error-file', '/tmp/tmpri7hvdcp']
[2022-08-06 22:12:10,336] {standard_task_runner.py:80} INFO - Job 535: Subtask first_task
[2022-08-06 22:12:10,438] {task_command.py:371} INFO - Running <TaskInstance: our_first_dag_v5.first_task scheduled__2022-01-25T00:00:00+00:00 [running]> on host 1250c3b659cd
[2022-08-06 22:12:10,540] {taskinstance.py:1591} INFO - Exporting the following env vars:
AIRFLOW_CTX_DAG_OWNER=coder2j
AIRFLOW_CTX_DAG_ID=our_first_dag_v5
AIRFLOW_CTX_TASK_ID=first_task
AIRFLOW_CTX_EXECUTION_DATE=2022-01-25T00:00:00+00:00
AIRFLOW_CTX_TRY_NUMBER=1
AIRFLOW_CTX_DAG_RUN_ID=scheduled__2022-01-25T00:00:00+00:00
[2022-08-06 22:12:10,541] {subprocess.py:62} INFO - Tmp dir root location: 
 /tmp
[2022-08-06 22:12:10,542] {subprocess.py:74} INFO - Running command: ['bash', '-c', 'echo hello world, this is the first task!']
[2022-08-06 22:12:10,556] {subprocess.py:85} INFO - Output:
[2022-08-06 22:12:10,557] {subprocess.py:92} INFO - hello world, this is the first task!
[2022-08-06 22:12:10,558] {subprocess.py:96} INFO - Command exited with return code 0
[2022-08-06 22:12:10,589] {taskinstance.py:1420} INFO - Marking task as SUCCESS. dag_id=our_first_dag_v5, task_id=first_task, execution_date=20220125T000000, start_date=20220806T221210, end_date=20220806T221210
[2022-08-06 22:12:10,629] {local_task_job.py:156} INFO - Task exited with return code 0
[2022-08-06 22:12:10,679] {local_task_job.py:273} INFO - 2 downstream tasks scheduled from follow-on schedule check
[2022-08-06 22:23:29,670] {taskinstance.py:1179} INFO - Dependencies all met for <TaskInstance: our_first_dag_v5.first_task scheduled__2022-01-25T00:00:00+00:00 [queued]>
[2022-08-06 22:23:29,687] {taskinstance.py:1179} INFO - Dependencies all met for <TaskInstance: our_first_dag_v5.first_task scheduled__2022-01-25T00:00:00+00:00 [queued]>
[2022-08-06 22:23:29,687] {taskinstance.py:1376} INFO - 
--------------------------------------------------------------------------------
[2022-08-06 22:23:29,687] {taskinstance.py:1377} INFO - Starting attempt 1 of 6
[2022-08-06 22:23:29,687] {taskinstance.py:1378} INFO - 
--------------------------------------------------------------------------------
[2022-08-06 22:23:29,706] {taskinstance.py:1397} INFO - Executing <Task(BashOperator): first_task> on 2022-01-25 00:00:00+00:00
[2022-08-06 22:23:29,713] {standard_task_runner.py:52} INFO - Started process 1823 to run task
[2022-08-06 22:23:29,716] {standard_task_runner.py:79} INFO - Running: ['***', 'tasks', 'run', 'our_first_dag_v5', 'first_task', 'scheduled__2022-01-25T00:00:00+00:00', '--job-id', '537', '--raw', '--subdir', 'DAGS_FOLDER/pipeline.py', '--cfg-path', '/tmp/tmpkueoqm50', '--error-file', '/tmp/tmpac52p568']
[2022-08-06 22:23:29,716] {standard_task_runner.py:80} INFO - Job 537: Subtask first_task
[2022-08-06 22:23:29,811] {task_command.py:371} INFO - Running <TaskInstance: our_first_dag_v5.first_task scheduled__2022-01-25T00:00:00+00:00 [running]> on host b215076695c3
[2022-08-06 22:23:29,921] {taskinstance.py:1591} INFO - Exporting the following env vars:
AIRFLOW_CTX_DAG_OWNER=coder2j
AIRFLOW_CTX_DAG_ID=our_first_dag_v5
AIRFLOW_CTX_TASK_ID=first_task
AIRFLOW_CTX_EXECUTION_DATE=2022-01-25T00:00:00+00:00
AIRFLOW_CTX_TRY_NUMBER=1
AIRFLOW_CTX_DAG_RUN_ID=scheduled__2022-01-25T00:00:00+00:00
[2022-08-06 22:23:29,923] {subprocess.py:62} INFO - Tmp dir root location: 
 /tmp
[2022-08-06 22:23:29,923] {subprocess.py:74} INFO - Running command: ['bash', '-c', 'echo hello world, this is the first task!']
[2022-08-06 22:23:29,941] {subprocess.py:85} INFO - Output:
[2022-08-06 22:23:29,942] {subprocess.py:92} INFO - hello world, this is the first task!
[2022-08-06 22:23:29,942] {subprocess.py:96} INFO - Command exited with return code 0
[2022-08-06 22:23:29,983] {taskinstance.py:1420} INFO - Marking task as SUCCESS. dag_id=our_first_dag_v5, task_id=first_task, execution_date=20220125T000000, start_date=20220806T222329, end_date=20220806T222329
[2022-08-06 22:23:30,048] {local_task_job.py:156} INFO - Task exited with return code 0
[2022-08-06 22:23:30,095] {local_task_job.py:273} INFO - 2 downstream tasks scheduled from follow-on schedule check
