[2022-08-06 19:37:31,280] {taskinstance.py:1179} INFO - Dependencies all met for <TaskInstance: our_first_dag_v5.second_task scheduled__2021-12-20T00:00:00+00:00 [queued]>
[2022-08-06 19:37:31,297] {taskinstance.py:1179} INFO - Dependencies all met for <TaskInstance: our_first_dag_v5.second_task scheduled__2021-12-20T00:00:00+00:00 [queued]>
[2022-08-06 19:37:31,297] {taskinstance.py:1376} INFO - 
--------------------------------------------------------------------------------
[2022-08-06 19:37:31,297] {taskinstance.py:1377} INFO - Starting attempt 1 of 6
[2022-08-06 19:37:31,297] {taskinstance.py:1378} INFO - 
--------------------------------------------------------------------------------
[2022-08-06 19:37:31,313] {taskinstance.py:1397} INFO - Executing <Task(BashOperator): second_task> on 2021-12-20 00:00:00+00:00
[2022-08-06 19:37:31,320] {standard_task_runner.py:52} INFO - Started process 1466 to run task
[2022-08-06 19:37:31,323] {standard_task_runner.py:79} INFO - Running: ['***', 'tasks', 'run', 'our_first_dag_v5', 'second_task', 'scheduled__2021-12-20T00:00:00+00:00', '--job-id', '437', '--raw', '--subdir', 'DAGS_FOLDER/pipeline.py', '--cfg-path', '/tmp/tmp6ww2x2ta', '--error-file', '/tmp/tmp5d6qdqc1']
[2022-08-06 19:37:31,324] {standard_task_runner.py:80} INFO - Job 437: Subtask second_task
[2022-08-06 19:37:31,407] {task_command.py:371} INFO - Running <TaskInstance: our_first_dag_v5.second_task scheduled__2021-12-20T00:00:00+00:00 [running]> on host b29c168c1666
[2022-08-06 19:37:31,527] {taskinstance.py:1591} INFO - Exporting the following env vars:
AIRFLOW_CTX_DAG_OWNER=coder2j
AIRFLOW_CTX_DAG_ID=our_first_dag_v5
AIRFLOW_CTX_TASK_ID=second_task
AIRFLOW_CTX_EXECUTION_DATE=2021-12-20T00:00:00+00:00
AIRFLOW_CTX_TRY_NUMBER=1
AIRFLOW_CTX_DAG_RUN_ID=scheduled__2021-12-20T00:00:00+00:00
[2022-08-06 19:37:31,528] {subprocess.py:62} INFO - Tmp dir root location: 
 /tmp
[2022-08-06 19:37:31,529] {subprocess.py:74} INFO - Running command: ['bash', '-c', 'echo hey, I am task2 and will be running after task1!']
[2022-08-06 19:37:31,543] {subprocess.py:85} INFO - Output:
[2022-08-06 19:37:31,548] {subprocess.py:92} INFO - hey, I am task2 and will be running after task1!
[2022-08-06 19:37:31,548] {subprocess.py:96} INFO - Command exited with return code 0
[2022-08-06 19:37:31,657] {taskinstance.py:1420} INFO - Marking task as SUCCESS. dag_id=our_first_dag_v5, task_id=second_task, execution_date=20211220T000000, start_date=20220806T193731, end_date=20220806T193731
[2022-08-06 19:37:31,695] {local_task_job.py:156} INFO - Task exited with return code 0
[2022-08-06 19:37:31,756] {local_task_job.py:273} INFO - 0 downstream tasks scheduled from follow-on schedule check
[2022-08-06 21:51:23,944] {taskinstance.py:1179} INFO - Dependencies all met for <TaskInstance: our_first_dag_v5.second_task scheduled__2021-12-20T00:00:00+00:00 [queued]>
[2022-08-06 21:51:23,959] {taskinstance.py:1179} INFO - Dependencies all met for <TaskInstance: our_first_dag_v5.second_task scheduled__2021-12-20T00:00:00+00:00 [queued]>
[2022-08-06 21:51:23,959] {taskinstance.py:1376} INFO - 
--------------------------------------------------------------------------------
[2022-08-06 21:51:23,960] {taskinstance.py:1377} INFO - Starting attempt 1 of 6
[2022-08-06 21:51:23,960] {taskinstance.py:1378} INFO - 
--------------------------------------------------------------------------------
[2022-08-06 21:51:23,980] {taskinstance.py:1397} INFO - Executing <Task(BashOperator): second_task> on 2021-12-20 00:00:00+00:00
[2022-08-06 21:51:23,988] {standard_task_runner.py:52} INFO - Started process 1641 to run task
[2022-08-06 21:51:23,992] {standard_task_runner.py:79} INFO - Running: ['***', 'tasks', 'run', 'our_first_dag_v5', 'second_task', 'scheduled__2021-12-20T00:00:00+00:00', '--job-id', '436', '--raw', '--subdir', 'DAGS_FOLDER/pipeline.py', '--cfg-path', '/tmp/tmp8daj5_6u', '--error-file', '/tmp/tmp598e7srm']
[2022-08-06 21:51:23,992] {standard_task_runner.py:80} INFO - Job 436: Subtask second_task
[2022-08-06 21:51:24,101] {task_command.py:371} INFO - Running <TaskInstance: our_first_dag_v5.second_task scheduled__2021-12-20T00:00:00+00:00 [running]> on host c3f731879890
[2022-08-06 21:51:24,226] {taskinstance.py:1591} INFO - Exporting the following env vars:
AIRFLOW_CTX_DAG_OWNER=coder2j
AIRFLOW_CTX_DAG_ID=our_first_dag_v5
AIRFLOW_CTX_TASK_ID=second_task
AIRFLOW_CTX_EXECUTION_DATE=2021-12-20T00:00:00+00:00
AIRFLOW_CTX_TRY_NUMBER=1
AIRFLOW_CTX_DAG_RUN_ID=scheduled__2021-12-20T00:00:00+00:00
[2022-08-06 21:51:24,228] {subprocess.py:62} INFO - Tmp dir root location: 
 /tmp
[2022-08-06 21:51:24,228] {subprocess.py:74} INFO - Running command: ['bash', '-c', 'echo hey, I am task2 and will be running after task1!']
[2022-08-06 21:51:24,248] {subprocess.py:85} INFO - Output:
[2022-08-06 21:51:24,251] {subprocess.py:92} INFO - hey, I am task2 and will be running after task1!
[2022-08-06 21:51:24,252] {subprocess.py:96} INFO - Command exited with return code 0
[2022-08-06 21:51:24,340] {taskinstance.py:1420} INFO - Marking task as SUCCESS. dag_id=our_first_dag_v5, task_id=second_task, execution_date=20211220T000000, start_date=20220806T215123, end_date=20220806T215124
[2022-08-06 21:51:24,404] {local_task_job.py:156} INFO - Task exited with return code 0
[2022-08-06 21:51:24,466] {local_task_job.py:273} INFO - 0 downstream tasks scheduled from follow-on schedule check
[2022-08-06 21:56:48,194] {taskinstance.py:1179} INFO - Dependencies all met for <TaskInstance: our_first_dag_v5.second_task scheduled__2021-12-20T00:00:00+00:00 [queued]>
[2022-08-06 21:56:48,209] {taskinstance.py:1179} INFO - Dependencies all met for <TaskInstance: our_first_dag_v5.second_task scheduled__2021-12-20T00:00:00+00:00 [queued]>
[2022-08-06 21:56:48,210] {taskinstance.py:1376} INFO - 
--------------------------------------------------------------------------------
[2022-08-06 21:56:48,210] {taskinstance.py:1377} INFO - Starting attempt 1 of 6
[2022-08-06 21:56:48,210] {taskinstance.py:1378} INFO - 
--------------------------------------------------------------------------------
[2022-08-06 21:56:48,229] {taskinstance.py:1397} INFO - Executing <Task(BashOperator): second_task> on 2021-12-20 00:00:00+00:00
[2022-08-06 21:56:48,236] {standard_task_runner.py:52} INFO - Started process 1441 to run task
[2022-08-06 21:56:48,239] {standard_task_runner.py:79} INFO - Running: ['***', 'tasks', 'run', 'our_first_dag_v5', 'second_task', 'scheduled__2021-12-20T00:00:00+00:00', '--job-id', '434', '--raw', '--subdir', 'DAGS_FOLDER/pipeline.py', '--cfg-path', '/tmp/tmp1vm9tzdh', '--error-file', '/tmp/tmp2b32pl_p']
[2022-08-06 21:56:48,239] {standard_task_runner.py:80} INFO - Job 434: Subtask second_task
[2022-08-06 21:56:48,308] {task_command.py:371} INFO - Running <TaskInstance: our_first_dag_v5.second_task scheduled__2021-12-20T00:00:00+00:00 [running]> on host bc7e154a4fdd
[2022-08-06 21:56:48,397] {taskinstance.py:1591} INFO - Exporting the following env vars:
AIRFLOW_CTX_DAG_OWNER=coder2j
AIRFLOW_CTX_DAG_ID=our_first_dag_v5
AIRFLOW_CTX_TASK_ID=second_task
AIRFLOW_CTX_EXECUTION_DATE=2021-12-20T00:00:00+00:00
AIRFLOW_CTX_TRY_NUMBER=1
AIRFLOW_CTX_DAG_RUN_ID=scheduled__2021-12-20T00:00:00+00:00
[2022-08-06 21:56:48,397] {subprocess.py:62} INFO - Tmp dir root location: 
 /tmp
[2022-08-06 21:56:48,398] {subprocess.py:74} INFO - Running command: ['bash', '-c', 'echo hey, I am task2 and will be running after task1!']
[2022-08-06 21:56:48,410] {subprocess.py:85} INFO - Output:
[2022-08-06 21:56:48,411] {subprocess.py:92} INFO - hey, I am task2 and will be running after task1!
[2022-08-06 21:56:48,411] {subprocess.py:96} INFO - Command exited with return code 0
[2022-08-06 21:56:48,440] {taskinstance.py:1420} INFO - Marking task as SUCCESS. dag_id=our_first_dag_v5, task_id=second_task, execution_date=20211220T000000, start_date=20220806T215648, end_date=20220806T215648
[2022-08-06 21:56:48,490] {local_task_job.py:156} INFO - Task exited with return code 0
[2022-08-06 21:56:48,521] {local_task_job.py:273} INFO - 0 downstream tasks scheduled from follow-on schedule check
[2022-08-06 22:11:51,587] {taskinstance.py:1179} INFO - Dependencies all met for <TaskInstance: our_first_dag_v5.second_task scheduled__2021-12-20T00:00:00+00:00 [queued]>
[2022-08-06 22:11:51,601] {taskinstance.py:1179} INFO - Dependencies all met for <TaskInstance: our_first_dag_v5.second_task scheduled__2021-12-20T00:00:00+00:00 [queued]>
[2022-08-06 22:11:51,601] {taskinstance.py:1376} INFO - 
--------------------------------------------------------------------------------
[2022-08-06 22:11:51,601] {taskinstance.py:1377} INFO - Starting attempt 1 of 6
[2022-08-06 22:11:51,601] {taskinstance.py:1378} INFO - 
--------------------------------------------------------------------------------
[2022-08-06 22:11:51,620] {taskinstance.py:1397} INFO - Executing <Task(BashOperator): second_task> on 2021-12-20 00:00:00+00:00
[2022-08-06 22:11:51,627] {standard_task_runner.py:52} INFO - Started process 1449 to run task
[2022-08-06 22:11:51,631] {standard_task_runner.py:79} INFO - Running: ['***', 'tasks', 'run', 'our_first_dag_v5', 'second_task', 'scheduled__2021-12-20T00:00:00+00:00', '--job-id', '433', '--raw', '--subdir', 'DAGS_FOLDER/pipeline.py', '--cfg-path', '/tmp/tmp0cr834d2', '--error-file', '/tmp/tmp7k5cqdcz']
[2022-08-06 22:11:51,632] {standard_task_runner.py:80} INFO - Job 433: Subtask second_task
[2022-08-06 22:11:51,747] {task_command.py:371} INFO - Running <TaskInstance: our_first_dag_v5.second_task scheduled__2021-12-20T00:00:00+00:00 [running]> on host 1250c3b659cd
[2022-08-06 22:11:51,879] {taskinstance.py:1591} INFO - Exporting the following env vars:
AIRFLOW_CTX_DAG_OWNER=coder2j
AIRFLOW_CTX_DAG_ID=our_first_dag_v5
AIRFLOW_CTX_TASK_ID=second_task
AIRFLOW_CTX_EXECUTION_DATE=2021-12-20T00:00:00+00:00
AIRFLOW_CTX_TRY_NUMBER=1
AIRFLOW_CTX_DAG_RUN_ID=scheduled__2021-12-20T00:00:00+00:00
[2022-08-06 22:11:51,880] {subprocess.py:62} INFO - Tmp dir root location: 
 /tmp
[2022-08-06 22:11:51,881] {subprocess.py:74} INFO - Running command: ['bash', '-c', 'echo hey, I am task2 and will be running after task1!']
[2022-08-06 22:11:51,903] {subprocess.py:85} INFO - Output:
[2022-08-06 22:11:51,906] {subprocess.py:92} INFO - hey, I am task2 and will be running after task1!
[2022-08-06 22:11:51,906] {subprocess.py:96} INFO - Command exited with return code 0
[2022-08-06 22:11:52,001] {taskinstance.py:1420} INFO - Marking task as SUCCESS. dag_id=our_first_dag_v5, task_id=second_task, execution_date=20211220T000000, start_date=20220806T221151, end_date=20220806T221152
[2022-08-06 22:11:52,056] {local_task_job.py:156} INFO - Task exited with return code 0
[2022-08-06 22:11:52,118] {local_task_job.py:273} INFO - 0 downstream tasks scheduled from follow-on schedule check
[2022-08-06 22:23:11,989] {taskinstance.py:1179} INFO - Dependencies all met for <TaskInstance: our_first_dag_v5.second_task scheduled__2021-12-20T00:00:00+00:00 [queued]>
[2022-08-06 22:23:12,007] {taskinstance.py:1179} INFO - Dependencies all met for <TaskInstance: our_first_dag_v5.second_task scheduled__2021-12-20T00:00:00+00:00 [queued]>
[2022-08-06 22:23:12,008] {taskinstance.py:1376} INFO - 
--------------------------------------------------------------------------------
[2022-08-06 22:23:12,008] {taskinstance.py:1377} INFO - Starting attempt 1 of 6
[2022-08-06 22:23:12,008] {taskinstance.py:1378} INFO - 
--------------------------------------------------------------------------------
[2022-08-06 22:23:12,027] {taskinstance.py:1397} INFO - Executing <Task(BashOperator): second_task> on 2021-12-20 00:00:00+00:00
[2022-08-06 22:23:12,036] {standard_task_runner.py:52} INFO - Started process 1509 to run task
[2022-08-06 22:23:12,039] {standard_task_runner.py:79} INFO - Running: ['***', 'tasks', 'run', 'our_first_dag_v5', 'second_task', 'scheduled__2021-12-20T00:00:00+00:00', '--job-id', '440', '--raw', '--subdir', 'DAGS_FOLDER/pipeline.py', '--cfg-path', '/tmp/tmpkq4qypvb', '--error-file', '/tmp/tmpb5vih7q2']
[2022-08-06 22:23:12,039] {standard_task_runner.py:80} INFO - Job 440: Subtask second_task
[2022-08-06 22:23:12,122] {task_command.py:371} INFO - Running <TaskInstance: our_first_dag_v5.second_task scheduled__2021-12-20T00:00:00+00:00 [running]> on host b215076695c3
[2022-08-06 22:23:12,230] {taskinstance.py:1591} INFO - Exporting the following env vars:
AIRFLOW_CTX_DAG_OWNER=coder2j
AIRFLOW_CTX_DAG_ID=our_first_dag_v5
AIRFLOW_CTX_TASK_ID=second_task
AIRFLOW_CTX_EXECUTION_DATE=2021-12-20T00:00:00+00:00
AIRFLOW_CTX_TRY_NUMBER=1
AIRFLOW_CTX_DAG_RUN_ID=scheduled__2021-12-20T00:00:00+00:00
[2022-08-06 22:23:12,232] {subprocess.py:62} INFO - Tmp dir root location: 
 /tmp
[2022-08-06 22:23:12,232] {subprocess.py:74} INFO - Running command: ['bash', '-c', 'echo hey, I am task2 and will be running after task1!']
[2022-08-06 22:23:12,249] {subprocess.py:85} INFO - Output:
[2022-08-06 22:23:12,251] {subprocess.py:92} INFO - hey, I am task2 and will be running after task1!
[2022-08-06 22:23:12,252] {subprocess.py:96} INFO - Command exited with return code 0
[2022-08-06 22:23:12,290] {taskinstance.py:1420} INFO - Marking task as SUCCESS. dag_id=our_first_dag_v5, task_id=second_task, execution_date=20211220T000000, start_date=20220806T222311, end_date=20220806T222312
[2022-08-06 22:23:12,331] {local_task_job.py:156} INFO - Task exited with return code 0
[2022-08-06 22:23:12,375] {local_task_job.py:273} INFO - 0 downstream tasks scheduled from follow-on schedule check
