[2022-08-06 19:36:20,457] {taskinstance.py:1179} INFO - Dependencies all met for <TaskInstance: our_first_dag_v5.thrid_task scheduled__2021-08-30T00:00:00+00:00 [queued]>
[2022-08-06 19:36:20,472] {taskinstance.py:1179} INFO - Dependencies all met for <TaskInstance: our_first_dag_v5.thrid_task scheduled__2021-08-30T00:00:00+00:00 [queued]>
[2022-08-06 19:36:20,472] {taskinstance.py:1376} INFO - 
--------------------------------------------------------------------------------
[2022-08-06 19:36:20,472] {taskinstance.py:1377} INFO - Starting attempt 1 of 6
[2022-08-06 19:36:20,472] {taskinstance.py:1378} INFO - 
--------------------------------------------------------------------------------
[2022-08-06 19:36:20,490] {taskinstance.py:1397} INFO - Executing <Task(BashOperator): thrid_task> on 2021-08-30 00:00:00+00:00
[2022-08-06 19:36:20,497] {standard_task_runner.py:52} INFO - Started process 410 to run task
[2022-08-06 19:36:20,501] {standard_task_runner.py:79} INFO - Running: ['***', 'tasks', 'run', 'our_first_dag_v5', 'thrid_task', 'scheduled__2021-08-30T00:00:00+00:00', '--job-id', '102', '--raw', '--subdir', 'DAGS_FOLDER/pipeline.py', '--cfg-path', '/tmp/tmp1q9kf3by', '--error-file', '/tmp/tmp6x7oywba']
[2022-08-06 19:36:20,501] {standard_task_runner.py:80} INFO - Job 102: Subtask thrid_task
[2022-08-06 19:36:20,595] {task_command.py:371} INFO - Running <TaskInstance: our_first_dag_v5.thrid_task scheduled__2021-08-30T00:00:00+00:00 [running]> on host b29c168c1666
[2022-08-06 19:36:20,717] {taskinstance.py:1591} INFO - Exporting the following env vars:
AIRFLOW_CTX_DAG_OWNER=coder2j
AIRFLOW_CTX_DAG_ID=our_first_dag_v5
AIRFLOW_CTX_TASK_ID=thrid_task
AIRFLOW_CTX_EXECUTION_DATE=2021-08-30T00:00:00+00:00
AIRFLOW_CTX_TRY_NUMBER=1
AIRFLOW_CTX_DAG_RUN_ID=scheduled__2021-08-30T00:00:00+00:00
[2022-08-06 19:36:20,718] {subprocess.py:62} INFO - Tmp dir root location: 
 /tmp
[2022-08-06 19:36:20,718] {subprocess.py:74} INFO - Running command: ['bash', '-c', 'echo hey, I am task3 and will be running after task1 at the same time as task2!']
[2022-08-06 19:36:20,736] {subprocess.py:85} INFO - Output:
[2022-08-06 19:36:20,738] {subprocess.py:92} INFO - hey, I am task3 and will be running after task1 at the same time as task2!
[2022-08-06 19:36:20,738] {subprocess.py:96} INFO - Command exited with return code 0
[2022-08-06 19:36:20,772] {taskinstance.py:1420} INFO - Marking task as SUCCESS. dag_id=our_first_dag_v5, task_id=thrid_task, execution_date=20210830T000000, start_date=20220806T193620, end_date=20220806T193620
[2022-08-06 19:36:20,833] {local_task_job.py:156} INFO - Task exited with return code 0
[2022-08-06 19:36:20,900] {local_task_job.py:273} INFO - 0 downstream tasks scheduled from follow-on schedule check
[2022-08-06 21:50:11,754] {taskinstance.py:1179} INFO - Dependencies all met for <TaskInstance: our_first_dag_v5.thrid_task scheduled__2021-08-30T00:00:00+00:00 [queued]>
[2022-08-06 21:50:11,772] {taskinstance.py:1179} INFO - Dependencies all met for <TaskInstance: our_first_dag_v5.thrid_task scheduled__2021-08-30T00:00:00+00:00 [queued]>
[2022-08-06 21:50:11,772] {taskinstance.py:1376} INFO - 
--------------------------------------------------------------------------------
[2022-08-06 21:50:11,772] {taskinstance.py:1377} INFO - Starting attempt 1 of 6
[2022-08-06 21:50:11,773] {taskinstance.py:1378} INFO - 
--------------------------------------------------------------------------------
[2022-08-06 21:50:11,792] {taskinstance.py:1397} INFO - Executing <Task(BashOperator): thrid_task> on 2021-08-30 00:00:00+00:00
[2022-08-06 21:50:11,799] {standard_task_runner.py:52} INFO - Started process 578 to run task
[2022-08-06 21:50:11,802] {standard_task_runner.py:79} INFO - Running: ['***', 'tasks', 'run', 'our_first_dag_v5', 'thrid_task', 'scheduled__2021-08-30T00:00:00+00:00', '--job-id', '100', '--raw', '--subdir', 'DAGS_FOLDER/pipeline.py', '--cfg-path', '/tmp/tmpgz_iskah', '--error-file', '/tmp/tmp65zbr9xn']
[2022-08-06 21:50:11,802] {standard_task_runner.py:80} INFO - Job 100: Subtask thrid_task
[2022-08-06 21:50:11,870] {task_command.py:371} INFO - Running <TaskInstance: our_first_dag_v5.thrid_task scheduled__2021-08-30T00:00:00+00:00 [running]> on host c3f731879890
[2022-08-06 21:50:11,961] {taskinstance.py:1591} INFO - Exporting the following env vars:
AIRFLOW_CTX_DAG_OWNER=coder2j
AIRFLOW_CTX_DAG_ID=our_first_dag_v5
AIRFLOW_CTX_TASK_ID=thrid_task
AIRFLOW_CTX_EXECUTION_DATE=2021-08-30T00:00:00+00:00
AIRFLOW_CTX_TRY_NUMBER=1
AIRFLOW_CTX_DAG_RUN_ID=scheduled__2021-08-30T00:00:00+00:00
[2022-08-06 21:50:11,961] {subprocess.py:62} INFO - Tmp dir root location: 
 /tmp
[2022-08-06 21:50:11,962] {subprocess.py:74} INFO - Running command: ['bash', '-c', 'echo hey, I am task3 and will be running after task1 at the same time as task2!']
[2022-08-06 21:50:11,976] {subprocess.py:85} INFO - Output:
[2022-08-06 21:50:11,977] {subprocess.py:92} INFO - hey, I am task3 and will be running after task1 at the same time as task2!
[2022-08-06 21:50:11,978] {subprocess.py:96} INFO - Command exited with return code 0
[2022-08-06 21:50:12,052] {taskinstance.py:1420} INFO - Marking task as SUCCESS. dag_id=our_first_dag_v5, task_id=thrid_task, execution_date=20210830T000000, start_date=20220806T215011, end_date=20220806T215012
[2022-08-06 21:50:12,093] {local_task_job.py:156} INFO - Task exited with return code 0
[2022-08-06 21:50:12,123] {local_task_job.py:273} INFO - 0 downstream tasks scheduled from follow-on schedule check
[2022-08-06 21:55:43,073] {taskinstance.py:1179} INFO - Dependencies all met for <TaskInstance: our_first_dag_v5.thrid_task scheduled__2021-08-30T00:00:00+00:00 [queued]>
[2022-08-06 21:55:43,090] {taskinstance.py:1179} INFO - Dependencies all met for <TaskInstance: our_first_dag_v5.thrid_task scheduled__2021-08-30T00:00:00+00:00 [queued]>
[2022-08-06 21:55:43,090] {taskinstance.py:1376} INFO - 
--------------------------------------------------------------------------------
[2022-08-06 21:55:43,090] {taskinstance.py:1377} INFO - Starting attempt 1 of 6
[2022-08-06 21:55:43,090] {taskinstance.py:1378} INFO - 
--------------------------------------------------------------------------------
[2022-08-06 21:55:43,109] {taskinstance.py:1397} INFO - Executing <Task(BashOperator): thrid_task> on 2021-08-30 00:00:00+00:00
[2022-08-06 21:55:43,116] {standard_task_runner.py:52} INFO - Started process 384 to run task
[2022-08-06 21:55:43,119] {standard_task_runner.py:79} INFO - Running: ['***', 'tasks', 'run', 'our_first_dag_v5', 'thrid_task', 'scheduled__2021-08-30T00:00:00+00:00', '--job-id', '100', '--raw', '--subdir', 'DAGS_FOLDER/pipeline.py', '--cfg-path', '/tmp/tmpxamgflmf', '--error-file', '/tmp/tmp2of5jorc']
[2022-08-06 21:55:43,119] {standard_task_runner.py:80} INFO - Job 100: Subtask thrid_task
[2022-08-06 21:55:43,188] {task_command.py:371} INFO - Running <TaskInstance: our_first_dag_v5.thrid_task scheduled__2021-08-30T00:00:00+00:00 [running]> on host bc7e154a4fdd
[2022-08-06 21:55:43,287] {taskinstance.py:1591} INFO - Exporting the following env vars:
AIRFLOW_CTX_DAG_OWNER=coder2j
AIRFLOW_CTX_DAG_ID=our_first_dag_v5
AIRFLOW_CTX_TASK_ID=thrid_task
AIRFLOW_CTX_EXECUTION_DATE=2021-08-30T00:00:00+00:00
AIRFLOW_CTX_TRY_NUMBER=1
AIRFLOW_CTX_DAG_RUN_ID=scheduled__2021-08-30T00:00:00+00:00
[2022-08-06 21:55:43,288] {subprocess.py:62} INFO - Tmp dir root location: 
 /tmp
[2022-08-06 21:55:43,288] {subprocess.py:74} INFO - Running command: ['bash', '-c', 'echo hey, I am task3 and will be running after task1 at the same time as task2!']
[2022-08-06 21:55:43,303] {subprocess.py:85} INFO - Output:
[2022-08-06 21:55:43,305] {subprocess.py:92} INFO - hey, I am task3 and will be running after task1 at the same time as task2!
[2022-08-06 21:55:43,305] {subprocess.py:96} INFO - Command exited with return code 0
[2022-08-06 21:55:43,367] {taskinstance.py:1420} INFO - Marking task as SUCCESS. dag_id=our_first_dag_v5, task_id=thrid_task, execution_date=20210830T000000, start_date=20220806T215543, end_date=20220806T215543
[2022-08-06 21:55:43,410] {local_task_job.py:156} INFO - Task exited with return code 0
[2022-08-06 21:55:43,447] {local_task_job.py:273} INFO - 0 downstream tasks scheduled from follow-on schedule check
[2022-08-06 22:10:44,514] {taskinstance.py:1179} INFO - Dependencies all met for <TaskInstance: our_first_dag_v5.thrid_task scheduled__2021-08-30T00:00:00+00:00 [queued]>
[2022-08-06 22:10:44,527] {taskinstance.py:1179} INFO - Dependencies all met for <TaskInstance: our_first_dag_v5.thrid_task scheduled__2021-08-30T00:00:00+00:00 [queued]>
[2022-08-06 22:10:44,527] {taskinstance.py:1376} INFO - 
--------------------------------------------------------------------------------
[2022-08-06 22:10:44,527] {taskinstance.py:1377} INFO - Starting attempt 1 of 6
[2022-08-06 22:10:44,527] {taskinstance.py:1378} INFO - 
--------------------------------------------------------------------------------
[2022-08-06 22:10:44,543] {taskinstance.py:1397} INFO - Executing <Task(BashOperator): thrid_task> on 2021-08-30 00:00:00+00:00
[2022-08-06 22:10:44,549] {standard_task_runner.py:52} INFO - Started process 395 to run task
[2022-08-06 22:10:44,553] {standard_task_runner.py:79} INFO - Running: ['***', 'tasks', 'run', 'our_first_dag_v5', 'thrid_task', 'scheduled__2021-08-30T00:00:00+00:00', '--job-id', '101', '--raw', '--subdir', 'DAGS_FOLDER/pipeline.py', '--cfg-path', '/tmp/tmpw61z64iu', '--error-file', '/tmp/tmp22jpvw8p']
[2022-08-06 22:10:44,553] {standard_task_runner.py:80} INFO - Job 101: Subtask thrid_task
[2022-08-06 22:10:44,638] {task_command.py:371} INFO - Running <TaskInstance: our_first_dag_v5.thrid_task scheduled__2021-08-30T00:00:00+00:00 [running]> on host 1250c3b659cd
[2022-08-06 22:10:44,732] {taskinstance.py:1591} INFO - Exporting the following env vars:
AIRFLOW_CTX_DAG_OWNER=coder2j
AIRFLOW_CTX_DAG_ID=our_first_dag_v5
AIRFLOW_CTX_TASK_ID=thrid_task
AIRFLOW_CTX_EXECUTION_DATE=2021-08-30T00:00:00+00:00
AIRFLOW_CTX_TRY_NUMBER=1
AIRFLOW_CTX_DAG_RUN_ID=scheduled__2021-08-30T00:00:00+00:00
[2022-08-06 22:10:44,733] {subprocess.py:62} INFO - Tmp dir root location: 
 /tmp
[2022-08-06 22:10:44,733] {subprocess.py:74} INFO - Running command: ['bash', '-c', 'echo hey, I am task3 and will be running after task1 at the same time as task2!']
[2022-08-06 22:10:44,747] {subprocess.py:85} INFO - Output:
[2022-08-06 22:10:44,749] {subprocess.py:92} INFO - hey, I am task3 and will be running after task1 at the same time as task2!
[2022-08-06 22:10:44,749] {subprocess.py:96} INFO - Command exited with return code 0
[2022-08-06 22:10:44,807] {taskinstance.py:1420} INFO - Marking task as SUCCESS. dag_id=our_first_dag_v5, task_id=thrid_task, execution_date=20210830T000000, start_date=20220806T221044, end_date=20220806T221044
[2022-08-06 22:10:44,846] {local_task_job.py:156} INFO - Task exited with return code 0
[2022-08-06 22:10:44,895] {local_task_job.py:273} INFO - 0 downstream tasks scheduled from follow-on schedule check
[2022-08-06 22:18:31,970] {taskinstance.py:1179} INFO - Dependencies all met for <TaskInstance: our_first_dag_v5.thrid_task scheduled__2021-08-30T00:00:00+00:00 [queued]>
[2022-08-06 22:18:31,982] {taskinstance.py:1179} INFO - Dependencies all met for <TaskInstance: our_first_dag_v5.thrid_task scheduled__2021-08-30T00:00:00+00:00 [queued]>
[2022-08-06 22:18:31,982] {taskinstance.py:1376} INFO - 
--------------------------------------------------------------------------------
[2022-08-06 22:18:31,982] {taskinstance.py:1377} INFO - Starting attempt 1 of 6
[2022-08-06 22:18:31,982] {taskinstance.py:1378} INFO - 
--------------------------------------------------------------------------------
[2022-08-06 22:18:31,998] {taskinstance.py:1397} INFO - Executing <Task(BashOperator): thrid_task> on 2021-08-30 00:00:00+00:00
[2022-08-06 22:18:32,006] {standard_task_runner.py:52} INFO - Started process 412 to run task
[2022-08-06 22:18:32,009] {standard_task_runner.py:79} INFO - Running: ['***', 'tasks', 'run', 'our_first_dag_v5', 'thrid_task', 'scheduled__2021-08-30T00:00:00+00:00', '--job-id', '100', '--raw', '--subdir', 'DAGS_FOLDER/pipeline.py', '--cfg-path', '/tmp/tmphz59cej9', '--error-file', '/tmp/tmpt5fes2nw']
[2022-08-06 22:18:32,009] {standard_task_runner.py:80} INFO - Job 100: Subtask thrid_task
[2022-08-06 22:18:32,084] {task_command.py:371} INFO - Running <TaskInstance: our_first_dag_v5.thrid_task scheduled__2021-08-30T00:00:00+00:00 [running]> on host ed53bde1c44a
[2022-08-06 22:18:32,180] {taskinstance.py:1591} INFO - Exporting the following env vars:
AIRFLOW_CTX_DAG_OWNER=coder2j
AIRFLOW_CTX_DAG_ID=our_first_dag_v5
AIRFLOW_CTX_TASK_ID=thrid_task
AIRFLOW_CTX_EXECUTION_DATE=2021-08-30T00:00:00+00:00
AIRFLOW_CTX_TRY_NUMBER=1
AIRFLOW_CTX_DAG_RUN_ID=scheduled__2021-08-30T00:00:00+00:00
[2022-08-06 22:18:32,181] {subprocess.py:62} INFO - Tmp dir root location: 
 /tmp
[2022-08-06 22:18:32,181] {subprocess.py:74} INFO - Running command: ['bash', '-c', 'echo hey, I am task3 and will be running after task1 at the same time as task2!']
[2022-08-06 22:18:32,195] {subprocess.py:85} INFO - Output:
[2022-08-06 22:18:32,197] {subprocess.py:92} INFO - hey, I am task3 and will be running after task1 at the same time as task2!
[2022-08-06 22:18:32,197] {subprocess.py:96} INFO - Command exited with return code 0
[2022-08-06 22:18:32,232] {taskinstance.py:1420} INFO - Marking task as SUCCESS. dag_id=our_first_dag_v5, task_id=thrid_task, execution_date=20210830T000000, start_date=20220806T221831, end_date=20220806T221832
[2022-08-06 22:18:32,260] {local_task_job.py:156} INFO - Task exited with return code 0
[2022-08-06 22:18:32,306] {local_task_job.py:273} INFO - 0 downstream tasks scheduled from follow-on schedule check
[2022-08-06 22:22:06,126] {taskinstance.py:1179} INFO - Dependencies all met for <TaskInstance: our_first_dag_v5.thrid_task scheduled__2021-08-30T00:00:00+00:00 [queued]>
[2022-08-06 22:22:06,144] {taskinstance.py:1179} INFO - Dependencies all met for <TaskInstance: our_first_dag_v5.thrid_task scheduled__2021-08-30T00:00:00+00:00 [queued]>
[2022-08-06 22:22:06,144] {taskinstance.py:1376} INFO - 
--------------------------------------------------------------------------------
[2022-08-06 22:22:06,144] {taskinstance.py:1377} INFO - Starting attempt 1 of 6
[2022-08-06 22:22:06,144] {taskinstance.py:1378} INFO - 
--------------------------------------------------------------------------------
[2022-08-06 22:22:06,164] {taskinstance.py:1397} INFO - Executing <Task(BashOperator): thrid_task> on 2021-08-30 00:00:00+00:00
[2022-08-06 22:22:06,172] {standard_task_runner.py:52} INFO - Started process 454 to run task
[2022-08-06 22:22:06,175] {standard_task_runner.py:79} INFO - Running: ['***', 'tasks', 'run', 'our_first_dag_v5', 'thrid_task', 'scheduled__2021-08-30T00:00:00+00:00', '--job-id', '100', '--raw', '--subdir', 'DAGS_FOLDER/pipeline.py', '--cfg-path', '/tmp/tmpl3araf4x', '--error-file', '/tmp/tmp1i4hay39']
[2022-08-06 22:22:06,176] {standard_task_runner.py:80} INFO - Job 100: Subtask thrid_task
[2022-08-06 22:22:06,259] {task_command.py:371} INFO - Running <TaskInstance: our_first_dag_v5.thrid_task scheduled__2021-08-30T00:00:00+00:00 [running]> on host b215076695c3
[2022-08-06 22:22:06,361] {taskinstance.py:1591} INFO - Exporting the following env vars:
AIRFLOW_CTX_DAG_OWNER=coder2j
AIRFLOW_CTX_DAG_ID=our_first_dag_v5
AIRFLOW_CTX_TASK_ID=thrid_task
AIRFLOW_CTX_EXECUTION_DATE=2021-08-30T00:00:00+00:00
AIRFLOW_CTX_TRY_NUMBER=1
AIRFLOW_CTX_DAG_RUN_ID=scheduled__2021-08-30T00:00:00+00:00
[2022-08-06 22:22:06,362] {subprocess.py:62} INFO - Tmp dir root location: 
 /tmp
[2022-08-06 22:22:06,362] {subprocess.py:74} INFO - Running command: ['bash', '-c', 'echo hey, I am task3 and will be running after task1 at the same time as task2!']
[2022-08-06 22:22:06,377] {subprocess.py:85} INFO - Output:
[2022-08-06 22:22:06,380] {subprocess.py:92} INFO - hey, I am task3 and will be running after task1 at the same time as task2!
[2022-08-06 22:22:06,380] {subprocess.py:96} INFO - Command exited with return code 0
[2022-08-06 22:22:06,421] {taskinstance.py:1420} INFO - Marking task as SUCCESS. dag_id=our_first_dag_v5, task_id=thrid_task, execution_date=20210830T000000, start_date=20220806T222206, end_date=20220806T222206
[2022-08-06 22:22:06,468] {local_task_job.py:156} INFO - Task exited with return code 0
[2022-08-06 22:22:06,525] {local_task_job.py:273} INFO - 0 downstream tasks scheduled from follow-on schedule check
