[2022-08-06 19:38:19,593] {taskinstance.py:1179} INFO - Dependencies all met for <TaskInstance: our_first_dag_v5.thrid_task scheduled__2022-03-10T00:00:00+00:00 [queued]>
[2022-08-06 19:38:19,612] {taskinstance.py:1179} INFO - Dependencies all met for <TaskInstance: our_first_dag_v5.thrid_task scheduled__2022-03-10T00:00:00+00:00 [queued]>
[2022-08-06 19:38:19,613] {taskinstance.py:1376} INFO - 
--------------------------------------------------------------------------------
[2022-08-06 19:38:19,613] {taskinstance.py:1377} INFO - Starting attempt 1 of 6
[2022-08-06 19:38:19,613] {taskinstance.py:1378} INFO - 
--------------------------------------------------------------------------------
[2022-08-06 19:38:19,636] {taskinstance.py:1397} INFO - Executing <Task(BashOperator): thrid_task> on 2022-03-10 00:00:00+00:00
[2022-08-06 19:38:19,643] {standard_task_runner.py:52} INFO - Started process 2217 to run task
[2022-08-06 19:38:19,647] {standard_task_runner.py:79} INFO - Running: ['***', 'tasks', 'run', 'our_first_dag_v5', 'thrid_task', 'scheduled__2022-03-10T00:00:00+00:00', '--job-id', '676', '--raw', '--subdir', 'DAGS_FOLDER/pipeline.py', '--cfg-path', '/tmp/tmpostj3tym', '--error-file', '/tmp/tmp2y_b5k35']
[2022-08-06 19:38:19,648] {standard_task_runner.py:80} INFO - Job 676: Subtask thrid_task
[2022-08-06 19:38:19,746] {task_command.py:371} INFO - Running <TaskInstance: our_first_dag_v5.thrid_task scheduled__2022-03-10T00:00:00+00:00 [running]> on host b29c168c1666
[2022-08-06 19:38:19,862] {taskinstance.py:1591} INFO - Exporting the following env vars:
AIRFLOW_CTX_DAG_OWNER=coder2j
AIRFLOW_CTX_DAG_ID=our_first_dag_v5
AIRFLOW_CTX_TASK_ID=thrid_task
AIRFLOW_CTX_EXECUTION_DATE=2022-03-10T00:00:00+00:00
AIRFLOW_CTX_TRY_NUMBER=1
AIRFLOW_CTX_DAG_RUN_ID=scheduled__2022-03-10T00:00:00+00:00
[2022-08-06 19:38:19,863] {subprocess.py:62} INFO - Tmp dir root location: 
 /tmp
[2022-08-06 19:38:19,864] {subprocess.py:74} INFO - Running command: ['bash', '-c', 'echo hey, I am task3 and will be running after task1 at the same time as task2!']
[2022-08-06 19:38:19,881] {subprocess.py:85} INFO - Output:
[2022-08-06 19:38:19,884] {subprocess.py:92} INFO - hey, I am task3 and will be running after task1 at the same time as task2!
[2022-08-06 19:38:19,884] {subprocess.py:96} INFO - Command exited with return code 0
[2022-08-06 19:38:19,958] {taskinstance.py:1420} INFO - Marking task as SUCCESS. dag_id=our_first_dag_v5, task_id=thrid_task, execution_date=20220310T000000, start_date=20220806T193819, end_date=20220806T193819
[2022-08-06 19:38:20,019] {local_task_job.py:156} INFO - Task exited with return code 0
[2022-08-06 19:38:20,068] {local_task_job.py:273} INFO - 0 downstream tasks scheduled from follow-on schedule check
[2022-08-06 21:52:10,306] {taskinstance.py:1179} INFO - Dependencies all met for <TaskInstance: our_first_dag_v5.thrid_task scheduled__2022-03-10T00:00:00+00:00 [queued]>
[2022-08-06 21:52:10,323] {taskinstance.py:1179} INFO - Dependencies all met for <TaskInstance: our_first_dag_v5.thrid_task scheduled__2022-03-10T00:00:00+00:00 [queued]>
[2022-08-06 21:52:10,323] {taskinstance.py:1376} INFO - 
--------------------------------------------------------------------------------
[2022-08-06 21:52:10,323] {taskinstance.py:1377} INFO - Starting attempt 1 of 6
[2022-08-06 21:52:10,323] {taskinstance.py:1378} INFO - 
--------------------------------------------------------------------------------
[2022-08-06 21:52:10,346] {taskinstance.py:1397} INFO - Executing <Task(BashOperator): thrid_task> on 2022-03-10 00:00:00+00:00
[2022-08-06 21:52:10,354] {standard_task_runner.py:52} INFO - Started process 2394 to run task
[2022-08-06 21:52:10,357] {standard_task_runner.py:79} INFO - Running: ['***', 'tasks', 'run', 'our_first_dag_v5', 'thrid_task', 'scheduled__2022-03-10T00:00:00+00:00', '--job-id', '674', '--raw', '--subdir', 'DAGS_FOLDER/pipeline.py', '--cfg-path', '/tmp/tmpu04j6e_t', '--error-file', '/tmp/tmph1n01p5h']
[2022-08-06 21:52:10,358] {standard_task_runner.py:80} INFO - Job 674: Subtask thrid_task
[2022-08-06 21:52:10,441] {task_command.py:371} INFO - Running <TaskInstance: our_first_dag_v5.thrid_task scheduled__2022-03-10T00:00:00+00:00 [running]> on host c3f731879890
[2022-08-06 21:52:10,536] {taskinstance.py:1591} INFO - Exporting the following env vars:
AIRFLOW_CTX_DAG_OWNER=coder2j
AIRFLOW_CTX_DAG_ID=our_first_dag_v5
AIRFLOW_CTX_TASK_ID=thrid_task
AIRFLOW_CTX_EXECUTION_DATE=2022-03-10T00:00:00+00:00
AIRFLOW_CTX_TRY_NUMBER=1
AIRFLOW_CTX_DAG_RUN_ID=scheduled__2022-03-10T00:00:00+00:00
[2022-08-06 21:52:10,536] {subprocess.py:62} INFO - Tmp dir root location: 
 /tmp
[2022-08-06 21:52:10,537] {subprocess.py:74} INFO - Running command: ['bash', '-c', 'echo hey, I am task3 and will be running after task1 at the same time as task2!']
[2022-08-06 21:52:10,551] {subprocess.py:85} INFO - Output:
[2022-08-06 21:52:10,553] {subprocess.py:92} INFO - hey, I am task3 and will be running after task1 at the same time as task2!
[2022-08-06 21:52:10,553] {subprocess.py:96} INFO - Command exited with return code 0
[2022-08-06 21:52:10,589] {taskinstance.py:1420} INFO - Marking task as SUCCESS. dag_id=our_first_dag_v5, task_id=thrid_task, execution_date=20220310T000000, start_date=20220806T215210, end_date=20220806T215210
[2022-08-06 21:52:10,648] {local_task_job.py:156} INFO - Task exited with return code 0
[2022-08-06 21:52:10,679] {local_task_job.py:273} INFO - 0 downstream tasks scheduled from follow-on schedule check
[2022-08-06 21:57:34,389] {taskinstance.py:1179} INFO - Dependencies all met for <TaskInstance: our_first_dag_v5.thrid_task scheduled__2022-03-10T00:00:00+00:00 [queued]>
[2022-08-06 21:57:34,409] {taskinstance.py:1179} INFO - Dependencies all met for <TaskInstance: our_first_dag_v5.thrid_task scheduled__2022-03-10T00:00:00+00:00 [queued]>
[2022-08-06 21:57:34,409] {taskinstance.py:1376} INFO - 
--------------------------------------------------------------------------------
[2022-08-06 21:57:34,409] {taskinstance.py:1377} INFO - Starting attempt 1 of 6
[2022-08-06 21:57:34,410] {taskinstance.py:1378} INFO - 
--------------------------------------------------------------------------------
[2022-08-06 21:57:34,436] {taskinstance.py:1397} INFO - Executing <Task(BashOperator): thrid_task> on 2022-03-10 00:00:00+00:00
[2022-08-06 21:57:34,445] {standard_task_runner.py:52} INFO - Started process 2196 to run task
[2022-08-06 21:57:34,449] {standard_task_runner.py:79} INFO - Running: ['***', 'tasks', 'run', 'our_first_dag_v5', 'thrid_task', 'scheduled__2022-03-10T00:00:00+00:00', '--job-id', '675', '--raw', '--subdir', 'DAGS_FOLDER/pipeline.py', '--cfg-path', '/tmp/tmpngn_09aj', '--error-file', '/tmp/tmpnrmifz0n']
[2022-08-06 21:57:34,449] {standard_task_runner.py:80} INFO - Job 675: Subtask thrid_task
[2022-08-06 21:57:34,552] {task_command.py:371} INFO - Running <TaskInstance: our_first_dag_v5.thrid_task scheduled__2022-03-10T00:00:00+00:00 [running]> on host bc7e154a4fdd
[2022-08-06 21:57:34,658] {taskinstance.py:1591} INFO - Exporting the following env vars:
AIRFLOW_CTX_DAG_OWNER=coder2j
AIRFLOW_CTX_DAG_ID=our_first_dag_v5
AIRFLOW_CTX_TASK_ID=thrid_task
AIRFLOW_CTX_EXECUTION_DATE=2022-03-10T00:00:00+00:00
AIRFLOW_CTX_TRY_NUMBER=1
AIRFLOW_CTX_DAG_RUN_ID=scheduled__2022-03-10T00:00:00+00:00
[2022-08-06 21:57:34,659] {subprocess.py:62} INFO - Tmp dir root location: 
 /tmp
[2022-08-06 21:57:34,659] {subprocess.py:74} INFO - Running command: ['bash', '-c', 'echo hey, I am task3 and will be running after task1 at the same time as task2!']
[2022-08-06 21:57:34,675] {subprocess.py:85} INFO - Output:
[2022-08-06 21:57:34,677] {subprocess.py:92} INFO - hey, I am task3 and will be running after task1 at the same time as task2!
[2022-08-06 21:57:34,677] {subprocess.py:96} INFO - Command exited with return code 0
[2022-08-06 21:57:34,719] {taskinstance.py:1420} INFO - Marking task as SUCCESS. dag_id=our_first_dag_v5, task_id=thrid_task, execution_date=20220310T000000, start_date=20220806T215734, end_date=20220806T215734
[2022-08-06 21:57:34,747] {local_task_job.py:156} INFO - Task exited with return code 0
[2022-08-06 21:57:34,786] {local_task_job.py:273} INFO - 0 downstream tasks scheduled from follow-on schedule check
[2022-08-06 22:12:37,904] {taskinstance.py:1179} INFO - Dependencies all met for <TaskInstance: our_first_dag_v5.thrid_task scheduled__2022-03-10T00:00:00+00:00 [queued]>
[2022-08-06 22:12:37,917] {taskinstance.py:1179} INFO - Dependencies all met for <TaskInstance: our_first_dag_v5.thrid_task scheduled__2022-03-10T00:00:00+00:00 [queued]>
[2022-08-06 22:12:37,917] {taskinstance.py:1376} INFO - 
--------------------------------------------------------------------------------
[2022-08-06 22:12:37,918] {taskinstance.py:1377} INFO - Starting attempt 1 of 6
[2022-08-06 22:12:37,918] {taskinstance.py:1378} INFO - 
--------------------------------------------------------------------------------
[2022-08-06 22:12:37,933] {taskinstance.py:1397} INFO - Executing <Task(BashOperator): thrid_task> on 2022-03-10 00:00:00+00:00
[2022-08-06 22:12:37,940] {standard_task_runner.py:52} INFO - Started process 2215 to run task
[2022-08-06 22:12:37,944] {standard_task_runner.py:79} INFO - Running: ['***', 'tasks', 'run', 'our_first_dag_v5', 'thrid_task', 'scheduled__2022-03-10T00:00:00+00:00', '--job-id', '677', '--raw', '--subdir', 'DAGS_FOLDER/pipeline.py', '--cfg-path', '/tmp/tmpcsbs6j8f', '--error-file', '/tmp/tmp0qpfrwa0']
[2022-08-06 22:12:37,944] {standard_task_runner.py:80} INFO - Job 677: Subtask thrid_task
[2022-08-06 22:12:38,028] {task_command.py:371} INFO - Running <TaskInstance: our_first_dag_v5.thrid_task scheduled__2022-03-10T00:00:00+00:00 [running]> on host 1250c3b659cd
[2022-08-06 22:12:38,131] {taskinstance.py:1591} INFO - Exporting the following env vars:
AIRFLOW_CTX_DAG_OWNER=coder2j
AIRFLOW_CTX_DAG_ID=our_first_dag_v5
AIRFLOW_CTX_TASK_ID=thrid_task
AIRFLOW_CTX_EXECUTION_DATE=2022-03-10T00:00:00+00:00
AIRFLOW_CTX_TRY_NUMBER=1
AIRFLOW_CTX_DAG_RUN_ID=scheduled__2022-03-10T00:00:00+00:00
[2022-08-06 22:12:38,132] {subprocess.py:62} INFO - Tmp dir root location: 
 /tmp
[2022-08-06 22:12:38,132] {subprocess.py:74} INFO - Running command: ['bash', '-c', 'echo hey, I am task3 and will be running after task1 at the same time as task2!']
[2022-08-06 22:12:38,147] {subprocess.py:85} INFO - Output:
[2022-08-06 22:12:38,149] {subprocess.py:92} INFO - hey, I am task3 and will be running after task1 at the same time as task2!
[2022-08-06 22:12:38,149] {subprocess.py:96} INFO - Command exited with return code 0
[2022-08-06 22:12:38,186] {taskinstance.py:1420} INFO - Marking task as SUCCESS. dag_id=our_first_dag_v5, task_id=thrid_task, execution_date=20220310T000000, start_date=20220806T221237, end_date=20220806T221238
[2022-08-06 22:12:38,235] {local_task_job.py:156} INFO - Task exited with return code 0
[2022-08-06 22:12:38,274] {local_task_job.py:273} INFO - 0 downstream tasks scheduled from follow-on schedule check
[2022-08-06 22:23:57,227] {taskinstance.py:1179} INFO - Dependencies all met for <TaskInstance: our_first_dag_v5.thrid_task scheduled__2022-03-10T00:00:00+00:00 [queued]>
[2022-08-06 22:23:57,240] {taskinstance.py:1179} INFO - Dependencies all met for <TaskInstance: our_first_dag_v5.thrid_task scheduled__2022-03-10T00:00:00+00:00 [queued]>
[2022-08-06 22:23:57,240] {taskinstance.py:1376} INFO - 
--------------------------------------------------------------------------------
[2022-08-06 22:23:57,240] {taskinstance.py:1377} INFO - Starting attempt 1 of 6
[2022-08-06 22:23:57,240] {taskinstance.py:1378} INFO - 
--------------------------------------------------------------------------------
[2022-08-06 22:23:57,255] {taskinstance.py:1397} INFO - Executing <Task(BashOperator): thrid_task> on 2022-03-10 00:00:00+00:00
[2022-08-06 22:23:57,261] {standard_task_runner.py:52} INFO - Started process 2256 to run task
[2022-08-06 22:23:57,263] {standard_task_runner.py:79} INFO - Running: ['***', 'tasks', 'run', 'our_first_dag_v5', 'thrid_task', 'scheduled__2022-03-10T00:00:00+00:00', '--job-id', '677', '--raw', '--subdir', 'DAGS_FOLDER/pipeline.py', '--cfg-path', '/tmp/tmpqyrtjmez', '--error-file', '/tmp/tmprm1ken_a']
[2022-08-06 22:23:57,263] {standard_task_runner.py:80} INFO - Job 677: Subtask thrid_task
[2022-08-06 22:23:57,319] {task_command.py:371} INFO - Running <TaskInstance: our_first_dag_v5.thrid_task scheduled__2022-03-10T00:00:00+00:00 [running]> on host b215076695c3
[2022-08-06 22:23:57,392] {taskinstance.py:1591} INFO - Exporting the following env vars:
AIRFLOW_CTX_DAG_OWNER=coder2j
AIRFLOW_CTX_DAG_ID=our_first_dag_v5
AIRFLOW_CTX_TASK_ID=thrid_task
AIRFLOW_CTX_EXECUTION_DATE=2022-03-10T00:00:00+00:00
AIRFLOW_CTX_TRY_NUMBER=1
AIRFLOW_CTX_DAG_RUN_ID=scheduled__2022-03-10T00:00:00+00:00
[2022-08-06 22:23:57,393] {subprocess.py:62} INFO - Tmp dir root location: 
 /tmp
[2022-08-06 22:23:57,393] {subprocess.py:74} INFO - Running command: ['bash', '-c', 'echo hey, I am task3 and will be running after task1 at the same time as task2!']
[2022-08-06 22:23:57,404] {subprocess.py:85} INFO - Output:
[2022-08-06 22:23:57,405] {subprocess.py:92} INFO - hey, I am task3 and will be running after task1 at the same time as task2!
[2022-08-06 22:23:57,406] {subprocess.py:96} INFO - Command exited with return code 0
[2022-08-06 22:23:57,429] {taskinstance.py:1420} INFO - Marking task as SUCCESS. dag_id=our_first_dag_v5, task_id=thrid_task, execution_date=20220310T000000, start_date=20220806T222357, end_date=20220806T222357
[2022-08-06 22:23:57,474] {local_task_job.py:156} INFO - Task exited with return code 0
[2022-08-06 22:23:57,503] {local_task_job.py:273} INFO - 0 downstream tasks scheduled from follow-on schedule check
