[2022-08-06 19:39:15,475] {taskinstance.py:1179} INFO - Dependencies all met for <TaskInstance: our_first_dag_v5.second_task scheduled__2022-06-16T00:00:00+00:00 [queued]>
[2022-08-06 19:39:15,489] {taskinstance.py:1179} INFO - Dependencies all met for <TaskInstance: our_first_dag_v5.second_task scheduled__2022-06-16T00:00:00+00:00 [queued]>
[2022-08-06 19:39:15,490] {taskinstance.py:1376} INFO - 
--------------------------------------------------------------------------------
[2022-08-06 19:39:15,490] {taskinstance.py:1377} INFO - Starting attempt 1 of 6
[2022-08-06 19:39:15,490] {taskinstance.py:1378} INFO - 
--------------------------------------------------------------------------------
[2022-08-06 19:39:15,508] {taskinstance.py:1397} INFO - Executing <Task(BashOperator): second_task> on 2022-06-16 00:00:00+00:00
[2022-08-06 19:39:15,514] {standard_task_runner.py:52} INFO - Started process 3139 to run task
[2022-08-06 19:39:15,516] {standard_task_runner.py:79} INFO - Running: ['***', 'tasks', 'run', 'our_first_dag_v5', 'second_task', 'scheduled__2022-06-16T00:00:00+00:00', '--job-id', '969', '--raw', '--subdir', 'DAGS_FOLDER/pipeline.py', '--cfg-path', '/tmp/tmpfpn6c_bk', '--error-file', '/tmp/tmpekjl6jl4']
[2022-08-06 19:39:15,517] {standard_task_runner.py:80} INFO - Job 969: Subtask second_task
[2022-08-06 19:39:15,581] {task_command.py:371} INFO - Running <TaskInstance: our_first_dag_v5.second_task scheduled__2022-06-16T00:00:00+00:00 [running]> on host b29c168c1666
[2022-08-06 19:39:15,668] {taskinstance.py:1591} INFO - Exporting the following env vars:
AIRFLOW_CTX_DAG_OWNER=coder2j
AIRFLOW_CTX_DAG_ID=our_first_dag_v5
AIRFLOW_CTX_TASK_ID=second_task
AIRFLOW_CTX_EXECUTION_DATE=2022-06-16T00:00:00+00:00
AIRFLOW_CTX_TRY_NUMBER=1
AIRFLOW_CTX_DAG_RUN_ID=scheduled__2022-06-16T00:00:00+00:00
[2022-08-06 19:39:15,669] {subprocess.py:62} INFO - Tmp dir root location: 
 /tmp
[2022-08-06 19:39:15,669] {subprocess.py:74} INFO - Running command: ['bash', '-c', 'echo hey, I am task2 and will be running after task1!']
[2022-08-06 19:39:15,681] {subprocess.py:85} INFO - Output:
[2022-08-06 19:39:15,683] {subprocess.py:92} INFO - hey, I am task2 and will be running after task1!
[2022-08-06 19:39:15,683] {subprocess.py:96} INFO - Command exited with return code 0
[2022-08-06 19:39:15,710] {taskinstance.py:1420} INFO - Marking task as SUCCESS. dag_id=our_first_dag_v5, task_id=second_task, execution_date=20220616T000000, start_date=20220806T193915, end_date=20220806T193915
[2022-08-06 19:39:15,728] {local_task_job.py:156} INFO - Task exited with return code 0
[2022-08-06 19:39:15,765] {local_task_job.py:273} INFO - 0 downstream tasks scheduled from follow-on schedule check
[2022-08-06 21:53:07,911] {taskinstance.py:1179} INFO - Dependencies all met for <TaskInstance: our_first_dag_v5.second_task scheduled__2022-06-16T00:00:00+00:00 [queued]>
[2022-08-06 21:53:07,922] {taskinstance.py:1179} INFO - Dependencies all met for <TaskInstance: our_first_dag_v5.second_task scheduled__2022-06-16T00:00:00+00:00 [queued]>
[2022-08-06 21:53:07,922] {taskinstance.py:1376} INFO - 
--------------------------------------------------------------------------------
[2022-08-06 21:53:07,922] {taskinstance.py:1377} INFO - Starting attempt 1 of 6
[2022-08-06 21:53:07,922] {taskinstance.py:1378} INFO - 
--------------------------------------------------------------------------------
[2022-08-06 21:53:07,939] {taskinstance.py:1397} INFO - Executing <Task(BashOperator): second_task> on 2022-06-16 00:00:00+00:00
[2022-08-06 21:53:07,944] {standard_task_runner.py:52} INFO - Started process 3318 to run task
[2022-08-06 21:53:07,946] {standard_task_runner.py:79} INFO - Running: ['***', 'tasks', 'run', 'our_first_dag_v5', 'second_task', 'scheduled__2022-06-16T00:00:00+00:00', '--job-id', '968', '--raw', '--subdir', 'DAGS_FOLDER/pipeline.py', '--cfg-path', '/tmp/tmp7fn7mqum', '--error-file', '/tmp/tmpfz3n0m7p']
[2022-08-06 21:53:07,947] {standard_task_runner.py:80} INFO - Job 968: Subtask second_task
[2022-08-06 21:53:08,001] {task_command.py:371} INFO - Running <TaskInstance: our_first_dag_v5.second_task scheduled__2022-06-16T00:00:00+00:00 [running]> on host c3f731879890
[2022-08-06 21:53:08,072] {taskinstance.py:1591} INFO - Exporting the following env vars:
AIRFLOW_CTX_DAG_OWNER=coder2j
AIRFLOW_CTX_DAG_ID=our_first_dag_v5
AIRFLOW_CTX_TASK_ID=second_task
AIRFLOW_CTX_EXECUTION_DATE=2022-06-16T00:00:00+00:00
AIRFLOW_CTX_TRY_NUMBER=1
AIRFLOW_CTX_DAG_RUN_ID=scheduled__2022-06-16T00:00:00+00:00
[2022-08-06 21:53:08,073] {subprocess.py:62} INFO - Tmp dir root location: 
 /tmp
[2022-08-06 21:53:08,073] {subprocess.py:74} INFO - Running command: ['bash', '-c', 'echo hey, I am task2 and will be running after task1!']
[2022-08-06 21:53:08,083] {subprocess.py:85} INFO - Output:
[2022-08-06 21:53:08,084] {subprocess.py:92} INFO - hey, I am task2 and will be running after task1!
[2022-08-06 21:53:08,084] {subprocess.py:96} INFO - Command exited with return code 0
[2022-08-06 21:53:08,108] {taskinstance.py:1420} INFO - Marking task as SUCCESS. dag_id=our_first_dag_v5, task_id=second_task, execution_date=20220616T000000, start_date=20220806T215307, end_date=20220806T215308
[2022-08-06 21:53:08,158] {local_task_job.py:156} INFO - Task exited with return code 0
[2022-08-06 21:53:08,182] {local_task_job.py:273} INFO - 0 downstream tasks scheduled from follow-on schedule check
[2022-08-06 21:58:35,590] {taskinstance.py:1179} INFO - Dependencies all met for <TaskInstance: our_first_dag_v5.second_task scheduled__2022-06-16T00:00:00+00:00 [queued]>
[2022-08-06 21:58:35,602] {taskinstance.py:1179} INFO - Dependencies all met for <TaskInstance: our_first_dag_v5.second_task scheduled__2022-06-16T00:00:00+00:00 [queued]>
[2022-08-06 21:58:35,603] {taskinstance.py:1376} INFO - 
--------------------------------------------------------------------------------
[2022-08-06 21:58:35,603] {taskinstance.py:1377} INFO - Starting attempt 1 of 6
[2022-08-06 21:58:35,603] {taskinstance.py:1378} INFO - 
--------------------------------------------------------------------------------
[2022-08-06 21:58:35,622] {taskinstance.py:1397} INFO - Executing <Task(BashOperator): second_task> on 2022-06-16 00:00:00+00:00
[2022-08-06 21:58:35,628] {standard_task_runner.py:52} INFO - Started process 3128 to run task
[2022-08-06 21:58:35,631] {standard_task_runner.py:79} INFO - Running: ['***', 'tasks', 'run', 'our_first_dag_v5', 'second_task', 'scheduled__2022-06-16T00:00:00+00:00', '--job-id', '970', '--raw', '--subdir', 'DAGS_FOLDER/pipeline.py', '--cfg-path', '/tmp/tmp9hwrkl6n', '--error-file', '/tmp/tmpxhdo0zma']
[2022-08-06 21:58:35,631] {standard_task_runner.py:80} INFO - Job 970: Subtask second_task
[2022-08-06 21:58:35,712] {task_command.py:371} INFO - Running <TaskInstance: our_first_dag_v5.second_task scheduled__2022-06-16T00:00:00+00:00 [running]> on host bc7e154a4fdd
[2022-08-06 21:58:35,804] {taskinstance.py:1591} INFO - Exporting the following env vars:
AIRFLOW_CTX_DAG_OWNER=coder2j
AIRFLOW_CTX_DAG_ID=our_first_dag_v5
AIRFLOW_CTX_TASK_ID=second_task
AIRFLOW_CTX_EXECUTION_DATE=2022-06-16T00:00:00+00:00
AIRFLOW_CTX_TRY_NUMBER=1
AIRFLOW_CTX_DAG_RUN_ID=scheduled__2022-06-16T00:00:00+00:00
[2022-08-06 21:58:35,805] {subprocess.py:62} INFO - Tmp dir root location: 
 /tmp
[2022-08-06 21:58:35,805] {subprocess.py:74} INFO - Running command: ['bash', '-c', 'echo hey, I am task2 and will be running after task1!']
[2022-08-06 21:58:35,820] {subprocess.py:85} INFO - Output:
[2022-08-06 21:58:35,821] {subprocess.py:92} INFO - hey, I am task2 and will be running after task1!
[2022-08-06 21:58:35,822] {subprocess.py:96} INFO - Command exited with return code 0
[2022-08-06 21:58:35,857] {taskinstance.py:1420} INFO - Marking task as SUCCESS. dag_id=our_first_dag_v5, task_id=second_task, execution_date=20220616T000000, start_date=20220806T215835, end_date=20220806T215835
[2022-08-06 21:58:35,883] {local_task_job.py:156} INFO - Task exited with return code 0
[2022-08-06 21:58:35,920] {local_task_job.py:273} INFO - 0 downstream tasks scheduled from follow-on schedule check
[2022-08-06 22:13:32,180] {taskinstance.py:1179} INFO - Dependencies all met for <TaskInstance: our_first_dag_v5.second_task scheduled__2022-06-16T00:00:00+00:00 [queued]>
[2022-08-06 22:13:32,196] {taskinstance.py:1179} INFO - Dependencies all met for <TaskInstance: our_first_dag_v5.second_task scheduled__2022-06-16T00:00:00+00:00 [queued]>
[2022-08-06 22:13:32,196] {taskinstance.py:1376} INFO - 
--------------------------------------------------------------------------------
[2022-08-06 22:13:32,196] {taskinstance.py:1377} INFO - Starting attempt 1 of 6
[2022-08-06 22:13:32,196] {taskinstance.py:1378} INFO - 
--------------------------------------------------------------------------------
[2022-08-06 22:13:32,216] {taskinstance.py:1397} INFO - Executing <Task(BashOperator): second_task> on 2022-06-16 00:00:00+00:00
[2022-08-06 22:13:32,223] {standard_task_runner.py:52} INFO - Started process 3128 to run task
[2022-08-06 22:13:32,226] {standard_task_runner.py:79} INFO - Running: ['***', 'tasks', 'run', 'our_first_dag_v5', 'second_task', 'scheduled__2022-06-16T00:00:00+00:00', '--job-id', '970', '--raw', '--subdir', 'DAGS_FOLDER/pipeline.py', '--cfg-path', '/tmp/tmp1b3yrmd1', '--error-file', '/tmp/tmpw4wldq54']
[2022-08-06 22:13:32,226] {standard_task_runner.py:80} INFO - Job 970: Subtask second_task
[2022-08-06 22:13:32,319] {task_command.py:371} INFO - Running <TaskInstance: our_first_dag_v5.second_task scheduled__2022-06-16T00:00:00+00:00 [running]> on host 1250c3b659cd
[2022-08-06 22:13:32,458] {taskinstance.py:1591} INFO - Exporting the following env vars:
AIRFLOW_CTX_DAG_OWNER=coder2j
AIRFLOW_CTX_DAG_ID=our_first_dag_v5
AIRFLOW_CTX_TASK_ID=second_task
AIRFLOW_CTX_EXECUTION_DATE=2022-06-16T00:00:00+00:00
AIRFLOW_CTX_TRY_NUMBER=1
AIRFLOW_CTX_DAG_RUN_ID=scheduled__2022-06-16T00:00:00+00:00
[2022-08-06 22:13:32,459] {subprocess.py:62} INFO - Tmp dir root location: 
 /tmp
[2022-08-06 22:13:32,460] {subprocess.py:74} INFO - Running command: ['bash', '-c', 'echo hey, I am task2 and will be running after task1!']
[2022-08-06 22:13:32,476] {subprocess.py:85} INFO - Output:
[2022-08-06 22:13:32,478] {subprocess.py:92} INFO - hey, I am task2 and will be running after task1!
[2022-08-06 22:13:32,478] {subprocess.py:96} INFO - Command exited with return code 0
[2022-08-06 22:13:32,513] {taskinstance.py:1420} INFO - Marking task as SUCCESS. dag_id=our_first_dag_v5, task_id=second_task, execution_date=20220616T000000, start_date=20220806T221332, end_date=20220806T221332
[2022-08-06 22:13:32,558] {local_task_job.py:156} INFO - Task exited with return code 0
[2022-08-06 22:13:32,590] {local_task_job.py:273} INFO - 0 downstream tasks scheduled from follow-on schedule check
[2022-08-06 22:24:52,748] {taskinstance.py:1179} INFO - Dependencies all met for <TaskInstance: our_first_dag_v5.second_task scheduled__2022-06-16T00:00:00+00:00 [queued]>
[2022-08-06 22:24:52,767] {taskinstance.py:1179} INFO - Dependencies all met for <TaskInstance: our_first_dag_v5.second_task scheduled__2022-06-16T00:00:00+00:00 [queued]>
[2022-08-06 22:24:52,768] {taskinstance.py:1376} INFO - 
--------------------------------------------------------------------------------
[2022-08-06 22:24:52,768] {taskinstance.py:1377} INFO - Starting attempt 1 of 6
[2022-08-06 22:24:52,768] {taskinstance.py:1378} INFO - 
--------------------------------------------------------------------------------
[2022-08-06 22:24:52,792] {taskinstance.py:1397} INFO - Executing <Task(BashOperator): second_task> on 2022-06-16 00:00:00+00:00
[2022-08-06 22:24:52,802] {standard_task_runner.py:52} INFO - Started process 3198 to run task
[2022-08-06 22:24:52,805] {standard_task_runner.py:79} INFO - Running: ['***', 'tasks', 'run', 'our_first_dag_v5', 'second_task', 'scheduled__2022-06-16T00:00:00+00:00', '--job-id', '975', '--raw', '--subdir', 'DAGS_FOLDER/pipeline.py', '--cfg-path', '/tmp/tmpfcem34ze', '--error-file', '/tmp/tmp_fcr2wps']
[2022-08-06 22:24:52,806] {standard_task_runner.py:80} INFO - Job 975: Subtask second_task
[2022-08-06 22:24:52,885] {task_command.py:371} INFO - Running <TaskInstance: our_first_dag_v5.second_task scheduled__2022-06-16T00:00:00+00:00 [running]> on host b215076695c3
[2022-08-06 22:24:52,988] {taskinstance.py:1591} INFO - Exporting the following env vars:
AIRFLOW_CTX_DAG_OWNER=coder2j
AIRFLOW_CTX_DAG_ID=our_first_dag_v5
AIRFLOW_CTX_TASK_ID=second_task
AIRFLOW_CTX_EXECUTION_DATE=2022-06-16T00:00:00+00:00
AIRFLOW_CTX_TRY_NUMBER=1
AIRFLOW_CTX_DAG_RUN_ID=scheduled__2022-06-16T00:00:00+00:00
[2022-08-06 22:24:52,989] {subprocess.py:62} INFO - Tmp dir root location: 
 /tmp
[2022-08-06 22:24:52,990] {subprocess.py:74} INFO - Running command: ['bash', '-c', 'echo hey, I am task2 and will be running after task1!']
[2022-08-06 22:24:53,008] {subprocess.py:85} INFO - Output:
[2022-08-06 22:24:53,013] {subprocess.py:92} INFO - hey, I am task2 and will be running after task1!
[2022-08-06 22:24:53,013] {subprocess.py:96} INFO - Command exited with return code 0
[2022-08-06 22:24:53,056] {taskinstance.py:1420} INFO - Marking task as SUCCESS. dag_id=our_first_dag_v5, task_id=second_task, execution_date=20220616T000000, start_date=20220806T222452, end_date=20220806T222453
[2022-08-06 22:24:53,099] {local_task_job.py:156} INFO - Task exited with return code 0
[2022-08-06 22:24:53,176] {local_task_job.py:273} INFO - 0 downstream tasks scheduled from follow-on schedule check
