[2022-08-06 19:38:50,647] {taskinstance.py:1179} INFO - Dependencies all met for <TaskInstance: our_first_dag_v5.first_task scheduled__2022-05-05T00:00:00+00:00 [queued]>
[2022-08-06 19:38:50,661] {taskinstance.py:1179} INFO - Dependencies all met for <TaskInstance: our_first_dag_v5.first_task scheduled__2022-05-05T00:00:00+00:00 [queued]>
[2022-08-06 19:38:50,662] {taskinstance.py:1376} INFO - 
--------------------------------------------------------------------------------
[2022-08-06 19:38:50,662] {taskinstance.py:1377} INFO - Starting attempt 1 of 6
[2022-08-06 19:38:50,662] {taskinstance.py:1378} INFO - 
--------------------------------------------------------------------------------
[2022-08-06 19:38:50,678] {taskinstance.py:1397} INFO - Executing <Task(BashOperator): first_task> on 2022-05-05 00:00:00+00:00
[2022-08-06 19:38:50,685] {standard_task_runner.py:52} INFO - Started process 2715 to run task
[2022-08-06 19:38:50,688] {standard_task_runner.py:79} INFO - Running: ['***', 'tasks', 'run', 'our_first_dag_v5', 'first_task', 'scheduled__2022-05-05T00:00:00+00:00', '--job-id', '832', '--raw', '--subdir', 'DAGS_FOLDER/pipeline.py', '--cfg-path', '/tmp/tmp0wtp_v5i', '--error-file', '/tmp/tmpztbc57gn']
[2022-08-06 19:38:50,688] {standard_task_runner.py:80} INFO - Job 832: Subtask first_task
[2022-08-06 19:38:50,767] {task_command.py:371} INFO - Running <TaskInstance: our_first_dag_v5.first_task scheduled__2022-05-05T00:00:00+00:00 [running]> on host b29c168c1666
[2022-08-06 19:38:50,904] {taskinstance.py:1591} INFO - Exporting the following env vars:
AIRFLOW_CTX_DAG_OWNER=coder2j
AIRFLOW_CTX_DAG_ID=our_first_dag_v5
AIRFLOW_CTX_TASK_ID=first_task
AIRFLOW_CTX_EXECUTION_DATE=2022-05-05T00:00:00+00:00
AIRFLOW_CTX_TRY_NUMBER=1
AIRFLOW_CTX_DAG_RUN_ID=scheduled__2022-05-05T00:00:00+00:00
[2022-08-06 19:38:50,905] {subprocess.py:62} INFO - Tmp dir root location: 
 /tmp
[2022-08-06 19:38:50,906] {subprocess.py:74} INFO - Running command: ['bash', '-c', 'echo hello world, this is the first task!']
[2022-08-06 19:38:50,933] {subprocess.py:85} INFO - Output:
[2022-08-06 19:38:50,935] {subprocess.py:92} INFO - hello world, this is the first task!
[2022-08-06 19:38:50,935] {subprocess.py:96} INFO - Command exited with return code 0
[2022-08-06 19:38:50,978] {taskinstance.py:1420} INFO - Marking task as SUCCESS. dag_id=our_first_dag_v5, task_id=first_task, execution_date=20220505T000000, start_date=20220806T193850, end_date=20220806T193850
[2022-08-06 19:38:51,020] {local_task_job.py:156} INFO - Task exited with return code 0
[2022-08-06 19:38:51,066] {local_task_job.py:273} INFO - 2 downstream tasks scheduled from follow-on schedule check
[2022-08-06 21:52:42,286] {taskinstance.py:1179} INFO - Dependencies all met for <TaskInstance: our_first_dag_v5.first_task scheduled__2022-05-05T00:00:00+00:00 [queued]>
[2022-08-06 21:52:42,303] {taskinstance.py:1179} INFO - Dependencies all met for <TaskInstance: our_first_dag_v5.first_task scheduled__2022-05-05T00:00:00+00:00 [queued]>
[2022-08-06 21:52:42,303] {taskinstance.py:1376} INFO - 
--------------------------------------------------------------------------------
[2022-08-06 21:52:42,303] {taskinstance.py:1377} INFO - Starting attempt 1 of 6
[2022-08-06 21:52:42,303] {taskinstance.py:1378} INFO - 
--------------------------------------------------------------------------------
[2022-08-06 21:52:42,336] {taskinstance.py:1397} INFO - Executing <Task(BashOperator): first_task> on 2022-05-05 00:00:00+00:00
[2022-08-06 21:52:42,344] {standard_task_runner.py:52} INFO - Started process 2897 to run task
[2022-08-06 21:52:42,347] {standard_task_runner.py:79} INFO - Running: ['***', 'tasks', 'run', 'our_first_dag_v5', 'first_task', 'scheduled__2022-05-05T00:00:00+00:00', '--job-id', '834', '--raw', '--subdir', 'DAGS_FOLDER/pipeline.py', '--cfg-path', '/tmp/tmpt78r26m4', '--error-file', '/tmp/tmpdfkgwlip']
[2022-08-06 21:52:42,347] {standard_task_runner.py:80} INFO - Job 834: Subtask first_task
[2022-08-06 21:52:42,455] {task_command.py:371} INFO - Running <TaskInstance: our_first_dag_v5.first_task scheduled__2022-05-05T00:00:00+00:00 [running]> on host c3f731879890
[2022-08-06 21:52:42,556] {taskinstance.py:1591} INFO - Exporting the following env vars:
AIRFLOW_CTX_DAG_OWNER=coder2j
AIRFLOW_CTX_DAG_ID=our_first_dag_v5
AIRFLOW_CTX_TASK_ID=first_task
AIRFLOW_CTX_EXECUTION_DATE=2022-05-05T00:00:00+00:00
AIRFLOW_CTX_TRY_NUMBER=1
AIRFLOW_CTX_DAG_RUN_ID=scheduled__2022-05-05T00:00:00+00:00
[2022-08-06 21:52:42,557] {subprocess.py:62} INFO - Tmp dir root location: 
 /tmp
[2022-08-06 21:52:42,557] {subprocess.py:74} INFO - Running command: ['bash', '-c', 'echo hello world, this is the first task!']
[2022-08-06 21:52:42,572] {subprocess.py:85} INFO - Output:
[2022-08-06 21:52:42,574] {subprocess.py:92} INFO - hello world, this is the first task!
[2022-08-06 21:52:42,574] {subprocess.py:96} INFO - Command exited with return code 0
[2022-08-06 21:52:42,633] {taskinstance.py:1420} INFO - Marking task as SUCCESS. dag_id=our_first_dag_v5, task_id=first_task, execution_date=20220505T000000, start_date=20220806T215242, end_date=20220806T215242
[2022-08-06 21:52:42,679] {local_task_job.py:156} INFO - Task exited with return code 0
[2022-08-06 21:52:42,734] {local_task_job.py:273} INFO - 2 downstream tasks scheduled from follow-on schedule check
[2022-08-06 21:58:09,234] {taskinstance.py:1179} INFO - Dependencies all met for <TaskInstance: our_first_dag_v5.first_task scheduled__2022-05-05T00:00:00+00:00 [queued]>
[2022-08-06 21:58:09,244] {taskinstance.py:1179} INFO - Dependencies all met for <TaskInstance: our_first_dag_v5.first_task scheduled__2022-05-05T00:00:00+00:00 [queued]>
[2022-08-06 21:58:09,244] {taskinstance.py:1376} INFO - 
--------------------------------------------------------------------------------
[2022-08-06 21:58:09,244] {taskinstance.py:1377} INFO - Starting attempt 1 of 6
[2022-08-06 21:58:09,244] {taskinstance.py:1378} INFO - 
--------------------------------------------------------------------------------
[2022-08-06 21:58:09,262] {taskinstance.py:1397} INFO - Executing <Task(BashOperator): first_task> on 2022-05-05 00:00:00+00:00
[2022-08-06 21:58:09,269] {standard_task_runner.py:52} INFO - Started process 2708 to run task
[2022-08-06 21:58:09,272] {standard_task_runner.py:79} INFO - Running: ['***', 'tasks', 'run', 'our_first_dag_v5', 'first_task', 'scheduled__2022-05-05T00:00:00+00:00', '--job-id', '836', '--raw', '--subdir', 'DAGS_FOLDER/pipeline.py', '--cfg-path', '/tmp/tmp6o2jjhi7', '--error-file', '/tmp/tmpa22uh_w2']
[2022-08-06 21:58:09,272] {standard_task_runner.py:80} INFO - Job 836: Subtask first_task
[2022-08-06 21:58:09,341] {task_command.py:371} INFO - Running <TaskInstance: our_first_dag_v5.first_task scheduled__2022-05-05T00:00:00+00:00 [running]> on host bc7e154a4fdd
[2022-08-06 21:58:09,473] {taskinstance.py:1591} INFO - Exporting the following env vars:
AIRFLOW_CTX_DAG_OWNER=coder2j
AIRFLOW_CTX_DAG_ID=our_first_dag_v5
AIRFLOW_CTX_TASK_ID=first_task
AIRFLOW_CTX_EXECUTION_DATE=2022-05-05T00:00:00+00:00
AIRFLOW_CTX_TRY_NUMBER=1
AIRFLOW_CTX_DAG_RUN_ID=scheduled__2022-05-05T00:00:00+00:00
[2022-08-06 21:58:09,474] {subprocess.py:62} INFO - Tmp dir root location: 
 /tmp
[2022-08-06 21:58:09,475] {subprocess.py:74} INFO - Running command: ['bash', '-c', 'echo hello world, this is the first task!']
[2022-08-06 21:58:09,491] {subprocess.py:85} INFO - Output:
[2022-08-06 21:58:09,492] {subprocess.py:92} INFO - hello world, this is the first task!
[2022-08-06 21:58:09,493] {subprocess.py:96} INFO - Command exited with return code 0
[2022-08-06 21:58:09,532] {taskinstance.py:1420} INFO - Marking task as SUCCESS. dag_id=our_first_dag_v5, task_id=first_task, execution_date=20220505T000000, start_date=20220806T215809, end_date=20220806T215809
[2022-08-06 21:58:09,563] {local_task_job.py:156} INFO - Task exited with return code 0
[2022-08-06 21:58:09,611] {local_task_job.py:273} INFO - 2 downstream tasks scheduled from follow-on schedule check
[2022-08-06 22:13:09,104] {taskinstance.py:1179} INFO - Dependencies all met for <TaskInstance: our_first_dag_v5.first_task scheduled__2022-05-05T00:00:00+00:00 [queued]>
[2022-08-06 22:13:09,120] {taskinstance.py:1179} INFO - Dependencies all met for <TaskInstance: our_first_dag_v5.first_task scheduled__2022-05-05T00:00:00+00:00 [queued]>
[2022-08-06 22:13:09,120] {taskinstance.py:1376} INFO - 
--------------------------------------------------------------------------------
[2022-08-06 22:13:09,120] {taskinstance.py:1377} INFO - Starting attempt 1 of 6
[2022-08-06 22:13:09,120] {taskinstance.py:1378} INFO - 
--------------------------------------------------------------------------------
[2022-08-06 22:13:09,138] {taskinstance.py:1397} INFO - Executing <Task(BashOperator): first_task> on 2022-05-05 00:00:00+00:00
[2022-08-06 22:13:09,144] {standard_task_runner.py:52} INFO - Started process 2704 to run task
[2022-08-06 22:13:09,147] {standard_task_runner.py:79} INFO - Running: ['***', 'tasks', 'run', 'our_first_dag_v5', 'first_task', 'scheduled__2022-05-05T00:00:00+00:00', '--job-id', '834', '--raw', '--subdir', 'DAGS_FOLDER/pipeline.py', '--cfg-path', '/tmp/tmp4ng39hoh', '--error-file', '/tmp/tmpm21fzxr_']
[2022-08-06 22:13:09,147] {standard_task_runner.py:80} INFO - Job 834: Subtask first_task
[2022-08-06 22:13:09,218] {task_command.py:371} INFO - Running <TaskInstance: our_first_dag_v5.first_task scheduled__2022-05-05T00:00:00+00:00 [running]> on host 1250c3b659cd
[2022-08-06 22:13:09,298] {taskinstance.py:1591} INFO - Exporting the following env vars:
AIRFLOW_CTX_DAG_OWNER=coder2j
AIRFLOW_CTX_DAG_ID=our_first_dag_v5
AIRFLOW_CTX_TASK_ID=first_task
AIRFLOW_CTX_EXECUTION_DATE=2022-05-05T00:00:00+00:00
AIRFLOW_CTX_TRY_NUMBER=1
AIRFLOW_CTX_DAG_RUN_ID=scheduled__2022-05-05T00:00:00+00:00
[2022-08-06 22:13:09,299] {subprocess.py:62} INFO - Tmp dir root location: 
 /tmp
[2022-08-06 22:13:09,299] {subprocess.py:74} INFO - Running command: ['bash', '-c', 'echo hello world, this is the first task!']
[2022-08-06 22:13:09,313] {subprocess.py:85} INFO - Output:
[2022-08-06 22:13:09,314] {subprocess.py:92} INFO - hello world, this is the first task!
[2022-08-06 22:13:09,315] {subprocess.py:96} INFO - Command exited with return code 0
[2022-08-06 22:13:09,357] {taskinstance.py:1420} INFO - Marking task as SUCCESS. dag_id=our_first_dag_v5, task_id=first_task, execution_date=20220505T000000, start_date=20220806T221309, end_date=20220806T221309
[2022-08-06 22:13:09,400] {local_task_job.py:156} INFO - Task exited with return code 0
[2022-08-06 22:13:09,446] {local_task_job.py:273} INFO - 2 downstream tasks scheduled from follow-on schedule check
[2022-08-06 22:24:25,770] {taskinstance.py:1179} INFO - Dependencies all met for <TaskInstance: our_first_dag_v5.first_task scheduled__2022-05-05T00:00:00+00:00 [queued]>
[2022-08-06 22:24:25,785] {taskinstance.py:1179} INFO - Dependencies all met for <TaskInstance: our_first_dag_v5.first_task scheduled__2022-05-05T00:00:00+00:00 [queued]>
[2022-08-06 22:24:25,785] {taskinstance.py:1376} INFO - 
--------------------------------------------------------------------------------
[2022-08-06 22:24:25,785] {taskinstance.py:1377} INFO - Starting attempt 1 of 6
[2022-08-06 22:24:25,785] {taskinstance.py:1378} INFO - 
--------------------------------------------------------------------------------
[2022-08-06 22:24:25,801] {taskinstance.py:1397} INFO - Executing <Task(BashOperator): first_task> on 2022-05-05 00:00:00+00:00
[2022-08-06 22:24:25,807] {standard_task_runner.py:52} INFO - Started process 2755 to run task
[2022-08-06 22:24:25,812] {standard_task_runner.py:79} INFO - Running: ['***', 'tasks', 'run', 'our_first_dag_v5', 'first_task', 'scheduled__2022-05-05T00:00:00+00:00', '--job-id', '835', '--raw', '--subdir', 'DAGS_FOLDER/pipeline.py', '--cfg-path', '/tmp/tmpx6ovd1_6', '--error-file', '/tmp/tmpkuk1c4u3']
[2022-08-06 22:24:25,812] {standard_task_runner.py:80} INFO - Job 835: Subtask first_task
[2022-08-06 22:24:25,903] {task_command.py:371} INFO - Running <TaskInstance: our_first_dag_v5.first_task scheduled__2022-05-05T00:00:00+00:00 [running]> on host b215076695c3
[2022-08-06 22:24:26,001] {taskinstance.py:1591} INFO - Exporting the following env vars:
AIRFLOW_CTX_DAG_OWNER=coder2j
AIRFLOW_CTX_DAG_ID=our_first_dag_v5
AIRFLOW_CTX_TASK_ID=first_task
AIRFLOW_CTX_EXECUTION_DATE=2022-05-05T00:00:00+00:00
AIRFLOW_CTX_TRY_NUMBER=1
AIRFLOW_CTX_DAG_RUN_ID=scheduled__2022-05-05T00:00:00+00:00
[2022-08-06 22:24:26,002] {subprocess.py:62} INFO - Tmp dir root location: 
 /tmp
[2022-08-06 22:24:26,003] {subprocess.py:74} INFO - Running command: ['bash', '-c', 'echo hello world, this is the first task!']
[2022-08-06 22:24:26,018] {subprocess.py:85} INFO - Output:
[2022-08-06 22:24:26,019] {subprocess.py:92} INFO - hello world, this is the first task!
[2022-08-06 22:24:26,020] {subprocess.py:96} INFO - Command exited with return code 0
[2022-08-06 22:24:26,055] {taskinstance.py:1420} INFO - Marking task as SUCCESS. dag_id=our_first_dag_v5, task_id=first_task, execution_date=20220505T000000, start_date=20220806T222425, end_date=20220806T222426
[2022-08-06 22:24:26,104] {local_task_job.py:156} INFO - Task exited with return code 0
[2022-08-06 22:24:26,150] {local_task_job.py:273} INFO - 2 downstream tasks scheduled from follow-on schedule check
