[2022-08-06 19:37:22,219] {taskinstance.py:1179} INFO - Dependencies all met for <TaskInstance: our_first_dag_v5.first_task scheduled__2021-12-11T00:00:00+00:00 [queued]>
[2022-08-06 19:37:22,237] {taskinstance.py:1179} INFO - Dependencies all met for <TaskInstance: our_first_dag_v5.first_task scheduled__2021-12-11T00:00:00+00:00 [queued]>
[2022-08-06 19:37:22,237] {taskinstance.py:1376} INFO - 
--------------------------------------------------------------------------------
[2022-08-06 19:37:22,237] {taskinstance.py:1377} INFO - Starting attempt 1 of 6
[2022-08-06 19:37:22,237] {taskinstance.py:1378} INFO - 
--------------------------------------------------------------------------------
[2022-08-06 19:37:22,258] {taskinstance.py:1397} INFO - Executing <Task(BashOperator): first_task> on 2021-12-11 00:00:00+00:00
[2022-08-06 19:37:22,265] {standard_task_runner.py:52} INFO - Started process 1345 to run task
[2022-08-06 19:37:22,268] {standard_task_runner.py:79} INFO - Running: ['***', 'tasks', 'run', 'our_first_dag_v5', 'first_task', 'scheduled__2021-12-11T00:00:00+00:00', '--job-id', '400', '--raw', '--subdir', 'DAGS_FOLDER/pipeline.py', '--cfg-path', '/tmp/tmpwmajl8xu', '--error-file', '/tmp/tmpzwdp9cvx']
[2022-08-06 19:37:22,269] {standard_task_runner.py:80} INFO - Job 400: Subtask first_task
[2022-08-06 19:37:22,353] {task_command.py:371} INFO - Running <TaskInstance: our_first_dag_v5.first_task scheduled__2021-12-11T00:00:00+00:00 [running]> on host b29c168c1666
[2022-08-06 19:37:22,451] {taskinstance.py:1591} INFO - Exporting the following env vars:
AIRFLOW_CTX_DAG_OWNER=coder2j
AIRFLOW_CTX_DAG_ID=our_first_dag_v5
AIRFLOW_CTX_TASK_ID=first_task
AIRFLOW_CTX_EXECUTION_DATE=2021-12-11T00:00:00+00:00
AIRFLOW_CTX_TRY_NUMBER=1
AIRFLOW_CTX_DAG_RUN_ID=scheduled__2021-12-11T00:00:00+00:00
[2022-08-06 19:37:22,452] {subprocess.py:62} INFO - Tmp dir root location: 
 /tmp
[2022-08-06 19:37:22,452] {subprocess.py:74} INFO - Running command: ['bash', '-c', 'echo hello world, this is the first task!']
[2022-08-06 19:37:22,465] {subprocess.py:85} INFO - Output:
[2022-08-06 19:37:22,467] {subprocess.py:92} INFO - hello world, this is the first task!
[2022-08-06 19:37:22,467] {subprocess.py:96} INFO - Command exited with return code 0
[2022-08-06 19:37:22,506] {taskinstance.py:1420} INFO - Marking task as SUCCESS. dag_id=our_first_dag_v5, task_id=first_task, execution_date=20211211T000000, start_date=20220806T193722, end_date=20220806T193722
[2022-08-06 19:37:22,560] {local_task_job.py:156} INFO - Task exited with return code 0
[2022-08-06 19:37:22,607] {local_task_job.py:273} INFO - 2 downstream tasks scheduled from follow-on schedule check
[2022-08-06 21:51:18,430] {taskinstance.py:1179} INFO - Dependencies all met for <TaskInstance: our_first_dag_v5.first_task scheduled__2021-12-11T00:00:00+00:00 [queued]>
[2022-08-06 21:51:18,443] {taskinstance.py:1179} INFO - Dependencies all met for <TaskInstance: our_first_dag_v5.first_task scheduled__2021-12-11T00:00:00+00:00 [queued]>
[2022-08-06 21:51:18,443] {taskinstance.py:1376} INFO - 
--------------------------------------------------------------------------------
[2022-08-06 21:51:18,443] {taskinstance.py:1377} INFO - Starting attempt 1 of 6
[2022-08-06 21:51:18,443] {taskinstance.py:1378} INFO - 
--------------------------------------------------------------------------------
[2022-08-06 21:51:18,463] {taskinstance.py:1397} INFO - Executing <Task(BashOperator): first_task> on 2021-12-11 00:00:00+00:00
[2022-08-06 21:51:18,469] {standard_task_runner.py:52} INFO - Started process 1538 to run task
[2022-08-06 21:51:18,471] {standard_task_runner.py:79} INFO - Running: ['***', 'tasks', 'run', 'our_first_dag_v5', 'first_task', 'scheduled__2021-12-11T00:00:00+00:00', '--job-id', '401', '--raw', '--subdir', 'DAGS_FOLDER/pipeline.py', '--cfg-path', '/tmp/tmp2hijycyi', '--error-file', '/tmp/tmpxi5yuqpg']
[2022-08-06 21:51:18,472] {standard_task_runner.py:80} INFO - Job 401: Subtask first_task
[2022-08-06 21:51:18,553] {task_command.py:371} INFO - Running <TaskInstance: our_first_dag_v5.first_task scheduled__2021-12-11T00:00:00+00:00 [running]> on host c3f731879890
[2022-08-06 21:51:18,659] {taskinstance.py:1591} INFO - Exporting the following env vars:
AIRFLOW_CTX_DAG_OWNER=coder2j
AIRFLOW_CTX_DAG_ID=our_first_dag_v5
AIRFLOW_CTX_TASK_ID=first_task
AIRFLOW_CTX_EXECUTION_DATE=2021-12-11T00:00:00+00:00
AIRFLOW_CTX_TRY_NUMBER=1
AIRFLOW_CTX_DAG_RUN_ID=scheduled__2021-12-11T00:00:00+00:00
[2022-08-06 21:51:18,660] {subprocess.py:62} INFO - Tmp dir root location: 
 /tmp
[2022-08-06 21:51:18,661] {subprocess.py:74} INFO - Running command: ['bash', '-c', 'echo hello world, this is the first task!']
[2022-08-06 21:51:18,678] {subprocess.py:85} INFO - Output:
[2022-08-06 21:51:18,680] {subprocess.py:92} INFO - hello world, this is the first task!
[2022-08-06 21:51:18,724] {subprocess.py:96} INFO - Command exited with return code 0
[2022-08-06 21:51:18,760] {taskinstance.py:1420} INFO - Marking task as SUCCESS. dag_id=our_first_dag_v5, task_id=first_task, execution_date=20211211T000000, start_date=20220806T215118, end_date=20220806T215118
[2022-08-06 21:51:18,804] {local_task_job.py:156} INFO - Task exited with return code 0
[2022-08-06 21:51:18,855] {local_task_job.py:273} INFO - 0 downstream tasks scheduled from follow-on schedule check
[2022-08-06 21:56:41,881] {taskinstance.py:1179} INFO - Dependencies all met for <TaskInstance: our_first_dag_v5.first_task scheduled__2021-12-11T00:00:00+00:00 [queued]>
[2022-08-06 21:56:41,896] {taskinstance.py:1179} INFO - Dependencies all met for <TaskInstance: our_first_dag_v5.first_task scheduled__2021-12-11T00:00:00+00:00 [queued]>
[2022-08-06 21:56:41,896] {taskinstance.py:1376} INFO - 
--------------------------------------------------------------------------------
[2022-08-06 21:56:41,896] {taskinstance.py:1377} INFO - Starting attempt 1 of 6
[2022-08-06 21:56:41,896] {taskinstance.py:1378} INFO - 
--------------------------------------------------------------------------------
[2022-08-06 21:56:41,915] {taskinstance.py:1397} INFO - Executing <Task(BashOperator): first_task> on 2021-12-11 00:00:00+00:00
[2022-08-06 21:56:41,922] {standard_task_runner.py:52} INFO - Started process 1331 to run task
[2022-08-06 21:56:41,924] {standard_task_runner.py:79} INFO - Running: ['***', 'tasks', 'run', 'our_first_dag_v5', 'first_task', 'scheduled__2021-12-11T00:00:00+00:00', '--job-id', '401', '--raw', '--subdir', 'DAGS_FOLDER/pipeline.py', '--cfg-path', '/tmp/tmpsp4swypd', '--error-file', '/tmp/tmp8thfofpp']
[2022-08-06 21:56:41,924] {standard_task_runner.py:80} INFO - Job 401: Subtask first_task
[2022-08-06 21:56:42,032] {task_command.py:371} INFO - Running <TaskInstance: our_first_dag_v5.first_task scheduled__2021-12-11T00:00:00+00:00 [running]> on host bc7e154a4fdd
[2022-08-06 21:56:42,131] {taskinstance.py:1591} INFO - Exporting the following env vars:
AIRFLOW_CTX_DAG_OWNER=coder2j
AIRFLOW_CTX_DAG_ID=our_first_dag_v5
AIRFLOW_CTX_TASK_ID=first_task
AIRFLOW_CTX_EXECUTION_DATE=2021-12-11T00:00:00+00:00
AIRFLOW_CTX_TRY_NUMBER=1
AIRFLOW_CTX_DAG_RUN_ID=scheduled__2021-12-11T00:00:00+00:00
[2022-08-06 21:56:42,132] {subprocess.py:62} INFO - Tmp dir root location: 
 /tmp
[2022-08-06 21:56:42,132] {subprocess.py:74} INFO - Running command: ['bash', '-c', 'echo hello world, this is the first task!']
[2022-08-06 21:56:42,147] {subprocess.py:85} INFO - Output:
[2022-08-06 21:56:42,149] {subprocess.py:92} INFO - hello world, this is the first task!
[2022-08-06 21:56:42,149] {subprocess.py:96} INFO - Command exited with return code 0
[2022-08-06 21:56:42,182] {taskinstance.py:1420} INFO - Marking task as SUCCESS. dag_id=our_first_dag_v5, task_id=first_task, execution_date=20211211T000000, start_date=20220806T215641, end_date=20220806T215642
[2022-08-06 21:56:42,216] {local_task_job.py:156} INFO - Task exited with return code 0
[2022-08-06 21:56:42,253] {local_task_job.py:273} INFO - 2 downstream tasks scheduled from follow-on schedule check
[2022-08-06 22:11:46,347] {taskinstance.py:1179} INFO - Dependencies all met for <TaskInstance: our_first_dag_v5.first_task scheduled__2021-12-11T00:00:00+00:00 [queued]>
[2022-08-06 22:11:46,360] {taskinstance.py:1179} INFO - Dependencies all met for <TaskInstance: our_first_dag_v5.first_task scheduled__2021-12-11T00:00:00+00:00 [queued]>
[2022-08-06 22:11:46,360] {taskinstance.py:1376} INFO - 
--------------------------------------------------------------------------------
[2022-08-06 22:11:46,360] {taskinstance.py:1377} INFO - Starting attempt 1 of 6
[2022-08-06 22:11:46,360] {taskinstance.py:1378} INFO - 
--------------------------------------------------------------------------------
[2022-08-06 22:11:46,375] {taskinstance.py:1397} INFO - Executing <Task(BashOperator): first_task> on 2021-12-11 00:00:00+00:00
[2022-08-06 22:11:46,381] {standard_task_runner.py:52} INFO - Started process 1347 to run task
[2022-08-06 22:11:46,383] {standard_task_runner.py:79} INFO - Running: ['***', 'tasks', 'run', 'our_first_dag_v5', 'first_task', 'scheduled__2021-12-11T00:00:00+00:00', '--job-id', '403', '--raw', '--subdir', 'DAGS_FOLDER/pipeline.py', '--cfg-path', '/tmp/tmp_cz2emt7', '--error-file', '/tmp/tmp0m_sjxsb']
[2022-08-06 22:11:46,383] {standard_task_runner.py:80} INFO - Job 403: Subtask first_task
[2022-08-06 22:11:46,452] {task_command.py:371} INFO - Running <TaskInstance: our_first_dag_v5.first_task scheduled__2021-12-11T00:00:00+00:00 [running]> on host 1250c3b659cd
[2022-08-06 22:11:46,536] {taskinstance.py:1591} INFO - Exporting the following env vars:
AIRFLOW_CTX_DAG_OWNER=coder2j
AIRFLOW_CTX_DAG_ID=our_first_dag_v5
AIRFLOW_CTX_TASK_ID=first_task
AIRFLOW_CTX_EXECUTION_DATE=2021-12-11T00:00:00+00:00
AIRFLOW_CTX_TRY_NUMBER=1
AIRFLOW_CTX_DAG_RUN_ID=scheduled__2021-12-11T00:00:00+00:00
[2022-08-06 22:11:46,537] {subprocess.py:62} INFO - Tmp dir root location: 
 /tmp
[2022-08-06 22:11:46,537] {subprocess.py:74} INFO - Running command: ['bash', '-c', 'echo hello world, this is the first task!']
[2022-08-06 22:11:46,551] {subprocess.py:85} INFO - Output:
[2022-08-06 22:11:46,553] {subprocess.py:92} INFO - hello world, this is the first task!
[2022-08-06 22:11:46,553] {subprocess.py:96} INFO - Command exited with return code 0
[2022-08-06 22:11:46,583] {taskinstance.py:1420} INFO - Marking task as SUCCESS. dag_id=our_first_dag_v5, task_id=first_task, execution_date=20211211T000000, start_date=20220806T221146, end_date=20220806T221146
[2022-08-06 22:11:46,634] {local_task_job.py:156} INFO - Task exited with return code 0
[2022-08-06 22:11:46,677] {local_task_job.py:273} INFO - 2 downstream tasks scheduled from follow-on schedule check
[2022-08-06 22:23:03,572] {taskinstance.py:1179} INFO - Dependencies all met for <TaskInstance: our_first_dag_v5.first_task scheduled__2021-12-11T00:00:00+00:00 [queued]>
[2022-08-06 22:23:03,585] {taskinstance.py:1179} INFO - Dependencies all met for <TaskInstance: our_first_dag_v5.first_task scheduled__2021-12-11T00:00:00+00:00 [queued]>
[2022-08-06 22:23:03,586] {taskinstance.py:1376} INFO - 
--------------------------------------------------------------------------------
[2022-08-06 22:23:03,586] {taskinstance.py:1377} INFO - Starting attempt 1 of 6
[2022-08-06 22:23:03,586] {taskinstance.py:1378} INFO - 
--------------------------------------------------------------------------------
[2022-08-06 22:23:03,602] {taskinstance.py:1397} INFO - Executing <Task(BashOperator): first_task> on 2021-12-11 00:00:00+00:00
[2022-08-06 22:23:03,608] {standard_task_runner.py:52} INFO - Started process 1374 to run task
[2022-08-06 22:23:03,611] {standard_task_runner.py:79} INFO - Running: ['***', 'tasks', 'run', 'our_first_dag_v5', 'first_task', 'scheduled__2021-12-11T00:00:00+00:00', '--job-id', '399', '--raw', '--subdir', 'DAGS_FOLDER/pipeline.py', '--cfg-path', '/tmp/tmp6t9em0m6', '--error-file', '/tmp/tmp4r8ii6ft']
[2022-08-06 22:23:03,611] {standard_task_runner.py:80} INFO - Job 399: Subtask first_task
[2022-08-06 22:23:03,701] {task_command.py:371} INFO - Running <TaskInstance: our_first_dag_v5.first_task scheduled__2021-12-11T00:00:00+00:00 [running]> on host b215076695c3
[2022-08-06 22:23:03,802] {taskinstance.py:1591} INFO - Exporting the following env vars:
AIRFLOW_CTX_DAG_OWNER=coder2j
AIRFLOW_CTX_DAG_ID=our_first_dag_v5
AIRFLOW_CTX_TASK_ID=first_task
AIRFLOW_CTX_EXECUTION_DATE=2021-12-11T00:00:00+00:00
AIRFLOW_CTX_TRY_NUMBER=1
AIRFLOW_CTX_DAG_RUN_ID=scheduled__2021-12-11T00:00:00+00:00
[2022-08-06 22:23:03,803] {subprocess.py:62} INFO - Tmp dir root location: 
 /tmp
[2022-08-06 22:23:03,803] {subprocess.py:74} INFO - Running command: ['bash', '-c', 'echo hello world, this is the first task!']
[2022-08-06 22:23:03,819] {subprocess.py:85} INFO - Output:
[2022-08-06 22:23:03,820] {subprocess.py:92} INFO - hello world, this is the first task!
[2022-08-06 22:23:03,821] {subprocess.py:96} INFO - Command exited with return code 0
[2022-08-06 22:23:03,880] {taskinstance.py:1420} INFO - Marking task as SUCCESS. dag_id=our_first_dag_v5, task_id=first_task, execution_date=20211211T000000, start_date=20220806T222303, end_date=20220806T222303
[2022-08-06 22:23:03,943] {local_task_job.py:156} INFO - Task exited with return code 0
[2022-08-06 22:23:04,003] {local_task_job.py:273} INFO - 2 downstream tasks scheduled from follow-on schedule check
