[2022-08-06 19:36:45,156] {taskinstance.py:1179} INFO - Dependencies all met for <TaskInstance: our_first_dag_v5.first_task scheduled__2021-10-11T00:00:00+00:00 [queued]>
[2022-08-06 19:36:45,169] {taskinstance.py:1179} INFO - Dependencies all met for <TaskInstance: our_first_dag_v5.first_task scheduled__2021-10-11T00:00:00+00:00 [queued]>
[2022-08-06 19:36:45,169] {taskinstance.py:1376} INFO - 
--------------------------------------------------------------------------------
[2022-08-06 19:36:45,169] {taskinstance.py:1377} INFO - Starting attempt 1 of 6
[2022-08-06 19:36:45,169] {taskinstance.py:1378} INFO - 
--------------------------------------------------------------------------------
[2022-08-06 19:36:45,185] {taskinstance.py:1397} INFO - Executing <Task(BashOperator): first_task> on 2021-10-11 00:00:00+00:00
[2022-08-06 19:36:45,190] {standard_task_runner.py:52} INFO - Started process 778 to run task
[2022-08-06 19:36:45,192] {standard_task_runner.py:79} INFO - Running: ['***', 'tasks', 'run', 'our_first_dag_v5', 'first_task', 'scheduled__2021-10-11T00:00:00+00:00', '--job-id', '220', '--raw', '--subdir', 'DAGS_FOLDER/pipeline.py', '--cfg-path', '/tmp/tmplwqh25u1', '--error-file', '/tmp/tmpcc6s5pub']
[2022-08-06 19:36:45,193] {standard_task_runner.py:80} INFO - Job 220: Subtask first_task
[2022-08-06 19:36:45,254] {task_command.py:371} INFO - Running <TaskInstance: our_first_dag_v5.first_task scheduled__2021-10-11T00:00:00+00:00 [running]> on host b29c168c1666
[2022-08-06 19:36:45,343] {taskinstance.py:1591} INFO - Exporting the following env vars:
AIRFLOW_CTX_DAG_OWNER=coder2j
AIRFLOW_CTX_DAG_ID=our_first_dag_v5
AIRFLOW_CTX_TASK_ID=first_task
AIRFLOW_CTX_EXECUTION_DATE=2021-10-11T00:00:00+00:00
AIRFLOW_CTX_TRY_NUMBER=1
AIRFLOW_CTX_DAG_RUN_ID=scheduled__2021-10-11T00:00:00+00:00
[2022-08-06 19:36:45,344] {subprocess.py:62} INFO - Tmp dir root location: 
 /tmp
[2022-08-06 19:36:45,345] {subprocess.py:74} INFO - Running command: ['bash', '-c', 'echo hello world, this is the first task!']
[2022-08-06 19:36:45,358] {subprocess.py:85} INFO - Output:
[2022-08-06 19:36:45,359] {subprocess.py:92} INFO - hello world, this is the first task!
[2022-08-06 19:36:45,360] {subprocess.py:96} INFO - Command exited with return code 0
[2022-08-06 19:36:45,392] {taskinstance.py:1420} INFO - Marking task as SUCCESS. dag_id=our_first_dag_v5, task_id=first_task, execution_date=20211011T000000, start_date=20220806T193645, end_date=20220806T193645
[2022-08-06 19:36:45,444] {local_task_job.py:156} INFO - Task exited with return code 0
[2022-08-06 19:36:45,492] {local_task_job.py:273} INFO - 2 downstream tasks scheduled from follow-on schedule check
[2022-08-06 21:50:37,791] {taskinstance.py:1179} INFO - Dependencies all met for <TaskInstance: our_first_dag_v5.first_task scheduled__2021-10-11T00:00:00+00:00 [queued]>
[2022-08-06 21:50:37,802] {taskinstance.py:1179} INFO - Dependencies all met for <TaskInstance: our_first_dag_v5.first_task scheduled__2021-10-11T00:00:00+00:00 [queued]>
[2022-08-06 21:50:37,802] {taskinstance.py:1376} INFO - 
--------------------------------------------------------------------------------
[2022-08-06 21:50:37,802] {taskinstance.py:1377} INFO - Starting attempt 1 of 6
[2022-08-06 21:50:37,802] {taskinstance.py:1378} INFO - 
--------------------------------------------------------------------------------
[2022-08-06 21:50:37,819] {taskinstance.py:1397} INFO - Executing <Task(BashOperator): first_task> on 2021-10-11 00:00:00+00:00
[2022-08-06 21:50:37,826] {standard_task_runner.py:52} INFO - Started process 973 to run task
[2022-08-06 21:50:37,829] {standard_task_runner.py:79} INFO - Running: ['***', 'tasks', 'run', 'our_first_dag_v5', 'first_task', 'scheduled__2021-10-11T00:00:00+00:00', '--job-id', '222', '--raw', '--subdir', 'DAGS_FOLDER/pipeline.py', '--cfg-path', '/tmp/tmpbw19xzx9', '--error-file', '/tmp/tmpps5snoee']
[2022-08-06 21:50:37,829] {standard_task_runner.py:80} INFO - Job 222: Subtask first_task
[2022-08-06 21:50:37,899] {task_command.py:371} INFO - Running <TaskInstance: our_first_dag_v5.first_task scheduled__2021-10-11T00:00:00+00:00 [running]> on host c3f731879890
[2022-08-06 21:50:38,003] {taskinstance.py:1591} INFO - Exporting the following env vars:
AIRFLOW_CTX_DAG_OWNER=coder2j
AIRFLOW_CTX_DAG_ID=our_first_dag_v5
AIRFLOW_CTX_TASK_ID=first_task
AIRFLOW_CTX_EXECUTION_DATE=2021-10-11T00:00:00+00:00
AIRFLOW_CTX_TRY_NUMBER=1
AIRFLOW_CTX_DAG_RUN_ID=scheduled__2021-10-11T00:00:00+00:00
[2022-08-06 21:50:38,004] {subprocess.py:62} INFO - Tmp dir root location: 
 /tmp
[2022-08-06 21:50:38,004] {subprocess.py:74} INFO - Running command: ['bash', '-c', 'echo hello world, this is the first task!']
[2022-08-06 21:50:38,020] {subprocess.py:85} INFO - Output:
[2022-08-06 21:50:38,022] {subprocess.py:92} INFO - hello world, this is the first task!
[2022-08-06 21:50:38,023] {subprocess.py:96} INFO - Command exited with return code 0
[2022-08-06 21:50:38,060] {taskinstance.py:1420} INFO - Marking task as SUCCESS. dag_id=our_first_dag_v5, task_id=first_task, execution_date=20211011T000000, start_date=20220806T215037, end_date=20220806T215038
[2022-08-06 21:50:38,120] {local_task_job.py:156} INFO - Task exited with return code 0
[2022-08-06 21:50:38,178] {local_task_job.py:273} INFO - 0 downstream tasks scheduled from follow-on schedule check
[2022-08-06 21:56:04,523] {taskinstance.py:1179} INFO - Dependencies all met for <TaskInstance: our_first_dag_v5.first_task scheduled__2021-10-11T00:00:00+00:00 [queued]>
[2022-08-06 21:56:04,540] {taskinstance.py:1179} INFO - Dependencies all met for <TaskInstance: our_first_dag_v5.first_task scheduled__2021-10-11T00:00:00+00:00 [queued]>
[2022-08-06 21:56:04,540] {taskinstance.py:1376} INFO - 
--------------------------------------------------------------------------------
[2022-08-06 21:56:04,540] {taskinstance.py:1377} INFO - Starting attempt 1 of 6
[2022-08-06 21:56:04,540] {taskinstance.py:1378} INFO - 
--------------------------------------------------------------------------------
[2022-08-06 21:56:04,558] {taskinstance.py:1397} INFO - Executing <Task(BashOperator): first_task> on 2021-10-11 00:00:00+00:00
[2022-08-06 21:56:04,565] {standard_task_runner.py:52} INFO - Started process 752 to run task
[2022-08-06 21:56:04,568] {standard_task_runner.py:79} INFO - Running: ['***', 'tasks', 'run', 'our_first_dag_v5', 'first_task', 'scheduled__2021-10-11T00:00:00+00:00', '--job-id', '217', '--raw', '--subdir', 'DAGS_FOLDER/pipeline.py', '--cfg-path', '/tmp/tmpjakl2umo', '--error-file', '/tmp/tmpdy_05n7v']
[2022-08-06 21:56:04,569] {standard_task_runner.py:80} INFO - Job 217: Subtask first_task
[2022-08-06 21:56:04,661] {task_command.py:371} INFO - Running <TaskInstance: our_first_dag_v5.first_task scheduled__2021-10-11T00:00:00+00:00 [running]> on host bc7e154a4fdd
[2022-08-06 21:56:04,760] {taskinstance.py:1591} INFO - Exporting the following env vars:
AIRFLOW_CTX_DAG_OWNER=coder2j
AIRFLOW_CTX_DAG_ID=our_first_dag_v5
AIRFLOW_CTX_TASK_ID=first_task
AIRFLOW_CTX_EXECUTION_DATE=2021-10-11T00:00:00+00:00
AIRFLOW_CTX_TRY_NUMBER=1
AIRFLOW_CTX_DAG_RUN_ID=scheduled__2021-10-11T00:00:00+00:00
[2022-08-06 21:56:04,761] {subprocess.py:62} INFO - Tmp dir root location: 
 /tmp
[2022-08-06 21:56:04,761] {subprocess.py:74} INFO - Running command: ['bash', '-c', 'echo hello world, this is the first task!']
[2022-08-06 21:56:04,775] {subprocess.py:85} INFO - Output:
[2022-08-06 21:56:04,777] {subprocess.py:92} INFO - hello world, this is the first task!
[2022-08-06 21:56:04,778] {subprocess.py:96} INFO - Command exited with return code 0
[2022-08-06 21:56:04,815] {taskinstance.py:1420} INFO - Marking task as SUCCESS. dag_id=our_first_dag_v5, task_id=first_task, execution_date=20211011T000000, start_date=20220806T215604, end_date=20220806T215604
[2022-08-06 21:56:04,861] {local_task_job.py:156} INFO - Task exited with return code 0
[2022-08-06 21:56:04,908] {local_task_job.py:273} INFO - 2 downstream tasks scheduled from follow-on schedule check
[2022-08-06 22:11:07,520] {taskinstance.py:1179} INFO - Dependencies all met for <TaskInstance: our_first_dag_v5.first_task scheduled__2021-10-11T00:00:00+00:00 [queued]>
[2022-08-06 22:11:07,533] {taskinstance.py:1179} INFO - Dependencies all met for <TaskInstance: our_first_dag_v5.first_task scheduled__2021-10-11T00:00:00+00:00 [queued]>
[2022-08-06 22:11:07,534] {taskinstance.py:1376} INFO - 
--------------------------------------------------------------------------------
[2022-08-06 22:11:07,534] {taskinstance.py:1377} INFO - Starting attempt 1 of 6
[2022-08-06 22:11:07,534] {taskinstance.py:1378} INFO - 
--------------------------------------------------------------------------------
[2022-08-06 22:11:07,553] {taskinstance.py:1397} INFO - Executing <Task(BashOperator): first_task> on 2021-10-11 00:00:00+00:00
[2022-08-06 22:11:07,560] {standard_task_runner.py:52} INFO - Started process 760 to run task
[2022-08-06 22:11:07,563] {standard_task_runner.py:79} INFO - Running: ['***', 'tasks', 'run', 'our_first_dag_v5', 'first_task', 'scheduled__2021-10-11T00:00:00+00:00', '--job-id', '216', '--raw', '--subdir', 'DAGS_FOLDER/pipeline.py', '--cfg-path', '/tmp/tmpqbtb8y73', '--error-file', '/tmp/tmpzl5m1oil']
[2022-08-06 22:11:07,564] {standard_task_runner.py:80} INFO - Job 216: Subtask first_task
[2022-08-06 22:11:07,632] {task_command.py:371} INFO - Running <TaskInstance: our_first_dag_v5.first_task scheduled__2021-10-11T00:00:00+00:00 [running]> on host 1250c3b659cd
[2022-08-06 22:11:07,710] {taskinstance.py:1591} INFO - Exporting the following env vars:
AIRFLOW_CTX_DAG_OWNER=coder2j
AIRFLOW_CTX_DAG_ID=our_first_dag_v5
AIRFLOW_CTX_TASK_ID=first_task
AIRFLOW_CTX_EXECUTION_DATE=2021-10-11T00:00:00+00:00
AIRFLOW_CTX_TRY_NUMBER=1
AIRFLOW_CTX_DAG_RUN_ID=scheduled__2021-10-11T00:00:00+00:00
[2022-08-06 22:11:07,711] {subprocess.py:62} INFO - Tmp dir root location: 
 /tmp
[2022-08-06 22:11:07,711] {subprocess.py:74} INFO - Running command: ['bash', '-c', 'echo hello world, this is the first task!']
[2022-08-06 22:11:07,723] {subprocess.py:85} INFO - Output:
[2022-08-06 22:11:07,725] {subprocess.py:92} INFO - hello world, this is the first task!
[2022-08-06 22:11:07,725] {subprocess.py:96} INFO - Command exited with return code 0
[2022-08-06 22:11:07,810] {taskinstance.py:1420} INFO - Marking task as SUCCESS. dag_id=our_first_dag_v5, task_id=first_task, execution_date=20211011T000000, start_date=20220806T221107, end_date=20220806T221107
[2022-08-06 22:11:07,855] {local_task_job.py:156} INFO - Task exited with return code 0
[2022-08-06 22:11:07,910] {local_task_job.py:273} INFO - 2 downstream tasks scheduled from follow-on schedule check
[2022-08-06 22:18:53,345] {taskinstance.py:1179} INFO - Dependencies all met for <TaskInstance: our_first_dag_v5.first_task scheduled__2021-10-11T00:00:00+00:00 [queued]>
[2022-08-06 22:18:53,366] {taskinstance.py:1179} INFO - Dependencies all met for <TaskInstance: our_first_dag_v5.first_task scheduled__2021-10-11T00:00:00+00:00 [queued]>
[2022-08-06 22:18:53,366] {taskinstance.py:1376} INFO - 
--------------------------------------------------------------------------------
[2022-08-06 22:18:53,366] {taskinstance.py:1377} INFO - Starting attempt 1 of 6
[2022-08-06 22:18:53,366] {taskinstance.py:1378} INFO - 
--------------------------------------------------------------------------------
[2022-08-06 22:18:53,390] {taskinstance.py:1397} INFO - Executing <Task(BashOperator): first_task> on 2021-10-11 00:00:00+00:00
[2022-08-06 22:18:53,396] {standard_task_runner.py:52} INFO - Started process 774 to run task
[2022-08-06 22:18:53,399] {standard_task_runner.py:79} INFO - Running: ['***', 'tasks', 'run', 'our_first_dag_v5', 'first_task', 'scheduled__2021-10-11T00:00:00+00:00', '--job-id', '218', '--raw', '--subdir', 'DAGS_FOLDER/pipeline.py', '--cfg-path', '/tmp/tmpw7x7f_n6', '--error-file', '/tmp/tmpletm2ezz']
[2022-08-06 22:18:53,399] {standard_task_runner.py:80} INFO - Job 218: Subtask first_task
[2022-08-06 22:18:53,473] {task_command.py:371} INFO - Running <TaskInstance: our_first_dag_v5.first_task scheduled__2021-10-11T00:00:00+00:00 [running]> on host ed53bde1c44a
[2022-08-06 22:18:53,581] {taskinstance.py:1591} INFO - Exporting the following env vars:
AIRFLOW_CTX_DAG_OWNER=coder2j
AIRFLOW_CTX_DAG_ID=our_first_dag_v5
AIRFLOW_CTX_TASK_ID=first_task
AIRFLOW_CTX_EXECUTION_DATE=2021-10-11T00:00:00+00:00
AIRFLOW_CTX_TRY_NUMBER=1
AIRFLOW_CTX_DAG_RUN_ID=scheduled__2021-10-11T00:00:00+00:00
[2022-08-06 22:18:53,582] {subprocess.py:62} INFO - Tmp dir root location: 
 /tmp
[2022-08-06 22:18:53,582] {subprocess.py:74} INFO - Running command: ['bash', '-c', 'echo hello world, this is the first task!']
[2022-08-06 22:18:53,598] {subprocess.py:85} INFO - Output:
[2022-08-06 22:18:53,600] {subprocess.py:92} INFO - hello world, this is the first task!
[2022-08-06 22:18:53,600] {subprocess.py:96} INFO - Command exited with return code 0
[2022-08-06 22:18:53,684] {taskinstance.py:1420} INFO - Marking task as SUCCESS. dag_id=our_first_dag_v5, task_id=first_task, execution_date=20211011T000000, start_date=20220806T221853, end_date=20220806T221853
[2022-08-06 22:18:53,730] {local_task_job.py:156} INFO - Task exited with return code 0
[2022-08-06 22:18:53,790] {local_task_job.py:273} INFO - 2 downstream tasks scheduled from follow-on schedule check
[2022-08-06 22:22:27,960] {taskinstance.py:1179} INFO - Dependencies all met for <TaskInstance: our_first_dag_v5.first_task scheduled__2021-10-11T00:00:00+00:00 [queued]>
[2022-08-06 22:22:27,972] {taskinstance.py:1179} INFO - Dependencies all met for <TaskInstance: our_first_dag_v5.first_task scheduled__2021-10-11T00:00:00+00:00 [queued]>
[2022-08-06 22:22:27,972] {taskinstance.py:1376} INFO - 
--------------------------------------------------------------------------------
[2022-08-06 22:22:27,972] {taskinstance.py:1377} INFO - Starting attempt 1 of 6
[2022-08-06 22:22:27,972] {taskinstance.py:1378} INFO - 
--------------------------------------------------------------------------------
[2022-08-06 22:22:27,986] {taskinstance.py:1397} INFO - Executing <Task(BashOperator): first_task> on 2021-10-11 00:00:00+00:00
[2022-08-06 22:22:27,992] {standard_task_runner.py:52} INFO - Started process 807 to run task
[2022-08-06 22:22:27,995] {standard_task_runner.py:79} INFO - Running: ['***', 'tasks', 'run', 'our_first_dag_v5', 'first_task', 'scheduled__2021-10-11T00:00:00+00:00', '--job-id', '217', '--raw', '--subdir', 'DAGS_FOLDER/pipeline.py', '--cfg-path', '/tmp/tmpz2no_kz5', '--error-file', '/tmp/tmphc25c7ak']
[2022-08-06 22:22:27,995] {standard_task_runner.py:80} INFO - Job 217: Subtask first_task
[2022-08-06 22:22:28,069] {task_command.py:371} INFO - Running <TaskInstance: our_first_dag_v5.first_task scheduled__2021-10-11T00:00:00+00:00 [running]> on host b215076695c3
[2022-08-06 22:22:28,162] {taskinstance.py:1591} INFO - Exporting the following env vars:
AIRFLOW_CTX_DAG_OWNER=coder2j
AIRFLOW_CTX_DAG_ID=our_first_dag_v5
AIRFLOW_CTX_TASK_ID=first_task
AIRFLOW_CTX_EXECUTION_DATE=2021-10-11T00:00:00+00:00
AIRFLOW_CTX_TRY_NUMBER=1
AIRFLOW_CTX_DAG_RUN_ID=scheduled__2021-10-11T00:00:00+00:00
[2022-08-06 22:22:28,163] {subprocess.py:62} INFO - Tmp dir root location: 
 /tmp
[2022-08-06 22:22:28,163] {subprocess.py:74} INFO - Running command: ['bash', '-c', 'echo hello world, this is the first task!']
[2022-08-06 22:22:28,177] {subprocess.py:85} INFO - Output:
[2022-08-06 22:22:28,179] {subprocess.py:92} INFO - hello world, this is the first task!
[2022-08-06 22:22:28,179] {subprocess.py:96} INFO - Command exited with return code 0
[2022-08-06 22:22:28,213] {taskinstance.py:1420} INFO - Marking task as SUCCESS. dag_id=our_first_dag_v5, task_id=first_task, execution_date=20211011T000000, start_date=20220806T222227, end_date=20220806T222228
[2022-08-06 22:22:28,246] {local_task_job.py:156} INFO - Task exited with return code 0
[2022-08-06 22:22:28,327] {local_task_job.py:273} INFO - 2 downstream tasks scheduled from follow-on schedule check
