[2022-08-06 19:38:33,028] {taskinstance.py:1179} INFO - Dependencies all met for <TaskInstance: our_first_dag_v5.second_task scheduled__2022-04-03T00:00:00+00:00 [queued]>
[2022-08-06 19:38:33,048] {taskinstance.py:1179} INFO - Dependencies all met for <TaskInstance: our_first_dag_v5.second_task scheduled__2022-04-03T00:00:00+00:00 [queued]>
[2022-08-06 19:38:33,048] {taskinstance.py:1376} INFO - 
--------------------------------------------------------------------------------
[2022-08-06 19:38:33,048] {taskinstance.py:1377} INFO - Starting attempt 1 of 6
[2022-08-06 19:38:33,048] {taskinstance.py:1378} INFO - 
--------------------------------------------------------------------------------
[2022-08-06 19:38:33,063] {taskinstance.py:1397} INFO - Executing <Task(BashOperator): second_task> on 2022-04-03 00:00:00+00:00
[2022-08-06 19:38:33,085] {standard_task_runner.py:52} INFO - Started process 2441 to run task
[2022-08-06 19:38:33,090] {standard_task_runner.py:79} INFO - Running: ['***', 'tasks', 'run', 'our_first_dag_v5', 'second_task', 'scheduled__2022-04-03T00:00:00+00:00', '--job-id', '748', '--raw', '--subdir', 'DAGS_FOLDER/pipeline.py', '--cfg-path', '/tmp/tmps4h2n_uv', '--error-file', '/tmp/tmpqkc2al1d']
[2022-08-06 19:38:33,091] {standard_task_runner.py:80} INFO - Job 748: Subtask second_task
[2022-08-06 19:38:33,190] {task_command.py:371} INFO - Running <TaskInstance: our_first_dag_v5.second_task scheduled__2022-04-03T00:00:00+00:00 [running]> on host b29c168c1666
[2022-08-06 19:38:33,303] {taskinstance.py:1591} INFO - Exporting the following env vars:
AIRFLOW_CTX_DAG_OWNER=coder2j
AIRFLOW_CTX_DAG_ID=our_first_dag_v5
AIRFLOW_CTX_TASK_ID=second_task
AIRFLOW_CTX_EXECUTION_DATE=2022-04-03T00:00:00+00:00
AIRFLOW_CTX_TRY_NUMBER=1
AIRFLOW_CTX_DAG_RUN_ID=scheduled__2022-04-03T00:00:00+00:00
[2022-08-06 19:38:33,305] {subprocess.py:62} INFO - Tmp dir root location: 
 /tmp
[2022-08-06 19:38:33,305] {subprocess.py:74} INFO - Running command: ['bash', '-c', 'echo hey, I am task2 and will be running after task1!']
[2022-08-06 19:38:33,323] {subprocess.py:85} INFO - Output:
[2022-08-06 19:38:33,325] {subprocess.py:92} INFO - hey, I am task2 and will be running after task1!
[2022-08-06 19:38:33,325] {subprocess.py:96} INFO - Command exited with return code 0
[2022-08-06 19:38:33,385] {taskinstance.py:1420} INFO - Marking task as SUCCESS. dag_id=our_first_dag_v5, task_id=second_task, execution_date=20220403T000000, start_date=20220806T193833, end_date=20220806T193833
[2022-08-06 19:38:33,420] {local_task_job.py:156} INFO - Task exited with return code 0
[2022-08-06 19:38:33,461] {local_task_job.py:273} INFO - 0 downstream tasks scheduled from follow-on schedule check
[2022-08-06 21:52:25,195] {taskinstance.py:1179} INFO - Dependencies all met for <TaskInstance: our_first_dag_v5.second_task scheduled__2022-04-03T00:00:00+00:00 [queued]>
[2022-08-06 21:52:25,208] {taskinstance.py:1179} INFO - Dependencies all met for <TaskInstance: our_first_dag_v5.second_task scheduled__2022-04-03T00:00:00+00:00 [queued]>
[2022-08-06 21:52:25,208] {taskinstance.py:1376} INFO - 
--------------------------------------------------------------------------------
[2022-08-06 21:52:25,209] {taskinstance.py:1377} INFO - Starting attempt 1 of 6
[2022-08-06 21:52:25,209] {taskinstance.py:1378} INFO - 
--------------------------------------------------------------------------------
[2022-08-06 21:52:25,230] {taskinstance.py:1397} INFO - Executing <Task(BashOperator): second_task> on 2022-04-03 00:00:00+00:00
[2022-08-06 21:52:25,238] {standard_task_runner.py:52} INFO - Started process 2632 to run task
[2022-08-06 21:52:25,241] {standard_task_runner.py:79} INFO - Running: ['***', 'tasks', 'run', 'our_first_dag_v5', 'second_task', 'scheduled__2022-04-03T00:00:00+00:00', '--job-id', '747', '--raw', '--subdir', 'DAGS_FOLDER/pipeline.py', '--cfg-path', '/tmp/tmpbnz50g03', '--error-file', '/tmp/tmp_bmmwpzp']
[2022-08-06 21:52:25,241] {standard_task_runner.py:80} INFO - Job 747: Subtask second_task
[2022-08-06 21:52:25,318] {task_command.py:371} INFO - Running <TaskInstance: our_first_dag_v5.second_task scheduled__2022-04-03T00:00:00+00:00 [running]> on host c3f731879890
[2022-08-06 21:52:25,420] {taskinstance.py:1591} INFO - Exporting the following env vars:
AIRFLOW_CTX_DAG_OWNER=coder2j
AIRFLOW_CTX_DAG_ID=our_first_dag_v5
AIRFLOW_CTX_TASK_ID=second_task
AIRFLOW_CTX_EXECUTION_DATE=2022-04-03T00:00:00+00:00
AIRFLOW_CTX_TRY_NUMBER=1
AIRFLOW_CTX_DAG_RUN_ID=scheduled__2022-04-03T00:00:00+00:00
[2022-08-06 21:52:25,421] {subprocess.py:62} INFO - Tmp dir root location: 
 /tmp
[2022-08-06 21:52:25,422] {subprocess.py:74} INFO - Running command: ['bash', '-c', 'echo hey, I am task2 and will be running after task1!']
[2022-08-06 21:52:25,436] {subprocess.py:85} INFO - Output:
[2022-08-06 21:52:25,437] {subprocess.py:92} INFO - hey, I am task2 and will be running after task1!
[2022-08-06 21:52:25,438] {subprocess.py:96} INFO - Command exited with return code 0
[2022-08-06 21:52:25,477] {taskinstance.py:1420} INFO - Marking task as SUCCESS. dag_id=our_first_dag_v5, task_id=second_task, execution_date=20220403T000000, start_date=20220806T215225, end_date=20220806T215225
[2022-08-06 21:52:25,532] {local_task_job.py:156} INFO - Task exited with return code 0
[2022-08-06 21:52:25,570] {local_task_job.py:273} INFO - 0 downstream tasks scheduled from follow-on schedule check
[2022-08-06 21:57:51,145] {taskinstance.py:1179} INFO - Dependencies all met for <TaskInstance: our_first_dag_v5.second_task scheduled__2022-04-03T00:00:00+00:00 [queued]>
[2022-08-06 21:57:51,157] {taskinstance.py:1179} INFO - Dependencies all met for <TaskInstance: our_first_dag_v5.second_task scheduled__2022-04-03T00:00:00+00:00 [queued]>
[2022-08-06 21:57:51,157] {taskinstance.py:1376} INFO - 
--------------------------------------------------------------------------------
[2022-08-06 21:57:51,157] {taskinstance.py:1377} INFO - Starting attempt 1 of 6
[2022-08-06 21:57:51,157] {taskinstance.py:1378} INFO - 
--------------------------------------------------------------------------------
[2022-08-06 21:57:51,174] {taskinstance.py:1397} INFO - Executing <Task(BashOperator): second_task> on 2022-04-03 00:00:00+00:00
[2022-08-06 21:57:51,181] {standard_task_runner.py:52} INFO - Started process 2431 to run task
[2022-08-06 21:57:51,184] {standard_task_runner.py:79} INFO - Running: ['***', 'tasks', 'run', 'our_first_dag_v5', 'second_task', 'scheduled__2022-04-03T00:00:00+00:00', '--job-id', '751', '--raw', '--subdir', 'DAGS_FOLDER/pipeline.py', '--cfg-path', '/tmp/tmp6oimyilk', '--error-file', '/tmp/tmpb7__pj1i']
[2022-08-06 21:57:51,185] {standard_task_runner.py:80} INFO - Job 751: Subtask second_task
[2022-08-06 21:57:51,280] {task_command.py:371} INFO - Running <TaskInstance: our_first_dag_v5.second_task scheduled__2022-04-03T00:00:00+00:00 [running]> on host bc7e154a4fdd
[2022-08-06 21:57:51,436] {taskinstance.py:1591} INFO - Exporting the following env vars:
AIRFLOW_CTX_DAG_OWNER=coder2j
AIRFLOW_CTX_DAG_ID=our_first_dag_v5
AIRFLOW_CTX_TASK_ID=second_task
AIRFLOW_CTX_EXECUTION_DATE=2022-04-03T00:00:00+00:00
AIRFLOW_CTX_TRY_NUMBER=1
AIRFLOW_CTX_DAG_RUN_ID=scheduled__2022-04-03T00:00:00+00:00
[2022-08-06 21:57:51,438] {subprocess.py:62} INFO - Tmp dir root location: 
 /tmp
[2022-08-06 21:57:51,438] {subprocess.py:74} INFO - Running command: ['bash', '-c', 'echo hey, I am task2 and will be running after task1!']
[2022-08-06 21:57:51,460] {subprocess.py:85} INFO - Output:
[2022-08-06 21:57:51,462] {subprocess.py:92} INFO - hey, I am task2 and will be running after task1!
[2022-08-06 21:57:51,462] {subprocess.py:96} INFO - Command exited with return code 0
[2022-08-06 21:57:51,508] {taskinstance.py:1420} INFO - Marking task as SUCCESS. dag_id=our_first_dag_v5, task_id=second_task, execution_date=20220403T000000, start_date=20220806T215751, end_date=20220806T215751
[2022-08-06 21:57:51,563] {local_task_job.py:156} INFO - Task exited with return code 0
[2022-08-06 21:57:51,638] {local_task_job.py:273} INFO - 0 downstream tasks scheduled from follow-on schedule check
[2022-08-06 22:12:51,357] {taskinstance.py:1179} INFO - Dependencies all met for <TaskInstance: our_first_dag_v5.second_task scheduled__2022-04-03T00:00:00+00:00 [queued]>
[2022-08-06 22:12:51,378] {taskinstance.py:1179} INFO - Dependencies all met for <TaskInstance: our_first_dag_v5.second_task scheduled__2022-04-03T00:00:00+00:00 [queued]>
[2022-08-06 22:12:51,378] {taskinstance.py:1376} INFO - 
--------------------------------------------------------------------------------
[2022-08-06 22:12:51,378] {taskinstance.py:1377} INFO - Starting attempt 1 of 6
[2022-08-06 22:12:51,378] {taskinstance.py:1378} INFO - 
--------------------------------------------------------------------------------
[2022-08-06 22:12:51,399] {taskinstance.py:1397} INFO - Executing <Task(BashOperator): second_task> on 2022-04-03 00:00:00+00:00
[2022-08-06 22:12:51,408] {standard_task_runner.py:52} INFO - Started process 2441 to run task
[2022-08-06 22:12:51,412] {standard_task_runner.py:79} INFO - Running: ['***', 'tasks', 'run', 'our_first_dag_v5', 'second_task', 'scheduled__2022-04-03T00:00:00+00:00', '--job-id', '749', '--raw', '--subdir', 'DAGS_FOLDER/pipeline.py', '--cfg-path', '/tmp/tmpd0zy4q3q', '--error-file', '/tmp/tmp280z64ao']
[2022-08-06 22:12:51,413] {standard_task_runner.py:80} INFO - Job 749: Subtask second_task
[2022-08-06 22:12:51,518] {task_command.py:371} INFO - Running <TaskInstance: our_first_dag_v5.second_task scheduled__2022-04-03T00:00:00+00:00 [running]> on host 1250c3b659cd
[2022-08-06 22:12:51,634] {taskinstance.py:1591} INFO - Exporting the following env vars:
AIRFLOW_CTX_DAG_OWNER=coder2j
AIRFLOW_CTX_DAG_ID=our_first_dag_v5
AIRFLOW_CTX_TASK_ID=second_task
AIRFLOW_CTX_EXECUTION_DATE=2022-04-03T00:00:00+00:00
AIRFLOW_CTX_TRY_NUMBER=1
AIRFLOW_CTX_DAG_RUN_ID=scheduled__2022-04-03T00:00:00+00:00
[2022-08-06 22:12:51,635] {subprocess.py:62} INFO - Tmp dir root location: 
 /tmp
[2022-08-06 22:12:51,636] {subprocess.py:74} INFO - Running command: ['bash', '-c', 'echo hey, I am task2 and will be running after task1!']
[2022-08-06 22:12:51,651] {subprocess.py:85} INFO - Output:
[2022-08-06 22:12:51,653] {subprocess.py:92} INFO - hey, I am task2 and will be running after task1!
[2022-08-06 22:12:51,654] {subprocess.py:96} INFO - Command exited with return code 0
[2022-08-06 22:12:51,697] {taskinstance.py:1420} INFO - Marking task as SUCCESS. dag_id=our_first_dag_v5, task_id=second_task, execution_date=20220403T000000, start_date=20220806T221251, end_date=20220806T221251
[2022-08-06 22:12:51,748] {local_task_job.py:156} INFO - Task exited with return code 0
[2022-08-06 22:12:51,785] {local_task_job.py:273} INFO - 0 downstream tasks scheduled from follow-on schedule check
[2022-08-06 22:24:09,635] {taskinstance.py:1179} INFO - Dependencies all met for <TaskInstance: our_first_dag_v5.second_task scheduled__2022-04-03T00:00:00+00:00 [queued]>
[2022-08-06 22:24:09,645] {taskinstance.py:1179} INFO - Dependencies all met for <TaskInstance: our_first_dag_v5.second_task scheduled__2022-04-03T00:00:00+00:00 [queued]>
[2022-08-06 22:24:09,645] {taskinstance.py:1376} INFO - 
--------------------------------------------------------------------------------
[2022-08-06 22:24:09,645] {taskinstance.py:1377} INFO - Starting attempt 1 of 6
[2022-08-06 22:24:09,645] {taskinstance.py:1378} INFO - 
--------------------------------------------------------------------------------
[2022-08-06 22:24:09,659] {taskinstance.py:1397} INFO - Executing <Task(BashOperator): second_task> on 2022-04-03 00:00:00+00:00
[2022-08-06 22:24:09,664] {standard_task_runner.py:52} INFO - Started process 2480 to run task
[2022-08-06 22:24:09,667] {standard_task_runner.py:79} INFO - Running: ['***', 'tasks', 'run', 'our_first_dag_v5', 'second_task', 'scheduled__2022-04-03T00:00:00+00:00', '--job-id', '749', '--raw', '--subdir', 'DAGS_FOLDER/pipeline.py', '--cfg-path', '/tmp/tmpy8azvhrv', '--error-file', '/tmp/tmpxo58fjwg']
[2022-08-06 22:24:09,667] {standard_task_runner.py:80} INFO - Job 749: Subtask second_task
[2022-08-06 22:24:09,725] {task_command.py:371} INFO - Running <TaskInstance: our_first_dag_v5.second_task scheduled__2022-04-03T00:00:00+00:00 [running]> on host b215076695c3
[2022-08-06 22:24:09,796] {taskinstance.py:1591} INFO - Exporting the following env vars:
AIRFLOW_CTX_DAG_OWNER=coder2j
AIRFLOW_CTX_DAG_ID=our_first_dag_v5
AIRFLOW_CTX_TASK_ID=second_task
AIRFLOW_CTX_EXECUTION_DATE=2022-04-03T00:00:00+00:00
AIRFLOW_CTX_TRY_NUMBER=1
AIRFLOW_CTX_DAG_RUN_ID=scheduled__2022-04-03T00:00:00+00:00
[2022-08-06 22:24:09,797] {subprocess.py:62} INFO - Tmp dir root location: 
 /tmp
[2022-08-06 22:24:09,798] {subprocess.py:74} INFO - Running command: ['bash', '-c', 'echo hey, I am task2 and will be running after task1!']
[2022-08-06 22:24:09,809] {subprocess.py:85} INFO - Output:
[2022-08-06 22:24:09,810] {subprocess.py:92} INFO - hey, I am task2 and will be running after task1!
[2022-08-06 22:24:09,811] {subprocess.py:96} INFO - Command exited with return code 0
[2022-08-06 22:24:09,838] {taskinstance.py:1420} INFO - Marking task as SUCCESS. dag_id=our_first_dag_v5, task_id=second_task, execution_date=20220403T000000, start_date=20220806T222409, end_date=20220806T222409
[2022-08-06 22:24:09,878] {local_task_job.py:156} INFO - Task exited with return code 0
[2022-08-06 22:24:09,903] {local_task_job.py:273} INFO - 0 downstream tasks scheduled from follow-on schedule check
