[2022-08-06 19:39:06,472] {taskinstance.py:1179} INFO - Dependencies all met for <TaskInstance: our_first_dag_v5.second_task scheduled__2022-05-31T00:00:00+00:00 [queued]>
[2022-08-06 19:39:06,489] {taskinstance.py:1179} INFO - Dependencies all met for <TaskInstance: our_first_dag_v5.second_task scheduled__2022-05-31T00:00:00+00:00 [queued]>
[2022-08-06 19:39:06,489] {taskinstance.py:1376} INFO - 
--------------------------------------------------------------------------------
[2022-08-06 19:39:06,490] {taskinstance.py:1377} INFO - Starting attempt 1 of 6
[2022-08-06 19:39:06,490] {taskinstance.py:1378} INFO - 
--------------------------------------------------------------------------------
[2022-08-06 19:39:06,507] {taskinstance.py:1397} INFO - Executing <Task(BashOperator): second_task> on 2022-05-31 00:00:00+00:00
[2022-08-06 19:39:06,513] {standard_task_runner.py:52} INFO - Started process 2988 to run task
[2022-08-06 19:39:06,516] {standard_task_runner.py:79} INFO - Running: ['***', 'tasks', 'run', 'our_first_dag_v5', 'second_task', 'scheduled__2022-05-31T00:00:00+00:00', '--job-id', '921', '--raw', '--subdir', 'DAGS_FOLDER/pipeline.py', '--cfg-path', '/tmp/tmplxj5l9uq', '--error-file', '/tmp/tmp2328fqcw']
[2022-08-06 19:39:06,516] {standard_task_runner.py:80} INFO - Job 921: Subtask second_task
[2022-08-06 19:39:06,606] {task_command.py:371} INFO - Running <TaskInstance: our_first_dag_v5.second_task scheduled__2022-05-31T00:00:00+00:00 [running]> on host b29c168c1666
[2022-08-06 19:39:06,735] {taskinstance.py:1591} INFO - Exporting the following env vars:
AIRFLOW_CTX_DAG_OWNER=coder2j
AIRFLOW_CTX_DAG_ID=our_first_dag_v5
AIRFLOW_CTX_TASK_ID=second_task
AIRFLOW_CTX_EXECUTION_DATE=2022-05-31T00:00:00+00:00
AIRFLOW_CTX_TRY_NUMBER=1
AIRFLOW_CTX_DAG_RUN_ID=scheduled__2022-05-31T00:00:00+00:00
[2022-08-06 19:39:06,736] {subprocess.py:62} INFO - Tmp dir root location: 
 /tmp
[2022-08-06 19:39:06,737] {subprocess.py:74} INFO - Running command: ['bash', '-c', 'echo hey, I am task2 and will be running after task1!']
[2022-08-06 19:39:06,752] {subprocess.py:85} INFO - Output:
[2022-08-06 19:39:06,753] {subprocess.py:92} INFO - hey, I am task2 and will be running after task1!
[2022-08-06 19:39:06,754] {subprocess.py:96} INFO - Command exited with return code 0
[2022-08-06 19:39:06,789] {taskinstance.py:1420} INFO - Marking task as SUCCESS. dag_id=our_first_dag_v5, task_id=second_task, execution_date=20220531T000000, start_date=20220806T193906, end_date=20220806T193906
[2022-08-06 19:39:06,812] {local_task_job.py:156} INFO - Task exited with return code 0
[2022-08-06 19:39:06,847] {local_task_job.py:273} INFO - 0 downstream tasks scheduled from follow-on schedule check
[2022-08-06 21:52:57,536] {taskinstance.py:1179} INFO - Dependencies all met for <TaskInstance: our_first_dag_v5.second_task scheduled__2022-05-31T00:00:00+00:00 [queued]>
[2022-08-06 21:52:57,548] {taskinstance.py:1179} INFO - Dependencies all met for <TaskInstance: our_first_dag_v5.second_task scheduled__2022-05-31T00:00:00+00:00 [queued]>
[2022-08-06 21:52:57,548] {taskinstance.py:1376} INFO - 
--------------------------------------------------------------------------------
[2022-08-06 21:52:57,548] {taskinstance.py:1377} INFO - Starting attempt 1 of 6
[2022-08-06 21:52:57,548] {taskinstance.py:1378} INFO - 
--------------------------------------------------------------------------------
[2022-08-06 21:52:57,563] {taskinstance.py:1397} INFO - Executing <Task(BashOperator): second_task> on 2022-05-31 00:00:00+00:00
[2022-08-06 21:52:57,569] {standard_task_runner.py:52} INFO - Started process 3163 to run task
[2022-08-06 21:52:57,572] {standard_task_runner.py:79} INFO - Running: ['***', 'tasks', 'run', 'our_first_dag_v5', 'second_task', 'scheduled__2022-05-31T00:00:00+00:00', '--job-id', '920', '--raw', '--subdir', 'DAGS_FOLDER/pipeline.py', '--cfg-path', '/tmp/tmpj5n0bwwb', '--error-file', '/tmp/tmp8dohcc1w']
[2022-08-06 21:52:57,572] {standard_task_runner.py:80} INFO - Job 920: Subtask second_task
[2022-08-06 21:52:57,632] {task_command.py:371} INFO - Running <TaskInstance: our_first_dag_v5.second_task scheduled__2022-05-31T00:00:00+00:00 [running]> on host c3f731879890
[2022-08-06 21:52:57,709] {taskinstance.py:1591} INFO - Exporting the following env vars:
AIRFLOW_CTX_DAG_OWNER=coder2j
AIRFLOW_CTX_DAG_ID=our_first_dag_v5
AIRFLOW_CTX_TASK_ID=second_task
AIRFLOW_CTX_EXECUTION_DATE=2022-05-31T00:00:00+00:00
AIRFLOW_CTX_TRY_NUMBER=1
AIRFLOW_CTX_DAG_RUN_ID=scheduled__2022-05-31T00:00:00+00:00
[2022-08-06 21:52:57,710] {subprocess.py:62} INFO - Tmp dir root location: 
 /tmp
[2022-08-06 21:52:57,710] {subprocess.py:74} INFO - Running command: ['bash', '-c', 'echo hey, I am task2 and will be running after task1!']
[2022-08-06 21:52:57,723] {subprocess.py:85} INFO - Output:
[2022-08-06 21:52:57,724] {subprocess.py:92} INFO - hey, I am task2 and will be running after task1!
[2022-08-06 21:52:57,725] {subprocess.py:96} INFO - Command exited with return code 0
[2022-08-06 21:52:57,755] {taskinstance.py:1420} INFO - Marking task as SUCCESS. dag_id=our_first_dag_v5, task_id=second_task, execution_date=20220531T000000, start_date=20220806T215257, end_date=20220806T215257
[2022-08-06 21:52:57,783] {local_task_job.py:156} INFO - Task exited with return code 0
[2022-08-06 21:52:57,810] {local_task_job.py:273} INFO - 0 downstream tasks scheduled from follow-on schedule check
[2022-08-06 21:58:25,144] {taskinstance.py:1179} INFO - Dependencies all met for <TaskInstance: our_first_dag_v5.second_task scheduled__2022-05-31T00:00:00+00:00 [queued]>
[2022-08-06 21:58:25,161] {taskinstance.py:1179} INFO - Dependencies all met for <TaskInstance: our_first_dag_v5.second_task scheduled__2022-05-31T00:00:00+00:00 [queued]>
[2022-08-06 21:58:25,161] {taskinstance.py:1376} INFO - 
--------------------------------------------------------------------------------
[2022-08-06 21:58:25,161] {taskinstance.py:1377} INFO - Starting attempt 1 of 6
[2022-08-06 21:58:25,161] {taskinstance.py:1378} INFO - 
--------------------------------------------------------------------------------
[2022-08-06 21:58:25,184] {taskinstance.py:1397} INFO - Executing <Task(BashOperator): second_task> on 2022-05-31 00:00:00+00:00
[2022-08-06 21:58:25,192] {standard_task_runner.py:52} INFO - Started process 2973 to run task
[2022-08-06 21:58:25,195] {standard_task_runner.py:79} INFO - Running: ['***', 'tasks', 'run', 'our_first_dag_v5', 'second_task', 'scheduled__2022-05-31T00:00:00+00:00', '--job-id', '922', '--raw', '--subdir', 'DAGS_FOLDER/pipeline.py', '--cfg-path', '/tmp/tmp3gigf533', '--error-file', '/tmp/tmpm5r74a11']
[2022-08-06 21:58:25,195] {standard_task_runner.py:80} INFO - Job 922: Subtask second_task
[2022-08-06 21:58:25,290] {task_command.py:371} INFO - Running <TaskInstance: our_first_dag_v5.second_task scheduled__2022-05-31T00:00:00+00:00 [running]> on host bc7e154a4fdd
[2022-08-06 21:58:25,393] {taskinstance.py:1591} INFO - Exporting the following env vars:
AIRFLOW_CTX_DAG_OWNER=coder2j
AIRFLOW_CTX_DAG_ID=our_first_dag_v5
AIRFLOW_CTX_TASK_ID=second_task
AIRFLOW_CTX_EXECUTION_DATE=2022-05-31T00:00:00+00:00
AIRFLOW_CTX_TRY_NUMBER=1
AIRFLOW_CTX_DAG_RUN_ID=scheduled__2022-05-31T00:00:00+00:00
[2022-08-06 21:58:25,394] {subprocess.py:62} INFO - Tmp dir root location: 
 /tmp
[2022-08-06 21:58:25,395] {subprocess.py:74} INFO - Running command: ['bash', '-c', 'echo hey, I am task2 and will be running after task1!']
[2022-08-06 21:58:25,411] {subprocess.py:85} INFO - Output:
[2022-08-06 21:58:25,413] {subprocess.py:92} INFO - hey, I am task2 and will be running after task1!
[2022-08-06 21:58:25,413] {subprocess.py:96} INFO - Command exited with return code 0
[2022-08-06 21:58:25,457] {taskinstance.py:1420} INFO - Marking task as SUCCESS. dag_id=our_first_dag_v5, task_id=second_task, execution_date=20220531T000000, start_date=20220806T215825, end_date=20220806T215825
[2022-08-06 21:58:25,488] {local_task_job.py:156} INFO - Task exited with return code 0
[2022-08-06 21:58:25,539] {local_task_job.py:273} INFO - 0 downstream tasks scheduled from follow-on schedule check
[2022-08-06 22:13:23,687] {taskinstance.py:1179} INFO - Dependencies all met for <TaskInstance: our_first_dag_v5.second_task scheduled__2022-05-31T00:00:00+00:00 [queued]>
[2022-08-06 22:13:23,701] {taskinstance.py:1179} INFO - Dependencies all met for <TaskInstance: our_first_dag_v5.second_task scheduled__2022-05-31T00:00:00+00:00 [queued]>
[2022-08-06 22:13:23,701] {taskinstance.py:1376} INFO - 
--------------------------------------------------------------------------------
[2022-08-06 22:13:23,701] {taskinstance.py:1377} INFO - Starting attempt 1 of 6
[2022-08-06 22:13:23,701] {taskinstance.py:1378} INFO - 
--------------------------------------------------------------------------------
[2022-08-06 22:13:23,721] {taskinstance.py:1397} INFO - Executing <Task(BashOperator): second_task> on 2022-05-31 00:00:00+00:00
[2022-08-06 22:13:23,729] {standard_task_runner.py:52} INFO - Started process 2983 to run task
[2022-08-06 22:13:23,732] {standard_task_runner.py:79} INFO - Running: ['***', 'tasks', 'run', 'our_first_dag_v5', 'second_task', 'scheduled__2022-05-31T00:00:00+00:00', '--job-id', '922', '--raw', '--subdir', 'DAGS_FOLDER/pipeline.py', '--cfg-path', '/tmp/tmpeqbovvoj', '--error-file', '/tmp/tmpat8v89_9']
[2022-08-06 22:13:23,732] {standard_task_runner.py:80} INFO - Job 922: Subtask second_task
[2022-08-06 22:13:23,806] {task_command.py:371} INFO - Running <TaskInstance: our_first_dag_v5.second_task scheduled__2022-05-31T00:00:00+00:00 [running]> on host 1250c3b659cd
[2022-08-06 22:13:23,915] {taskinstance.py:1591} INFO - Exporting the following env vars:
AIRFLOW_CTX_DAG_OWNER=coder2j
AIRFLOW_CTX_DAG_ID=our_first_dag_v5
AIRFLOW_CTX_TASK_ID=second_task
AIRFLOW_CTX_EXECUTION_DATE=2022-05-31T00:00:00+00:00
AIRFLOW_CTX_TRY_NUMBER=1
AIRFLOW_CTX_DAG_RUN_ID=scheduled__2022-05-31T00:00:00+00:00
[2022-08-06 22:13:23,916] {subprocess.py:62} INFO - Tmp dir root location: 
 /tmp
[2022-08-06 22:13:23,917] {subprocess.py:74} INFO - Running command: ['bash', '-c', 'echo hey, I am task2 and will be running after task1!']
[2022-08-06 22:13:23,932] {subprocess.py:85} INFO - Output:
[2022-08-06 22:13:23,933] {subprocess.py:92} INFO - hey, I am task2 and will be running after task1!
[2022-08-06 22:13:23,933] {subprocess.py:96} INFO - Command exited with return code 0
[2022-08-06 22:13:23,970] {taskinstance.py:1420} INFO - Marking task as SUCCESS. dag_id=our_first_dag_v5, task_id=second_task, execution_date=20220531T000000, start_date=20220806T221323, end_date=20220806T221323
[2022-08-06 22:13:24,023] {local_task_job.py:156} INFO - Task exited with return code 0
[2022-08-06 22:13:24,086] {local_task_job.py:273} INFO - 0 downstream tasks scheduled from follow-on schedule check
[2022-08-06 22:24:43,667] {taskinstance.py:1179} INFO - Dependencies all met for <TaskInstance: our_first_dag_v5.second_task scheduled__2022-05-31T00:00:00+00:00 [queued]>
[2022-08-06 22:24:43,680] {taskinstance.py:1179} INFO - Dependencies all met for <TaskInstance: our_first_dag_v5.second_task scheduled__2022-05-31T00:00:00+00:00 [queued]>
[2022-08-06 22:24:43,680] {taskinstance.py:1376} INFO - 
--------------------------------------------------------------------------------
[2022-08-06 22:24:43,681] {taskinstance.py:1377} INFO - Starting attempt 1 of 6
[2022-08-06 22:24:43,681] {taskinstance.py:1378} INFO - 
--------------------------------------------------------------------------------
[2022-08-06 22:24:43,700] {taskinstance.py:1397} INFO - Executing <Task(BashOperator): second_task> on 2022-05-31 00:00:00+00:00
[2022-08-06 22:24:43,707] {standard_task_runner.py:52} INFO - Started process 3040 to run task
[2022-08-06 22:24:43,711] {standard_task_runner.py:79} INFO - Running: ['***', 'tasks', 'run', 'our_first_dag_v5', 'second_task', 'scheduled__2022-05-31T00:00:00+00:00', '--job-id', '926', '--raw', '--subdir', 'DAGS_FOLDER/pipeline.py', '--cfg-path', '/tmp/tmp_dadbtlp', '--error-file', '/tmp/tmp9j70p5by']
[2022-08-06 22:24:43,711] {standard_task_runner.py:80} INFO - Job 926: Subtask second_task
[2022-08-06 22:24:43,814] {task_command.py:371} INFO - Running <TaskInstance: our_first_dag_v5.second_task scheduled__2022-05-31T00:00:00+00:00 [running]> on host b215076695c3
[2022-08-06 22:24:43,914] {taskinstance.py:1591} INFO - Exporting the following env vars:
AIRFLOW_CTX_DAG_OWNER=coder2j
AIRFLOW_CTX_DAG_ID=our_first_dag_v5
AIRFLOW_CTX_TASK_ID=second_task
AIRFLOW_CTX_EXECUTION_DATE=2022-05-31T00:00:00+00:00
AIRFLOW_CTX_TRY_NUMBER=1
AIRFLOW_CTX_DAG_RUN_ID=scheduled__2022-05-31T00:00:00+00:00
[2022-08-06 22:24:43,915] {subprocess.py:62} INFO - Tmp dir root location: 
 /tmp
[2022-08-06 22:24:43,915] {subprocess.py:74} INFO - Running command: ['bash', '-c', 'echo hey, I am task2 and will be running after task1!']
[2022-08-06 22:24:43,929] {subprocess.py:85} INFO - Output:
[2022-08-06 22:24:43,931] {subprocess.py:92} INFO - hey, I am task2 and will be running after task1!
[2022-08-06 22:24:43,931] {subprocess.py:96} INFO - Command exited with return code 0
[2022-08-06 22:24:43,981] {taskinstance.py:1420} INFO - Marking task as SUCCESS. dag_id=our_first_dag_v5, task_id=second_task, execution_date=20220531T000000, start_date=20220806T222443, end_date=20220806T222443
[2022-08-06 22:24:44,042] {local_task_job.py:156} INFO - Task exited with return code 0
[2022-08-06 22:24:44,091] {local_task_job.py:273} INFO - 0 downstream tasks scheduled from follow-on schedule check
