[2022-08-06 19:37:36,640] {taskinstance.py:1179} INFO - Dependencies all met for <TaskInstance: our_first_dag_v5.thrid_task scheduled__2021-12-29T00:00:00+00:00 [queued]>
[2022-08-06 19:37:36,659] {taskinstance.py:1179} INFO - Dependencies all met for <TaskInstance: our_first_dag_v5.thrid_task scheduled__2021-12-29T00:00:00+00:00 [queued]>
[2022-08-06 19:37:36,659] {taskinstance.py:1376} INFO - 
--------------------------------------------------------------------------------
[2022-08-06 19:37:36,659] {taskinstance.py:1377} INFO - Starting attempt 1 of 6
[2022-08-06 19:37:36,659] {taskinstance.py:1378} INFO - 
--------------------------------------------------------------------------------
[2022-08-06 19:37:36,684] {taskinstance.py:1397} INFO - Executing <Task(BashOperator): thrid_task> on 2021-12-29 00:00:00+00:00
[2022-08-06 19:37:36,692] {standard_task_runner.py:52} INFO - Started process 1546 to run task
[2022-08-06 19:37:36,696] {standard_task_runner.py:79} INFO - Running: ['***', 'tasks', 'run', 'our_first_dag_v5', 'thrid_task', 'scheduled__2021-12-29T00:00:00+00:00', '--job-id', '467', '--raw', '--subdir', 'DAGS_FOLDER/pipeline.py', '--cfg-path', '/tmp/tmptj0n_k86', '--error-file', '/tmp/tmpvvpn7d7w']
[2022-08-06 19:37:36,696] {standard_task_runner.py:80} INFO - Job 467: Subtask thrid_task
[2022-08-06 19:37:36,788] {task_command.py:371} INFO - Running <TaskInstance: our_first_dag_v5.thrid_task scheduled__2021-12-29T00:00:00+00:00 [running]> on host b29c168c1666
[2022-08-06 19:37:36,924] {taskinstance.py:1591} INFO - Exporting the following env vars:
AIRFLOW_CTX_DAG_OWNER=coder2j
AIRFLOW_CTX_DAG_ID=our_first_dag_v5
AIRFLOW_CTX_TASK_ID=thrid_task
AIRFLOW_CTX_EXECUTION_DATE=2021-12-29T00:00:00+00:00
AIRFLOW_CTX_TRY_NUMBER=1
AIRFLOW_CTX_DAG_RUN_ID=scheduled__2021-12-29T00:00:00+00:00
[2022-08-06 19:37:36,925] {subprocess.py:62} INFO - Tmp dir root location: 
 /tmp
[2022-08-06 19:37:36,926] {subprocess.py:74} INFO - Running command: ['bash', '-c', 'echo hey, I am task3 and will be running after task1 at the same time as task2!']
[2022-08-06 19:37:36,947] {subprocess.py:85} INFO - Output:
[2022-08-06 19:37:36,949] {subprocess.py:92} INFO - hey, I am task3 and will be running after task1 at the same time as task2!
[2022-08-06 19:37:36,950] {subprocess.py:96} INFO - Command exited with return code 0
[2022-08-06 19:37:36,999] {taskinstance.py:1420} INFO - Marking task as SUCCESS. dag_id=our_first_dag_v5, task_id=thrid_task, execution_date=20211229T000000, start_date=20220806T193736, end_date=20220806T193736
[2022-08-06 19:37:37,052] {local_task_job.py:156} INFO - Task exited with return code 0
[2022-08-06 19:37:37,111] {local_task_job.py:273} INFO - 0 downstream tasks scheduled from follow-on schedule check
[2022-08-06 21:51:27,189] {taskinstance.py:1179} INFO - Dependencies all met for <TaskInstance: our_first_dag_v5.thrid_task scheduled__2021-12-29T00:00:00+00:00 [queued]>
[2022-08-06 21:51:27,207] {taskinstance.py:1179} INFO - Dependencies all met for <TaskInstance: our_first_dag_v5.thrid_task scheduled__2021-12-29T00:00:00+00:00 [queued]>
[2022-08-06 21:51:27,208] {taskinstance.py:1376} INFO - 
--------------------------------------------------------------------------------
[2022-08-06 21:51:27,208] {taskinstance.py:1377} INFO - Starting attempt 1 of 6
[2022-08-06 21:51:27,208] {taskinstance.py:1378} INFO - 
--------------------------------------------------------------------------------
[2022-08-06 21:51:27,232] {taskinstance.py:1397} INFO - Executing <Task(BashOperator): thrid_task> on 2021-12-29 00:00:00+00:00
[2022-08-06 21:51:27,238] {standard_task_runner.py:52} INFO - Started process 1725 to run task
[2022-08-06 21:51:27,242] {standard_task_runner.py:79} INFO - Running: ['***', 'tasks', 'run', 'our_first_dag_v5', 'thrid_task', 'scheduled__2021-12-29T00:00:00+00:00', '--job-id', '460', '--raw', '--subdir', 'DAGS_FOLDER/pipeline.py', '--cfg-path', '/tmp/tmpqdqe2ujf', '--error-file', '/tmp/tmp6sox09ag']
[2022-08-06 21:51:27,242] {standard_task_runner.py:80} INFO - Job 460: Subtask thrid_task
[2022-08-06 21:51:27,316] {task_command.py:371} INFO - Running <TaskInstance: our_first_dag_v5.thrid_task scheduled__2021-12-29T00:00:00+00:00 [running]> on host c3f731879890
[2022-08-06 21:51:27,405] {taskinstance.py:1591} INFO - Exporting the following env vars:
AIRFLOW_CTX_DAG_OWNER=coder2j
AIRFLOW_CTX_DAG_ID=our_first_dag_v5
AIRFLOW_CTX_TASK_ID=thrid_task
AIRFLOW_CTX_EXECUTION_DATE=2021-12-29T00:00:00+00:00
AIRFLOW_CTX_TRY_NUMBER=1
AIRFLOW_CTX_DAG_RUN_ID=scheduled__2021-12-29T00:00:00+00:00
[2022-08-06 21:51:27,406] {subprocess.py:62} INFO - Tmp dir root location: 
 /tmp
[2022-08-06 21:51:27,406] {subprocess.py:74} INFO - Running command: ['bash', '-c', 'echo hey, I am task3 and will be running after task1 at the same time as task2!']
[2022-08-06 21:51:27,421] {subprocess.py:85} INFO - Output:
[2022-08-06 21:51:27,424] {subprocess.py:92} INFO - hey, I am task3 and will be running after task1 at the same time as task2!
[2022-08-06 21:51:27,425] {subprocess.py:96} INFO - Command exited with return code 0
[2022-08-06 21:51:27,460] {taskinstance.py:1420} INFO - Marking task as SUCCESS. dag_id=our_first_dag_v5, task_id=thrid_task, execution_date=20211229T000000, start_date=20220806T215127, end_date=20220806T215127
[2022-08-06 21:51:27,494] {local_task_job.py:156} INFO - Task exited with return code 0
[2022-08-06 21:51:27,552] {local_task_job.py:273} INFO - 0 downstream tasks scheduled from follow-on schedule check
[2022-08-06 21:56:52,559] {taskinstance.py:1179} INFO - Dependencies all met for <TaskInstance: our_first_dag_v5.thrid_task scheduled__2021-12-29T00:00:00+00:00 [queued]>
[2022-08-06 21:56:52,570] {taskinstance.py:1179} INFO - Dependencies all met for <TaskInstance: our_first_dag_v5.thrid_task scheduled__2021-12-29T00:00:00+00:00 [queued]>
[2022-08-06 21:56:52,570] {taskinstance.py:1376} INFO - 
--------------------------------------------------------------------------------
[2022-08-06 21:56:52,570] {taskinstance.py:1377} INFO - Starting attempt 1 of 6
[2022-08-06 21:56:52,571] {taskinstance.py:1378} INFO - 
--------------------------------------------------------------------------------
[2022-08-06 21:56:52,585] {taskinstance.py:1397} INFO - Executing <Task(BashOperator): thrid_task> on 2021-12-29 00:00:00+00:00
[2022-08-06 21:56:52,590] {standard_task_runner.py:52} INFO - Started process 1519 to run task
[2022-08-06 21:56:52,593] {standard_task_runner.py:79} INFO - Running: ['***', 'tasks', 'run', 'our_first_dag_v5', 'thrid_task', 'scheduled__2021-12-29T00:00:00+00:00', '--job-id', '460', '--raw', '--subdir', 'DAGS_FOLDER/pipeline.py', '--cfg-path', '/tmp/tmpan2thr9g', '--error-file', '/tmp/tmpzdyu6hdr']
[2022-08-06 21:56:52,593] {standard_task_runner.py:80} INFO - Job 460: Subtask thrid_task
[2022-08-06 21:56:52,649] {task_command.py:371} INFO - Running <TaskInstance: our_first_dag_v5.thrid_task scheduled__2021-12-29T00:00:00+00:00 [running]> on host bc7e154a4fdd
[2022-08-06 21:56:52,738] {taskinstance.py:1591} INFO - Exporting the following env vars:
AIRFLOW_CTX_DAG_OWNER=coder2j
AIRFLOW_CTX_DAG_ID=our_first_dag_v5
AIRFLOW_CTX_TASK_ID=thrid_task
AIRFLOW_CTX_EXECUTION_DATE=2021-12-29T00:00:00+00:00
AIRFLOW_CTX_TRY_NUMBER=1
AIRFLOW_CTX_DAG_RUN_ID=scheduled__2021-12-29T00:00:00+00:00
[2022-08-06 21:56:52,739] {subprocess.py:62} INFO - Tmp dir root location: 
 /tmp
[2022-08-06 21:56:52,739] {subprocess.py:74} INFO - Running command: ['bash', '-c', 'echo hey, I am task3 and will be running after task1 at the same time as task2!']
[2022-08-06 21:56:52,750] {subprocess.py:85} INFO - Output:
[2022-08-06 21:56:52,752] {subprocess.py:92} INFO - hey, I am task3 and will be running after task1 at the same time as task2!
[2022-08-06 21:56:52,752] {subprocess.py:96} INFO - Command exited with return code 0
[2022-08-06 21:56:52,779] {taskinstance.py:1420} INFO - Marking task as SUCCESS. dag_id=our_first_dag_v5, task_id=thrid_task, execution_date=20211229T000000, start_date=20220806T215652, end_date=20220806T215652
[2022-08-06 21:56:52,804] {local_task_job.py:156} INFO - Task exited with return code 0
[2022-08-06 21:56:52,831] {local_task_job.py:273} INFO - 0 downstream tasks scheduled from follow-on schedule check
[2022-08-06 22:11:56,988] {taskinstance.py:1179} INFO - Dependencies all met for <TaskInstance: our_first_dag_v5.thrid_task scheduled__2021-12-29T00:00:00+00:00 [queued]>
[2022-08-06 22:11:57,002] {taskinstance.py:1179} INFO - Dependencies all met for <TaskInstance: our_first_dag_v5.thrid_task scheduled__2021-12-29T00:00:00+00:00 [queued]>
[2022-08-06 22:11:57,002] {taskinstance.py:1376} INFO - 
--------------------------------------------------------------------------------
[2022-08-06 22:11:57,002] {taskinstance.py:1377} INFO - Starting attempt 1 of 6
[2022-08-06 22:11:57,002] {taskinstance.py:1378} INFO - 
--------------------------------------------------------------------------------
[2022-08-06 22:11:57,018] {taskinstance.py:1397} INFO - Executing <Task(BashOperator): thrid_task> on 2021-12-29 00:00:00+00:00
[2022-08-06 22:11:57,025] {standard_task_runner.py:52} INFO - Started process 1534 to run task
[2022-08-06 22:11:57,029] {standard_task_runner.py:79} INFO - Running: ['***', 'tasks', 'run', 'our_first_dag_v5', 'thrid_task', 'scheduled__2021-12-29T00:00:00+00:00', '--job-id', '464', '--raw', '--subdir', 'DAGS_FOLDER/pipeline.py', '--cfg-path', '/tmp/tmp2ws8z065', '--error-file', '/tmp/tmpyubmw6da']
[2022-08-06 22:11:57,029] {standard_task_runner.py:80} INFO - Job 464: Subtask thrid_task
[2022-08-06 22:11:57,117] {task_command.py:371} INFO - Running <TaskInstance: our_first_dag_v5.thrid_task scheduled__2021-12-29T00:00:00+00:00 [running]> on host 1250c3b659cd
[2022-08-06 22:11:57,207] {taskinstance.py:1591} INFO - Exporting the following env vars:
AIRFLOW_CTX_DAG_OWNER=coder2j
AIRFLOW_CTX_DAG_ID=our_first_dag_v5
AIRFLOW_CTX_TASK_ID=thrid_task
AIRFLOW_CTX_EXECUTION_DATE=2021-12-29T00:00:00+00:00
AIRFLOW_CTX_TRY_NUMBER=1
AIRFLOW_CTX_DAG_RUN_ID=scheduled__2021-12-29T00:00:00+00:00
[2022-08-06 22:11:57,208] {subprocess.py:62} INFO - Tmp dir root location: 
 /tmp
[2022-08-06 22:11:57,209] {subprocess.py:74} INFO - Running command: ['bash', '-c', 'echo hey, I am task3 and will be running after task1 at the same time as task2!']
[2022-08-06 22:11:57,220] {subprocess.py:85} INFO - Output:
[2022-08-06 22:11:57,222] {subprocess.py:92} INFO - hey, I am task3 and will be running after task1 at the same time as task2!
[2022-08-06 22:11:57,222] {subprocess.py:96} INFO - Command exited with return code 0
[2022-08-06 22:11:57,257] {taskinstance.py:1420} INFO - Marking task as SUCCESS. dag_id=our_first_dag_v5, task_id=thrid_task, execution_date=20211229T000000, start_date=20220806T221156, end_date=20220806T221157
[2022-08-06 22:11:57,284] {local_task_job.py:156} INFO - Task exited with return code 0
[2022-08-06 22:11:57,345] {local_task_job.py:273} INFO - 0 downstream tasks scheduled from follow-on schedule check
[2022-08-06 22:23:17,506] {taskinstance.py:1179} INFO - Dependencies all met for <TaskInstance: our_first_dag_v5.thrid_task scheduled__2021-12-29T00:00:00+00:00 [queued]>
[2022-08-06 22:23:17,524] {taskinstance.py:1179} INFO - Dependencies all met for <TaskInstance: our_first_dag_v5.thrid_task scheduled__2021-12-29T00:00:00+00:00 [queued]>
[2022-08-06 22:23:17,524] {taskinstance.py:1376} INFO - 
--------------------------------------------------------------------------------
[2022-08-06 22:23:17,525] {taskinstance.py:1377} INFO - Starting attempt 1 of 6
[2022-08-06 22:23:17,525] {taskinstance.py:1378} INFO - 
--------------------------------------------------------------------------------
[2022-08-06 22:23:17,542] {taskinstance.py:1397} INFO - Executing <Task(BashOperator): thrid_task> on 2021-12-29 00:00:00+00:00
[2022-08-06 22:23:17,549] {standard_task_runner.py:52} INFO - Started process 1598 to run task
[2022-08-06 22:23:17,552] {standard_task_runner.py:79} INFO - Running: ['***', 'tasks', 'run', 'our_first_dag_v5', 'thrid_task', 'scheduled__2021-12-29T00:00:00+00:00', '--job-id', '466', '--raw', '--subdir', 'DAGS_FOLDER/pipeline.py', '--cfg-path', '/tmp/tmpu65sc65h', '--error-file', '/tmp/tmp81i4peo0']
[2022-08-06 22:23:17,552] {standard_task_runner.py:80} INFO - Job 466: Subtask thrid_task
[2022-08-06 22:23:17,626] {task_command.py:371} INFO - Running <TaskInstance: our_first_dag_v5.thrid_task scheduled__2021-12-29T00:00:00+00:00 [running]> on host b215076695c3
[2022-08-06 22:23:17,721] {taskinstance.py:1591} INFO - Exporting the following env vars:
AIRFLOW_CTX_DAG_OWNER=coder2j
AIRFLOW_CTX_DAG_ID=our_first_dag_v5
AIRFLOW_CTX_TASK_ID=thrid_task
AIRFLOW_CTX_EXECUTION_DATE=2021-12-29T00:00:00+00:00
AIRFLOW_CTX_TRY_NUMBER=1
AIRFLOW_CTX_DAG_RUN_ID=scheduled__2021-12-29T00:00:00+00:00
[2022-08-06 22:23:17,722] {subprocess.py:62} INFO - Tmp dir root location: 
 /tmp
[2022-08-06 22:23:17,723] {subprocess.py:74} INFO - Running command: ['bash', '-c', 'echo hey, I am task3 and will be running after task1 at the same time as task2!']
[2022-08-06 22:23:17,742] {subprocess.py:85} INFO - Output:
[2022-08-06 22:23:17,745] {subprocess.py:92} INFO - hey, I am task3 and will be running after task1 at the same time as task2!
[2022-08-06 22:23:17,745] {subprocess.py:96} INFO - Command exited with return code 0
[2022-08-06 22:23:17,795] {taskinstance.py:1420} INFO - Marking task as SUCCESS. dag_id=our_first_dag_v5, task_id=thrid_task, execution_date=20211229T000000, start_date=20220806T222317, end_date=20220806T222317
[2022-08-06 22:23:17,843] {local_task_job.py:156} INFO - Task exited with return code 0
[2022-08-06 22:23:17,881] {local_task_job.py:273} INFO - 0 downstream tasks scheduled from follow-on schedule check
