[2022-08-06 19:36:41,980] {taskinstance.py:1179} INFO - Dependencies all met for <TaskInstance: our_first_dag_v5.second_task scheduled__2021-10-06T00:00:00+00:00 [queued]>
[2022-08-06 19:36:41,994] {taskinstance.py:1179} INFO - Dependencies all met for <TaskInstance: our_first_dag_v5.second_task scheduled__2021-10-06T00:00:00+00:00 [queued]>
[2022-08-06 19:36:41,995] {taskinstance.py:1376} INFO - 
--------------------------------------------------------------------------------
[2022-08-06 19:36:41,995] {taskinstance.py:1377} INFO - Starting attempt 1 of 6
[2022-08-06 19:36:41,995] {taskinstance.py:1378} INFO - 
--------------------------------------------------------------------------------
[2022-08-06 19:36:42,013] {taskinstance.py:1397} INFO - Executing <Task(BashOperator): second_task> on 2021-10-06 00:00:00+00:00
[2022-08-06 19:36:42,019] {standard_task_runner.py:52} INFO - Started process 749 to run task
[2022-08-06 19:36:42,022] {standard_task_runner.py:79} INFO - Running: ['***', 'tasks', 'run', 'our_first_dag_v5', 'second_task', 'scheduled__2021-10-06T00:00:00+00:00', '--job-id', '210', '--raw', '--subdir', 'DAGS_FOLDER/pipeline.py', '--cfg-path', '/tmp/tmp6gnaff7d', '--error-file', '/tmp/tmp6jmpiyri']
[2022-08-06 19:36:42,022] {standard_task_runner.py:80} INFO - Job 210: Subtask second_task
[2022-08-06 19:36:42,099] {task_command.py:371} INFO - Running <TaskInstance: our_first_dag_v5.second_task scheduled__2021-10-06T00:00:00+00:00 [running]> on host b29c168c1666
[2022-08-06 19:36:42,201] {taskinstance.py:1591} INFO - Exporting the following env vars:
AIRFLOW_CTX_DAG_OWNER=coder2j
AIRFLOW_CTX_DAG_ID=our_first_dag_v5
AIRFLOW_CTX_TASK_ID=second_task
AIRFLOW_CTX_EXECUTION_DATE=2021-10-06T00:00:00+00:00
AIRFLOW_CTX_TRY_NUMBER=1
AIRFLOW_CTX_DAG_RUN_ID=scheduled__2021-10-06T00:00:00+00:00
[2022-08-06 19:36:42,202] {subprocess.py:62} INFO - Tmp dir root location: 
 /tmp
[2022-08-06 19:36:42,202] {subprocess.py:74} INFO - Running command: ['bash', '-c', 'echo hey, I am task2 and will be running after task1!']
[2022-08-06 19:36:42,224] {subprocess.py:85} INFO - Output:
[2022-08-06 19:36:42,224] {subprocess.py:92} INFO - hey, I am task2 and will be running after task1!
[2022-08-06 19:36:42,224] {subprocess.py:96} INFO - Command exited with return code 0
[2022-08-06 19:36:42,271] {taskinstance.py:1420} INFO - Marking task as SUCCESS. dag_id=our_first_dag_v5, task_id=second_task, execution_date=20211006T000000, start_date=20220806T193641, end_date=20220806T193642
[2022-08-06 19:36:42,313] {local_task_job.py:156} INFO - Task exited with return code 0
[2022-08-06 19:36:42,364] {local_task_job.py:273} INFO - 0 downstream tasks scheduled from follow-on schedule check
[2022-08-06 21:50:33,831] {taskinstance.py:1179} INFO - Dependencies all met for <TaskInstance: our_first_dag_v5.second_task scheduled__2021-10-06T00:00:00+00:00 [queued]>
[2022-08-06 21:50:33,848] {taskinstance.py:1179} INFO - Dependencies all met for <TaskInstance: our_first_dag_v5.second_task scheduled__2021-10-06T00:00:00+00:00 [queued]>
[2022-08-06 21:50:33,848] {taskinstance.py:1376} INFO - 
--------------------------------------------------------------------------------
[2022-08-06 21:50:33,848] {taskinstance.py:1377} INFO - Starting attempt 1 of 6
[2022-08-06 21:50:33,848] {taskinstance.py:1378} INFO - 
--------------------------------------------------------------------------------
[2022-08-06 21:50:33,867] {taskinstance.py:1397} INFO - Executing <Task(BashOperator): second_task> on 2021-10-06 00:00:00+00:00
[2022-08-06 21:50:33,876] {standard_task_runner.py:52} INFO - Started process 935 to run task
[2022-08-06 21:50:33,879] {standard_task_runner.py:79} INFO - Running: ['***', 'tasks', 'run', 'our_first_dag_v5', 'second_task', 'scheduled__2021-10-06T00:00:00+00:00', '--job-id', '214', '--raw', '--subdir', 'DAGS_FOLDER/pipeline.py', '--cfg-path', '/tmp/tmpr7fxs2gz', '--error-file', '/tmp/tmpeb9k3a7p']
[2022-08-06 21:50:33,879] {standard_task_runner.py:80} INFO - Job 214: Subtask second_task
[2022-08-06 21:50:33,962] {task_command.py:371} INFO - Running <TaskInstance: our_first_dag_v5.second_task scheduled__2021-10-06T00:00:00+00:00 [running]> on host c3f731879890
[2022-08-06 21:50:34,050] {taskinstance.py:1591} INFO - Exporting the following env vars:
AIRFLOW_CTX_DAG_OWNER=coder2j
AIRFLOW_CTX_DAG_ID=our_first_dag_v5
AIRFLOW_CTX_TASK_ID=second_task
AIRFLOW_CTX_EXECUTION_DATE=2021-10-06T00:00:00+00:00
AIRFLOW_CTX_TRY_NUMBER=1
AIRFLOW_CTX_DAG_RUN_ID=scheduled__2021-10-06T00:00:00+00:00
[2022-08-06 21:50:34,051] {subprocess.py:62} INFO - Tmp dir root location: 
 /tmp
[2022-08-06 21:50:34,051] {subprocess.py:74} INFO - Running command: ['bash', '-c', 'echo hey, I am task2 and will be running after task1!']
[2022-08-06 21:50:34,063] {subprocess.py:85} INFO - Output:
[2022-08-06 21:50:34,065] {subprocess.py:92} INFO - hey, I am task2 and will be running after task1!
[2022-08-06 21:50:34,065] {subprocess.py:96} INFO - Command exited with return code 0
[2022-08-06 21:50:34,094] {taskinstance.py:1420} INFO - Marking task as SUCCESS. dag_id=our_first_dag_v5, task_id=second_task, execution_date=20211006T000000, start_date=20220806T215033, end_date=20220806T215034
[2022-08-06 21:50:34,131] {local_task_job.py:156} INFO - Task exited with return code 0
[2022-08-06 21:50:34,163] {local_task_job.py:273} INFO - 0 downstream tasks scheduled from follow-on schedule check
[2022-08-06 21:56:04,155] {taskinstance.py:1179} INFO - Dependencies all met for <TaskInstance: our_first_dag_v5.second_task scheduled__2021-10-06T00:00:00+00:00 [queued]>
[2022-08-06 21:56:04,168] {taskinstance.py:1179} INFO - Dependencies all met for <TaskInstance: our_first_dag_v5.second_task scheduled__2021-10-06T00:00:00+00:00 [queued]>
[2022-08-06 21:56:04,168] {taskinstance.py:1376} INFO - 
--------------------------------------------------------------------------------
[2022-08-06 21:56:04,168] {taskinstance.py:1377} INFO - Starting attempt 1 of 6
[2022-08-06 21:56:04,168] {taskinstance.py:1378} INFO - 
--------------------------------------------------------------------------------
[2022-08-06 21:56:04,185] {taskinstance.py:1397} INFO - Executing <Task(BashOperator): second_task> on 2021-10-06 00:00:00+00:00
[2022-08-06 21:56:04,191] {standard_task_runner.py:52} INFO - Started process 739 to run task
[2022-08-06 21:56:04,195] {standard_task_runner.py:79} INFO - Running: ['***', 'tasks', 'run', 'our_first_dag_v5', 'second_task', 'scheduled__2021-10-06T00:00:00+00:00', '--job-id', '214', '--raw', '--subdir', 'DAGS_FOLDER/pipeline.py', '--cfg-path', '/tmp/tmpnk32b3pr', '--error-file', '/tmp/tmp27fjuarj']
[2022-08-06 21:56:04,195] {standard_task_runner.py:80} INFO - Job 214: Subtask second_task
[2022-08-06 21:56:04,286] {task_command.py:371} INFO - Running <TaskInstance: our_first_dag_v5.second_task scheduled__2021-10-06T00:00:00+00:00 [running]> on host bc7e154a4fdd
[2022-08-06 21:56:04,398] {taskinstance.py:1591} INFO - Exporting the following env vars:
AIRFLOW_CTX_DAG_OWNER=coder2j
AIRFLOW_CTX_DAG_ID=our_first_dag_v5
AIRFLOW_CTX_TASK_ID=second_task
AIRFLOW_CTX_EXECUTION_DATE=2021-10-06T00:00:00+00:00
AIRFLOW_CTX_TRY_NUMBER=1
AIRFLOW_CTX_DAG_RUN_ID=scheduled__2021-10-06T00:00:00+00:00
[2022-08-06 21:56:04,399] {subprocess.py:62} INFO - Tmp dir root location: 
 /tmp
[2022-08-06 21:56:04,399] {subprocess.py:74} INFO - Running command: ['bash', '-c', 'echo hey, I am task2 and will be running after task1!']
[2022-08-06 21:56:04,416] {subprocess.py:85} INFO - Output:
[2022-08-06 21:56:04,418] {subprocess.py:92} INFO - hey, I am task2 and will be running after task1!
[2022-08-06 21:56:04,419] {subprocess.py:96} INFO - Command exited with return code 0
[2022-08-06 21:56:04,511] {taskinstance.py:1420} INFO - Marking task as SUCCESS. dag_id=our_first_dag_v5, task_id=second_task, execution_date=20211006T000000, start_date=20220806T215604, end_date=20220806T215604
[2022-08-06 21:56:04,566] {local_task_job.py:156} INFO - Task exited with return code 0
[2022-08-06 21:56:04,619] {local_task_job.py:273} INFO - 0 downstream tasks scheduled from follow-on schedule check
[2022-08-06 22:11:04,789] {taskinstance.py:1179} INFO - Dependencies all met for <TaskInstance: our_first_dag_v5.second_task scheduled__2021-10-06T00:00:00+00:00 [queued]>
[2022-08-06 22:11:04,806] {taskinstance.py:1179} INFO - Dependencies all met for <TaskInstance: our_first_dag_v5.second_task scheduled__2021-10-06T00:00:00+00:00 [queued]>
[2022-08-06 22:11:04,806] {taskinstance.py:1376} INFO - 
--------------------------------------------------------------------------------
[2022-08-06 22:11:04,806] {taskinstance.py:1377} INFO - Starting attempt 1 of 6
[2022-08-06 22:11:04,806] {taskinstance.py:1378} INFO - 
--------------------------------------------------------------------------------
[2022-08-06 22:11:04,822] {taskinstance.py:1397} INFO - Executing <Task(BashOperator): second_task> on 2021-10-06 00:00:00+00:00
[2022-08-06 22:11:04,829] {standard_task_runner.py:52} INFO - Started process 740 to run task
[2022-08-06 22:11:04,832] {standard_task_runner.py:79} INFO - Running: ['***', 'tasks', 'run', 'our_first_dag_v5', 'second_task', 'scheduled__2021-10-06T00:00:00+00:00', '--job-id', '210', '--raw', '--subdir', 'DAGS_FOLDER/pipeline.py', '--cfg-path', '/tmp/tmp_01xjtbu', '--error-file', '/tmp/tmpbrim1jlp']
[2022-08-06 22:11:04,832] {standard_task_runner.py:80} INFO - Job 210: Subtask second_task
[2022-08-06 22:11:04,906] {task_command.py:371} INFO - Running <TaskInstance: our_first_dag_v5.second_task scheduled__2021-10-06T00:00:00+00:00 [running]> on host 1250c3b659cd
[2022-08-06 22:11:04,987] {taskinstance.py:1591} INFO - Exporting the following env vars:
AIRFLOW_CTX_DAG_OWNER=coder2j
AIRFLOW_CTX_DAG_ID=our_first_dag_v5
AIRFLOW_CTX_TASK_ID=second_task
AIRFLOW_CTX_EXECUTION_DATE=2021-10-06T00:00:00+00:00
AIRFLOW_CTX_TRY_NUMBER=1
AIRFLOW_CTX_DAG_RUN_ID=scheduled__2021-10-06T00:00:00+00:00
[2022-08-06 22:11:04,988] {subprocess.py:62} INFO - Tmp dir root location: 
 /tmp
[2022-08-06 22:11:04,989] {subprocess.py:74} INFO - Running command: ['bash', '-c', 'echo hey, I am task2 and will be running after task1!']
[2022-08-06 22:11:05,002] {subprocess.py:85} INFO - Output:
[2022-08-06 22:11:05,004] {subprocess.py:92} INFO - hey, I am task2 and will be running after task1!
[2022-08-06 22:11:05,004] {subprocess.py:96} INFO - Command exited with return code 0
[2022-08-06 22:11:05,033] {taskinstance.py:1420} INFO - Marking task as SUCCESS. dag_id=our_first_dag_v5, task_id=second_task, execution_date=20211006T000000, start_date=20220806T221104, end_date=20220806T221105
[2022-08-06 22:11:05,083] {local_task_job.py:156} INFO - Task exited with return code 0
[2022-08-06 22:11:05,111] {local_task_job.py:273} INFO - 0 downstream tasks scheduled from follow-on schedule check
[2022-08-06 22:18:50,775] {taskinstance.py:1179} INFO - Dependencies all met for <TaskInstance: our_first_dag_v5.second_task scheduled__2021-10-06T00:00:00+00:00 [queued]>
[2022-08-06 22:18:50,787] {taskinstance.py:1179} INFO - Dependencies all met for <TaskInstance: our_first_dag_v5.second_task scheduled__2021-10-06T00:00:00+00:00 [queued]>
[2022-08-06 22:18:50,787] {taskinstance.py:1376} INFO - 
--------------------------------------------------------------------------------
[2022-08-06 22:18:50,787] {taskinstance.py:1377} INFO - Starting attempt 1 of 6
[2022-08-06 22:18:50,787] {taskinstance.py:1378} INFO - 
--------------------------------------------------------------------------------
[2022-08-06 22:18:50,803] {taskinstance.py:1397} INFO - Executing <Task(BashOperator): second_task> on 2021-10-06 00:00:00+00:00
[2022-08-06 22:18:50,810] {standard_task_runner.py:52} INFO - Started process 750 to run task
[2022-08-06 22:18:50,812] {standard_task_runner.py:79} INFO - Running: ['***', 'tasks', 'run', 'our_first_dag_v5', 'second_task', 'scheduled__2021-10-06T00:00:00+00:00', '--job-id', '210', '--raw', '--subdir', 'DAGS_FOLDER/pipeline.py', '--cfg-path', '/tmp/tmp5tl8fr7n', '--error-file', '/tmp/tmpl6b9qdnv']
[2022-08-06 22:18:50,813] {standard_task_runner.py:80} INFO - Job 210: Subtask second_task
[2022-08-06 22:18:50,882] {task_command.py:371} INFO - Running <TaskInstance: our_first_dag_v5.second_task scheduled__2021-10-06T00:00:00+00:00 [running]> on host ed53bde1c44a
[2022-08-06 22:18:50,975] {taskinstance.py:1591} INFO - Exporting the following env vars:
AIRFLOW_CTX_DAG_OWNER=coder2j
AIRFLOW_CTX_DAG_ID=our_first_dag_v5
AIRFLOW_CTX_TASK_ID=second_task
AIRFLOW_CTX_EXECUTION_DATE=2021-10-06T00:00:00+00:00
AIRFLOW_CTX_TRY_NUMBER=1
AIRFLOW_CTX_DAG_RUN_ID=scheduled__2021-10-06T00:00:00+00:00
[2022-08-06 22:18:50,976] {subprocess.py:62} INFO - Tmp dir root location: 
 /tmp
[2022-08-06 22:18:50,976] {subprocess.py:74} INFO - Running command: ['bash', '-c', 'echo hey, I am task2 and will be running after task1!']
[2022-08-06 22:18:50,988] {subprocess.py:85} INFO - Output:
[2022-08-06 22:18:50,989] {subprocess.py:92} INFO - hey, I am task2 and will be running after task1!
[2022-08-06 22:18:50,990] {subprocess.py:96} INFO - Command exited with return code 0
[2022-08-06 22:18:51,025] {taskinstance.py:1420} INFO - Marking task as SUCCESS. dag_id=our_first_dag_v5, task_id=second_task, execution_date=20211006T000000, start_date=20220806T221850, end_date=20220806T221851
[2022-08-06 22:18:51,064] {local_task_job.py:156} INFO - Task exited with return code 0
[2022-08-06 22:18:51,097] {local_task_job.py:273} INFO - 0 downstream tasks scheduled from follow-on schedule check
[2022-08-06 22:22:27,531] {taskinstance.py:1179} INFO - Dependencies all met for <TaskInstance: our_first_dag_v5.second_task scheduled__2021-10-06T00:00:00+00:00 [queued]>
[2022-08-06 22:22:27,547] {taskinstance.py:1179} INFO - Dependencies all met for <TaskInstance: our_first_dag_v5.second_task scheduled__2021-10-06T00:00:00+00:00 [queued]>
[2022-08-06 22:22:27,547] {taskinstance.py:1376} INFO - 
--------------------------------------------------------------------------------
[2022-08-06 22:22:27,547] {taskinstance.py:1377} INFO - Starting attempt 1 of 6
[2022-08-06 22:22:27,547] {taskinstance.py:1378} INFO - 
--------------------------------------------------------------------------------
[2022-08-06 22:22:27,566] {taskinstance.py:1397} INFO - Executing <Task(BashOperator): second_task> on 2021-10-06 00:00:00+00:00
[2022-08-06 22:22:27,573] {standard_task_runner.py:52} INFO - Started process 794 to run task
[2022-08-06 22:22:27,576] {standard_task_runner.py:79} INFO - Running: ['***', 'tasks', 'run', 'our_first_dag_v5', 'second_task', 'scheduled__2021-10-06T00:00:00+00:00', '--job-id', '214', '--raw', '--subdir', 'DAGS_FOLDER/pipeline.py', '--cfg-path', '/tmp/tmp7mfz47mw', '--error-file', '/tmp/tmpoiqepoap']
[2022-08-06 22:22:27,576] {standard_task_runner.py:80} INFO - Job 214: Subtask second_task
[2022-08-06 22:22:27,660] {task_command.py:371} INFO - Running <TaskInstance: our_first_dag_v5.second_task scheduled__2021-10-06T00:00:00+00:00 [running]> on host b215076695c3
[2022-08-06 22:22:27,788] {taskinstance.py:1591} INFO - Exporting the following env vars:
AIRFLOW_CTX_DAG_OWNER=coder2j
AIRFLOW_CTX_DAG_ID=our_first_dag_v5
AIRFLOW_CTX_TASK_ID=second_task
AIRFLOW_CTX_EXECUTION_DATE=2021-10-06T00:00:00+00:00
AIRFLOW_CTX_TRY_NUMBER=1
AIRFLOW_CTX_DAG_RUN_ID=scheduled__2021-10-06T00:00:00+00:00
[2022-08-06 22:22:27,790] {subprocess.py:62} INFO - Tmp dir root location: 
 /tmp
[2022-08-06 22:22:27,790] {subprocess.py:74} INFO - Running command: ['bash', '-c', 'echo hey, I am task2 and will be running after task1!']
[2022-08-06 22:22:27,809] {subprocess.py:85} INFO - Output:
[2022-08-06 22:22:27,811] {subprocess.py:92} INFO - hey, I am task2 and will be running after task1!
[2022-08-06 22:22:27,812] {subprocess.py:96} INFO - Command exited with return code 0
[2022-08-06 22:22:27,861] {taskinstance.py:1420} INFO - Marking task as SUCCESS. dag_id=our_first_dag_v5, task_id=second_task, execution_date=20211006T000000, start_date=20220806T222227, end_date=20220806T222227
[2022-08-06 22:22:27,907] {local_task_job.py:156} INFO - Task exited with return code 0
[2022-08-06 22:22:27,940] {local_task_job.py:273} INFO - 0 downstream tasks scheduled from follow-on schedule check
