[2022-08-06 19:37:11,862] {taskinstance.py:1179} INFO - Dependencies all met for <TaskInstance: our_first_dag_v5.second_task scheduled__2021-11-21T00:00:00+00:00 [queued]>
[2022-08-06 19:37:11,879] {taskinstance.py:1179} INFO - Dependencies all met for <TaskInstance: our_first_dag_v5.second_task scheduled__2021-11-21T00:00:00+00:00 [queued]>
[2022-08-06 19:37:11,879] {taskinstance.py:1376} INFO - 
--------------------------------------------------------------------------------
[2022-08-06 19:37:11,879] {taskinstance.py:1377} INFO - Starting attempt 1 of 6
[2022-08-06 19:37:11,879] {taskinstance.py:1378} INFO - 
--------------------------------------------------------------------------------
[2022-08-06 19:37:11,900] {taskinstance.py:1397} INFO - Executing <Task(BashOperator): second_task> on 2021-11-21 00:00:00+00:00
[2022-08-06 19:37:11,908] {standard_task_runner.py:52} INFO - Started process 1179 to run task
[2022-08-06 19:37:11,911] {standard_task_runner.py:79} INFO - Running: ['***', 'tasks', 'run', 'our_first_dag_v5', 'second_task', 'scheduled__2021-11-21T00:00:00+00:00', '--job-id', '346', '--raw', '--subdir', 'DAGS_FOLDER/pipeline.py', '--cfg-path', '/tmp/tmpe2rylxrd', '--error-file', '/tmp/tmpxto9awqa']
[2022-08-06 19:37:11,911] {standard_task_runner.py:80} INFO - Job 346: Subtask second_task
[2022-08-06 19:37:11,989] {task_command.py:371} INFO - Running <TaskInstance: our_first_dag_v5.second_task scheduled__2021-11-21T00:00:00+00:00 [running]> on host b29c168c1666
[2022-08-06 19:37:12,155] {taskinstance.py:1591} INFO - Exporting the following env vars:
AIRFLOW_CTX_DAG_OWNER=coder2j
AIRFLOW_CTX_DAG_ID=our_first_dag_v5
AIRFLOW_CTX_TASK_ID=second_task
AIRFLOW_CTX_EXECUTION_DATE=2021-11-21T00:00:00+00:00
AIRFLOW_CTX_TRY_NUMBER=1
AIRFLOW_CTX_DAG_RUN_ID=scheduled__2021-11-21T00:00:00+00:00
[2022-08-06 19:37:12,156] {subprocess.py:62} INFO - Tmp dir root location: 
 /tmp
[2022-08-06 19:37:12,157] {subprocess.py:74} INFO - Running command: ['bash', '-c', 'echo hey, I am task2 and will be running after task1!']
[2022-08-06 19:37:12,180] {subprocess.py:85} INFO - Output:
[2022-08-06 19:37:12,182] {subprocess.py:92} INFO - hey, I am task2 and will be running after task1!
[2022-08-06 19:37:12,183] {subprocess.py:96} INFO - Command exited with return code 0
[2022-08-06 19:37:12,239] {taskinstance.py:1420} INFO - Marking task as SUCCESS. dag_id=our_first_dag_v5, task_id=second_task, execution_date=20211121T000000, start_date=20220806T193711, end_date=20220806T193712
[2022-08-06 19:37:12,288] {local_task_job.py:156} INFO - Task exited with return code 0
[2022-08-06 19:37:12,362] {local_task_job.py:273} INFO - 0 downstream tasks scheduled from follow-on schedule check
[2022-08-06 21:51:04,640] {taskinstance.py:1179} INFO - Dependencies all met for <TaskInstance: our_first_dag_v5.second_task scheduled__2021-11-21T00:00:00+00:00 [queued]>
[2022-08-06 21:51:04,653] {taskinstance.py:1179} INFO - Dependencies all met for <TaskInstance: our_first_dag_v5.second_task scheduled__2021-11-21T00:00:00+00:00 [queued]>
[2022-08-06 21:51:04,653] {taskinstance.py:1376} INFO - 
--------------------------------------------------------------------------------
[2022-08-06 21:51:04,653] {taskinstance.py:1377} INFO - Starting attempt 1 of 6
[2022-08-06 21:51:04,653] {taskinstance.py:1378} INFO - 
--------------------------------------------------------------------------------
[2022-08-06 21:51:04,667] {taskinstance.py:1397} INFO - Executing <Task(BashOperator): second_task> on 2021-11-21 00:00:00+00:00
[2022-08-06 21:51:04,673] {standard_task_runner.py:52} INFO - Started process 1370 to run task
[2022-08-06 21:51:04,676] {standard_task_runner.py:79} INFO - Running: ['***', 'tasks', 'run', 'our_first_dag_v5', 'second_task', 'scheduled__2021-11-21T00:00:00+00:00', '--job-id', '348', '--raw', '--subdir', 'DAGS_FOLDER/pipeline.py', '--cfg-path', '/tmp/tmpdu7xk5y5', '--error-file', '/tmp/tmptndjz8yw']
[2022-08-06 21:51:04,676] {standard_task_runner.py:80} INFO - Job 348: Subtask second_task
[2022-08-06 21:51:04,731] {task_command.py:371} INFO - Running <TaskInstance: our_first_dag_v5.second_task scheduled__2021-11-21T00:00:00+00:00 [running]> on host c3f731879890
[2022-08-06 21:51:04,803] {taskinstance.py:1591} INFO - Exporting the following env vars:
AIRFLOW_CTX_DAG_OWNER=coder2j
AIRFLOW_CTX_DAG_ID=our_first_dag_v5
AIRFLOW_CTX_TASK_ID=second_task
AIRFLOW_CTX_EXECUTION_DATE=2021-11-21T00:00:00+00:00
AIRFLOW_CTX_TRY_NUMBER=1
AIRFLOW_CTX_DAG_RUN_ID=scheduled__2021-11-21T00:00:00+00:00
[2022-08-06 21:51:04,803] {subprocess.py:62} INFO - Tmp dir root location: 
 /tmp
[2022-08-06 21:51:04,804] {subprocess.py:74} INFO - Running command: ['bash', '-c', 'echo hey, I am task2 and will be running after task1!']
[2022-08-06 21:51:04,816] {subprocess.py:85} INFO - Output:
[2022-08-06 21:51:04,817] {subprocess.py:92} INFO - hey, I am task2 and will be running after task1!
[2022-08-06 21:51:04,817] {subprocess.py:96} INFO - Command exited with return code 0
[2022-08-06 21:51:04,846] {taskinstance.py:1420} INFO - Marking task as SUCCESS. dag_id=our_first_dag_v5, task_id=second_task, execution_date=20211121T000000, start_date=20220806T215104, end_date=20220806T215104
[2022-08-06 21:51:04,886] {local_task_job.py:156} INFO - Task exited with return code 0
[2022-08-06 21:51:04,912] {local_task_job.py:273} INFO - 0 downstream tasks scheduled from follow-on schedule check
[2022-08-06 21:56:31,287] {taskinstance.py:1179} INFO - Dependencies all met for <TaskInstance: our_first_dag_v5.second_task scheduled__2021-11-21T00:00:00+00:00 [queued]>
[2022-08-06 21:56:31,299] {taskinstance.py:1179} INFO - Dependencies all met for <TaskInstance: our_first_dag_v5.second_task scheduled__2021-11-21T00:00:00+00:00 [queued]>
[2022-08-06 21:56:31,299] {taskinstance.py:1376} INFO - 
--------------------------------------------------------------------------------
[2022-08-06 21:56:31,299] {taskinstance.py:1377} INFO - Starting attempt 1 of 6
[2022-08-06 21:56:31,299] {taskinstance.py:1378} INFO - 
--------------------------------------------------------------------------------
[2022-08-06 21:56:31,314] {taskinstance.py:1397} INFO - Executing <Task(BashOperator): second_task> on 2021-11-21 00:00:00+00:00
[2022-08-06 21:56:31,319] {standard_task_runner.py:52} INFO - Started process 1162 to run task
[2022-08-06 21:56:31,322] {standard_task_runner.py:79} INFO - Running: ['***', 'tasks', 'run', 'our_first_dag_v5', 'second_task', 'scheduled__2021-11-21T00:00:00+00:00', '--job-id', '347', '--raw', '--subdir', 'DAGS_FOLDER/pipeline.py', '--cfg-path', '/tmp/tmp9rwemmod', '--error-file', '/tmp/tmpdn6_uj_r']
[2022-08-06 21:56:31,322] {standard_task_runner.py:80} INFO - Job 347: Subtask second_task
[2022-08-06 21:56:31,390] {task_command.py:371} INFO - Running <TaskInstance: our_first_dag_v5.second_task scheduled__2021-11-21T00:00:00+00:00 [running]> on host bc7e154a4fdd
[2022-08-06 21:56:31,498] {taskinstance.py:1591} INFO - Exporting the following env vars:
AIRFLOW_CTX_DAG_OWNER=coder2j
AIRFLOW_CTX_DAG_ID=our_first_dag_v5
AIRFLOW_CTX_TASK_ID=second_task
AIRFLOW_CTX_EXECUTION_DATE=2021-11-21T00:00:00+00:00
AIRFLOW_CTX_TRY_NUMBER=1
AIRFLOW_CTX_DAG_RUN_ID=scheduled__2021-11-21T00:00:00+00:00
[2022-08-06 21:56:31,499] {subprocess.py:62} INFO - Tmp dir root location: 
 /tmp
[2022-08-06 21:56:31,500] {subprocess.py:74} INFO - Running command: ['bash', '-c', 'echo hey, I am task2 and will be running after task1!']
[2022-08-06 21:56:31,516] {subprocess.py:85} INFO - Output:
[2022-08-06 21:56:31,518] {subprocess.py:92} INFO - hey, I am task2 and will be running after task1!
[2022-08-06 21:56:31,518] {subprocess.py:96} INFO - Command exited with return code 0
[2022-08-06 21:56:31,570] {taskinstance.py:1420} INFO - Marking task as SUCCESS. dag_id=our_first_dag_v5, task_id=second_task, execution_date=20211121T000000, start_date=20220806T215631, end_date=20220806T215631
[2022-08-06 21:56:31,613] {local_task_job.py:156} INFO - Task exited with return code 0
[2022-08-06 21:56:31,653] {local_task_job.py:273} INFO - 0 downstream tasks scheduled from follow-on schedule check
[2022-08-06 22:11:32,996] {taskinstance.py:1179} INFO - Dependencies all met for <TaskInstance: our_first_dag_v5.second_task scheduled__2021-11-21T00:00:00+00:00 [queued]>
[2022-08-06 22:11:33,014] {taskinstance.py:1179} INFO - Dependencies all met for <TaskInstance: our_first_dag_v5.second_task scheduled__2021-11-21T00:00:00+00:00 [queued]>
[2022-08-06 22:11:33,014] {taskinstance.py:1376} INFO - 
--------------------------------------------------------------------------------
[2022-08-06 22:11:33,014] {taskinstance.py:1377} INFO - Starting attempt 1 of 6
[2022-08-06 22:11:33,014] {taskinstance.py:1378} INFO - 
--------------------------------------------------------------------------------
[2022-08-06 22:11:33,036] {taskinstance.py:1397} INFO - Executing <Task(BashOperator): second_task> on 2021-11-21 00:00:00+00:00
[2022-08-06 22:11:33,044] {standard_task_runner.py:52} INFO - Started process 1178 to run task
[2022-08-06 22:11:33,047] {standard_task_runner.py:79} INFO - Running: ['***', 'tasks', 'run', 'our_first_dag_v5', 'second_task', 'scheduled__2021-11-21T00:00:00+00:00', '--job-id', '349', '--raw', '--subdir', 'DAGS_FOLDER/pipeline.py', '--cfg-path', '/tmp/tmpt5p7c1dm', '--error-file', '/tmp/tmpvap_73ti']
[2022-08-06 22:11:33,048] {standard_task_runner.py:80} INFO - Job 349: Subtask second_task
[2022-08-06 22:11:33,121] {task_command.py:371} INFO - Running <TaskInstance: our_first_dag_v5.second_task scheduled__2021-11-21T00:00:00+00:00 [running]> on host 1250c3b659cd
[2022-08-06 22:11:33,217] {taskinstance.py:1591} INFO - Exporting the following env vars:
AIRFLOW_CTX_DAG_OWNER=coder2j
AIRFLOW_CTX_DAG_ID=our_first_dag_v5
AIRFLOW_CTX_TASK_ID=second_task
AIRFLOW_CTX_EXECUTION_DATE=2021-11-21T00:00:00+00:00
AIRFLOW_CTX_TRY_NUMBER=1
AIRFLOW_CTX_DAG_RUN_ID=scheduled__2021-11-21T00:00:00+00:00
[2022-08-06 22:11:33,218] {subprocess.py:62} INFO - Tmp dir root location: 
 /tmp
[2022-08-06 22:11:33,219] {subprocess.py:74} INFO - Running command: ['bash', '-c', 'echo hey, I am task2 and will be running after task1!']
[2022-08-06 22:11:33,237] {subprocess.py:85} INFO - Output:
[2022-08-06 22:11:33,239] {subprocess.py:92} INFO - hey, I am task2 and will be running after task1!
[2022-08-06 22:11:33,239] {subprocess.py:96} INFO - Command exited with return code 0
[2022-08-06 22:11:33,286] {taskinstance.py:1420} INFO - Marking task as SUCCESS. dag_id=our_first_dag_v5, task_id=second_task, execution_date=20211121T000000, start_date=20220806T221132, end_date=20220806T221133
[2022-08-06 22:11:33,339] {local_task_job.py:156} INFO - Task exited with return code 0
[2022-08-06 22:11:33,373] {local_task_job.py:273} INFO - 0 downstream tasks scheduled from follow-on schedule check
[2022-08-06 22:19:15,622] {taskinstance.py:1179} INFO - Dependencies all met for <TaskInstance: our_first_dag_v5.second_task scheduled__2021-11-21T00:00:00+00:00 [queued]>
[2022-08-06 22:19:15,636] {taskinstance.py:1179} INFO - Dependencies all met for <TaskInstance: our_first_dag_v5.second_task scheduled__2021-11-21T00:00:00+00:00 [queued]>
[2022-08-06 22:19:15,636] {taskinstance.py:1376} INFO - 
--------------------------------------------------------------------------------
[2022-08-06 22:19:15,636] {taskinstance.py:1377} INFO - Starting attempt 1 of 6
[2022-08-06 22:19:15,636] {taskinstance.py:1378} INFO - 
--------------------------------------------------------------------------------
[2022-08-06 22:19:15,656] {taskinstance.py:1397} INFO - Executing <Task(BashOperator): second_task> on 2021-11-21 00:00:00+00:00
[2022-08-06 22:19:15,663] {standard_task_runner.py:52} INFO - Started process 1177 to run task
[2022-08-06 22:19:15,667] {standard_task_runner.py:79} INFO - Running: ['***', 'tasks', 'run', 'our_first_dag_v5', 'second_task', 'scheduled__2021-11-21T00:00:00+00:00', '--job-id', '347', '--raw', '--subdir', 'DAGS_FOLDER/pipeline.py', '--cfg-path', '/tmp/tmpfw9l2b6z', '--error-file', '/tmp/tmpn4ozpypk']
[2022-08-06 22:19:15,667] {standard_task_runner.py:80} INFO - Job 347: Subtask second_task
[2022-08-06 22:19:15,751] {task_command.py:371} INFO - Running <TaskInstance: our_first_dag_v5.second_task scheduled__2021-11-21T00:00:00+00:00 [running]> on host ed53bde1c44a
[2022-08-06 22:19:15,887] {taskinstance.py:1591} INFO - Exporting the following env vars:
AIRFLOW_CTX_DAG_OWNER=coder2j
AIRFLOW_CTX_DAG_ID=our_first_dag_v5
AIRFLOW_CTX_TASK_ID=second_task
AIRFLOW_CTX_EXECUTION_DATE=2021-11-21T00:00:00+00:00
AIRFLOW_CTX_TRY_NUMBER=1
AIRFLOW_CTX_DAG_RUN_ID=scheduled__2021-11-21T00:00:00+00:00
[2022-08-06 22:19:15,890] {subprocess.py:62} INFO - Tmp dir root location: 
 /tmp
[2022-08-06 22:19:15,891] {subprocess.py:74} INFO - Running command: ['bash', '-c', 'echo hey, I am task2 and will be running after task1!']
[2022-08-06 22:19:15,911] {subprocess.py:85} INFO - Output:
[2022-08-06 22:19:15,915] {subprocess.py:92} INFO - hey, I am task2 and will be running after task1!
[2022-08-06 22:19:15,915] {subprocess.py:96} INFO - Command exited with return code 0
[2022-08-06 22:19:15,964] {taskinstance.py:1420} INFO - Marking task as SUCCESS. dag_id=our_first_dag_v5, task_id=second_task, execution_date=20211121T000000, start_date=20220806T221915, end_date=20220806T221915
[2022-08-06 22:19:15,998] {local_task_job.py:156} INFO - Task exited with return code 0
[2022-08-06 22:19:16,049] {local_task_job.py:273} INFO - 0 downstream tasks scheduled from follow-on schedule check
[2022-08-06 22:22:55,619] {taskinstance.py:1179} INFO - Dependencies all met for <TaskInstance: our_first_dag_v5.second_task scheduled__2021-11-21T00:00:00+00:00 [queued]>
[2022-08-06 22:22:55,633] {taskinstance.py:1179} INFO - Dependencies all met for <TaskInstance: our_first_dag_v5.second_task scheduled__2021-11-21T00:00:00+00:00 [queued]>
[2022-08-06 22:22:55,633] {taskinstance.py:1376} INFO - 
--------------------------------------------------------------------------------
[2022-08-06 22:22:55,633] {taskinstance.py:1377} INFO - Starting attempt 1 of 6
[2022-08-06 22:22:55,633] {taskinstance.py:1378} INFO - 
--------------------------------------------------------------------------------
[2022-08-06 22:22:55,652] {taskinstance.py:1397} INFO - Executing <Task(BashOperator): second_task> on 2021-11-21 00:00:00+00:00
[2022-08-06 22:22:55,659] {standard_task_runner.py:52} INFO - Started process 1230 to run task
[2022-08-06 22:22:55,662] {standard_task_runner.py:79} INFO - Running: ['***', 'tasks', 'run', 'our_first_dag_v5', 'second_task', 'scheduled__2021-11-21T00:00:00+00:00', '--job-id', '350', '--raw', '--subdir', 'DAGS_FOLDER/pipeline.py', '--cfg-path', '/tmp/tmpa4uddfdg', '--error-file', '/tmp/tmp5707g0_v']
[2022-08-06 22:22:55,663] {standard_task_runner.py:80} INFO - Job 350: Subtask second_task
[2022-08-06 22:22:55,755] {task_command.py:371} INFO - Running <TaskInstance: our_first_dag_v5.second_task scheduled__2021-11-21T00:00:00+00:00 [running]> on host b215076695c3
[2022-08-06 22:22:55,869] {taskinstance.py:1591} INFO - Exporting the following env vars:
AIRFLOW_CTX_DAG_OWNER=coder2j
AIRFLOW_CTX_DAG_ID=our_first_dag_v5
AIRFLOW_CTX_TASK_ID=second_task
AIRFLOW_CTX_EXECUTION_DATE=2021-11-21T00:00:00+00:00
AIRFLOW_CTX_TRY_NUMBER=1
AIRFLOW_CTX_DAG_RUN_ID=scheduled__2021-11-21T00:00:00+00:00
[2022-08-06 22:22:55,870] {subprocess.py:62} INFO - Tmp dir root location: 
 /tmp
[2022-08-06 22:22:55,871] {subprocess.py:74} INFO - Running command: ['bash', '-c', 'echo hey, I am task2 and will be running after task1!']
[2022-08-06 22:22:55,887] {subprocess.py:85} INFO - Output:
[2022-08-06 22:22:55,888] {subprocess.py:92} INFO - hey, I am task2 and will be running after task1!
[2022-08-06 22:22:55,889] {subprocess.py:96} INFO - Command exited with return code 0
[2022-08-06 22:22:55,924] {taskinstance.py:1420} INFO - Marking task as SUCCESS. dag_id=our_first_dag_v5, task_id=second_task, execution_date=20211121T000000, start_date=20220806T222255, end_date=20220806T222255
[2022-08-06 22:22:55,955] {local_task_job.py:156} INFO - Task exited with return code 0
[2022-08-06 22:22:56,006] {local_task_job.py:273} INFO - 0 downstream tasks scheduled from follow-on schedule check
