[2022-08-06 19:38:44,863] {taskinstance.py:1179} INFO - Dependencies all met for <TaskInstance: our_first_dag_v5.first_task scheduled__2022-04-22T00:00:00+00:00 [queued]>
[2022-08-06 19:38:44,877] {taskinstance.py:1179} INFO - Dependencies all met for <TaskInstance: our_first_dag_v5.first_task scheduled__2022-04-22T00:00:00+00:00 [queued]>
[2022-08-06 19:38:44,877] {taskinstance.py:1376} INFO - 
--------------------------------------------------------------------------------
[2022-08-06 19:38:44,877] {taskinstance.py:1377} INFO - Starting attempt 1 of 6
[2022-08-06 19:38:44,877] {taskinstance.py:1378} INFO - 
--------------------------------------------------------------------------------
[2022-08-06 19:38:44,898] {taskinstance.py:1397} INFO - Executing <Task(BashOperator): first_task> on 2022-04-22 00:00:00+00:00
[2022-08-06 19:38:44,904] {standard_task_runner.py:52} INFO - Started process 2609 to run task
[2022-08-06 19:38:44,906] {standard_task_runner.py:79} INFO - Running: ['***', 'tasks', 'run', 'our_first_dag_v5', 'first_task', 'scheduled__2022-04-22T00:00:00+00:00', '--job-id', '801', '--raw', '--subdir', 'DAGS_FOLDER/pipeline.py', '--cfg-path', '/tmp/tmpgosgb9le', '--error-file', '/tmp/tmpoyb7dgpp']
[2022-08-06 19:38:44,906] {standard_task_runner.py:80} INFO - Job 801: Subtask first_task
[2022-08-06 19:38:44,977] {task_command.py:371} INFO - Running <TaskInstance: our_first_dag_v5.first_task scheduled__2022-04-22T00:00:00+00:00 [running]> on host b29c168c1666
[2022-08-06 19:38:45,068] {taskinstance.py:1591} INFO - Exporting the following env vars:
AIRFLOW_CTX_DAG_OWNER=coder2j
AIRFLOW_CTX_DAG_ID=our_first_dag_v5
AIRFLOW_CTX_TASK_ID=first_task
AIRFLOW_CTX_EXECUTION_DATE=2022-04-22T00:00:00+00:00
AIRFLOW_CTX_TRY_NUMBER=1
AIRFLOW_CTX_DAG_RUN_ID=scheduled__2022-04-22T00:00:00+00:00
[2022-08-06 19:38:45,069] {subprocess.py:62} INFO - Tmp dir root location: 
 /tmp
[2022-08-06 19:38:45,069] {subprocess.py:74} INFO - Running command: ['bash', '-c', 'echo hello world, this is the first task!']
[2022-08-06 19:38:45,086] {subprocess.py:85} INFO - Output:
[2022-08-06 19:38:45,088] {subprocess.py:92} INFO - hello world, this is the first task!
[2022-08-06 19:38:45,088] {subprocess.py:96} INFO - Command exited with return code 0
[2022-08-06 19:38:45,128] {taskinstance.py:1420} INFO - Marking task as SUCCESS. dag_id=our_first_dag_v5, task_id=first_task, execution_date=20220422T000000, start_date=20220806T193844, end_date=20220806T193845
[2022-08-06 19:38:45,158] {local_task_job.py:156} INFO - Task exited with return code 0
[2022-08-06 19:38:45,222] {local_task_job.py:273} INFO - 0 downstream tasks scheduled from follow-on schedule check
[2022-08-06 21:52:35,177] {taskinstance.py:1179} INFO - Dependencies all met for <TaskInstance: our_first_dag_v5.first_task scheduled__2022-04-22T00:00:00+00:00 [queued]>
[2022-08-06 21:52:35,187] {taskinstance.py:1179} INFO - Dependencies all met for <TaskInstance: our_first_dag_v5.first_task scheduled__2022-04-22T00:00:00+00:00 [queued]>
[2022-08-06 21:52:35,187] {taskinstance.py:1376} INFO - 
--------------------------------------------------------------------------------
[2022-08-06 21:52:35,187] {taskinstance.py:1377} INFO - Starting attempt 1 of 6
[2022-08-06 21:52:35,187] {taskinstance.py:1378} INFO - 
--------------------------------------------------------------------------------
[2022-08-06 21:52:35,203] {taskinstance.py:1397} INFO - Executing <Task(BashOperator): first_task> on 2022-04-22 00:00:00+00:00
[2022-08-06 21:52:35,209] {standard_task_runner.py:52} INFO - Started process 2793 to run task
[2022-08-06 21:52:35,211] {standard_task_runner.py:79} INFO - Running: ['***', 'tasks', 'run', 'our_first_dag_v5', 'first_task', 'scheduled__2022-04-22T00:00:00+00:00', '--job-id', '801', '--raw', '--subdir', 'DAGS_FOLDER/pipeline.py', '--cfg-path', '/tmp/tmpolv8umf8', '--error-file', '/tmp/tmp97cftar2']
[2022-08-06 21:52:35,211] {standard_task_runner.py:80} INFO - Job 801: Subtask first_task
[2022-08-06 21:52:35,265] {task_command.py:371} INFO - Running <TaskInstance: our_first_dag_v5.first_task scheduled__2022-04-22T00:00:00+00:00 [running]> on host c3f731879890
[2022-08-06 21:52:35,342] {taskinstance.py:1591} INFO - Exporting the following env vars:
AIRFLOW_CTX_DAG_OWNER=coder2j
AIRFLOW_CTX_DAG_ID=our_first_dag_v5
AIRFLOW_CTX_TASK_ID=first_task
AIRFLOW_CTX_EXECUTION_DATE=2022-04-22T00:00:00+00:00
AIRFLOW_CTX_TRY_NUMBER=1
AIRFLOW_CTX_DAG_RUN_ID=scheduled__2022-04-22T00:00:00+00:00
[2022-08-06 21:52:35,343] {subprocess.py:62} INFO - Tmp dir root location: 
 /tmp
[2022-08-06 21:52:35,343] {subprocess.py:74} INFO - Running command: ['bash', '-c', 'echo hello world, this is the first task!']
[2022-08-06 21:52:35,356] {subprocess.py:85} INFO - Output:
[2022-08-06 21:52:35,358] {subprocess.py:92} INFO - hello world, this is the first task!
[2022-08-06 21:52:35,359] {subprocess.py:96} INFO - Command exited with return code 0
[2022-08-06 21:52:35,388] {taskinstance.py:1420} INFO - Marking task as SUCCESS. dag_id=our_first_dag_v5, task_id=first_task, execution_date=20220422T000000, start_date=20220806T215235, end_date=20220806T215235
[2022-08-06 21:52:35,422] {local_task_job.py:156} INFO - Task exited with return code 0
[2022-08-06 21:52:35,460] {local_task_job.py:273} INFO - 2 downstream tasks scheduled from follow-on schedule check
[2022-08-06 21:57:59,700] {taskinstance.py:1179} INFO - Dependencies all met for <TaskInstance: our_first_dag_v5.first_task scheduled__2022-04-22T00:00:00+00:00 [queued]>
[2022-08-06 21:57:59,710] {taskinstance.py:1179} INFO - Dependencies all met for <TaskInstance: our_first_dag_v5.first_task scheduled__2022-04-22T00:00:00+00:00 [queued]>
[2022-08-06 21:57:59,710] {taskinstance.py:1376} INFO - 
--------------------------------------------------------------------------------
[2022-08-06 21:57:59,710] {taskinstance.py:1377} INFO - Starting attempt 1 of 6
[2022-08-06 21:57:59,711] {taskinstance.py:1378} INFO - 
--------------------------------------------------------------------------------
[2022-08-06 21:57:59,725] {taskinstance.py:1397} INFO - Executing <Task(BashOperator): first_task> on 2022-04-22 00:00:00+00:00
[2022-08-06 21:57:59,740] {standard_task_runner.py:52} INFO - Started process 2569 to run task
[2022-08-06 21:57:59,743] {standard_task_runner.py:79} INFO - Running: ['***', 'tasks', 'run', 'our_first_dag_v5', 'first_task', 'scheduled__2022-04-22T00:00:00+00:00', '--job-id', '793', '--raw', '--subdir', 'DAGS_FOLDER/pipeline.py', '--cfg-path', '/tmp/tmp5ls_mwka', '--error-file', '/tmp/tmpzpuhei9m']
[2022-08-06 21:57:59,743] {standard_task_runner.py:80} INFO - Job 793: Subtask first_task
[2022-08-06 21:57:59,832] {task_command.py:371} INFO - Running <TaskInstance: our_first_dag_v5.first_task scheduled__2022-04-22T00:00:00+00:00 [running]> on host bc7e154a4fdd
[2022-08-06 21:57:59,931] {taskinstance.py:1591} INFO - Exporting the following env vars:
AIRFLOW_CTX_DAG_OWNER=coder2j
AIRFLOW_CTX_DAG_ID=our_first_dag_v5
AIRFLOW_CTX_TASK_ID=first_task
AIRFLOW_CTX_EXECUTION_DATE=2022-04-22T00:00:00+00:00
AIRFLOW_CTX_TRY_NUMBER=1
AIRFLOW_CTX_DAG_RUN_ID=scheduled__2022-04-22T00:00:00+00:00
[2022-08-06 21:57:59,932] {subprocess.py:62} INFO - Tmp dir root location: 
 /tmp
[2022-08-06 21:57:59,933] {subprocess.py:74} INFO - Running command: ['bash', '-c', 'echo hello world, this is the first task!']
[2022-08-06 21:57:59,952] {subprocess.py:85} INFO - Output:
[2022-08-06 21:57:59,954] {subprocess.py:92} INFO - hello world, this is the first task!
[2022-08-06 21:57:59,954] {subprocess.py:96} INFO - Command exited with return code 0
[2022-08-06 21:58:00,022] {taskinstance.py:1420} INFO - Marking task as SUCCESS. dag_id=our_first_dag_v5, task_id=first_task, execution_date=20220422T000000, start_date=20220806T215759, end_date=20220806T215800
[2022-08-06 21:58:00,076] {local_task_job.py:156} INFO - Task exited with return code 0
[2022-08-06 21:58:00,140] {local_task_job.py:273} INFO - 2 downstream tasks scheduled from follow-on schedule check
[2022-08-06 22:13:01,454] {taskinstance.py:1179} INFO - Dependencies all met for <TaskInstance: our_first_dag_v5.first_task scheduled__2022-04-22T00:00:00+00:00 [queued]>
[2022-08-06 22:13:01,471] {taskinstance.py:1179} INFO - Dependencies all met for <TaskInstance: our_first_dag_v5.first_task scheduled__2022-04-22T00:00:00+00:00 [queued]>
[2022-08-06 22:13:01,471] {taskinstance.py:1376} INFO - 
--------------------------------------------------------------------------------
[2022-08-06 22:13:01,471] {taskinstance.py:1377} INFO - Starting attempt 1 of 6
[2022-08-06 22:13:01,471] {taskinstance.py:1378} INFO - 
--------------------------------------------------------------------------------
[2022-08-06 22:13:01,491] {taskinstance.py:1397} INFO - Executing <Task(BashOperator): first_task> on 2022-04-22 00:00:00+00:00
[2022-08-06 22:13:01,499] {standard_task_runner.py:52} INFO - Started process 2587 to run task
[2022-08-06 22:13:01,502] {standard_task_runner.py:79} INFO - Running: ['***', 'tasks', 'run', 'our_first_dag_v5', 'first_task', 'scheduled__2022-04-22T00:00:00+00:00', '--job-id', '797', '--raw', '--subdir', 'DAGS_FOLDER/pipeline.py', '--cfg-path', '/tmp/tmpx3u1pif8', '--error-file', '/tmp/tmp2klirvri']
[2022-08-06 22:13:01,503] {standard_task_runner.py:80} INFO - Job 797: Subtask first_task
[2022-08-06 22:13:01,588] {task_command.py:371} INFO - Running <TaskInstance: our_first_dag_v5.first_task scheduled__2022-04-22T00:00:00+00:00 [running]> on host 1250c3b659cd
[2022-08-06 22:13:01,685] {taskinstance.py:1591} INFO - Exporting the following env vars:
AIRFLOW_CTX_DAG_OWNER=coder2j
AIRFLOW_CTX_DAG_ID=our_first_dag_v5
AIRFLOW_CTX_TASK_ID=first_task
AIRFLOW_CTX_EXECUTION_DATE=2022-04-22T00:00:00+00:00
AIRFLOW_CTX_TRY_NUMBER=1
AIRFLOW_CTX_DAG_RUN_ID=scheduled__2022-04-22T00:00:00+00:00
[2022-08-06 22:13:01,687] {subprocess.py:62} INFO - Tmp dir root location: 
 /tmp
[2022-08-06 22:13:01,687] {subprocess.py:74} INFO - Running command: ['bash', '-c', 'echo hello world, this is the first task!']
[2022-08-06 22:13:01,701] {subprocess.py:85} INFO - Output:
[2022-08-06 22:13:01,703] {subprocess.py:92} INFO - hello world, this is the first task!
[2022-08-06 22:13:01,703] {subprocess.py:96} INFO - Command exited with return code 0
[2022-08-06 22:13:01,736] {taskinstance.py:1420} INFO - Marking task as SUCCESS. dag_id=our_first_dag_v5, task_id=first_task, execution_date=20220422T000000, start_date=20220806T221301, end_date=20220806T221301
[2022-08-06 22:13:01,794] {local_task_job.py:156} INFO - Task exited with return code 0
[2022-08-06 22:13:01,845] {local_task_job.py:273} INFO - 2 downstream tasks scheduled from follow-on schedule check
[2022-08-06 22:24:19,923] {taskinstance.py:1179} INFO - Dependencies all met for <TaskInstance: our_first_dag_v5.first_task scheduled__2022-04-22T00:00:00+00:00 [queued]>
[2022-08-06 22:24:19,934] {taskinstance.py:1179} INFO - Dependencies all met for <TaskInstance: our_first_dag_v5.first_task scheduled__2022-04-22T00:00:00+00:00 [queued]>
[2022-08-06 22:24:19,934] {taskinstance.py:1376} INFO - 
--------------------------------------------------------------------------------
[2022-08-06 22:24:19,934] {taskinstance.py:1377} INFO - Starting attempt 1 of 6
[2022-08-06 22:24:19,934] {taskinstance.py:1378} INFO - 
--------------------------------------------------------------------------------
[2022-08-06 22:24:19,950] {taskinstance.py:1397} INFO - Executing <Task(BashOperator): first_task> on 2022-04-22 00:00:00+00:00
[2022-08-06 22:24:19,955] {standard_task_runner.py:52} INFO - Started process 2644 to run task
[2022-08-06 22:24:19,957] {standard_task_runner.py:79} INFO - Running: ['***', 'tasks', 'run', 'our_first_dag_v5', 'first_task', 'scheduled__2022-04-22T00:00:00+00:00', '--job-id', '800', '--raw', '--subdir', 'DAGS_FOLDER/pipeline.py', '--cfg-path', '/tmp/tmpp043pht2', '--error-file', '/tmp/tmpzywyq1hw']
[2022-08-06 22:24:19,958] {standard_task_runner.py:80} INFO - Job 800: Subtask first_task
[2022-08-06 22:24:20,023] {task_command.py:371} INFO - Running <TaskInstance: our_first_dag_v5.first_task scheduled__2022-04-22T00:00:00+00:00 [running]> on host b215076695c3
[2022-08-06 22:24:20,115] {taskinstance.py:1591} INFO - Exporting the following env vars:
AIRFLOW_CTX_DAG_OWNER=coder2j
AIRFLOW_CTX_DAG_ID=our_first_dag_v5
AIRFLOW_CTX_TASK_ID=first_task
AIRFLOW_CTX_EXECUTION_DATE=2022-04-22T00:00:00+00:00
AIRFLOW_CTX_TRY_NUMBER=1
AIRFLOW_CTX_DAG_RUN_ID=scheduled__2022-04-22T00:00:00+00:00
[2022-08-06 22:24:20,116] {subprocess.py:62} INFO - Tmp dir root location: 
 /tmp
[2022-08-06 22:24:20,116] {subprocess.py:74} INFO - Running command: ['bash', '-c', 'echo hello world, this is the first task!']
[2022-08-06 22:24:20,132] {subprocess.py:85} INFO - Output:
[2022-08-06 22:24:20,133] {subprocess.py:92} INFO - hello world, this is the first task!
[2022-08-06 22:24:20,133] {subprocess.py:96} INFO - Command exited with return code 0
[2022-08-06 22:24:20,192] {taskinstance.py:1420} INFO - Marking task as SUCCESS. dag_id=our_first_dag_v5, task_id=first_task, execution_date=20220422T000000, start_date=20220806T222419, end_date=20220806T222420
[2022-08-06 22:24:20,249] {local_task_job.py:156} INFO - Task exited with return code 0
[2022-08-06 22:24:20,296] {local_task_job.py:273} INFO - 2 downstream tasks scheduled from follow-on schedule check
