[2022-08-06 19:36:35,739] {taskinstance.py:1179} INFO - Dependencies all met for <TaskInstance: our_first_dag_v5.first_task scheduled__2021-09-29T00:00:00+00:00 [queued]>
[2022-08-06 19:36:35,753] {taskinstance.py:1179} INFO - Dependencies all met for <TaskInstance: our_first_dag_v5.first_task scheduled__2021-09-29T00:00:00+00:00 [queued]>
[2022-08-06 19:36:35,754] {taskinstance.py:1376} INFO - 
--------------------------------------------------------------------------------
[2022-08-06 19:36:35,754] {taskinstance.py:1377} INFO - Starting attempt 1 of 6
[2022-08-06 19:36:35,754] {taskinstance.py:1378} INFO - 
--------------------------------------------------------------------------------
[2022-08-06 19:36:35,774] {taskinstance.py:1397} INFO - Executing <Task(BashOperator): first_task> on 2021-09-29 00:00:00+00:00
[2022-08-06 19:36:35,780] {standard_task_runner.py:52} INFO - Started process 648 to run task
[2022-08-06 19:36:35,783] {standard_task_runner.py:79} INFO - Running: ['***', 'tasks', 'run', 'our_first_dag_v5', 'first_task', 'scheduled__2021-09-29T00:00:00+00:00', '--job-id', '179', '--raw', '--subdir', 'DAGS_FOLDER/pipeline.py', '--cfg-path', '/tmp/tmpgyt_mvuo', '--error-file', '/tmp/tmpuu48llr2']
[2022-08-06 19:36:35,784] {standard_task_runner.py:80} INFO - Job 179: Subtask first_task
[2022-08-06 19:36:35,873] {task_command.py:371} INFO - Running <TaskInstance: our_first_dag_v5.first_task scheduled__2021-09-29T00:00:00+00:00 [running]> on host b29c168c1666
[2022-08-06 19:36:36,021] {taskinstance.py:1591} INFO - Exporting the following env vars:
AIRFLOW_CTX_DAG_OWNER=coder2j
AIRFLOW_CTX_DAG_ID=our_first_dag_v5
AIRFLOW_CTX_TASK_ID=first_task
AIRFLOW_CTX_EXECUTION_DATE=2021-09-29T00:00:00+00:00
AIRFLOW_CTX_TRY_NUMBER=1
AIRFLOW_CTX_DAG_RUN_ID=scheduled__2021-09-29T00:00:00+00:00
[2022-08-06 19:36:36,022] {subprocess.py:62} INFO - Tmp dir root location: 
 /tmp
[2022-08-06 19:36:36,022] {subprocess.py:74} INFO - Running command: ['bash', '-c', 'echo hello world, this is the first task!']
[2022-08-06 19:36:36,045] {subprocess.py:85} INFO - Output:
[2022-08-06 19:36:36,047] {subprocess.py:92} INFO - hello world, this is the first task!
[2022-08-06 19:36:36,047] {subprocess.py:96} INFO - Command exited with return code 0
[2022-08-06 19:36:36,090] {taskinstance.py:1420} INFO - Marking task as SUCCESS. dag_id=our_first_dag_v5, task_id=first_task, execution_date=20210929T000000, start_date=20220806T193635, end_date=20220806T193636
[2022-08-06 19:36:36,116] {local_task_job.py:156} INFO - Task exited with return code 0
[2022-08-06 19:36:36,157] {local_task_job.py:273} INFO - 2 downstream tasks scheduled from follow-on schedule check
[2022-08-06 21:50:29,041] {taskinstance.py:1179} INFO - Dependencies all met for <TaskInstance: our_first_dag_v5.first_task scheduled__2021-09-29T00:00:00+00:00 [queued]>
[2022-08-06 21:50:29,054] {taskinstance.py:1179} INFO - Dependencies all met for <TaskInstance: our_first_dag_v5.first_task scheduled__2021-09-29T00:00:00+00:00 [queued]>
[2022-08-06 21:50:29,054] {taskinstance.py:1376} INFO - 
--------------------------------------------------------------------------------
[2022-08-06 21:50:29,054] {taskinstance.py:1377} INFO - Starting attempt 1 of 6
[2022-08-06 21:50:29,054] {taskinstance.py:1378} INFO - 
--------------------------------------------------------------------------------
[2022-08-06 21:50:29,071] {taskinstance.py:1397} INFO - Executing <Task(BashOperator): first_task> on 2021-09-29 00:00:00+00:00
[2022-08-06 21:50:29,077] {standard_task_runner.py:52} INFO - Started process 836 to run task
[2022-08-06 21:50:29,080] {standard_task_runner.py:79} INFO - Running: ['***', 'tasks', 'run', 'our_first_dag_v5', 'first_task', 'scheduled__2021-09-29T00:00:00+00:00', '--job-id', '180', '--raw', '--subdir', 'DAGS_FOLDER/pipeline.py', '--cfg-path', '/tmp/tmpobxvw75_', '--error-file', '/tmp/tmp9354qy_0']
[2022-08-06 21:50:29,080] {standard_task_runner.py:80} INFO - Job 180: Subtask first_task
[2022-08-06 21:50:29,161] {task_command.py:371} INFO - Running <TaskInstance: our_first_dag_v5.first_task scheduled__2021-09-29T00:00:00+00:00 [running]> on host c3f731879890
[2022-08-06 21:50:29,260] {taskinstance.py:1591} INFO - Exporting the following env vars:
AIRFLOW_CTX_DAG_OWNER=coder2j
AIRFLOW_CTX_DAG_ID=our_first_dag_v5
AIRFLOW_CTX_TASK_ID=first_task
AIRFLOW_CTX_EXECUTION_DATE=2021-09-29T00:00:00+00:00
AIRFLOW_CTX_TRY_NUMBER=1
AIRFLOW_CTX_DAG_RUN_ID=scheduled__2021-09-29T00:00:00+00:00
[2022-08-06 21:50:29,261] {subprocess.py:62} INFO - Tmp dir root location: 
 /tmp
[2022-08-06 21:50:29,262] {subprocess.py:74} INFO - Running command: ['bash', '-c', 'echo hello world, this is the first task!']
[2022-08-06 21:50:29,276] {subprocess.py:85} INFO - Output:
[2022-08-06 21:50:29,278] {subprocess.py:92} INFO - hello world, this is the first task!
[2022-08-06 21:50:29,278] {subprocess.py:96} INFO - Command exited with return code 0
[2022-08-06 21:50:29,334] {taskinstance.py:1420} INFO - Marking task as SUCCESS. dag_id=our_first_dag_v5, task_id=first_task, execution_date=20210929T000000, start_date=20220806T215029, end_date=20220806T215029
[2022-08-06 21:50:29,372] {local_task_job.py:156} INFO - Task exited with return code 0
[2022-08-06 21:50:29,427] {local_task_job.py:273} INFO - 2 downstream tasks scheduled from follow-on schedule check
[2022-08-06 21:55:58,383] {taskinstance.py:1179} INFO - Dependencies all met for <TaskInstance: our_first_dag_v5.first_task scheduled__2021-09-29T00:00:00+00:00 [queued]>
[2022-08-06 21:55:58,396] {taskinstance.py:1179} INFO - Dependencies all met for <TaskInstance: our_first_dag_v5.first_task scheduled__2021-09-29T00:00:00+00:00 [queued]>
[2022-08-06 21:55:58,396] {taskinstance.py:1376} INFO - 
--------------------------------------------------------------------------------
[2022-08-06 21:55:58,396] {taskinstance.py:1377} INFO - Starting attempt 1 of 6
[2022-08-06 21:55:58,396] {taskinstance.py:1378} INFO - 
--------------------------------------------------------------------------------
[2022-08-06 21:55:58,414] {taskinstance.py:1397} INFO - Executing <Task(BashOperator): first_task> on 2021-09-29 00:00:00+00:00
[2022-08-06 21:55:58,421] {standard_task_runner.py:52} INFO - Started process 643 to run task
[2022-08-06 21:55:58,424] {standard_task_runner.py:79} INFO - Running: ['***', 'tasks', 'run', 'our_first_dag_v5', 'first_task', 'scheduled__2021-09-29T00:00:00+00:00', '--job-id', '180', '--raw', '--subdir', 'DAGS_FOLDER/pipeline.py', '--cfg-path', '/tmp/tmpb6n_v902', '--error-file', '/tmp/tmprjkhspun']
[2022-08-06 21:55:58,425] {standard_task_runner.py:80} INFO - Job 180: Subtask first_task
[2022-08-06 21:55:58,536] {task_command.py:371} INFO - Running <TaskInstance: our_first_dag_v5.first_task scheduled__2021-09-29T00:00:00+00:00 [running]> on host bc7e154a4fdd
[2022-08-06 21:55:58,617] {taskinstance.py:1591} INFO - Exporting the following env vars:
AIRFLOW_CTX_DAG_OWNER=coder2j
AIRFLOW_CTX_DAG_ID=our_first_dag_v5
AIRFLOW_CTX_TASK_ID=first_task
AIRFLOW_CTX_EXECUTION_DATE=2021-09-29T00:00:00+00:00
AIRFLOW_CTX_TRY_NUMBER=1
AIRFLOW_CTX_DAG_RUN_ID=scheduled__2021-09-29T00:00:00+00:00
[2022-08-06 21:55:58,618] {subprocess.py:62} INFO - Tmp dir root location: 
 /tmp
[2022-08-06 21:55:58,618] {subprocess.py:74} INFO - Running command: ['bash', '-c', 'echo hello world, this is the first task!']
[2022-08-06 21:55:58,635] {subprocess.py:85} INFO - Output:
[2022-08-06 21:55:58,638] {subprocess.py:92} INFO - hello world, this is the first task!
[2022-08-06 21:55:58,639] {subprocess.py:96} INFO - Command exited with return code 0
[2022-08-06 21:55:58,672] {taskinstance.py:1420} INFO - Marking task as SUCCESS. dag_id=our_first_dag_v5, task_id=first_task, execution_date=20210929T000000, start_date=20220806T215558, end_date=20220806T215558
[2022-08-06 21:55:58,716] {local_task_job.py:156} INFO - Task exited with return code 0
[2022-08-06 21:55:58,768] {local_task_job.py:273} INFO - 2 downstream tasks scheduled from follow-on schedule check
[2022-08-06 22:11:00,402] {taskinstance.py:1179} INFO - Dependencies all met for <TaskInstance: our_first_dag_v5.first_task scheduled__2021-09-29T00:00:00+00:00 [queued]>
[2022-08-06 22:11:00,419] {taskinstance.py:1179} INFO - Dependencies all met for <TaskInstance: our_first_dag_v5.first_task scheduled__2021-09-29T00:00:00+00:00 [queued]>
[2022-08-06 22:11:00,419] {taskinstance.py:1376} INFO - 
--------------------------------------------------------------------------------
[2022-08-06 22:11:00,420] {taskinstance.py:1377} INFO - Starting attempt 1 of 6
[2022-08-06 22:11:00,420] {taskinstance.py:1378} INFO - 
--------------------------------------------------------------------------------
[2022-08-06 22:11:00,437] {taskinstance.py:1397} INFO - Executing <Task(BashOperator): first_task> on 2021-09-29 00:00:00+00:00
[2022-08-06 22:11:00,445] {standard_task_runner.py:52} INFO - Started process 644 to run task
[2022-08-06 22:11:00,448] {standard_task_runner.py:79} INFO - Running: ['***', 'tasks', 'run', 'our_first_dag_v5', 'first_task', 'scheduled__2021-09-29T00:00:00+00:00', '--job-id', '182', '--raw', '--subdir', 'DAGS_FOLDER/pipeline.py', '--cfg-path', '/tmp/tmpumyn801j', '--error-file', '/tmp/tmpfi4ctzr7']
[2022-08-06 22:11:00,449] {standard_task_runner.py:80} INFO - Job 182: Subtask first_task
[2022-08-06 22:11:00,541] {task_command.py:371} INFO - Running <TaskInstance: our_first_dag_v5.first_task scheduled__2021-09-29T00:00:00+00:00 [running]> on host 1250c3b659cd
[2022-08-06 22:11:00,654] {taskinstance.py:1591} INFO - Exporting the following env vars:
AIRFLOW_CTX_DAG_OWNER=coder2j
AIRFLOW_CTX_DAG_ID=our_first_dag_v5
AIRFLOW_CTX_TASK_ID=first_task
AIRFLOW_CTX_EXECUTION_DATE=2021-09-29T00:00:00+00:00
AIRFLOW_CTX_TRY_NUMBER=1
AIRFLOW_CTX_DAG_RUN_ID=scheduled__2021-09-29T00:00:00+00:00
[2022-08-06 22:11:00,655] {subprocess.py:62} INFO - Tmp dir root location: 
 /tmp
[2022-08-06 22:11:00,656] {subprocess.py:74} INFO - Running command: ['bash', '-c', 'echo hello world, this is the first task!']
[2022-08-06 22:11:00,672] {subprocess.py:85} INFO - Output:
[2022-08-06 22:11:00,674] {subprocess.py:92} INFO - hello world, this is the first task!
[2022-08-06 22:11:00,675] {subprocess.py:96} INFO - Command exited with return code 0
[2022-08-06 22:11:00,746] {taskinstance.py:1420} INFO - Marking task as SUCCESS. dag_id=our_first_dag_v5, task_id=first_task, execution_date=20210929T000000, start_date=20220806T221100, end_date=20220806T221100
[2022-08-06 22:11:00,787] {local_task_job.py:156} INFO - Task exited with return code 0
[2022-08-06 22:11:00,831] {local_task_job.py:273} INFO - 2 downstream tasks scheduled from follow-on schedule check
[2022-08-06 22:18:45,938] {taskinstance.py:1179} INFO - Dependencies all met for <TaskInstance: our_first_dag_v5.first_task scheduled__2021-09-29T00:00:00+00:00 [queued]>
[2022-08-06 22:18:45,952] {taskinstance.py:1179} INFO - Dependencies all met for <TaskInstance: our_first_dag_v5.first_task scheduled__2021-09-29T00:00:00+00:00 [queued]>
[2022-08-06 22:18:45,952] {taskinstance.py:1376} INFO - 
--------------------------------------------------------------------------------
[2022-08-06 22:18:45,952] {taskinstance.py:1377} INFO - Starting attempt 1 of 6
[2022-08-06 22:18:45,952] {taskinstance.py:1378} INFO - 
--------------------------------------------------------------------------------
[2022-08-06 22:18:45,970] {taskinstance.py:1397} INFO - Executing <Task(BashOperator): first_task> on 2021-09-29 00:00:00+00:00
[2022-08-06 22:18:45,977] {standard_task_runner.py:52} INFO - Started process 661 to run task
[2022-08-06 22:18:45,980] {standard_task_runner.py:79} INFO - Running: ['***', 'tasks', 'run', 'our_first_dag_v5', 'first_task', 'scheduled__2021-09-29T00:00:00+00:00', '--job-id', '182', '--raw', '--subdir', 'DAGS_FOLDER/pipeline.py', '--cfg-path', '/tmp/tmpez_totwd', '--error-file', '/tmp/tmph7r7pnib']
[2022-08-06 22:18:45,980] {standard_task_runner.py:80} INFO - Job 182: Subtask first_task
[2022-08-06 22:18:46,075] {task_command.py:371} INFO - Running <TaskInstance: our_first_dag_v5.first_task scheduled__2021-09-29T00:00:00+00:00 [running]> on host ed53bde1c44a
[2022-08-06 22:18:46,160] {taskinstance.py:1591} INFO - Exporting the following env vars:
AIRFLOW_CTX_DAG_OWNER=coder2j
AIRFLOW_CTX_DAG_ID=our_first_dag_v5
AIRFLOW_CTX_TASK_ID=first_task
AIRFLOW_CTX_EXECUTION_DATE=2021-09-29T00:00:00+00:00
AIRFLOW_CTX_TRY_NUMBER=1
AIRFLOW_CTX_DAG_RUN_ID=scheduled__2021-09-29T00:00:00+00:00
[2022-08-06 22:18:46,161] {subprocess.py:62} INFO - Tmp dir root location: 
 /tmp
[2022-08-06 22:18:46,162] {subprocess.py:74} INFO - Running command: ['bash', '-c', 'echo hello world, this is the first task!']
[2022-08-06 22:18:46,175] {subprocess.py:85} INFO - Output:
[2022-08-06 22:18:46,176] {subprocess.py:92} INFO - hello world, this is the first task!
[2022-08-06 22:18:46,177] {subprocess.py:96} INFO - Command exited with return code 0
[2022-08-06 22:18:46,206] {taskinstance.py:1420} INFO - Marking task as SUCCESS. dag_id=our_first_dag_v5, task_id=first_task, execution_date=20210929T000000, start_date=20220806T221845, end_date=20220806T221846
[2022-08-06 22:18:46,231] {local_task_job.py:156} INFO - Task exited with return code 0
[2022-08-06 22:18:46,278] {local_task_job.py:273} INFO - 2 downstream tasks scheduled from follow-on schedule check
[2022-08-06 22:22:21,299] {taskinstance.py:1179} INFO - Dependencies all met for <TaskInstance: our_first_dag_v5.first_task scheduled__2021-09-29T00:00:00+00:00 [queued]>
[2022-08-06 22:22:21,312] {taskinstance.py:1179} INFO - Dependencies all met for <TaskInstance: our_first_dag_v5.first_task scheduled__2021-09-29T00:00:00+00:00 [queued]>
[2022-08-06 22:22:21,313] {taskinstance.py:1376} INFO - 
--------------------------------------------------------------------------------
[2022-08-06 22:22:21,313] {taskinstance.py:1377} INFO - Starting attempt 1 of 6
[2022-08-06 22:22:21,313] {taskinstance.py:1378} INFO - 
--------------------------------------------------------------------------------
[2022-08-06 22:22:21,329] {taskinstance.py:1397} INFO - Executing <Task(BashOperator): first_task> on 2021-09-29 00:00:00+00:00
[2022-08-06 22:22:21,335] {standard_task_runner.py:52} INFO - Started process 687 to run task
[2022-08-06 22:22:21,338] {standard_task_runner.py:79} INFO - Running: ['***', 'tasks', 'run', 'our_first_dag_v5', 'first_task', 'scheduled__2021-09-29T00:00:00+00:00', '--job-id', '177', '--raw', '--subdir', 'DAGS_FOLDER/pipeline.py', '--cfg-path', '/tmp/tmpfxr514tu', '--error-file', '/tmp/tmpq1ymk17f']
[2022-08-06 22:22:21,338] {standard_task_runner.py:80} INFO - Job 177: Subtask first_task
[2022-08-06 22:22:21,411] {task_command.py:371} INFO - Running <TaskInstance: our_first_dag_v5.first_task scheduled__2021-09-29T00:00:00+00:00 [running]> on host b215076695c3
[2022-08-06 22:22:21,530] {taskinstance.py:1591} INFO - Exporting the following env vars:
AIRFLOW_CTX_DAG_OWNER=coder2j
AIRFLOW_CTX_DAG_ID=our_first_dag_v5
AIRFLOW_CTX_TASK_ID=first_task
AIRFLOW_CTX_EXECUTION_DATE=2021-09-29T00:00:00+00:00
AIRFLOW_CTX_TRY_NUMBER=1
AIRFLOW_CTX_DAG_RUN_ID=scheduled__2021-09-29T00:00:00+00:00
[2022-08-06 22:22:21,531] {subprocess.py:62} INFO - Tmp dir root location: 
 /tmp
[2022-08-06 22:22:21,532] {subprocess.py:74} INFO - Running command: ['bash', '-c', 'echo hello world, this is the first task!']
[2022-08-06 22:22:21,548] {subprocess.py:85} INFO - Output:
[2022-08-06 22:22:21,550] {subprocess.py:92} INFO - hello world, this is the first task!
[2022-08-06 22:22:21,550] {subprocess.py:96} INFO - Command exited with return code 0
[2022-08-06 22:22:21,595] {taskinstance.py:1420} INFO - Marking task as SUCCESS. dag_id=our_first_dag_v5, task_id=first_task, execution_date=20210929T000000, start_date=20220806T222221, end_date=20220806T222221
[2022-08-06 22:22:21,631] {local_task_job.py:156} INFO - Task exited with return code 0
[2022-08-06 22:22:21,714] {local_task_job.py:273} INFO - 0 downstream tasks scheduled from follow-on schedule check
