[2022-08-06 19:36:42,421] {taskinstance.py:1179} INFO - Dependencies all met for <TaskInstance: our_first_dag_v5.second_task scheduled__2021-10-08T00:00:00+00:00 [queued]>
[2022-08-06 19:36:42,434] {taskinstance.py:1179} INFO - Dependencies all met for <TaskInstance: our_first_dag_v5.second_task scheduled__2021-10-08T00:00:00+00:00 [queued]>
[2022-08-06 19:36:42,434] {taskinstance.py:1376} INFO - 
--------------------------------------------------------------------------------
[2022-08-06 19:36:42,434] {taskinstance.py:1377} INFO - Starting attempt 1 of 6
[2022-08-06 19:36:42,434] {taskinstance.py:1378} INFO - 
--------------------------------------------------------------------------------
[2022-08-06 19:36:42,453] {taskinstance.py:1397} INFO - Executing <Task(BashOperator): second_task> on 2021-10-08 00:00:00+00:00
[2022-08-06 19:36:42,459] {standard_task_runner.py:52} INFO - Started process 760 to run task
[2022-08-06 19:36:42,462] {standard_task_runner.py:79} INFO - Running: ['***', 'tasks', 'run', 'our_first_dag_v5', 'second_task', 'scheduled__2021-10-08T00:00:00+00:00', '--job-id', '213', '--raw', '--subdir', 'DAGS_FOLDER/pipeline.py', '--cfg-path', '/tmp/tmprq90qt3s', '--error-file', '/tmp/tmptbdx41h8']
[2022-08-06 19:36:42,462] {standard_task_runner.py:80} INFO - Job 213: Subtask second_task
[2022-08-06 19:36:42,542] {task_command.py:371} INFO - Running <TaskInstance: our_first_dag_v5.second_task scheduled__2021-10-08T00:00:00+00:00 [running]> on host b29c168c1666
[2022-08-06 19:36:42,658] {taskinstance.py:1591} INFO - Exporting the following env vars:
AIRFLOW_CTX_DAG_OWNER=coder2j
AIRFLOW_CTX_DAG_ID=our_first_dag_v5
AIRFLOW_CTX_TASK_ID=second_task
AIRFLOW_CTX_EXECUTION_DATE=2021-10-08T00:00:00+00:00
AIRFLOW_CTX_TRY_NUMBER=1
AIRFLOW_CTX_DAG_RUN_ID=scheduled__2021-10-08T00:00:00+00:00
[2022-08-06 19:36:42,659] {subprocess.py:62} INFO - Tmp dir root location: 
 /tmp
[2022-08-06 19:36:42,659] {subprocess.py:74} INFO - Running command: ['bash', '-c', 'echo hey, I am task2 and will be running after task1!']
[2022-08-06 19:36:42,674] {subprocess.py:85} INFO - Output:
[2022-08-06 19:36:42,676] {subprocess.py:92} INFO - hey, I am task2 and will be running after task1!
[2022-08-06 19:36:42,676] {subprocess.py:96} INFO - Command exited with return code 0
[2022-08-06 19:36:42,711] {taskinstance.py:1420} INFO - Marking task as SUCCESS. dag_id=our_first_dag_v5, task_id=second_task, execution_date=20211008T000000, start_date=20220806T193642, end_date=20220806T193642
[2022-08-06 19:36:42,753] {local_task_job.py:156} INFO - Task exited with return code 0
[2022-08-06 19:36:42,789] {local_task_job.py:273} INFO - 0 downstream tasks scheduled from follow-on schedule check
[2022-08-06 21:50:35,192] {taskinstance.py:1179} INFO - Dependencies all met for <TaskInstance: our_first_dag_v5.second_task scheduled__2021-10-08T00:00:00+00:00 [queued]>
[2022-08-06 21:50:35,205] {taskinstance.py:1179} INFO - Dependencies all met for <TaskInstance: our_first_dag_v5.second_task scheduled__2021-10-08T00:00:00+00:00 [queued]>
[2022-08-06 21:50:35,205] {taskinstance.py:1376} INFO - 
--------------------------------------------------------------------------------
[2022-08-06 21:50:35,205] {taskinstance.py:1377} INFO - Starting attempt 1 of 6
[2022-08-06 21:50:35,205] {taskinstance.py:1378} INFO - 
--------------------------------------------------------------------------------
[2022-08-06 21:50:35,220] {taskinstance.py:1397} INFO - Executing <Task(BashOperator): second_task> on 2021-10-08 00:00:00+00:00
[2022-08-06 21:50:35,226] {standard_task_runner.py:52} INFO - Started process 949 to run task
[2022-08-06 21:50:35,229] {standard_task_runner.py:79} INFO - Running: ['***', 'tasks', 'run', 'our_first_dag_v5', 'second_task', 'scheduled__2021-10-08T00:00:00+00:00', '--job-id', '218', '--raw', '--subdir', 'DAGS_FOLDER/pipeline.py', '--cfg-path', '/tmp/tmpktnb4dv_', '--error-file', '/tmp/tmp9dr009ej']
[2022-08-06 21:50:35,230] {standard_task_runner.py:80} INFO - Job 218: Subtask second_task
[2022-08-06 21:50:35,314] {task_command.py:371} INFO - Running <TaskInstance: our_first_dag_v5.second_task scheduled__2021-10-08T00:00:00+00:00 [running]> on host c3f731879890
[2022-08-06 21:50:35,420] {taskinstance.py:1591} INFO - Exporting the following env vars:
AIRFLOW_CTX_DAG_OWNER=coder2j
AIRFLOW_CTX_DAG_ID=our_first_dag_v5
AIRFLOW_CTX_TASK_ID=second_task
AIRFLOW_CTX_EXECUTION_DATE=2021-10-08T00:00:00+00:00
AIRFLOW_CTX_TRY_NUMBER=1
AIRFLOW_CTX_DAG_RUN_ID=scheduled__2021-10-08T00:00:00+00:00
[2022-08-06 21:50:35,422] {subprocess.py:62} INFO - Tmp dir root location: 
 /tmp
[2022-08-06 21:50:35,423] {subprocess.py:74} INFO - Running command: ['bash', '-c', 'echo hey, I am task2 and will be running after task1!']
[2022-08-06 21:50:35,440] {subprocess.py:85} INFO - Output:
[2022-08-06 21:50:35,443] {subprocess.py:92} INFO - hey, I am task2 and will be running after task1!
[2022-08-06 21:50:35,444] {subprocess.py:96} INFO - Command exited with return code 0
[2022-08-06 21:50:35,476] {taskinstance.py:1420} INFO - Marking task as SUCCESS. dag_id=our_first_dag_v5, task_id=second_task, execution_date=20211008T000000, start_date=20220806T215035, end_date=20220806T215035
[2022-08-06 21:50:35,521] {local_task_job.py:156} INFO - Task exited with return code 0
[2022-08-06 21:50:35,559] {local_task_job.py:273} INFO - 0 downstream tasks scheduled from follow-on schedule check
[2022-08-06 21:56:04,568] {taskinstance.py:1179} INFO - Dependencies all met for <TaskInstance: our_first_dag_v5.second_task scheduled__2021-10-08T00:00:00+00:00 [queued]>
[2022-08-06 21:56:04,587] {taskinstance.py:1179} INFO - Dependencies all met for <TaskInstance: our_first_dag_v5.second_task scheduled__2021-10-08T00:00:00+00:00 [queued]>
[2022-08-06 21:56:04,587] {taskinstance.py:1376} INFO - 
--------------------------------------------------------------------------------
[2022-08-06 21:56:04,587] {taskinstance.py:1377} INFO - Starting attempt 1 of 6
[2022-08-06 21:56:04,587] {taskinstance.py:1378} INFO - 
--------------------------------------------------------------------------------
[2022-08-06 21:56:04,609] {taskinstance.py:1397} INFO - Executing <Task(BashOperator): second_task> on 2021-10-08 00:00:00+00:00
[2022-08-06 21:56:04,617] {standard_task_runner.py:52} INFO - Started process 756 to run task
[2022-08-06 21:56:04,620] {standard_task_runner.py:79} INFO - Running: ['***', 'tasks', 'run', 'our_first_dag_v5', 'second_task', 'scheduled__2021-10-08T00:00:00+00:00', '--job-id', '218', '--raw', '--subdir', 'DAGS_FOLDER/pipeline.py', '--cfg-path', '/tmp/tmpy773ushx', '--error-file', '/tmp/tmpx7cpvrr1']
[2022-08-06 21:56:04,621] {standard_task_runner.py:80} INFO - Job 218: Subtask second_task
[2022-08-06 21:56:04,700] {task_command.py:371} INFO - Running <TaskInstance: our_first_dag_v5.second_task scheduled__2021-10-08T00:00:00+00:00 [running]> on host bc7e154a4fdd
[2022-08-06 21:56:04,798] {taskinstance.py:1591} INFO - Exporting the following env vars:
AIRFLOW_CTX_DAG_OWNER=coder2j
AIRFLOW_CTX_DAG_ID=our_first_dag_v5
AIRFLOW_CTX_TASK_ID=second_task
AIRFLOW_CTX_EXECUTION_DATE=2021-10-08T00:00:00+00:00
AIRFLOW_CTX_TRY_NUMBER=1
AIRFLOW_CTX_DAG_RUN_ID=scheduled__2021-10-08T00:00:00+00:00
[2022-08-06 21:56:04,799] {subprocess.py:62} INFO - Tmp dir root location: 
 /tmp
[2022-08-06 21:56:04,800] {subprocess.py:74} INFO - Running command: ['bash', '-c', 'echo hey, I am task2 and will be running after task1!']
[2022-08-06 21:56:04,813] {subprocess.py:85} INFO - Output:
[2022-08-06 21:56:04,815] {subprocess.py:92} INFO - hey, I am task2 and will be running after task1!
[2022-08-06 21:56:04,815] {subprocess.py:96} INFO - Command exited with return code 0
[2022-08-06 21:56:04,851] {taskinstance.py:1420} INFO - Marking task as SUCCESS. dag_id=our_first_dag_v5, task_id=second_task, execution_date=20211008T000000, start_date=20220806T215604, end_date=20220806T215604
[2022-08-06 21:56:04,914] {local_task_job.py:156} INFO - Task exited with return code 0
[2022-08-06 21:56:04,954] {local_task_job.py:273} INFO - 0 downstream tasks scheduled from follow-on schedule check
[2022-08-06 22:11:07,870] {taskinstance.py:1179} INFO - Dependencies all met for <TaskInstance: our_first_dag_v5.second_task scheduled__2021-10-08T00:00:00+00:00 [queued]>
[2022-08-06 22:11:07,889] {taskinstance.py:1179} INFO - Dependencies all met for <TaskInstance: our_first_dag_v5.second_task scheduled__2021-10-08T00:00:00+00:00 [queued]>
[2022-08-06 22:11:07,889] {taskinstance.py:1376} INFO - 
--------------------------------------------------------------------------------
[2022-08-06 22:11:07,889] {taskinstance.py:1377} INFO - Starting attempt 1 of 6
[2022-08-06 22:11:07,889] {taskinstance.py:1378} INFO - 
--------------------------------------------------------------------------------
[2022-08-06 22:11:07,910] {taskinstance.py:1397} INFO - Executing <Task(BashOperator): second_task> on 2021-10-08 00:00:00+00:00
[2022-08-06 22:11:07,919] {standard_task_runner.py:52} INFO - Started process 770 to run task
[2022-08-06 22:11:07,922] {standard_task_runner.py:79} INFO - Running: ['***', 'tasks', 'run', 'our_first_dag_v5', 'second_task', 'scheduled__2021-10-08T00:00:00+00:00', '--job-id', '218', '--raw', '--subdir', 'DAGS_FOLDER/pipeline.py', '--cfg-path', '/tmp/tmpfavteucw', '--error-file', '/tmp/tmpbykg1eg5']
[2022-08-06 22:11:07,923] {standard_task_runner.py:80} INFO - Job 218: Subtask second_task
[2022-08-06 22:11:08,000] {task_command.py:371} INFO - Running <TaskInstance: our_first_dag_v5.second_task scheduled__2021-10-08T00:00:00+00:00 [running]> on host 1250c3b659cd
[2022-08-06 22:11:08,096] {taskinstance.py:1591} INFO - Exporting the following env vars:
AIRFLOW_CTX_DAG_OWNER=coder2j
AIRFLOW_CTX_DAG_ID=our_first_dag_v5
AIRFLOW_CTX_TASK_ID=second_task
AIRFLOW_CTX_EXECUTION_DATE=2021-10-08T00:00:00+00:00
AIRFLOW_CTX_TRY_NUMBER=1
AIRFLOW_CTX_DAG_RUN_ID=scheduled__2021-10-08T00:00:00+00:00
[2022-08-06 22:11:08,097] {subprocess.py:62} INFO - Tmp dir root location: 
 /tmp
[2022-08-06 22:11:08,098] {subprocess.py:74} INFO - Running command: ['bash', '-c', 'echo hey, I am task2 and will be running after task1!']
[2022-08-06 22:11:08,111] {subprocess.py:85} INFO - Output:
[2022-08-06 22:11:08,113] {subprocess.py:92} INFO - hey, I am task2 and will be running after task1!
[2022-08-06 22:11:08,113] {subprocess.py:96} INFO - Command exited with return code 0
[2022-08-06 22:11:08,151] {taskinstance.py:1420} INFO - Marking task as SUCCESS. dag_id=our_first_dag_v5, task_id=second_task, execution_date=20211008T000000, start_date=20220806T221107, end_date=20220806T221108
[2022-08-06 22:11:08,216] {local_task_job.py:156} INFO - Task exited with return code 0
[2022-08-06 22:11:08,265] {local_task_job.py:273} INFO - 0 downstream tasks scheduled from follow-on schedule check
[2022-08-06 22:18:51,193] {taskinstance.py:1179} INFO - Dependencies all met for <TaskInstance: our_first_dag_v5.second_task scheduled__2021-10-08T00:00:00+00:00 [queued]>
[2022-08-06 22:18:51,205] {taskinstance.py:1179} INFO - Dependencies all met for <TaskInstance: our_first_dag_v5.second_task scheduled__2021-10-08T00:00:00+00:00 [queued]>
[2022-08-06 22:18:51,206] {taskinstance.py:1376} INFO - 
--------------------------------------------------------------------------------
[2022-08-06 22:18:51,206] {taskinstance.py:1377} INFO - Starting attempt 1 of 6
[2022-08-06 22:18:51,206] {taskinstance.py:1378} INFO - 
--------------------------------------------------------------------------------
[2022-08-06 22:18:51,219] {taskinstance.py:1397} INFO - Executing <Task(BashOperator): second_task> on 2021-10-08 00:00:00+00:00
[2022-08-06 22:18:51,225] {standard_task_runner.py:52} INFO - Started process 763 to run task
[2022-08-06 22:18:51,228] {standard_task_runner.py:79} INFO - Running: ['***', 'tasks', 'run', 'our_first_dag_v5', 'second_task', 'scheduled__2021-10-08T00:00:00+00:00', '--job-id', '215', '--raw', '--subdir', 'DAGS_FOLDER/pipeline.py', '--cfg-path', '/tmp/tmpzpplaihk', '--error-file', '/tmp/tmp6m726van']
[2022-08-06 22:18:51,228] {standard_task_runner.py:80} INFO - Job 215: Subtask second_task
[2022-08-06 22:18:51,282] {task_command.py:371} INFO - Running <TaskInstance: our_first_dag_v5.second_task scheduled__2021-10-08T00:00:00+00:00 [running]> on host ed53bde1c44a
[2022-08-06 22:18:51,352] {taskinstance.py:1591} INFO - Exporting the following env vars:
AIRFLOW_CTX_DAG_OWNER=coder2j
AIRFLOW_CTX_DAG_ID=our_first_dag_v5
AIRFLOW_CTX_TASK_ID=second_task
AIRFLOW_CTX_EXECUTION_DATE=2021-10-08T00:00:00+00:00
AIRFLOW_CTX_TRY_NUMBER=1
AIRFLOW_CTX_DAG_RUN_ID=scheduled__2021-10-08T00:00:00+00:00
[2022-08-06 22:18:51,352] {subprocess.py:62} INFO - Tmp dir root location: 
 /tmp
[2022-08-06 22:18:51,353] {subprocess.py:74} INFO - Running command: ['bash', '-c', 'echo hey, I am task2 and will be running after task1!']
[2022-08-06 22:18:51,363] {subprocess.py:85} INFO - Output:
[2022-08-06 22:18:51,365] {subprocess.py:92} INFO - hey, I am task2 and will be running after task1!
[2022-08-06 22:18:51,365] {subprocess.py:96} INFO - Command exited with return code 0
[2022-08-06 22:18:51,408] {taskinstance.py:1420} INFO - Marking task as SUCCESS. dag_id=our_first_dag_v5, task_id=second_task, execution_date=20211008T000000, start_date=20220806T221851, end_date=20220806T221851
[2022-08-06 22:18:51,439] {local_task_job.py:156} INFO - Task exited with return code 0
[2022-08-06 22:18:51,463] {local_task_job.py:273} INFO - 0 downstream tasks scheduled from follow-on schedule check
[2022-08-06 22:22:27,999] {taskinstance.py:1179} INFO - Dependencies all met for <TaskInstance: our_first_dag_v5.second_task scheduled__2021-10-08T00:00:00+00:00 [queued]>
[2022-08-06 22:22:28,011] {taskinstance.py:1179} INFO - Dependencies all met for <TaskInstance: our_first_dag_v5.second_task scheduled__2021-10-08T00:00:00+00:00 [queued]>
[2022-08-06 22:22:28,011] {taskinstance.py:1376} INFO - 
--------------------------------------------------------------------------------
[2022-08-06 22:22:28,011] {taskinstance.py:1377} INFO - Starting attempt 1 of 6
[2022-08-06 22:22:28,011] {taskinstance.py:1378} INFO - 
--------------------------------------------------------------------------------
[2022-08-06 22:22:28,027] {taskinstance.py:1397} INFO - Executing <Task(BashOperator): second_task> on 2021-10-08 00:00:00+00:00
[2022-08-06 22:22:28,034] {standard_task_runner.py:52} INFO - Started process 809 to run task
[2022-08-06 22:22:28,036] {standard_task_runner.py:79} INFO - Running: ['***', 'tasks', 'run', 'our_first_dag_v5', 'second_task', 'scheduled__2021-10-08T00:00:00+00:00', '--job-id', '218', '--raw', '--subdir', 'DAGS_FOLDER/pipeline.py', '--cfg-path', '/tmp/tmpnkko85rr', '--error-file', '/tmp/tmp3jleytcz']
[2022-08-06 22:22:28,037] {standard_task_runner.py:80} INFO - Job 218: Subtask second_task
[2022-08-06 22:22:28,112] {task_command.py:371} INFO - Running <TaskInstance: our_first_dag_v5.second_task scheduled__2021-10-08T00:00:00+00:00 [running]> on host b215076695c3
[2022-08-06 22:22:28,206] {taskinstance.py:1591} INFO - Exporting the following env vars:
AIRFLOW_CTX_DAG_OWNER=coder2j
AIRFLOW_CTX_DAG_ID=our_first_dag_v5
AIRFLOW_CTX_TASK_ID=second_task
AIRFLOW_CTX_EXECUTION_DATE=2021-10-08T00:00:00+00:00
AIRFLOW_CTX_TRY_NUMBER=1
AIRFLOW_CTX_DAG_RUN_ID=scheduled__2021-10-08T00:00:00+00:00
[2022-08-06 22:22:28,207] {subprocess.py:62} INFO - Tmp dir root location: 
 /tmp
[2022-08-06 22:22:28,208] {subprocess.py:74} INFO - Running command: ['bash', '-c', 'echo hey, I am task2 and will be running after task1!']
[2022-08-06 22:22:28,223] {subprocess.py:85} INFO - Output:
[2022-08-06 22:22:28,228] {subprocess.py:92} INFO - hey, I am task2 and will be running after task1!
[2022-08-06 22:22:28,228] {subprocess.py:96} INFO - Command exited with return code 0
[2022-08-06 22:22:28,302] {taskinstance.py:1420} INFO - Marking task as SUCCESS. dag_id=our_first_dag_v5, task_id=second_task, execution_date=20211008T000000, start_date=20220806T222228, end_date=20220806T222228
[2022-08-06 22:22:28,329] {local_task_job.py:156} INFO - Task exited with return code 0
[2022-08-06 22:22:28,367] {local_task_job.py:273} INFO - 0 downstream tasks scheduled from follow-on schedule check
