[2022-08-06 19:38:50,645] {taskinstance.py:1179} INFO - Dependencies all met for <TaskInstance: our_first_dag_v5.second_task scheduled__2022-05-02T00:00:00+00:00 [queued]>
[2022-08-06 19:38:50,659] {taskinstance.py:1179} INFO - Dependencies all met for <TaskInstance: our_first_dag_v5.second_task scheduled__2022-05-02T00:00:00+00:00 [queued]>
[2022-08-06 19:38:50,659] {taskinstance.py:1376} INFO - 
--------------------------------------------------------------------------------
[2022-08-06 19:38:50,659] {taskinstance.py:1377} INFO - Starting attempt 1 of 6
[2022-08-06 19:38:50,659] {taskinstance.py:1378} INFO - 
--------------------------------------------------------------------------------
[2022-08-06 19:38:50,678] {taskinstance.py:1397} INFO - Executing <Task(BashOperator): second_task> on 2022-05-02 00:00:00+00:00
[2022-08-06 19:38:50,684] {standard_task_runner.py:52} INFO - Started process 2714 to run task
[2022-08-06 19:38:50,687] {standard_task_runner.py:79} INFO - Running: ['***', 'tasks', 'run', 'our_first_dag_v5', 'second_task', 'scheduled__2022-05-02T00:00:00+00:00', '--job-id', '833', '--raw', '--subdir', 'DAGS_FOLDER/pipeline.py', '--cfg-path', '/tmp/tmptaomrv48', '--error-file', '/tmp/tmpg2o9uvkp']
[2022-08-06 19:38:50,687] {standard_task_runner.py:80} INFO - Job 833: Subtask second_task
[2022-08-06 19:38:50,771] {task_command.py:371} INFO - Running <TaskInstance: our_first_dag_v5.second_task scheduled__2022-05-02T00:00:00+00:00 [running]> on host b29c168c1666
[2022-08-06 19:38:50,897] {taskinstance.py:1591} INFO - Exporting the following env vars:
AIRFLOW_CTX_DAG_OWNER=coder2j
AIRFLOW_CTX_DAG_ID=our_first_dag_v5
AIRFLOW_CTX_TASK_ID=second_task
AIRFLOW_CTX_EXECUTION_DATE=2022-05-02T00:00:00+00:00
AIRFLOW_CTX_TRY_NUMBER=1
AIRFLOW_CTX_DAG_RUN_ID=scheduled__2022-05-02T00:00:00+00:00
[2022-08-06 19:38:50,899] {subprocess.py:62} INFO - Tmp dir root location: 
 /tmp
[2022-08-06 19:38:50,900] {subprocess.py:74} INFO - Running command: ['bash', '-c', 'echo hey, I am task2 and will be running after task1!']
[2022-08-06 19:38:50,921] {subprocess.py:85} INFO - Output:
[2022-08-06 19:38:50,923] {subprocess.py:92} INFO - hey, I am task2 and will be running after task1!
[2022-08-06 19:38:50,924] {subprocess.py:96} INFO - Command exited with return code 0
[2022-08-06 19:38:50,967] {taskinstance.py:1420} INFO - Marking task as SUCCESS. dag_id=our_first_dag_v5, task_id=second_task, execution_date=20220502T000000, start_date=20220806T193850, end_date=20220806T193850
[2022-08-06 19:38:51,020] {local_task_job.py:156} INFO - Task exited with return code 0
[2022-08-06 19:38:51,054] {local_task_job.py:273} INFO - 0 downstream tasks scheduled from follow-on schedule check
[2022-08-06 21:52:42,613] {taskinstance.py:1179} INFO - Dependencies all met for <TaskInstance: our_first_dag_v5.second_task scheduled__2022-05-02T00:00:00+00:00 [queued]>
[2022-08-06 21:52:42,630] {taskinstance.py:1179} INFO - Dependencies all met for <TaskInstance: our_first_dag_v5.second_task scheduled__2022-05-02T00:00:00+00:00 [queued]>
[2022-08-06 21:52:42,630] {taskinstance.py:1376} INFO - 
--------------------------------------------------------------------------------
[2022-08-06 21:52:42,630] {taskinstance.py:1377} INFO - Starting attempt 1 of 6
[2022-08-06 21:52:42,630] {taskinstance.py:1378} INFO - 
--------------------------------------------------------------------------------
[2022-08-06 21:52:42,651] {taskinstance.py:1397} INFO - Executing <Task(BashOperator): second_task> on 2022-05-02 00:00:00+00:00
[2022-08-06 21:52:42,659] {standard_task_runner.py:52} INFO - Started process 2910 to run task
[2022-08-06 21:52:42,665] {standard_task_runner.py:79} INFO - Running: ['***', 'tasks', 'run', 'our_first_dag_v5', 'second_task', 'scheduled__2022-05-02T00:00:00+00:00', '--job-id', '838', '--raw', '--subdir', 'DAGS_FOLDER/pipeline.py', '--cfg-path', '/tmp/tmp0ehnv3fx', '--error-file', '/tmp/tmpholjhj5f']
[2022-08-06 21:52:42,666] {standard_task_runner.py:80} INFO - Job 838: Subtask second_task
[2022-08-06 21:52:42,764] {task_command.py:371} INFO - Running <TaskInstance: our_first_dag_v5.second_task scheduled__2022-05-02T00:00:00+00:00 [running]> on host c3f731879890
[2022-08-06 21:52:42,864] {taskinstance.py:1591} INFO - Exporting the following env vars:
AIRFLOW_CTX_DAG_OWNER=coder2j
AIRFLOW_CTX_DAG_ID=our_first_dag_v5
AIRFLOW_CTX_TASK_ID=second_task
AIRFLOW_CTX_EXECUTION_DATE=2022-05-02T00:00:00+00:00
AIRFLOW_CTX_TRY_NUMBER=1
AIRFLOW_CTX_DAG_RUN_ID=scheduled__2022-05-02T00:00:00+00:00
[2022-08-06 21:52:42,865] {subprocess.py:62} INFO - Tmp dir root location: 
 /tmp
[2022-08-06 21:52:42,865] {subprocess.py:74} INFO - Running command: ['bash', '-c', 'echo hey, I am task2 and will be running after task1!']
[2022-08-06 21:52:42,880] {subprocess.py:85} INFO - Output:
[2022-08-06 21:52:42,881] {subprocess.py:92} INFO - hey, I am task2 and will be running after task1!
[2022-08-06 21:52:42,882] {subprocess.py:96} INFO - Command exited with return code 0
[2022-08-06 21:52:42,926] {taskinstance.py:1420} INFO - Marking task as SUCCESS. dag_id=our_first_dag_v5, task_id=second_task, execution_date=20220502T000000, start_date=20220806T215242, end_date=20220806T215242
[2022-08-06 21:52:42,954] {local_task_job.py:156} INFO - Task exited with return code 0
[2022-08-06 21:52:43,005] {local_task_job.py:273} INFO - 0 downstream tasks scheduled from follow-on schedule check
[2022-08-06 21:58:06,651] {taskinstance.py:1179} INFO - Dependencies all met for <TaskInstance: our_first_dag_v5.second_task scheduled__2022-05-02T00:00:00+00:00 [queued]>
[2022-08-06 21:58:06,663] {taskinstance.py:1179} INFO - Dependencies all met for <TaskInstance: our_first_dag_v5.second_task scheduled__2022-05-02T00:00:00+00:00 [queued]>
[2022-08-06 21:58:06,663] {taskinstance.py:1376} INFO - 
--------------------------------------------------------------------------------
[2022-08-06 21:58:06,663] {taskinstance.py:1377} INFO - Starting attempt 1 of 6
[2022-08-06 21:58:06,663] {taskinstance.py:1378} INFO - 
--------------------------------------------------------------------------------
[2022-08-06 21:58:06,679] {taskinstance.py:1397} INFO - Executing <Task(BashOperator): second_task> on 2022-05-02 00:00:00+00:00
[2022-08-06 21:58:06,685] {standard_task_runner.py:52} INFO - Started process 2687 to run task
[2022-08-06 21:58:06,687] {standard_task_runner.py:79} INFO - Running: ['***', 'tasks', 'run', 'our_first_dag_v5', 'second_task', 'scheduled__2022-05-02T00:00:00+00:00', '--job-id', '832', '--raw', '--subdir', 'DAGS_FOLDER/pipeline.py', '--cfg-path', '/tmp/tmpiv1i_pa_', '--error-file', '/tmp/tmphdzhwguk']
[2022-08-06 21:58:06,688] {standard_task_runner.py:80} INFO - Job 832: Subtask second_task
[2022-08-06 21:58:06,746] {task_command.py:371} INFO - Running <TaskInstance: our_first_dag_v5.second_task scheduled__2022-05-02T00:00:00+00:00 [running]> on host bc7e154a4fdd
[2022-08-06 21:58:06,818] {taskinstance.py:1591} INFO - Exporting the following env vars:
AIRFLOW_CTX_DAG_OWNER=coder2j
AIRFLOW_CTX_DAG_ID=our_first_dag_v5
AIRFLOW_CTX_TASK_ID=second_task
AIRFLOW_CTX_EXECUTION_DATE=2022-05-02T00:00:00+00:00
AIRFLOW_CTX_TRY_NUMBER=1
AIRFLOW_CTX_DAG_RUN_ID=scheduled__2022-05-02T00:00:00+00:00
[2022-08-06 21:58:06,819] {subprocess.py:62} INFO - Tmp dir root location: 
 /tmp
[2022-08-06 21:58:06,820] {subprocess.py:74} INFO - Running command: ['bash', '-c', 'echo hey, I am task2 and will be running after task1!']
[2022-08-06 21:58:06,832] {subprocess.py:85} INFO - Output:
[2022-08-06 21:58:06,834] {subprocess.py:92} INFO - hey, I am task2 and will be running after task1!
[2022-08-06 21:58:06,834] {subprocess.py:96} INFO - Command exited with return code 0
[2022-08-06 21:58:06,860] {taskinstance.py:1420} INFO - Marking task as SUCCESS. dag_id=our_first_dag_v5, task_id=second_task, execution_date=20220502T000000, start_date=20220806T215806, end_date=20220806T215806
[2022-08-06 21:58:06,899] {local_task_job.py:156} INFO - Task exited with return code 0
[2022-08-06 21:58:06,929] {local_task_job.py:273} INFO - 0 downstream tasks scheduled from follow-on schedule check
[2022-08-06 22:13:09,299] {taskinstance.py:1179} INFO - Dependencies all met for <TaskInstance: our_first_dag_v5.second_task scheduled__2022-05-02T00:00:00+00:00 [queued]>
[2022-08-06 22:13:09,311] {taskinstance.py:1179} INFO - Dependencies all met for <TaskInstance: our_first_dag_v5.second_task scheduled__2022-05-02T00:00:00+00:00 [queued]>
[2022-08-06 22:13:09,311] {taskinstance.py:1376} INFO - 
--------------------------------------------------------------------------------
[2022-08-06 22:13:09,311] {taskinstance.py:1377} INFO - Starting attempt 1 of 6
[2022-08-06 22:13:09,311] {taskinstance.py:1378} INFO - 
--------------------------------------------------------------------------------
[2022-08-06 22:13:09,328] {taskinstance.py:1397} INFO - Executing <Task(BashOperator): second_task> on 2022-05-02 00:00:00+00:00
[2022-08-06 22:13:09,334] {standard_task_runner.py:52} INFO - Started process 2708 to run task
[2022-08-06 22:13:09,336] {standard_task_runner.py:79} INFO - Running: ['***', 'tasks', 'run', 'our_first_dag_v5', 'second_task', 'scheduled__2022-05-02T00:00:00+00:00', '--job-id', '835', '--raw', '--subdir', 'DAGS_FOLDER/pipeline.py', '--cfg-path', '/tmp/tmpiqcf3jto', '--error-file', '/tmp/tmp0g0j1dfo']
[2022-08-06 22:13:09,337] {standard_task_runner.py:80} INFO - Job 835: Subtask second_task
[2022-08-06 22:13:09,421] {task_command.py:371} INFO - Running <TaskInstance: our_first_dag_v5.second_task scheduled__2022-05-02T00:00:00+00:00 [running]> on host 1250c3b659cd
[2022-08-06 22:13:09,518] {taskinstance.py:1591} INFO - Exporting the following env vars:
AIRFLOW_CTX_DAG_OWNER=coder2j
AIRFLOW_CTX_DAG_ID=our_first_dag_v5
AIRFLOW_CTX_TASK_ID=second_task
AIRFLOW_CTX_EXECUTION_DATE=2022-05-02T00:00:00+00:00
AIRFLOW_CTX_TRY_NUMBER=1
AIRFLOW_CTX_DAG_RUN_ID=scheduled__2022-05-02T00:00:00+00:00
[2022-08-06 22:13:09,519] {subprocess.py:62} INFO - Tmp dir root location: 
 /tmp
[2022-08-06 22:13:09,520] {subprocess.py:74} INFO - Running command: ['bash', '-c', 'echo hey, I am task2 and will be running after task1!']
[2022-08-06 22:13:09,534] {subprocess.py:85} INFO - Output:
[2022-08-06 22:13:09,536] {subprocess.py:92} INFO - hey, I am task2 and will be running after task1!
[2022-08-06 22:13:09,536] {subprocess.py:96} INFO - Command exited with return code 0
[2022-08-06 22:13:09,611] {taskinstance.py:1420} INFO - Marking task as SUCCESS. dag_id=our_first_dag_v5, task_id=second_task, execution_date=20220502T000000, start_date=20220806T221309, end_date=20220806T221309
[2022-08-06 22:13:09,670] {local_task_job.py:156} INFO - Task exited with return code 0
[2022-08-06 22:13:09,720] {local_task_job.py:273} INFO - 0 downstream tasks scheduled from follow-on schedule check
[2022-08-06 22:24:25,770] {taskinstance.py:1179} INFO - Dependencies all met for <TaskInstance: our_first_dag_v5.second_task scheduled__2022-05-02T00:00:00+00:00 [queued]>
[2022-08-06 22:24:25,784] {taskinstance.py:1179} INFO - Dependencies all met for <TaskInstance: our_first_dag_v5.second_task scheduled__2022-05-02T00:00:00+00:00 [queued]>
[2022-08-06 22:24:25,785] {taskinstance.py:1376} INFO - 
--------------------------------------------------------------------------------
[2022-08-06 22:24:25,785] {taskinstance.py:1377} INFO - Starting attempt 1 of 6
[2022-08-06 22:24:25,785] {taskinstance.py:1378} INFO - 
--------------------------------------------------------------------------------
[2022-08-06 22:24:25,800] {taskinstance.py:1397} INFO - Executing <Task(BashOperator): second_task> on 2022-05-02 00:00:00+00:00
[2022-08-06 22:24:25,807] {standard_task_runner.py:52} INFO - Started process 2754 to run task
[2022-08-06 22:24:25,812] {standard_task_runner.py:79} INFO - Running: ['***', 'tasks', 'run', 'our_first_dag_v5', 'second_task', 'scheduled__2022-05-02T00:00:00+00:00', '--job-id', '836', '--raw', '--subdir', 'DAGS_FOLDER/pipeline.py', '--cfg-path', '/tmp/tmpe2f100qu', '--error-file', '/tmp/tmp9cczpndo']
[2022-08-06 22:24:25,812] {standard_task_runner.py:80} INFO - Job 836: Subtask second_task
[2022-08-06 22:24:25,896] {task_command.py:371} INFO - Running <TaskInstance: our_first_dag_v5.second_task scheduled__2022-05-02T00:00:00+00:00 [running]> on host b215076695c3
[2022-08-06 22:24:25,989] {taskinstance.py:1591} INFO - Exporting the following env vars:
AIRFLOW_CTX_DAG_OWNER=coder2j
AIRFLOW_CTX_DAG_ID=our_first_dag_v5
AIRFLOW_CTX_TASK_ID=second_task
AIRFLOW_CTX_EXECUTION_DATE=2022-05-02T00:00:00+00:00
AIRFLOW_CTX_TRY_NUMBER=1
AIRFLOW_CTX_DAG_RUN_ID=scheduled__2022-05-02T00:00:00+00:00
[2022-08-06 22:24:25,990] {subprocess.py:62} INFO - Tmp dir root location: 
 /tmp
[2022-08-06 22:24:25,990] {subprocess.py:74} INFO - Running command: ['bash', '-c', 'echo hey, I am task2 and will be running after task1!']
[2022-08-06 22:24:26,005] {subprocess.py:85} INFO - Output:
[2022-08-06 22:24:26,006] {subprocess.py:92} INFO - hey, I am task2 and will be running after task1!
[2022-08-06 22:24:26,007] {subprocess.py:96} INFO - Command exited with return code 0
[2022-08-06 22:24:26,050] {taskinstance.py:1420} INFO - Marking task as SUCCESS. dag_id=our_first_dag_v5, task_id=second_task, execution_date=20220502T000000, start_date=20220806T222425, end_date=20220806T222426
[2022-08-06 22:24:26,104] {local_task_job.py:156} INFO - Task exited with return code 0
[2022-08-06 22:24:26,142] {local_task_job.py:273} INFO - 0 downstream tasks scheduled from follow-on schedule check
