[2022-08-06 19:37:11,520] {taskinstance.py:1179} INFO - Dependencies all met for <TaskInstance: our_first_dag_v5.second_task scheduled__2021-11-19T00:00:00+00:00 [queued]>
[2022-08-06 19:37:11,539] {taskinstance.py:1179} INFO - Dependencies all met for <TaskInstance: our_first_dag_v5.second_task scheduled__2021-11-19T00:00:00+00:00 [queued]>
[2022-08-06 19:37:11,539] {taskinstance.py:1376} INFO - 
--------------------------------------------------------------------------------
[2022-08-06 19:37:11,539] {taskinstance.py:1377} INFO - Starting attempt 1 of 6
[2022-08-06 19:37:11,539] {taskinstance.py:1378} INFO - 
--------------------------------------------------------------------------------
[2022-08-06 19:37:11,560] {taskinstance.py:1397} INFO - Executing <Task(BashOperator): second_task> on 2021-11-19 00:00:00+00:00
[2022-08-06 19:37:11,578] {standard_task_runner.py:52} INFO - Started process 1168 to run task
[2022-08-06 19:37:11,580] {standard_task_runner.py:79} INFO - Running: ['***', 'tasks', 'run', 'our_first_dag_v5', 'second_task', 'scheduled__2021-11-19T00:00:00+00:00', '--job-id', '343', '--raw', '--subdir', 'DAGS_FOLDER/pipeline.py', '--cfg-path', '/tmp/tmpuclof1me', '--error-file', '/tmp/tmpgumyt00p']
[2022-08-06 19:37:11,580] {standard_task_runner.py:80} INFO - Job 343: Subtask second_task
[2022-08-06 19:37:11,700] {task_command.py:371} INFO - Running <TaskInstance: our_first_dag_v5.second_task scheduled__2021-11-19T00:00:00+00:00 [running]> on host b29c168c1666
[2022-08-06 19:37:11,831] {taskinstance.py:1591} INFO - Exporting the following env vars:
AIRFLOW_CTX_DAG_OWNER=coder2j
AIRFLOW_CTX_DAG_ID=our_first_dag_v5
AIRFLOW_CTX_TASK_ID=second_task
AIRFLOW_CTX_EXECUTION_DATE=2021-11-19T00:00:00+00:00
AIRFLOW_CTX_TRY_NUMBER=1
AIRFLOW_CTX_DAG_RUN_ID=scheduled__2021-11-19T00:00:00+00:00
[2022-08-06 19:37:11,833] {subprocess.py:62} INFO - Tmp dir root location: 
 /tmp
[2022-08-06 19:37:11,833] {subprocess.py:74} INFO - Running command: ['bash', '-c', 'echo hey, I am task2 and will be running after task1!']
[2022-08-06 19:37:11,848] {subprocess.py:85} INFO - Output:
[2022-08-06 19:37:11,850] {subprocess.py:92} INFO - hey, I am task2 and will be running after task1!
[2022-08-06 19:37:11,851] {subprocess.py:96} INFO - Command exited with return code 0
[2022-08-06 19:37:11,890] {taskinstance.py:1420} INFO - Marking task as SUCCESS. dag_id=our_first_dag_v5, task_id=second_task, execution_date=20211119T000000, start_date=20220806T193711, end_date=20220806T193711
[2022-08-06 19:37:11,918] {local_task_job.py:156} INFO - Task exited with return code 0
[2022-08-06 19:37:12,003] {local_task_job.py:273} INFO - 0 downstream tasks scheduled from follow-on schedule check
[2022-08-06 21:51:03,258] {taskinstance.py:1179} INFO - Dependencies all met for <TaskInstance: our_first_dag_v5.second_task scheduled__2021-11-19T00:00:00+00:00 [queued]>
[2022-08-06 21:51:03,279] {taskinstance.py:1179} INFO - Dependencies all met for <TaskInstance: our_first_dag_v5.second_task scheduled__2021-11-19T00:00:00+00:00 [queued]>
[2022-08-06 21:51:03,279] {taskinstance.py:1376} INFO - 
--------------------------------------------------------------------------------
[2022-08-06 21:51:03,279] {taskinstance.py:1377} INFO - Starting attempt 1 of 6
[2022-08-06 21:51:03,279] {taskinstance.py:1378} INFO - 
--------------------------------------------------------------------------------
[2022-08-06 21:51:03,300] {taskinstance.py:1397} INFO - Executing <Task(BashOperator): second_task> on 2021-11-19 00:00:00+00:00
[2022-08-06 21:51:03,308] {standard_task_runner.py:52} INFO - Started process 1359 to run task
[2022-08-06 21:51:03,313] {standard_task_runner.py:79} INFO - Running: ['***', 'tasks', 'run', 'our_first_dag_v5', 'second_task', 'scheduled__2021-11-19T00:00:00+00:00', '--job-id', '344', '--raw', '--subdir', 'DAGS_FOLDER/pipeline.py', '--cfg-path', '/tmp/tmpkn12c8qk', '--error-file', '/tmp/tmpxe48fn01']
[2022-08-06 21:51:03,313] {standard_task_runner.py:80} INFO - Job 344: Subtask second_task
[2022-08-06 21:51:03,397] {task_command.py:371} INFO - Running <TaskInstance: our_first_dag_v5.second_task scheduled__2021-11-19T00:00:00+00:00 [running]> on host c3f731879890
[2022-08-06 21:51:03,502] {taskinstance.py:1591} INFO - Exporting the following env vars:
AIRFLOW_CTX_DAG_OWNER=coder2j
AIRFLOW_CTX_DAG_ID=our_first_dag_v5
AIRFLOW_CTX_TASK_ID=second_task
AIRFLOW_CTX_EXECUTION_DATE=2021-11-19T00:00:00+00:00
AIRFLOW_CTX_TRY_NUMBER=1
AIRFLOW_CTX_DAG_RUN_ID=scheduled__2021-11-19T00:00:00+00:00
[2022-08-06 21:51:03,502] {subprocess.py:62} INFO - Tmp dir root location: 
 /tmp
[2022-08-06 21:51:03,503] {subprocess.py:74} INFO - Running command: ['bash', '-c', 'echo hey, I am task2 and will be running after task1!']
[2022-08-06 21:51:03,521] {subprocess.py:85} INFO - Output:
[2022-08-06 21:51:03,525] {subprocess.py:92} INFO - hey, I am task2 and will be running after task1!
[2022-08-06 21:51:03,526] {subprocess.py:96} INFO - Command exited with return code 0
[2022-08-06 21:51:03,563] {taskinstance.py:1420} INFO - Marking task as SUCCESS. dag_id=our_first_dag_v5, task_id=second_task, execution_date=20211119T000000, start_date=20220806T215103, end_date=20220806T215103
[2022-08-06 21:51:03,603] {local_task_job.py:156} INFO - Task exited with return code 0
[2022-08-06 21:51:03,639] {local_task_job.py:273} INFO - 0 downstream tasks scheduled from follow-on schedule check
[2022-08-06 21:56:27,747] {taskinstance.py:1179} INFO - Dependencies all met for <TaskInstance: our_first_dag_v5.second_task scheduled__2021-11-19T00:00:00+00:00 [queued]>
[2022-08-06 21:56:27,764] {taskinstance.py:1179} INFO - Dependencies all met for <TaskInstance: our_first_dag_v5.second_task scheduled__2021-11-19T00:00:00+00:00 [queued]>
[2022-08-06 21:56:27,764] {taskinstance.py:1376} INFO - 
--------------------------------------------------------------------------------
[2022-08-06 21:56:27,764] {taskinstance.py:1377} INFO - Starting attempt 1 of 6
[2022-08-06 21:56:27,764] {taskinstance.py:1378} INFO - 
--------------------------------------------------------------------------------
[2022-08-06 21:56:27,781] {taskinstance.py:1397} INFO - Executing <Task(BashOperator): second_task> on 2021-11-19 00:00:00+00:00
[2022-08-06 21:56:27,788] {standard_task_runner.py:52} INFO - Started process 1141 to run task
[2022-08-06 21:56:27,791] {standard_task_runner.py:79} INFO - Running: ['***', 'tasks', 'run', 'our_first_dag_v5', 'second_task', 'scheduled__2021-11-19T00:00:00+00:00', '--job-id', '342', '--raw', '--subdir', 'DAGS_FOLDER/pipeline.py', '--cfg-path', '/tmp/tmpm1yw5scq', '--error-file', '/tmp/tmphdpjf2pp']
[2022-08-06 21:56:27,791] {standard_task_runner.py:80} INFO - Job 342: Subtask second_task
[2022-08-06 21:56:27,857] {task_command.py:371} INFO - Running <TaskInstance: our_first_dag_v5.second_task scheduled__2021-11-19T00:00:00+00:00 [running]> on host bc7e154a4fdd
[2022-08-06 21:56:27,938] {taskinstance.py:1591} INFO - Exporting the following env vars:
AIRFLOW_CTX_DAG_OWNER=coder2j
AIRFLOW_CTX_DAG_ID=our_first_dag_v5
AIRFLOW_CTX_TASK_ID=second_task
AIRFLOW_CTX_EXECUTION_DATE=2021-11-19T00:00:00+00:00
AIRFLOW_CTX_TRY_NUMBER=1
AIRFLOW_CTX_DAG_RUN_ID=scheduled__2021-11-19T00:00:00+00:00
[2022-08-06 21:56:27,938] {subprocess.py:62} INFO - Tmp dir root location: 
 /tmp
[2022-08-06 21:56:27,939] {subprocess.py:74} INFO - Running command: ['bash', '-c', 'echo hey, I am task2 and will be running after task1!']
[2022-08-06 21:56:27,951] {subprocess.py:85} INFO - Output:
[2022-08-06 21:56:27,952] {subprocess.py:92} INFO - hey, I am task2 and will be running after task1!
[2022-08-06 21:56:27,953] {subprocess.py:96} INFO - Command exited with return code 0
[2022-08-06 21:56:27,982] {taskinstance.py:1420} INFO - Marking task as SUCCESS. dag_id=our_first_dag_v5, task_id=second_task, execution_date=20211119T000000, start_date=20220806T215627, end_date=20220806T215627
[2022-08-06 21:56:28,002] {local_task_job.py:156} INFO - Task exited with return code 0
[2022-08-06 21:56:28,033] {local_task_job.py:273} INFO - 0 downstream tasks scheduled from follow-on schedule check
[2022-08-06 22:11:32,307] {taskinstance.py:1179} INFO - Dependencies all met for <TaskInstance: our_first_dag_v5.second_task scheduled__2021-11-19T00:00:00+00:00 [queued]>
[2022-08-06 22:11:32,320] {taskinstance.py:1179} INFO - Dependencies all met for <TaskInstance: our_first_dag_v5.second_task scheduled__2021-11-19T00:00:00+00:00 [queued]>
[2022-08-06 22:11:32,320] {taskinstance.py:1376} INFO - 
--------------------------------------------------------------------------------
[2022-08-06 22:11:32,320] {taskinstance.py:1377} INFO - Starting attempt 1 of 6
[2022-08-06 22:11:32,320] {taskinstance.py:1378} INFO - 
--------------------------------------------------------------------------------
[2022-08-06 22:11:32,335] {taskinstance.py:1397} INFO - Executing <Task(BashOperator): second_task> on 2021-11-19 00:00:00+00:00
[2022-08-06 22:11:32,341] {standard_task_runner.py:52} INFO - Started process 1152 to run task
[2022-08-06 22:11:32,343] {standard_task_runner.py:79} INFO - Running: ['***', 'tasks', 'run', 'our_first_dag_v5', 'second_task', 'scheduled__2021-11-19T00:00:00+00:00', '--job-id', '341', '--raw', '--subdir', 'DAGS_FOLDER/pipeline.py', '--cfg-path', '/tmp/tmp29x8978i', '--error-file', '/tmp/tmpfc4j9gg2']
[2022-08-06 22:11:32,344] {standard_task_runner.py:80} INFO - Job 341: Subtask second_task
[2022-08-06 22:11:32,426] {task_command.py:371} INFO - Running <TaskInstance: our_first_dag_v5.second_task scheduled__2021-11-19T00:00:00+00:00 [running]> on host 1250c3b659cd
[2022-08-06 22:11:32,539] {taskinstance.py:1591} INFO - Exporting the following env vars:
AIRFLOW_CTX_DAG_OWNER=coder2j
AIRFLOW_CTX_DAG_ID=our_first_dag_v5
AIRFLOW_CTX_TASK_ID=second_task
AIRFLOW_CTX_EXECUTION_DATE=2021-11-19T00:00:00+00:00
AIRFLOW_CTX_TRY_NUMBER=1
AIRFLOW_CTX_DAG_RUN_ID=scheduled__2021-11-19T00:00:00+00:00
[2022-08-06 22:11:32,541] {subprocess.py:62} INFO - Tmp dir root location: 
 /tmp
[2022-08-06 22:11:32,541] {subprocess.py:74} INFO - Running command: ['bash', '-c', 'echo hey, I am task2 and will be running after task1!']
[2022-08-06 22:11:32,556] {subprocess.py:85} INFO - Output:
[2022-08-06 22:11:32,558] {subprocess.py:92} INFO - hey, I am task2 and will be running after task1!
[2022-08-06 22:11:32,558] {subprocess.py:96} INFO - Command exited with return code 0
[2022-08-06 22:11:32,643] {taskinstance.py:1420} INFO - Marking task as SUCCESS. dag_id=our_first_dag_v5, task_id=second_task, execution_date=20211119T000000, start_date=20220806T221132, end_date=20220806T221132
[2022-08-06 22:11:32,676] {local_task_job.py:156} INFO - Task exited with return code 0
[2022-08-06 22:11:32,723] {local_task_job.py:273} INFO - 0 downstream tasks scheduled from follow-on schedule check
[2022-08-06 22:19:15,346] {taskinstance.py:1179} INFO - Dependencies all met for <TaskInstance: our_first_dag_v5.second_task scheduled__2021-11-19T00:00:00+00:00 [queued]>
[2022-08-06 22:19:15,369] {taskinstance.py:1179} INFO - Dependencies all met for <TaskInstance: our_first_dag_v5.second_task scheduled__2021-11-19T00:00:00+00:00 [queued]>
[2022-08-06 22:19:15,369] {taskinstance.py:1376} INFO - 
--------------------------------------------------------------------------------
[2022-08-06 22:19:15,370] {taskinstance.py:1377} INFO - Starting attempt 1 of 6
[2022-08-06 22:19:15,370] {taskinstance.py:1378} INFO - 
--------------------------------------------------------------------------------
[2022-08-06 22:19:15,392] {taskinstance.py:1397} INFO - Executing <Task(BashOperator): second_task> on 2021-11-19 00:00:00+00:00
[2022-08-06 22:19:15,402] {standard_task_runner.py:52} INFO - Started process 1174 to run task
[2022-08-06 22:19:15,406] {standard_task_runner.py:79} INFO - Running: ['***', 'tasks', 'run', 'our_first_dag_v5', 'second_task', 'scheduled__2021-11-19T00:00:00+00:00', '--job-id', '345', '--raw', '--subdir', 'DAGS_FOLDER/pipeline.py', '--cfg-path', '/tmp/tmp7xqd57ah', '--error-file', '/tmp/tmpa98ihkps']
[2022-08-06 22:19:15,406] {standard_task_runner.py:80} INFO - Job 345: Subtask second_task
[2022-08-06 22:19:15,588] {task_command.py:371} INFO - Running <TaskInstance: our_first_dag_v5.second_task scheduled__2021-11-19T00:00:00+00:00 [running]> on host ed53bde1c44a
[2022-08-06 22:19:15,699] {taskinstance.py:1591} INFO - Exporting the following env vars:
AIRFLOW_CTX_DAG_OWNER=coder2j
AIRFLOW_CTX_DAG_ID=our_first_dag_v5
AIRFLOW_CTX_TASK_ID=second_task
AIRFLOW_CTX_EXECUTION_DATE=2021-11-19T00:00:00+00:00
AIRFLOW_CTX_TRY_NUMBER=1
AIRFLOW_CTX_DAG_RUN_ID=scheduled__2021-11-19T00:00:00+00:00
[2022-08-06 22:19:15,700] {subprocess.py:62} INFO - Tmp dir root location: 
 /tmp
[2022-08-06 22:19:15,701] {subprocess.py:74} INFO - Running command: ['bash', '-c', 'echo hey, I am task2 and will be running after task1!']
[2022-08-06 22:19:15,719] {subprocess.py:85} INFO - Output:
[2022-08-06 22:19:15,721] {subprocess.py:92} INFO - hey, I am task2 and will be running after task1!
[2022-08-06 22:19:15,722] {subprocess.py:96} INFO - Command exited with return code 0
[2022-08-06 22:19:15,773] {taskinstance.py:1420} INFO - Marking task as SUCCESS. dag_id=our_first_dag_v5, task_id=second_task, execution_date=20211119T000000, start_date=20220806T221915, end_date=20220806T221915
[2022-08-06 22:19:15,831] {local_task_job.py:156} INFO - Task exited with return code 0
[2022-08-06 22:19:15,904] {local_task_job.py:273} INFO - 0 downstream tasks scheduled from follow-on schedule check
[2022-08-06 22:22:52,531] {taskinstance.py:1179} INFO - Dependencies all met for <TaskInstance: our_first_dag_v5.second_task scheduled__2021-11-19T00:00:00+00:00 [queued]>
[2022-08-06 22:22:52,544] {taskinstance.py:1179} INFO - Dependencies all met for <TaskInstance: our_first_dag_v5.second_task scheduled__2021-11-19T00:00:00+00:00 [queued]>
[2022-08-06 22:22:52,544] {taskinstance.py:1376} INFO - 
--------------------------------------------------------------------------------
[2022-08-06 22:22:52,544] {taskinstance.py:1377} INFO - Starting attempt 1 of 6
[2022-08-06 22:22:52,545] {taskinstance.py:1378} INFO - 
--------------------------------------------------------------------------------
[2022-08-06 22:22:52,560] {taskinstance.py:1397} INFO - Executing <Task(BashOperator): second_task> on 2021-11-19 00:00:00+00:00
[2022-08-06 22:22:52,568] {standard_task_runner.py:52} INFO - Started process 1199 to run task
[2022-08-06 22:22:52,571] {standard_task_runner.py:79} INFO - Running: ['***', 'tasks', 'run', 'our_first_dag_v5', 'second_task', 'scheduled__2021-11-19T00:00:00+00:00', '--job-id', '342', '--raw', '--subdir', 'DAGS_FOLDER/pipeline.py', '--cfg-path', '/tmp/tmpb3seq626', '--error-file', '/tmp/tmpnp35bmi4']
[2022-08-06 22:22:52,572] {standard_task_runner.py:80} INFO - Job 342: Subtask second_task
[2022-08-06 22:22:52,648] {task_command.py:371} INFO - Running <TaskInstance: our_first_dag_v5.second_task scheduled__2021-11-19T00:00:00+00:00 [running]> on host b215076695c3
[2022-08-06 22:22:52,727] {taskinstance.py:1591} INFO - Exporting the following env vars:
AIRFLOW_CTX_DAG_OWNER=coder2j
AIRFLOW_CTX_DAG_ID=our_first_dag_v5
AIRFLOW_CTX_TASK_ID=second_task
AIRFLOW_CTX_EXECUTION_DATE=2021-11-19T00:00:00+00:00
AIRFLOW_CTX_TRY_NUMBER=1
AIRFLOW_CTX_DAG_RUN_ID=scheduled__2021-11-19T00:00:00+00:00
[2022-08-06 22:22:52,728] {subprocess.py:62} INFO - Tmp dir root location: 
 /tmp
[2022-08-06 22:22:52,728] {subprocess.py:74} INFO - Running command: ['bash', '-c', 'echo hey, I am task2 and will be running after task1!']
[2022-08-06 22:22:52,741] {subprocess.py:85} INFO - Output:
[2022-08-06 22:22:52,742] {subprocess.py:92} INFO - hey, I am task2 and will be running after task1!
[2022-08-06 22:22:52,742] {subprocess.py:96} INFO - Command exited with return code 0
[2022-08-06 22:22:52,774] {taskinstance.py:1420} INFO - Marking task as SUCCESS. dag_id=our_first_dag_v5, task_id=second_task, execution_date=20211119T000000, start_date=20220806T222252, end_date=20220806T222252
[2022-08-06 22:22:52,822] {local_task_job.py:156} INFO - Task exited with return code 0
[2022-08-06 22:22:52,856] {local_task_job.py:273} INFO - 0 downstream tasks scheduled from follow-on schedule check
