[2022-08-06 19:36:45,964] {taskinstance.py:1179} INFO - Dependencies all met for <TaskInstance: our_first_dag_v5.thrid_task scheduled__2021-10-11T00:00:00+00:00 [queued]>
[2022-08-06 19:36:45,980] {taskinstance.py:1179} INFO - Dependencies all met for <TaskInstance: our_first_dag_v5.thrid_task scheduled__2021-10-11T00:00:00+00:00 [queued]>
[2022-08-06 19:36:45,980] {taskinstance.py:1376} INFO - 
--------------------------------------------------------------------------------
[2022-08-06 19:36:45,980] {taskinstance.py:1377} INFO - Starting attempt 1 of 6
[2022-08-06 19:36:45,980] {taskinstance.py:1378} INFO - 
--------------------------------------------------------------------------------
[2022-08-06 19:36:45,997] {taskinstance.py:1397} INFO - Executing <Task(BashOperator): thrid_task> on 2021-10-11 00:00:00+00:00
[2022-08-06 19:36:46,003] {standard_task_runner.py:52} INFO - Started process 802 to run task
[2022-08-06 19:36:46,006] {standard_task_runner.py:79} INFO - Running: ['***', 'tasks', 'run', 'our_first_dag_v5', 'thrid_task', 'scheduled__2021-10-11T00:00:00+00:00', '--job-id', '230', '--raw', '--subdir', 'DAGS_FOLDER/pipeline.py', '--cfg-path', '/tmp/tmpr7ce8fhx', '--error-file', '/tmp/tmp01q3s652']
[2022-08-06 19:36:46,006] {standard_task_runner.py:80} INFO - Job 230: Subtask thrid_task
[2022-08-06 19:36:46,090] {task_command.py:371} INFO - Running <TaskInstance: our_first_dag_v5.thrid_task scheduled__2021-10-11T00:00:00+00:00 [running]> on host b29c168c1666
[2022-08-06 19:36:46,207] {taskinstance.py:1591} INFO - Exporting the following env vars:
AIRFLOW_CTX_DAG_OWNER=coder2j
AIRFLOW_CTX_DAG_ID=our_first_dag_v5
AIRFLOW_CTX_TASK_ID=thrid_task
AIRFLOW_CTX_EXECUTION_DATE=2021-10-11T00:00:00+00:00
AIRFLOW_CTX_TRY_NUMBER=1
AIRFLOW_CTX_DAG_RUN_ID=scheduled__2021-10-11T00:00:00+00:00
[2022-08-06 19:36:46,208] {subprocess.py:62} INFO - Tmp dir root location: 
 /tmp
[2022-08-06 19:36:46,209] {subprocess.py:74} INFO - Running command: ['bash', '-c', 'echo hey, I am task3 and will be running after task1 at the same time as task2!']
[2022-08-06 19:36:46,224] {subprocess.py:85} INFO - Output:
[2022-08-06 19:36:46,226] {subprocess.py:92} INFO - hey, I am task3 and will be running after task1 at the same time as task2!
[2022-08-06 19:36:46,226] {subprocess.py:96} INFO - Command exited with return code 0
[2022-08-06 19:36:46,311] {taskinstance.py:1420} INFO - Marking task as SUCCESS. dag_id=our_first_dag_v5, task_id=thrid_task, execution_date=20211011T000000, start_date=20220806T193645, end_date=20220806T193646
[2022-08-06 19:36:46,338] {local_task_job.py:156} INFO - Task exited with return code 0
[2022-08-06 19:36:46,380] {local_task_job.py:273} INFO - 0 downstream tasks scheduled from follow-on schedule check
[2022-08-06 21:50:38,502] {taskinstance.py:1179} INFO - Dependencies all met for <TaskInstance: our_first_dag_v5.thrid_task scheduled__2021-10-11T00:00:00+00:00 [queued]>
[2022-08-06 21:50:38,521] {taskinstance.py:1179} INFO - Dependencies all met for <TaskInstance: our_first_dag_v5.thrid_task scheduled__2021-10-11T00:00:00+00:00 [queued]>
[2022-08-06 21:50:38,521] {taskinstance.py:1376} INFO - 
--------------------------------------------------------------------------------
[2022-08-06 21:50:38,521] {taskinstance.py:1377} INFO - Starting attempt 1 of 6
[2022-08-06 21:50:38,522] {taskinstance.py:1378} INFO - 
--------------------------------------------------------------------------------
[2022-08-06 21:50:38,541] {taskinstance.py:1397} INFO - Executing <Task(BashOperator): thrid_task> on 2021-10-11 00:00:00+00:00
[2022-08-06 21:50:38,576] {standard_task_runner.py:52} INFO - Started process 990 to run task
[2022-08-06 21:50:38,580] {standard_task_runner.py:79} INFO - Running: ['***', 'tasks', 'run', 'our_first_dag_v5', 'thrid_task', 'scheduled__2021-10-11T00:00:00+00:00', '--job-id', '227', '--raw', '--subdir', 'DAGS_FOLDER/pipeline.py', '--cfg-path', '/tmp/tmphlstdgyx', '--error-file', '/tmp/tmpmwhyjxmy']
[2022-08-06 21:50:38,580] {standard_task_runner.py:80} INFO - Job 227: Subtask thrid_task
[2022-08-06 21:50:38,659] {task_command.py:371} INFO - Running <TaskInstance: our_first_dag_v5.thrid_task scheduled__2021-10-11T00:00:00+00:00 [running]> on host c3f731879890
[2022-08-06 21:50:38,770] {taskinstance.py:1591} INFO - Exporting the following env vars:
AIRFLOW_CTX_DAG_OWNER=coder2j
AIRFLOW_CTX_DAG_ID=our_first_dag_v5
AIRFLOW_CTX_TASK_ID=thrid_task
AIRFLOW_CTX_EXECUTION_DATE=2021-10-11T00:00:00+00:00
AIRFLOW_CTX_TRY_NUMBER=1
AIRFLOW_CTX_DAG_RUN_ID=scheduled__2021-10-11T00:00:00+00:00
[2022-08-06 21:50:38,771] {subprocess.py:62} INFO - Tmp dir root location: 
 /tmp
[2022-08-06 21:50:38,771] {subprocess.py:74} INFO - Running command: ['bash', '-c', 'echo hey, I am task3 and will be running after task1 at the same time as task2!']
[2022-08-06 21:50:38,788] {subprocess.py:85} INFO - Output:
[2022-08-06 21:50:38,791] {subprocess.py:92} INFO - hey, I am task3 and will be running after task1 at the same time as task2!
[2022-08-06 21:50:38,791] {subprocess.py:96} INFO - Command exited with return code 0
[2022-08-06 21:50:38,830] {taskinstance.py:1420} INFO - Marking task as SUCCESS. dag_id=our_first_dag_v5, task_id=thrid_task, execution_date=20211011T000000, start_date=20220806T215038, end_date=20220806T215038
[2022-08-06 21:50:38,871] {local_task_job.py:156} INFO - Task exited with return code 0
[2022-08-06 21:50:38,919] {local_task_job.py:273} INFO - 0 downstream tasks scheduled from follow-on schedule check
[2022-08-06 21:56:05,350] {taskinstance.py:1179} INFO - Dependencies all met for <TaskInstance: our_first_dag_v5.thrid_task scheduled__2021-10-11T00:00:00+00:00 [queued]>
[2022-08-06 21:56:05,364] {taskinstance.py:1179} INFO - Dependencies all met for <TaskInstance: our_first_dag_v5.thrid_task scheduled__2021-10-11T00:00:00+00:00 [queued]>
[2022-08-06 21:56:05,364] {taskinstance.py:1376} INFO - 
--------------------------------------------------------------------------------
[2022-08-06 21:56:05,364] {taskinstance.py:1377} INFO - Starting attempt 1 of 6
[2022-08-06 21:56:05,364] {taskinstance.py:1378} INFO - 
--------------------------------------------------------------------------------
[2022-08-06 21:56:05,381] {taskinstance.py:1397} INFO - Executing <Task(BashOperator): thrid_task> on 2021-10-11 00:00:00+00:00
[2022-08-06 21:56:05,387] {standard_task_runner.py:52} INFO - Started process 777 to run task
[2022-08-06 21:56:05,390] {standard_task_runner.py:79} INFO - Running: ['***', 'tasks', 'run', 'our_first_dag_v5', 'thrid_task', 'scheduled__2021-10-11T00:00:00+00:00', '--job-id', '225', '--raw', '--subdir', 'DAGS_FOLDER/pipeline.py', '--cfg-path', '/tmp/tmpahswyew6', '--error-file', '/tmp/tmpu6n7fxg2']
[2022-08-06 21:56:05,390] {standard_task_runner.py:80} INFO - Job 225: Subtask thrid_task
[2022-08-06 21:56:05,458] {task_command.py:371} INFO - Running <TaskInstance: our_first_dag_v5.thrid_task scheduled__2021-10-11T00:00:00+00:00 [running]> on host bc7e154a4fdd
[2022-08-06 21:56:05,537] {taskinstance.py:1591} INFO - Exporting the following env vars:
AIRFLOW_CTX_DAG_OWNER=coder2j
AIRFLOW_CTX_DAG_ID=our_first_dag_v5
AIRFLOW_CTX_TASK_ID=thrid_task
AIRFLOW_CTX_EXECUTION_DATE=2021-10-11T00:00:00+00:00
AIRFLOW_CTX_TRY_NUMBER=1
AIRFLOW_CTX_DAG_RUN_ID=scheduled__2021-10-11T00:00:00+00:00
[2022-08-06 21:56:05,538] {subprocess.py:62} INFO - Tmp dir root location: 
 /tmp
[2022-08-06 21:56:05,538] {subprocess.py:74} INFO - Running command: ['bash', '-c', 'echo hey, I am task3 and will be running after task1 at the same time as task2!']
[2022-08-06 21:56:05,549] {subprocess.py:85} INFO - Output:
[2022-08-06 21:56:05,551] {subprocess.py:92} INFO - hey, I am task3 and will be running after task1 at the same time as task2!
[2022-08-06 21:56:05,551] {subprocess.py:96} INFO - Command exited with return code 0
[2022-08-06 21:56:05,581] {taskinstance.py:1420} INFO - Marking task as SUCCESS. dag_id=our_first_dag_v5, task_id=thrid_task, execution_date=20211011T000000, start_date=20220806T215605, end_date=20220806T215605
[2022-08-06 21:56:05,601] {local_task_job.py:156} INFO - Task exited with return code 0
[2022-08-06 21:56:05,637] {local_task_job.py:273} INFO - 0 downstream tasks scheduled from follow-on schedule check
[2022-08-06 22:11:08,500] {taskinstance.py:1179} INFO - Dependencies all met for <TaskInstance: our_first_dag_v5.thrid_task scheduled__2021-10-11T00:00:00+00:00 [queued]>
[2022-08-06 22:11:08,523] {taskinstance.py:1179} INFO - Dependencies all met for <TaskInstance: our_first_dag_v5.thrid_task scheduled__2021-10-11T00:00:00+00:00 [queued]>
[2022-08-06 22:11:08,523] {taskinstance.py:1376} INFO - 
--------------------------------------------------------------------------------
[2022-08-06 22:11:08,523] {taskinstance.py:1377} INFO - Starting attempt 1 of 6
[2022-08-06 22:11:08,523] {taskinstance.py:1378} INFO - 
--------------------------------------------------------------------------------
[2022-08-06 22:11:08,550] {taskinstance.py:1397} INFO - Executing <Task(BashOperator): thrid_task> on 2021-10-11 00:00:00+00:00
[2022-08-06 22:11:08,558] {standard_task_runner.py:52} INFO - Started process 794 to run task
[2022-08-06 22:11:08,568] {standard_task_runner.py:79} INFO - Running: ['***', 'tasks', 'run', 'our_first_dag_v5', 'thrid_task', 'scheduled__2021-10-11T00:00:00+00:00', '--job-id', '226', '--raw', '--subdir', 'DAGS_FOLDER/pipeline.py', '--cfg-path', '/tmp/tmpnunip_bb', '--error-file', '/tmp/tmps7bz4mpm']
[2022-08-06 22:11:08,569] {standard_task_runner.py:80} INFO - Job 226: Subtask thrid_task
[2022-08-06 22:11:08,651] {task_command.py:371} INFO - Running <TaskInstance: our_first_dag_v5.thrid_task scheduled__2021-10-11T00:00:00+00:00 [running]> on host 1250c3b659cd
[2022-08-06 22:11:08,745] {taskinstance.py:1591} INFO - Exporting the following env vars:
AIRFLOW_CTX_DAG_OWNER=coder2j
AIRFLOW_CTX_DAG_ID=our_first_dag_v5
AIRFLOW_CTX_TASK_ID=thrid_task
AIRFLOW_CTX_EXECUTION_DATE=2021-10-11T00:00:00+00:00
AIRFLOW_CTX_TRY_NUMBER=1
AIRFLOW_CTX_DAG_RUN_ID=scheduled__2021-10-11T00:00:00+00:00
[2022-08-06 22:11:08,746] {subprocess.py:62} INFO - Tmp dir root location: 
 /tmp
[2022-08-06 22:11:08,747] {subprocess.py:74} INFO - Running command: ['bash', '-c', 'echo hey, I am task3 and will be running after task1 at the same time as task2!']
[2022-08-06 22:11:08,760] {subprocess.py:85} INFO - Output:
[2022-08-06 22:11:08,761] {subprocess.py:92} INFO - hey, I am task3 and will be running after task1 at the same time as task2!
[2022-08-06 22:11:08,762] {subprocess.py:96} INFO - Command exited with return code 0
[2022-08-06 22:11:08,798] {taskinstance.py:1420} INFO - Marking task as SUCCESS. dag_id=our_first_dag_v5, task_id=thrid_task, execution_date=20211011T000000, start_date=20220806T221108, end_date=20220806T221108
[2022-08-06 22:11:08,857] {local_task_job.py:156} INFO - Task exited with return code 0
[2022-08-06 22:11:08,891] {local_task_job.py:273} INFO - 0 downstream tasks scheduled from follow-on schedule check
[2022-08-06 22:18:54,415] {taskinstance.py:1179} INFO - Dependencies all met for <TaskInstance: our_first_dag_v5.thrid_task scheduled__2021-10-11T00:00:00+00:00 [queued]>
[2022-08-06 22:18:54,431] {taskinstance.py:1179} INFO - Dependencies all met for <TaskInstance: our_first_dag_v5.thrid_task scheduled__2021-10-11T00:00:00+00:00 [queued]>
[2022-08-06 22:18:54,431] {taskinstance.py:1376} INFO - 
--------------------------------------------------------------------------------
[2022-08-06 22:18:54,431] {taskinstance.py:1377} INFO - Starting attempt 1 of 6
[2022-08-06 22:18:54,431] {taskinstance.py:1378} INFO - 
--------------------------------------------------------------------------------
[2022-08-06 22:18:54,449] {taskinstance.py:1397} INFO - Executing <Task(BashOperator): thrid_task> on 2021-10-11 00:00:00+00:00
[2022-08-06 22:18:54,456] {standard_task_runner.py:52} INFO - Started process 811 to run task
[2022-08-06 22:18:54,460] {standard_task_runner.py:79} INFO - Running: ['***', 'tasks', 'run', 'our_first_dag_v5', 'thrid_task', 'scheduled__2021-10-11T00:00:00+00:00', '--job-id', '229', '--raw', '--subdir', 'DAGS_FOLDER/pipeline.py', '--cfg-path', '/tmp/tmpjzhu7w0t', '--error-file', '/tmp/tmp380xn05l']
[2022-08-06 22:18:54,460] {standard_task_runner.py:80} INFO - Job 229: Subtask thrid_task
[2022-08-06 22:18:54,549] {task_command.py:371} INFO - Running <TaskInstance: our_first_dag_v5.thrid_task scheduled__2021-10-11T00:00:00+00:00 [running]> on host ed53bde1c44a
[2022-08-06 22:18:54,658] {taskinstance.py:1591} INFO - Exporting the following env vars:
AIRFLOW_CTX_DAG_OWNER=coder2j
AIRFLOW_CTX_DAG_ID=our_first_dag_v5
AIRFLOW_CTX_TASK_ID=thrid_task
AIRFLOW_CTX_EXECUTION_DATE=2021-10-11T00:00:00+00:00
AIRFLOW_CTX_TRY_NUMBER=1
AIRFLOW_CTX_DAG_RUN_ID=scheduled__2021-10-11T00:00:00+00:00
[2022-08-06 22:18:54,659] {subprocess.py:62} INFO - Tmp dir root location: 
 /tmp
[2022-08-06 22:18:54,660] {subprocess.py:74} INFO - Running command: ['bash', '-c', 'echo hey, I am task3 and will be running after task1 at the same time as task2!']
[2022-08-06 22:18:54,678] {subprocess.py:85} INFO - Output:
[2022-08-06 22:18:54,679] {subprocess.py:92} INFO - hey, I am task3 and will be running after task1 at the same time as task2!
[2022-08-06 22:18:54,680] {subprocess.py:96} INFO - Command exited with return code 0
[2022-08-06 22:18:54,751] {taskinstance.py:1420} INFO - Marking task as SUCCESS. dag_id=our_first_dag_v5, task_id=thrid_task, execution_date=20211011T000000, start_date=20220806T221854, end_date=20220806T221854
[2022-08-06 22:18:54,791] {local_task_job.py:156} INFO - Task exited with return code 0
[2022-08-06 22:18:54,848] {local_task_job.py:273} INFO - 0 downstream tasks scheduled from follow-on schedule check
[2022-08-06 22:22:29,520] {taskinstance.py:1179} INFO - Dependencies all met for <TaskInstance: our_first_dag_v5.thrid_task scheduled__2021-10-11T00:00:00+00:00 [queued]>
[2022-08-06 22:22:29,531] {taskinstance.py:1179} INFO - Dependencies all met for <TaskInstance: our_first_dag_v5.thrid_task scheduled__2021-10-11T00:00:00+00:00 [queued]>
[2022-08-06 22:22:29,532] {taskinstance.py:1376} INFO - 
--------------------------------------------------------------------------------
[2022-08-06 22:22:29,532] {taskinstance.py:1377} INFO - Starting attempt 1 of 6
[2022-08-06 22:22:29,532] {taskinstance.py:1378} INFO - 
--------------------------------------------------------------------------------
[2022-08-06 22:22:29,546] {taskinstance.py:1397} INFO - Executing <Task(BashOperator): thrid_task> on 2021-10-11 00:00:00+00:00
[2022-08-06 22:22:29,551] {standard_task_runner.py:52} INFO - Started process 834 to run task
[2022-08-06 22:22:29,553] {standard_task_runner.py:79} INFO - Running: ['***', 'tasks', 'run', 'our_first_dag_v5', 'thrid_task', 'scheduled__2021-10-11T00:00:00+00:00', '--job-id', '224', '--raw', '--subdir', 'DAGS_FOLDER/pipeline.py', '--cfg-path', '/tmp/tmpjlavul9p', '--error-file', '/tmp/tmpgpgnftml']
[2022-08-06 22:22:29,553] {standard_task_runner.py:80} INFO - Job 224: Subtask thrid_task
[2022-08-06 22:22:29,611] {task_command.py:371} INFO - Running <TaskInstance: our_first_dag_v5.thrid_task scheduled__2021-10-11T00:00:00+00:00 [running]> on host b215076695c3
[2022-08-06 22:22:29,691] {taskinstance.py:1591} INFO - Exporting the following env vars:
AIRFLOW_CTX_DAG_OWNER=coder2j
AIRFLOW_CTX_DAG_ID=our_first_dag_v5
AIRFLOW_CTX_TASK_ID=thrid_task
AIRFLOW_CTX_EXECUTION_DATE=2021-10-11T00:00:00+00:00
AIRFLOW_CTX_TRY_NUMBER=1
AIRFLOW_CTX_DAG_RUN_ID=scheduled__2021-10-11T00:00:00+00:00
[2022-08-06 22:22:29,692] {subprocess.py:62} INFO - Tmp dir root location: 
 /tmp
[2022-08-06 22:22:29,692] {subprocess.py:74} INFO - Running command: ['bash', '-c', 'echo hey, I am task3 and will be running after task1 at the same time as task2!']
[2022-08-06 22:22:29,705] {subprocess.py:85} INFO - Output:
[2022-08-06 22:22:29,707] {subprocess.py:92} INFO - hey, I am task3 and will be running after task1 at the same time as task2!
[2022-08-06 22:22:29,707] {subprocess.py:96} INFO - Command exited with return code 0
[2022-08-06 22:22:29,734] {taskinstance.py:1420} INFO - Marking task as SUCCESS. dag_id=our_first_dag_v5, task_id=thrid_task, execution_date=20211011T000000, start_date=20220806T222229, end_date=20220806T222229
[2022-08-06 22:22:29,765] {local_task_job.py:156} INFO - Task exited with return code 0
[2022-08-06 22:22:29,795] {local_task_job.py:273} INFO - 0 downstream tasks scheduled from follow-on schedule check
