[2022-08-06 19:38:27,278] {taskinstance.py:1179} INFO - Dependencies all met for <TaskInstance: our_first_dag_v5.first_task scheduled__2022-03-24T00:00:00+00:00 [queued]>
[2022-08-06 19:38:27,294] {taskinstance.py:1179} INFO - Dependencies all met for <TaskInstance: our_first_dag_v5.first_task scheduled__2022-03-24T00:00:00+00:00 [queued]>
[2022-08-06 19:38:27,294] {taskinstance.py:1376} INFO - 
--------------------------------------------------------------------------------
[2022-08-06 19:38:27,294] {taskinstance.py:1377} INFO - Starting attempt 1 of 6
[2022-08-06 19:38:27,294] {taskinstance.py:1378} INFO - 
--------------------------------------------------------------------------------
[2022-08-06 19:38:27,314] {taskinstance.py:1397} INFO - Executing <Task(BashOperator): first_task> on 2022-03-24 00:00:00+00:00
[2022-08-06 19:38:27,320] {standard_task_runner.py:52} INFO - Started process 2328 to run task
[2022-08-06 19:38:27,323] {standard_task_runner.py:79} INFO - Running: ['***', 'tasks', 'run', 'our_first_dag_v5', 'first_task', 'scheduled__2022-03-24T00:00:00+00:00', '--job-id', '710', '--raw', '--subdir', 'DAGS_FOLDER/pipeline.py', '--cfg-path', '/tmp/tmpyrypzlw5', '--error-file', '/tmp/tmpg0f6kdkv']
[2022-08-06 19:38:27,323] {standard_task_runner.py:80} INFO - Job 710: Subtask first_task
[2022-08-06 19:38:27,395] {task_command.py:371} INFO - Running <TaskInstance: our_first_dag_v5.first_task scheduled__2022-03-24T00:00:00+00:00 [running]> on host b29c168c1666
[2022-08-06 19:38:27,497] {taskinstance.py:1591} INFO - Exporting the following env vars:
AIRFLOW_CTX_DAG_OWNER=coder2j
AIRFLOW_CTX_DAG_ID=our_first_dag_v5
AIRFLOW_CTX_TASK_ID=first_task
AIRFLOW_CTX_EXECUTION_DATE=2022-03-24T00:00:00+00:00
AIRFLOW_CTX_TRY_NUMBER=1
AIRFLOW_CTX_DAG_RUN_ID=scheduled__2022-03-24T00:00:00+00:00
[2022-08-06 19:38:27,498] {subprocess.py:62} INFO - Tmp dir root location: 
 /tmp
[2022-08-06 19:38:27,499] {subprocess.py:74} INFO - Running command: ['bash', '-c', 'echo hello world, this is the first task!']
[2022-08-06 19:38:27,517] {subprocess.py:85} INFO - Output:
[2022-08-06 19:38:27,518] {subprocess.py:92} INFO - hello world, this is the first task!
[2022-08-06 19:38:27,519] {subprocess.py:96} INFO - Command exited with return code 0
[2022-08-06 19:38:27,610] {taskinstance.py:1420} INFO - Marking task as SUCCESS. dag_id=our_first_dag_v5, task_id=first_task, execution_date=20220324T000000, start_date=20220806T193827, end_date=20220806T193827
[2022-08-06 19:38:27,655] {local_task_job.py:156} INFO - Task exited with return code 0
[2022-08-06 19:38:27,711] {local_task_job.py:273} INFO - 2 downstream tasks scheduled from follow-on schedule check
[2022-08-06 21:52:19,337] {taskinstance.py:1179} INFO - Dependencies all met for <TaskInstance: our_first_dag_v5.first_task scheduled__2022-03-24T00:00:00+00:00 [queued]>
[2022-08-06 21:52:19,349] {taskinstance.py:1179} INFO - Dependencies all met for <TaskInstance: our_first_dag_v5.first_task scheduled__2022-03-24T00:00:00+00:00 [queued]>
[2022-08-06 21:52:19,349] {taskinstance.py:1376} INFO - 
--------------------------------------------------------------------------------
[2022-08-06 21:52:19,349] {taskinstance.py:1377} INFO - Starting attempt 1 of 6
[2022-08-06 21:52:19,349] {taskinstance.py:1378} INFO - 
--------------------------------------------------------------------------------
[2022-08-06 21:52:19,363] {taskinstance.py:1397} INFO - Executing <Task(BashOperator): first_task> on 2022-03-24 00:00:00+00:00
[2022-08-06 21:52:19,370] {standard_task_runner.py:52} INFO - Started process 2506 to run task
[2022-08-06 21:52:19,374] {standard_task_runner.py:79} INFO - Running: ['***', 'tasks', 'run', 'our_first_dag_v5', 'first_task', 'scheduled__2022-03-24T00:00:00+00:00', '--job-id', '708', '--raw', '--subdir', 'DAGS_FOLDER/pipeline.py', '--cfg-path', '/tmp/tmpw_j5m04j', '--error-file', '/tmp/tmp5yfxwhqk']
[2022-08-06 21:52:19,374] {standard_task_runner.py:80} INFO - Job 708: Subtask first_task
[2022-08-06 21:52:19,443] {task_command.py:371} INFO - Running <TaskInstance: our_first_dag_v5.first_task scheduled__2022-03-24T00:00:00+00:00 [running]> on host c3f731879890
[2022-08-06 21:52:19,531] {taskinstance.py:1591} INFO - Exporting the following env vars:
AIRFLOW_CTX_DAG_OWNER=coder2j
AIRFLOW_CTX_DAG_ID=our_first_dag_v5
AIRFLOW_CTX_TASK_ID=first_task
AIRFLOW_CTX_EXECUTION_DATE=2022-03-24T00:00:00+00:00
AIRFLOW_CTX_TRY_NUMBER=1
AIRFLOW_CTX_DAG_RUN_ID=scheduled__2022-03-24T00:00:00+00:00
[2022-08-06 21:52:19,532] {subprocess.py:62} INFO - Tmp dir root location: 
 /tmp
[2022-08-06 21:52:19,532] {subprocess.py:74} INFO - Running command: ['bash', '-c', 'echo hello world, this is the first task!']
[2022-08-06 21:52:19,544] {subprocess.py:85} INFO - Output:
[2022-08-06 21:52:19,545] {subprocess.py:92} INFO - hello world, this is the first task!
[2022-08-06 21:52:19,546] {subprocess.py:96} INFO - Command exited with return code 0
[2022-08-06 21:52:19,576] {taskinstance.py:1420} INFO - Marking task as SUCCESS. dag_id=our_first_dag_v5, task_id=first_task, execution_date=20220324T000000, start_date=20220806T215219, end_date=20220806T215219
[2022-08-06 21:52:19,625] {local_task_job.py:156} INFO - Task exited with return code 0
[2022-08-06 21:52:19,678] {local_task_job.py:273} INFO - 2 downstream tasks scheduled from follow-on schedule check
[2022-08-06 21:57:42,762] {taskinstance.py:1179} INFO - Dependencies all met for <TaskInstance: our_first_dag_v5.first_task scheduled__2022-03-24T00:00:00+00:00 [queued]>
[2022-08-06 21:57:42,780] {taskinstance.py:1179} INFO - Dependencies all met for <TaskInstance: our_first_dag_v5.first_task scheduled__2022-03-24T00:00:00+00:00 [queued]>
[2022-08-06 21:57:42,780] {taskinstance.py:1376} INFO - 
--------------------------------------------------------------------------------
[2022-08-06 21:57:42,780] {taskinstance.py:1377} INFO - Starting attempt 1 of 6
[2022-08-06 21:57:42,781] {taskinstance.py:1378} INFO - 
--------------------------------------------------------------------------------
[2022-08-06 21:57:42,801] {taskinstance.py:1397} INFO - Executing <Task(BashOperator): first_task> on 2022-03-24 00:00:00+00:00
[2022-08-06 21:57:42,808] {standard_task_runner.py:52} INFO - Started process 2303 to run task
[2022-08-06 21:57:42,810] {standard_task_runner.py:79} INFO - Running: ['***', 'tasks', 'run', 'our_first_dag_v5', 'first_task', 'scheduled__2022-03-24T00:00:00+00:00', '--job-id', '708', '--raw', '--subdir', 'DAGS_FOLDER/pipeline.py', '--cfg-path', '/tmp/tmpzepl_r33', '--error-file', '/tmp/tmpjl340pna']
[2022-08-06 21:57:42,811] {standard_task_runner.py:80} INFO - Job 708: Subtask first_task
[2022-08-06 21:57:42,936] {task_command.py:371} INFO - Running <TaskInstance: our_first_dag_v5.first_task scheduled__2022-03-24T00:00:00+00:00 [running]> on host bc7e154a4fdd
[2022-08-06 21:57:43,089] {taskinstance.py:1591} INFO - Exporting the following env vars:
AIRFLOW_CTX_DAG_OWNER=coder2j
AIRFLOW_CTX_DAG_ID=our_first_dag_v5
AIRFLOW_CTX_TASK_ID=first_task
AIRFLOW_CTX_EXECUTION_DATE=2022-03-24T00:00:00+00:00
AIRFLOW_CTX_TRY_NUMBER=1
AIRFLOW_CTX_DAG_RUN_ID=scheduled__2022-03-24T00:00:00+00:00
[2022-08-06 21:57:43,090] {subprocess.py:62} INFO - Tmp dir root location: 
 /tmp
[2022-08-06 21:57:43,091] {subprocess.py:74} INFO - Running command: ['bash', '-c', 'echo hello world, this is the first task!']
[2022-08-06 21:57:43,110] {subprocess.py:85} INFO - Output:
[2022-08-06 21:57:43,113] {subprocess.py:92} INFO - hello world, this is the first task!
[2022-08-06 21:57:43,114] {subprocess.py:96} INFO - Command exited with return code 0
[2022-08-06 21:57:43,165] {taskinstance.py:1420} INFO - Marking task as SUCCESS. dag_id=our_first_dag_v5, task_id=first_task, execution_date=20220324T000000, start_date=20220806T215742, end_date=20220806T215743
[2022-08-06 21:57:43,201] {local_task_job.py:156} INFO - Task exited with return code 0
[2022-08-06 21:57:43,291] {local_task_job.py:273} INFO - 0 downstream tasks scheduled from follow-on schedule check
[2022-08-06 22:12:45,063] {taskinstance.py:1179} INFO - Dependencies all met for <TaskInstance: our_first_dag_v5.first_task scheduled__2022-03-24T00:00:00+00:00 [queued]>
[2022-08-06 22:12:45,073] {taskinstance.py:1179} INFO - Dependencies all met for <TaskInstance: our_first_dag_v5.first_task scheduled__2022-03-24T00:00:00+00:00 [queued]>
[2022-08-06 22:12:45,073] {taskinstance.py:1376} INFO - 
--------------------------------------------------------------------------------
[2022-08-06 22:12:45,073] {taskinstance.py:1377} INFO - Starting attempt 1 of 6
[2022-08-06 22:12:45,073] {taskinstance.py:1378} INFO - 
--------------------------------------------------------------------------------
[2022-08-06 22:12:45,086] {taskinstance.py:1397} INFO - Executing <Task(BashOperator): first_task> on 2022-03-24 00:00:00+00:00
[2022-08-06 22:12:45,091] {standard_task_runner.py:52} INFO - Started process 2318 to run task
[2022-08-06 22:12:45,094] {standard_task_runner.py:79} INFO - Running: ['***', 'tasks', 'run', 'our_first_dag_v5', 'first_task', 'scheduled__2022-03-24T00:00:00+00:00', '--job-id', '712', '--raw', '--subdir', 'DAGS_FOLDER/pipeline.py', '--cfg-path', '/tmp/tmpc4ttsyzd', '--error-file', '/tmp/tmp3eexj14w']
[2022-08-06 22:12:45,094] {standard_task_runner.py:80} INFO - Job 712: Subtask first_task
[2022-08-06 22:12:45,155] {task_command.py:371} INFO - Running <TaskInstance: our_first_dag_v5.first_task scheduled__2022-03-24T00:00:00+00:00 [running]> on host 1250c3b659cd
[2022-08-06 22:12:45,250] {taskinstance.py:1591} INFO - Exporting the following env vars:
AIRFLOW_CTX_DAG_OWNER=coder2j
AIRFLOW_CTX_DAG_ID=our_first_dag_v5
AIRFLOW_CTX_TASK_ID=first_task
AIRFLOW_CTX_EXECUTION_DATE=2022-03-24T00:00:00+00:00
AIRFLOW_CTX_TRY_NUMBER=1
AIRFLOW_CTX_DAG_RUN_ID=scheduled__2022-03-24T00:00:00+00:00
[2022-08-06 22:12:45,250] {subprocess.py:62} INFO - Tmp dir root location: 
 /tmp
[2022-08-06 22:12:45,251] {subprocess.py:74} INFO - Running command: ['bash', '-c', 'echo hello world, this is the first task!']
[2022-08-06 22:12:45,264] {subprocess.py:85} INFO - Output:
[2022-08-06 22:12:45,266] {subprocess.py:92} INFO - hello world, this is the first task!
[2022-08-06 22:12:45,266] {subprocess.py:96} INFO - Command exited with return code 0
[2022-08-06 22:12:45,297] {taskinstance.py:1420} INFO - Marking task as SUCCESS. dag_id=our_first_dag_v5, task_id=first_task, execution_date=20220324T000000, start_date=20220806T221245, end_date=20220806T221245
[2022-08-06 22:12:45,345] {local_task_job.py:156} INFO - Task exited with return code 0
[2022-08-06 22:12:45,387] {local_task_job.py:273} INFO - 2 downstream tasks scheduled from follow-on schedule check
[2022-08-06 22:24:04,201] {taskinstance.py:1179} INFO - Dependencies all met for <TaskInstance: our_first_dag_v5.first_task scheduled__2022-03-24T00:00:00+00:00 [queued]>
[2022-08-06 22:24:04,216] {taskinstance.py:1179} INFO - Dependencies all met for <TaskInstance: our_first_dag_v5.first_task scheduled__2022-03-24T00:00:00+00:00 [queued]>
[2022-08-06 22:24:04,217] {taskinstance.py:1376} INFO - 
--------------------------------------------------------------------------------
[2022-08-06 22:24:04,217] {taskinstance.py:1377} INFO - Starting attempt 1 of 6
[2022-08-06 22:24:04,217] {taskinstance.py:1378} INFO - 
--------------------------------------------------------------------------------
[2022-08-06 22:24:04,233] {taskinstance.py:1397} INFO - Executing <Task(BashOperator): first_task> on 2022-03-24 00:00:00+00:00
[2022-08-06 22:24:04,240] {standard_task_runner.py:52} INFO - Started process 2359 to run task
[2022-08-06 22:24:04,242] {standard_task_runner.py:79} INFO - Running: ['***', 'tasks', 'run', 'our_first_dag_v5', 'first_task', 'scheduled__2022-03-24T00:00:00+00:00', '--job-id', '713', '--raw', '--subdir', 'DAGS_FOLDER/pipeline.py', '--cfg-path', '/tmp/tmp18lkev0i', '--error-file', '/tmp/tmp81a2b8kk']
[2022-08-06 22:24:04,242] {standard_task_runner.py:80} INFO - Job 713: Subtask first_task
[2022-08-06 22:24:04,319] {task_command.py:371} INFO - Running <TaskInstance: our_first_dag_v5.first_task scheduled__2022-03-24T00:00:00+00:00 [running]> on host b215076695c3
[2022-08-06 22:24:04,425] {taskinstance.py:1591} INFO - Exporting the following env vars:
AIRFLOW_CTX_DAG_OWNER=coder2j
AIRFLOW_CTX_DAG_ID=our_first_dag_v5
AIRFLOW_CTX_TASK_ID=first_task
AIRFLOW_CTX_EXECUTION_DATE=2022-03-24T00:00:00+00:00
AIRFLOW_CTX_TRY_NUMBER=1
AIRFLOW_CTX_DAG_RUN_ID=scheduled__2022-03-24T00:00:00+00:00
[2022-08-06 22:24:04,426] {subprocess.py:62} INFO - Tmp dir root location: 
 /tmp
[2022-08-06 22:24:04,427] {subprocess.py:74} INFO - Running command: ['bash', '-c', 'echo hello world, this is the first task!']
[2022-08-06 22:24:04,441] {subprocess.py:85} INFO - Output:
[2022-08-06 22:24:04,443] {subprocess.py:92} INFO - hello world, this is the first task!
[2022-08-06 22:24:04,443] {subprocess.py:96} INFO - Command exited with return code 0
[2022-08-06 22:24:04,480] {taskinstance.py:1420} INFO - Marking task as SUCCESS. dag_id=our_first_dag_v5, task_id=first_task, execution_date=20220324T000000, start_date=20220806T222404, end_date=20220806T222404
[2022-08-06 22:24:04,534] {local_task_job.py:156} INFO - Task exited with return code 0
[2022-08-06 22:24:04,589] {local_task_job.py:273} INFO - 2 downstream tasks scheduled from follow-on schedule check
