[2022-08-06 19:36:27,392] {taskinstance.py:1179} INFO - Dependencies all met for <TaskInstance: our_first_dag_v5.thrid_task scheduled__2021-09-13T00:00:00+00:00 [queued]>
[2022-08-06 19:36:27,406] {taskinstance.py:1179} INFO - Dependencies all met for <TaskInstance: our_first_dag_v5.thrid_task scheduled__2021-09-13T00:00:00+00:00 [queued]>
[2022-08-06 19:36:27,406] {taskinstance.py:1376} INFO - 
--------------------------------------------------------------------------------
[2022-08-06 19:36:27,406] {taskinstance.py:1377} INFO - Starting attempt 1 of 6
[2022-08-06 19:36:27,406] {taskinstance.py:1378} INFO - 
--------------------------------------------------------------------------------
[2022-08-06 19:36:27,429] {taskinstance.py:1397} INFO - Executing <Task(BashOperator): thrid_task> on 2021-09-13 00:00:00+00:00
[2022-08-06 19:36:27,436] {standard_task_runner.py:52} INFO - Started process 532 to run task
[2022-08-06 19:36:27,439] {standard_task_runner.py:79} INFO - Running: ['***', 'tasks', 'run', 'our_first_dag_v5', 'thrid_task', 'scheduled__2021-09-13T00:00:00+00:00', '--job-id', '141', '--raw', '--subdir', 'DAGS_FOLDER/pipeline.py', '--cfg-path', '/tmp/tmp79049k6g', '--error-file', '/tmp/tmpvpnz5oyr']
[2022-08-06 19:36:27,440] {standard_task_runner.py:80} INFO - Job 141: Subtask thrid_task
[2022-08-06 19:36:27,529] {task_command.py:371} INFO - Running <TaskInstance: our_first_dag_v5.thrid_task scheduled__2021-09-13T00:00:00+00:00 [running]> on host b29c168c1666
[2022-08-06 19:36:27,640] {taskinstance.py:1591} INFO - Exporting the following env vars:
AIRFLOW_CTX_DAG_OWNER=coder2j
AIRFLOW_CTX_DAG_ID=our_first_dag_v5
AIRFLOW_CTX_TASK_ID=thrid_task
AIRFLOW_CTX_EXECUTION_DATE=2021-09-13T00:00:00+00:00
AIRFLOW_CTX_TRY_NUMBER=1
AIRFLOW_CTX_DAG_RUN_ID=scheduled__2021-09-13T00:00:00+00:00
[2022-08-06 19:36:27,641] {subprocess.py:62} INFO - Tmp dir root location: 
 /tmp
[2022-08-06 19:36:27,642] {subprocess.py:74} INFO - Running command: ['bash', '-c', 'echo hey, I am task3 and will be running after task1 at the same time as task2!']
[2022-08-06 19:36:27,655] {subprocess.py:85} INFO - Output:
[2022-08-06 19:36:27,657] {subprocess.py:92} INFO - hey, I am task3 and will be running after task1 at the same time as task2!
[2022-08-06 19:36:27,658] {subprocess.py:96} INFO - Command exited with return code 0
[2022-08-06 19:36:27,700] {taskinstance.py:1420} INFO - Marking task as SUCCESS. dag_id=our_first_dag_v5, task_id=thrid_task, execution_date=20210913T000000, start_date=20220806T193627, end_date=20220806T193627
[2022-08-06 19:36:27,732] {local_task_job.py:156} INFO - Task exited with return code 0
[2022-08-06 19:36:27,772] {local_task_job.py:273} INFO - 0 downstream tasks scheduled from follow-on schedule check
[2022-08-06 21:50:22,037] {taskinstance.py:1179} INFO - Dependencies all met for <TaskInstance: our_first_dag_v5.thrid_task scheduled__2021-09-13T00:00:00+00:00 [queued]>
[2022-08-06 21:50:22,049] {taskinstance.py:1179} INFO - Dependencies all met for <TaskInstance: our_first_dag_v5.thrid_task scheduled__2021-09-13T00:00:00+00:00 [queued]>
[2022-08-06 21:50:22,050] {taskinstance.py:1376} INFO - 
--------------------------------------------------------------------------------
[2022-08-06 21:50:22,050] {taskinstance.py:1377} INFO - Starting attempt 1 of 6
[2022-08-06 21:50:22,050] {taskinstance.py:1378} INFO - 
--------------------------------------------------------------------------------
[2022-08-06 21:50:22,074] {taskinstance.py:1397} INFO - Executing <Task(BashOperator): thrid_task> on 2021-09-13 00:00:00+00:00
[2022-08-06 21:50:22,082] {standard_task_runner.py:52} INFO - Started process 721 to run task
[2022-08-06 21:50:22,084] {standard_task_runner.py:79} INFO - Running: ['***', 'tasks', 'run', 'our_first_dag_v5', 'thrid_task', 'scheduled__2021-09-13T00:00:00+00:00', '--job-id', '144', '--raw', '--subdir', 'DAGS_FOLDER/pipeline.py', '--cfg-path', '/tmp/tmp3pi5yl0l', '--error-file', '/tmp/tmp00eptbhh']
[2022-08-06 21:50:22,085] {standard_task_runner.py:80} INFO - Job 144: Subtask thrid_task
[2022-08-06 21:50:22,163] {task_command.py:371} INFO - Running <TaskInstance: our_first_dag_v5.thrid_task scheduled__2021-09-13T00:00:00+00:00 [running]> on host c3f731879890
[2022-08-06 21:50:22,312] {taskinstance.py:1591} INFO - Exporting the following env vars:
AIRFLOW_CTX_DAG_OWNER=coder2j
AIRFLOW_CTX_DAG_ID=our_first_dag_v5
AIRFLOW_CTX_TASK_ID=thrid_task
AIRFLOW_CTX_EXECUTION_DATE=2021-09-13T00:00:00+00:00
AIRFLOW_CTX_TRY_NUMBER=1
AIRFLOW_CTX_DAG_RUN_ID=scheduled__2021-09-13T00:00:00+00:00
[2022-08-06 21:50:22,313] {subprocess.py:62} INFO - Tmp dir root location: 
 /tmp
[2022-08-06 21:50:22,314] {subprocess.py:74} INFO - Running command: ['bash', '-c', 'echo hey, I am task3 and will be running after task1 at the same time as task2!']
[2022-08-06 21:50:22,330] {subprocess.py:85} INFO - Output:
[2022-08-06 21:50:22,332] {subprocess.py:92} INFO - hey, I am task3 and will be running after task1 at the same time as task2!
[2022-08-06 21:50:22,333] {subprocess.py:96} INFO - Command exited with return code 0
[2022-08-06 21:50:22,370] {taskinstance.py:1420} INFO - Marking task as SUCCESS. dag_id=our_first_dag_v5, task_id=thrid_task, execution_date=20210913T000000, start_date=20220806T215022, end_date=20220806T215022
[2022-08-06 21:50:22,418] {local_task_job.py:156} INFO - Task exited with return code 0
[2022-08-06 21:50:22,453] {local_task_job.py:273} INFO - 0 downstream tasks scheduled from follow-on schedule check
[2022-08-06 21:55:51,274] {taskinstance.py:1179} INFO - Dependencies all met for <TaskInstance: our_first_dag_v5.thrid_task scheduled__2021-09-13T00:00:00+00:00 [queued]>
[2022-08-06 21:55:51,284] {taskinstance.py:1179} INFO - Dependencies all met for <TaskInstance: our_first_dag_v5.thrid_task scheduled__2021-09-13T00:00:00+00:00 [queued]>
[2022-08-06 21:55:51,284] {taskinstance.py:1376} INFO - 
--------------------------------------------------------------------------------
[2022-08-06 21:55:51,284] {taskinstance.py:1377} INFO - Starting attempt 1 of 6
[2022-08-06 21:55:51,284] {taskinstance.py:1378} INFO - 
--------------------------------------------------------------------------------
[2022-08-06 21:55:51,302] {taskinstance.py:1397} INFO - Executing <Task(BashOperator): thrid_task> on 2021-09-13 00:00:00+00:00
[2022-08-06 21:55:51,308] {standard_task_runner.py:52} INFO - Started process 517 to run task
[2022-08-06 21:55:51,310] {standard_task_runner.py:79} INFO - Running: ['***', 'tasks', 'run', 'our_first_dag_v5', 'thrid_task', 'scheduled__2021-09-13T00:00:00+00:00', '--job-id', '141', '--raw', '--subdir', 'DAGS_FOLDER/pipeline.py', '--cfg-path', '/tmp/tmps0_qw_6s', '--error-file', '/tmp/tmpqtr4wnz4']
[2022-08-06 21:55:51,310] {standard_task_runner.py:80} INFO - Job 141: Subtask thrid_task
[2022-08-06 21:55:51,398] {task_command.py:371} INFO - Running <TaskInstance: our_first_dag_v5.thrid_task scheduled__2021-09-13T00:00:00+00:00 [running]> on host bc7e154a4fdd
[2022-08-06 21:55:51,491] {taskinstance.py:1591} INFO - Exporting the following env vars:
AIRFLOW_CTX_DAG_OWNER=coder2j
AIRFLOW_CTX_DAG_ID=our_first_dag_v5
AIRFLOW_CTX_TASK_ID=thrid_task
AIRFLOW_CTX_EXECUTION_DATE=2021-09-13T00:00:00+00:00
AIRFLOW_CTX_TRY_NUMBER=1
AIRFLOW_CTX_DAG_RUN_ID=scheduled__2021-09-13T00:00:00+00:00
[2022-08-06 21:55:51,492] {subprocess.py:62} INFO - Tmp dir root location: 
 /tmp
[2022-08-06 21:55:51,493] {subprocess.py:74} INFO - Running command: ['bash', '-c', 'echo hey, I am task3 and will be running after task1 at the same time as task2!']
[2022-08-06 21:55:51,508] {subprocess.py:85} INFO - Output:
[2022-08-06 21:55:51,509] {subprocess.py:92} INFO - hey, I am task3 and will be running after task1 at the same time as task2!
[2022-08-06 21:55:51,509] {subprocess.py:96} INFO - Command exited with return code 0
[2022-08-06 21:55:51,537] {taskinstance.py:1420} INFO - Marking task as SUCCESS. dag_id=our_first_dag_v5, task_id=thrid_task, execution_date=20210913T000000, start_date=20220806T215551, end_date=20220806T215551
[2022-08-06 21:55:51,565] {local_task_job.py:156} INFO - Task exited with return code 0
[2022-08-06 21:55:51,614] {local_task_job.py:273} INFO - 0 downstream tasks scheduled from follow-on schedule check
[2022-08-06 22:10:51,465] {taskinstance.py:1179} INFO - Dependencies all met for <TaskInstance: our_first_dag_v5.thrid_task scheduled__2021-09-13T00:00:00+00:00 [queued]>
[2022-08-06 22:10:51,475] {taskinstance.py:1179} INFO - Dependencies all met for <TaskInstance: our_first_dag_v5.thrid_task scheduled__2021-09-13T00:00:00+00:00 [queued]>
[2022-08-06 22:10:51,475] {taskinstance.py:1376} INFO - 
--------------------------------------------------------------------------------
[2022-08-06 22:10:51,475] {taskinstance.py:1377} INFO - Starting attempt 1 of 6
[2022-08-06 22:10:51,475] {taskinstance.py:1378} INFO - 
--------------------------------------------------------------------------------
[2022-08-06 22:10:51,487] {taskinstance.py:1397} INFO - Executing <Task(BashOperator): thrid_task> on 2021-09-13 00:00:00+00:00
[2022-08-06 22:10:51,493] {standard_task_runner.py:52} INFO - Started process 525 to run task
[2022-08-06 22:10:51,495] {standard_task_runner.py:79} INFO - Running: ['***', 'tasks', 'run', 'our_first_dag_v5', 'thrid_task', 'scheduled__2021-09-13T00:00:00+00:00', '--job-id', '143', '--raw', '--subdir', 'DAGS_FOLDER/pipeline.py', '--cfg-path', '/tmp/tmp93j3d807', '--error-file', '/tmp/tmp06clhlpt']
[2022-08-06 22:10:51,496] {standard_task_runner.py:80} INFO - Job 143: Subtask thrid_task
[2022-08-06 22:10:51,556] {task_command.py:371} INFO - Running <TaskInstance: our_first_dag_v5.thrid_task scheduled__2021-09-13T00:00:00+00:00 [running]> on host 1250c3b659cd
[2022-08-06 22:10:51,634] {taskinstance.py:1591} INFO - Exporting the following env vars:
AIRFLOW_CTX_DAG_OWNER=coder2j
AIRFLOW_CTX_DAG_ID=our_first_dag_v5
AIRFLOW_CTX_TASK_ID=thrid_task
AIRFLOW_CTX_EXECUTION_DATE=2021-09-13T00:00:00+00:00
AIRFLOW_CTX_TRY_NUMBER=1
AIRFLOW_CTX_DAG_RUN_ID=scheduled__2021-09-13T00:00:00+00:00
[2022-08-06 22:10:51,635] {subprocess.py:62} INFO - Tmp dir root location: 
 /tmp
[2022-08-06 22:10:51,635] {subprocess.py:74} INFO - Running command: ['bash', '-c', 'echo hey, I am task3 and will be running after task1 at the same time as task2!']
[2022-08-06 22:10:51,649] {subprocess.py:85} INFO - Output:
[2022-08-06 22:10:51,650] {subprocess.py:92} INFO - hey, I am task3 and will be running after task1 at the same time as task2!
[2022-08-06 22:10:51,650] {subprocess.py:96} INFO - Command exited with return code 0
[2022-08-06 22:10:51,678] {taskinstance.py:1420} INFO - Marking task as SUCCESS. dag_id=our_first_dag_v5, task_id=thrid_task, execution_date=20210913T000000, start_date=20220806T221051, end_date=20220806T221051
[2022-08-06 22:10:51,706] {local_task_job.py:156} INFO - Task exited with return code 0
[2022-08-06 22:10:51,736] {local_task_job.py:273} INFO - 0 downstream tasks scheduled from follow-on schedule check
[2022-08-06 22:18:37,692] {taskinstance.py:1179} INFO - Dependencies all met for <TaskInstance: our_first_dag_v5.thrid_task scheduled__2021-09-13T00:00:00+00:00 [queued]>
[2022-08-06 22:18:37,709] {taskinstance.py:1179} INFO - Dependencies all met for <TaskInstance: our_first_dag_v5.thrid_task scheduled__2021-09-13T00:00:00+00:00 [queued]>
[2022-08-06 22:18:37,709] {taskinstance.py:1376} INFO - 
--------------------------------------------------------------------------------
[2022-08-06 22:18:37,709] {taskinstance.py:1377} INFO - Starting attempt 1 of 6
[2022-08-06 22:18:37,709] {taskinstance.py:1378} INFO - 
--------------------------------------------------------------------------------
[2022-08-06 22:18:37,727] {taskinstance.py:1397} INFO - Executing <Task(BashOperator): thrid_task> on 2021-09-13 00:00:00+00:00
[2022-08-06 22:18:37,734] {standard_task_runner.py:52} INFO - Started process 532 to run task
[2022-08-06 22:18:37,736] {standard_task_runner.py:79} INFO - Running: ['***', 'tasks', 'run', 'our_first_dag_v5', 'thrid_task', 'scheduled__2021-09-13T00:00:00+00:00', '--job-id', '140', '--raw', '--subdir', 'DAGS_FOLDER/pipeline.py', '--cfg-path', '/tmp/tmpqt88s1a4', '--error-file', '/tmp/tmpdqkym1n4']
[2022-08-06 22:18:37,737] {standard_task_runner.py:80} INFO - Job 140: Subtask thrid_task
[2022-08-06 22:18:37,805] {task_command.py:371} INFO - Running <TaskInstance: our_first_dag_v5.thrid_task scheduled__2021-09-13T00:00:00+00:00 [running]> on host ed53bde1c44a
[2022-08-06 22:18:37,887] {taskinstance.py:1591} INFO - Exporting the following env vars:
AIRFLOW_CTX_DAG_OWNER=coder2j
AIRFLOW_CTX_DAG_ID=our_first_dag_v5
AIRFLOW_CTX_TASK_ID=thrid_task
AIRFLOW_CTX_EXECUTION_DATE=2021-09-13T00:00:00+00:00
AIRFLOW_CTX_TRY_NUMBER=1
AIRFLOW_CTX_DAG_RUN_ID=scheduled__2021-09-13T00:00:00+00:00
[2022-08-06 22:18:37,888] {subprocess.py:62} INFO - Tmp dir root location: 
 /tmp
[2022-08-06 22:18:37,888] {subprocess.py:74} INFO - Running command: ['bash', '-c', 'echo hey, I am task3 and will be running after task1 at the same time as task2!']
[2022-08-06 22:18:37,900] {subprocess.py:85} INFO - Output:
[2022-08-06 22:18:37,902] {subprocess.py:92} INFO - hey, I am task3 and will be running after task1 at the same time as task2!
[2022-08-06 22:18:37,902] {subprocess.py:96} INFO - Command exited with return code 0
[2022-08-06 22:18:37,931] {taskinstance.py:1420} INFO - Marking task as SUCCESS. dag_id=our_first_dag_v5, task_id=thrid_task, execution_date=20210913T000000, start_date=20220806T221837, end_date=20220806T221837
[2022-08-06 22:18:37,948] {local_task_job.py:156} INFO - Task exited with return code 0
[2022-08-06 22:18:37,978] {local_task_job.py:273} INFO - 0 downstream tasks scheduled from follow-on schedule check
[2022-08-06 22:22:12,686] {taskinstance.py:1179} INFO - Dependencies all met for <TaskInstance: our_first_dag_v5.thrid_task scheduled__2021-09-13T00:00:00+00:00 [queued]>
[2022-08-06 22:22:12,702] {taskinstance.py:1179} INFO - Dependencies all met for <TaskInstance: our_first_dag_v5.thrid_task scheduled__2021-09-13T00:00:00+00:00 [queued]>
[2022-08-06 22:22:12,702] {taskinstance.py:1376} INFO - 
--------------------------------------------------------------------------------
[2022-08-06 22:22:12,702] {taskinstance.py:1377} INFO - Starting attempt 1 of 6
[2022-08-06 22:22:12,702] {taskinstance.py:1378} INFO - 
--------------------------------------------------------------------------------
[2022-08-06 22:22:12,718] {taskinstance.py:1397} INFO - Executing <Task(BashOperator): thrid_task> on 2021-09-13 00:00:00+00:00
[2022-08-06 22:22:12,725] {standard_task_runner.py:52} INFO - Started process 572 to run task
[2022-08-06 22:22:12,729] {standard_task_runner.py:79} INFO - Running: ['***', 'tasks', 'run', 'our_first_dag_v5', 'thrid_task', 'scheduled__2021-09-13T00:00:00+00:00', '--job-id', '142', '--raw', '--subdir', 'DAGS_FOLDER/pipeline.py', '--cfg-path', '/tmp/tmp2u3n49q1', '--error-file', '/tmp/tmpza33ds9m']
[2022-08-06 22:22:12,729] {standard_task_runner.py:80} INFO - Job 142: Subtask thrid_task
[2022-08-06 22:22:12,860] {task_command.py:371} INFO - Running <TaskInstance: our_first_dag_v5.thrid_task scheduled__2021-09-13T00:00:00+00:00 [running]> on host b215076695c3
[2022-08-06 22:22:12,967] {taskinstance.py:1591} INFO - Exporting the following env vars:
AIRFLOW_CTX_DAG_OWNER=coder2j
AIRFLOW_CTX_DAG_ID=our_first_dag_v5
AIRFLOW_CTX_TASK_ID=thrid_task
AIRFLOW_CTX_EXECUTION_DATE=2021-09-13T00:00:00+00:00
AIRFLOW_CTX_TRY_NUMBER=1
AIRFLOW_CTX_DAG_RUN_ID=scheduled__2021-09-13T00:00:00+00:00
[2022-08-06 22:22:12,968] {subprocess.py:62} INFO - Tmp dir root location: 
 /tmp
[2022-08-06 22:22:12,968] {subprocess.py:74} INFO - Running command: ['bash', '-c', 'echo hey, I am task3 and will be running after task1 at the same time as task2!']
[2022-08-06 22:22:12,986] {subprocess.py:85} INFO - Output:
[2022-08-06 22:22:12,988] {subprocess.py:92} INFO - hey, I am task3 and will be running after task1 at the same time as task2!
[2022-08-06 22:22:12,988] {subprocess.py:96} INFO - Command exited with return code 0
[2022-08-06 22:22:13,023] {taskinstance.py:1420} INFO - Marking task as SUCCESS. dag_id=our_first_dag_v5, task_id=thrid_task, execution_date=20210913T000000, start_date=20220806T222212, end_date=20220806T222213
[2022-08-06 22:22:13,060] {local_task_job.py:156} INFO - Task exited with return code 0
[2022-08-06 22:22:13,100] {local_task_job.py:273} INFO - 0 downstream tasks scheduled from follow-on schedule check
