[2022-08-06 19:37:42,120] {taskinstance.py:1179} INFO - Dependencies all met for <TaskInstance: our_first_dag_v5.second_task scheduled__2022-01-08T00:00:00+00:00 [queued]>
[2022-08-06 19:37:42,138] {taskinstance.py:1179} INFO - Dependencies all met for <TaskInstance: our_first_dag_v5.second_task scheduled__2022-01-08T00:00:00+00:00 [queued]>
[2022-08-06 19:37:42,139] {taskinstance.py:1376} INFO - 
--------------------------------------------------------------------------------
[2022-08-06 19:37:42,139] {taskinstance.py:1377} INFO - Starting attempt 1 of 6
[2022-08-06 19:37:42,139] {taskinstance.py:1378} INFO - 
--------------------------------------------------------------------------------
[2022-08-06 19:37:42,158] {taskinstance.py:1397} INFO - Executing <Task(BashOperator): second_task> on 2022-01-08 00:00:00+00:00
[2022-08-06 19:37:42,165] {standard_task_runner.py:52} INFO - Started process 1642 to run task
[2022-08-06 19:37:42,168] {standard_task_runner.py:79} INFO - Running: ['***', 'tasks', 'run', 'our_first_dag_v5', 'second_task', 'scheduled__2022-01-08T00:00:00+00:00', '--job-id', '493', '--raw', '--subdir', 'DAGS_FOLDER/pipeline.py', '--cfg-path', '/tmp/tmpjjdu5oxt', '--error-file', '/tmp/tmpvwjc30s_']
[2022-08-06 19:37:42,169] {standard_task_runner.py:80} INFO - Job 493: Subtask second_task
[2022-08-06 19:37:42,255] {task_command.py:371} INFO - Running <TaskInstance: our_first_dag_v5.second_task scheduled__2022-01-08T00:00:00+00:00 [running]> on host b29c168c1666
[2022-08-06 19:37:42,402] {taskinstance.py:1591} INFO - Exporting the following env vars:
AIRFLOW_CTX_DAG_OWNER=coder2j
AIRFLOW_CTX_DAG_ID=our_first_dag_v5
AIRFLOW_CTX_TASK_ID=second_task
AIRFLOW_CTX_EXECUTION_DATE=2022-01-08T00:00:00+00:00
AIRFLOW_CTX_TRY_NUMBER=1
AIRFLOW_CTX_DAG_RUN_ID=scheduled__2022-01-08T00:00:00+00:00
[2022-08-06 19:37:42,403] {subprocess.py:62} INFO - Tmp dir root location: 
 /tmp
[2022-08-06 19:37:42,404] {subprocess.py:74} INFO - Running command: ['bash', '-c', 'echo hey, I am task2 and will be running after task1!']
[2022-08-06 19:37:42,421] {subprocess.py:85} INFO - Output:
[2022-08-06 19:37:42,423] {subprocess.py:92} INFO - hey, I am task2 and will be running after task1!
[2022-08-06 19:37:42,423] {subprocess.py:96} INFO - Command exited with return code 0
[2022-08-06 19:37:42,462] {taskinstance.py:1420} INFO - Marking task as SUCCESS. dag_id=our_first_dag_v5, task_id=second_task, execution_date=20220108T000000, start_date=20220806T193742, end_date=20220806T193742
[2022-08-06 19:37:42,500] {local_task_job.py:156} INFO - Task exited with return code 0
[2022-08-06 19:37:42,534] {local_task_job.py:273} INFO - 0 downstream tasks scheduled from follow-on schedule check
[2022-08-06 21:51:35,827] {taskinstance.py:1179} INFO - Dependencies all met for <TaskInstance: our_first_dag_v5.second_task scheduled__2022-01-08T00:00:00+00:00 [queued]>
[2022-08-06 21:51:35,841] {taskinstance.py:1179} INFO - Dependencies all met for <TaskInstance: our_first_dag_v5.second_task scheduled__2022-01-08T00:00:00+00:00 [queued]>
[2022-08-06 21:51:35,841] {taskinstance.py:1376} INFO - 
--------------------------------------------------------------------------------
[2022-08-06 21:51:35,842] {taskinstance.py:1377} INFO - Starting attempt 1 of 6
[2022-08-06 21:51:35,842] {taskinstance.py:1378} INFO - 
--------------------------------------------------------------------------------
[2022-08-06 21:51:35,862] {taskinstance.py:1397} INFO - Executing <Task(BashOperator): second_task> on 2022-01-08 00:00:00+00:00
[2022-08-06 21:51:35,870] {standard_task_runner.py:52} INFO - Started process 1830 to run task
[2022-08-06 21:51:35,873] {standard_task_runner.py:79} INFO - Running: ['***', 'tasks', 'run', 'our_first_dag_v5', 'second_task', 'scheduled__2022-01-08T00:00:00+00:00', '--job-id', '497', '--raw', '--subdir', 'DAGS_FOLDER/pipeline.py', '--cfg-path', '/tmp/tmplkod9pxe', '--error-file', '/tmp/tmp73cjls3y']
[2022-08-06 21:51:35,874] {standard_task_runner.py:80} INFO - Job 497: Subtask second_task
[2022-08-06 21:51:35,964] {task_command.py:371} INFO - Running <TaskInstance: our_first_dag_v5.second_task scheduled__2022-01-08T00:00:00+00:00 [running]> on host c3f731879890
[2022-08-06 21:51:36,077] {taskinstance.py:1591} INFO - Exporting the following env vars:
AIRFLOW_CTX_DAG_OWNER=coder2j
AIRFLOW_CTX_DAG_ID=our_first_dag_v5
AIRFLOW_CTX_TASK_ID=second_task
AIRFLOW_CTX_EXECUTION_DATE=2022-01-08T00:00:00+00:00
AIRFLOW_CTX_TRY_NUMBER=1
AIRFLOW_CTX_DAG_RUN_ID=scheduled__2022-01-08T00:00:00+00:00
[2022-08-06 21:51:36,078] {subprocess.py:62} INFO - Tmp dir root location: 
 /tmp
[2022-08-06 21:51:36,079] {subprocess.py:74} INFO - Running command: ['bash', '-c', 'echo hey, I am task2 and will be running after task1!']
[2022-08-06 21:51:36,095] {subprocess.py:85} INFO - Output:
[2022-08-06 21:51:36,097] {subprocess.py:92} INFO - hey, I am task2 and will be running after task1!
[2022-08-06 21:51:36,098] {subprocess.py:96} INFO - Command exited with return code 0
[2022-08-06 21:51:36,151] {taskinstance.py:1420} INFO - Marking task as SUCCESS. dag_id=our_first_dag_v5, task_id=second_task, execution_date=20220108T000000, start_date=20220806T215135, end_date=20220806T215136
[2022-08-06 21:51:36,206] {local_task_job.py:156} INFO - Task exited with return code 0
[2022-08-06 21:51:36,269] {local_task_job.py:273} INFO - 0 downstream tasks scheduled from follow-on schedule check
[2022-08-06 21:57:00,007] {taskinstance.py:1179} INFO - Dependencies all met for <TaskInstance: our_first_dag_v5.second_task scheduled__2022-01-08T00:00:00+00:00 [queued]>
[2022-08-06 21:57:00,025] {taskinstance.py:1179} INFO - Dependencies all met for <TaskInstance: our_first_dag_v5.second_task scheduled__2022-01-08T00:00:00+00:00 [queued]>
[2022-08-06 21:57:00,025] {taskinstance.py:1376} INFO - 
--------------------------------------------------------------------------------
[2022-08-06 21:57:00,025] {taskinstance.py:1377} INFO - Starting attempt 1 of 6
[2022-08-06 21:57:00,025] {taskinstance.py:1378} INFO - 
--------------------------------------------------------------------------------
[2022-08-06 21:57:00,044] {taskinstance.py:1397} INFO - Executing <Task(BashOperator): second_task> on 2022-01-08 00:00:00+00:00
[2022-08-06 21:57:00,053] {standard_task_runner.py:52} INFO - Started process 1632 to run task
[2022-08-06 21:57:00,055] {standard_task_runner.py:79} INFO - Running: ['***', 'tasks', 'run', 'our_first_dag_v5', 'second_task', 'scheduled__2022-01-08T00:00:00+00:00', '--job-id', '495', '--raw', '--subdir', 'DAGS_FOLDER/pipeline.py', '--cfg-path', '/tmp/tmpbpm5e014', '--error-file', '/tmp/tmpsrnv70vr']
[2022-08-06 21:57:00,056] {standard_task_runner.py:80} INFO - Job 495: Subtask second_task
[2022-08-06 21:57:00,125] {task_command.py:371} INFO - Running <TaskInstance: our_first_dag_v5.second_task scheduled__2022-01-08T00:00:00+00:00 [running]> on host bc7e154a4fdd
[2022-08-06 21:57:00,221] {taskinstance.py:1591} INFO - Exporting the following env vars:
AIRFLOW_CTX_DAG_OWNER=coder2j
AIRFLOW_CTX_DAG_ID=our_first_dag_v5
AIRFLOW_CTX_TASK_ID=second_task
AIRFLOW_CTX_EXECUTION_DATE=2022-01-08T00:00:00+00:00
AIRFLOW_CTX_TRY_NUMBER=1
AIRFLOW_CTX_DAG_RUN_ID=scheduled__2022-01-08T00:00:00+00:00
[2022-08-06 21:57:00,222] {subprocess.py:62} INFO - Tmp dir root location: 
 /tmp
[2022-08-06 21:57:00,222] {subprocess.py:74} INFO - Running command: ['bash', '-c', 'echo hey, I am task2 and will be running after task1!']
[2022-08-06 21:57:00,235] {subprocess.py:85} INFO - Output:
[2022-08-06 21:57:00,237] {subprocess.py:92} INFO - hey, I am task2 and will be running after task1!
[2022-08-06 21:57:00,237] {subprocess.py:96} INFO - Command exited with return code 0
[2022-08-06 21:57:00,273] {taskinstance.py:1420} INFO - Marking task as SUCCESS. dag_id=our_first_dag_v5, task_id=second_task, execution_date=20220108T000000, start_date=20220806T215700, end_date=20220806T215700
[2022-08-06 21:57:00,307] {local_task_job.py:156} INFO - Task exited with return code 0
[2022-08-06 21:57:00,362] {local_task_job.py:273} INFO - 0 downstream tasks scheduled from follow-on schedule check
[2022-08-06 22:12:01,386] {taskinstance.py:1179} INFO - Dependencies all met for <TaskInstance: our_first_dag_v5.second_task scheduled__2022-01-08T00:00:00+00:00 [queued]>
[2022-08-06 22:12:01,403] {taskinstance.py:1179} INFO - Dependencies all met for <TaskInstance: our_first_dag_v5.second_task scheduled__2022-01-08T00:00:00+00:00 [queued]>
[2022-08-06 22:12:01,403] {taskinstance.py:1376} INFO - 
--------------------------------------------------------------------------------
[2022-08-06 22:12:01,404] {taskinstance.py:1377} INFO - Starting attempt 1 of 6
[2022-08-06 22:12:01,404] {taskinstance.py:1378} INFO - 
--------------------------------------------------------------------------------
[2022-08-06 22:12:01,422] {taskinstance.py:1397} INFO - Executing <Task(BashOperator): second_task> on 2022-01-08 00:00:00+00:00
[2022-08-06 22:12:01,430] {standard_task_runner.py:52} INFO - Started process 1628 to run task
[2022-08-06 22:12:01,433] {standard_task_runner.py:79} INFO - Running: ['***', 'tasks', 'run', 'our_first_dag_v5', 'second_task', 'scheduled__2022-01-08T00:00:00+00:00', '--job-id', '491', '--raw', '--subdir', 'DAGS_FOLDER/pipeline.py', '--cfg-path', '/tmp/tmpwcwwvpn4', '--error-file', '/tmp/tmpl75j4lw_']
[2022-08-06 22:12:01,434] {standard_task_runner.py:80} INFO - Job 491: Subtask second_task
[2022-08-06 22:12:01,529] {task_command.py:371} INFO - Running <TaskInstance: our_first_dag_v5.second_task scheduled__2022-01-08T00:00:00+00:00 [running]> on host 1250c3b659cd
[2022-08-06 22:12:01,629] {taskinstance.py:1591} INFO - Exporting the following env vars:
AIRFLOW_CTX_DAG_OWNER=coder2j
AIRFLOW_CTX_DAG_ID=our_first_dag_v5
AIRFLOW_CTX_TASK_ID=second_task
AIRFLOW_CTX_EXECUTION_DATE=2022-01-08T00:00:00+00:00
AIRFLOW_CTX_TRY_NUMBER=1
AIRFLOW_CTX_DAG_RUN_ID=scheduled__2022-01-08T00:00:00+00:00
[2022-08-06 22:12:01,630] {subprocess.py:62} INFO - Tmp dir root location: 
 /tmp
[2022-08-06 22:12:01,630] {subprocess.py:74} INFO - Running command: ['bash', '-c', 'echo hey, I am task2 and will be running after task1!']
[2022-08-06 22:12:01,647] {subprocess.py:85} INFO - Output:
[2022-08-06 22:12:01,649] {subprocess.py:92} INFO - hey, I am task2 and will be running after task1!
[2022-08-06 22:12:01,649] {subprocess.py:96} INFO - Command exited with return code 0
[2022-08-06 22:12:01,687] {taskinstance.py:1420} INFO - Marking task as SUCCESS. dag_id=our_first_dag_v5, task_id=second_task, execution_date=20220108T000000, start_date=20220806T221201, end_date=20220806T221201
[2022-08-06 22:12:01,725] {local_task_job.py:156} INFO - Task exited with return code 0
[2022-08-06 22:12:01,760] {local_task_job.py:273} INFO - 0 downstream tasks scheduled from follow-on schedule check
[2022-08-06 22:23:21,748] {taskinstance.py:1179} INFO - Dependencies all met for <TaskInstance: our_first_dag_v5.second_task scheduled__2022-01-08T00:00:00+00:00 [queued]>
[2022-08-06 22:23:21,759] {taskinstance.py:1179} INFO - Dependencies all met for <TaskInstance: our_first_dag_v5.second_task scheduled__2022-01-08T00:00:00+00:00 [queued]>
[2022-08-06 22:23:21,759] {taskinstance.py:1376} INFO - 
--------------------------------------------------------------------------------
[2022-08-06 22:23:21,759] {taskinstance.py:1377} INFO - Starting attempt 1 of 6
[2022-08-06 22:23:21,759] {taskinstance.py:1378} INFO - 
--------------------------------------------------------------------------------
[2022-08-06 22:23:21,779] {taskinstance.py:1397} INFO - Executing <Task(BashOperator): second_task> on 2022-01-08 00:00:00+00:00
[2022-08-06 22:23:21,786] {standard_task_runner.py:52} INFO - Started process 1683 to run task
[2022-08-06 22:23:21,789] {standard_task_runner.py:79} INFO - Running: ['***', 'tasks', 'run', 'our_first_dag_v5', 'second_task', 'scheduled__2022-01-08T00:00:00+00:00', '--job-id', '494', '--raw', '--subdir', 'DAGS_FOLDER/pipeline.py', '--cfg-path', '/tmp/tmp0so7k0vc', '--error-file', '/tmp/tmph0flsoex']
[2022-08-06 22:23:21,790] {standard_task_runner.py:80} INFO - Job 494: Subtask second_task
[2022-08-06 22:23:21,862] {task_command.py:371} INFO - Running <TaskInstance: our_first_dag_v5.second_task scheduled__2022-01-08T00:00:00+00:00 [running]> on host b215076695c3
[2022-08-06 22:23:21,951] {taskinstance.py:1591} INFO - Exporting the following env vars:
AIRFLOW_CTX_DAG_OWNER=coder2j
AIRFLOW_CTX_DAG_ID=our_first_dag_v5
AIRFLOW_CTX_TASK_ID=second_task
AIRFLOW_CTX_EXECUTION_DATE=2022-01-08T00:00:00+00:00
AIRFLOW_CTX_TRY_NUMBER=1
AIRFLOW_CTX_DAG_RUN_ID=scheduled__2022-01-08T00:00:00+00:00
[2022-08-06 22:23:21,952] {subprocess.py:62} INFO - Tmp dir root location: 
 /tmp
[2022-08-06 22:23:21,952] {subprocess.py:74} INFO - Running command: ['bash', '-c', 'echo hey, I am task2 and will be running after task1!']
[2022-08-06 22:23:21,965] {subprocess.py:85} INFO - Output:
[2022-08-06 22:23:21,967] {subprocess.py:92} INFO - hey, I am task2 and will be running after task1!
[2022-08-06 22:23:21,967] {subprocess.py:96} INFO - Command exited with return code 0
[2022-08-06 22:23:21,996] {taskinstance.py:1420} INFO - Marking task as SUCCESS. dag_id=our_first_dag_v5, task_id=second_task, execution_date=20220108T000000, start_date=20220806T222321, end_date=20220806T222321
[2022-08-06 22:23:22,044] {local_task_job.py:156} INFO - Task exited with return code 0
[2022-08-06 22:23:22,073] {local_task_job.py:273} INFO - 0 downstream tasks scheduled from follow-on schedule check
