[2022-08-06 19:38:05,853] {taskinstance.py:1179} INFO - Dependencies all met for <TaskInstance: our_first_dag_v5.thrid_task scheduled__2022-02-17T00:00:00+00:00 [queued]>
[2022-08-06 19:38:05,870] {taskinstance.py:1179} INFO - Dependencies all met for <TaskInstance: our_first_dag_v5.thrid_task scheduled__2022-02-17T00:00:00+00:00 [queued]>
[2022-08-06 19:38:05,870] {taskinstance.py:1376} INFO - 
--------------------------------------------------------------------------------
[2022-08-06 19:38:05,870] {taskinstance.py:1377} INFO - Starting attempt 1 of 6
[2022-08-06 19:38:05,870] {taskinstance.py:1378} INFO - 
--------------------------------------------------------------------------------
[2022-08-06 19:38:05,890] {taskinstance.py:1397} INFO - Executing <Task(BashOperator): thrid_task> on 2022-02-17 00:00:00+00:00
[2022-08-06 19:38:05,896] {standard_task_runner.py:52} INFO - Started process 2019 to run task
[2022-08-06 19:38:05,899] {standard_task_runner.py:79} INFO - Running: ['***', 'tasks', 'run', 'our_first_dag_v5', 'thrid_task', 'scheduled__2022-02-17T00:00:00+00:00', '--job-id', '613', '--raw', '--subdir', 'DAGS_FOLDER/pipeline.py', '--cfg-path', '/tmp/tmp6rct6gaz', '--error-file', '/tmp/tmpcfeh9_97']
[2022-08-06 19:38:05,899] {standard_task_runner.py:80} INFO - Job 613: Subtask thrid_task
[2022-08-06 19:38:05,969] {task_command.py:371} INFO - Running <TaskInstance: our_first_dag_v5.thrid_task scheduled__2022-02-17T00:00:00+00:00 [running]> on host b29c168c1666
[2022-08-06 19:38:06,074] {taskinstance.py:1591} INFO - Exporting the following env vars:
AIRFLOW_CTX_DAG_OWNER=coder2j
AIRFLOW_CTX_DAG_ID=our_first_dag_v5
AIRFLOW_CTX_TASK_ID=thrid_task
AIRFLOW_CTX_EXECUTION_DATE=2022-02-17T00:00:00+00:00
AIRFLOW_CTX_TRY_NUMBER=1
AIRFLOW_CTX_DAG_RUN_ID=scheduled__2022-02-17T00:00:00+00:00
[2022-08-06 19:38:06,076] {subprocess.py:62} INFO - Tmp dir root location: 
 /tmp
[2022-08-06 19:38:06,076] {subprocess.py:74} INFO - Running command: ['bash', '-c', 'echo hey, I am task3 and will be running after task1 at the same time as task2!']
[2022-08-06 19:38:06,093] {subprocess.py:85} INFO - Output:
[2022-08-06 19:38:06,095] {subprocess.py:92} INFO - hey, I am task3 and will be running after task1 at the same time as task2!
[2022-08-06 19:38:06,095] {subprocess.py:96} INFO - Command exited with return code 0
[2022-08-06 19:38:06,132] {taskinstance.py:1420} INFO - Marking task as SUCCESS. dag_id=our_first_dag_v5, task_id=thrid_task, execution_date=20220217T000000, start_date=20220806T193805, end_date=20220806T193806
[2022-08-06 19:38:06,191] {local_task_job.py:156} INFO - Task exited with return code 0
[2022-08-06 19:38:06,278] {local_task_job.py:273} INFO - 0 downstream tasks scheduled from follow-on schedule check
[2022-08-06 21:51:59,011] {taskinstance.py:1179} INFO - Dependencies all met for <TaskInstance: our_first_dag_v5.thrid_task scheduled__2022-02-17T00:00:00+00:00 [queued]>
[2022-08-06 21:51:59,023] {taskinstance.py:1179} INFO - Dependencies all met for <TaskInstance: our_first_dag_v5.thrid_task scheduled__2022-02-17T00:00:00+00:00 [queued]>
[2022-08-06 21:51:59,023] {taskinstance.py:1376} INFO - 
--------------------------------------------------------------------------------
[2022-08-06 21:51:59,023] {taskinstance.py:1377} INFO - Starting attempt 1 of 6
[2022-08-06 21:51:59,023] {taskinstance.py:1378} INFO - 
--------------------------------------------------------------------------------
[2022-08-06 21:51:59,038] {taskinstance.py:1397} INFO - Executing <Task(BashOperator): thrid_task> on 2022-02-17 00:00:00+00:00
[2022-08-06 21:51:59,044] {standard_task_runner.py:52} INFO - Started process 2203 to run task
[2022-08-06 21:51:59,047] {standard_task_runner.py:79} INFO - Running: ['***', 'tasks', 'run', 'our_first_dag_v5', 'thrid_task', 'scheduled__2022-02-17T00:00:00+00:00', '--job-id', '614', '--raw', '--subdir', 'DAGS_FOLDER/pipeline.py', '--cfg-path', '/tmp/tmpmng3ue1a', '--error-file', '/tmp/tmpjsk5ddy0']
[2022-08-06 21:51:59,047] {standard_task_runner.py:80} INFO - Job 614: Subtask thrid_task
[2022-08-06 21:51:59,187] {task_command.py:371} INFO - Running <TaskInstance: our_first_dag_v5.thrid_task scheduled__2022-02-17T00:00:00+00:00 [running]> on host c3f731879890
[2022-08-06 21:51:59,305] {taskinstance.py:1591} INFO - Exporting the following env vars:
AIRFLOW_CTX_DAG_OWNER=coder2j
AIRFLOW_CTX_DAG_ID=our_first_dag_v5
AIRFLOW_CTX_TASK_ID=thrid_task
AIRFLOW_CTX_EXECUTION_DATE=2022-02-17T00:00:00+00:00
AIRFLOW_CTX_TRY_NUMBER=1
AIRFLOW_CTX_DAG_RUN_ID=scheduled__2022-02-17T00:00:00+00:00
[2022-08-06 21:51:59,305] {subprocess.py:62} INFO - Tmp dir root location: 
 /tmp
[2022-08-06 21:51:59,306] {subprocess.py:74} INFO - Running command: ['bash', '-c', 'echo hey, I am task3 and will be running after task1 at the same time as task2!']
[2022-08-06 21:51:59,321] {subprocess.py:85} INFO - Output:
[2022-08-06 21:51:59,324] {subprocess.py:92} INFO - hey, I am task3 and will be running after task1 at the same time as task2!
[2022-08-06 21:51:59,324] {subprocess.py:96} INFO - Command exited with return code 0
[2022-08-06 21:51:59,401] {taskinstance.py:1420} INFO - Marking task as SUCCESS. dag_id=our_first_dag_v5, task_id=thrid_task, execution_date=20220217T000000, start_date=20220806T215159, end_date=20220806T215159
[2022-08-06 21:51:59,463] {local_task_job.py:156} INFO - Task exited with return code 0
[2022-08-06 21:51:59,510] {local_task_job.py:273} INFO - 0 downstream tasks scheduled from follow-on schedule check
[2022-08-06 21:57:23,675] {taskinstance.py:1179} INFO - Dependencies all met for <TaskInstance: our_first_dag_v5.thrid_task scheduled__2022-02-17T00:00:00+00:00 [queued]>
[2022-08-06 21:57:23,692] {taskinstance.py:1179} INFO - Dependencies all met for <TaskInstance: our_first_dag_v5.thrid_task scheduled__2022-02-17T00:00:00+00:00 [queued]>
[2022-08-06 21:57:23,692] {taskinstance.py:1376} INFO - 
--------------------------------------------------------------------------------
[2022-08-06 21:57:23,692] {taskinstance.py:1377} INFO - Starting attempt 1 of 6
[2022-08-06 21:57:23,692] {taskinstance.py:1378} INFO - 
--------------------------------------------------------------------------------
[2022-08-06 21:57:23,713] {taskinstance.py:1397} INFO - Executing <Task(BashOperator): thrid_task> on 2022-02-17 00:00:00+00:00
[2022-08-06 21:57:23,723] {standard_task_runner.py:52} INFO - Started process 2010 to run task
[2022-08-06 21:57:23,727] {standard_task_runner.py:79} INFO - Running: ['***', 'tasks', 'run', 'our_first_dag_v5', 'thrid_task', 'scheduled__2022-02-17T00:00:00+00:00', '--job-id', '615', '--raw', '--subdir', 'DAGS_FOLDER/pipeline.py', '--cfg-path', '/tmp/tmpuyabpggw', '--error-file', '/tmp/tmp78culs68']
[2022-08-06 21:57:23,727] {standard_task_runner.py:80} INFO - Job 615: Subtask thrid_task
[2022-08-06 21:57:23,834] {task_command.py:371} INFO - Running <TaskInstance: our_first_dag_v5.thrid_task scheduled__2022-02-17T00:00:00+00:00 [running]> on host bc7e154a4fdd
[2022-08-06 21:57:23,952] {taskinstance.py:1591} INFO - Exporting the following env vars:
AIRFLOW_CTX_DAG_OWNER=coder2j
AIRFLOW_CTX_DAG_ID=our_first_dag_v5
AIRFLOW_CTX_TASK_ID=thrid_task
AIRFLOW_CTX_EXECUTION_DATE=2022-02-17T00:00:00+00:00
AIRFLOW_CTX_TRY_NUMBER=1
AIRFLOW_CTX_DAG_RUN_ID=scheduled__2022-02-17T00:00:00+00:00
[2022-08-06 21:57:23,953] {subprocess.py:62} INFO - Tmp dir root location: 
 /tmp
[2022-08-06 21:57:23,954] {subprocess.py:74} INFO - Running command: ['bash', '-c', 'echo hey, I am task3 and will be running after task1 at the same time as task2!']
[2022-08-06 21:57:23,973] {subprocess.py:85} INFO - Output:
[2022-08-06 21:57:23,975] {subprocess.py:92} INFO - hey, I am task3 and will be running after task1 at the same time as task2!
[2022-08-06 21:57:23,975] {subprocess.py:96} INFO - Command exited with return code 0
[2022-08-06 21:57:24,023] {taskinstance.py:1420} INFO - Marking task as SUCCESS. dag_id=our_first_dag_v5, task_id=thrid_task, execution_date=20220217T000000, start_date=20220806T215723, end_date=20220806T215724
[2022-08-06 21:57:24,061] {local_task_job.py:156} INFO - Task exited with return code 0
[2022-08-06 21:57:24,117] {local_task_job.py:273} INFO - 0 downstream tasks scheduled from follow-on schedule check
[2022-08-06 22:12:23,888] {taskinstance.py:1179} INFO - Dependencies all met for <TaskInstance: our_first_dag_v5.thrid_task scheduled__2022-02-17T00:00:00+00:00 [queued]>
[2022-08-06 22:12:23,906] {taskinstance.py:1179} INFO - Dependencies all met for <TaskInstance: our_first_dag_v5.thrid_task scheduled__2022-02-17T00:00:00+00:00 [queued]>
[2022-08-06 22:12:23,906] {taskinstance.py:1376} INFO - 
--------------------------------------------------------------------------------
[2022-08-06 22:12:23,906] {taskinstance.py:1377} INFO - Starting attempt 1 of 6
[2022-08-06 22:12:23,906] {taskinstance.py:1378} INFO - 
--------------------------------------------------------------------------------
[2022-08-06 22:12:23,923] {taskinstance.py:1397} INFO - Executing <Task(BashOperator): thrid_task> on 2022-02-17 00:00:00+00:00
[2022-08-06 22:12:23,931] {standard_task_runner.py:52} INFO - Started process 2006 to run task
[2022-08-06 22:12:23,934] {standard_task_runner.py:79} INFO - Running: ['***', 'tasks', 'run', 'our_first_dag_v5', 'thrid_task', 'scheduled__2022-02-17T00:00:00+00:00', '--job-id', '613', '--raw', '--subdir', 'DAGS_FOLDER/pipeline.py', '--cfg-path', '/tmp/tmpru2n7gqm', '--error-file', '/tmp/tmpjqu9_dn6']
[2022-08-06 22:12:23,934] {standard_task_runner.py:80} INFO - Job 613: Subtask thrid_task
[2022-08-06 22:12:24,004] {task_command.py:371} INFO - Running <TaskInstance: our_first_dag_v5.thrid_task scheduled__2022-02-17T00:00:00+00:00 [running]> on host 1250c3b659cd
[2022-08-06 22:12:24,088] {taskinstance.py:1591} INFO - Exporting the following env vars:
AIRFLOW_CTX_DAG_OWNER=coder2j
AIRFLOW_CTX_DAG_ID=our_first_dag_v5
AIRFLOW_CTX_TASK_ID=thrid_task
AIRFLOW_CTX_EXECUTION_DATE=2022-02-17T00:00:00+00:00
AIRFLOW_CTX_TRY_NUMBER=1
AIRFLOW_CTX_DAG_RUN_ID=scheduled__2022-02-17T00:00:00+00:00
[2022-08-06 22:12:24,089] {subprocess.py:62} INFO - Tmp dir root location: 
 /tmp
[2022-08-06 22:12:24,089] {subprocess.py:74} INFO - Running command: ['bash', '-c', 'echo hey, I am task3 and will be running after task1 at the same time as task2!']
[2022-08-06 22:12:24,101] {subprocess.py:85} INFO - Output:
[2022-08-06 22:12:24,103] {subprocess.py:92} INFO - hey, I am task3 and will be running after task1 at the same time as task2!
[2022-08-06 22:12:24,103] {subprocess.py:96} INFO - Command exited with return code 0
[2022-08-06 22:12:24,137] {taskinstance.py:1420} INFO - Marking task as SUCCESS. dag_id=our_first_dag_v5, task_id=thrid_task, execution_date=20220217T000000, start_date=20220806T221223, end_date=20220806T221224
[2022-08-06 22:12:24,185] {local_task_job.py:156} INFO - Task exited with return code 0
[2022-08-06 22:12:24,225] {local_task_job.py:273} INFO - 0 downstream tasks scheduled from follow-on schedule check
[2022-08-06 22:23:47,882] {taskinstance.py:1179} INFO - Dependencies all met for <TaskInstance: our_first_dag_v5.thrid_task scheduled__2022-02-17T00:00:00+00:00 [queued]>
[2022-08-06 22:23:47,894] {taskinstance.py:1179} INFO - Dependencies all met for <TaskInstance: our_first_dag_v5.thrid_task scheduled__2022-02-17T00:00:00+00:00 [queued]>
[2022-08-06 22:23:47,894] {taskinstance.py:1376} INFO - 
--------------------------------------------------------------------------------
[2022-08-06 22:23:47,894] {taskinstance.py:1377} INFO - Starting attempt 1 of 6
[2022-08-06 22:23:47,895] {taskinstance.py:1378} INFO - 
--------------------------------------------------------------------------------
[2022-08-06 22:23:47,911] {taskinstance.py:1397} INFO - Executing <Task(BashOperator): thrid_task> on 2022-02-17 00:00:00+00:00
[2022-08-06 22:23:47,918] {standard_task_runner.py:52} INFO - Started process 2067 to run task
[2022-08-06 22:23:47,921] {standard_task_runner.py:79} INFO - Running: ['***', 'tasks', 'run', 'our_first_dag_v5', 'thrid_task', 'scheduled__2022-02-17T00:00:00+00:00', '--job-id', '617', '--raw', '--subdir', 'DAGS_FOLDER/pipeline.py', '--cfg-path', '/tmp/tmpoaro0hb0', '--error-file', '/tmp/tmpg0fmucx8']
[2022-08-06 22:23:47,921] {standard_task_runner.py:80} INFO - Job 617: Subtask thrid_task
[2022-08-06 22:23:48,016] {task_command.py:371} INFO - Running <TaskInstance: our_first_dag_v5.thrid_task scheduled__2022-02-17T00:00:00+00:00 [running]> on host b215076695c3
[2022-08-06 22:23:48,139] {taskinstance.py:1591} INFO - Exporting the following env vars:
AIRFLOW_CTX_DAG_OWNER=coder2j
AIRFLOW_CTX_DAG_ID=our_first_dag_v5
AIRFLOW_CTX_TASK_ID=thrid_task
AIRFLOW_CTX_EXECUTION_DATE=2022-02-17T00:00:00+00:00
AIRFLOW_CTX_TRY_NUMBER=1
AIRFLOW_CTX_DAG_RUN_ID=scheduled__2022-02-17T00:00:00+00:00
[2022-08-06 22:23:48,140] {subprocess.py:62} INFO - Tmp dir root location: 
 /tmp
[2022-08-06 22:23:48,140] {subprocess.py:74} INFO - Running command: ['bash', '-c', 'echo hey, I am task3 and will be running after task1 at the same time as task2!']
[2022-08-06 22:23:48,159] {subprocess.py:85} INFO - Output:
[2022-08-06 22:23:48,161] {subprocess.py:92} INFO - hey, I am task3 and will be running after task1 at the same time as task2!
[2022-08-06 22:23:48,161] {subprocess.py:96} INFO - Command exited with return code 0
[2022-08-06 22:23:48,231] {taskinstance.py:1420} INFO - Marking task as SUCCESS. dag_id=our_first_dag_v5, task_id=thrid_task, execution_date=20220217T000000, start_date=20220806T222347, end_date=20220806T222348
[2022-08-06 22:23:48,294] {local_task_job.py:156} INFO - Task exited with return code 0
[2022-08-06 22:23:48,348] {local_task_job.py:273} INFO - 0 downstream tasks scheduled from follow-on schedule check
