[2022-08-06 19:38:14,402] {taskinstance.py:1179} INFO - Dependencies all met for <TaskInstance: our_first_dag_v5.first_task scheduled__2022-03-03T00:00:00+00:00 [queued]>
[2022-08-06 19:38:14,416] {taskinstance.py:1179} INFO - Dependencies all met for <TaskInstance: our_first_dag_v5.first_task scheduled__2022-03-03T00:00:00+00:00 [queued]>
[2022-08-06 19:38:14,416] {taskinstance.py:1376} INFO - 
--------------------------------------------------------------------------------
[2022-08-06 19:38:14,416] {taskinstance.py:1377} INFO - Starting attempt 1 of 6
[2022-08-06 19:38:14,416] {taskinstance.py:1378} INFO - 
--------------------------------------------------------------------------------
[2022-08-06 19:38:14,435] {taskinstance.py:1397} INFO - Executing <Task(BashOperator): first_task> on 2022-03-03 00:00:00+00:00
[2022-08-06 19:38:14,441] {standard_task_runner.py:52} INFO - Started process 2134 to run task
[2022-08-06 19:38:14,443] {standard_task_runner.py:79} INFO - Running: ['***', 'tasks', 'run', 'our_first_dag_v5', 'first_task', 'scheduled__2022-03-03T00:00:00+00:00', '--job-id', '649', '--raw', '--subdir', 'DAGS_FOLDER/pipeline.py', '--cfg-path', '/tmp/tmp1x_3w5eh', '--error-file', '/tmp/tmp1cu_a799']
[2022-08-06 19:38:14,444] {standard_task_runner.py:80} INFO - Job 649: Subtask first_task
[2022-08-06 19:38:14,515] {task_command.py:371} INFO - Running <TaskInstance: our_first_dag_v5.first_task scheduled__2022-03-03T00:00:00+00:00 [running]> on host b29c168c1666
[2022-08-06 19:38:14,607] {taskinstance.py:1591} INFO - Exporting the following env vars:
AIRFLOW_CTX_DAG_OWNER=coder2j
AIRFLOW_CTX_DAG_ID=our_first_dag_v5
AIRFLOW_CTX_TASK_ID=first_task
AIRFLOW_CTX_EXECUTION_DATE=2022-03-03T00:00:00+00:00
AIRFLOW_CTX_TRY_NUMBER=1
AIRFLOW_CTX_DAG_RUN_ID=scheduled__2022-03-03T00:00:00+00:00
[2022-08-06 19:38:14,608] {subprocess.py:62} INFO - Tmp dir root location: 
 /tmp
[2022-08-06 19:38:14,609] {subprocess.py:74} INFO - Running command: ['bash', '-c', 'echo hello world, this is the first task!']
[2022-08-06 19:38:14,624] {subprocess.py:85} INFO - Output:
[2022-08-06 19:38:14,626] {subprocess.py:92} INFO - hello world, this is the first task!
[2022-08-06 19:38:14,626] {subprocess.py:96} INFO - Command exited with return code 0
[2022-08-06 19:38:14,711] {taskinstance.py:1420} INFO - Marking task as SUCCESS. dag_id=our_first_dag_v5, task_id=first_task, execution_date=20220303T000000, start_date=20220806T193814, end_date=20220806T193814
[2022-08-06 19:38:14,735] {local_task_job.py:156} INFO - Task exited with return code 0
[2022-08-06 19:38:14,786] {local_task_job.py:273} INFO - 2 downstream tasks scheduled from follow-on schedule check
[2022-08-06 21:52:05,411] {taskinstance.py:1179} INFO - Dependencies all met for <TaskInstance: our_first_dag_v5.first_task scheduled__2022-03-03T00:00:00+00:00 [queued]>
[2022-08-06 21:52:05,425] {taskinstance.py:1179} INFO - Dependencies all met for <TaskInstance: our_first_dag_v5.first_task scheduled__2022-03-03T00:00:00+00:00 [queued]>
[2022-08-06 21:52:05,425] {taskinstance.py:1376} INFO - 
--------------------------------------------------------------------------------
[2022-08-06 21:52:05,425] {taskinstance.py:1377} INFO - Starting attempt 1 of 6
[2022-08-06 21:52:05,425] {taskinstance.py:1378} INFO - 
--------------------------------------------------------------------------------
[2022-08-06 21:52:05,448] {taskinstance.py:1397} INFO - Executing <Task(BashOperator): first_task> on 2022-03-03 00:00:00+00:00
[2022-08-06 21:52:05,455] {standard_task_runner.py:52} INFO - Started process 2308 to run task
[2022-08-06 21:52:05,458] {standard_task_runner.py:79} INFO - Running: ['***', 'tasks', 'run', 'our_first_dag_v5', 'first_task', 'scheduled__2022-03-03T00:00:00+00:00', '--job-id', '645', '--raw', '--subdir', 'DAGS_FOLDER/pipeline.py', '--cfg-path', '/tmp/tmprifdgbmr', '--error-file', '/tmp/tmp_ea7bhbp']
[2022-08-06 21:52:05,459] {standard_task_runner.py:80} INFO - Job 645: Subtask first_task
[2022-08-06 21:52:05,555] {task_command.py:371} INFO - Running <TaskInstance: our_first_dag_v5.first_task scheduled__2022-03-03T00:00:00+00:00 [running]> on host c3f731879890
[2022-08-06 21:52:05,660] {taskinstance.py:1591} INFO - Exporting the following env vars:
AIRFLOW_CTX_DAG_OWNER=coder2j
AIRFLOW_CTX_DAG_ID=our_first_dag_v5
AIRFLOW_CTX_TASK_ID=first_task
AIRFLOW_CTX_EXECUTION_DATE=2022-03-03T00:00:00+00:00
AIRFLOW_CTX_TRY_NUMBER=1
AIRFLOW_CTX_DAG_RUN_ID=scheduled__2022-03-03T00:00:00+00:00
[2022-08-06 21:52:05,661] {subprocess.py:62} INFO - Tmp dir root location: 
 /tmp
[2022-08-06 21:52:05,662] {subprocess.py:74} INFO - Running command: ['bash', '-c', 'echo hello world, this is the first task!']
[2022-08-06 21:52:05,678] {subprocess.py:85} INFO - Output:
[2022-08-06 21:52:05,679] {subprocess.py:92} INFO - hello world, this is the first task!
[2022-08-06 21:52:05,680] {subprocess.py:96} INFO - Command exited with return code 0
[2022-08-06 21:52:05,718] {taskinstance.py:1420} INFO - Marking task as SUCCESS. dag_id=our_first_dag_v5, task_id=first_task, execution_date=20220303T000000, start_date=20220806T215205, end_date=20220806T215205
[2022-08-06 21:52:05,751] {local_task_job.py:156} INFO - Task exited with return code 0
[2022-08-06 21:52:05,804] {local_task_job.py:273} INFO - 2 downstream tasks scheduled from follow-on schedule check
[2022-08-06 21:57:29,240] {taskinstance.py:1179} INFO - Dependencies all met for <TaskInstance: our_first_dag_v5.first_task scheduled__2022-03-03T00:00:00+00:00 [queued]>
[2022-08-06 21:57:29,253] {taskinstance.py:1179} INFO - Dependencies all met for <TaskInstance: our_first_dag_v5.first_task scheduled__2022-03-03T00:00:00+00:00 [queued]>
[2022-08-06 21:57:29,254] {taskinstance.py:1376} INFO - 
--------------------------------------------------------------------------------
[2022-08-06 21:57:29,254] {taskinstance.py:1377} INFO - Starting attempt 1 of 6
[2022-08-06 21:57:29,254] {taskinstance.py:1378} INFO - 
--------------------------------------------------------------------------------
[2022-08-06 21:57:29,270] {taskinstance.py:1397} INFO - Executing <Task(BashOperator): first_task> on 2022-03-03 00:00:00+00:00
[2022-08-06 21:57:29,277] {standard_task_runner.py:52} INFO - Started process 2104 to run task
[2022-08-06 21:57:29,281] {standard_task_runner.py:79} INFO - Running: ['***', 'tasks', 'run', 'our_first_dag_v5', 'first_task', 'scheduled__2022-03-03T00:00:00+00:00', '--job-id', '648', '--raw', '--subdir', 'DAGS_FOLDER/pipeline.py', '--cfg-path', '/tmp/tmpotsj52fb', '--error-file', '/tmp/tmpxt8l4iep']
[2022-08-06 21:57:29,282] {standard_task_runner.py:80} INFO - Job 648: Subtask first_task
[2022-08-06 21:57:29,367] {task_command.py:371} INFO - Running <TaskInstance: our_first_dag_v5.first_task scheduled__2022-03-03T00:00:00+00:00 [running]> on host bc7e154a4fdd
[2022-08-06 21:57:29,509] {taskinstance.py:1591} INFO - Exporting the following env vars:
AIRFLOW_CTX_DAG_OWNER=coder2j
AIRFLOW_CTX_DAG_ID=our_first_dag_v5
AIRFLOW_CTX_TASK_ID=first_task
AIRFLOW_CTX_EXECUTION_DATE=2022-03-03T00:00:00+00:00
AIRFLOW_CTX_TRY_NUMBER=1
AIRFLOW_CTX_DAG_RUN_ID=scheduled__2022-03-03T00:00:00+00:00
[2022-08-06 21:57:29,510] {subprocess.py:62} INFO - Tmp dir root location: 
 /tmp
[2022-08-06 21:57:29,511] {subprocess.py:74} INFO - Running command: ['bash', '-c', 'echo hello world, this is the first task!']
[2022-08-06 21:57:29,530] {subprocess.py:85} INFO - Output:
[2022-08-06 21:57:29,533] {subprocess.py:92} INFO - hello world, this is the first task!
[2022-08-06 21:57:29,534] {subprocess.py:96} INFO - Command exited with return code 0
[2022-08-06 21:57:29,641] {taskinstance.py:1420} INFO - Marking task as SUCCESS. dag_id=our_first_dag_v5, task_id=first_task, execution_date=20220303T000000, start_date=20220806T215729, end_date=20220806T215729
[2022-08-06 21:57:29,697] {local_task_job.py:156} INFO - Task exited with return code 0
[2022-08-06 21:57:29,743] {local_task_job.py:273} INFO - 2 downstream tasks scheduled from follow-on schedule check
[2022-08-06 22:12:31,945] {taskinstance.py:1179} INFO - Dependencies all met for <TaskInstance: our_first_dag_v5.first_task scheduled__2022-03-03T00:00:00+00:00 [queued]>
[2022-08-06 22:12:31,961] {taskinstance.py:1179} INFO - Dependencies all met for <TaskInstance: our_first_dag_v5.first_task scheduled__2022-03-03T00:00:00+00:00 [queued]>
[2022-08-06 22:12:31,962] {taskinstance.py:1376} INFO - 
--------------------------------------------------------------------------------
[2022-08-06 22:12:31,962] {taskinstance.py:1377} INFO - Starting attempt 1 of 6
[2022-08-06 22:12:31,962] {taskinstance.py:1378} INFO - 
--------------------------------------------------------------------------------
[2022-08-06 22:12:31,980] {taskinstance.py:1397} INFO - Executing <Task(BashOperator): first_task> on 2022-03-03 00:00:00+00:00
[2022-08-06 22:12:31,987] {standard_task_runner.py:52} INFO - Started process 2110 to run task
[2022-08-06 22:12:31,990] {standard_task_runner.py:79} INFO - Running: ['***', 'tasks', 'run', 'our_first_dag_v5', 'first_task', 'scheduled__2022-03-03T00:00:00+00:00', '--job-id', '645', '--raw', '--subdir', 'DAGS_FOLDER/pipeline.py', '--cfg-path', '/tmp/tmp1_e0z65a', '--error-file', '/tmp/tmpmcwwbj3z']
[2022-08-06 22:12:31,990] {standard_task_runner.py:80} INFO - Job 645: Subtask first_task
[2022-08-06 22:12:32,060] {task_command.py:371} INFO - Running <TaskInstance: our_first_dag_v5.first_task scheduled__2022-03-03T00:00:00+00:00 [running]> on host 1250c3b659cd
[2022-08-06 22:12:32,145] {taskinstance.py:1591} INFO - Exporting the following env vars:
AIRFLOW_CTX_DAG_OWNER=coder2j
AIRFLOW_CTX_DAG_ID=our_first_dag_v5
AIRFLOW_CTX_TASK_ID=first_task
AIRFLOW_CTX_EXECUTION_DATE=2022-03-03T00:00:00+00:00
AIRFLOW_CTX_TRY_NUMBER=1
AIRFLOW_CTX_DAG_RUN_ID=scheduled__2022-03-03T00:00:00+00:00
[2022-08-06 22:12:32,146] {subprocess.py:62} INFO - Tmp dir root location: 
 /tmp
[2022-08-06 22:12:32,147] {subprocess.py:74} INFO - Running command: ['bash', '-c', 'echo hello world, this is the first task!']
[2022-08-06 22:12:32,162] {subprocess.py:85} INFO - Output:
[2022-08-06 22:12:32,163] {subprocess.py:92} INFO - hello world, this is the first task!
[2022-08-06 22:12:32,164] {subprocess.py:96} INFO - Command exited with return code 0
[2022-08-06 22:12:32,210] {taskinstance.py:1420} INFO - Marking task as SUCCESS. dag_id=our_first_dag_v5, task_id=first_task, execution_date=20220303T000000, start_date=20220806T221231, end_date=20220806T221232
[2022-08-06 22:12:32,281] {local_task_job.py:156} INFO - Task exited with return code 0
[2022-08-06 22:12:32,331] {local_task_job.py:273} INFO - 2 downstream tasks scheduled from follow-on schedule check
[2022-08-06 22:23:55,197] {taskinstance.py:1179} INFO - Dependencies all met for <TaskInstance: our_first_dag_v5.first_task scheduled__2022-03-03T00:00:00+00:00 [queued]>
[2022-08-06 22:23:55,209] {taskinstance.py:1179} INFO - Dependencies all met for <TaskInstance: our_first_dag_v5.first_task scheduled__2022-03-03T00:00:00+00:00 [queued]>
[2022-08-06 22:23:55,209] {taskinstance.py:1376} INFO - 
--------------------------------------------------------------------------------
[2022-08-06 22:23:55,209] {taskinstance.py:1377} INFO - Starting attempt 1 of 6
[2022-08-06 22:23:55,209] {taskinstance.py:1378} INFO - 
--------------------------------------------------------------------------------
[2022-08-06 22:23:55,224] {taskinstance.py:1397} INFO - Executing <Task(BashOperator): first_task> on 2022-03-03 00:00:00+00:00
[2022-08-06 22:23:55,229] {standard_task_runner.py:52} INFO - Started process 2189 to run task
[2022-08-06 22:23:55,231] {standard_task_runner.py:79} INFO - Running: ['***', 'tasks', 'run', 'our_first_dag_v5', 'first_task', 'scheduled__2022-03-03T00:00:00+00:00', '--job-id', '654', '--raw', '--subdir', 'DAGS_FOLDER/pipeline.py', '--cfg-path', '/tmp/tmppy1g8sht', '--error-file', '/tmp/tmpccs10j6o']
[2022-08-06 22:23:55,231] {standard_task_runner.py:80} INFO - Job 654: Subtask first_task
[2022-08-06 22:23:55,286] {task_command.py:371} INFO - Running <TaskInstance: our_first_dag_v5.first_task scheduled__2022-03-03T00:00:00+00:00 [running]> on host b215076695c3
[2022-08-06 22:23:55,362] {taskinstance.py:1591} INFO - Exporting the following env vars:
AIRFLOW_CTX_DAG_OWNER=coder2j
AIRFLOW_CTX_DAG_ID=our_first_dag_v5
AIRFLOW_CTX_TASK_ID=first_task
AIRFLOW_CTX_EXECUTION_DATE=2022-03-03T00:00:00+00:00
AIRFLOW_CTX_TRY_NUMBER=1
AIRFLOW_CTX_DAG_RUN_ID=scheduled__2022-03-03T00:00:00+00:00
[2022-08-06 22:23:55,363] {subprocess.py:62} INFO - Tmp dir root location: 
 /tmp
[2022-08-06 22:23:55,363] {subprocess.py:74} INFO - Running command: ['bash', '-c', 'echo hello world, this is the first task!']
[2022-08-06 22:23:55,376] {subprocess.py:85} INFO - Output:
[2022-08-06 22:23:55,378] {subprocess.py:92} INFO - hello world, this is the first task!
[2022-08-06 22:23:55,379] {subprocess.py:96} INFO - Command exited with return code 0
[2022-08-06 22:23:55,413] {taskinstance.py:1420} INFO - Marking task as SUCCESS. dag_id=our_first_dag_v5, task_id=first_task, execution_date=20220303T000000, start_date=20220806T222355, end_date=20220806T222355
[2022-08-06 22:23:55,442] {local_task_job.py:156} INFO - Task exited with return code 0
[2022-08-06 22:23:55,477] {local_task_job.py:273} INFO - 2 downstream tasks scheduled from follow-on schedule check
