[2022-08-06 19:38:36,088] {taskinstance.py:1179} INFO - Dependencies all met for <TaskInstance: our_first_dag_v5.second_task scheduled__2022-04-07T00:00:00+00:00 [queued]>
[2022-08-06 19:38:36,105] {taskinstance.py:1179} INFO - Dependencies all met for <TaskInstance: our_first_dag_v5.second_task scheduled__2022-04-07T00:00:00+00:00 [queued]>
[2022-08-06 19:38:36,105] {taskinstance.py:1376} INFO - 
--------------------------------------------------------------------------------
[2022-08-06 19:38:36,105] {taskinstance.py:1377} INFO - Starting attempt 1 of 6
[2022-08-06 19:38:36,105] {taskinstance.py:1378} INFO - 
--------------------------------------------------------------------------------
[2022-08-06 19:38:36,123] {taskinstance.py:1397} INFO - Executing <Task(BashOperator): second_task> on 2022-04-07 00:00:00+00:00
[2022-08-06 19:38:36,130] {standard_task_runner.py:52} INFO - Started process 2483 to run task
[2022-08-06 19:38:36,133] {standard_task_runner.py:79} INFO - Running: ['***', 'tasks', 'run', 'our_first_dag_v5', 'second_task', 'scheduled__2022-04-07T00:00:00+00:00', '--job-id', '761', '--raw', '--subdir', 'DAGS_FOLDER/pipeline.py', '--cfg-path', '/tmp/tmpcrk4ums3', '--error-file', '/tmp/tmp4mlknu52']
[2022-08-06 19:38:36,133] {standard_task_runner.py:80} INFO - Job 761: Subtask second_task
[2022-08-06 19:38:36,225] {task_command.py:371} INFO - Running <TaskInstance: our_first_dag_v5.second_task scheduled__2022-04-07T00:00:00+00:00 [running]> on host b29c168c1666
[2022-08-06 19:38:36,326] {taskinstance.py:1591} INFO - Exporting the following env vars:
AIRFLOW_CTX_DAG_OWNER=coder2j
AIRFLOW_CTX_DAG_ID=our_first_dag_v5
AIRFLOW_CTX_TASK_ID=second_task
AIRFLOW_CTX_EXECUTION_DATE=2022-04-07T00:00:00+00:00
AIRFLOW_CTX_TRY_NUMBER=1
AIRFLOW_CTX_DAG_RUN_ID=scheduled__2022-04-07T00:00:00+00:00
[2022-08-06 19:38:36,327] {subprocess.py:62} INFO - Tmp dir root location: 
 /tmp
[2022-08-06 19:38:36,328] {subprocess.py:74} INFO - Running command: ['bash', '-c', 'echo hey, I am task2 and will be running after task1!']
[2022-08-06 19:38:36,345] {subprocess.py:85} INFO - Output:
[2022-08-06 19:38:36,347] {subprocess.py:92} INFO - hey, I am task2 and will be running after task1!
[2022-08-06 19:38:36,347] {subprocess.py:96} INFO - Command exited with return code 0
[2022-08-06 19:38:36,419] {taskinstance.py:1420} INFO - Marking task as SUCCESS. dag_id=our_first_dag_v5, task_id=second_task, execution_date=20220407T000000, start_date=20220806T193836, end_date=20220806T193836
[2022-08-06 19:38:36,465] {local_task_job.py:156} INFO - Task exited with return code 0
[2022-08-06 19:38:36,518] {local_task_job.py:273} INFO - 0 downstream tasks scheduled from follow-on schedule check
[2022-08-06 21:52:27,654] {taskinstance.py:1179} INFO - Dependencies all met for <TaskInstance: our_first_dag_v5.second_task scheduled__2022-04-07T00:00:00+00:00 [queued]>
[2022-08-06 21:52:27,674] {taskinstance.py:1179} INFO - Dependencies all met for <TaskInstance: our_first_dag_v5.second_task scheduled__2022-04-07T00:00:00+00:00 [queued]>
[2022-08-06 21:52:27,674] {taskinstance.py:1376} INFO - 
--------------------------------------------------------------------------------
[2022-08-06 21:52:27,674] {taskinstance.py:1377} INFO - Starting attempt 1 of 6
[2022-08-06 21:52:27,675] {taskinstance.py:1378} INFO - 
--------------------------------------------------------------------------------
[2022-08-06 21:52:27,698] {taskinstance.py:1397} INFO - Executing <Task(BashOperator): second_task> on 2022-04-07 00:00:00+00:00
[2022-08-06 21:52:27,709] {standard_task_runner.py:52} INFO - Started process 2680 to run task
[2022-08-06 21:52:27,718] {standard_task_runner.py:79} INFO - Running: ['***', 'tasks', 'run', 'our_first_dag_v5', 'second_task', 'scheduled__2022-04-07T00:00:00+00:00', '--job-id', '761', '--raw', '--subdir', 'DAGS_FOLDER/pipeline.py', '--cfg-path', '/tmp/tmp9ev7348l', '--error-file', '/tmp/tmplbkwppo0']
[2022-08-06 21:52:27,718] {standard_task_runner.py:80} INFO - Job 761: Subtask second_task
[2022-08-06 21:52:27,833] {task_command.py:371} INFO - Running <TaskInstance: our_first_dag_v5.second_task scheduled__2022-04-07T00:00:00+00:00 [running]> on host c3f731879890
[2022-08-06 21:52:27,947] {taskinstance.py:1591} INFO - Exporting the following env vars:
AIRFLOW_CTX_DAG_OWNER=coder2j
AIRFLOW_CTX_DAG_ID=our_first_dag_v5
AIRFLOW_CTX_TASK_ID=second_task
AIRFLOW_CTX_EXECUTION_DATE=2022-04-07T00:00:00+00:00
AIRFLOW_CTX_TRY_NUMBER=1
AIRFLOW_CTX_DAG_RUN_ID=scheduled__2022-04-07T00:00:00+00:00
[2022-08-06 21:52:27,948] {subprocess.py:62} INFO - Tmp dir root location: 
 /tmp
[2022-08-06 21:52:27,948] {subprocess.py:74} INFO - Running command: ['bash', '-c', 'echo hey, I am task2 and will be running after task1!']
[2022-08-06 21:52:27,963] {subprocess.py:85} INFO - Output:
[2022-08-06 21:52:27,966] {subprocess.py:92} INFO - hey, I am task2 and will be running after task1!
[2022-08-06 21:52:27,966] {subprocess.py:96} INFO - Command exited with return code 0
[2022-08-06 21:52:28,008] {taskinstance.py:1420} INFO - Marking task as SUCCESS. dag_id=our_first_dag_v5, task_id=second_task, execution_date=20220407T000000, start_date=20220806T215227, end_date=20220806T215228
[2022-08-06 21:52:28,054] {local_task_job.py:156} INFO - Task exited with return code 0
[2022-08-06 21:52:28,102] {local_task_job.py:273} INFO - 0 downstream tasks scheduled from follow-on schedule check
[2022-08-06 21:57:51,980] {taskinstance.py:1179} INFO - Dependencies all met for <TaskInstance: our_first_dag_v5.second_task scheduled__2022-04-07T00:00:00+00:00 [queued]>
[2022-08-06 21:57:51,998] {taskinstance.py:1179} INFO - Dependencies all met for <TaskInstance: our_first_dag_v5.second_task scheduled__2022-04-07T00:00:00+00:00 [queued]>
[2022-08-06 21:57:51,999] {taskinstance.py:1376} INFO - 
--------------------------------------------------------------------------------
[2022-08-06 21:57:51,999] {taskinstance.py:1377} INFO - Starting attempt 1 of 6
[2022-08-06 21:57:51,999] {taskinstance.py:1378} INFO - 
--------------------------------------------------------------------------------
[2022-08-06 21:57:52,024] {taskinstance.py:1397} INFO - Executing <Task(BashOperator): second_task> on 2022-04-07 00:00:00+00:00
[2022-08-06 21:57:52,031] {standard_task_runner.py:52} INFO - Started process 2456 to run task
[2022-08-06 21:57:52,035] {standard_task_runner.py:79} INFO - Running: ['***', 'tasks', 'run', 'our_first_dag_v5', 'second_task', 'scheduled__2022-04-07T00:00:00+00:00', '--job-id', '758', '--raw', '--subdir', 'DAGS_FOLDER/pipeline.py', '--cfg-path', '/tmp/tmp4qzrhrgk', '--error-file', '/tmp/tmp8fxitaga']
[2022-08-06 21:57:52,036] {standard_task_runner.py:80} INFO - Job 758: Subtask second_task
[2022-08-06 21:57:52,130] {task_command.py:371} INFO - Running <TaskInstance: our_first_dag_v5.second_task scheduled__2022-04-07T00:00:00+00:00 [running]> on host bc7e154a4fdd
[2022-08-06 21:57:52,249] {taskinstance.py:1591} INFO - Exporting the following env vars:
AIRFLOW_CTX_DAG_OWNER=coder2j
AIRFLOW_CTX_DAG_ID=our_first_dag_v5
AIRFLOW_CTX_TASK_ID=second_task
AIRFLOW_CTX_EXECUTION_DATE=2022-04-07T00:00:00+00:00
AIRFLOW_CTX_TRY_NUMBER=1
AIRFLOW_CTX_DAG_RUN_ID=scheduled__2022-04-07T00:00:00+00:00
[2022-08-06 21:57:52,250] {subprocess.py:62} INFO - Tmp dir root location: 
 /tmp
[2022-08-06 21:57:52,251] {subprocess.py:74} INFO - Running command: ['bash', '-c', 'echo hey, I am task2 and will be running after task1!']
[2022-08-06 21:57:52,266] {subprocess.py:85} INFO - Output:
[2022-08-06 21:57:52,268] {subprocess.py:92} INFO - hey, I am task2 and will be running after task1!
[2022-08-06 21:57:52,269] {subprocess.py:96} INFO - Command exited with return code 0
[2022-08-06 21:57:52,306] {taskinstance.py:1420} INFO - Marking task as SUCCESS. dag_id=our_first_dag_v5, task_id=second_task, execution_date=20220407T000000, start_date=20220806T215751, end_date=20220806T215752
[2022-08-06 21:57:52,327] {local_task_job.py:156} INFO - Task exited with return code 0
[2022-08-06 21:57:52,362] {local_task_job.py:273} INFO - 0 downstream tasks scheduled from follow-on schedule check
[2022-08-06 22:12:53,067] {taskinstance.py:1179} INFO - Dependencies all met for <TaskInstance: our_first_dag_v5.second_task scheduled__2022-04-07T00:00:00+00:00 [queued]>
[2022-08-06 22:12:53,077] {taskinstance.py:1179} INFO - Dependencies all met for <TaskInstance: our_first_dag_v5.second_task scheduled__2022-04-07T00:00:00+00:00 [queued]>
[2022-08-06 22:12:53,077] {taskinstance.py:1376} INFO - 
--------------------------------------------------------------------------------
[2022-08-06 22:12:53,077] {taskinstance.py:1377} INFO - Starting attempt 1 of 6
[2022-08-06 22:12:53,078] {taskinstance.py:1378} INFO - 
--------------------------------------------------------------------------------
[2022-08-06 22:12:53,092] {taskinstance.py:1397} INFO - Executing <Task(BashOperator): second_task> on 2022-04-07 00:00:00+00:00
[2022-08-06 22:12:53,097] {standard_task_runner.py:52} INFO - Started process 2461 to run task
[2022-08-06 22:12:53,099] {standard_task_runner.py:79} INFO - Running: ['***', 'tasks', 'run', 'our_first_dag_v5', 'second_task', 'scheduled__2022-04-07T00:00:00+00:00', '--job-id', '756', '--raw', '--subdir', 'DAGS_FOLDER/pipeline.py', '--cfg-path', '/tmp/tmp440nl5d8', '--error-file', '/tmp/tmpidv3w3b0']
[2022-08-06 22:12:53,099] {standard_task_runner.py:80} INFO - Job 756: Subtask second_task
[2022-08-06 22:12:53,156] {task_command.py:371} INFO - Running <TaskInstance: our_first_dag_v5.second_task scheduled__2022-04-07T00:00:00+00:00 [running]> on host 1250c3b659cd
[2022-08-06 22:12:53,252] {taskinstance.py:1591} INFO - Exporting the following env vars:
AIRFLOW_CTX_DAG_OWNER=coder2j
AIRFLOW_CTX_DAG_ID=our_first_dag_v5
AIRFLOW_CTX_TASK_ID=second_task
AIRFLOW_CTX_EXECUTION_DATE=2022-04-07T00:00:00+00:00
AIRFLOW_CTX_TRY_NUMBER=1
AIRFLOW_CTX_DAG_RUN_ID=scheduled__2022-04-07T00:00:00+00:00
[2022-08-06 22:12:53,253] {subprocess.py:62} INFO - Tmp dir root location: 
 /tmp
[2022-08-06 22:12:53,253] {subprocess.py:74} INFO - Running command: ['bash', '-c', 'echo hey, I am task2 and will be running after task1!']
[2022-08-06 22:12:53,267] {subprocess.py:85} INFO - Output:
[2022-08-06 22:12:53,268] {subprocess.py:92} INFO - hey, I am task2 and will be running after task1!
[2022-08-06 22:12:53,269] {subprocess.py:96} INFO - Command exited with return code 0
[2022-08-06 22:12:53,297] {taskinstance.py:1420} INFO - Marking task as SUCCESS. dag_id=our_first_dag_v5, task_id=second_task, execution_date=20220407T000000, start_date=20220806T221253, end_date=20220806T221253
[2022-08-06 22:12:53,351] {local_task_job.py:156} INFO - Task exited with return code 0
[2022-08-06 22:12:53,379] {local_task_job.py:273} INFO - 0 downstream tasks scheduled from follow-on schedule check
[2022-08-06 22:24:13,228] {taskinstance.py:1179} INFO - Dependencies all met for <TaskInstance: our_first_dag_v5.second_task scheduled__2022-04-07T00:00:00+00:00 [queued]>
[2022-08-06 22:24:13,245] {taskinstance.py:1179} INFO - Dependencies all met for <TaskInstance: our_first_dag_v5.second_task scheduled__2022-04-07T00:00:00+00:00 [queued]>
[2022-08-06 22:24:13,246] {taskinstance.py:1376} INFO - 
--------------------------------------------------------------------------------
[2022-08-06 22:24:13,246] {taskinstance.py:1377} INFO - Starting attempt 1 of 6
[2022-08-06 22:24:13,246] {taskinstance.py:1378} INFO - 
--------------------------------------------------------------------------------
[2022-08-06 22:24:13,270] {taskinstance.py:1397} INFO - Executing <Task(BashOperator): second_task> on 2022-04-07 00:00:00+00:00
[2022-08-06 22:24:13,278] {standard_task_runner.py:52} INFO - Started process 2528 to run task
[2022-08-06 22:24:13,282] {standard_task_runner.py:79} INFO - Running: ['***', 'tasks', 'run', 'our_first_dag_v5', 'second_task', 'scheduled__2022-04-07T00:00:00+00:00', '--job-id', '763', '--raw', '--subdir', 'DAGS_FOLDER/pipeline.py', '--cfg-path', '/tmp/tmp9uzzxie_', '--error-file', '/tmp/tmpeuebuy3w']
[2022-08-06 22:24:13,282] {standard_task_runner.py:80} INFO - Job 763: Subtask second_task
[2022-08-06 22:24:13,354] {task_command.py:371} INFO - Running <TaskInstance: our_first_dag_v5.second_task scheduled__2022-04-07T00:00:00+00:00 [running]> on host b215076695c3
[2022-08-06 22:24:13,434] {taskinstance.py:1591} INFO - Exporting the following env vars:
AIRFLOW_CTX_DAG_OWNER=coder2j
AIRFLOW_CTX_DAG_ID=our_first_dag_v5
AIRFLOW_CTX_TASK_ID=second_task
AIRFLOW_CTX_EXECUTION_DATE=2022-04-07T00:00:00+00:00
AIRFLOW_CTX_TRY_NUMBER=1
AIRFLOW_CTX_DAG_RUN_ID=scheduled__2022-04-07T00:00:00+00:00
[2022-08-06 22:24:13,435] {subprocess.py:62} INFO - Tmp dir root location: 
 /tmp
[2022-08-06 22:24:13,436] {subprocess.py:74} INFO - Running command: ['bash', '-c', 'echo hey, I am task2 and will be running after task1!']
[2022-08-06 22:24:13,450] {subprocess.py:85} INFO - Output:
[2022-08-06 22:24:13,451] {subprocess.py:92} INFO - hey, I am task2 and will be running after task1!
[2022-08-06 22:24:13,452] {subprocess.py:96} INFO - Command exited with return code 0
[2022-08-06 22:24:13,490] {taskinstance.py:1420} INFO - Marking task as SUCCESS. dag_id=our_first_dag_v5, task_id=second_task, execution_date=20220407T000000, start_date=20220806T222413, end_date=20220806T222413
[2022-08-06 22:24:13,533] {local_task_job.py:156} INFO - Task exited with return code 0
[2022-08-06 22:24:13,571] {local_task_job.py:273} INFO - 0 downstream tasks scheduled from follow-on schedule check
