[2022-08-06 19:36:46,886] {taskinstance.py:1179} INFO - Dependencies all met for <TaskInstance: our_first_dag_v5.second_task scheduled__2021-10-15T00:00:00+00:00 [queued]>
[2022-08-06 19:36:46,906] {taskinstance.py:1179} INFO - Dependencies all met for <TaskInstance: our_first_dag_v5.second_task scheduled__2021-10-15T00:00:00+00:00 [queued]>
[2022-08-06 19:36:46,906] {taskinstance.py:1376} INFO - 
--------------------------------------------------------------------------------
[2022-08-06 19:36:46,906] {taskinstance.py:1377} INFO - Starting attempt 1 of 6
[2022-08-06 19:36:46,906] {taskinstance.py:1378} INFO - 
--------------------------------------------------------------------------------
[2022-08-06 19:36:46,931] {taskinstance.py:1397} INFO - Executing <Task(BashOperator): second_task> on 2021-10-15 00:00:00+00:00
[2022-08-06 19:36:46,938] {standard_task_runner.py:52} INFO - Started process 833 to run task
[2022-08-06 19:36:46,942] {standard_task_runner.py:79} INFO - Running: ['***', 'tasks', 'run', 'our_first_dag_v5', 'second_task', 'scheduled__2021-10-15T00:00:00+00:00', '--job-id', '237', '--raw', '--subdir', 'DAGS_FOLDER/pipeline.py', '--cfg-path', '/tmp/tmpibhoh1j8', '--error-file', '/tmp/tmpf1a_ekr_']
[2022-08-06 19:36:46,942] {standard_task_runner.py:80} INFO - Job 237: Subtask second_task
[2022-08-06 19:36:47,020] {task_command.py:371} INFO - Running <TaskInstance: our_first_dag_v5.second_task scheduled__2021-10-15T00:00:00+00:00 [running]> on host b29c168c1666
[2022-08-06 19:36:47,127] {taskinstance.py:1591} INFO - Exporting the following env vars:
AIRFLOW_CTX_DAG_OWNER=coder2j
AIRFLOW_CTX_DAG_ID=our_first_dag_v5
AIRFLOW_CTX_TASK_ID=second_task
AIRFLOW_CTX_EXECUTION_DATE=2021-10-15T00:00:00+00:00
AIRFLOW_CTX_TRY_NUMBER=1
AIRFLOW_CTX_DAG_RUN_ID=scheduled__2021-10-15T00:00:00+00:00
[2022-08-06 19:36:47,128] {subprocess.py:62} INFO - Tmp dir root location: 
 /tmp
[2022-08-06 19:36:47,128] {subprocess.py:74} INFO - Running command: ['bash', '-c', 'echo hey, I am task2 and will be running after task1!']
[2022-08-06 19:36:47,144] {subprocess.py:85} INFO - Output:
[2022-08-06 19:36:47,146] {subprocess.py:92} INFO - hey, I am task2 and will be running after task1!
[2022-08-06 19:36:47,147] {subprocess.py:96} INFO - Command exited with return code 0
[2022-08-06 19:36:47,193] {taskinstance.py:1420} INFO - Marking task as SUCCESS. dag_id=our_first_dag_v5, task_id=second_task, execution_date=20211015T000000, start_date=20220806T193646, end_date=20220806T193647
[2022-08-06 19:36:47,233] {local_task_job.py:156} INFO - Task exited with return code 0
[2022-08-06 19:36:47,266] {local_task_job.py:273} INFO - 0 downstream tasks scheduled from follow-on schedule check
[2022-08-06 21:50:40,257] {taskinstance.py:1179} INFO - Dependencies all met for <TaskInstance: our_first_dag_v5.second_task scheduled__2021-10-15T00:00:00+00:00 [queued]>
[2022-08-06 21:50:40,267] {taskinstance.py:1179} INFO - Dependencies all met for <TaskInstance: our_first_dag_v5.second_task scheduled__2021-10-15T00:00:00+00:00 [queued]>
[2022-08-06 21:50:40,267] {taskinstance.py:1376} INFO - 
--------------------------------------------------------------------------------
[2022-08-06 21:50:40,267] {taskinstance.py:1377} INFO - Starting attempt 1 of 6
[2022-08-06 21:50:40,268] {taskinstance.py:1378} INFO - 
--------------------------------------------------------------------------------
[2022-08-06 21:50:40,282] {taskinstance.py:1397} INFO - Executing <Task(BashOperator): second_task> on 2021-10-15 00:00:00+00:00
[2022-08-06 21:50:40,287] {standard_task_runner.py:52} INFO - Started process 1014 to run task
[2022-08-06 21:50:40,290] {standard_task_runner.py:79} INFO - Running: ['***', 'tasks', 'run', 'our_first_dag_v5', 'second_task', 'scheduled__2021-10-15T00:00:00+00:00', '--job-id', '235', '--raw', '--subdir', 'DAGS_FOLDER/pipeline.py', '--cfg-path', '/tmp/tmpfw9j0khl', '--error-file', '/tmp/tmp4jpnwfpz']
[2022-08-06 21:50:40,290] {standard_task_runner.py:80} INFO - Job 235: Subtask second_task
[2022-08-06 21:50:40,351] {task_command.py:371} INFO - Running <TaskInstance: our_first_dag_v5.second_task scheduled__2021-10-15T00:00:00+00:00 [running]> on host c3f731879890
[2022-08-06 21:50:40,426] {taskinstance.py:1591} INFO - Exporting the following env vars:
AIRFLOW_CTX_DAG_OWNER=coder2j
AIRFLOW_CTX_DAG_ID=our_first_dag_v5
AIRFLOW_CTX_TASK_ID=second_task
AIRFLOW_CTX_EXECUTION_DATE=2021-10-15T00:00:00+00:00
AIRFLOW_CTX_TRY_NUMBER=1
AIRFLOW_CTX_DAG_RUN_ID=scheduled__2021-10-15T00:00:00+00:00
[2022-08-06 21:50:40,427] {subprocess.py:62} INFO - Tmp dir root location: 
 /tmp
[2022-08-06 21:50:40,427] {subprocess.py:74} INFO - Running command: ['bash', '-c', 'echo hey, I am task2 and will be running after task1!']
[2022-08-06 21:50:40,439] {subprocess.py:85} INFO - Output:
[2022-08-06 21:50:40,441] {subprocess.py:92} INFO - hey, I am task2 and will be running after task1!
[2022-08-06 21:50:40,441] {subprocess.py:96} INFO - Command exited with return code 0
[2022-08-06 21:50:40,470] {taskinstance.py:1420} INFO - Marking task as SUCCESS. dag_id=our_first_dag_v5, task_id=second_task, execution_date=20211015T000000, start_date=20220806T215040, end_date=20220806T215040
[2022-08-06 21:50:40,501] {local_task_job.py:156} INFO - Task exited with return code 0
[2022-08-06 21:50:40,530] {local_task_job.py:273} INFO - 0 downstream tasks scheduled from follow-on schedule check
[2022-08-06 21:56:08,760] {taskinstance.py:1179} INFO - Dependencies all met for <TaskInstance: our_first_dag_v5.second_task scheduled__2021-10-15T00:00:00+00:00 [queued]>
[2022-08-06 21:56:08,775] {taskinstance.py:1179} INFO - Dependencies all met for <TaskInstance: our_first_dag_v5.second_task scheduled__2021-10-15T00:00:00+00:00 [queued]>
[2022-08-06 21:56:08,775] {taskinstance.py:1376} INFO - 
--------------------------------------------------------------------------------
[2022-08-06 21:56:08,775] {taskinstance.py:1377} INFO - Starting attempt 1 of 6
[2022-08-06 21:56:08,775] {taskinstance.py:1378} INFO - 
--------------------------------------------------------------------------------
[2022-08-06 21:56:08,797] {taskinstance.py:1397} INFO - Executing <Task(BashOperator): second_task> on 2021-10-15 00:00:00+00:00
[2022-08-06 21:56:08,805] {standard_task_runner.py:52} INFO - Started process 830 to run task
[2022-08-06 21:56:08,810] {standard_task_runner.py:79} INFO - Running: ['***', 'tasks', 'run', 'our_first_dag_v5', 'second_task', 'scheduled__2021-10-15T00:00:00+00:00', '--job-id', '239', '--raw', '--subdir', 'DAGS_FOLDER/pipeline.py', '--cfg-path', '/tmp/tmp7dxfu9e7', '--error-file', '/tmp/tmp2wf_do7a']
[2022-08-06 21:56:08,810] {standard_task_runner.py:80} INFO - Job 239: Subtask second_task
[2022-08-06 21:56:08,886] {task_command.py:371} INFO - Running <TaskInstance: our_first_dag_v5.second_task scheduled__2021-10-15T00:00:00+00:00 [running]> on host bc7e154a4fdd
[2022-08-06 21:56:09,012] {taskinstance.py:1591} INFO - Exporting the following env vars:
AIRFLOW_CTX_DAG_OWNER=coder2j
AIRFLOW_CTX_DAG_ID=our_first_dag_v5
AIRFLOW_CTX_TASK_ID=second_task
AIRFLOW_CTX_EXECUTION_DATE=2021-10-15T00:00:00+00:00
AIRFLOW_CTX_TRY_NUMBER=1
AIRFLOW_CTX_DAG_RUN_ID=scheduled__2021-10-15T00:00:00+00:00
[2022-08-06 21:56:09,013] {subprocess.py:62} INFO - Tmp dir root location: 
 /tmp
[2022-08-06 21:56:09,014] {subprocess.py:74} INFO - Running command: ['bash', '-c', 'echo hey, I am task2 and will be running after task1!']
[2022-08-06 21:56:09,032] {subprocess.py:85} INFO - Output:
[2022-08-06 21:56:09,034] {subprocess.py:92} INFO - hey, I am task2 and will be running after task1!
[2022-08-06 21:56:09,035] {subprocess.py:96} INFO - Command exited with return code 0
[2022-08-06 21:56:09,075] {taskinstance.py:1420} INFO - Marking task as SUCCESS. dag_id=our_first_dag_v5, task_id=second_task, execution_date=20211015T000000, start_date=20220806T215608, end_date=20220806T215609
[2022-08-06 21:56:09,102] {local_task_job.py:156} INFO - Task exited with return code 0
[2022-08-06 21:56:09,147] {local_task_job.py:273} INFO - 0 downstream tasks scheduled from follow-on schedule check
[2022-08-06 22:11:10,130] {taskinstance.py:1179} INFO - Dependencies all met for <TaskInstance: our_first_dag_v5.second_task scheduled__2021-10-15T00:00:00+00:00 [queued]>
[2022-08-06 22:11:10,141] {taskinstance.py:1179} INFO - Dependencies all met for <TaskInstance: our_first_dag_v5.second_task scheduled__2021-10-15T00:00:00+00:00 [queued]>
[2022-08-06 22:11:10,141] {taskinstance.py:1376} INFO - 
--------------------------------------------------------------------------------
[2022-08-06 22:11:10,141] {taskinstance.py:1377} INFO - Starting attempt 1 of 6
[2022-08-06 22:11:10,141] {taskinstance.py:1378} INFO - 
--------------------------------------------------------------------------------
[2022-08-06 22:11:10,155] {taskinstance.py:1397} INFO - Executing <Task(BashOperator): second_task> on 2021-10-15 00:00:00+00:00
[2022-08-06 22:11:10,159] {standard_task_runner.py:52} INFO - Started process 813 to run task
[2022-08-06 22:11:10,162] {standard_task_runner.py:79} INFO - Running: ['***', 'tasks', 'run', 'our_first_dag_v5', 'second_task', 'scheduled__2021-10-15T00:00:00+00:00', '--job-id', '234', '--raw', '--subdir', 'DAGS_FOLDER/pipeline.py', '--cfg-path', '/tmp/tmp225wqgq8', '--error-file', '/tmp/tmp_c5mzx4o']
[2022-08-06 22:11:10,162] {standard_task_runner.py:80} INFO - Job 234: Subtask second_task
[2022-08-06 22:11:10,223] {task_command.py:371} INFO - Running <TaskInstance: our_first_dag_v5.second_task scheduled__2021-10-15T00:00:00+00:00 [running]> on host 1250c3b659cd
[2022-08-06 22:11:10,307] {taskinstance.py:1591} INFO - Exporting the following env vars:
AIRFLOW_CTX_DAG_OWNER=coder2j
AIRFLOW_CTX_DAG_ID=our_first_dag_v5
AIRFLOW_CTX_TASK_ID=second_task
AIRFLOW_CTX_EXECUTION_DATE=2021-10-15T00:00:00+00:00
AIRFLOW_CTX_TRY_NUMBER=1
AIRFLOW_CTX_DAG_RUN_ID=scheduled__2021-10-15T00:00:00+00:00
[2022-08-06 22:11:10,307] {subprocess.py:62} INFO - Tmp dir root location: 
 /tmp
[2022-08-06 22:11:10,308] {subprocess.py:74} INFO - Running command: ['bash', '-c', 'echo hey, I am task2 and will be running after task1!']
[2022-08-06 22:11:10,319] {subprocess.py:85} INFO - Output:
[2022-08-06 22:11:10,320] {subprocess.py:92} INFO - hey, I am task2 and will be running after task1!
[2022-08-06 22:11:10,320] {subprocess.py:96} INFO - Command exited with return code 0
[2022-08-06 22:11:10,346] {taskinstance.py:1420} INFO - Marking task as SUCCESS. dag_id=our_first_dag_v5, task_id=second_task, execution_date=20211015T000000, start_date=20220806T221110, end_date=20220806T221110
[2022-08-06 22:11:10,373] {local_task_job.py:156} INFO - Task exited with return code 0
[2022-08-06 22:11:10,400] {local_task_job.py:273} INFO - 0 downstream tasks scheduled from follow-on schedule check
[2022-08-06 22:18:55,218] {taskinstance.py:1179} INFO - Dependencies all met for <TaskInstance: our_first_dag_v5.second_task scheduled__2021-10-15T00:00:00+00:00 [queued]>
[2022-08-06 22:18:55,233] {taskinstance.py:1179} INFO - Dependencies all met for <TaskInstance: our_first_dag_v5.second_task scheduled__2021-10-15T00:00:00+00:00 [queued]>
[2022-08-06 22:18:55,233] {taskinstance.py:1376} INFO - 
--------------------------------------------------------------------------------
[2022-08-06 22:18:55,234] {taskinstance.py:1377} INFO - Starting attempt 1 of 6
[2022-08-06 22:18:55,234] {taskinstance.py:1378} INFO - 
--------------------------------------------------------------------------------
[2022-08-06 22:18:55,255] {taskinstance.py:1397} INFO - Executing <Task(BashOperator): second_task> on 2021-10-15 00:00:00+00:00
[2022-08-06 22:18:55,262] {standard_task_runner.py:52} INFO - Started process 838 to run task
[2022-08-06 22:18:55,265] {standard_task_runner.py:79} INFO - Running: ['***', 'tasks', 'run', 'our_first_dag_v5', 'second_task', 'scheduled__2021-10-15T00:00:00+00:00', '--job-id', '237', '--raw', '--subdir', 'DAGS_FOLDER/pipeline.py', '--cfg-path', '/tmp/tmpvaj0ftwa', '--error-file', '/tmp/tmpago67f8k']
[2022-08-06 22:18:55,265] {standard_task_runner.py:80} INFO - Job 237: Subtask second_task
[2022-08-06 22:18:55,338] {task_command.py:371} INFO - Running <TaskInstance: our_first_dag_v5.second_task scheduled__2021-10-15T00:00:00+00:00 [running]> on host ed53bde1c44a
[2022-08-06 22:18:55,436] {taskinstance.py:1591} INFO - Exporting the following env vars:
AIRFLOW_CTX_DAG_OWNER=coder2j
AIRFLOW_CTX_DAG_ID=our_first_dag_v5
AIRFLOW_CTX_TASK_ID=second_task
AIRFLOW_CTX_EXECUTION_DATE=2021-10-15T00:00:00+00:00
AIRFLOW_CTX_TRY_NUMBER=1
AIRFLOW_CTX_DAG_RUN_ID=scheduled__2021-10-15T00:00:00+00:00
[2022-08-06 22:18:55,437] {subprocess.py:62} INFO - Tmp dir root location: 
 /tmp
[2022-08-06 22:18:55,438] {subprocess.py:74} INFO - Running command: ['bash', '-c', 'echo hey, I am task2 and will be running after task1!']
[2022-08-06 22:18:55,453] {subprocess.py:85} INFO - Output:
[2022-08-06 22:18:55,455] {subprocess.py:92} INFO - hey, I am task2 and will be running after task1!
[2022-08-06 22:18:55,455] {subprocess.py:96} INFO - Command exited with return code 0
[2022-08-06 22:18:55,485] {taskinstance.py:1420} INFO - Marking task as SUCCESS. dag_id=our_first_dag_v5, task_id=second_task, execution_date=20211015T000000, start_date=20220806T221855, end_date=20220806T221855
[2022-08-06 22:18:55,516] {local_task_job.py:156} INFO - Task exited with return code 0
[2022-08-06 22:18:55,555] {local_task_job.py:273} INFO - 0 downstream tasks scheduled from follow-on schedule check
[2022-08-06 22:22:31,876] {taskinstance.py:1179} INFO - Dependencies all met for <TaskInstance: our_first_dag_v5.second_task scheduled__2021-10-15T00:00:00+00:00 [queued]>
[2022-08-06 22:22:31,889] {taskinstance.py:1179} INFO - Dependencies all met for <TaskInstance: our_first_dag_v5.second_task scheduled__2021-10-15T00:00:00+00:00 [queued]>
[2022-08-06 22:22:31,889] {taskinstance.py:1376} INFO - 
--------------------------------------------------------------------------------
[2022-08-06 22:22:31,889] {taskinstance.py:1377} INFO - Starting attempt 1 of 6
[2022-08-06 22:22:31,889] {taskinstance.py:1378} INFO - 
--------------------------------------------------------------------------------
[2022-08-06 22:22:31,905] {taskinstance.py:1397} INFO - Executing <Task(BashOperator): second_task> on 2021-10-15 00:00:00+00:00
[2022-08-06 22:22:31,911] {standard_task_runner.py:52} INFO - Started process 872 to run task
[2022-08-06 22:22:31,915] {standard_task_runner.py:79} INFO - Running: ['***', 'tasks', 'run', 'our_first_dag_v5', 'second_task', 'scheduled__2021-10-15T00:00:00+00:00', '--job-id', '236', '--raw', '--subdir', 'DAGS_FOLDER/pipeline.py', '--cfg-path', '/tmp/tmphtf5rqwf', '--error-file', '/tmp/tmp_xj7zsuz']
[2022-08-06 22:22:31,915] {standard_task_runner.py:80} INFO - Job 236: Subtask second_task
[2022-08-06 22:22:32,018] {task_command.py:371} INFO - Running <TaskInstance: our_first_dag_v5.second_task scheduled__2021-10-15T00:00:00+00:00 [running]> on host b215076695c3
[2022-08-06 22:22:32,147] {taskinstance.py:1591} INFO - Exporting the following env vars:
AIRFLOW_CTX_DAG_OWNER=coder2j
AIRFLOW_CTX_DAG_ID=our_first_dag_v5
AIRFLOW_CTX_TASK_ID=second_task
AIRFLOW_CTX_EXECUTION_DATE=2021-10-15T00:00:00+00:00
AIRFLOW_CTX_TRY_NUMBER=1
AIRFLOW_CTX_DAG_RUN_ID=scheduled__2021-10-15T00:00:00+00:00
[2022-08-06 22:22:32,148] {subprocess.py:62} INFO - Tmp dir root location: 
 /tmp
[2022-08-06 22:22:32,148] {subprocess.py:74} INFO - Running command: ['bash', '-c', 'echo hey, I am task2 and will be running after task1!']
[2022-08-06 22:22:32,165] {subprocess.py:85} INFO - Output:
[2022-08-06 22:22:32,166] {subprocess.py:92} INFO - hey, I am task2 and will be running after task1!
[2022-08-06 22:22:32,167] {subprocess.py:96} INFO - Command exited with return code 0
[2022-08-06 22:22:32,253] {taskinstance.py:1420} INFO - Marking task as SUCCESS. dag_id=our_first_dag_v5, task_id=second_task, execution_date=20211015T000000, start_date=20220806T222231, end_date=20220806T222232
[2022-08-06 22:22:32,285] {local_task_job.py:156} INFO - Task exited with return code 0
[2022-08-06 22:22:32,330] {local_task_job.py:273} INFO - 0 downstream tasks scheduled from follow-on schedule check
