[2022-08-06 19:38:42,467] {taskinstance.py:1179} INFO - Dependencies all met for <TaskInstance: our_first_dag_v5.second_task scheduled__2022-04-21T00:00:00+00:00 [queued]>
[2022-08-06 19:38:42,481] {taskinstance.py:1179} INFO - Dependencies all met for <TaskInstance: our_first_dag_v5.second_task scheduled__2022-04-21T00:00:00+00:00 [queued]>
[2022-08-06 19:38:42,481] {taskinstance.py:1376} INFO - 
--------------------------------------------------------------------------------
[2022-08-06 19:38:42,481] {taskinstance.py:1377} INFO - Starting attempt 1 of 6
[2022-08-06 19:38:42,482] {taskinstance.py:1378} INFO - 
--------------------------------------------------------------------------------
[2022-08-06 19:38:42,498] {taskinstance.py:1397} INFO - Executing <Task(BashOperator): second_task> on 2022-04-21 00:00:00+00:00
[2022-08-06 19:38:42,504] {standard_task_runner.py:52} INFO - Started process 2604 to run task
[2022-08-06 19:38:42,508] {standard_task_runner.py:79} INFO - Running: ['***', 'tasks', 'run', 'our_first_dag_v5', 'second_task', 'scheduled__2022-04-21T00:00:00+00:00', '--job-id', '800', '--raw', '--subdir', 'DAGS_FOLDER/pipeline.py', '--cfg-path', '/tmp/tmp9dozmgah', '--error-file', '/tmp/tmpml0md1md']
[2022-08-06 19:38:42,508] {standard_task_runner.py:80} INFO - Job 800: Subtask second_task
[2022-08-06 19:38:42,571] {task_command.py:371} INFO - Running <TaskInstance: our_first_dag_v5.second_task scheduled__2022-04-21T00:00:00+00:00 [running]> on host b29c168c1666
[2022-08-06 19:38:42,654] {taskinstance.py:1591} INFO - Exporting the following env vars:
AIRFLOW_CTX_DAG_OWNER=coder2j
AIRFLOW_CTX_DAG_ID=our_first_dag_v5
AIRFLOW_CTX_TASK_ID=second_task
AIRFLOW_CTX_EXECUTION_DATE=2022-04-21T00:00:00+00:00
AIRFLOW_CTX_TRY_NUMBER=1
AIRFLOW_CTX_DAG_RUN_ID=scheduled__2022-04-21T00:00:00+00:00
[2022-08-06 19:38:42,655] {subprocess.py:62} INFO - Tmp dir root location: 
 /tmp
[2022-08-06 19:38:42,655] {subprocess.py:74} INFO - Running command: ['bash', '-c', 'echo hey, I am task2 and will be running after task1!']
[2022-08-06 19:38:42,666] {subprocess.py:85} INFO - Output:
[2022-08-06 19:38:42,667] {subprocess.py:92} INFO - hey, I am task2 and will be running after task1!
[2022-08-06 19:38:42,668] {subprocess.py:96} INFO - Command exited with return code 0
[2022-08-06 19:38:42,692] {taskinstance.py:1420} INFO - Marking task as SUCCESS. dag_id=our_first_dag_v5, task_id=second_task, execution_date=20220421T000000, start_date=20220806T193842, end_date=20220806T193842
[2022-08-06 19:38:42,719] {local_task_job.py:156} INFO - Task exited with return code 0
[2022-08-06 19:38:42,753] {local_task_job.py:273} INFO - 0 downstream tasks scheduled from follow-on schedule check
[2022-08-06 21:52:33,297] {taskinstance.py:1179} INFO - Dependencies all met for <TaskInstance: our_first_dag_v5.second_task scheduled__2022-04-21T00:00:00+00:00 [queued]>
[2022-08-06 21:52:33,309] {taskinstance.py:1179} INFO - Dependencies all met for <TaskInstance: our_first_dag_v5.second_task scheduled__2022-04-21T00:00:00+00:00 [queued]>
[2022-08-06 21:52:33,309] {taskinstance.py:1376} INFO - 
--------------------------------------------------------------------------------
[2022-08-06 21:52:33,309] {taskinstance.py:1377} INFO - Starting attempt 1 of 6
[2022-08-06 21:52:33,309] {taskinstance.py:1378} INFO - 
--------------------------------------------------------------------------------
[2022-08-06 21:52:33,325] {taskinstance.py:1397} INFO - Executing <Task(BashOperator): second_task> on 2022-04-21 00:00:00+00:00
[2022-08-06 21:52:33,331] {standard_task_runner.py:52} INFO - Started process 2786 to run task
[2022-08-06 21:52:33,332] {standard_task_runner.py:79} INFO - Running: ['***', 'tasks', 'run', 'our_first_dag_v5', 'second_task', 'scheduled__2022-04-21T00:00:00+00:00', '--job-id', '799', '--raw', '--subdir', 'DAGS_FOLDER/pipeline.py', '--cfg-path', '/tmp/tmpl2cv6ag8', '--error-file', '/tmp/tmp7_ys3i2p']
[2022-08-06 21:52:33,333] {standard_task_runner.py:80} INFO - Job 799: Subtask second_task
[2022-08-06 21:52:33,391] {task_command.py:371} INFO - Running <TaskInstance: our_first_dag_v5.second_task scheduled__2022-04-21T00:00:00+00:00 [running]> on host c3f731879890
[2022-08-06 21:52:33,468] {taskinstance.py:1591} INFO - Exporting the following env vars:
AIRFLOW_CTX_DAG_OWNER=coder2j
AIRFLOW_CTX_DAG_ID=our_first_dag_v5
AIRFLOW_CTX_TASK_ID=second_task
AIRFLOW_CTX_EXECUTION_DATE=2022-04-21T00:00:00+00:00
AIRFLOW_CTX_TRY_NUMBER=1
AIRFLOW_CTX_DAG_RUN_ID=scheduled__2022-04-21T00:00:00+00:00
[2022-08-06 21:52:33,468] {subprocess.py:62} INFO - Tmp dir root location: 
 /tmp
[2022-08-06 21:52:33,469] {subprocess.py:74} INFO - Running command: ['bash', '-c', 'echo hey, I am task2 and will be running after task1!']
[2022-08-06 21:52:33,481] {subprocess.py:85} INFO - Output:
[2022-08-06 21:52:33,483] {subprocess.py:92} INFO - hey, I am task2 and will be running after task1!
[2022-08-06 21:52:33,483] {subprocess.py:96} INFO - Command exited with return code 0
[2022-08-06 21:52:33,513] {taskinstance.py:1420} INFO - Marking task as SUCCESS. dag_id=our_first_dag_v5, task_id=second_task, execution_date=20220421T000000, start_date=20220806T215233, end_date=20220806T215233
[2022-08-06 21:52:33,544] {local_task_job.py:156} INFO - Task exited with return code 0
[2022-08-06 21:52:33,571] {local_task_job.py:273} INFO - 0 downstream tasks scheduled from follow-on schedule check
[2022-08-06 21:58:00,315] {taskinstance.py:1179} INFO - Dependencies all met for <TaskInstance: our_first_dag_v5.second_task scheduled__2022-04-21T00:00:00+00:00 [queued]>
[2022-08-06 21:58:00,327] {taskinstance.py:1179} INFO - Dependencies all met for <TaskInstance: our_first_dag_v5.second_task scheduled__2022-04-21T00:00:00+00:00 [queued]>
[2022-08-06 21:58:00,327] {taskinstance.py:1376} INFO - 
--------------------------------------------------------------------------------
[2022-08-06 21:58:00,327] {taskinstance.py:1377} INFO - Starting attempt 1 of 6
[2022-08-06 21:58:00,327] {taskinstance.py:1378} INFO - 
--------------------------------------------------------------------------------
[2022-08-06 21:58:00,341] {taskinstance.py:1397} INFO - Executing <Task(BashOperator): second_task> on 2022-04-21 00:00:00+00:00
[2022-08-06 21:58:00,347] {standard_task_runner.py:52} INFO - Started process 2593 to run task
[2022-08-06 21:58:00,349] {standard_task_runner.py:79} INFO - Running: ['***', 'tasks', 'run', 'our_first_dag_v5', 'second_task', 'scheduled__2022-04-21T00:00:00+00:00', '--job-id', '799', '--raw', '--subdir', 'DAGS_FOLDER/pipeline.py', '--cfg-path', '/tmp/tmp91l1mh36', '--error-file', '/tmp/tmpf1h6cjhd']
[2022-08-06 21:58:00,350] {standard_task_runner.py:80} INFO - Job 799: Subtask second_task
[2022-08-06 21:58:00,431] {task_command.py:371} INFO - Running <TaskInstance: our_first_dag_v5.second_task scheduled__2022-04-21T00:00:00+00:00 [running]> on host bc7e154a4fdd
[2022-08-06 21:58:00,567] {taskinstance.py:1591} INFO - Exporting the following env vars:
AIRFLOW_CTX_DAG_OWNER=coder2j
AIRFLOW_CTX_DAG_ID=our_first_dag_v5
AIRFLOW_CTX_TASK_ID=second_task
AIRFLOW_CTX_EXECUTION_DATE=2022-04-21T00:00:00+00:00
AIRFLOW_CTX_TRY_NUMBER=1
AIRFLOW_CTX_DAG_RUN_ID=scheduled__2022-04-21T00:00:00+00:00
[2022-08-06 21:58:00,568] {subprocess.py:62} INFO - Tmp dir root location: 
 /tmp
[2022-08-06 21:58:00,568] {subprocess.py:74} INFO - Running command: ['bash', '-c', 'echo hey, I am task2 and will be running after task1!']
[2022-08-06 21:58:00,586] {subprocess.py:85} INFO - Output:
[2022-08-06 21:58:00,588] {subprocess.py:92} INFO - hey, I am task2 and will be running after task1!
[2022-08-06 21:58:00,588] {subprocess.py:96} INFO - Command exited with return code 0
[2022-08-06 21:58:00,632] {taskinstance.py:1420} INFO - Marking task as SUCCESS. dag_id=our_first_dag_v5, task_id=second_task, execution_date=20220421T000000, start_date=20220806T215800, end_date=20220806T215800
[2022-08-06 21:58:00,682] {local_task_job.py:156} INFO - Task exited with return code 0
[2022-08-06 21:58:00,728] {local_task_job.py:273} INFO - 0 downstream tasks scheduled from follow-on schedule check
[2022-08-06 22:13:02,025] {taskinstance.py:1179} INFO - Dependencies all met for <TaskInstance: our_first_dag_v5.second_task scheduled__2022-04-21T00:00:00+00:00 [queued]>
[2022-08-06 22:13:02,040] {taskinstance.py:1179} INFO - Dependencies all met for <TaskInstance: our_first_dag_v5.second_task scheduled__2022-04-21T00:00:00+00:00 [queued]>
[2022-08-06 22:13:02,040] {taskinstance.py:1376} INFO - 
--------------------------------------------------------------------------------
[2022-08-06 22:13:02,040] {taskinstance.py:1377} INFO - Starting attempt 1 of 6
[2022-08-06 22:13:02,040] {taskinstance.py:1378} INFO - 
--------------------------------------------------------------------------------
[2022-08-06 22:13:02,057] {taskinstance.py:1397} INFO - Executing <Task(BashOperator): second_task> on 2022-04-21 00:00:00+00:00
[2022-08-06 22:13:02,064] {standard_task_runner.py:52} INFO - Started process 2607 to run task
[2022-08-06 22:13:02,067] {standard_task_runner.py:79} INFO - Running: ['***', 'tasks', 'run', 'our_first_dag_v5', 'second_task', 'scheduled__2022-04-21T00:00:00+00:00', '--job-id', '802', '--raw', '--subdir', 'DAGS_FOLDER/pipeline.py', '--cfg-path', '/tmp/tmptx2octxa', '--error-file', '/tmp/tmporxi7gfb']
[2022-08-06 22:13:02,067] {standard_task_runner.py:80} INFO - Job 802: Subtask second_task
[2022-08-06 22:13:02,165] {task_command.py:371} INFO - Running <TaskInstance: our_first_dag_v5.second_task scheduled__2022-04-21T00:00:00+00:00 [running]> on host 1250c3b659cd
[2022-08-06 22:13:02,265] {taskinstance.py:1591} INFO - Exporting the following env vars:
AIRFLOW_CTX_DAG_OWNER=coder2j
AIRFLOW_CTX_DAG_ID=our_first_dag_v5
AIRFLOW_CTX_TASK_ID=second_task
AIRFLOW_CTX_EXECUTION_DATE=2022-04-21T00:00:00+00:00
AIRFLOW_CTX_TRY_NUMBER=1
AIRFLOW_CTX_DAG_RUN_ID=scheduled__2022-04-21T00:00:00+00:00
[2022-08-06 22:13:02,266] {subprocess.py:62} INFO - Tmp dir root location: 
 /tmp
[2022-08-06 22:13:02,267] {subprocess.py:74} INFO - Running command: ['bash', '-c', 'echo hey, I am task2 and will be running after task1!']
[2022-08-06 22:13:02,285] {subprocess.py:85} INFO - Output:
[2022-08-06 22:13:02,287] {subprocess.py:92} INFO - hey, I am task2 and will be running after task1!
[2022-08-06 22:13:02,287] {subprocess.py:96} INFO - Command exited with return code 0
[2022-08-06 22:13:02,324] {taskinstance.py:1420} INFO - Marking task as SUCCESS. dag_id=our_first_dag_v5, task_id=second_task, execution_date=20220421T000000, start_date=20220806T221302, end_date=20220806T221302
[2022-08-06 22:13:02,359] {local_task_job.py:156} INFO - Task exited with return code 0
[2022-08-06 22:13:02,400] {local_task_job.py:273} INFO - 0 downstream tasks scheduled from follow-on schedule check
[2022-08-06 22:24:20,494] {taskinstance.py:1179} INFO - Dependencies all met for <TaskInstance: our_first_dag_v5.second_task scheduled__2022-04-21T00:00:00+00:00 [queued]>
[2022-08-06 22:24:20,516] {taskinstance.py:1179} INFO - Dependencies all met for <TaskInstance: our_first_dag_v5.second_task scheduled__2022-04-21T00:00:00+00:00 [queued]>
[2022-08-06 22:24:20,517] {taskinstance.py:1376} INFO - 
--------------------------------------------------------------------------------
[2022-08-06 22:24:20,517] {taskinstance.py:1377} INFO - Starting attempt 1 of 6
[2022-08-06 22:24:20,517] {taskinstance.py:1378} INFO - 
--------------------------------------------------------------------------------
[2022-08-06 22:24:20,543] {taskinstance.py:1397} INFO - Executing <Task(BashOperator): second_task> on 2022-04-21 00:00:00+00:00
[2022-08-06 22:24:20,552] {standard_task_runner.py:52} INFO - Started process 2668 to run task
[2022-08-06 22:24:20,556] {standard_task_runner.py:79} INFO - Running: ['***', 'tasks', 'run', 'our_first_dag_v5', 'second_task', 'scheduled__2022-04-21T00:00:00+00:00', '--job-id', '807', '--raw', '--subdir', 'DAGS_FOLDER/pipeline.py', '--cfg-path', '/tmp/tmp9ieont4m', '--error-file', '/tmp/tmp87pfcecv']
[2022-08-06 22:24:20,556] {standard_task_runner.py:80} INFO - Job 807: Subtask second_task
[2022-08-06 22:24:20,646] {task_command.py:371} INFO - Running <TaskInstance: our_first_dag_v5.second_task scheduled__2022-04-21T00:00:00+00:00 [running]> on host b215076695c3
[2022-08-06 22:24:20,750] {taskinstance.py:1591} INFO - Exporting the following env vars:
AIRFLOW_CTX_DAG_OWNER=coder2j
AIRFLOW_CTX_DAG_ID=our_first_dag_v5
AIRFLOW_CTX_TASK_ID=second_task
AIRFLOW_CTX_EXECUTION_DATE=2022-04-21T00:00:00+00:00
AIRFLOW_CTX_TRY_NUMBER=1
AIRFLOW_CTX_DAG_RUN_ID=scheduled__2022-04-21T00:00:00+00:00
[2022-08-06 22:24:20,750] {subprocess.py:62} INFO - Tmp dir root location: 
 /tmp
[2022-08-06 22:24:20,751] {subprocess.py:74} INFO - Running command: ['bash', '-c', 'echo hey, I am task2 and will be running after task1!']
[2022-08-06 22:24:20,766] {subprocess.py:85} INFO - Output:
[2022-08-06 22:24:20,768] {subprocess.py:92} INFO - hey, I am task2 and will be running after task1!
[2022-08-06 22:24:20,768] {subprocess.py:96} INFO - Command exited with return code 0
[2022-08-06 22:24:20,818] {taskinstance.py:1420} INFO - Marking task as SUCCESS. dag_id=our_first_dag_v5, task_id=second_task, execution_date=20220421T000000, start_date=20220806T222420, end_date=20220806T222420
[2022-08-06 22:24:20,848] {local_task_job.py:156} INFO - Task exited with return code 0
[2022-08-06 22:24:20,902] {local_task_job.py:273} INFO - 0 downstream tasks scheduled from follow-on schedule check
