[2022-08-06 19:37:07,915] {taskinstance.py:1179} INFO - Dependencies all met for <TaskInstance: our_first_dag_v5.second_task scheduled__2021-11-15T00:00:00+00:00 [queued]>
[2022-08-06 19:37:07,934] {taskinstance.py:1179} INFO - Dependencies all met for <TaskInstance: our_first_dag_v5.second_task scheduled__2021-11-15T00:00:00+00:00 [queued]>
[2022-08-06 19:37:07,935] {taskinstance.py:1376} INFO - 
--------------------------------------------------------------------------------
[2022-08-06 19:37:07,935] {taskinstance.py:1377} INFO - Starting attempt 1 of 6
[2022-08-06 19:37:07,935] {taskinstance.py:1378} INFO - 
--------------------------------------------------------------------------------
[2022-08-06 19:37:07,954] {taskinstance.py:1397} INFO - Executing <Task(BashOperator): second_task> on 2021-11-15 00:00:00+00:00
[2022-08-06 19:37:07,962] {standard_task_runner.py:52} INFO - Started process 1132 to run task
[2022-08-06 19:37:07,965] {standard_task_runner.py:79} INFO - Running: ['***', 'tasks', 'run', 'our_first_dag_v5', 'second_task', 'scheduled__2021-11-15T00:00:00+00:00', '--job-id', '332', '--raw', '--subdir', 'DAGS_FOLDER/pipeline.py', '--cfg-path', '/tmp/tmpwwzx_2jy', '--error-file', '/tmp/tmpzwdtfwzt']
[2022-08-06 19:37:07,965] {standard_task_runner.py:80} INFO - Job 332: Subtask second_task
[2022-08-06 19:37:08,034] {task_command.py:371} INFO - Running <TaskInstance: our_first_dag_v5.second_task scheduled__2021-11-15T00:00:00+00:00 [running]> on host b29c168c1666
[2022-08-06 19:37:08,125] {taskinstance.py:1591} INFO - Exporting the following env vars:
AIRFLOW_CTX_DAG_OWNER=coder2j
AIRFLOW_CTX_DAG_ID=our_first_dag_v5
AIRFLOW_CTX_TASK_ID=second_task
AIRFLOW_CTX_EXECUTION_DATE=2021-11-15T00:00:00+00:00
AIRFLOW_CTX_TRY_NUMBER=1
AIRFLOW_CTX_DAG_RUN_ID=scheduled__2021-11-15T00:00:00+00:00
[2022-08-06 19:37:08,126] {subprocess.py:62} INFO - Tmp dir root location: 
 /tmp
[2022-08-06 19:37:08,127] {subprocess.py:74} INFO - Running command: ['bash', '-c', 'echo hey, I am task2 and will be running after task1!']
[2022-08-06 19:37:08,143] {subprocess.py:85} INFO - Output:
[2022-08-06 19:37:08,146] {subprocess.py:92} INFO - hey, I am task2 and will be running after task1!
[2022-08-06 19:37:08,146] {subprocess.py:96} INFO - Command exited with return code 0
[2022-08-06 19:37:08,180] {taskinstance.py:1420} INFO - Marking task as SUCCESS. dag_id=our_first_dag_v5, task_id=second_task, execution_date=20211115T000000, start_date=20220806T193707, end_date=20220806T193708
[2022-08-06 19:37:08,216] {local_task_job.py:156} INFO - Task exited with return code 0
[2022-08-06 19:37:08,281] {local_task_job.py:273} INFO - 0 downstream tasks scheduled from follow-on schedule check
[2022-08-06 21:51:02,093] {taskinstance.py:1179} INFO - Dependencies all met for <TaskInstance: our_first_dag_v5.second_task scheduled__2021-11-15T00:00:00+00:00 [queued]>
[2022-08-06 21:51:02,107] {taskinstance.py:1179} INFO - Dependencies all met for <TaskInstance: our_first_dag_v5.second_task scheduled__2021-11-15T00:00:00+00:00 [queued]>
[2022-08-06 21:51:02,108] {taskinstance.py:1376} INFO - 
--------------------------------------------------------------------------------
[2022-08-06 21:51:02,108] {taskinstance.py:1377} INFO - Starting attempt 1 of 6
[2022-08-06 21:51:02,108] {taskinstance.py:1378} INFO - 
--------------------------------------------------------------------------------
[2022-08-06 21:51:02,130] {taskinstance.py:1397} INFO - Executing <Task(BashOperator): second_task> on 2021-11-15 00:00:00+00:00
[2022-08-06 21:51:02,137] {standard_task_runner.py:52} INFO - Started process 1322 to run task
[2022-08-06 21:51:02,140] {standard_task_runner.py:79} INFO - Running: ['***', 'tasks', 'run', 'our_first_dag_v5', 'second_task', 'scheduled__2021-11-15T00:00:00+00:00', '--job-id', '332', '--raw', '--subdir', 'DAGS_FOLDER/pipeline.py', '--cfg-path', '/tmp/tmpkv5gy1pw', '--error-file', '/tmp/tmpw8ywpsxc']
[2022-08-06 21:51:02,141] {standard_task_runner.py:80} INFO - Job 332: Subtask second_task
[2022-08-06 21:51:02,240] {task_command.py:371} INFO - Running <TaskInstance: our_first_dag_v5.second_task scheduled__2021-11-15T00:00:00+00:00 [running]> on host c3f731879890
[2022-08-06 21:51:02,360] {taskinstance.py:1591} INFO - Exporting the following env vars:
AIRFLOW_CTX_DAG_OWNER=coder2j
AIRFLOW_CTX_DAG_ID=our_first_dag_v5
AIRFLOW_CTX_TASK_ID=second_task
AIRFLOW_CTX_EXECUTION_DATE=2021-11-15T00:00:00+00:00
AIRFLOW_CTX_TRY_NUMBER=1
AIRFLOW_CTX_DAG_RUN_ID=scheduled__2021-11-15T00:00:00+00:00
[2022-08-06 21:51:02,361] {subprocess.py:62} INFO - Tmp dir root location: 
 /tmp
[2022-08-06 21:51:02,362] {subprocess.py:74} INFO - Running command: ['bash', '-c', 'echo hey, I am task2 and will be running after task1!']
[2022-08-06 21:51:02,381] {subprocess.py:85} INFO - Output:
[2022-08-06 21:51:02,383] {subprocess.py:92} INFO - hey, I am task2 and will be running after task1!
[2022-08-06 21:51:02,383] {subprocess.py:96} INFO - Command exited with return code 0
[2022-08-06 21:51:02,461] {taskinstance.py:1420} INFO - Marking task as SUCCESS. dag_id=our_first_dag_v5, task_id=second_task, execution_date=20211115T000000, start_date=20220806T215102, end_date=20220806T215102
[2022-08-06 21:51:02,520] {local_task_job.py:156} INFO - Task exited with return code 0
[2022-08-06 21:51:02,587] {local_task_job.py:273} INFO - 0 downstream tasks scheduled from follow-on schedule check
[2022-08-06 21:56:27,032] {taskinstance.py:1179} INFO - Dependencies all met for <TaskInstance: our_first_dag_v5.second_task scheduled__2021-11-15T00:00:00+00:00 [queued]>
[2022-08-06 21:56:27,046] {taskinstance.py:1179} INFO - Dependencies all met for <TaskInstance: our_first_dag_v5.second_task scheduled__2021-11-15T00:00:00+00:00 [queued]>
[2022-08-06 21:56:27,047] {taskinstance.py:1376} INFO - 
--------------------------------------------------------------------------------
[2022-08-06 21:56:27,047] {taskinstance.py:1377} INFO - Starting attempt 1 of 6
[2022-08-06 21:56:27,047] {taskinstance.py:1378} INFO - 
--------------------------------------------------------------------------------
[2022-08-06 21:56:27,063] {taskinstance.py:1397} INFO - Executing <Task(BashOperator): second_task> on 2021-11-15 00:00:00+00:00
[2022-08-06 21:56:27,069] {standard_task_runner.py:52} INFO - Started process 1113 to run task
[2022-08-06 21:56:27,072] {standard_task_runner.py:79} INFO - Running: ['***', 'tasks', 'run', 'our_first_dag_v5', 'second_task', 'scheduled__2021-11-15T00:00:00+00:00', '--job-id', '332', '--raw', '--subdir', 'DAGS_FOLDER/pipeline.py', '--cfg-path', '/tmp/tmpm21h99c6', '--error-file', '/tmp/tmp9j3v7x_0']
[2022-08-06 21:56:27,072] {standard_task_runner.py:80} INFO - Job 332: Subtask second_task
[2022-08-06 21:56:27,158] {task_command.py:371} INFO - Running <TaskInstance: our_first_dag_v5.second_task scheduled__2021-11-15T00:00:00+00:00 [running]> on host bc7e154a4fdd
[2022-08-06 21:56:27,270] {taskinstance.py:1591} INFO - Exporting the following env vars:
AIRFLOW_CTX_DAG_OWNER=coder2j
AIRFLOW_CTX_DAG_ID=our_first_dag_v5
AIRFLOW_CTX_TASK_ID=second_task
AIRFLOW_CTX_EXECUTION_DATE=2021-11-15T00:00:00+00:00
AIRFLOW_CTX_TRY_NUMBER=1
AIRFLOW_CTX_DAG_RUN_ID=scheduled__2021-11-15T00:00:00+00:00
[2022-08-06 21:56:27,271] {subprocess.py:62} INFO - Tmp dir root location: 
 /tmp
[2022-08-06 21:56:27,271] {subprocess.py:74} INFO - Running command: ['bash', '-c', 'echo hey, I am task2 and will be running after task1!']
[2022-08-06 21:56:27,289] {subprocess.py:85} INFO - Output:
[2022-08-06 21:56:27,291] {subprocess.py:92} INFO - hey, I am task2 and will be running after task1!
[2022-08-06 21:56:27,292] {subprocess.py:96} INFO - Command exited with return code 0
[2022-08-06 21:56:27,332] {taskinstance.py:1420} INFO - Marking task as SUCCESS. dag_id=our_first_dag_v5, task_id=second_task, execution_date=20211115T000000, start_date=20220806T215627, end_date=20220806T215627
[2022-08-06 21:56:27,364] {local_task_job.py:156} INFO - Task exited with return code 0
[2022-08-06 21:56:27,424] {local_task_job.py:273} INFO - 0 downstream tasks scheduled from follow-on schedule check
[2022-08-06 22:11:28,312] {taskinstance.py:1179} INFO - Dependencies all met for <TaskInstance: our_first_dag_v5.second_task scheduled__2021-11-15T00:00:00+00:00 [queued]>
[2022-08-06 22:11:28,329] {taskinstance.py:1179} INFO - Dependencies all met for <TaskInstance: our_first_dag_v5.second_task scheduled__2021-11-15T00:00:00+00:00 [queued]>
[2022-08-06 22:11:28,329] {taskinstance.py:1376} INFO - 
--------------------------------------------------------------------------------
[2022-08-06 22:11:28,329] {taskinstance.py:1377} INFO - Starting attempt 1 of 6
[2022-08-06 22:11:28,329] {taskinstance.py:1378} INFO - 
--------------------------------------------------------------------------------
[2022-08-06 22:11:28,348] {taskinstance.py:1397} INFO - Executing <Task(BashOperator): second_task> on 2021-11-15 00:00:00+00:00
[2022-08-06 22:11:28,354] {standard_task_runner.py:52} INFO - Started process 1117 to run task
[2022-08-06 22:11:28,357] {standard_task_runner.py:79} INFO - Running: ['***', 'tasks', 'run', 'our_first_dag_v5', 'second_task', 'scheduled__2021-11-15T00:00:00+00:00', '--job-id', '329', '--raw', '--subdir', 'DAGS_FOLDER/pipeline.py', '--cfg-path', '/tmp/tmp47jdxban', '--error-file', '/tmp/tmpvpuprxkj']
[2022-08-06 22:11:28,358] {standard_task_runner.py:80} INFO - Job 329: Subtask second_task
[2022-08-06 22:11:28,429] {task_command.py:371} INFO - Running <TaskInstance: our_first_dag_v5.second_task scheduled__2021-11-15T00:00:00+00:00 [running]> on host 1250c3b659cd
[2022-08-06 22:11:28,517] {taskinstance.py:1591} INFO - Exporting the following env vars:
AIRFLOW_CTX_DAG_OWNER=coder2j
AIRFLOW_CTX_DAG_ID=our_first_dag_v5
AIRFLOW_CTX_TASK_ID=second_task
AIRFLOW_CTX_EXECUTION_DATE=2021-11-15T00:00:00+00:00
AIRFLOW_CTX_TRY_NUMBER=1
AIRFLOW_CTX_DAG_RUN_ID=scheduled__2021-11-15T00:00:00+00:00
[2022-08-06 22:11:28,518] {subprocess.py:62} INFO - Tmp dir root location: 
 /tmp
[2022-08-06 22:11:28,518] {subprocess.py:74} INFO - Running command: ['bash', '-c', 'echo hey, I am task2 and will be running after task1!']
[2022-08-06 22:11:28,532] {subprocess.py:85} INFO - Output:
[2022-08-06 22:11:28,534] {subprocess.py:92} INFO - hey, I am task2 and will be running after task1!
[2022-08-06 22:11:28,534] {subprocess.py:96} INFO - Command exited with return code 0
[2022-08-06 22:11:28,568] {taskinstance.py:1420} INFO - Marking task as SUCCESS. dag_id=our_first_dag_v5, task_id=second_task, execution_date=20211115T000000, start_date=20220806T221128, end_date=20220806T221128
[2022-08-06 22:11:28,609] {local_task_job.py:156} INFO - Task exited with return code 0
[2022-08-06 22:11:28,639] {local_task_job.py:273} INFO - 0 downstream tasks scheduled from follow-on schedule check
[2022-08-06 22:19:11,789] {taskinstance.py:1179} INFO - Dependencies all met for <TaskInstance: our_first_dag_v5.second_task scheduled__2021-11-15T00:00:00+00:00 [queued]>
[2022-08-06 22:19:11,801] {taskinstance.py:1179} INFO - Dependencies all met for <TaskInstance: our_first_dag_v5.second_task scheduled__2021-11-15T00:00:00+00:00 [queued]>
[2022-08-06 22:19:11,801] {taskinstance.py:1376} INFO - 
--------------------------------------------------------------------------------
[2022-08-06 22:19:11,802] {taskinstance.py:1377} INFO - Starting attempt 1 of 6
[2022-08-06 22:19:11,802] {taskinstance.py:1378} INFO - 
--------------------------------------------------------------------------------
[2022-08-06 22:19:11,819] {taskinstance.py:1397} INFO - Executing <Task(BashOperator): second_task> on 2021-11-15 00:00:00+00:00
[2022-08-06 22:19:11,828] {standard_task_runner.py:52} INFO - Started process 1126 to run task
[2022-08-06 22:19:11,831] {standard_task_runner.py:79} INFO - Running: ['***', 'tasks', 'run', 'our_first_dag_v5', 'second_task', 'scheduled__2021-11-15T00:00:00+00:00', '--job-id', '330', '--raw', '--subdir', 'DAGS_FOLDER/pipeline.py', '--cfg-path', '/tmp/tmpixecqesu', '--error-file', '/tmp/tmp0rnoqn22']
[2022-08-06 22:19:11,832] {standard_task_runner.py:80} INFO - Job 330: Subtask second_task
[2022-08-06 22:19:11,906] {task_command.py:371} INFO - Running <TaskInstance: our_first_dag_v5.second_task scheduled__2021-11-15T00:00:00+00:00 [running]> on host ed53bde1c44a
[2022-08-06 22:19:11,985] {taskinstance.py:1591} INFO - Exporting the following env vars:
AIRFLOW_CTX_DAG_OWNER=coder2j
AIRFLOW_CTX_DAG_ID=our_first_dag_v5
AIRFLOW_CTX_TASK_ID=second_task
AIRFLOW_CTX_EXECUTION_DATE=2021-11-15T00:00:00+00:00
AIRFLOW_CTX_TRY_NUMBER=1
AIRFLOW_CTX_DAG_RUN_ID=scheduled__2021-11-15T00:00:00+00:00
[2022-08-06 22:19:11,986] {subprocess.py:62} INFO - Tmp dir root location: 
 /tmp
[2022-08-06 22:19:11,987] {subprocess.py:74} INFO - Running command: ['bash', '-c', 'echo hey, I am task2 and will be running after task1!']
[2022-08-06 22:19:12,001] {subprocess.py:85} INFO - Output:
[2022-08-06 22:19:12,003] {subprocess.py:92} INFO - hey, I am task2 and will be running after task1!
[2022-08-06 22:19:12,003] {subprocess.py:96} INFO - Command exited with return code 0
[2022-08-06 22:19:12,038] {taskinstance.py:1420} INFO - Marking task as SUCCESS. dag_id=our_first_dag_v5, task_id=second_task, execution_date=20211115T000000, start_date=20220806T221911, end_date=20220806T221912
[2022-08-06 22:19:12,084] {local_task_job.py:156} INFO - Task exited with return code 0
[2022-08-06 22:19:12,117] {local_task_job.py:273} INFO - 0 downstream tasks scheduled from follow-on schedule check
[2022-08-06 22:22:51,622] {taskinstance.py:1179} INFO - Dependencies all met for <TaskInstance: our_first_dag_v5.second_task scheduled__2021-11-15T00:00:00+00:00 [queued]>
[2022-08-06 22:22:51,638] {taskinstance.py:1179} INFO - Dependencies all met for <TaskInstance: our_first_dag_v5.second_task scheduled__2021-11-15T00:00:00+00:00 [queued]>
[2022-08-06 22:22:51,638] {taskinstance.py:1376} INFO - 
--------------------------------------------------------------------------------
[2022-08-06 22:22:51,638] {taskinstance.py:1377} INFO - Starting attempt 1 of 6
[2022-08-06 22:22:51,638] {taskinstance.py:1378} INFO - 
--------------------------------------------------------------------------------
[2022-08-06 22:22:51,655] {taskinstance.py:1397} INFO - Executing <Task(BashOperator): second_task> on 2021-11-15 00:00:00+00:00
[2022-08-06 22:22:51,663] {standard_task_runner.py:52} INFO - Started process 1167 to run task
[2022-08-06 22:22:51,666] {standard_task_runner.py:79} INFO - Running: ['***', 'tasks', 'run', 'our_first_dag_v5', 'second_task', 'scheduled__2021-11-15T00:00:00+00:00', '--job-id', '332', '--raw', '--subdir', 'DAGS_FOLDER/pipeline.py', '--cfg-path', '/tmp/tmpt3td8igi', '--error-file', '/tmp/tmp0ksaqqgf']
[2022-08-06 22:22:51,667] {standard_task_runner.py:80} INFO - Job 332: Subtask second_task
[2022-08-06 22:22:51,763] {task_command.py:371} INFO - Running <TaskInstance: our_first_dag_v5.second_task scheduled__2021-11-15T00:00:00+00:00 [running]> on host b215076695c3
[2022-08-06 22:22:51,870] {taskinstance.py:1591} INFO - Exporting the following env vars:
AIRFLOW_CTX_DAG_OWNER=coder2j
AIRFLOW_CTX_DAG_ID=our_first_dag_v5
AIRFLOW_CTX_TASK_ID=second_task
AIRFLOW_CTX_EXECUTION_DATE=2021-11-15T00:00:00+00:00
AIRFLOW_CTX_TRY_NUMBER=1
AIRFLOW_CTX_DAG_RUN_ID=scheduled__2021-11-15T00:00:00+00:00
[2022-08-06 22:22:51,871] {subprocess.py:62} INFO - Tmp dir root location: 
 /tmp
[2022-08-06 22:22:51,871] {subprocess.py:74} INFO - Running command: ['bash', '-c', 'echo hey, I am task2 and will be running after task1!']
[2022-08-06 22:22:51,886] {subprocess.py:85} INFO - Output:
[2022-08-06 22:22:51,888] {subprocess.py:92} INFO - hey, I am task2 and will be running after task1!
[2022-08-06 22:22:51,888] {subprocess.py:96} INFO - Command exited with return code 0
[2022-08-06 22:22:51,924] {taskinstance.py:1420} INFO - Marking task as SUCCESS. dag_id=our_first_dag_v5, task_id=second_task, execution_date=20211115T000000, start_date=20220806T222251, end_date=20220806T222251
[2022-08-06 22:22:51,958] {local_task_job.py:156} INFO - Task exited with return code 0
[2022-08-06 22:22:52,012] {local_task_job.py:273} INFO - 0 downstream tasks scheduled from follow-on schedule check
