[2022-08-06 19:38:25,532] {taskinstance.py:1179} INFO - Dependencies all met for <TaskInstance: our_first_dag_v5.thrid_task scheduled__2022-03-19T00:00:00+00:00 [queued]>
[2022-08-06 19:38:25,552] {taskinstance.py:1179} INFO - Dependencies all met for <TaskInstance: our_first_dag_v5.thrid_task scheduled__2022-03-19T00:00:00+00:00 [queued]>
[2022-08-06 19:38:25,552] {taskinstance.py:1376} INFO - 
--------------------------------------------------------------------------------
[2022-08-06 19:38:25,552] {taskinstance.py:1377} INFO - Starting attempt 1 of 6
[2022-08-06 19:38:25,552] {taskinstance.py:1378} INFO - 
--------------------------------------------------------------------------------
[2022-08-06 19:38:25,581] {taskinstance.py:1397} INFO - Executing <Task(BashOperator): thrid_task> on 2022-03-19 00:00:00+00:00
[2022-08-06 19:38:25,589] {standard_task_runner.py:52} INFO - Started process 2298 to run task
[2022-08-06 19:38:25,593] {standard_task_runner.py:79} INFO - Running: ['***', 'tasks', 'run', 'our_first_dag_v5', 'thrid_task', 'scheduled__2022-03-19T00:00:00+00:00', '--job-id', '703', '--raw', '--subdir', 'DAGS_FOLDER/pipeline.py', '--cfg-path', '/tmp/tmpioinbbwk', '--error-file', '/tmp/tmpfr22xaq3']
[2022-08-06 19:38:25,593] {standard_task_runner.py:80} INFO - Job 703: Subtask thrid_task
[2022-08-06 19:38:25,675] {task_command.py:371} INFO - Running <TaskInstance: our_first_dag_v5.thrid_task scheduled__2022-03-19T00:00:00+00:00 [running]> on host b29c168c1666
[2022-08-06 19:38:25,771] {taskinstance.py:1591} INFO - Exporting the following env vars:
AIRFLOW_CTX_DAG_OWNER=coder2j
AIRFLOW_CTX_DAG_ID=our_first_dag_v5
AIRFLOW_CTX_TASK_ID=thrid_task
AIRFLOW_CTX_EXECUTION_DATE=2022-03-19T00:00:00+00:00
AIRFLOW_CTX_TRY_NUMBER=1
AIRFLOW_CTX_DAG_RUN_ID=scheduled__2022-03-19T00:00:00+00:00
[2022-08-06 19:38:25,772] {subprocess.py:62} INFO - Tmp dir root location: 
 /tmp
[2022-08-06 19:38:25,773] {subprocess.py:74} INFO - Running command: ['bash', '-c', 'echo hey, I am task3 and will be running after task1 at the same time as task2!']
[2022-08-06 19:38:25,792] {subprocess.py:85} INFO - Output:
[2022-08-06 19:38:25,792] {subprocess.py:92} INFO - hey, I am task3 and will be running after task1 at the same time as task2!
[2022-08-06 19:38:25,793] {subprocess.py:96} INFO - Command exited with return code 0
[2022-08-06 19:38:25,829] {taskinstance.py:1420} INFO - Marking task as SUCCESS. dag_id=our_first_dag_v5, task_id=thrid_task, execution_date=20220319T000000, start_date=20220806T193825, end_date=20220806T193825
[2022-08-06 19:38:25,884] {local_task_job.py:156} INFO - Task exited with return code 0
[2022-08-06 19:38:25,926] {local_task_job.py:273} INFO - 0 downstream tasks scheduled from follow-on schedule check
[2022-08-06 21:52:16,679] {taskinstance.py:1179} INFO - Dependencies all met for <TaskInstance: our_first_dag_v5.thrid_task scheduled__2022-03-19T00:00:00+00:00 [queued]>
[2022-08-06 21:52:16,691] {taskinstance.py:1179} INFO - Dependencies all met for <TaskInstance: our_first_dag_v5.thrid_task scheduled__2022-03-19T00:00:00+00:00 [queued]>
[2022-08-06 21:52:16,692] {taskinstance.py:1376} INFO - 
--------------------------------------------------------------------------------
[2022-08-06 21:52:16,692] {taskinstance.py:1377} INFO - Starting attempt 1 of 6
[2022-08-06 21:52:16,692] {taskinstance.py:1378} INFO - 
--------------------------------------------------------------------------------
[2022-08-06 21:52:16,708] {taskinstance.py:1397} INFO - Executing <Task(BashOperator): thrid_task> on 2022-03-19 00:00:00+00:00
[2022-08-06 21:52:16,715] {standard_task_runner.py:52} INFO - Started process 2489 to run task
[2022-08-06 21:52:16,718] {standard_task_runner.py:79} INFO - Running: ['***', 'tasks', 'run', 'our_first_dag_v5', 'thrid_task', 'scheduled__2022-03-19T00:00:00+00:00', '--job-id', '701', '--raw', '--subdir', 'DAGS_FOLDER/pipeline.py', '--cfg-path', '/tmp/tmpltgua63s', '--error-file', '/tmp/tmp6f39po0j']
[2022-08-06 21:52:16,718] {standard_task_runner.py:80} INFO - Job 701: Subtask thrid_task
[2022-08-06 21:52:16,782] {task_command.py:371} INFO - Running <TaskInstance: our_first_dag_v5.thrid_task scheduled__2022-03-19T00:00:00+00:00 [running]> on host c3f731879890
[2022-08-06 21:52:16,869] {taskinstance.py:1591} INFO - Exporting the following env vars:
AIRFLOW_CTX_DAG_OWNER=coder2j
AIRFLOW_CTX_DAG_ID=our_first_dag_v5
AIRFLOW_CTX_TASK_ID=thrid_task
AIRFLOW_CTX_EXECUTION_DATE=2022-03-19T00:00:00+00:00
AIRFLOW_CTX_TRY_NUMBER=1
AIRFLOW_CTX_DAG_RUN_ID=scheduled__2022-03-19T00:00:00+00:00
[2022-08-06 21:52:16,869] {subprocess.py:62} INFO - Tmp dir root location: 
 /tmp
[2022-08-06 21:52:16,870] {subprocess.py:74} INFO - Running command: ['bash', '-c', 'echo hey, I am task3 and will be running after task1 at the same time as task2!']
[2022-08-06 21:52:16,884] {subprocess.py:85} INFO - Output:
[2022-08-06 21:52:16,886] {subprocess.py:92} INFO - hey, I am task3 and will be running after task1 at the same time as task2!
[2022-08-06 21:52:16,886] {subprocess.py:96} INFO - Command exited with return code 0
[2022-08-06 21:52:16,915] {taskinstance.py:1420} INFO - Marking task as SUCCESS. dag_id=our_first_dag_v5, task_id=thrid_task, execution_date=20220319T000000, start_date=20220806T215216, end_date=20220806T215216
[2022-08-06 21:52:16,969] {local_task_job.py:156} INFO - Task exited with return code 0
[2022-08-06 21:52:17,003] {local_task_job.py:273} INFO - 0 downstream tasks scheduled from follow-on schedule check
[2022-08-06 21:57:42,416] {taskinstance.py:1179} INFO - Dependencies all met for <TaskInstance: our_first_dag_v5.thrid_task scheduled__2022-03-19T00:00:00+00:00 [queued]>
[2022-08-06 21:57:42,429] {taskinstance.py:1179} INFO - Dependencies all met for <TaskInstance: our_first_dag_v5.thrid_task scheduled__2022-03-19T00:00:00+00:00 [queued]>
[2022-08-06 21:57:42,430] {taskinstance.py:1376} INFO - 
--------------------------------------------------------------------------------
[2022-08-06 21:57:42,430] {taskinstance.py:1377} INFO - Starting attempt 1 of 6
[2022-08-06 21:57:42,430] {taskinstance.py:1378} INFO - 
--------------------------------------------------------------------------------
[2022-08-06 21:57:42,451] {taskinstance.py:1397} INFO - Executing <Task(BashOperator): thrid_task> on 2022-03-19 00:00:00+00:00
[2022-08-06 21:57:42,460] {standard_task_runner.py:52} INFO - Started process 2285 to run task
[2022-08-06 21:57:42,462] {standard_task_runner.py:79} INFO - Running: ['***', 'tasks', 'run', 'our_first_dag_v5', 'thrid_task', 'scheduled__2022-03-19T00:00:00+00:00', '--job-id', '703', '--raw', '--subdir', 'DAGS_FOLDER/pipeline.py', '--cfg-path', '/tmp/tmppwpdi07k', '--error-file', '/tmp/tmpwhblzwd7']
[2022-08-06 21:57:42,463] {standard_task_runner.py:80} INFO - Job 703: Subtask thrid_task
[2022-08-06 21:57:42,593] {task_command.py:371} INFO - Running <TaskInstance: our_first_dag_v5.thrid_task scheduled__2022-03-19T00:00:00+00:00 [running]> on host bc7e154a4fdd
[2022-08-06 21:57:42,720] {taskinstance.py:1591} INFO - Exporting the following env vars:
AIRFLOW_CTX_DAG_OWNER=coder2j
AIRFLOW_CTX_DAG_ID=our_first_dag_v5
AIRFLOW_CTX_TASK_ID=thrid_task
AIRFLOW_CTX_EXECUTION_DATE=2022-03-19T00:00:00+00:00
AIRFLOW_CTX_TRY_NUMBER=1
AIRFLOW_CTX_DAG_RUN_ID=scheduled__2022-03-19T00:00:00+00:00
[2022-08-06 21:57:42,722] {subprocess.py:62} INFO - Tmp dir root location: 
 /tmp
[2022-08-06 21:57:42,723] {subprocess.py:74} INFO - Running command: ['bash', '-c', 'echo hey, I am task3 and will be running after task1 at the same time as task2!']
[2022-08-06 21:57:42,740] {subprocess.py:85} INFO - Output:
[2022-08-06 21:57:42,743] {subprocess.py:92} INFO - hey, I am task3 and will be running after task1 at the same time as task2!
[2022-08-06 21:57:42,743] {subprocess.py:96} INFO - Command exited with return code 0
[2022-08-06 21:57:42,828] {taskinstance.py:1420} INFO - Marking task as SUCCESS. dag_id=our_first_dag_v5, task_id=thrid_task, execution_date=20220319T000000, start_date=20220806T215742, end_date=20220806T215742
[2022-08-06 21:57:42,917] {local_task_job.py:156} INFO - Task exited with return code 0
[2022-08-06 21:57:43,011] {local_task_job.py:273} INFO - 0 downstream tasks scheduled from follow-on schedule check
[2022-08-06 22:12:42,576] {taskinstance.py:1179} INFO - Dependencies all met for <TaskInstance: our_first_dag_v5.thrid_task scheduled__2022-03-19T00:00:00+00:00 [queued]>
[2022-08-06 22:12:42,597] {taskinstance.py:1179} INFO - Dependencies all met for <TaskInstance: our_first_dag_v5.thrid_task scheduled__2022-03-19T00:00:00+00:00 [queued]>
[2022-08-06 22:12:42,598] {taskinstance.py:1376} INFO - 
--------------------------------------------------------------------------------
[2022-08-06 22:12:42,598] {taskinstance.py:1377} INFO - Starting attempt 1 of 6
[2022-08-06 22:12:42,598] {taskinstance.py:1378} INFO - 
--------------------------------------------------------------------------------
[2022-08-06 22:12:42,616] {taskinstance.py:1397} INFO - Executing <Task(BashOperator): thrid_task> on 2022-03-19 00:00:00+00:00
[2022-08-06 22:12:42,623] {standard_task_runner.py:52} INFO - Started process 2294 to run task
[2022-08-06 22:12:42,626] {standard_task_runner.py:79} INFO - Running: ['***', 'tasks', 'run', 'our_first_dag_v5', 'thrid_task', 'scheduled__2022-03-19T00:00:00+00:00', '--job-id', '702', '--raw', '--subdir', 'DAGS_FOLDER/pipeline.py', '--cfg-path', '/tmp/tmpcxwf5ne2', '--error-file', '/tmp/tmpwt8fvmss']
[2022-08-06 22:12:42,627] {standard_task_runner.py:80} INFO - Job 702: Subtask thrid_task
[2022-08-06 22:12:42,705] {task_command.py:371} INFO - Running <TaskInstance: our_first_dag_v5.thrid_task scheduled__2022-03-19T00:00:00+00:00 [running]> on host 1250c3b659cd
[2022-08-06 22:12:42,792] {taskinstance.py:1591} INFO - Exporting the following env vars:
AIRFLOW_CTX_DAG_OWNER=coder2j
AIRFLOW_CTX_DAG_ID=our_first_dag_v5
AIRFLOW_CTX_TASK_ID=thrid_task
AIRFLOW_CTX_EXECUTION_DATE=2022-03-19T00:00:00+00:00
AIRFLOW_CTX_TRY_NUMBER=1
AIRFLOW_CTX_DAG_RUN_ID=scheduled__2022-03-19T00:00:00+00:00
[2022-08-06 22:12:42,793] {subprocess.py:62} INFO - Tmp dir root location: 
 /tmp
[2022-08-06 22:12:42,794] {subprocess.py:74} INFO - Running command: ['bash', '-c', 'echo hey, I am task3 and will be running after task1 at the same time as task2!']
[2022-08-06 22:12:42,810] {subprocess.py:85} INFO - Output:
[2022-08-06 22:12:42,812] {subprocess.py:92} INFO - hey, I am task3 and will be running after task1 at the same time as task2!
[2022-08-06 22:12:42,812] {subprocess.py:96} INFO - Command exited with return code 0
[2022-08-06 22:12:42,848] {taskinstance.py:1420} INFO - Marking task as SUCCESS. dag_id=our_first_dag_v5, task_id=thrid_task, execution_date=20220319T000000, start_date=20220806T221242, end_date=20220806T221242
[2022-08-06 22:12:42,879] {local_task_job.py:156} INFO - Task exited with return code 0
[2022-08-06 22:12:42,916] {local_task_job.py:273} INFO - 0 downstream tasks scheduled from follow-on schedule check
[2022-08-06 22:24:03,949] {taskinstance.py:1179} INFO - Dependencies all met for <TaskInstance: our_first_dag_v5.thrid_task scheduled__2022-03-19T00:00:00+00:00 [queued]>
[2022-08-06 22:24:03,967] {taskinstance.py:1179} INFO - Dependencies all met for <TaskInstance: our_first_dag_v5.thrid_task scheduled__2022-03-19T00:00:00+00:00 [queued]>
[2022-08-06 22:24:03,967] {taskinstance.py:1376} INFO - 
--------------------------------------------------------------------------------
[2022-08-06 22:24:03,968] {taskinstance.py:1377} INFO - Starting attempt 1 of 6
[2022-08-06 22:24:03,968] {taskinstance.py:1378} INFO - 
--------------------------------------------------------------------------------
[2022-08-06 22:24:03,992] {taskinstance.py:1397} INFO - Executing <Task(BashOperator): thrid_task> on 2022-03-19 00:00:00+00:00
[2022-08-06 22:24:04,001] {standard_task_runner.py:52} INFO - Started process 2353 to run task
[2022-08-06 22:24:04,004] {standard_task_runner.py:79} INFO - Running: ['***', 'tasks', 'run', 'our_first_dag_v5', 'thrid_task', 'scheduled__2022-03-19T00:00:00+00:00', '--job-id', '707', '--raw', '--subdir', 'DAGS_FOLDER/pipeline.py', '--cfg-path', '/tmp/tmp5smo2ii4', '--error-file', '/tmp/tmpock12bui']
[2022-08-06 22:24:04,005] {standard_task_runner.py:80} INFO - Job 707: Subtask thrid_task
[2022-08-06 22:24:04,101] {task_command.py:371} INFO - Running <TaskInstance: our_first_dag_v5.thrid_task scheduled__2022-03-19T00:00:00+00:00 [running]> on host b215076695c3
[2022-08-06 22:24:04,212] {taskinstance.py:1591} INFO - Exporting the following env vars:
AIRFLOW_CTX_DAG_OWNER=coder2j
AIRFLOW_CTX_DAG_ID=our_first_dag_v5
AIRFLOW_CTX_TASK_ID=thrid_task
AIRFLOW_CTX_EXECUTION_DATE=2022-03-19T00:00:00+00:00
AIRFLOW_CTX_TRY_NUMBER=1
AIRFLOW_CTX_DAG_RUN_ID=scheduled__2022-03-19T00:00:00+00:00
[2022-08-06 22:24:04,213] {subprocess.py:62} INFO - Tmp dir root location: 
 /tmp
[2022-08-06 22:24:04,214] {subprocess.py:74} INFO - Running command: ['bash', '-c', 'echo hey, I am task3 and will be running after task1 at the same time as task2!']
[2022-08-06 22:24:04,228] {subprocess.py:85} INFO - Output:
[2022-08-06 22:24:04,230] {subprocess.py:92} INFO - hey, I am task3 and will be running after task1 at the same time as task2!
[2022-08-06 22:24:04,230] {subprocess.py:96} INFO - Command exited with return code 0
[2022-08-06 22:24:04,278] {taskinstance.py:1420} INFO - Marking task as SUCCESS. dag_id=our_first_dag_v5, task_id=thrid_task, execution_date=20220319T000000, start_date=20220806T222403, end_date=20220806T222404
[2022-08-06 22:24:04,303] {local_task_job.py:156} INFO - Task exited with return code 0
[2022-08-06 22:24:04,353] {local_task_job.py:273} INFO - 0 downstream tasks scheduled from follow-on schedule check
