[2022-08-07 16:48:09,711] {taskinstance.py:1179} INFO - Dependencies all met for <TaskInstance: training_pipeline_dag.load_table manual__2022-08-07T16:48:07.587975+00:00 [queued]>
[2022-08-07 16:48:09,718] {taskinstance.py:1179} INFO - Dependencies all met for <TaskInstance: training_pipeline_dag.load_table manual__2022-08-07T16:48:07.587975+00:00 [queued]>
[2022-08-07 16:48:09,718] {taskinstance.py:1376} INFO - 
--------------------------------------------------------------------------------
[2022-08-07 16:48:09,718] {taskinstance.py:1377} INFO - Starting attempt 1 of 1
[2022-08-07 16:48:09,719] {taskinstance.py:1378} INFO - 
--------------------------------------------------------------------------------
[2022-08-07 16:48:09,730] {taskinstance.py:1397} INFO - Executing <Task(PythonOperator): load_table> on 2022-08-07 16:48:07.587975+00:00
[2022-08-07 16:48:09,736] {standard_task_runner.py:52} INFO - Started process 163 to run task
[2022-08-07 16:48:09,738] {standard_task_runner.py:79} INFO - Running: ['***', 'tasks', 'run', 'training_pipeline_dag', 'load_table', 'manual__2022-08-07T16:48:07.587975+00:00', '--job-id', '5', '--raw', '--subdir', 'DAGS_FOLDER/pipeline.py', '--cfg-path', '/tmp/tmp8jlsbqam', '--error-file', '/tmp/tmp6lzt14qr']
[2022-08-07 16:48:09,739] {standard_task_runner.py:80} INFO - Job 5: Subtask load_table
[2022-08-07 16:48:09,782] {task_command.py:371} INFO - Running <TaskInstance: training_pipeline_dag.load_table manual__2022-08-07T16:48:07.587975+00:00 [running]> on host bdd19433ae66
[2022-08-07 16:48:09,845] {taskinstance.py:1591} INFO - Exporting the following env vars:
AIRFLOW_CTX_DAG_OWNER=Gibran Otazo
AIRFLOW_CTX_DAG_ID=training_pipeline_dag
AIRFLOW_CTX_TASK_ID=load_table
AIRFLOW_CTX_EXECUTION_DATE=2022-08-07T16:48:07.587975+00:00
AIRFLOW_CTX_TRY_NUMBER=1
AIRFLOW_CTX_DAG_RUN_ID=manual__2022-08-07T16:48:07.587975+00:00
[2022-08-07 16:48:09,847] {taskinstance.py:1909} ERROR - Task failed with exception
Traceback (most recent call last):
  File "/home/airflow/.local/lib/python3.7/site-packages/airflow/operators/python.py", line 171, in execute
    return_value = self.execute_callable()
  File "/home/airflow/.local/lib/python3.7/site-packages/airflow/operators/python.py", line 189, in execute_callable
    return self.python_callable(*self.op_args, **self.op_kwargs)
  File "/opt/airflow/training/preprocessing.py", line 8, in load_data
    df_train = pd.read_csv(data_path + "train.csv")
  File "/home/airflow/.local/lib/python3.7/site-packages/pandas/util/_decorators.py", line 311, in wrapper
    return func(*args, **kwargs)
  File "/home/airflow/.local/lib/python3.7/site-packages/pandas/io/parsers/readers.py", line 586, in read_csv
    return _read(filepath_or_buffer, kwds)
  File "/home/airflow/.local/lib/python3.7/site-packages/pandas/io/parsers/readers.py", line 482, in _read
    parser = TextFileReader(filepath_or_buffer, **kwds)
  File "/home/airflow/.local/lib/python3.7/site-packages/pandas/io/parsers/readers.py", line 811, in __init__
    self._engine = self._make_engine(self.engine)
  File "/home/airflow/.local/lib/python3.7/site-packages/pandas/io/parsers/readers.py", line 1040, in _make_engine
    return mapping[engine](self.f, **self.options)  # type: ignore[call-arg]
  File "/home/airflow/.local/lib/python3.7/site-packages/pandas/io/parsers/c_parser_wrapper.py", line 51, in __init__
    self._open_handles(src, kwds)
  File "/home/airflow/.local/lib/python3.7/site-packages/pandas/io/parsers/base_parser.py", line 229, in _open_handles
    errors=kwds.get("encoding_errors", "strict"),
  File "/home/airflow/.local/lib/python3.7/site-packages/pandas/io/common.py", line 707, in get_handle
    newline="",
FileNotFoundError: [Errno 2] No such file or directory: 'dataset/train.csv'
[2022-08-07 16:48:09,854] {taskinstance.py:1420} INFO - Marking task as FAILED. dag_id=training_pipeline_dag, task_id=load_table, execution_date=20220807T164807, start_date=20220807T164809, end_date=20220807T164809
[2022-08-07 16:48:09,863] {standard_task_runner.py:97} ERROR - Failed to execute job 5 for task load_table ([Errno 2] No such file or directory: 'dataset/train.csv'; 163)
[2022-08-07 16:48:09,909] {local_task_job.py:156} INFO - Task exited with return code 1
[2022-08-07 16:48:09,960] {local_task_job.py:273} INFO - 0 downstream tasks scheduled from follow-on schedule check
