[2022-08-06 19:37:30,998] {taskinstance.py:1179} INFO - Dependencies all met for <TaskInstance: our_first_dag_v5.second_task scheduled__2021-12-19T00:00:00+00:00 [queued]>
[2022-08-06 19:37:31,010] {taskinstance.py:1179} INFO - Dependencies all met for <TaskInstance: our_first_dag_v5.second_task scheduled__2021-12-19T00:00:00+00:00 [queued]>
[2022-08-06 19:37:31,010] {taskinstance.py:1376} INFO - 
--------------------------------------------------------------------------------
[2022-08-06 19:37:31,010] {taskinstance.py:1377} INFO - Starting attempt 1 of 6
[2022-08-06 19:37:31,010] {taskinstance.py:1378} INFO - 
--------------------------------------------------------------------------------
[2022-08-06 19:37:31,028] {taskinstance.py:1397} INFO - Executing <Task(BashOperator): second_task> on 2021-12-19 00:00:00+00:00
[2022-08-06 19:37:31,034] {standard_task_runner.py:52} INFO - Started process 1454 to run task
[2022-08-06 19:37:31,038] {standard_task_runner.py:79} INFO - Running: ['***', 'tasks', 'run', 'our_first_dag_v5', 'second_task', 'scheduled__2021-12-19T00:00:00+00:00', '--job-id', '435', '--raw', '--subdir', 'DAGS_FOLDER/pipeline.py', '--cfg-path', '/tmp/tmpd899jfx8', '--error-file', '/tmp/tmph5jaqsx_']
[2022-08-06 19:37:31,038] {standard_task_runner.py:80} INFO - Job 435: Subtask second_task
[2022-08-06 19:37:31,132] {task_command.py:371} INFO - Running <TaskInstance: our_first_dag_v5.second_task scheduled__2021-12-19T00:00:00+00:00 [running]> on host b29c168c1666
[2022-08-06 19:37:31,240] {taskinstance.py:1591} INFO - Exporting the following env vars:
AIRFLOW_CTX_DAG_OWNER=coder2j
AIRFLOW_CTX_DAG_ID=our_first_dag_v5
AIRFLOW_CTX_TASK_ID=second_task
AIRFLOW_CTX_EXECUTION_DATE=2021-12-19T00:00:00+00:00
AIRFLOW_CTX_TRY_NUMBER=1
AIRFLOW_CTX_DAG_RUN_ID=scheduled__2021-12-19T00:00:00+00:00
[2022-08-06 19:37:31,241] {subprocess.py:62} INFO - Tmp dir root location: 
 /tmp
[2022-08-06 19:37:31,242] {subprocess.py:74} INFO - Running command: ['bash', '-c', 'echo hey, I am task2 and will be running after task1!']
[2022-08-06 19:37:31,258] {subprocess.py:85} INFO - Output:
[2022-08-06 19:37:31,260] {subprocess.py:92} INFO - hey, I am task2 and will be running after task1!
[2022-08-06 19:37:31,260] {subprocess.py:96} INFO - Command exited with return code 0
[2022-08-06 19:37:31,335] {taskinstance.py:1420} INFO - Marking task as SUCCESS. dag_id=our_first_dag_v5, task_id=second_task, execution_date=20211219T000000, start_date=20220806T193730, end_date=20220806T193731
[2022-08-06 19:37:31,369] {local_task_job.py:156} INFO - Task exited with return code 0
[2022-08-06 19:37:31,418] {local_task_job.py:273} INFO - 0 downstream tasks scheduled from follow-on schedule check
[2022-08-06 21:51:23,895] {taskinstance.py:1179} INFO - Dependencies all met for <TaskInstance: our_first_dag_v5.second_task scheduled__2021-12-19T00:00:00+00:00 [queued]>
[2022-08-06 21:51:23,912] {taskinstance.py:1179} INFO - Dependencies all met for <TaskInstance: our_first_dag_v5.second_task scheduled__2021-12-19T00:00:00+00:00 [queued]>
[2022-08-06 21:51:23,912] {taskinstance.py:1376} INFO - 
--------------------------------------------------------------------------------
[2022-08-06 21:51:23,912] {taskinstance.py:1377} INFO - Starting attempt 1 of 6
[2022-08-06 21:51:23,912] {taskinstance.py:1378} INFO - 
--------------------------------------------------------------------------------
[2022-08-06 21:51:23,931] {taskinstance.py:1397} INFO - Executing <Task(BashOperator): second_task> on 2021-12-19 00:00:00+00:00
[2022-08-06 21:51:23,939] {standard_task_runner.py:52} INFO - Started process 1639 to run task
[2022-08-06 21:51:23,942] {standard_task_runner.py:79} INFO - Running: ['***', 'tasks', 'run', 'our_first_dag_v5', 'second_task', 'scheduled__2021-12-19T00:00:00+00:00', '--job-id', '433', '--raw', '--subdir', 'DAGS_FOLDER/pipeline.py', '--cfg-path', '/tmp/tmpd6v_zvjc', '--error-file', '/tmp/tmpqs2upz0d']
[2022-08-06 21:51:23,943] {standard_task_runner.py:80} INFO - Job 433: Subtask second_task
[2022-08-06 21:51:24,039] {task_command.py:371} INFO - Running <TaskInstance: our_first_dag_v5.second_task scheduled__2021-12-19T00:00:00+00:00 [running]> on host c3f731879890
[2022-08-06 21:51:24,187] {taskinstance.py:1591} INFO - Exporting the following env vars:
AIRFLOW_CTX_DAG_OWNER=coder2j
AIRFLOW_CTX_DAG_ID=our_first_dag_v5
AIRFLOW_CTX_TASK_ID=second_task
AIRFLOW_CTX_EXECUTION_DATE=2021-12-19T00:00:00+00:00
AIRFLOW_CTX_TRY_NUMBER=1
AIRFLOW_CTX_DAG_RUN_ID=scheduled__2021-12-19T00:00:00+00:00
[2022-08-06 21:51:24,187] {subprocess.py:62} INFO - Tmp dir root location: 
 /tmp
[2022-08-06 21:51:24,188] {subprocess.py:74} INFO - Running command: ['bash', '-c', 'echo hey, I am task2 and will be running after task1!']
[2022-08-06 21:51:24,205] {subprocess.py:85} INFO - Output:
[2022-08-06 21:51:24,207] {subprocess.py:92} INFO - hey, I am task2 and will be running after task1!
[2022-08-06 21:51:24,208] {subprocess.py:96} INFO - Command exited with return code 0
[2022-08-06 21:51:24,252] {taskinstance.py:1420} INFO - Marking task as SUCCESS. dag_id=our_first_dag_v5, task_id=second_task, execution_date=20211219T000000, start_date=20220806T215123, end_date=20220806T215124
[2022-08-06 21:51:24,315] {local_task_job.py:156} INFO - Task exited with return code 0
[2022-08-06 21:51:24,370] {local_task_job.py:273} INFO - 0 downstream tasks scheduled from follow-on schedule check
[2022-08-06 21:56:48,050] {taskinstance.py:1179} INFO - Dependencies all met for <TaskInstance: our_first_dag_v5.second_task scheduled__2021-12-19T00:00:00+00:00 [queued]>
[2022-08-06 21:56:48,064] {taskinstance.py:1179} INFO - Dependencies all met for <TaskInstance: our_first_dag_v5.second_task scheduled__2021-12-19T00:00:00+00:00 [queued]>
[2022-08-06 21:56:48,064] {taskinstance.py:1376} INFO - 
--------------------------------------------------------------------------------
[2022-08-06 21:56:48,064] {taskinstance.py:1377} INFO - Starting attempt 1 of 6
[2022-08-06 21:56:48,064] {taskinstance.py:1378} INFO - 
--------------------------------------------------------------------------------
[2022-08-06 21:56:48,081] {taskinstance.py:1397} INFO - Executing <Task(BashOperator): second_task> on 2021-12-19 00:00:00+00:00
[2022-08-06 21:56:48,088] {standard_task_runner.py:52} INFO - Started process 1437 to run task
[2022-08-06 21:56:48,091] {standard_task_runner.py:79} INFO - Running: ['***', 'tasks', 'run', 'our_first_dag_v5', 'second_task', 'scheduled__2021-12-19T00:00:00+00:00', '--job-id', '432', '--raw', '--subdir', 'DAGS_FOLDER/pipeline.py', '--cfg-path', '/tmp/tmpyua13bgj', '--error-file', '/tmp/tmph4rhpi8q']
[2022-08-06 21:56:48,091] {standard_task_runner.py:80} INFO - Job 432: Subtask second_task
[2022-08-06 21:56:48,161] {task_command.py:371} INFO - Running <TaskInstance: our_first_dag_v5.second_task scheduled__2021-12-19T00:00:00+00:00 [running]> on host bc7e154a4fdd
[2022-08-06 21:56:48,259] {taskinstance.py:1591} INFO - Exporting the following env vars:
AIRFLOW_CTX_DAG_OWNER=coder2j
AIRFLOW_CTX_DAG_ID=our_first_dag_v5
AIRFLOW_CTX_TASK_ID=second_task
AIRFLOW_CTX_EXECUTION_DATE=2021-12-19T00:00:00+00:00
AIRFLOW_CTX_TRY_NUMBER=1
AIRFLOW_CTX_DAG_RUN_ID=scheduled__2021-12-19T00:00:00+00:00
[2022-08-06 21:56:48,260] {subprocess.py:62} INFO - Tmp dir root location: 
 /tmp
[2022-08-06 21:56:48,261] {subprocess.py:74} INFO - Running command: ['bash', '-c', 'echo hey, I am task2 and will be running after task1!']
[2022-08-06 21:56:48,275] {subprocess.py:85} INFO - Output:
[2022-08-06 21:56:48,277] {subprocess.py:92} INFO - hey, I am task2 and will be running after task1!
[2022-08-06 21:56:48,277] {subprocess.py:96} INFO - Command exited with return code 0
[2022-08-06 21:56:48,307] {taskinstance.py:1420} INFO - Marking task as SUCCESS. dag_id=our_first_dag_v5, task_id=second_task, execution_date=20211219T000000, start_date=20220806T215648, end_date=20220806T215648
[2022-08-06 21:56:48,342] {local_task_job.py:156} INFO - Task exited with return code 0
[2022-08-06 21:56:48,376] {local_task_job.py:273} INFO - 0 downstream tasks scheduled from follow-on schedule check
[2022-08-06 22:11:51,591] {taskinstance.py:1179} INFO - Dependencies all met for <TaskInstance: our_first_dag_v5.second_task scheduled__2021-12-19T00:00:00+00:00 [queued]>
[2022-08-06 22:11:51,609] {taskinstance.py:1179} INFO - Dependencies all met for <TaskInstance: our_first_dag_v5.second_task scheduled__2021-12-19T00:00:00+00:00 [queued]>
[2022-08-06 22:11:51,609] {taskinstance.py:1376} INFO - 
--------------------------------------------------------------------------------
[2022-08-06 22:11:51,609] {taskinstance.py:1377} INFO - Starting attempt 1 of 6
[2022-08-06 22:11:51,609] {taskinstance.py:1378} INFO - 
--------------------------------------------------------------------------------
[2022-08-06 22:11:51,625] {taskinstance.py:1397} INFO - Executing <Task(BashOperator): second_task> on 2021-12-19 00:00:00+00:00
[2022-08-06 22:11:51,632] {standard_task_runner.py:52} INFO - Started process 1450 to run task
[2022-08-06 22:11:51,635] {standard_task_runner.py:79} INFO - Running: ['***', 'tasks', 'run', 'our_first_dag_v5', 'second_task', 'scheduled__2021-12-19T00:00:00+00:00', '--job-id', '434', '--raw', '--subdir', 'DAGS_FOLDER/pipeline.py', '--cfg-path', '/tmp/tmphc6_8fcj', '--error-file', '/tmp/tmprxk3m3ws']
[2022-08-06 22:11:51,635] {standard_task_runner.py:80} INFO - Job 434: Subtask second_task
[2022-08-06 22:11:51,738] {task_command.py:371} INFO - Running <TaskInstance: our_first_dag_v5.second_task scheduled__2021-12-19T00:00:00+00:00 [running]> on host 1250c3b659cd
[2022-08-06 22:11:51,857] {taskinstance.py:1591} INFO - Exporting the following env vars:
AIRFLOW_CTX_DAG_OWNER=coder2j
AIRFLOW_CTX_DAG_ID=our_first_dag_v5
AIRFLOW_CTX_TASK_ID=second_task
AIRFLOW_CTX_EXECUTION_DATE=2021-12-19T00:00:00+00:00
AIRFLOW_CTX_TRY_NUMBER=1
AIRFLOW_CTX_DAG_RUN_ID=scheduled__2021-12-19T00:00:00+00:00
[2022-08-06 22:11:51,859] {subprocess.py:62} INFO - Tmp dir root location: 
 /tmp
[2022-08-06 22:11:51,859] {subprocess.py:74} INFO - Running command: ['bash', '-c', 'echo hey, I am task2 and will be running after task1!']
[2022-08-06 22:11:51,876] {subprocess.py:85} INFO - Output:
[2022-08-06 22:11:51,879] {subprocess.py:92} INFO - hey, I am task2 and will be running after task1!
[2022-08-06 22:11:51,879] {subprocess.py:96} INFO - Command exited with return code 0
[2022-08-06 22:11:51,918] {taskinstance.py:1420} INFO - Marking task as SUCCESS. dag_id=our_first_dag_v5, task_id=second_task, execution_date=20211219T000000, start_date=20220806T221151, end_date=20220806T221151
[2022-08-06 22:11:51,967] {local_task_job.py:156} INFO - Task exited with return code 0
[2022-08-06 22:11:52,001] {local_task_job.py:273} INFO - 0 downstream tasks scheduled from follow-on schedule check
[2022-08-06 22:23:11,606] {taskinstance.py:1179} INFO - Dependencies all met for <TaskInstance: our_first_dag_v5.second_task scheduled__2021-12-19T00:00:00+00:00 [queued]>
[2022-08-06 22:23:11,625] {taskinstance.py:1179} INFO - Dependencies all met for <TaskInstance: our_first_dag_v5.second_task scheduled__2021-12-19T00:00:00+00:00 [queued]>
[2022-08-06 22:23:11,625] {taskinstance.py:1376} INFO - 
--------------------------------------------------------------------------------
[2022-08-06 22:23:11,625] {taskinstance.py:1377} INFO - Starting attempt 1 of 6
[2022-08-06 22:23:11,625] {taskinstance.py:1378} INFO - 
--------------------------------------------------------------------------------
[2022-08-06 22:23:11,642] {taskinstance.py:1397} INFO - Executing <Task(BashOperator): second_task> on 2021-12-19 00:00:00+00:00
[2022-08-06 22:23:11,648] {standard_task_runner.py:52} INFO - Started process 1496 to run task
[2022-08-06 22:23:11,650] {standard_task_runner.py:79} INFO - Running: ['***', 'tasks', 'run', 'our_first_dag_v5', 'second_task', 'scheduled__2021-12-19T00:00:00+00:00', '--job-id', '436', '--raw', '--subdir', 'DAGS_FOLDER/pipeline.py', '--cfg-path', '/tmp/tmpycjbys83', '--error-file', '/tmp/tmp9uwin4t3']
[2022-08-06 22:23:11,650] {standard_task_runner.py:80} INFO - Job 436: Subtask second_task
[2022-08-06 22:23:11,728] {task_command.py:371} INFO - Running <TaskInstance: our_first_dag_v5.second_task scheduled__2021-12-19T00:00:00+00:00 [running]> on host b215076695c3
[2022-08-06 22:23:11,845] {taskinstance.py:1591} INFO - Exporting the following env vars:
AIRFLOW_CTX_DAG_OWNER=coder2j
AIRFLOW_CTX_DAG_ID=our_first_dag_v5
AIRFLOW_CTX_TASK_ID=second_task
AIRFLOW_CTX_EXECUTION_DATE=2021-12-19T00:00:00+00:00
AIRFLOW_CTX_TRY_NUMBER=1
AIRFLOW_CTX_DAG_RUN_ID=scheduled__2021-12-19T00:00:00+00:00
[2022-08-06 22:23:11,847] {subprocess.py:62} INFO - Tmp dir root location: 
 /tmp
[2022-08-06 22:23:11,847] {subprocess.py:74} INFO - Running command: ['bash', '-c', 'echo hey, I am task2 and will be running after task1!']
[2022-08-06 22:23:11,864] {subprocess.py:85} INFO - Output:
[2022-08-06 22:23:11,866] {subprocess.py:92} INFO - hey, I am task2 and will be running after task1!
[2022-08-06 22:23:11,867] {subprocess.py:96} INFO - Command exited with return code 0
[2022-08-06 22:23:11,910] {taskinstance.py:1420} INFO - Marking task as SUCCESS. dag_id=our_first_dag_v5, task_id=second_task, execution_date=20211219T000000, start_date=20220806T222311, end_date=20220806T222311
[2022-08-06 22:23:11,942] {local_task_job.py:156} INFO - Task exited with return code 0
[2022-08-06 22:23:12,020] {local_task_job.py:273} INFO - 0 downstream tasks scheduled from follow-on schedule check
