[2022-08-06 19:39:26,981] {taskinstance.py:1179} INFO - Dependencies all met for <TaskInstance: our_first_dag_v5.first_task scheduled__2022-07-03T00:00:00+00:00 [queued]>
[2022-08-06 19:39:27,000] {taskinstance.py:1179} INFO - Dependencies all met for <TaskInstance: our_first_dag_v5.first_task scheduled__2022-07-03T00:00:00+00:00 [queued]>
[2022-08-06 19:39:27,000] {taskinstance.py:1376} INFO - 
--------------------------------------------------------------------------------
[2022-08-06 19:39:27,000] {taskinstance.py:1377} INFO - Starting attempt 1 of 6
[2022-08-06 19:39:27,001] {taskinstance.py:1378} INFO - 
--------------------------------------------------------------------------------
[2022-08-06 19:39:27,023] {taskinstance.py:1397} INFO - Executing <Task(BashOperator): first_task> on 2022-07-03 00:00:00+00:00
[2022-08-06 19:39:27,030] {standard_task_runner.py:52} INFO - Started process 3287 to run task
[2022-08-06 19:39:27,034] {standard_task_runner.py:79} INFO - Running: ['***', 'tasks', 'run', 'our_first_dag_v5', 'first_task', 'scheduled__2022-07-03T00:00:00+00:00', '--job-id', '1015', '--raw', '--subdir', 'DAGS_FOLDER/pipeline.py', '--cfg-path', '/tmp/tmp4vew41r4', '--error-file', '/tmp/tmpq577nbat']
[2022-08-06 19:39:27,035] {standard_task_runner.py:80} INFO - Job 1015: Subtask first_task
[2022-08-06 19:39:27,123] {task_command.py:371} INFO - Running <TaskInstance: our_first_dag_v5.first_task scheduled__2022-07-03T00:00:00+00:00 [running]> on host b29c168c1666
[2022-08-06 19:39:27,227] {taskinstance.py:1591} INFO - Exporting the following env vars:
AIRFLOW_CTX_DAG_OWNER=coder2j
AIRFLOW_CTX_DAG_ID=our_first_dag_v5
AIRFLOW_CTX_TASK_ID=first_task
AIRFLOW_CTX_EXECUTION_DATE=2022-07-03T00:00:00+00:00
AIRFLOW_CTX_TRY_NUMBER=1
AIRFLOW_CTX_DAG_RUN_ID=scheduled__2022-07-03T00:00:00+00:00
[2022-08-06 19:39:27,228] {subprocess.py:62} INFO - Tmp dir root location: 
 /tmp
[2022-08-06 19:39:27,228] {subprocess.py:74} INFO - Running command: ['bash', '-c', 'echo hello world, this is the first task!']
[2022-08-06 19:39:27,245] {subprocess.py:85} INFO - Output:
[2022-08-06 19:39:27,247] {subprocess.py:92} INFO - hello world, this is the first task!
[2022-08-06 19:39:27,248] {subprocess.py:96} INFO - Command exited with return code 0
[2022-08-06 19:39:27,291] {taskinstance.py:1420} INFO - Marking task as SUCCESS. dag_id=our_first_dag_v5, task_id=first_task, execution_date=20220703T000000, start_date=20220806T193926, end_date=20220806T193927
[2022-08-06 19:39:27,327] {local_task_job.py:156} INFO - Task exited with return code 0
[2022-08-06 19:39:27,388] {local_task_job.py:273} INFO - 2 downstream tasks scheduled from follow-on schedule check
[2022-08-06 21:53:22,253] {taskinstance.py:1179} INFO - Dependencies all met for <TaskInstance: our_first_dag_v5.first_task scheduled__2022-07-03T00:00:00+00:00 [queued]>
[2022-08-06 21:53:22,263] {taskinstance.py:1179} INFO - Dependencies all met for <TaskInstance: our_first_dag_v5.first_task scheduled__2022-07-03T00:00:00+00:00 [queued]>
[2022-08-06 21:53:22,263] {taskinstance.py:1376} INFO - 
--------------------------------------------------------------------------------
[2022-08-06 21:53:22,263] {taskinstance.py:1377} INFO - Starting attempt 1 of 6
[2022-08-06 21:53:22,263] {taskinstance.py:1378} INFO - 
--------------------------------------------------------------------------------
[2022-08-06 21:53:22,276] {taskinstance.py:1397} INFO - Executing <Task(BashOperator): first_task> on 2022-07-03 00:00:00+00:00
[2022-08-06 21:53:22,281] {standard_task_runner.py:52} INFO - Started process 3476 to run task
[2022-08-06 21:53:22,283] {standard_task_runner.py:79} INFO - Running: ['***', 'tasks', 'run', 'our_first_dag_v5', 'first_task', 'scheduled__2022-07-03T00:00:00+00:00', '--job-id', '1017', '--raw', '--subdir', 'DAGS_FOLDER/pipeline.py', '--cfg-path', '/tmp/tmpf5z5usyz', '--error-file', '/tmp/tmp1tm2mbs5']
[2022-08-06 21:53:22,283] {standard_task_runner.py:80} INFO - Job 1017: Subtask first_task
[2022-08-06 21:53:22,340] {task_command.py:371} INFO - Running <TaskInstance: our_first_dag_v5.first_task scheduled__2022-07-03T00:00:00+00:00 [running]> on host c3f731879890
[2022-08-06 21:53:22,420] {taskinstance.py:1591} INFO - Exporting the following env vars:
AIRFLOW_CTX_DAG_OWNER=coder2j
AIRFLOW_CTX_DAG_ID=our_first_dag_v5
AIRFLOW_CTX_TASK_ID=first_task
AIRFLOW_CTX_EXECUTION_DATE=2022-07-03T00:00:00+00:00
AIRFLOW_CTX_TRY_NUMBER=1
AIRFLOW_CTX_DAG_RUN_ID=scheduled__2022-07-03T00:00:00+00:00
[2022-08-06 21:53:22,420] {subprocess.py:62} INFO - Tmp dir root location: 
 /tmp
[2022-08-06 21:53:22,421] {subprocess.py:74} INFO - Running command: ['bash', '-c', 'echo hello world, this is the first task!']
[2022-08-06 21:53:22,435] {subprocess.py:85} INFO - Output:
[2022-08-06 21:53:22,437] {subprocess.py:92} INFO - hello world, this is the first task!
[2022-08-06 21:53:22,437] {subprocess.py:96} INFO - Command exited with return code 0
[2022-08-06 21:53:22,468] {taskinstance.py:1420} INFO - Marking task as SUCCESS. dag_id=our_first_dag_v5, task_id=first_task, execution_date=20220703T000000, start_date=20220806T215322, end_date=20220806T215322
[2022-08-06 21:53:22,495] {local_task_job.py:156} INFO - Task exited with return code 0
[2022-08-06 21:53:22,537] {local_task_job.py:273} INFO - 0 downstream tasks scheduled from follow-on schedule check
[2022-08-06 21:58:44,096] {taskinstance.py:1179} INFO - Dependencies all met for <TaskInstance: our_first_dag_v5.first_task scheduled__2022-07-03T00:00:00+00:00 [queued]>
[2022-08-06 21:58:44,113] {taskinstance.py:1179} INFO - Dependencies all met for <TaskInstance: our_first_dag_v5.first_task scheduled__2022-07-03T00:00:00+00:00 [queued]>
[2022-08-06 21:58:44,113] {taskinstance.py:1376} INFO - 
--------------------------------------------------------------------------------
[2022-08-06 21:58:44,113] {taskinstance.py:1377} INFO - Starting attempt 1 of 6
[2022-08-06 21:58:44,113] {taskinstance.py:1378} INFO - 
--------------------------------------------------------------------------------
[2022-08-06 21:58:44,133] {taskinstance.py:1397} INFO - Executing <Task(BashOperator): first_task> on 2022-07-03 00:00:00+00:00
[2022-08-06 21:58:44,140] {standard_task_runner.py:52} INFO - Started process 3259 to run task
[2022-08-06 21:58:44,144] {standard_task_runner.py:79} INFO - Running: ['***', 'tasks', 'run', 'our_first_dag_v5', 'first_task', 'scheduled__2022-07-03T00:00:00+00:00', '--job-id', '1009', '--raw', '--subdir', 'DAGS_FOLDER/pipeline.py', '--cfg-path', '/tmp/tmp0ui0a3qb', '--error-file', '/tmp/tmp_u1c_4jj']
[2022-08-06 21:58:44,144] {standard_task_runner.py:80} INFO - Job 1009: Subtask first_task
[2022-08-06 21:58:44,218] {task_command.py:371} INFO - Running <TaskInstance: our_first_dag_v5.first_task scheduled__2022-07-03T00:00:00+00:00 [running]> on host bc7e154a4fdd
[2022-08-06 21:58:44,338] {taskinstance.py:1591} INFO - Exporting the following env vars:
AIRFLOW_CTX_DAG_OWNER=coder2j
AIRFLOW_CTX_DAG_ID=our_first_dag_v5
AIRFLOW_CTX_TASK_ID=first_task
AIRFLOW_CTX_EXECUTION_DATE=2022-07-03T00:00:00+00:00
AIRFLOW_CTX_TRY_NUMBER=1
AIRFLOW_CTX_DAG_RUN_ID=scheduled__2022-07-03T00:00:00+00:00
[2022-08-06 21:58:44,339] {subprocess.py:62} INFO - Tmp dir root location: 
 /tmp
[2022-08-06 21:58:44,339] {subprocess.py:74} INFO - Running command: ['bash', '-c', 'echo hello world, this is the first task!']
[2022-08-06 21:58:44,355] {subprocess.py:85} INFO - Output:
[2022-08-06 21:58:44,357] {subprocess.py:92} INFO - hello world, this is the first task!
[2022-08-06 21:58:44,357] {subprocess.py:96} INFO - Command exited with return code 0
[2022-08-06 21:58:44,398] {taskinstance.py:1420} INFO - Marking task as SUCCESS. dag_id=our_first_dag_v5, task_id=first_task, execution_date=20220703T000000, start_date=20220806T215844, end_date=20220806T215844
[2022-08-06 21:58:44,435] {local_task_job.py:156} INFO - Task exited with return code 0
[2022-08-06 21:58:44,474] {local_task_job.py:273} INFO - 2 downstream tasks scheduled from follow-on schedule check
[2022-08-06 22:13:41,169] {taskinstance.py:1179} INFO - Dependencies all met for <TaskInstance: our_first_dag_v5.first_task scheduled__2022-07-03T00:00:00+00:00 [queued]>
[2022-08-06 22:13:41,186] {taskinstance.py:1179} INFO - Dependencies all met for <TaskInstance: our_first_dag_v5.first_task scheduled__2022-07-03T00:00:00+00:00 [queued]>
[2022-08-06 22:13:41,186] {taskinstance.py:1376} INFO - 
--------------------------------------------------------------------------------
[2022-08-06 22:13:41,186] {taskinstance.py:1377} INFO - Starting attempt 1 of 6
[2022-08-06 22:13:41,186] {taskinstance.py:1378} INFO - 
--------------------------------------------------------------------------------
[2022-08-06 22:13:41,204] {taskinstance.py:1397} INFO - Executing <Task(BashOperator): first_task> on 2022-07-03 00:00:00+00:00
[2022-08-06 22:13:41,209] {standard_task_runner.py:52} INFO - Started process 3257 to run task
[2022-08-06 22:13:41,212] {standard_task_runner.py:79} INFO - Running: ['***', 'tasks', 'run', 'our_first_dag_v5', 'first_task', 'scheduled__2022-07-03T00:00:00+00:00', '--job-id', '1009', '--raw', '--subdir', 'DAGS_FOLDER/pipeline.py', '--cfg-path', '/tmp/tmpkcoljfoa', '--error-file', '/tmp/tmpk317pzjw']
[2022-08-06 22:13:41,212] {standard_task_runner.py:80} INFO - Job 1009: Subtask first_task
[2022-08-06 22:13:41,293] {task_command.py:371} INFO - Running <TaskInstance: our_first_dag_v5.first_task scheduled__2022-07-03T00:00:00+00:00 [running]> on host 1250c3b659cd
[2022-08-06 22:13:41,402] {taskinstance.py:1591} INFO - Exporting the following env vars:
AIRFLOW_CTX_DAG_OWNER=coder2j
AIRFLOW_CTX_DAG_ID=our_first_dag_v5
AIRFLOW_CTX_TASK_ID=first_task
AIRFLOW_CTX_EXECUTION_DATE=2022-07-03T00:00:00+00:00
AIRFLOW_CTX_TRY_NUMBER=1
AIRFLOW_CTX_DAG_RUN_ID=scheduled__2022-07-03T00:00:00+00:00
[2022-08-06 22:13:41,403] {subprocess.py:62} INFO - Tmp dir root location: 
 /tmp
[2022-08-06 22:13:41,403] {subprocess.py:74} INFO - Running command: ['bash', '-c', 'echo hello world, this is the first task!']
[2022-08-06 22:13:41,422] {subprocess.py:85} INFO - Output:
[2022-08-06 22:13:41,424] {subprocess.py:92} INFO - hello world, this is the first task!
[2022-08-06 22:13:41,424] {subprocess.py:96} INFO - Command exited with return code 0
[2022-08-06 22:13:41,464] {taskinstance.py:1420} INFO - Marking task as SUCCESS. dag_id=our_first_dag_v5, task_id=first_task, execution_date=20220703T000000, start_date=20220806T221341, end_date=20220806T221341
[2022-08-06 22:13:41,503] {local_task_job.py:156} INFO - Task exited with return code 0
[2022-08-06 22:13:41,549] {local_task_job.py:273} INFO - 2 downstream tasks scheduled from follow-on schedule check
[2022-08-06 22:25:00,759] {taskinstance.py:1179} INFO - Dependencies all met for <TaskInstance: our_first_dag_v5.first_task scheduled__2022-07-03T00:00:00+00:00 [queued]>
[2022-08-06 22:25:00,771] {taskinstance.py:1179} INFO - Dependencies all met for <TaskInstance: our_first_dag_v5.first_task scheduled__2022-07-03T00:00:00+00:00 [queued]>
[2022-08-06 22:25:00,771] {taskinstance.py:1376} INFO - 
--------------------------------------------------------------------------------
[2022-08-06 22:25:00,772] {taskinstance.py:1377} INFO - Starting attempt 1 of 6
[2022-08-06 22:25:00,772] {taskinstance.py:1378} INFO - 
--------------------------------------------------------------------------------
[2022-08-06 22:25:00,789] {taskinstance.py:1397} INFO - Executing <Task(BashOperator): first_task> on 2022-07-03 00:00:00+00:00
[2022-08-06 22:25:00,797] {standard_task_runner.py:52} INFO - Started process 3310 to run task
[2022-08-06 22:25:00,800] {standard_task_runner.py:79} INFO - Running: ['***', 'tasks', 'run', 'our_first_dag_v5', 'first_task', 'scheduled__2022-07-03T00:00:00+00:00', '--job-id', '1014', '--raw', '--subdir', 'DAGS_FOLDER/pipeline.py', '--cfg-path', '/tmp/tmpjytz_yqk', '--error-file', '/tmp/tmpk9kigl9s']
[2022-08-06 22:25:00,800] {standard_task_runner.py:80} INFO - Job 1014: Subtask first_task
[2022-08-06 22:25:00,883] {task_command.py:371} INFO - Running <TaskInstance: our_first_dag_v5.first_task scheduled__2022-07-03T00:00:00+00:00 [running]> on host b215076695c3
[2022-08-06 22:25:00,977] {taskinstance.py:1591} INFO - Exporting the following env vars:
AIRFLOW_CTX_DAG_OWNER=coder2j
AIRFLOW_CTX_DAG_ID=our_first_dag_v5
AIRFLOW_CTX_TASK_ID=first_task
AIRFLOW_CTX_EXECUTION_DATE=2022-07-03T00:00:00+00:00
AIRFLOW_CTX_TRY_NUMBER=1
AIRFLOW_CTX_DAG_RUN_ID=scheduled__2022-07-03T00:00:00+00:00
[2022-08-06 22:25:00,978] {subprocess.py:62} INFO - Tmp dir root location: 
 /tmp
[2022-08-06 22:25:00,979] {subprocess.py:74} INFO - Running command: ['bash', '-c', 'echo hello world, this is the first task!']
[2022-08-06 22:25:00,991] {subprocess.py:85} INFO - Output:
[2022-08-06 22:25:00,993] {subprocess.py:92} INFO - hello world, this is the first task!
[2022-08-06 22:25:00,993] {subprocess.py:96} INFO - Command exited with return code 0
[2022-08-06 22:25:01,024] {taskinstance.py:1420} INFO - Marking task as SUCCESS. dag_id=our_first_dag_v5, task_id=first_task, execution_date=20220703T000000, start_date=20220806T222500, end_date=20220806T222501
[2022-08-06 22:25:01,051] {local_task_job.py:156} INFO - Task exited with return code 0
[2022-08-06 22:25:01,100] {local_task_job.py:273} INFO - 2 downstream tasks scheduled from follow-on schedule check
