[2022-08-06 19:36:36,483] {taskinstance.py:1179} INFO - Dependencies all met for <TaskInstance: our_first_dag_v5.thrid_task scheduled__2021-09-28T00:00:00+00:00 [queued]>
[2022-08-06 19:36:36,499] {taskinstance.py:1179} INFO - Dependencies all met for <TaskInstance: our_first_dag_v5.thrid_task scheduled__2021-09-28T00:00:00+00:00 [queued]>
[2022-08-06 19:36:36,499] {taskinstance.py:1376} INFO - 
--------------------------------------------------------------------------------
[2022-08-06 19:36:36,499] {taskinstance.py:1377} INFO - Starting attempt 1 of 6
[2022-08-06 19:36:36,499] {taskinstance.py:1378} INFO - 
--------------------------------------------------------------------------------
[2022-08-06 19:36:36,520] {taskinstance.py:1397} INFO - Executing <Task(BashOperator): thrid_task> on 2021-09-28 00:00:00+00:00
[2022-08-06 19:36:36,527] {standard_task_runner.py:52} INFO - Started process 670 to run task
[2022-08-06 19:36:36,530] {standard_task_runner.py:79} INFO - Running: ['***', 'tasks', 'run', 'our_first_dag_v5', 'thrid_task', 'scheduled__2021-09-28T00:00:00+00:00', '--job-id', '186', '--raw', '--subdir', 'DAGS_FOLDER/pipeline.py', '--cfg-path', '/tmp/tmprcxttsd5', '--error-file', '/tmp/tmp8x0pa5_6']
[2022-08-06 19:36:36,531] {standard_task_runner.py:80} INFO - Job 186: Subtask thrid_task
[2022-08-06 19:36:36,641] {task_command.py:371} INFO - Running <TaskInstance: our_first_dag_v5.thrid_task scheduled__2021-09-28T00:00:00+00:00 [running]> on host b29c168c1666
[2022-08-06 19:36:36,772] {taskinstance.py:1591} INFO - Exporting the following env vars:
AIRFLOW_CTX_DAG_OWNER=coder2j
AIRFLOW_CTX_DAG_ID=our_first_dag_v5
AIRFLOW_CTX_TASK_ID=thrid_task
AIRFLOW_CTX_EXECUTION_DATE=2021-09-28T00:00:00+00:00
AIRFLOW_CTX_TRY_NUMBER=1
AIRFLOW_CTX_DAG_RUN_ID=scheduled__2021-09-28T00:00:00+00:00
[2022-08-06 19:36:36,773] {subprocess.py:62} INFO - Tmp dir root location: 
 /tmp
[2022-08-06 19:36:36,774] {subprocess.py:74} INFO - Running command: ['bash', '-c', 'echo hey, I am task3 and will be running after task1 at the same time as task2!']
[2022-08-06 19:36:36,787] {subprocess.py:85} INFO - Output:
[2022-08-06 19:36:36,789] {subprocess.py:92} INFO - hey, I am task3 and will be running after task1 at the same time as task2!
[2022-08-06 19:36:36,789] {subprocess.py:96} INFO - Command exited with return code 0
[2022-08-06 19:36:36,824] {taskinstance.py:1420} INFO - Marking task as SUCCESS. dag_id=our_first_dag_v5, task_id=thrid_task, execution_date=20210928T000000, start_date=20220806T193636, end_date=20220806T193636
[2022-08-06 19:36:36,864] {local_task_job.py:156} INFO - Task exited with return code 0
[2022-08-06 19:36:36,902] {local_task_job.py:273} INFO - 0 downstream tasks scheduled from follow-on schedule check
[2022-08-06 21:50:29,677] {taskinstance.py:1179} INFO - Dependencies all met for <TaskInstance: our_first_dag_v5.thrid_task scheduled__2021-09-28T00:00:00+00:00 [queued]>
[2022-08-06 21:50:29,697] {taskinstance.py:1179} INFO - Dependencies all met for <TaskInstance: our_first_dag_v5.thrid_task scheduled__2021-09-28T00:00:00+00:00 [queued]>
[2022-08-06 21:50:29,698] {taskinstance.py:1376} INFO - 
--------------------------------------------------------------------------------
[2022-08-06 21:50:29,698] {taskinstance.py:1377} INFO - Starting attempt 1 of 6
[2022-08-06 21:50:29,698] {taskinstance.py:1378} INFO - 
--------------------------------------------------------------------------------
[2022-08-06 21:50:29,718] {taskinstance.py:1397} INFO - Executing <Task(BashOperator): thrid_task> on 2021-09-28 00:00:00+00:00
[2022-08-06 21:50:29,726] {standard_task_runner.py:52} INFO - Started process 864 to run task
[2022-08-06 21:50:29,730] {standard_task_runner.py:79} INFO - Running: ['***', 'tasks', 'run', 'our_first_dag_v5', 'thrid_task', 'scheduled__2021-09-28T00:00:00+00:00', '--job-id', '187', '--raw', '--subdir', 'DAGS_FOLDER/pipeline.py', '--cfg-path', '/tmp/tmp4i2oe44m', '--error-file', '/tmp/tmpiltspo7u']
[2022-08-06 21:50:29,731] {standard_task_runner.py:80} INFO - Job 187: Subtask thrid_task
[2022-08-06 21:50:29,811] {task_command.py:371} INFO - Running <TaskInstance: our_first_dag_v5.thrid_task scheduled__2021-09-28T00:00:00+00:00 [running]> on host c3f731879890
[2022-08-06 21:50:29,906] {taskinstance.py:1591} INFO - Exporting the following env vars:
AIRFLOW_CTX_DAG_OWNER=coder2j
AIRFLOW_CTX_DAG_ID=our_first_dag_v5
AIRFLOW_CTX_TASK_ID=thrid_task
AIRFLOW_CTX_EXECUTION_DATE=2021-09-28T00:00:00+00:00
AIRFLOW_CTX_TRY_NUMBER=1
AIRFLOW_CTX_DAG_RUN_ID=scheduled__2021-09-28T00:00:00+00:00
[2022-08-06 21:50:29,907] {subprocess.py:62} INFO - Tmp dir root location: 
 /tmp
[2022-08-06 21:50:29,907] {subprocess.py:74} INFO - Running command: ['bash', '-c', 'echo hey, I am task3 and will be running after task1 at the same time as task2!']
[2022-08-06 21:50:29,920] {subprocess.py:85} INFO - Output:
[2022-08-06 21:50:29,922] {subprocess.py:92} INFO - hey, I am task3 and will be running after task1 at the same time as task2!
[2022-08-06 21:50:29,922] {subprocess.py:96} INFO - Command exited with return code 0
[2022-08-06 21:50:29,955] {taskinstance.py:1420} INFO - Marking task as SUCCESS. dag_id=our_first_dag_v5, task_id=thrid_task, execution_date=20210928T000000, start_date=20220806T215029, end_date=20220806T215029
[2022-08-06 21:50:29,982] {local_task_job.py:156} INFO - Task exited with return code 0
[2022-08-06 21:50:30,022] {local_task_job.py:273} INFO - 0 downstream tasks scheduled from follow-on schedule check
[2022-08-06 21:55:58,903] {taskinstance.py:1179} INFO - Dependencies all met for <TaskInstance: our_first_dag_v5.thrid_task scheduled__2021-09-28T00:00:00+00:00 [queued]>
[2022-08-06 21:55:58,918] {taskinstance.py:1179} INFO - Dependencies all met for <TaskInstance: our_first_dag_v5.thrid_task scheduled__2021-09-28T00:00:00+00:00 [queued]>
[2022-08-06 21:55:58,918] {taskinstance.py:1376} INFO - 
--------------------------------------------------------------------------------
[2022-08-06 21:55:58,918] {taskinstance.py:1377} INFO - Starting attempt 1 of 6
[2022-08-06 21:55:58,918] {taskinstance.py:1378} INFO - 
--------------------------------------------------------------------------------
[2022-08-06 21:55:58,934] {taskinstance.py:1397} INFO - Executing <Task(BashOperator): thrid_task> on 2021-09-28 00:00:00+00:00
[2022-08-06 21:55:58,940] {standard_task_runner.py:52} INFO - Started process 657 to run task
[2022-08-06 21:55:58,943] {standard_task_runner.py:79} INFO - Running: ['***', 'tasks', 'run', 'our_first_dag_v5', 'thrid_task', 'scheduled__2021-09-28T00:00:00+00:00', '--job-id', '184', '--raw', '--subdir', 'DAGS_FOLDER/pipeline.py', '--cfg-path', '/tmp/tmp0p9sfgn8', '--error-file', '/tmp/tmp2jatacg0']
[2022-08-06 21:55:58,944] {standard_task_runner.py:80} INFO - Job 184: Subtask thrid_task
[2022-08-06 21:55:59,029] {task_command.py:371} INFO - Running <TaskInstance: our_first_dag_v5.thrid_task scheduled__2021-09-28T00:00:00+00:00 [running]> on host bc7e154a4fdd
[2022-08-06 21:55:59,141] {taskinstance.py:1591} INFO - Exporting the following env vars:
AIRFLOW_CTX_DAG_OWNER=coder2j
AIRFLOW_CTX_DAG_ID=our_first_dag_v5
AIRFLOW_CTX_TASK_ID=thrid_task
AIRFLOW_CTX_EXECUTION_DATE=2021-09-28T00:00:00+00:00
AIRFLOW_CTX_TRY_NUMBER=1
AIRFLOW_CTX_DAG_RUN_ID=scheduled__2021-09-28T00:00:00+00:00
[2022-08-06 21:55:59,142] {subprocess.py:62} INFO - Tmp dir root location: 
 /tmp
[2022-08-06 21:55:59,143] {subprocess.py:74} INFO - Running command: ['bash', '-c', 'echo hey, I am task3 and will be running after task1 at the same time as task2!']
[2022-08-06 21:55:59,158] {subprocess.py:85} INFO - Output:
[2022-08-06 21:55:59,160] {subprocess.py:92} INFO - hey, I am task3 and will be running after task1 at the same time as task2!
[2022-08-06 21:55:59,160] {subprocess.py:96} INFO - Command exited with return code 0
[2022-08-06 21:55:59,244] {taskinstance.py:1420} INFO - Marking task as SUCCESS. dag_id=our_first_dag_v5, task_id=thrid_task, execution_date=20210928T000000, start_date=20220806T215558, end_date=20220806T215559
[2022-08-06 21:55:59,275] {local_task_job.py:156} INFO - Task exited with return code 0
[2022-08-06 21:55:59,347] {local_task_job.py:273} INFO - 0 downstream tasks scheduled from follow-on schedule check
[2022-08-06 22:11:00,698] {taskinstance.py:1179} INFO - Dependencies all met for <TaskInstance: our_first_dag_v5.thrid_task scheduled__2021-09-28T00:00:00+00:00 [queued]>
[2022-08-06 22:11:00,711] {taskinstance.py:1179} INFO - Dependencies all met for <TaskInstance: our_first_dag_v5.thrid_task scheduled__2021-09-28T00:00:00+00:00 [queued]>
[2022-08-06 22:11:00,711] {taskinstance.py:1376} INFO - 
--------------------------------------------------------------------------------
[2022-08-06 22:11:00,711] {taskinstance.py:1377} INFO - Starting attempt 1 of 6
[2022-08-06 22:11:00,711] {taskinstance.py:1378} INFO - 
--------------------------------------------------------------------------------
[2022-08-06 22:11:00,727] {taskinstance.py:1397} INFO - Executing <Task(BashOperator): thrid_task> on 2021-09-28 00:00:00+00:00
[2022-08-06 22:11:00,734] {standard_task_runner.py:52} INFO - Started process 655 to run task
[2022-08-06 22:11:00,737] {standard_task_runner.py:79} INFO - Running: ['***', 'tasks', 'run', 'our_first_dag_v5', 'thrid_task', 'scheduled__2021-09-28T00:00:00+00:00', '--job-id', '186', '--raw', '--subdir', 'DAGS_FOLDER/pipeline.py', '--cfg-path', '/tmp/tmpf4ng1s2o', '--error-file', '/tmp/tmpfr6ggmrg']
[2022-08-06 22:11:00,738] {standard_task_runner.py:80} INFO - Job 186: Subtask thrid_task
[2022-08-06 22:11:00,816] {task_command.py:371} INFO - Running <TaskInstance: our_first_dag_v5.thrid_task scheduled__2021-09-28T00:00:00+00:00 [running]> on host 1250c3b659cd
[2022-08-06 22:11:00,924] {taskinstance.py:1591} INFO - Exporting the following env vars:
AIRFLOW_CTX_DAG_OWNER=coder2j
AIRFLOW_CTX_DAG_ID=our_first_dag_v5
AIRFLOW_CTX_TASK_ID=thrid_task
AIRFLOW_CTX_EXECUTION_DATE=2021-09-28T00:00:00+00:00
AIRFLOW_CTX_TRY_NUMBER=1
AIRFLOW_CTX_DAG_RUN_ID=scheduled__2021-09-28T00:00:00+00:00
[2022-08-06 22:11:00,924] {subprocess.py:62} INFO - Tmp dir root location: 
 /tmp
[2022-08-06 22:11:00,925] {subprocess.py:74} INFO - Running command: ['bash', '-c', 'echo hey, I am task3 and will be running after task1 at the same time as task2!']
[2022-08-06 22:11:00,939] {subprocess.py:85} INFO - Output:
[2022-08-06 22:11:00,941] {subprocess.py:92} INFO - hey, I am task3 and will be running after task1 at the same time as task2!
[2022-08-06 22:11:00,941] {subprocess.py:96} INFO - Command exited with return code 0
[2022-08-06 22:11:00,983] {taskinstance.py:1420} INFO - Marking task as SUCCESS. dag_id=our_first_dag_v5, task_id=thrid_task, execution_date=20210928T000000, start_date=20220806T221100, end_date=20220806T221100
[2022-08-06 22:11:01,028] {local_task_job.py:156} INFO - Task exited with return code 0
[2022-08-06 22:11:01,070] {local_task_job.py:273} INFO - 0 downstream tasks scheduled from follow-on schedule check
[2022-08-06 22:18:46,459] {taskinstance.py:1179} INFO - Dependencies all met for <TaskInstance: our_first_dag_v5.thrid_task scheduled__2021-09-28T00:00:00+00:00 [queued]>
[2022-08-06 22:18:46,473] {taskinstance.py:1179} INFO - Dependencies all met for <TaskInstance: our_first_dag_v5.thrid_task scheduled__2021-09-28T00:00:00+00:00 [queued]>
[2022-08-06 22:18:46,473] {taskinstance.py:1376} INFO - 
--------------------------------------------------------------------------------
[2022-08-06 22:18:46,473] {taskinstance.py:1377} INFO - Starting attempt 1 of 6
[2022-08-06 22:18:46,473] {taskinstance.py:1378} INFO - 
--------------------------------------------------------------------------------
[2022-08-06 22:18:46,491] {taskinstance.py:1397} INFO - Executing <Task(BashOperator): thrid_task> on 2021-09-28 00:00:00+00:00
[2022-08-06 22:18:46,498] {standard_task_runner.py:52} INFO - Started process 681 to run task
[2022-08-06 22:18:46,500] {standard_task_runner.py:79} INFO - Running: ['***', 'tasks', 'run', 'our_first_dag_v5', 'thrid_task', 'scheduled__2021-09-28T00:00:00+00:00', '--job-id', '187', '--raw', '--subdir', 'DAGS_FOLDER/pipeline.py', '--cfg-path', '/tmp/tmpvz9wafaa', '--error-file', '/tmp/tmpco11a782']
[2022-08-06 22:18:46,500] {standard_task_runner.py:80} INFO - Job 187: Subtask thrid_task
[2022-08-06 22:18:46,567] {task_command.py:371} INFO - Running <TaskInstance: our_first_dag_v5.thrid_task scheduled__2021-09-28T00:00:00+00:00 [running]> on host ed53bde1c44a
[2022-08-06 22:18:46,659] {taskinstance.py:1591} INFO - Exporting the following env vars:
AIRFLOW_CTX_DAG_OWNER=coder2j
AIRFLOW_CTX_DAG_ID=our_first_dag_v5
AIRFLOW_CTX_TASK_ID=thrid_task
AIRFLOW_CTX_EXECUTION_DATE=2021-09-28T00:00:00+00:00
AIRFLOW_CTX_TRY_NUMBER=1
AIRFLOW_CTX_DAG_RUN_ID=scheduled__2021-09-28T00:00:00+00:00
[2022-08-06 22:18:46,660] {subprocess.py:62} INFO - Tmp dir root location: 
 /tmp
[2022-08-06 22:18:46,661] {subprocess.py:74} INFO - Running command: ['bash', '-c', 'echo hey, I am task3 and will be running after task1 at the same time as task2!']
[2022-08-06 22:18:46,679] {subprocess.py:85} INFO - Output:
[2022-08-06 22:18:46,681] {subprocess.py:92} INFO - hey, I am task3 and will be running after task1 at the same time as task2!
[2022-08-06 22:18:46,681] {subprocess.py:96} INFO - Command exited with return code 0
[2022-08-06 22:18:46,712] {taskinstance.py:1420} INFO - Marking task as SUCCESS. dag_id=our_first_dag_v5, task_id=thrid_task, execution_date=20210928T000000, start_date=20220806T221846, end_date=20220806T221846
[2022-08-06 22:18:46,752] {local_task_job.py:156} INFO - Task exited with return code 0
[2022-08-06 22:18:46,788] {local_task_job.py:273} INFO - 0 downstream tasks scheduled from follow-on schedule check
[2022-08-06 22:22:22,048] {taskinstance.py:1179} INFO - Dependencies all met for <TaskInstance: our_first_dag_v5.thrid_task scheduled__2021-09-28T00:00:00+00:00 [queued]>
[2022-08-06 22:22:22,062] {taskinstance.py:1179} INFO - Dependencies all met for <TaskInstance: our_first_dag_v5.thrid_task scheduled__2021-09-28T00:00:00+00:00 [queued]>
[2022-08-06 22:22:22,062] {taskinstance.py:1376} INFO - 
--------------------------------------------------------------------------------
[2022-08-06 22:22:22,062] {taskinstance.py:1377} INFO - Starting attempt 1 of 6
[2022-08-06 22:22:22,062] {taskinstance.py:1378} INFO - 
--------------------------------------------------------------------------------
[2022-08-06 22:22:22,080] {taskinstance.py:1397} INFO - Executing <Task(BashOperator): thrid_task> on 2021-09-28 00:00:00+00:00
[2022-08-06 22:22:22,087] {standard_task_runner.py:52} INFO - Started process 717 to run task
[2022-08-06 22:22:22,090] {standard_task_runner.py:79} INFO - Running: ['***', 'tasks', 'run', 'our_first_dag_v5', 'thrid_task', 'scheduled__2021-09-28T00:00:00+00:00', '--job-id', '187', '--raw', '--subdir', 'DAGS_FOLDER/pipeline.py', '--cfg-path', '/tmp/tmpv3ec9gb7', '--error-file', '/tmp/tmpvmsp_xl1']
[2022-08-06 22:22:22,090] {standard_task_runner.py:80} INFO - Job 187: Subtask thrid_task
[2022-08-06 22:22:22,169] {task_command.py:371} INFO - Running <TaskInstance: our_first_dag_v5.thrid_task scheduled__2021-09-28T00:00:00+00:00 [running]> on host b215076695c3
[2022-08-06 22:22:22,276] {taskinstance.py:1591} INFO - Exporting the following env vars:
AIRFLOW_CTX_DAG_OWNER=coder2j
AIRFLOW_CTX_DAG_ID=our_first_dag_v5
AIRFLOW_CTX_TASK_ID=thrid_task
AIRFLOW_CTX_EXECUTION_DATE=2021-09-28T00:00:00+00:00
AIRFLOW_CTX_TRY_NUMBER=1
AIRFLOW_CTX_DAG_RUN_ID=scheduled__2021-09-28T00:00:00+00:00
[2022-08-06 22:22:22,279] {subprocess.py:62} INFO - Tmp dir root location: 
 /tmp
[2022-08-06 22:22:22,280] {subprocess.py:74} INFO - Running command: ['bash', '-c', 'echo hey, I am task3 and will be running after task1 at the same time as task2!']
[2022-08-06 22:22:22,294] {subprocess.py:85} INFO - Output:
[2022-08-06 22:22:22,295] {subprocess.py:92} INFO - hey, I am task3 and will be running after task1 at the same time as task2!
[2022-08-06 22:22:22,295] {subprocess.py:96} INFO - Command exited with return code 0
[2022-08-06 22:22:22,374] {taskinstance.py:1420} INFO - Marking task as SUCCESS. dag_id=our_first_dag_v5, task_id=thrid_task, execution_date=20210928T000000, start_date=20220806T222222, end_date=20220806T222222
[2022-08-06 22:22:22,422] {local_task_job.py:156} INFO - Task exited with return code 0
[2022-08-06 22:22:22,457] {local_task_job.py:273} INFO - 0 downstream tasks scheduled from follow-on schedule check
