[2022-08-06 19:36:05,641] {taskinstance.py:1179} INFO - Dependencies all met for <TaskInstance: our_first_dag_v5.second_task scheduled__2021-08-08T00:00:00+00:00 [queued]>
[2022-08-06 19:36:05,656] {taskinstance.py:1179} INFO - Dependencies all met for <TaskInstance: our_first_dag_v5.second_task scheduled__2021-08-08T00:00:00+00:00 [queued]>
[2022-08-06 19:36:05,656] {taskinstance.py:1376} INFO - 
--------------------------------------------------------------------------------
[2022-08-06 19:36:05,656] {taskinstance.py:1377} INFO - Starting attempt 1 of 6
[2022-08-06 19:36:05,656] {taskinstance.py:1378} INFO - 
--------------------------------------------------------------------------------
[2022-08-06 19:36:05,677] {taskinstance.py:1397} INFO - Executing <Task(BashOperator): second_task> on 2021-08-08 00:00:00+00:00
[2022-08-06 19:36:05,683] {standard_task_runner.py:52} INFO - Started process 189 to run task
[2022-08-06 19:36:05,686] {standard_task_runner.py:79} INFO - Running: ['***', 'tasks', 'run', 'our_first_dag_v5', 'second_task', 'scheduled__2021-08-08T00:00:00+00:00', '--job-id', '33', '--raw', '--subdir', 'DAGS_FOLDER/pipeline.py', '--cfg-path', '/tmp/tmphvxv39e3', '--error-file', '/tmp/tmpxw1o4pfr']
[2022-08-06 19:36:05,686] {standard_task_runner.py:80} INFO - Job 33: Subtask second_task
[2022-08-06 19:36:05,751] {task_command.py:371} INFO - Running <TaskInstance: our_first_dag_v5.second_task scheduled__2021-08-08T00:00:00+00:00 [running]> on host b29c168c1666
[2022-08-06 19:36:05,865] {taskinstance.py:1591} INFO - Exporting the following env vars:
AIRFLOW_CTX_DAG_OWNER=coder2j
AIRFLOW_CTX_DAG_ID=our_first_dag_v5
AIRFLOW_CTX_TASK_ID=second_task
AIRFLOW_CTX_EXECUTION_DATE=2021-08-08T00:00:00+00:00
AIRFLOW_CTX_TRY_NUMBER=1
AIRFLOW_CTX_DAG_RUN_ID=scheduled__2021-08-08T00:00:00+00:00
[2022-08-06 19:36:05,866] {subprocess.py:62} INFO - Tmp dir root location: 
 /tmp
[2022-08-06 19:36:05,866] {subprocess.py:74} INFO - Running command: ['bash', '-c', 'echo hey, I am task2 and will be running after task1!']
[2022-08-06 19:36:05,883] {subprocess.py:85} INFO - Output:
[2022-08-06 19:36:05,885] {subprocess.py:92} INFO - hey, I am task2 and will be running after task1!
[2022-08-06 19:36:05,886] {subprocess.py:96} INFO - Command exited with return code 0
[2022-08-06 19:36:05,927] {taskinstance.py:1420} INFO - Marking task as SUCCESS. dag_id=our_first_dag_v5, task_id=second_task, execution_date=20210808T000000, start_date=20220806T193605, end_date=20220806T193605
[2022-08-06 19:36:05,978] {local_task_job.py:156} INFO - Task exited with return code 0
[2022-08-06 19:36:06,043] {local_task_job.py:273} INFO - 0 downstream tasks scheduled from follow-on schedule check
[2022-08-06 21:50:01,843] {taskinstance.py:1179} INFO - Dependencies all met for <TaskInstance: our_first_dag_v5.second_task scheduled__2021-08-08T00:00:00+00:00 [queued]>
[2022-08-06 21:50:01,864] {taskinstance.py:1179} INFO - Dependencies all met for <TaskInstance: our_first_dag_v5.second_task scheduled__2021-08-08T00:00:00+00:00 [queued]>
[2022-08-06 21:50:01,865] {taskinstance.py:1376} INFO - 
--------------------------------------------------------------------------------
[2022-08-06 21:50:01,865] {taskinstance.py:1377} INFO - Starting attempt 1 of 6
[2022-08-06 21:50:01,865] {taskinstance.py:1378} INFO - 
--------------------------------------------------------------------------------
[2022-08-06 21:50:01,890] {taskinstance.py:1397} INFO - Executing <Task(BashOperator): second_task> on 2021-08-08 00:00:00+00:00
[2022-08-06 21:50:01,897] {standard_task_runner.py:52} INFO - Started process 383 to run task
[2022-08-06 21:50:01,901] {standard_task_runner.py:79} INFO - Running: ['***', 'tasks', 'run', 'our_first_dag_v5', 'second_task', 'scheduled__2021-08-08T00:00:00+00:00', '--job-id', '36', '--raw', '--subdir', 'DAGS_FOLDER/pipeline.py', '--cfg-path', '/tmp/tmp1tzlfq3a', '--error-file', '/tmp/tmpb7ac23wa']
[2022-08-06 21:50:01,901] {standard_task_runner.py:80} INFO - Job 36: Subtask second_task
[2022-08-06 21:50:01,983] {task_command.py:371} INFO - Running <TaskInstance: our_first_dag_v5.second_task scheduled__2021-08-08T00:00:00+00:00 [running]> on host c3f731879890
[2022-08-06 21:50:02,084] {taskinstance.py:1591} INFO - Exporting the following env vars:
AIRFLOW_CTX_DAG_OWNER=coder2j
AIRFLOW_CTX_DAG_ID=our_first_dag_v5
AIRFLOW_CTX_TASK_ID=second_task
AIRFLOW_CTX_EXECUTION_DATE=2021-08-08T00:00:00+00:00
AIRFLOW_CTX_TRY_NUMBER=1
AIRFLOW_CTX_DAG_RUN_ID=scheduled__2021-08-08T00:00:00+00:00
[2022-08-06 21:50:02,085] {subprocess.py:62} INFO - Tmp dir root location: 
 /tmp
[2022-08-06 21:50:02,085] {subprocess.py:74} INFO - Running command: ['bash', '-c', 'echo hey, I am task2 and will be running after task1!']
[2022-08-06 21:50:02,131] {subprocess.py:85} INFO - Output:
[2022-08-06 21:50:02,133] {subprocess.py:92} INFO - hey, I am task2 and will be running after task1!
[2022-08-06 21:50:02,134] {subprocess.py:96} INFO - Command exited with return code 0
[2022-08-06 21:50:02,180] {taskinstance.py:1420} INFO - Marking task as SUCCESS. dag_id=our_first_dag_v5, task_id=second_task, execution_date=20210808T000000, start_date=20220806T215001, end_date=20220806T215002
[2022-08-06 21:50:02,235] {local_task_job.py:156} INFO - Task exited with return code 0
[2022-08-06 21:50:02,282] {local_task_job.py:273} INFO - 0 downstream tasks scheduled from follow-on schedule check
[2022-08-06 21:55:32,823] {taskinstance.py:1179} INFO - Dependencies all met for <TaskInstance: our_first_dag_v5.second_task scheduled__2021-08-08T00:00:00+00:00 [queued]>
[2022-08-06 21:55:32,837] {taskinstance.py:1179} INFO - Dependencies all met for <TaskInstance: our_first_dag_v5.second_task scheduled__2021-08-08T00:00:00+00:00 [queued]>
[2022-08-06 21:55:32,837] {taskinstance.py:1376} INFO - 
--------------------------------------------------------------------------------
[2022-08-06 21:55:32,837] {taskinstance.py:1377} INFO - Starting attempt 1 of 6
[2022-08-06 21:55:32,837] {taskinstance.py:1378} INFO - 
--------------------------------------------------------------------------------
[2022-08-06 21:55:32,854] {taskinstance.py:1397} INFO - Executing <Task(BashOperator): second_task> on 2021-08-08 00:00:00+00:00
[2022-08-06 21:55:32,860] {standard_task_runner.py:52} INFO - Started process 192 to run task
[2022-08-06 21:55:32,864] {standard_task_runner.py:79} INFO - Running: ['***', 'tasks', 'run', 'our_first_dag_v5', 'second_task', 'scheduled__2021-08-08T00:00:00+00:00', '--job-id', '36', '--raw', '--subdir', 'DAGS_FOLDER/pipeline.py', '--cfg-path', '/tmp/tmpm_t4esl9', '--error-file', '/tmp/tmpl3xswrfr']
[2022-08-06 21:55:32,865] {standard_task_runner.py:80} INFO - Job 36: Subtask second_task
[2022-08-06 21:55:32,957] {task_command.py:371} INFO - Running <TaskInstance: our_first_dag_v5.second_task scheduled__2021-08-08T00:00:00+00:00 [running]> on host bc7e154a4fdd
[2022-08-06 21:55:33,084] {taskinstance.py:1591} INFO - Exporting the following env vars:
AIRFLOW_CTX_DAG_OWNER=coder2j
AIRFLOW_CTX_DAG_ID=our_first_dag_v5
AIRFLOW_CTX_TASK_ID=second_task
AIRFLOW_CTX_EXECUTION_DATE=2021-08-08T00:00:00+00:00
AIRFLOW_CTX_TRY_NUMBER=1
AIRFLOW_CTX_DAG_RUN_ID=scheduled__2021-08-08T00:00:00+00:00
[2022-08-06 21:55:33,089] {subprocess.py:62} INFO - Tmp dir root location: 
 /tmp
[2022-08-06 21:55:33,090] {subprocess.py:74} INFO - Running command: ['bash', '-c', 'echo hey, I am task2 and will be running after task1!']
[2022-08-06 21:55:33,108] {subprocess.py:85} INFO - Output:
[2022-08-06 21:55:33,110] {subprocess.py:92} INFO - hey, I am task2 and will be running after task1!
[2022-08-06 21:55:33,111] {subprocess.py:96} INFO - Command exited with return code 0
[2022-08-06 21:55:33,151] {taskinstance.py:1420} INFO - Marking task as SUCCESS. dag_id=our_first_dag_v5, task_id=second_task, execution_date=20210808T000000, start_date=20220806T215532, end_date=20220806T215533
[2022-08-06 21:55:33,196] {local_task_job.py:156} INFO - Task exited with return code 0
[2022-08-06 21:55:33,243] {local_task_job.py:273} INFO - 0 downstream tasks scheduled from follow-on schedule check
[2022-08-06 22:10:31,516] {taskinstance.py:1179} INFO - Dependencies all met for <TaskInstance: our_first_dag_v5.second_task scheduled__2021-08-08T00:00:00+00:00 [queued]>
[2022-08-06 22:10:31,528] {taskinstance.py:1179} INFO - Dependencies all met for <TaskInstance: our_first_dag_v5.second_task scheduled__2021-08-08T00:00:00+00:00 [queued]>
[2022-08-06 22:10:31,528] {taskinstance.py:1376} INFO - 
--------------------------------------------------------------------------------
[2022-08-06 22:10:31,528] {taskinstance.py:1377} INFO - Starting attempt 1 of 6
[2022-08-06 22:10:31,528] {taskinstance.py:1378} INFO - 
--------------------------------------------------------------------------------
[2022-08-06 22:10:31,545] {taskinstance.py:1397} INFO - Executing <Task(BashOperator): second_task> on 2021-08-08 00:00:00+00:00
[2022-08-06 22:10:31,552] {standard_task_runner.py:52} INFO - Started process 187 to run task
[2022-08-06 22:10:31,555] {standard_task_runner.py:79} INFO - Running: ['***', 'tasks', 'run', 'our_first_dag_v5', 'second_task', 'scheduled__2021-08-08T00:00:00+00:00', '--job-id', '34', '--raw', '--subdir', 'DAGS_FOLDER/pipeline.py', '--cfg-path', '/tmp/tmpx0w98fqp', '--error-file', '/tmp/tmp73pyzjr9']
[2022-08-06 22:10:31,556] {standard_task_runner.py:80} INFO - Job 34: Subtask second_task
[2022-08-06 22:10:31,625] {task_command.py:371} INFO - Running <TaskInstance: our_first_dag_v5.second_task scheduled__2021-08-08T00:00:00+00:00 [running]> on host 1250c3b659cd
[2022-08-06 22:10:31,722] {taskinstance.py:1591} INFO - Exporting the following env vars:
AIRFLOW_CTX_DAG_OWNER=coder2j
AIRFLOW_CTX_DAG_ID=our_first_dag_v5
AIRFLOW_CTX_TASK_ID=second_task
AIRFLOW_CTX_EXECUTION_DATE=2021-08-08T00:00:00+00:00
AIRFLOW_CTX_TRY_NUMBER=1
AIRFLOW_CTX_DAG_RUN_ID=scheduled__2021-08-08T00:00:00+00:00
[2022-08-06 22:10:31,723] {subprocess.py:62} INFO - Tmp dir root location: 
 /tmp
[2022-08-06 22:10:31,724] {subprocess.py:74} INFO - Running command: ['bash', '-c', 'echo hey, I am task2 and will be running after task1!']
[2022-08-06 22:10:31,738] {subprocess.py:85} INFO - Output:
[2022-08-06 22:10:31,740] {subprocess.py:92} INFO - hey, I am task2 and will be running after task1!
[2022-08-06 22:10:31,740] {subprocess.py:96} INFO - Command exited with return code 0
[2022-08-06 22:10:31,772] {taskinstance.py:1420} INFO - Marking task as SUCCESS. dag_id=our_first_dag_v5, task_id=second_task, execution_date=20210808T000000, start_date=20220806T221031, end_date=20220806T221031
[2022-08-06 22:10:31,807] {local_task_job.py:156} INFO - Task exited with return code 0
[2022-08-06 22:10:31,901] {local_task_job.py:273} INFO - 0 downstream tasks scheduled from follow-on schedule check
[2022-08-06 22:18:18,668] {taskinstance.py:1179} INFO - Dependencies all met for <TaskInstance: our_first_dag_v5.second_task scheduled__2021-08-08T00:00:00+00:00 [queued]>
[2022-08-06 22:18:18,681] {taskinstance.py:1179} INFO - Dependencies all met for <TaskInstance: our_first_dag_v5.second_task scheduled__2021-08-08T00:00:00+00:00 [queued]>
[2022-08-06 22:18:18,681] {taskinstance.py:1376} INFO - 
--------------------------------------------------------------------------------
[2022-08-06 22:18:18,681] {taskinstance.py:1377} INFO - Starting attempt 1 of 6
[2022-08-06 22:18:18,682] {taskinstance.py:1378} INFO - 
--------------------------------------------------------------------------------
[2022-08-06 22:18:18,697] {taskinstance.py:1397} INFO - Executing <Task(BashOperator): second_task> on 2021-08-08 00:00:00+00:00
[2022-08-06 22:18:18,704] {standard_task_runner.py:52} INFO - Started process 189 to run task
[2022-08-06 22:18:18,706] {standard_task_runner.py:79} INFO - Running: ['***', 'tasks', 'run', 'our_first_dag_v5', 'second_task', 'scheduled__2021-08-08T00:00:00+00:00', '--job-id', '32', '--raw', '--subdir', 'DAGS_FOLDER/pipeline.py', '--cfg-path', '/tmp/tmp982rihvk', '--error-file', '/tmp/tmpnzlnr1yf']
[2022-08-06 22:18:18,707] {standard_task_runner.py:80} INFO - Job 32: Subtask second_task
[2022-08-06 22:18:18,766] {task_command.py:371} INFO - Running <TaskInstance: our_first_dag_v5.second_task scheduled__2021-08-08T00:00:00+00:00 [running]> on host ed53bde1c44a
[2022-08-06 22:18:18,886] {taskinstance.py:1591} INFO - Exporting the following env vars:
AIRFLOW_CTX_DAG_OWNER=coder2j
AIRFLOW_CTX_DAG_ID=our_first_dag_v5
AIRFLOW_CTX_TASK_ID=second_task
AIRFLOW_CTX_EXECUTION_DATE=2021-08-08T00:00:00+00:00
AIRFLOW_CTX_TRY_NUMBER=1
AIRFLOW_CTX_DAG_RUN_ID=scheduled__2021-08-08T00:00:00+00:00
[2022-08-06 22:18:18,886] {subprocess.py:62} INFO - Tmp dir root location: 
 /tmp
[2022-08-06 22:18:18,887] {subprocess.py:74} INFO - Running command: ['bash', '-c', 'echo hey, I am task2 and will be running after task1!']
[2022-08-06 22:18:18,902] {subprocess.py:85} INFO - Output:
[2022-08-06 22:18:18,904] {subprocess.py:92} INFO - hey, I am task2 and will be running after task1!
[2022-08-06 22:18:18,904] {subprocess.py:96} INFO - Command exited with return code 0
[2022-08-06 22:18:18,943] {taskinstance.py:1420} INFO - Marking task as SUCCESS. dag_id=our_first_dag_v5, task_id=second_task, execution_date=20210808T000000, start_date=20220806T221818, end_date=20220806T221818
[2022-08-06 22:18:18,998] {local_task_job.py:156} INFO - Task exited with return code 0
[2022-08-06 22:18:19,062] {local_task_job.py:273} INFO - 0 downstream tasks scheduled from follow-on schedule check
[2022-08-06 22:21:52,295] {taskinstance.py:1179} INFO - Dependencies all met for <TaskInstance: our_first_dag_v5.second_task scheduled__2021-08-08T00:00:00+00:00 [queued]>
[2022-08-06 22:21:52,309] {taskinstance.py:1179} INFO - Dependencies all met for <TaskInstance: our_first_dag_v5.second_task scheduled__2021-08-08T00:00:00+00:00 [queued]>
[2022-08-06 22:21:52,310] {taskinstance.py:1376} INFO - 
--------------------------------------------------------------------------------
[2022-08-06 22:21:52,310] {taskinstance.py:1377} INFO - Starting attempt 1 of 6
[2022-08-06 22:21:52,310] {taskinstance.py:1378} INFO - 
--------------------------------------------------------------------------------
[2022-08-06 22:21:52,328] {taskinstance.py:1397} INFO - Executing <Task(BashOperator): second_task> on 2021-08-08 00:00:00+00:00
[2022-08-06 22:21:52,334] {standard_task_runner.py:52} INFO - Started process 226 to run task
[2022-08-06 22:21:52,337] {standard_task_runner.py:79} INFO - Running: ['***', 'tasks', 'run', 'our_first_dag_v5', 'second_task', 'scheduled__2021-08-08T00:00:00+00:00', '--job-id', '31', '--raw', '--subdir', 'DAGS_FOLDER/pipeline.py', '--cfg-path', '/tmp/tmp9en5wgsr', '--error-file', '/tmp/tmp3mgrxflt']
[2022-08-06 22:21:52,337] {standard_task_runner.py:80} INFO - Job 31: Subtask second_task
[2022-08-06 22:21:52,414] {task_command.py:371} INFO - Running <TaskInstance: our_first_dag_v5.second_task scheduled__2021-08-08T00:00:00+00:00 [running]> on host b215076695c3
[2022-08-06 22:21:52,524] {taskinstance.py:1591} INFO - Exporting the following env vars:
AIRFLOW_CTX_DAG_OWNER=coder2j
AIRFLOW_CTX_DAG_ID=our_first_dag_v5
AIRFLOW_CTX_TASK_ID=second_task
AIRFLOW_CTX_EXECUTION_DATE=2021-08-08T00:00:00+00:00
AIRFLOW_CTX_TRY_NUMBER=1
AIRFLOW_CTX_DAG_RUN_ID=scheduled__2021-08-08T00:00:00+00:00
[2022-08-06 22:21:52,525] {subprocess.py:62} INFO - Tmp dir root location: 
 /tmp
[2022-08-06 22:21:52,526] {subprocess.py:74} INFO - Running command: ['bash', '-c', 'echo hey, I am task2 and will be running after task1!']
[2022-08-06 22:21:52,540] {subprocess.py:85} INFO - Output:
[2022-08-06 22:21:52,542] {subprocess.py:92} INFO - hey, I am task2 and will be running after task1!
[2022-08-06 22:21:52,542] {subprocess.py:96} INFO - Command exited with return code 0
[2022-08-06 22:21:52,601] {taskinstance.py:1420} INFO - Marking task as SUCCESS. dag_id=our_first_dag_v5, task_id=second_task, execution_date=20210808T000000, start_date=20220806T222152, end_date=20220806T222152
[2022-08-06 22:21:52,629] {local_task_job.py:156} INFO - Task exited with return code 0
[2022-08-06 22:21:52,682] {local_task_job.py:273} INFO - 0 downstream tasks scheduled from follow-on schedule check
