[2022-08-06 19:38:52,095] {taskinstance.py:1179} INFO - Dependencies all met for <TaskInstance: our_first_dag_v5.thrid_task scheduled__2022-05-07T00:00:00+00:00 [queued]>
[2022-08-06 19:38:52,111] {taskinstance.py:1179} INFO - Dependencies all met for <TaskInstance: our_first_dag_v5.thrid_task scheduled__2022-05-07T00:00:00+00:00 [queued]>
[2022-08-06 19:38:52,111] {taskinstance.py:1376} INFO - 
--------------------------------------------------------------------------------
[2022-08-06 19:38:52,111] {taskinstance.py:1377} INFO - Starting attempt 1 of 6
[2022-08-06 19:38:52,111] {taskinstance.py:1378} INFO - 
--------------------------------------------------------------------------------
[2022-08-06 19:38:52,128] {taskinstance.py:1397} INFO - Executing <Task(BashOperator): thrid_task> on 2022-05-07 00:00:00+00:00
[2022-08-06 19:38:52,133] {standard_task_runner.py:52} INFO - Started process 2757 to run task
[2022-08-06 19:38:52,136] {standard_task_runner.py:79} INFO - Running: ['***', 'tasks', 'run', 'our_first_dag_v5', 'thrid_task', 'scheduled__2022-05-07T00:00:00+00:00', '--job-id', '848', '--raw', '--subdir', 'DAGS_FOLDER/pipeline.py', '--cfg-path', '/tmp/tmpj25_103g', '--error-file', '/tmp/tmppwxduj_b']
[2022-08-06 19:38:52,136] {standard_task_runner.py:80} INFO - Job 848: Subtask thrid_task
[2022-08-06 19:38:52,218] {task_command.py:371} INFO - Running <TaskInstance: our_first_dag_v5.thrid_task scheduled__2022-05-07T00:00:00+00:00 [running]> on host b29c168c1666
[2022-08-06 19:38:52,337] {taskinstance.py:1591} INFO - Exporting the following env vars:
AIRFLOW_CTX_DAG_OWNER=coder2j
AIRFLOW_CTX_DAG_ID=our_first_dag_v5
AIRFLOW_CTX_TASK_ID=thrid_task
AIRFLOW_CTX_EXECUTION_DATE=2022-05-07T00:00:00+00:00
AIRFLOW_CTX_TRY_NUMBER=1
AIRFLOW_CTX_DAG_RUN_ID=scheduled__2022-05-07T00:00:00+00:00
[2022-08-06 19:38:52,338] {subprocess.py:62} INFO - Tmp dir root location: 
 /tmp
[2022-08-06 19:38:52,339] {subprocess.py:74} INFO - Running command: ['bash', '-c', 'echo hey, I am task3 and will be running after task1 at the same time as task2!']
[2022-08-06 19:38:52,352] {subprocess.py:85} INFO - Output:
[2022-08-06 19:38:52,353] {subprocess.py:92} INFO - hey, I am task3 and will be running after task1 at the same time as task2!
[2022-08-06 19:38:52,353] {subprocess.py:96} INFO - Command exited with return code 0
[2022-08-06 19:38:52,386] {taskinstance.py:1420} INFO - Marking task as SUCCESS. dag_id=our_first_dag_v5, task_id=thrid_task, execution_date=20220507T000000, start_date=20220806T193852, end_date=20220806T193852
[2022-08-06 19:38:52,432] {local_task_job.py:156} INFO - Task exited with return code 0
[2022-08-06 19:38:52,466] {local_task_job.py:273} INFO - 0 downstream tasks scheduled from follow-on schedule check
[2022-08-06 21:52:43,526] {taskinstance.py:1179} INFO - Dependencies all met for <TaskInstance: our_first_dag_v5.thrid_task scheduled__2022-05-07T00:00:00+00:00 [queued]>
[2022-08-06 21:52:43,538] {taskinstance.py:1179} INFO - Dependencies all met for <TaskInstance: our_first_dag_v5.thrid_task scheduled__2022-05-07T00:00:00+00:00 [queued]>
[2022-08-06 21:52:43,539] {taskinstance.py:1376} INFO - 
--------------------------------------------------------------------------------
[2022-08-06 21:52:43,539] {taskinstance.py:1377} INFO - Starting attempt 1 of 6
[2022-08-06 21:52:43,539] {taskinstance.py:1378} INFO - 
--------------------------------------------------------------------------------
[2022-08-06 21:52:43,554] {taskinstance.py:1397} INFO - Executing <Task(BashOperator): thrid_task> on 2022-05-07 00:00:00+00:00
[2022-08-06 21:52:43,559] {standard_task_runner.py:52} INFO - Started process 2939 to run task
[2022-08-06 21:52:43,562] {standard_task_runner.py:79} INFO - Running: ['***', 'tasks', 'run', 'our_first_dag_v5', 'thrid_task', 'scheduled__2022-05-07T00:00:00+00:00', '--job-id', '847', '--raw', '--subdir', 'DAGS_FOLDER/pipeline.py', '--cfg-path', '/tmp/tmpj1pdouvn', '--error-file', '/tmp/tmph_hu1b_b']
[2022-08-06 21:52:43,562] {standard_task_runner.py:80} INFO - Job 847: Subtask thrid_task
[2022-08-06 21:52:43,618] {task_command.py:371} INFO - Running <TaskInstance: our_first_dag_v5.thrid_task scheduled__2022-05-07T00:00:00+00:00 [running]> on host c3f731879890
[2022-08-06 21:52:43,688] {taskinstance.py:1591} INFO - Exporting the following env vars:
AIRFLOW_CTX_DAG_OWNER=coder2j
AIRFLOW_CTX_DAG_ID=our_first_dag_v5
AIRFLOW_CTX_TASK_ID=thrid_task
AIRFLOW_CTX_EXECUTION_DATE=2022-05-07T00:00:00+00:00
AIRFLOW_CTX_TRY_NUMBER=1
AIRFLOW_CTX_DAG_RUN_ID=scheduled__2022-05-07T00:00:00+00:00
[2022-08-06 21:52:43,688] {subprocess.py:62} INFO - Tmp dir root location: 
 /tmp
[2022-08-06 21:52:43,689] {subprocess.py:74} INFO - Running command: ['bash', '-c', 'echo hey, I am task3 and will be running after task1 at the same time as task2!']
[2022-08-06 21:52:43,701] {subprocess.py:85} INFO - Output:
[2022-08-06 21:52:43,702] {subprocess.py:92} INFO - hey, I am task3 and will be running after task1 at the same time as task2!
[2022-08-06 21:52:43,702] {subprocess.py:96} INFO - Command exited with return code 0
[2022-08-06 21:52:43,729] {taskinstance.py:1420} INFO - Marking task as SUCCESS. dag_id=our_first_dag_v5, task_id=thrid_task, execution_date=20220507T000000, start_date=20220806T215243, end_date=20220806T215243
[2022-08-06 21:52:43,773] {local_task_job.py:156} INFO - Task exited with return code 0
[2022-08-06 21:52:43,802] {local_task_job.py:273} INFO - 0 downstream tasks scheduled from follow-on schedule check
[2022-08-06 21:58:10,554] {taskinstance.py:1179} INFO - Dependencies all met for <TaskInstance: our_first_dag_v5.thrid_task scheduled__2022-05-07T00:00:00+00:00 [queued]>
[2022-08-06 21:58:10,572] {taskinstance.py:1179} INFO - Dependencies all met for <TaskInstance: our_first_dag_v5.thrid_task scheduled__2022-05-07T00:00:00+00:00 [queued]>
[2022-08-06 21:58:10,573] {taskinstance.py:1376} INFO - 
--------------------------------------------------------------------------------
[2022-08-06 21:58:10,573] {taskinstance.py:1377} INFO - Starting attempt 1 of 6
[2022-08-06 21:58:10,573] {taskinstance.py:1378} INFO - 
--------------------------------------------------------------------------------
[2022-08-06 21:58:10,592] {taskinstance.py:1397} INFO - Executing <Task(BashOperator): thrid_task> on 2022-05-07 00:00:00+00:00
[2022-08-06 21:58:10,600] {standard_task_runner.py:52} INFO - Started process 2755 to run task
[2022-08-06 21:58:10,604] {standard_task_runner.py:79} INFO - Running: ['***', 'tasks', 'run', 'our_first_dag_v5', 'thrid_task', 'scheduled__2022-05-07T00:00:00+00:00', '--job-id', '853', '--raw', '--subdir', 'DAGS_FOLDER/pipeline.py', '--cfg-path', '/tmp/tmpx80o1_5c', '--error-file', '/tmp/tmpjjn_yrkp']
[2022-08-06 21:58:10,604] {standard_task_runner.py:80} INFO - Job 853: Subtask thrid_task
[2022-08-06 21:58:10,705] {task_command.py:371} INFO - Running <TaskInstance: our_first_dag_v5.thrid_task scheduled__2022-05-07T00:00:00+00:00 [running]> on host bc7e154a4fdd
[2022-08-06 21:58:10,811] {taskinstance.py:1591} INFO - Exporting the following env vars:
AIRFLOW_CTX_DAG_OWNER=coder2j
AIRFLOW_CTX_DAG_ID=our_first_dag_v5
AIRFLOW_CTX_TASK_ID=thrid_task
AIRFLOW_CTX_EXECUTION_DATE=2022-05-07T00:00:00+00:00
AIRFLOW_CTX_TRY_NUMBER=1
AIRFLOW_CTX_DAG_RUN_ID=scheduled__2022-05-07T00:00:00+00:00
[2022-08-06 21:58:10,811] {subprocess.py:62} INFO - Tmp dir root location: 
 /tmp
[2022-08-06 21:58:10,812] {subprocess.py:74} INFO - Running command: ['bash', '-c', 'echo hey, I am task3 and will be running after task1 at the same time as task2!']
[2022-08-06 21:58:10,828] {subprocess.py:85} INFO - Output:
[2022-08-06 21:58:10,830] {subprocess.py:92} INFO - hey, I am task3 and will be running after task1 at the same time as task2!
[2022-08-06 21:58:10,830] {subprocess.py:96} INFO - Command exited with return code 0
[2022-08-06 21:58:10,887] {taskinstance.py:1420} INFO - Marking task as SUCCESS. dag_id=our_first_dag_v5, task_id=thrid_task, execution_date=20220507T000000, start_date=20220806T215810, end_date=20220806T215810
[2022-08-06 21:58:10,941] {local_task_job.py:156} INFO - Task exited with return code 0
[2022-08-06 21:58:10,982] {local_task_job.py:273} INFO - 0 downstream tasks scheduled from follow-on schedule check
[2022-08-06 22:13:10,480] {taskinstance.py:1179} INFO - Dependencies all met for <TaskInstance: our_first_dag_v5.thrid_task scheduled__2022-05-07T00:00:00+00:00 [queued]>
[2022-08-06 22:13:10,494] {taskinstance.py:1179} INFO - Dependencies all met for <TaskInstance: our_first_dag_v5.thrid_task scheduled__2022-05-07T00:00:00+00:00 [queued]>
[2022-08-06 22:13:10,495] {taskinstance.py:1376} INFO - 
--------------------------------------------------------------------------------
[2022-08-06 22:13:10,495] {taskinstance.py:1377} INFO - Starting attempt 1 of 6
[2022-08-06 22:13:10,495] {taskinstance.py:1378} INFO - 
--------------------------------------------------------------------------------
[2022-08-06 22:13:10,515] {taskinstance.py:1397} INFO - Executing <Task(BashOperator): thrid_task> on 2022-05-07 00:00:00+00:00
[2022-08-06 22:13:10,521] {standard_task_runner.py:52} INFO - Started process 2759 to run task
[2022-08-06 22:13:10,524] {standard_task_runner.py:79} INFO - Running: ['***', 'tasks', 'run', 'our_first_dag_v5', 'thrid_task', 'scheduled__2022-05-07T00:00:00+00:00', '--job-id', '850', '--raw', '--subdir', 'DAGS_FOLDER/pipeline.py', '--cfg-path', '/tmp/tmphea92d_4', '--error-file', '/tmp/tmpllhqh7ng']
[2022-08-06 22:13:10,525] {standard_task_runner.py:80} INFO - Job 850: Subtask thrid_task
[2022-08-06 22:13:10,593] {task_command.py:371} INFO - Running <TaskInstance: our_first_dag_v5.thrid_task scheduled__2022-05-07T00:00:00+00:00 [running]> on host 1250c3b659cd
[2022-08-06 22:13:10,691] {taskinstance.py:1591} INFO - Exporting the following env vars:
AIRFLOW_CTX_DAG_OWNER=coder2j
AIRFLOW_CTX_DAG_ID=our_first_dag_v5
AIRFLOW_CTX_TASK_ID=thrid_task
AIRFLOW_CTX_EXECUTION_DATE=2022-05-07T00:00:00+00:00
AIRFLOW_CTX_TRY_NUMBER=1
AIRFLOW_CTX_DAG_RUN_ID=scheduled__2022-05-07T00:00:00+00:00
[2022-08-06 22:13:10,692] {subprocess.py:62} INFO - Tmp dir root location: 
 /tmp
[2022-08-06 22:13:10,693] {subprocess.py:74} INFO - Running command: ['bash', '-c', 'echo hey, I am task3 and will be running after task1 at the same time as task2!']
[2022-08-06 22:13:10,710] {subprocess.py:85} INFO - Output:
[2022-08-06 22:13:10,711] {subprocess.py:92} INFO - hey, I am task3 and will be running after task1 at the same time as task2!
[2022-08-06 22:13:10,712] {subprocess.py:96} INFO - Command exited with return code 0
[2022-08-06 22:13:10,747] {taskinstance.py:1420} INFO - Marking task as SUCCESS. dag_id=our_first_dag_v5, task_id=thrid_task, execution_date=20220507T000000, start_date=20220806T221310, end_date=20220806T221310
[2022-08-06 22:13:10,776] {local_task_job.py:156} INFO - Task exited with return code 0
[2022-08-06 22:13:10,813] {local_task_job.py:273} INFO - 0 downstream tasks scheduled from follow-on schedule check
[2022-08-06 22:24:30,589] {taskinstance.py:1179} INFO - Dependencies all met for <TaskInstance: our_first_dag_v5.thrid_task scheduled__2022-05-07T00:00:00+00:00 [queued]>
[2022-08-06 22:24:30,601] {taskinstance.py:1179} INFO - Dependencies all met for <TaskInstance: our_first_dag_v5.thrid_task scheduled__2022-05-07T00:00:00+00:00 [queued]>
[2022-08-06 22:24:30,602] {taskinstance.py:1376} INFO - 
--------------------------------------------------------------------------------
[2022-08-06 22:24:30,602] {taskinstance.py:1377} INFO - Starting attempt 1 of 6
[2022-08-06 22:24:30,602] {taskinstance.py:1378} INFO - 
--------------------------------------------------------------------------------
[2022-08-06 22:24:30,617] {taskinstance.py:1397} INFO - Executing <Task(BashOperator): thrid_task> on 2022-05-07 00:00:00+00:00
[2022-08-06 22:24:30,623] {standard_task_runner.py:52} INFO - Started process 2817 to run task
[2022-08-06 22:24:30,626] {standard_task_runner.py:79} INFO - Running: ['***', 'tasks', 'run', 'our_first_dag_v5', 'thrid_task', 'scheduled__2022-05-07T00:00:00+00:00', '--job-id', '857', '--raw', '--subdir', 'DAGS_FOLDER/pipeline.py', '--cfg-path', '/tmp/tmpni_au68f', '--error-file', '/tmp/tmprbdyuyp3']
[2022-08-06 22:24:30,626] {standard_task_runner.py:80} INFO - Job 857: Subtask thrid_task
[2022-08-06 22:24:30,705] {task_command.py:371} INFO - Running <TaskInstance: our_first_dag_v5.thrid_task scheduled__2022-05-07T00:00:00+00:00 [running]> on host b215076695c3
[2022-08-06 22:24:30,813] {taskinstance.py:1591} INFO - Exporting the following env vars:
AIRFLOW_CTX_DAG_OWNER=coder2j
AIRFLOW_CTX_DAG_ID=our_first_dag_v5
AIRFLOW_CTX_TASK_ID=thrid_task
AIRFLOW_CTX_EXECUTION_DATE=2022-05-07T00:00:00+00:00
AIRFLOW_CTX_TRY_NUMBER=1
AIRFLOW_CTX_DAG_RUN_ID=scheduled__2022-05-07T00:00:00+00:00
[2022-08-06 22:24:30,814] {subprocess.py:62} INFO - Tmp dir root location: 
 /tmp
[2022-08-06 22:24:30,815] {subprocess.py:74} INFO - Running command: ['bash', '-c', 'echo hey, I am task3 and will be running after task1 at the same time as task2!']
[2022-08-06 22:24:30,829] {subprocess.py:85} INFO - Output:
[2022-08-06 22:24:30,831] {subprocess.py:92} INFO - hey, I am task3 and will be running after task1 at the same time as task2!
[2022-08-06 22:24:30,831] {subprocess.py:96} INFO - Command exited with return code 0
[2022-08-06 22:24:30,929] {taskinstance.py:1420} INFO - Marking task as SUCCESS. dag_id=our_first_dag_v5, task_id=thrid_task, execution_date=20220507T000000, start_date=20220806T222430, end_date=20220806T222430
[2022-08-06 22:24:30,957] {local_task_job.py:156} INFO - Task exited with return code 0
[2022-08-06 22:24:31,007] {local_task_job.py:273} INFO - 0 downstream tasks scheduled from follow-on schedule check
