[2022-08-06 19:36:06,113] {taskinstance.py:1179} INFO - Dependencies all met for <TaskInstance: our_first_dag_v5.first_task scheduled__2021-08-12T00:00:00+00:00 [queued]>
[2022-08-06 19:36:06,131] {taskinstance.py:1179} INFO - Dependencies all met for <TaskInstance: our_first_dag_v5.first_task scheduled__2021-08-12T00:00:00+00:00 [queued]>
[2022-08-06 19:36:06,131] {taskinstance.py:1376} INFO - 
--------------------------------------------------------------------------------
[2022-08-06 19:36:06,131] {taskinstance.py:1377} INFO - Starting attempt 1 of 6
[2022-08-06 19:36:06,131] {taskinstance.py:1378} INFO - 
--------------------------------------------------------------------------------
[2022-08-06 19:36:06,152] {taskinstance.py:1397} INFO - Executing <Task(BashOperator): first_task> on 2021-08-12 00:00:00+00:00
[2022-08-06 19:36:06,158] {standard_task_runner.py:52} INFO - Started process 201 to run task
[2022-08-06 19:36:06,161] {standard_task_runner.py:79} INFO - Running: ['***', 'tasks', 'run', 'our_first_dag_v5', 'first_task', 'scheduled__2021-08-12T00:00:00+00:00', '--job-id', '36', '--raw', '--subdir', 'DAGS_FOLDER/pipeline.py', '--cfg-path', '/tmp/tmpiv03hns0', '--error-file', '/tmp/tmpyclds49s']
[2022-08-06 19:36:06,162] {standard_task_runner.py:80} INFO - Job 36: Subtask first_task
[2022-08-06 19:36:06,250] {task_command.py:371} INFO - Running <TaskInstance: our_first_dag_v5.first_task scheduled__2021-08-12T00:00:00+00:00 [running]> on host b29c168c1666
[2022-08-06 19:36:06,359] {taskinstance.py:1591} INFO - Exporting the following env vars:
AIRFLOW_CTX_DAG_OWNER=coder2j
AIRFLOW_CTX_DAG_ID=our_first_dag_v5
AIRFLOW_CTX_TASK_ID=first_task
AIRFLOW_CTX_EXECUTION_DATE=2021-08-12T00:00:00+00:00
AIRFLOW_CTX_TRY_NUMBER=1
AIRFLOW_CTX_DAG_RUN_ID=scheduled__2021-08-12T00:00:00+00:00
[2022-08-06 19:36:06,360] {subprocess.py:62} INFO - Tmp dir root location: 
 /tmp
[2022-08-06 19:36:06,361] {subprocess.py:74} INFO - Running command: ['bash', '-c', 'echo hello world, this is the first task!']
[2022-08-06 19:36:06,380] {subprocess.py:85} INFO - Output:
[2022-08-06 19:36:06,383] {subprocess.py:92} INFO - hello world, this is the first task!
[2022-08-06 19:36:06,383] {subprocess.py:96} INFO - Command exited with return code 0
[2022-08-06 19:36:06,427] {taskinstance.py:1420} INFO - Marking task as SUCCESS. dag_id=our_first_dag_v5, task_id=first_task, execution_date=20210812T000000, start_date=20220806T193606, end_date=20220806T193606
[2022-08-06 19:36:06,460] {local_task_job.py:156} INFO - Task exited with return code 0
[2022-08-06 19:36:06,552] {local_task_job.py:273} INFO - 0 downstream tasks scheduled from follow-on schedule check
[2022-08-06 21:50:01,832] {taskinstance.py:1179} INFO - Dependencies all met for <TaskInstance: our_first_dag_v5.first_task scheduled__2021-08-12T00:00:00+00:00 [queued]>
[2022-08-06 21:50:01,846] {taskinstance.py:1179} INFO - Dependencies all met for <TaskInstance: our_first_dag_v5.first_task scheduled__2021-08-12T00:00:00+00:00 [queued]>
[2022-08-06 21:50:01,846] {taskinstance.py:1376} INFO - 
--------------------------------------------------------------------------------
[2022-08-06 21:50:01,846] {taskinstance.py:1377} INFO - Starting attempt 1 of 6
[2022-08-06 21:50:01,846] {taskinstance.py:1378} INFO - 
--------------------------------------------------------------------------------
[2022-08-06 21:50:01,872] {taskinstance.py:1397} INFO - Executing <Task(BashOperator): first_task> on 2021-08-12 00:00:00+00:00
[2022-08-06 21:50:01,880] {standard_task_runner.py:52} INFO - Started process 381 to run task
[2022-08-06 21:50:01,884] {standard_task_runner.py:79} INFO - Running: ['***', 'tasks', 'run', 'our_first_dag_v5', 'first_task', 'scheduled__2021-08-12T00:00:00+00:00', '--job-id', '34', '--raw', '--subdir', 'DAGS_FOLDER/pipeline.py', '--cfg-path', '/tmp/tmp9elhggqk', '--error-file', '/tmp/tmpoz62x35c']
[2022-08-06 21:50:01,884] {standard_task_runner.py:80} INFO - Job 34: Subtask first_task
[2022-08-06 21:50:01,967] {task_command.py:371} INFO - Running <TaskInstance: our_first_dag_v5.first_task scheduled__2021-08-12T00:00:00+00:00 [running]> on host c3f731879890
[2022-08-06 21:50:02,079] {taskinstance.py:1591} INFO - Exporting the following env vars:
AIRFLOW_CTX_DAG_OWNER=coder2j
AIRFLOW_CTX_DAG_ID=our_first_dag_v5
AIRFLOW_CTX_TASK_ID=first_task
AIRFLOW_CTX_EXECUTION_DATE=2021-08-12T00:00:00+00:00
AIRFLOW_CTX_TRY_NUMBER=1
AIRFLOW_CTX_DAG_RUN_ID=scheduled__2021-08-12T00:00:00+00:00
[2022-08-06 21:50:02,080] {subprocess.py:62} INFO - Tmp dir root location: 
 /tmp
[2022-08-06 21:50:02,081] {subprocess.py:74} INFO - Running command: ['bash', '-c', 'echo hello world, this is the first task!']
[2022-08-06 21:50:02,131] {subprocess.py:85} INFO - Output:
[2022-08-06 21:50:02,133] {subprocess.py:92} INFO - hello world, this is the first task!
[2022-08-06 21:50:02,134] {subprocess.py:96} INFO - Command exited with return code 0
[2022-08-06 21:50:02,178] {taskinstance.py:1420} INFO - Marking task as SUCCESS. dag_id=our_first_dag_v5, task_id=first_task, execution_date=20210812T000000, start_date=20220806T215001, end_date=20220806T215002
[2022-08-06 21:50:02,218] {local_task_job.py:156} INFO - Task exited with return code 0
[2022-08-06 21:50:02,272] {local_task_job.py:273} INFO - 2 downstream tasks scheduled from follow-on schedule check
[2022-08-06 21:55:32,604] {taskinstance.py:1179} INFO - Dependencies all met for <TaskInstance: our_first_dag_v5.first_task scheduled__2021-08-12T00:00:00+00:00 [queued]>
[2022-08-06 21:55:32,621] {taskinstance.py:1179} INFO - Dependencies all met for <TaskInstance: our_first_dag_v5.first_task scheduled__2021-08-12T00:00:00+00:00 [queued]>
[2022-08-06 21:55:32,621] {taskinstance.py:1376} INFO - 
--------------------------------------------------------------------------------
[2022-08-06 21:55:32,621] {taskinstance.py:1377} INFO - Starting attempt 1 of 6
[2022-08-06 21:55:32,621] {taskinstance.py:1378} INFO - 
--------------------------------------------------------------------------------
[2022-08-06 21:55:32,646] {taskinstance.py:1397} INFO - Executing <Task(BashOperator): first_task> on 2021-08-12 00:00:00+00:00
[2022-08-06 21:55:32,654] {standard_task_runner.py:52} INFO - Started process 189 to run task
[2022-08-06 21:55:32,657] {standard_task_runner.py:79} INFO - Running: ['***', 'tasks', 'run', 'our_first_dag_v5', 'first_task', 'scheduled__2021-08-12T00:00:00+00:00', '--job-id', '34', '--raw', '--subdir', 'DAGS_FOLDER/pipeline.py', '--cfg-path', '/tmp/tmp30c2jt_g', '--error-file', '/tmp/tmp5bjh7q99']
[2022-08-06 21:55:32,658] {standard_task_runner.py:80} INFO - Job 34: Subtask first_task
[2022-08-06 21:55:32,734] {task_command.py:371} INFO - Running <TaskInstance: our_first_dag_v5.first_task scheduled__2021-08-12T00:00:00+00:00 [running]> on host bc7e154a4fdd
[2022-08-06 21:55:32,829] {taskinstance.py:1591} INFO - Exporting the following env vars:
AIRFLOW_CTX_DAG_OWNER=coder2j
AIRFLOW_CTX_DAG_ID=our_first_dag_v5
AIRFLOW_CTX_TASK_ID=first_task
AIRFLOW_CTX_EXECUTION_DATE=2021-08-12T00:00:00+00:00
AIRFLOW_CTX_TRY_NUMBER=1
AIRFLOW_CTX_DAG_RUN_ID=scheduled__2021-08-12T00:00:00+00:00
[2022-08-06 21:55:32,830] {subprocess.py:62} INFO - Tmp dir root location: 
 /tmp
[2022-08-06 21:55:32,831] {subprocess.py:74} INFO - Running command: ['bash', '-c', 'echo hello world, this is the first task!']
[2022-08-06 21:55:32,844] {subprocess.py:85} INFO - Output:
[2022-08-06 21:55:32,847] {subprocess.py:92} INFO - hello world, this is the first task!
[2022-08-06 21:55:32,847] {subprocess.py:96} INFO - Command exited with return code 0
[2022-08-06 21:55:32,884] {taskinstance.py:1420} INFO - Marking task as SUCCESS. dag_id=our_first_dag_v5, task_id=first_task, execution_date=20210812T000000, start_date=20220806T215532, end_date=20220806T215532
[2022-08-06 21:55:32,949] {local_task_job.py:156} INFO - Task exited with return code 0
[2022-08-06 21:55:33,029] {local_task_job.py:273} INFO - 2 downstream tasks scheduled from follow-on schedule check
[2022-08-06 22:10:31,517] {taskinstance.py:1179} INFO - Dependencies all met for <TaskInstance: our_first_dag_v5.first_task scheduled__2021-08-12T00:00:00+00:00 [queued]>
[2022-08-06 22:10:31,529] {taskinstance.py:1179} INFO - Dependencies all met for <TaskInstance: our_first_dag_v5.first_task scheduled__2021-08-12T00:00:00+00:00 [queued]>
[2022-08-06 22:10:31,529] {taskinstance.py:1376} INFO - 
--------------------------------------------------------------------------------
[2022-08-06 22:10:31,529] {taskinstance.py:1377} INFO - Starting attempt 1 of 6
[2022-08-06 22:10:31,529] {taskinstance.py:1378} INFO - 
--------------------------------------------------------------------------------
[2022-08-06 22:10:31,545] {taskinstance.py:1397} INFO - Executing <Task(BashOperator): first_task> on 2021-08-12 00:00:00+00:00
[2022-08-06 22:10:31,552] {standard_task_runner.py:52} INFO - Started process 188 to run task
[2022-08-06 22:10:31,555] {standard_task_runner.py:79} INFO - Running: ['***', 'tasks', 'run', 'our_first_dag_v5', 'first_task', 'scheduled__2021-08-12T00:00:00+00:00', '--job-id', '36', '--raw', '--subdir', 'DAGS_FOLDER/pipeline.py', '--cfg-path', '/tmp/tmp2dacr9br', '--error-file', '/tmp/tmpzkdl_vxz']
[2022-08-06 22:10:31,556] {standard_task_runner.py:80} INFO - Job 36: Subtask first_task
[2022-08-06 22:10:31,628] {task_command.py:371} INFO - Running <TaskInstance: our_first_dag_v5.first_task scheduled__2021-08-12T00:00:00+00:00 [running]> on host 1250c3b659cd
[2022-08-06 22:10:31,729] {taskinstance.py:1591} INFO - Exporting the following env vars:
AIRFLOW_CTX_DAG_OWNER=coder2j
AIRFLOW_CTX_DAG_ID=our_first_dag_v5
AIRFLOW_CTX_TASK_ID=first_task
AIRFLOW_CTX_EXECUTION_DATE=2021-08-12T00:00:00+00:00
AIRFLOW_CTX_TRY_NUMBER=1
AIRFLOW_CTX_DAG_RUN_ID=scheduled__2021-08-12T00:00:00+00:00
[2022-08-06 22:10:31,730] {subprocess.py:62} INFO - Tmp dir root location: 
 /tmp
[2022-08-06 22:10:31,731] {subprocess.py:74} INFO - Running command: ['bash', '-c', 'echo hello world, this is the first task!']
[2022-08-06 22:10:31,745] {subprocess.py:85} INFO - Output:
[2022-08-06 22:10:31,746] {subprocess.py:92} INFO - hello world, this is the first task!
[2022-08-06 22:10:31,747] {subprocess.py:96} INFO - Command exited with return code 0
[2022-08-06 22:10:31,782] {taskinstance.py:1420} INFO - Marking task as SUCCESS. dag_id=our_first_dag_v5, task_id=first_task, execution_date=20210812T000000, start_date=20220806T221031, end_date=20220806T221031
[2022-08-06 22:10:31,853] {local_task_job.py:156} INFO - Task exited with return code 0
[2022-08-06 22:10:31,960] {local_task_job.py:273} INFO - 2 downstream tasks scheduled from follow-on schedule check
[2022-08-06 22:18:19,101] {taskinstance.py:1179} INFO - Dependencies all met for <TaskInstance: our_first_dag_v5.first_task scheduled__2021-08-12T00:00:00+00:00 [queued]>
[2022-08-06 22:18:19,123] {taskinstance.py:1179} INFO - Dependencies all met for <TaskInstance: our_first_dag_v5.first_task scheduled__2021-08-12T00:00:00+00:00 [queued]>
[2022-08-06 22:18:19,123] {taskinstance.py:1376} INFO - 
--------------------------------------------------------------------------------
[2022-08-06 22:18:19,123] {taskinstance.py:1377} INFO - Starting attempt 1 of 6
[2022-08-06 22:18:19,124] {taskinstance.py:1378} INFO - 
--------------------------------------------------------------------------------
[2022-08-06 22:18:19,143] {taskinstance.py:1397} INFO - Executing <Task(BashOperator): first_task> on 2021-08-12 00:00:00+00:00
[2022-08-06 22:18:19,150] {standard_task_runner.py:52} INFO - Started process 209 to run task
[2022-08-06 22:18:19,153] {standard_task_runner.py:79} INFO - Running: ['***', 'tasks', 'run', 'our_first_dag_v5', 'first_task', 'scheduled__2021-08-12T00:00:00+00:00', '--job-id', '36', '--raw', '--subdir', 'DAGS_FOLDER/pipeline.py', '--cfg-path', '/tmp/tmp9h51pg3v', '--error-file', '/tmp/tmpdl7_cvwg']
[2022-08-06 22:18:19,153] {standard_task_runner.py:80} INFO - Job 36: Subtask first_task
[2022-08-06 22:18:19,228] {task_command.py:371} INFO - Running <TaskInstance: our_first_dag_v5.first_task scheduled__2021-08-12T00:00:00+00:00 [running]> on host ed53bde1c44a
[2022-08-06 22:18:19,345] {taskinstance.py:1591} INFO - Exporting the following env vars:
AIRFLOW_CTX_DAG_OWNER=coder2j
AIRFLOW_CTX_DAG_ID=our_first_dag_v5
AIRFLOW_CTX_TASK_ID=first_task
AIRFLOW_CTX_EXECUTION_DATE=2021-08-12T00:00:00+00:00
AIRFLOW_CTX_TRY_NUMBER=1
AIRFLOW_CTX_DAG_RUN_ID=scheduled__2021-08-12T00:00:00+00:00
[2022-08-06 22:18:19,347] {subprocess.py:62} INFO - Tmp dir root location: 
 /tmp
[2022-08-06 22:18:19,347] {subprocess.py:74} INFO - Running command: ['bash', '-c', 'echo hello world, this is the first task!']
[2022-08-06 22:18:19,366] {subprocess.py:85} INFO - Output:
[2022-08-06 22:18:19,368] {subprocess.py:92} INFO - hello world, this is the first task!
[2022-08-06 22:18:19,368] {subprocess.py:96} INFO - Command exited with return code 0
[2022-08-06 22:18:19,406] {taskinstance.py:1420} INFO - Marking task as SUCCESS. dag_id=our_first_dag_v5, task_id=first_task, execution_date=20210812T000000, start_date=20220806T221819, end_date=20220806T221819
[2022-08-06 22:18:19,444] {local_task_job.py:156} INFO - Task exited with return code 0
[2022-08-06 22:18:19,492] {local_task_job.py:273} INFO - 2 downstream tasks scheduled from follow-on schedule check
[2022-08-06 22:21:52,792] {taskinstance.py:1179} INFO - Dependencies all met for <TaskInstance: our_first_dag_v5.first_task scheduled__2021-08-12T00:00:00+00:00 [queued]>
[2022-08-06 22:21:52,806] {taskinstance.py:1179} INFO - Dependencies all met for <TaskInstance: our_first_dag_v5.first_task scheduled__2021-08-12T00:00:00+00:00 [queued]>
[2022-08-06 22:21:52,807] {taskinstance.py:1376} INFO - 
--------------------------------------------------------------------------------
[2022-08-06 22:21:52,807] {taskinstance.py:1377} INFO - Starting attempt 1 of 6
[2022-08-06 22:21:52,807] {taskinstance.py:1378} INFO - 
--------------------------------------------------------------------------------
[2022-08-06 22:21:52,829] {taskinstance.py:1397} INFO - Executing <Task(BashOperator): first_task> on 2021-08-12 00:00:00+00:00
[2022-08-06 22:21:52,836] {standard_task_runner.py:52} INFO - Started process 239 to run task
[2022-08-06 22:21:52,840] {standard_task_runner.py:79} INFO - Running: ['***', 'tasks', 'run', 'our_first_dag_v5', 'first_task', 'scheduled__2021-08-12T00:00:00+00:00', '--job-id', '36', '--raw', '--subdir', 'DAGS_FOLDER/pipeline.py', '--cfg-path', '/tmp/tmpftogrt36', '--error-file', '/tmp/tmp_dadwpxr']
[2022-08-06 22:21:52,840] {standard_task_runner.py:80} INFO - Job 36: Subtask first_task
[2022-08-06 22:21:52,914] {task_command.py:371} INFO - Running <TaskInstance: our_first_dag_v5.first_task scheduled__2021-08-12T00:00:00+00:00 [running]> on host b215076695c3
[2022-08-06 22:21:53,005] {taskinstance.py:1591} INFO - Exporting the following env vars:
AIRFLOW_CTX_DAG_OWNER=coder2j
AIRFLOW_CTX_DAG_ID=our_first_dag_v5
AIRFLOW_CTX_TASK_ID=first_task
AIRFLOW_CTX_EXECUTION_DATE=2021-08-12T00:00:00+00:00
AIRFLOW_CTX_TRY_NUMBER=1
AIRFLOW_CTX_DAG_RUN_ID=scheduled__2021-08-12T00:00:00+00:00
[2022-08-06 22:21:53,006] {subprocess.py:62} INFO - Tmp dir root location: 
 /tmp
[2022-08-06 22:21:53,007] {subprocess.py:74} INFO - Running command: ['bash', '-c', 'echo hello world, this is the first task!']
[2022-08-06 22:21:53,027] {subprocess.py:85} INFO - Output:
[2022-08-06 22:21:53,028] {subprocess.py:92} INFO - hello world, this is the first task!
[2022-08-06 22:21:53,028] {subprocess.py:96} INFO - Command exited with return code 0
[2022-08-06 22:21:53,069] {taskinstance.py:1420} INFO - Marking task as SUCCESS. dag_id=our_first_dag_v5, task_id=first_task, execution_date=20210812T000000, start_date=20220806T222152, end_date=20220806T222153
[2022-08-06 22:21:53,131] {local_task_job.py:156} INFO - Task exited with return code 0
[2022-08-06 22:21:53,175] {local_task_job.py:273} INFO - 2 downstream tasks scheduled from follow-on schedule check
