[2022-08-06 19:39:10,233] {taskinstance.py:1179} INFO - Dependencies all met for <TaskInstance: our_first_dag_v5.thrid_task scheduled__2022-06-05T00:00:00+00:00 [queued]>
[2022-08-06 19:39:10,256] {taskinstance.py:1179} INFO - Dependencies all met for <TaskInstance: our_first_dag_v5.thrid_task scheduled__2022-06-05T00:00:00+00:00 [queued]>
[2022-08-06 19:39:10,256] {taskinstance.py:1376} INFO - 
--------------------------------------------------------------------------------
[2022-08-06 19:39:10,256] {taskinstance.py:1377} INFO - Starting attempt 1 of 6
[2022-08-06 19:39:10,257] {taskinstance.py:1378} INFO - 
--------------------------------------------------------------------------------
[2022-08-06 19:39:10,281] {taskinstance.py:1397} INFO - Executing <Task(BashOperator): thrid_task> on 2022-06-05 00:00:00+00:00
[2022-08-06 19:39:10,291] {standard_task_runner.py:52} INFO - Started process 3034 to run task
[2022-08-06 19:39:10,299] {standard_task_runner.py:79} INFO - Running: ['***', 'tasks', 'run', 'our_first_dag_v5', 'thrid_task', 'scheduled__2022-06-05T00:00:00+00:00', '--job-id', '938', '--raw', '--subdir', 'DAGS_FOLDER/pipeline.py', '--cfg-path', '/tmp/tmpuw5u8gdh', '--error-file', '/tmp/tmp3vftrrvm']
[2022-08-06 19:39:10,299] {standard_task_runner.py:80} INFO - Job 938: Subtask thrid_task
[2022-08-06 19:39:10,438] {task_command.py:371} INFO - Running <TaskInstance: our_first_dag_v5.thrid_task scheduled__2022-06-05T00:00:00+00:00 [running]> on host b29c168c1666
[2022-08-06 19:39:10,590] {taskinstance.py:1591} INFO - Exporting the following env vars:
AIRFLOW_CTX_DAG_OWNER=coder2j
AIRFLOW_CTX_DAG_ID=our_first_dag_v5
AIRFLOW_CTX_TASK_ID=thrid_task
AIRFLOW_CTX_EXECUTION_DATE=2022-06-05T00:00:00+00:00
AIRFLOW_CTX_TRY_NUMBER=1
AIRFLOW_CTX_DAG_RUN_ID=scheduled__2022-06-05T00:00:00+00:00
[2022-08-06 19:39:10,591] {subprocess.py:62} INFO - Tmp dir root location: 
 /tmp
[2022-08-06 19:39:10,591] {subprocess.py:74} INFO - Running command: ['bash', '-c', 'echo hey, I am task3 and will be running after task1 at the same time as task2!']
[2022-08-06 19:39:10,608] {subprocess.py:85} INFO - Output:
[2022-08-06 19:39:10,610] {subprocess.py:92} INFO - hey, I am task3 and will be running after task1 at the same time as task2!
[2022-08-06 19:39:10,610] {subprocess.py:96} INFO - Command exited with return code 0
[2022-08-06 19:39:10,658] {taskinstance.py:1420} INFO - Marking task as SUCCESS. dag_id=our_first_dag_v5, task_id=thrid_task, execution_date=20220605T000000, start_date=20220806T193910, end_date=20220806T193910
[2022-08-06 19:39:10,713] {local_task_job.py:156} INFO - Task exited with return code 0
[2022-08-06 19:39:10,762] {local_task_job.py:273} INFO - 0 downstream tasks scheduled from follow-on schedule check
[2022-08-06 21:53:02,362] {taskinstance.py:1179} INFO - Dependencies all met for <TaskInstance: our_first_dag_v5.thrid_task scheduled__2022-06-05T00:00:00+00:00 [queued]>
[2022-08-06 21:53:02,381] {taskinstance.py:1179} INFO - Dependencies all met for <TaskInstance: our_first_dag_v5.thrid_task scheduled__2022-06-05T00:00:00+00:00 [queued]>
[2022-08-06 21:53:02,381] {taskinstance.py:1376} INFO - 
--------------------------------------------------------------------------------
[2022-08-06 21:53:02,381] {taskinstance.py:1377} INFO - Starting attempt 1 of 6
[2022-08-06 21:53:02,381] {taskinstance.py:1378} INFO - 
--------------------------------------------------------------------------------
[2022-08-06 21:53:02,402] {taskinstance.py:1397} INFO - Executing <Task(BashOperator): thrid_task> on 2022-06-05 00:00:00+00:00
[2022-08-06 21:53:02,410] {standard_task_runner.py:52} INFO - Started process 3230 to run task
[2022-08-06 21:53:02,413] {standard_task_runner.py:79} INFO - Running: ['***', 'tasks', 'run', 'our_first_dag_v5', 'thrid_task', 'scheduled__2022-06-05T00:00:00+00:00', '--job-id', '938', '--raw', '--subdir', 'DAGS_FOLDER/pipeline.py', '--cfg-path', '/tmp/tmpuidp9mkb', '--error-file', '/tmp/tmppjk6prm7']
[2022-08-06 21:53:02,413] {standard_task_runner.py:80} INFO - Job 938: Subtask thrid_task
[2022-08-06 21:53:02,488] {task_command.py:371} INFO - Running <TaskInstance: our_first_dag_v5.thrid_task scheduled__2022-06-05T00:00:00+00:00 [running]> on host c3f731879890
[2022-08-06 21:53:02,606] {taskinstance.py:1591} INFO - Exporting the following env vars:
AIRFLOW_CTX_DAG_OWNER=coder2j
AIRFLOW_CTX_DAG_ID=our_first_dag_v5
AIRFLOW_CTX_TASK_ID=thrid_task
AIRFLOW_CTX_EXECUTION_DATE=2022-06-05T00:00:00+00:00
AIRFLOW_CTX_TRY_NUMBER=1
AIRFLOW_CTX_DAG_RUN_ID=scheduled__2022-06-05T00:00:00+00:00
[2022-08-06 21:53:02,607] {subprocess.py:62} INFO - Tmp dir root location: 
 /tmp
[2022-08-06 21:53:02,608] {subprocess.py:74} INFO - Running command: ['bash', '-c', 'echo hey, I am task3 and will be running after task1 at the same time as task2!']
[2022-08-06 21:53:02,627] {subprocess.py:85} INFO - Output:
[2022-08-06 21:53:02,629] {subprocess.py:92} INFO - hey, I am task3 and will be running after task1 at the same time as task2!
[2022-08-06 21:53:02,630] {subprocess.py:96} INFO - Command exited with return code 0
[2022-08-06 21:53:02,670] {taskinstance.py:1420} INFO - Marking task as SUCCESS. dag_id=our_first_dag_v5, task_id=thrid_task, execution_date=20220605T000000, start_date=20220806T215302, end_date=20220806T215302
[2022-08-06 21:53:02,705] {local_task_job.py:156} INFO - Task exited with return code 0
[2022-08-06 21:53:02,767] {local_task_job.py:273} INFO - 0 downstream tasks scheduled from follow-on schedule check
[2022-08-06 21:58:29,962] {taskinstance.py:1179} INFO - Dependencies all met for <TaskInstance: our_first_dag_v5.thrid_task scheduled__2022-06-05T00:00:00+00:00 [queued]>
[2022-08-06 21:58:29,979] {taskinstance.py:1179} INFO - Dependencies all met for <TaskInstance: our_first_dag_v5.thrid_task scheduled__2022-06-05T00:00:00+00:00 [queued]>
[2022-08-06 21:58:29,979] {taskinstance.py:1376} INFO - 
--------------------------------------------------------------------------------
[2022-08-06 21:58:29,980] {taskinstance.py:1377} INFO - Starting attempt 1 of 6
[2022-08-06 21:58:29,980] {taskinstance.py:1378} INFO - 
--------------------------------------------------------------------------------
[2022-08-06 21:58:29,999] {taskinstance.py:1397} INFO - Executing <Task(BashOperator): thrid_task> on 2022-06-05 00:00:00+00:00
[2022-08-06 21:58:30,005] {standard_task_runner.py:52} INFO - Started process 3025 to run task
[2022-08-06 21:58:30,007] {standard_task_runner.py:79} INFO - Running: ['***', 'tasks', 'run', 'our_first_dag_v5', 'thrid_task', 'scheduled__2022-06-05T00:00:00+00:00', '--job-id', '939', '--raw', '--subdir', 'DAGS_FOLDER/pipeline.py', '--cfg-path', '/tmp/tmpjhcdjzod', '--error-file', '/tmp/tmp8srqmmzn']
[2022-08-06 21:58:30,008] {standard_task_runner.py:80} INFO - Job 939: Subtask thrid_task
[2022-08-06 21:58:30,134] {task_command.py:371} INFO - Running <TaskInstance: our_first_dag_v5.thrid_task scheduled__2022-06-05T00:00:00+00:00 [running]> on host bc7e154a4fdd
[2022-08-06 21:58:30,261] {taskinstance.py:1591} INFO - Exporting the following env vars:
AIRFLOW_CTX_DAG_OWNER=coder2j
AIRFLOW_CTX_DAG_ID=our_first_dag_v5
AIRFLOW_CTX_TASK_ID=thrid_task
AIRFLOW_CTX_EXECUTION_DATE=2022-06-05T00:00:00+00:00
AIRFLOW_CTX_TRY_NUMBER=1
AIRFLOW_CTX_DAG_RUN_ID=scheduled__2022-06-05T00:00:00+00:00
[2022-08-06 21:58:30,262] {subprocess.py:62} INFO - Tmp dir root location: 
 /tmp
[2022-08-06 21:58:30,263] {subprocess.py:74} INFO - Running command: ['bash', '-c', 'echo hey, I am task3 and will be running after task1 at the same time as task2!']
[2022-08-06 21:58:30,282] {subprocess.py:85} INFO - Output:
[2022-08-06 21:58:30,284] {subprocess.py:92} INFO - hey, I am task3 and will be running after task1 at the same time as task2!
[2022-08-06 21:58:30,284] {subprocess.py:96} INFO - Command exited with return code 0
[2022-08-06 21:58:30,422] {taskinstance.py:1420} INFO - Marking task as SUCCESS. dag_id=our_first_dag_v5, task_id=thrid_task, execution_date=20220605T000000, start_date=20220806T215829, end_date=20220806T215830
[2022-08-06 21:58:30,465] {local_task_job.py:156} INFO - Task exited with return code 0
[2022-08-06 21:58:30,527] {local_task_job.py:273} INFO - 0 downstream tasks scheduled from follow-on schedule check
[2022-08-06 22:13:26,910] {taskinstance.py:1179} INFO - Dependencies all met for <TaskInstance: our_first_dag_v5.thrid_task scheduled__2022-06-05T00:00:00+00:00 [queued]>
[2022-08-06 22:13:26,932] {taskinstance.py:1179} INFO - Dependencies all met for <TaskInstance: our_first_dag_v5.thrid_task scheduled__2022-06-05T00:00:00+00:00 [queued]>
[2022-08-06 22:13:26,932] {taskinstance.py:1376} INFO - 
--------------------------------------------------------------------------------
[2022-08-06 22:13:26,932] {taskinstance.py:1377} INFO - Starting attempt 1 of 6
[2022-08-06 22:13:26,932] {taskinstance.py:1378} INFO - 
--------------------------------------------------------------------------------
[2022-08-06 22:13:26,956] {taskinstance.py:1397} INFO - Executing <Task(BashOperator): thrid_task> on 2022-06-05 00:00:00+00:00
[2022-08-06 22:13:26,964] {standard_task_runner.py:52} INFO - Started process 3034 to run task
[2022-08-06 22:13:26,968] {standard_task_runner.py:79} INFO - Running: ['***', 'tasks', 'run', 'our_first_dag_v5', 'thrid_task', 'scheduled__2022-06-05T00:00:00+00:00', '--job-id', '939', '--raw', '--subdir', 'DAGS_FOLDER/pipeline.py', '--cfg-path', '/tmp/tmp1nbemp7v', '--error-file', '/tmp/tmp6tbfsgzj']
[2022-08-06 22:13:26,968] {standard_task_runner.py:80} INFO - Job 939: Subtask thrid_task
[2022-08-06 22:13:27,045] {task_command.py:371} INFO - Running <TaskInstance: our_first_dag_v5.thrid_task scheduled__2022-06-05T00:00:00+00:00 [running]> on host 1250c3b659cd
[2022-08-06 22:13:27,137] {taskinstance.py:1591} INFO - Exporting the following env vars:
AIRFLOW_CTX_DAG_OWNER=coder2j
AIRFLOW_CTX_DAG_ID=our_first_dag_v5
AIRFLOW_CTX_TASK_ID=thrid_task
AIRFLOW_CTX_EXECUTION_DATE=2022-06-05T00:00:00+00:00
AIRFLOW_CTX_TRY_NUMBER=1
AIRFLOW_CTX_DAG_RUN_ID=scheduled__2022-06-05T00:00:00+00:00
[2022-08-06 22:13:27,138] {subprocess.py:62} INFO - Tmp dir root location: 
 /tmp
[2022-08-06 22:13:27,139] {subprocess.py:74} INFO - Running command: ['bash', '-c', 'echo hey, I am task3 and will be running after task1 at the same time as task2!']
[2022-08-06 22:13:27,156] {subprocess.py:85} INFO - Output:
[2022-08-06 22:13:27,161] {subprocess.py:92} INFO - hey, I am task3 and will be running after task1 at the same time as task2!
[2022-08-06 22:13:27,161] {subprocess.py:96} INFO - Command exited with return code 0
[2022-08-06 22:13:27,199] {taskinstance.py:1420} INFO - Marking task as SUCCESS. dag_id=our_first_dag_v5, task_id=thrid_task, execution_date=20220605T000000, start_date=20220806T221326, end_date=20220806T221327
[2022-08-06 22:13:27,260] {local_task_job.py:156} INFO - Task exited with return code 0
[2022-08-06 22:13:27,296] {local_task_job.py:273} INFO - 0 downstream tasks scheduled from follow-on schedule check
[2022-08-06 22:24:44,747] {taskinstance.py:1179} INFO - Dependencies all met for <TaskInstance: our_first_dag_v5.thrid_task scheduled__2022-06-05T00:00:00+00:00 [queued]>
[2022-08-06 22:24:44,763] {taskinstance.py:1179} INFO - Dependencies all met for <TaskInstance: our_first_dag_v5.thrid_task scheduled__2022-06-05T00:00:00+00:00 [queued]>
[2022-08-06 22:24:44,763] {taskinstance.py:1376} INFO - 
--------------------------------------------------------------------------------
[2022-08-06 22:24:44,763] {taskinstance.py:1377} INFO - Starting attempt 1 of 6
[2022-08-06 22:24:44,763] {taskinstance.py:1378} INFO - 
--------------------------------------------------------------------------------
[2022-08-06 22:24:44,783] {taskinstance.py:1397} INFO - Executing <Task(BashOperator): thrid_task> on 2022-06-05 00:00:00+00:00
[2022-08-06 22:24:44,789] {standard_task_runner.py:52} INFO - Started process 3080 to run task
[2022-08-06 22:24:44,791] {standard_task_runner.py:79} INFO - Running: ['***', 'tasks', 'run', 'our_first_dag_v5', 'thrid_task', 'scheduled__2022-06-05T00:00:00+00:00', '--job-id', '939', '--raw', '--subdir', 'DAGS_FOLDER/pipeline.py', '--cfg-path', '/tmp/tmprvevkthj', '--error-file', '/tmp/tmpq5k0m2x4']
[2022-08-06 22:24:44,792] {standard_task_runner.py:80} INFO - Job 939: Subtask thrid_task
[2022-08-06 22:24:44,856] {task_command.py:371} INFO - Running <TaskInstance: our_first_dag_v5.thrid_task scheduled__2022-06-05T00:00:00+00:00 [running]> on host b215076695c3
[2022-08-06 22:24:44,932] {taskinstance.py:1591} INFO - Exporting the following env vars:
AIRFLOW_CTX_DAG_OWNER=coder2j
AIRFLOW_CTX_DAG_ID=our_first_dag_v5
AIRFLOW_CTX_TASK_ID=thrid_task
AIRFLOW_CTX_EXECUTION_DATE=2022-06-05T00:00:00+00:00
AIRFLOW_CTX_TRY_NUMBER=1
AIRFLOW_CTX_DAG_RUN_ID=scheduled__2022-06-05T00:00:00+00:00
[2022-08-06 22:24:44,933] {subprocess.py:62} INFO - Tmp dir root location: 
 /tmp
[2022-08-06 22:24:44,934] {subprocess.py:74} INFO - Running command: ['bash', '-c', 'echo hey, I am task3 and will be running after task1 at the same time as task2!']
[2022-08-06 22:24:44,945] {subprocess.py:85} INFO - Output:
[2022-08-06 22:24:44,946] {subprocess.py:92} INFO - hey, I am task3 and will be running after task1 at the same time as task2!
[2022-08-06 22:24:44,947] {subprocess.py:96} INFO - Command exited with return code 0
[2022-08-06 22:24:44,989] {taskinstance.py:1420} INFO - Marking task as SUCCESS. dag_id=our_first_dag_v5, task_id=thrid_task, execution_date=20220605T000000, start_date=20220806T222444, end_date=20220806T222444
[2022-08-06 22:24:45,043] {local_task_job.py:156} INFO - Task exited with return code 0
[2022-08-06 22:24:45,070] {local_task_job.py:273} INFO - 0 downstream tasks scheduled from follow-on schedule check
