[2022-08-06 19:38:27,948] {taskinstance.py:1179} INFO - Dependencies all met for <TaskInstance: our_first_dag_v5.thrid_task scheduled__2022-03-23T00:00:00+00:00 [queued]>
[2022-08-06 19:38:27,962] {taskinstance.py:1179} INFO - Dependencies all met for <TaskInstance: our_first_dag_v5.thrid_task scheduled__2022-03-23T00:00:00+00:00 [queued]>
[2022-08-06 19:38:27,962] {taskinstance.py:1376} INFO - 
--------------------------------------------------------------------------------
[2022-08-06 19:38:27,962] {taskinstance.py:1377} INFO - Starting attempt 1 of 6
[2022-08-06 19:38:27,962] {taskinstance.py:1378} INFO - 
--------------------------------------------------------------------------------
[2022-08-06 19:38:27,981] {taskinstance.py:1397} INFO - Executing <Task(BashOperator): thrid_task> on 2022-03-23 00:00:00+00:00
[2022-08-06 19:38:27,988] {standard_task_runner.py:52} INFO - Started process 2343 to run task
[2022-08-06 19:38:27,992] {standard_task_runner.py:79} INFO - Running: ['***', 'tasks', 'run', 'our_first_dag_v5', 'thrid_task', 'scheduled__2022-03-23T00:00:00+00:00', '--job-id', '715', '--raw', '--subdir', 'DAGS_FOLDER/pipeline.py', '--cfg-path', '/tmp/tmp2_on9zml', '--error-file', '/tmp/tmpyhgz7v9q']
[2022-08-06 19:38:27,992] {standard_task_runner.py:80} INFO - Job 715: Subtask thrid_task
[2022-08-06 19:38:28,099] {task_command.py:371} INFO - Running <TaskInstance: our_first_dag_v5.thrid_task scheduled__2022-03-23T00:00:00+00:00 [running]> on host b29c168c1666
[2022-08-06 19:38:28,221] {taskinstance.py:1591} INFO - Exporting the following env vars:
AIRFLOW_CTX_DAG_OWNER=coder2j
AIRFLOW_CTX_DAG_ID=our_first_dag_v5
AIRFLOW_CTX_TASK_ID=thrid_task
AIRFLOW_CTX_EXECUTION_DATE=2022-03-23T00:00:00+00:00
AIRFLOW_CTX_TRY_NUMBER=1
AIRFLOW_CTX_DAG_RUN_ID=scheduled__2022-03-23T00:00:00+00:00
[2022-08-06 19:38:28,222] {subprocess.py:62} INFO - Tmp dir root location: 
 /tmp
[2022-08-06 19:38:28,223] {subprocess.py:74} INFO - Running command: ['bash', '-c', 'echo hey, I am task3 and will be running after task1 at the same time as task2!']
[2022-08-06 19:38:28,238] {subprocess.py:85} INFO - Output:
[2022-08-06 19:38:28,240] {subprocess.py:92} INFO - hey, I am task3 and will be running after task1 at the same time as task2!
[2022-08-06 19:38:28,241] {subprocess.py:96} INFO - Command exited with return code 0
[2022-08-06 19:38:28,299] {taskinstance.py:1420} INFO - Marking task as SUCCESS. dag_id=our_first_dag_v5, task_id=thrid_task, execution_date=20220323T000000, start_date=20220806T193827, end_date=20220806T193828
[2022-08-06 19:38:28,368] {local_task_job.py:156} INFO - Task exited with return code 0
[2022-08-06 19:38:28,418] {local_task_job.py:273} INFO - 0 downstream tasks scheduled from follow-on schedule check
[2022-08-06 21:52:19,858] {taskinstance.py:1179} INFO - Dependencies all met for <TaskInstance: our_first_dag_v5.thrid_task scheduled__2022-03-23T00:00:00+00:00 [queued]>
[2022-08-06 21:52:19,871] {taskinstance.py:1179} INFO - Dependencies all met for <TaskInstance: our_first_dag_v5.thrid_task scheduled__2022-03-23T00:00:00+00:00 [queued]>
[2022-08-06 21:52:19,871] {taskinstance.py:1376} INFO - 
--------------------------------------------------------------------------------
[2022-08-06 21:52:19,871] {taskinstance.py:1377} INFO - Starting attempt 1 of 6
[2022-08-06 21:52:19,871] {taskinstance.py:1378} INFO - 
--------------------------------------------------------------------------------
[2022-08-06 21:52:19,889] {taskinstance.py:1397} INFO - Executing <Task(BashOperator): thrid_task> on 2022-03-23 00:00:00+00:00
[2022-08-06 21:52:19,895] {standard_task_runner.py:52} INFO - Started process 2520 to run task
[2022-08-06 21:52:19,899] {standard_task_runner.py:79} INFO - Running: ['***', 'tasks', 'run', 'our_first_dag_v5', 'thrid_task', 'scheduled__2022-03-23T00:00:00+00:00', '--job-id', '712', '--raw', '--subdir', 'DAGS_FOLDER/pipeline.py', '--cfg-path', '/tmp/tmpqnzvlhdj', '--error-file', '/tmp/tmpat219m2f']
[2022-08-06 21:52:19,900] {standard_task_runner.py:80} INFO - Job 712: Subtask thrid_task
[2022-08-06 21:52:19,996] {task_command.py:371} INFO - Running <TaskInstance: our_first_dag_v5.thrid_task scheduled__2022-03-23T00:00:00+00:00 [running]> on host c3f731879890
[2022-08-06 21:52:20,104] {taskinstance.py:1591} INFO - Exporting the following env vars:
AIRFLOW_CTX_DAG_OWNER=coder2j
AIRFLOW_CTX_DAG_ID=our_first_dag_v5
AIRFLOW_CTX_TASK_ID=thrid_task
AIRFLOW_CTX_EXECUTION_DATE=2022-03-23T00:00:00+00:00
AIRFLOW_CTX_TRY_NUMBER=1
AIRFLOW_CTX_DAG_RUN_ID=scheduled__2022-03-23T00:00:00+00:00
[2022-08-06 21:52:20,105] {subprocess.py:62} INFO - Tmp dir root location: 
 /tmp
[2022-08-06 21:52:20,106] {subprocess.py:74} INFO - Running command: ['bash', '-c', 'echo hey, I am task3 and will be running after task1 at the same time as task2!']
[2022-08-06 21:52:20,122] {subprocess.py:85} INFO - Output:
[2022-08-06 21:52:20,125] {subprocess.py:92} INFO - hey, I am task3 and will be running after task1 at the same time as task2!
[2022-08-06 21:52:20,125] {subprocess.py:96} INFO - Command exited with return code 0
[2022-08-06 21:52:20,204] {taskinstance.py:1420} INFO - Marking task as SUCCESS. dag_id=our_first_dag_v5, task_id=thrid_task, execution_date=20220323T000000, start_date=20220806T215219, end_date=20220806T215220
[2022-08-06 21:52:20,230] {local_task_job.py:156} INFO - Task exited with return code 0
[2022-08-06 21:52:20,276] {local_task_job.py:273} INFO - 0 downstream tasks scheduled from follow-on schedule check
[2022-08-06 21:57:43,623] {taskinstance.py:1179} INFO - Dependencies all met for <TaskInstance: our_first_dag_v5.thrid_task scheduled__2022-03-23T00:00:00+00:00 [queued]>
[2022-08-06 21:57:43,636] {taskinstance.py:1179} INFO - Dependencies all met for <TaskInstance: our_first_dag_v5.thrid_task scheduled__2022-03-23T00:00:00+00:00 [queued]>
[2022-08-06 21:57:43,636] {taskinstance.py:1376} INFO - 
--------------------------------------------------------------------------------
[2022-08-06 21:57:43,636] {taskinstance.py:1377} INFO - Starting attempt 1 of 6
[2022-08-06 21:57:43,636] {taskinstance.py:1378} INFO - 
--------------------------------------------------------------------------------
[2022-08-06 21:57:43,655] {taskinstance.py:1397} INFO - Executing <Task(BashOperator): thrid_task> on 2022-03-23 00:00:00+00:00
[2022-08-06 21:57:43,662] {standard_task_runner.py:52} INFO - Started process 2329 to run task
[2022-08-06 21:57:43,665] {standard_task_runner.py:79} INFO - Running: ['***', 'tasks', 'run', 'our_first_dag_v5', 'thrid_task', 'scheduled__2022-03-23T00:00:00+00:00', '--job-id', '714', '--raw', '--subdir', 'DAGS_FOLDER/pipeline.py', '--cfg-path', '/tmp/tmpi5kacbk6', '--error-file', '/tmp/tmpje9jw5js']
[2022-08-06 21:57:43,666] {standard_task_runner.py:80} INFO - Job 714: Subtask thrid_task
[2022-08-06 21:57:43,815] {task_command.py:371} INFO - Running <TaskInstance: our_first_dag_v5.thrid_task scheduled__2022-03-23T00:00:00+00:00 [running]> on host bc7e154a4fdd
[2022-08-06 21:57:43,925] {taskinstance.py:1591} INFO - Exporting the following env vars:
AIRFLOW_CTX_DAG_OWNER=coder2j
AIRFLOW_CTX_DAG_ID=our_first_dag_v5
AIRFLOW_CTX_TASK_ID=thrid_task
AIRFLOW_CTX_EXECUTION_DATE=2022-03-23T00:00:00+00:00
AIRFLOW_CTX_TRY_NUMBER=1
AIRFLOW_CTX_DAG_RUN_ID=scheduled__2022-03-23T00:00:00+00:00
[2022-08-06 21:57:43,926] {subprocess.py:62} INFO - Tmp dir root location: 
 /tmp
[2022-08-06 21:57:43,927] {subprocess.py:74} INFO - Running command: ['bash', '-c', 'echo hey, I am task3 and will be running after task1 at the same time as task2!']
[2022-08-06 21:57:43,946] {subprocess.py:85} INFO - Output:
[2022-08-06 21:57:43,948] {subprocess.py:92} INFO - hey, I am task3 and will be running after task1 at the same time as task2!
[2022-08-06 21:57:43,948] {subprocess.py:96} INFO - Command exited with return code 0
[2022-08-06 21:57:43,991] {taskinstance.py:1420} INFO - Marking task as SUCCESS. dag_id=our_first_dag_v5, task_id=thrid_task, execution_date=20220323T000000, start_date=20220806T215743, end_date=20220806T215743
[2022-08-06 21:57:44,037] {local_task_job.py:156} INFO - Task exited with return code 0
[2022-08-06 21:57:44,079] {local_task_job.py:273} INFO - 0 downstream tasks scheduled from follow-on schedule check
[2022-08-06 22:12:45,620] {taskinstance.py:1179} INFO - Dependencies all met for <TaskInstance: our_first_dag_v5.thrid_task scheduled__2022-03-23T00:00:00+00:00 [queued]>
[2022-08-06 22:12:45,646] {taskinstance.py:1179} INFO - Dependencies all met for <TaskInstance: our_first_dag_v5.thrid_task scheduled__2022-03-23T00:00:00+00:00 [queued]>
[2022-08-06 22:12:45,646] {taskinstance.py:1376} INFO - 
--------------------------------------------------------------------------------
[2022-08-06 22:12:45,647] {taskinstance.py:1377} INFO - Starting attempt 1 of 6
[2022-08-06 22:12:45,647] {taskinstance.py:1378} INFO - 
--------------------------------------------------------------------------------
[2022-08-06 22:12:45,671] {taskinstance.py:1397} INFO - Executing <Task(BashOperator): thrid_task> on 2022-03-23 00:00:00+00:00
[2022-08-06 22:12:45,679] {standard_task_runner.py:52} INFO - Started process 2334 to run task
[2022-08-06 22:12:45,683] {standard_task_runner.py:79} INFO - Running: ['***', 'tasks', 'run', 'our_first_dag_v5', 'thrid_task', 'scheduled__2022-03-23T00:00:00+00:00', '--job-id', '717', '--raw', '--subdir', 'DAGS_FOLDER/pipeline.py', '--cfg-path', '/tmp/tmptz634_pm', '--error-file', '/tmp/tmpu71e0et7']
[2022-08-06 22:12:45,683] {standard_task_runner.py:80} INFO - Job 717: Subtask thrid_task
[2022-08-06 22:12:45,765] {task_command.py:371} INFO - Running <TaskInstance: our_first_dag_v5.thrid_task scheduled__2022-03-23T00:00:00+00:00 [running]> on host 1250c3b659cd
[2022-08-06 22:12:45,852] {taskinstance.py:1591} INFO - Exporting the following env vars:
AIRFLOW_CTX_DAG_OWNER=coder2j
AIRFLOW_CTX_DAG_ID=our_first_dag_v5
AIRFLOW_CTX_TASK_ID=thrid_task
AIRFLOW_CTX_EXECUTION_DATE=2022-03-23T00:00:00+00:00
AIRFLOW_CTX_TRY_NUMBER=1
AIRFLOW_CTX_DAG_RUN_ID=scheduled__2022-03-23T00:00:00+00:00
[2022-08-06 22:12:45,854] {subprocess.py:62} INFO - Tmp dir root location: 
 /tmp
[2022-08-06 22:12:45,854] {subprocess.py:74} INFO - Running command: ['bash', '-c', 'echo hey, I am task3 and will be running after task1 at the same time as task2!']
[2022-08-06 22:12:45,868] {subprocess.py:85} INFO - Output:
[2022-08-06 22:12:45,870] {subprocess.py:92} INFO - hey, I am task3 and will be running after task1 at the same time as task2!
[2022-08-06 22:12:45,870] {subprocess.py:96} INFO - Command exited with return code 0
[2022-08-06 22:12:45,903] {taskinstance.py:1420} INFO - Marking task as SUCCESS. dag_id=our_first_dag_v5, task_id=thrid_task, execution_date=20220323T000000, start_date=20220806T221245, end_date=20220806T221245
[2022-08-06 22:12:45,934] {local_task_job.py:156} INFO - Task exited with return code 0
[2022-08-06 22:12:45,987] {local_task_job.py:273} INFO - 0 downstream tasks scheduled from follow-on schedule check
[2022-08-06 22:24:04,877] {taskinstance.py:1179} INFO - Dependencies all met for <TaskInstance: our_first_dag_v5.thrid_task scheduled__2022-03-23T00:00:00+00:00 [queued]>
[2022-08-06 22:24:04,893] {taskinstance.py:1179} INFO - Dependencies all met for <TaskInstance: our_first_dag_v5.thrid_task scheduled__2022-03-23T00:00:00+00:00 [queued]>
[2022-08-06 22:24:04,894] {taskinstance.py:1376} INFO - 
--------------------------------------------------------------------------------
[2022-08-06 22:24:04,894] {taskinstance.py:1377} INFO - Starting attempt 1 of 6
[2022-08-06 22:24:04,894] {taskinstance.py:1378} INFO - 
--------------------------------------------------------------------------------
[2022-08-06 22:24:04,912] {taskinstance.py:1397} INFO - Executing <Task(BashOperator): thrid_task> on 2022-03-23 00:00:00+00:00
[2022-08-06 22:24:04,919] {standard_task_runner.py:52} INFO - Started process 2390 to run task
[2022-08-06 22:24:04,923] {standard_task_runner.py:79} INFO - Running: ['***', 'tasks', 'run', 'our_first_dag_v5', 'thrid_task', 'scheduled__2022-03-23T00:00:00+00:00', '--job-id', '719', '--raw', '--subdir', 'DAGS_FOLDER/pipeline.py', '--cfg-path', '/tmp/tmp4w5u8c74', '--error-file', '/tmp/tmp39gugoy1']
[2022-08-06 22:24:04,923] {standard_task_runner.py:80} INFO - Job 719: Subtask thrid_task
[2022-08-06 22:24:04,995] {task_command.py:371} INFO - Running <TaskInstance: our_first_dag_v5.thrid_task scheduled__2022-03-23T00:00:00+00:00 [running]> on host b215076695c3
[2022-08-06 22:24:05,086] {taskinstance.py:1591} INFO - Exporting the following env vars:
AIRFLOW_CTX_DAG_OWNER=coder2j
AIRFLOW_CTX_DAG_ID=our_first_dag_v5
AIRFLOW_CTX_TASK_ID=thrid_task
AIRFLOW_CTX_EXECUTION_DATE=2022-03-23T00:00:00+00:00
AIRFLOW_CTX_TRY_NUMBER=1
AIRFLOW_CTX_DAG_RUN_ID=scheduled__2022-03-23T00:00:00+00:00
[2022-08-06 22:24:05,087] {subprocess.py:62} INFO - Tmp dir root location: 
 /tmp
[2022-08-06 22:24:05,088] {subprocess.py:74} INFO - Running command: ['bash', '-c', 'echo hey, I am task3 and will be running after task1 at the same time as task2!']
[2022-08-06 22:24:05,105] {subprocess.py:85} INFO - Output:
[2022-08-06 22:24:05,107] {subprocess.py:92} INFO - hey, I am task3 and will be running after task1 at the same time as task2!
[2022-08-06 22:24:05,107] {subprocess.py:96} INFO - Command exited with return code 0
[2022-08-06 22:24:05,143] {taskinstance.py:1420} INFO - Marking task as SUCCESS. dag_id=our_first_dag_v5, task_id=thrid_task, execution_date=20220323T000000, start_date=20220806T222404, end_date=20220806T222405
[2022-08-06 22:24:05,174] {local_task_job.py:156} INFO - Task exited with return code 0
[2022-08-06 22:24:05,240] {local_task_job.py:273} INFO - 0 downstream tasks scheduled from follow-on schedule check
