[2022-08-06 19:38:10,559] {taskinstance.py:1179} INFO - Dependencies all met for <TaskInstance: our_first_dag_v5.first_task scheduled__2022-02-28T00:00:00+00:00 [queued]>
[2022-08-06 19:38:10,579] {taskinstance.py:1179} INFO - Dependencies all met for <TaskInstance: our_first_dag_v5.first_task scheduled__2022-02-28T00:00:00+00:00 [queued]>
[2022-08-06 19:38:10,579] {taskinstance.py:1376} INFO - 
--------------------------------------------------------------------------------
[2022-08-06 19:38:10,579] {taskinstance.py:1377} INFO - Starting attempt 1 of 6
[2022-08-06 19:38:10,579] {taskinstance.py:1378} INFO - 
--------------------------------------------------------------------------------
[2022-08-06 19:38:10,609] {taskinstance.py:1397} INFO - Executing <Task(BashOperator): first_task> on 2022-02-28 00:00:00+00:00
[2022-08-06 19:38:10,620] {standard_task_runner.py:52} INFO - Started process 2095 to run task
[2022-08-06 19:38:10,624] {standard_task_runner.py:79} INFO - Running: ['***', 'tasks', 'run', 'our_first_dag_v5', 'first_task', 'scheduled__2022-02-28T00:00:00+00:00', '--job-id', '638', '--raw', '--subdir', 'DAGS_FOLDER/pipeline.py', '--cfg-path', '/tmp/tmpziagmeh1', '--error-file', '/tmp/tmp4j9rato1']
[2022-08-06 19:38:10,624] {standard_task_runner.py:80} INFO - Job 638: Subtask first_task
[2022-08-06 19:38:10,725] {task_command.py:371} INFO - Running <TaskInstance: our_first_dag_v5.first_task scheduled__2022-02-28T00:00:00+00:00 [running]> on host b29c168c1666
[2022-08-06 19:38:10,832] {taskinstance.py:1591} INFO - Exporting the following env vars:
AIRFLOW_CTX_DAG_OWNER=coder2j
AIRFLOW_CTX_DAG_ID=our_first_dag_v5
AIRFLOW_CTX_TASK_ID=first_task
AIRFLOW_CTX_EXECUTION_DATE=2022-02-28T00:00:00+00:00
AIRFLOW_CTX_TRY_NUMBER=1
AIRFLOW_CTX_DAG_RUN_ID=scheduled__2022-02-28T00:00:00+00:00
[2022-08-06 19:38:10,832] {subprocess.py:62} INFO - Tmp dir root location: 
 /tmp
[2022-08-06 19:38:10,833] {subprocess.py:74} INFO - Running command: ['bash', '-c', 'echo hello world, this is the first task!']
[2022-08-06 19:38:10,848] {subprocess.py:85} INFO - Output:
[2022-08-06 19:38:10,850] {subprocess.py:92} INFO - hello world, this is the first task!
[2022-08-06 19:38:10,850] {subprocess.py:96} INFO - Command exited with return code 0
[2022-08-06 19:38:10,886] {taskinstance.py:1420} INFO - Marking task as SUCCESS. dag_id=our_first_dag_v5, task_id=first_task, execution_date=20220228T000000, start_date=20220806T193810, end_date=20220806T193810
[2022-08-06 19:38:10,918] {local_task_job.py:156} INFO - Task exited with return code 0
[2022-08-06 19:38:10,968] {local_task_job.py:273} INFO - 2 downstream tasks scheduled from follow-on schedule check
[2022-08-06 21:52:04,459] {taskinstance.py:1179} INFO - Dependencies all met for <TaskInstance: our_first_dag_v5.first_task scheduled__2022-02-28T00:00:00+00:00 [queued]>
[2022-08-06 21:52:04,473] {taskinstance.py:1179} INFO - Dependencies all met for <TaskInstance: our_first_dag_v5.first_task scheduled__2022-02-28T00:00:00+00:00 [queued]>
[2022-08-06 21:52:04,473] {taskinstance.py:1376} INFO - 
--------------------------------------------------------------------------------
[2022-08-06 21:52:04,474] {taskinstance.py:1377} INFO - Starting attempt 1 of 6
[2022-08-06 21:52:04,474] {taskinstance.py:1378} INFO - 
--------------------------------------------------------------------------------
[2022-08-06 21:52:04,498] {taskinstance.py:1397} INFO - Executing <Task(BashOperator): first_task> on 2022-02-28 00:00:00+00:00
[2022-08-06 21:52:04,506] {standard_task_runner.py:52} INFO - Started process 2281 to run task
[2022-08-06 21:52:04,511] {standard_task_runner.py:79} INFO - Running: ['***', 'tasks', 'run', 'our_first_dag_v5', 'first_task', 'scheduled__2022-02-28T00:00:00+00:00', '--job-id', '636', '--raw', '--subdir', 'DAGS_FOLDER/pipeline.py', '--cfg-path', '/tmp/tmpscwqjutv', '--error-file', '/tmp/tmp44e81hzq']
[2022-08-06 21:52:04,511] {standard_task_runner.py:80} INFO - Job 636: Subtask first_task
[2022-08-06 21:52:04,591] {task_command.py:371} INFO - Running <TaskInstance: our_first_dag_v5.first_task scheduled__2022-02-28T00:00:00+00:00 [running]> on host c3f731879890
[2022-08-06 21:52:04,683] {taskinstance.py:1591} INFO - Exporting the following env vars:
AIRFLOW_CTX_DAG_OWNER=coder2j
AIRFLOW_CTX_DAG_ID=our_first_dag_v5
AIRFLOW_CTX_TASK_ID=first_task
AIRFLOW_CTX_EXECUTION_DATE=2022-02-28T00:00:00+00:00
AIRFLOW_CTX_TRY_NUMBER=1
AIRFLOW_CTX_DAG_RUN_ID=scheduled__2022-02-28T00:00:00+00:00
[2022-08-06 21:52:04,684] {subprocess.py:62} INFO - Tmp dir root location: 
 /tmp
[2022-08-06 21:52:04,684] {subprocess.py:74} INFO - Running command: ['bash', '-c', 'echo hello world, this is the first task!']
[2022-08-06 21:52:04,699] {subprocess.py:85} INFO - Output:
[2022-08-06 21:52:04,700] {subprocess.py:92} INFO - hello world, this is the first task!
[2022-08-06 21:52:04,700] {subprocess.py:96} INFO - Command exited with return code 0
[2022-08-06 21:52:04,732] {taskinstance.py:1420} INFO - Marking task as SUCCESS. dag_id=our_first_dag_v5, task_id=first_task, execution_date=20220228T000000, start_date=20220806T215204, end_date=20220806T215204
[2022-08-06 21:52:04,762] {local_task_job.py:156} INFO - Task exited with return code 0
[2022-08-06 21:52:04,817] {local_task_job.py:273} INFO - 2 downstream tasks scheduled from follow-on schedule check
[2022-08-06 21:57:27,935] {taskinstance.py:1179} INFO - Dependencies all met for <TaskInstance: our_first_dag_v5.first_task scheduled__2022-02-28T00:00:00+00:00 [queued]>
[2022-08-06 21:57:27,954] {taskinstance.py:1179} INFO - Dependencies all met for <TaskInstance: our_first_dag_v5.first_task scheduled__2022-02-28T00:00:00+00:00 [queued]>
[2022-08-06 21:57:27,954] {taskinstance.py:1376} INFO - 
--------------------------------------------------------------------------------
[2022-08-06 21:57:27,954] {taskinstance.py:1377} INFO - Starting attempt 1 of 6
[2022-08-06 21:57:27,955] {taskinstance.py:1378} INFO - 
--------------------------------------------------------------------------------
[2022-08-06 21:57:27,974] {taskinstance.py:1397} INFO - Executing <Task(BashOperator): first_task> on 2022-02-28 00:00:00+00:00
[2022-08-06 21:57:27,983] {standard_task_runner.py:52} INFO - Started process 2065 to run task
[2022-08-06 21:57:27,986] {standard_task_runner.py:79} INFO - Running: ['***', 'tasks', 'run', 'our_first_dag_v5', 'first_task', 'scheduled__2022-02-28T00:00:00+00:00', '--job-id', '634', '--raw', '--subdir', 'DAGS_FOLDER/pipeline.py', '--cfg-path', '/tmp/tmpfp9ri40_', '--error-file', '/tmp/tmpuw9ocpte']
[2022-08-06 21:57:27,987] {standard_task_runner.py:80} INFO - Job 634: Subtask first_task
[2022-08-06 21:57:28,085] {task_command.py:371} INFO - Running <TaskInstance: our_first_dag_v5.first_task scheduled__2022-02-28T00:00:00+00:00 [running]> on host bc7e154a4fdd
[2022-08-06 21:57:28,208] {taskinstance.py:1591} INFO - Exporting the following env vars:
AIRFLOW_CTX_DAG_OWNER=coder2j
AIRFLOW_CTX_DAG_ID=our_first_dag_v5
AIRFLOW_CTX_TASK_ID=first_task
AIRFLOW_CTX_EXECUTION_DATE=2022-02-28T00:00:00+00:00
AIRFLOW_CTX_TRY_NUMBER=1
AIRFLOW_CTX_DAG_RUN_ID=scheduled__2022-02-28T00:00:00+00:00
[2022-08-06 21:57:28,210] {subprocess.py:62} INFO - Tmp dir root location: 
 /tmp
[2022-08-06 21:57:28,210] {subprocess.py:74} INFO - Running command: ['bash', '-c', 'echo hello world, this is the first task!']
[2022-08-06 21:57:28,273] {subprocess.py:85} INFO - Output:
[2022-08-06 21:57:28,275] {subprocess.py:92} INFO - hello world, this is the first task!
[2022-08-06 21:57:28,275] {subprocess.py:96} INFO - Command exited with return code 0
[2022-08-06 21:57:28,321] {taskinstance.py:1420} INFO - Marking task as SUCCESS. dag_id=our_first_dag_v5, task_id=first_task, execution_date=20220228T000000, start_date=20220806T215727, end_date=20220806T215728
[2022-08-06 21:57:28,369] {local_task_job.py:156} INFO - Task exited with return code 0
[2022-08-06 21:57:28,447] {local_task_job.py:273} INFO - 2 downstream tasks scheduled from follow-on schedule check
[2022-08-06 22:12:31,650] {taskinstance.py:1179} INFO - Dependencies all met for <TaskInstance: our_first_dag_v5.first_task scheduled__2022-02-28T00:00:00+00:00 [queued]>
[2022-08-06 22:12:31,659] {taskinstance.py:1179} INFO - Dependencies all met for <TaskInstance: our_first_dag_v5.first_task scheduled__2022-02-28T00:00:00+00:00 [queued]>
[2022-08-06 22:12:31,659] {taskinstance.py:1376} INFO - 
--------------------------------------------------------------------------------
[2022-08-06 22:12:31,659] {taskinstance.py:1377} INFO - Starting attempt 1 of 6
[2022-08-06 22:12:31,659] {taskinstance.py:1378} INFO - 
--------------------------------------------------------------------------------
[2022-08-06 22:12:31,672] {taskinstance.py:1397} INFO - Executing <Task(BashOperator): first_task> on 2022-02-28 00:00:00+00:00
[2022-08-06 22:12:31,677] {standard_task_runner.py:52} INFO - Started process 2100 to run task
[2022-08-06 22:12:31,679] {standard_task_runner.py:79} INFO - Running: ['***', 'tasks', 'run', 'our_first_dag_v5', 'first_task', 'scheduled__2022-02-28T00:00:00+00:00', '--job-id', '642', '--raw', '--subdir', 'DAGS_FOLDER/pipeline.py', '--cfg-path', '/tmp/tmp21c955ok', '--error-file', '/tmp/tmp8_ubxhmb']
[2022-08-06 22:12:31,680] {standard_task_runner.py:80} INFO - Job 642: Subtask first_task
[2022-08-06 22:12:31,737] {task_command.py:371} INFO - Running <TaskInstance: our_first_dag_v5.first_task scheduled__2022-02-28T00:00:00+00:00 [running]> on host 1250c3b659cd
[2022-08-06 22:12:31,811] {taskinstance.py:1591} INFO - Exporting the following env vars:
AIRFLOW_CTX_DAG_OWNER=coder2j
AIRFLOW_CTX_DAG_ID=our_first_dag_v5
AIRFLOW_CTX_TASK_ID=first_task
AIRFLOW_CTX_EXECUTION_DATE=2022-02-28T00:00:00+00:00
AIRFLOW_CTX_TRY_NUMBER=1
AIRFLOW_CTX_DAG_RUN_ID=scheduled__2022-02-28T00:00:00+00:00
[2022-08-06 22:12:31,812] {subprocess.py:62} INFO - Tmp dir root location: 
 /tmp
[2022-08-06 22:12:31,812] {subprocess.py:74} INFO - Running command: ['bash', '-c', 'echo hello world, this is the first task!']
[2022-08-06 22:12:31,826] {subprocess.py:85} INFO - Output:
[2022-08-06 22:12:31,828] {subprocess.py:92} INFO - hello world, this is the first task!
[2022-08-06 22:12:31,828] {subprocess.py:96} INFO - Command exited with return code 0
[2022-08-06 22:12:31,856] {taskinstance.py:1420} INFO - Marking task as SUCCESS. dag_id=our_first_dag_v5, task_id=first_task, execution_date=20220228T000000, start_date=20220806T221231, end_date=20220806T221231
[2022-08-06 22:12:31,890] {local_task_job.py:156} INFO - Task exited with return code 0
[2022-08-06 22:12:31,922] {local_task_job.py:273} INFO - 0 downstream tasks scheduled from follow-on schedule check
[2022-08-06 22:23:52,338] {taskinstance.py:1179} INFO - Dependencies all met for <TaskInstance: our_first_dag_v5.first_task scheduled__2022-02-28T00:00:00+00:00 [queued]>
[2022-08-06 22:23:52,352] {taskinstance.py:1179} INFO - Dependencies all met for <TaskInstance: our_first_dag_v5.first_task scheduled__2022-02-28T00:00:00+00:00 [queued]>
[2022-08-06 22:23:52,352] {taskinstance.py:1376} INFO - 
--------------------------------------------------------------------------------
[2022-08-06 22:23:52,352] {taskinstance.py:1377} INFO - Starting attempt 1 of 6
[2022-08-06 22:23:52,352] {taskinstance.py:1378} INFO - 
--------------------------------------------------------------------------------
[2022-08-06 22:23:52,371] {taskinstance.py:1397} INFO - Executing <Task(BashOperator): first_task> on 2022-02-28 00:00:00+00:00
[2022-08-06 22:23:52,377] {standard_task_runner.py:52} INFO - Started process 2140 to run task
[2022-08-06 22:23:52,379] {standard_task_runner.py:79} INFO - Running: ['***', 'tasks', 'run', 'our_first_dag_v5', 'first_task', 'scheduled__2022-02-28T00:00:00+00:00', '--job-id', '641', '--raw', '--subdir', 'DAGS_FOLDER/pipeline.py', '--cfg-path', '/tmp/tmpt_flkdqm', '--error-file', '/tmp/tmp1g06sigl']
[2022-08-06 22:23:52,379] {standard_task_runner.py:80} INFO - Job 641: Subtask first_task
[2022-08-06 22:23:52,441] {task_command.py:371} INFO - Running <TaskInstance: our_first_dag_v5.first_task scheduled__2022-02-28T00:00:00+00:00 [running]> on host b215076695c3
[2022-08-06 22:23:52,539] {taskinstance.py:1591} INFO - Exporting the following env vars:
AIRFLOW_CTX_DAG_OWNER=coder2j
AIRFLOW_CTX_DAG_ID=our_first_dag_v5
AIRFLOW_CTX_TASK_ID=first_task
AIRFLOW_CTX_EXECUTION_DATE=2022-02-28T00:00:00+00:00
AIRFLOW_CTX_TRY_NUMBER=1
AIRFLOW_CTX_DAG_RUN_ID=scheduled__2022-02-28T00:00:00+00:00
[2022-08-06 22:23:52,540] {subprocess.py:62} INFO - Tmp dir root location: 
 /tmp
[2022-08-06 22:23:52,540] {subprocess.py:74} INFO - Running command: ['bash', '-c', 'echo hello world, this is the first task!']
[2022-08-06 22:23:52,555] {subprocess.py:85} INFO - Output:
[2022-08-06 22:23:52,556] {subprocess.py:92} INFO - hello world, this is the first task!
[2022-08-06 22:23:52,556] {subprocess.py:96} INFO - Command exited with return code 0
[2022-08-06 22:23:52,587] {taskinstance.py:1420} INFO - Marking task as SUCCESS. dag_id=our_first_dag_v5, task_id=first_task, execution_date=20220228T000000, start_date=20220806T222352, end_date=20220806T222352
[2022-08-06 22:23:52,631] {local_task_job.py:156} INFO - Task exited with return code 0
[2022-08-06 22:23:52,671] {local_task_job.py:273} INFO - 0 downstream tasks scheduled from follow-on schedule check
