[2022-08-06 19:37:30,522] {taskinstance.py:1179} INFO - Dependencies all met for <TaskInstance: our_first_dag_v5.first_task scheduled__2021-12-20T00:00:00+00:00 [queued]>
[2022-08-06 19:37:30,532] {taskinstance.py:1179} INFO - Dependencies all met for <TaskInstance: our_first_dag_v5.first_task scheduled__2021-12-20T00:00:00+00:00 [queued]>
[2022-08-06 19:37:30,532] {taskinstance.py:1376} INFO - 
--------------------------------------------------------------------------------
[2022-08-06 19:37:30,532] {taskinstance.py:1377} INFO - Starting attempt 1 of 6
[2022-08-06 19:37:30,532] {taskinstance.py:1378} INFO - 
--------------------------------------------------------------------------------
[2022-08-06 19:37:30,547] {taskinstance.py:1397} INFO - Executing <Task(BashOperator): first_task> on 2021-12-20 00:00:00+00:00
[2022-08-06 19:37:30,552] {standard_task_runner.py:52} INFO - Started process 1443 to run task
[2022-08-06 19:37:30,554] {standard_task_runner.py:79} INFO - Running: ['***', 'tasks', 'run', 'our_first_dag_v5', 'first_task', 'scheduled__2021-12-20T00:00:00+00:00', '--job-id', '430', '--raw', '--subdir', 'DAGS_FOLDER/pipeline.py', '--cfg-path', '/tmp/tmpdr8gw6ql', '--error-file', '/tmp/tmphre2m3cf']
[2022-08-06 19:37:30,554] {standard_task_runner.py:80} INFO - Job 430: Subtask first_task
[2022-08-06 19:37:30,612] {task_command.py:371} INFO - Running <TaskInstance: our_first_dag_v5.first_task scheduled__2021-12-20T00:00:00+00:00 [running]> on host b29c168c1666
[2022-08-06 19:37:30,699] {taskinstance.py:1591} INFO - Exporting the following env vars:
AIRFLOW_CTX_DAG_OWNER=coder2j
AIRFLOW_CTX_DAG_ID=our_first_dag_v5
AIRFLOW_CTX_TASK_ID=first_task
AIRFLOW_CTX_EXECUTION_DATE=2021-12-20T00:00:00+00:00
AIRFLOW_CTX_TRY_NUMBER=1
AIRFLOW_CTX_DAG_RUN_ID=scheduled__2021-12-20T00:00:00+00:00
[2022-08-06 19:37:30,700] {subprocess.py:62} INFO - Tmp dir root location: 
 /tmp
[2022-08-06 19:37:30,701] {subprocess.py:74} INFO - Running command: ['bash', '-c', 'echo hello world, this is the first task!']
[2022-08-06 19:37:30,715] {subprocess.py:85} INFO - Output:
[2022-08-06 19:37:30,717] {subprocess.py:92} INFO - hello world, this is the first task!
[2022-08-06 19:37:30,717] {subprocess.py:96} INFO - Command exited with return code 0
[2022-08-06 19:37:30,752] {taskinstance.py:1420} INFO - Marking task as SUCCESS. dag_id=our_first_dag_v5, task_id=first_task, execution_date=20211220T000000, start_date=20220806T193730, end_date=20220806T193730
[2022-08-06 19:37:30,806] {local_task_job.py:156} INFO - Task exited with return code 0
[2022-08-06 19:37:30,853] {local_task_job.py:273} INFO - 2 downstream tasks scheduled from follow-on schedule check
[2022-08-06 21:51:23,089] {taskinstance.py:1179} INFO - Dependencies all met for <TaskInstance: our_first_dag_v5.first_task scheduled__2021-12-20T00:00:00+00:00 [queued]>
[2022-08-06 21:51:23,101] {taskinstance.py:1179} INFO - Dependencies all met for <TaskInstance: our_first_dag_v5.first_task scheduled__2021-12-20T00:00:00+00:00 [queued]>
[2022-08-06 21:51:23,102] {taskinstance.py:1376} INFO - 
--------------------------------------------------------------------------------
[2022-08-06 21:51:23,102] {taskinstance.py:1377} INFO - Starting attempt 1 of 6
[2022-08-06 21:51:23,102] {taskinstance.py:1378} INFO - 
--------------------------------------------------------------------------------
[2022-08-06 21:51:23,121] {taskinstance.py:1397} INFO - Executing <Task(BashOperator): first_task> on 2021-12-20 00:00:00+00:00
[2022-08-06 21:51:23,128] {standard_task_runner.py:52} INFO - Started process 1613 to run task
[2022-08-06 21:51:23,130] {standard_task_runner.py:79} INFO - Running: ['***', 'tasks', 'run', 'our_first_dag_v5', 'first_task', 'scheduled__2021-12-20T00:00:00+00:00', '--job-id', '426', '--raw', '--subdir', 'DAGS_FOLDER/pipeline.py', '--cfg-path', '/tmp/tmp1ztrtbxc', '--error-file', '/tmp/tmpwx6gpk9c']
[2022-08-06 21:51:23,130] {standard_task_runner.py:80} INFO - Job 426: Subtask first_task
[2022-08-06 21:51:23,202] {task_command.py:371} INFO - Running <TaskInstance: our_first_dag_v5.first_task scheduled__2021-12-20T00:00:00+00:00 [running]> on host c3f731879890
[2022-08-06 21:51:23,313] {taskinstance.py:1591} INFO - Exporting the following env vars:
AIRFLOW_CTX_DAG_OWNER=coder2j
AIRFLOW_CTX_DAG_ID=our_first_dag_v5
AIRFLOW_CTX_TASK_ID=first_task
AIRFLOW_CTX_EXECUTION_DATE=2021-12-20T00:00:00+00:00
AIRFLOW_CTX_TRY_NUMBER=1
AIRFLOW_CTX_DAG_RUN_ID=scheduled__2021-12-20T00:00:00+00:00
[2022-08-06 21:51:23,315] {subprocess.py:62} INFO - Tmp dir root location: 
 /tmp
[2022-08-06 21:51:23,315] {subprocess.py:74} INFO - Running command: ['bash', '-c', 'echo hello world, this is the first task!']
[2022-08-06 21:51:23,338] {subprocess.py:85} INFO - Output:
[2022-08-06 21:51:23,341] {subprocess.py:92} INFO - hello world, this is the first task!
[2022-08-06 21:51:23,341] {subprocess.py:96} INFO - Command exited with return code 0
[2022-08-06 21:51:23,382] {taskinstance.py:1420} INFO - Marking task as SUCCESS. dag_id=our_first_dag_v5, task_id=first_task, execution_date=20211220T000000, start_date=20220806T215123, end_date=20220806T215123
[2022-08-06 21:51:23,422] {local_task_job.py:156} INFO - Task exited with return code 0
[2022-08-06 21:51:23,478] {local_task_job.py:273} INFO - 2 downstream tasks scheduled from follow-on schedule check
[2022-08-06 21:56:47,521] {taskinstance.py:1179} INFO - Dependencies all met for <TaskInstance: our_first_dag_v5.first_task scheduled__2021-12-20T00:00:00+00:00 [queued]>
[2022-08-06 21:56:47,534] {taskinstance.py:1179} INFO - Dependencies all met for <TaskInstance: our_first_dag_v5.first_task scheduled__2021-12-20T00:00:00+00:00 [queued]>
[2022-08-06 21:56:47,534] {taskinstance.py:1376} INFO - 
--------------------------------------------------------------------------------
[2022-08-06 21:56:47,534] {taskinstance.py:1377} INFO - Starting attempt 1 of 6
[2022-08-06 21:56:47,534] {taskinstance.py:1378} INFO - 
--------------------------------------------------------------------------------
[2022-08-06 21:56:47,550] {taskinstance.py:1397} INFO - Executing <Task(BashOperator): first_task> on 2021-12-20 00:00:00+00:00
[2022-08-06 21:56:47,557] {standard_task_runner.py:52} INFO - Started process 1417 to run task
[2022-08-06 21:56:47,560] {standard_task_runner.py:79} INFO - Running: ['***', 'tasks', 'run', 'our_first_dag_v5', 'first_task', 'scheduled__2021-12-20T00:00:00+00:00', '--job-id', '428', '--raw', '--subdir', 'DAGS_FOLDER/pipeline.py', '--cfg-path', '/tmp/tmpy2jeov5j', '--error-file', '/tmp/tmpee0_o7g0']
[2022-08-06 21:56:47,560] {standard_task_runner.py:80} INFO - Job 428: Subtask first_task
[2022-08-06 21:56:47,650] {task_command.py:371} INFO - Running <TaskInstance: our_first_dag_v5.first_task scheduled__2021-12-20T00:00:00+00:00 [running]> on host bc7e154a4fdd
[2022-08-06 21:56:47,744] {taskinstance.py:1591} INFO - Exporting the following env vars:
AIRFLOW_CTX_DAG_OWNER=coder2j
AIRFLOW_CTX_DAG_ID=our_first_dag_v5
AIRFLOW_CTX_TASK_ID=first_task
AIRFLOW_CTX_EXECUTION_DATE=2021-12-20T00:00:00+00:00
AIRFLOW_CTX_TRY_NUMBER=1
AIRFLOW_CTX_DAG_RUN_ID=scheduled__2021-12-20T00:00:00+00:00
[2022-08-06 21:56:47,745] {subprocess.py:62} INFO - Tmp dir root location: 
 /tmp
[2022-08-06 21:56:47,745] {subprocess.py:74} INFO - Running command: ['bash', '-c', 'echo hello world, this is the first task!']
[2022-08-06 21:56:47,759] {subprocess.py:85} INFO - Output:
[2022-08-06 21:56:47,761] {subprocess.py:92} INFO - hello world, this is the first task!
[2022-08-06 21:56:47,761] {subprocess.py:96} INFO - Command exited with return code 0
[2022-08-06 21:56:47,789] {taskinstance.py:1420} INFO - Marking task as SUCCESS. dag_id=our_first_dag_v5, task_id=first_task, execution_date=20211220T000000, start_date=20220806T215647, end_date=20220806T215647
[2022-08-06 21:56:47,815] {local_task_job.py:156} INFO - Task exited with return code 0
[2022-08-06 21:56:47,864] {local_task_job.py:273} INFO - 2 downstream tasks scheduled from follow-on schedule check
[2022-08-06 22:11:50,944] {taskinstance.py:1179} INFO - Dependencies all met for <TaskInstance: our_first_dag_v5.first_task scheduled__2021-12-20T00:00:00+00:00 [queued]>
[2022-08-06 22:11:50,955] {taskinstance.py:1179} INFO - Dependencies all met for <TaskInstance: our_first_dag_v5.first_task scheduled__2021-12-20T00:00:00+00:00 [queued]>
[2022-08-06 22:11:50,955] {taskinstance.py:1376} INFO - 
--------------------------------------------------------------------------------
[2022-08-06 22:11:50,955] {taskinstance.py:1377} INFO - Starting attempt 1 of 6
[2022-08-06 22:11:50,955] {taskinstance.py:1378} INFO - 
--------------------------------------------------------------------------------
[2022-08-06 22:11:50,970] {taskinstance.py:1397} INFO - Executing <Task(BashOperator): first_task> on 2021-12-20 00:00:00+00:00
[2022-08-06 22:11:50,977] {standard_task_runner.py:52} INFO - Started process 1430 to run task
[2022-08-06 22:11:50,979] {standard_task_runner.py:79} INFO - Running: ['***', 'tasks', 'run', 'our_first_dag_v5', 'first_task', 'scheduled__2021-12-20T00:00:00+00:00', '--job-id', '428', '--raw', '--subdir', 'DAGS_FOLDER/pipeline.py', '--cfg-path', '/tmp/tmpr22pe3d_', '--error-file', '/tmp/tmp206ix6lk']
[2022-08-06 22:11:50,979] {standard_task_runner.py:80} INFO - Job 428: Subtask first_task
[2022-08-06 22:11:51,037] {task_command.py:371} INFO - Running <TaskInstance: our_first_dag_v5.first_task scheduled__2021-12-20T00:00:00+00:00 [running]> on host 1250c3b659cd
[2022-08-06 22:11:51,129] {taskinstance.py:1591} INFO - Exporting the following env vars:
AIRFLOW_CTX_DAG_OWNER=coder2j
AIRFLOW_CTX_DAG_ID=our_first_dag_v5
AIRFLOW_CTX_TASK_ID=first_task
AIRFLOW_CTX_EXECUTION_DATE=2021-12-20T00:00:00+00:00
AIRFLOW_CTX_TRY_NUMBER=1
AIRFLOW_CTX_DAG_RUN_ID=scheduled__2021-12-20T00:00:00+00:00
[2022-08-06 22:11:51,130] {subprocess.py:62} INFO - Tmp dir root location: 
 /tmp
[2022-08-06 22:11:51,131] {subprocess.py:74} INFO - Running command: ['bash', '-c', 'echo hello world, this is the first task!']
[2022-08-06 22:11:51,146] {subprocess.py:85} INFO - Output:
[2022-08-06 22:11:51,147] {subprocess.py:92} INFO - hello world, this is the first task!
[2022-08-06 22:11:51,148] {subprocess.py:96} INFO - Command exited with return code 0
[2022-08-06 22:11:51,183] {taskinstance.py:1420} INFO - Marking task as SUCCESS. dag_id=our_first_dag_v5, task_id=first_task, execution_date=20211220T000000, start_date=20220806T221150, end_date=20220806T221151
[2022-08-06 22:11:51,230] {local_task_job.py:156} INFO - Task exited with return code 0
[2022-08-06 22:11:51,300] {local_task_job.py:273} INFO - 0 downstream tasks scheduled from follow-on schedule check
[2022-08-06 22:23:10,928] {taskinstance.py:1179} INFO - Dependencies all met for <TaskInstance: our_first_dag_v5.first_task scheduled__2021-12-20T00:00:00+00:00 [queued]>
[2022-08-06 22:23:10,945] {taskinstance.py:1179} INFO - Dependencies all met for <TaskInstance: our_first_dag_v5.first_task scheduled__2021-12-20T00:00:00+00:00 [queued]>
[2022-08-06 22:23:10,945] {taskinstance.py:1376} INFO - 
--------------------------------------------------------------------------------
[2022-08-06 22:23:10,946] {taskinstance.py:1377} INFO - Starting attempt 1 of 6
[2022-08-06 22:23:10,946] {taskinstance.py:1378} INFO - 
--------------------------------------------------------------------------------
[2022-08-06 22:23:10,971] {taskinstance.py:1397} INFO - Executing <Task(BashOperator): first_task> on 2021-12-20 00:00:00+00:00
[2022-08-06 22:23:10,981] {standard_task_runner.py:52} INFO - Started process 1475 to run task
[2022-08-06 22:23:10,986] {standard_task_runner.py:79} INFO - Running: ['***', 'tasks', 'run', 'our_first_dag_v5', 'first_task', 'scheduled__2021-12-20T00:00:00+00:00', '--job-id', '427', '--raw', '--subdir', 'DAGS_FOLDER/pipeline.py', '--cfg-path', '/tmp/tmp5tmvgks9', '--error-file', '/tmp/tmp1qeydch9']
[2022-08-06 22:23:10,986] {standard_task_runner.py:80} INFO - Job 427: Subtask first_task
[2022-08-06 22:23:11,079] {task_command.py:371} INFO - Running <TaskInstance: our_first_dag_v5.first_task scheduled__2021-12-20T00:00:00+00:00 [running]> on host b215076695c3
[2022-08-06 22:23:11,175] {taskinstance.py:1591} INFO - Exporting the following env vars:
AIRFLOW_CTX_DAG_OWNER=coder2j
AIRFLOW_CTX_DAG_ID=our_first_dag_v5
AIRFLOW_CTX_TASK_ID=first_task
AIRFLOW_CTX_EXECUTION_DATE=2021-12-20T00:00:00+00:00
AIRFLOW_CTX_TRY_NUMBER=1
AIRFLOW_CTX_DAG_RUN_ID=scheduled__2021-12-20T00:00:00+00:00
[2022-08-06 22:23:11,175] {subprocess.py:62} INFO - Tmp dir root location: 
 /tmp
[2022-08-06 22:23:11,176] {subprocess.py:74} INFO - Running command: ['bash', '-c', 'echo hello world, this is the first task!']
[2022-08-06 22:23:11,190] {subprocess.py:85} INFO - Output:
[2022-08-06 22:23:11,192] {subprocess.py:92} INFO - hello world, this is the first task!
[2022-08-06 22:23:11,193] {subprocess.py:96} INFO - Command exited with return code 0
[2022-08-06 22:23:11,225] {taskinstance.py:1420} INFO - Marking task as SUCCESS. dag_id=our_first_dag_v5, task_id=first_task, execution_date=20211220T000000, start_date=20220806T222310, end_date=20220806T222311
[2022-08-06 22:23:11,276] {local_task_job.py:156} INFO - Task exited with return code 0
[2022-08-06 22:23:11,341] {local_task_job.py:273} INFO - 2 downstream tasks scheduled from follow-on schedule check
