[2022-08-06 19:39:02,055] {taskinstance.py:1179} INFO - Dependencies all met for <TaskInstance: our_first_dag_v5.second_task scheduled__2022-05-24T00:00:00+00:00 [queued]>
[2022-08-06 19:39:02,067] {taskinstance.py:1179} INFO - Dependencies all met for <TaskInstance: our_first_dag_v5.second_task scheduled__2022-05-24T00:00:00+00:00 [queued]>
[2022-08-06 19:39:02,067] {taskinstance.py:1376} INFO - 
--------------------------------------------------------------------------------
[2022-08-06 19:39:02,067] {taskinstance.py:1377} INFO - Starting attempt 1 of 6
[2022-08-06 19:39:02,068] {taskinstance.py:1378} INFO - 
--------------------------------------------------------------------------------
[2022-08-06 19:39:02,084] {taskinstance.py:1397} INFO - Executing <Task(BashOperator): second_task> on 2022-05-24 00:00:00+00:00
[2022-08-06 19:39:02,090] {standard_task_runner.py:52} INFO - Started process 2917 to run task
[2022-08-06 19:39:02,092] {standard_task_runner.py:79} INFO - Running: ['***', 'tasks', 'run', 'our_first_dag_v5', 'second_task', 'scheduled__2022-05-24T00:00:00+00:00', '--job-id', '898', '--raw', '--subdir', 'DAGS_FOLDER/pipeline.py', '--cfg-path', '/tmp/tmpf2hfjzx5', '--error-file', '/tmp/tmp226guy5d']
[2022-08-06 19:39:02,093] {standard_task_runner.py:80} INFO - Job 898: Subtask second_task
[2022-08-06 19:39:02,155] {task_command.py:371} INFO - Running <TaskInstance: our_first_dag_v5.second_task scheduled__2022-05-24T00:00:00+00:00 [running]> on host b29c168c1666
[2022-08-06 19:39:02,237] {taskinstance.py:1591} INFO - Exporting the following env vars:
AIRFLOW_CTX_DAG_OWNER=coder2j
AIRFLOW_CTX_DAG_ID=our_first_dag_v5
AIRFLOW_CTX_TASK_ID=second_task
AIRFLOW_CTX_EXECUTION_DATE=2022-05-24T00:00:00+00:00
AIRFLOW_CTX_TRY_NUMBER=1
AIRFLOW_CTX_DAG_RUN_ID=scheduled__2022-05-24T00:00:00+00:00
[2022-08-06 19:39:02,238] {subprocess.py:62} INFO - Tmp dir root location: 
 /tmp
[2022-08-06 19:39:02,238] {subprocess.py:74} INFO - Running command: ['bash', '-c', 'echo hey, I am task2 and will be running after task1!']
[2022-08-06 19:39:02,250] {subprocess.py:85} INFO - Output:
[2022-08-06 19:39:02,251] {subprocess.py:92} INFO - hey, I am task2 and will be running after task1!
[2022-08-06 19:39:02,252] {subprocess.py:96} INFO - Command exited with return code 0
[2022-08-06 19:39:02,282] {taskinstance.py:1420} INFO - Marking task as SUCCESS. dag_id=our_first_dag_v5, task_id=second_task, execution_date=20220524T000000, start_date=20220806T193902, end_date=20220806T193902
[2022-08-06 19:39:02,304] {local_task_job.py:156} INFO - Task exited with return code 0
[2022-08-06 19:39:02,339] {local_task_job.py:273} INFO - 0 downstream tasks scheduled from follow-on schedule check
[2022-08-06 21:52:53,716] {taskinstance.py:1179} INFO - Dependencies all met for <TaskInstance: our_first_dag_v5.second_task scheduled__2022-05-24T00:00:00+00:00 [queued]>
[2022-08-06 21:52:53,728] {taskinstance.py:1179} INFO - Dependencies all met for <TaskInstance: our_first_dag_v5.second_task scheduled__2022-05-24T00:00:00+00:00 [queued]>
[2022-08-06 21:52:53,728] {taskinstance.py:1376} INFO - 
--------------------------------------------------------------------------------
[2022-08-06 21:52:53,728] {taskinstance.py:1377} INFO - Starting attempt 1 of 6
[2022-08-06 21:52:53,728] {taskinstance.py:1378} INFO - 
--------------------------------------------------------------------------------
[2022-08-06 21:52:53,742] {taskinstance.py:1397} INFO - Executing <Task(BashOperator): second_task> on 2022-05-24 00:00:00+00:00
[2022-08-06 21:52:53,748] {standard_task_runner.py:52} INFO - Started process 3101 to run task
[2022-08-06 21:52:53,750] {standard_task_runner.py:79} INFO - Running: ['***', 'tasks', 'run', 'our_first_dag_v5', 'second_task', 'scheduled__2022-05-24T00:00:00+00:00', '--job-id', '899', '--raw', '--subdir', 'DAGS_FOLDER/pipeline.py', '--cfg-path', '/tmp/tmp8rszfy77', '--error-file', '/tmp/tmp3hl94h5i']
[2022-08-06 21:52:53,751] {standard_task_runner.py:80} INFO - Job 899: Subtask second_task
[2022-08-06 21:52:53,808] {task_command.py:371} INFO - Running <TaskInstance: our_first_dag_v5.second_task scheduled__2022-05-24T00:00:00+00:00 [running]> on host c3f731879890
[2022-08-06 21:52:53,883] {taskinstance.py:1591} INFO - Exporting the following env vars:
AIRFLOW_CTX_DAG_OWNER=coder2j
AIRFLOW_CTX_DAG_ID=our_first_dag_v5
AIRFLOW_CTX_TASK_ID=second_task
AIRFLOW_CTX_EXECUTION_DATE=2022-05-24T00:00:00+00:00
AIRFLOW_CTX_TRY_NUMBER=1
AIRFLOW_CTX_DAG_RUN_ID=scheduled__2022-05-24T00:00:00+00:00
[2022-08-06 21:52:53,884] {subprocess.py:62} INFO - Tmp dir root location: 
 /tmp
[2022-08-06 21:52:53,884] {subprocess.py:74} INFO - Running command: ['bash', '-c', 'echo hey, I am task2 and will be running after task1!']
[2022-08-06 21:52:53,897] {subprocess.py:85} INFO - Output:
[2022-08-06 21:52:53,898] {subprocess.py:92} INFO - hey, I am task2 and will be running after task1!
[2022-08-06 21:52:53,899] {subprocess.py:96} INFO - Command exited with return code 0
[2022-08-06 21:52:53,925] {taskinstance.py:1420} INFO - Marking task as SUCCESS. dag_id=our_first_dag_v5, task_id=second_task, execution_date=20220524T000000, start_date=20220806T215253, end_date=20220806T215253
[2022-08-06 21:52:53,962] {local_task_job.py:156} INFO - Task exited with return code 0
[2022-08-06 21:52:53,996] {local_task_job.py:273} INFO - 0 downstream tasks scheduled from follow-on schedule check
[2022-08-06 21:58:20,597] {taskinstance.py:1179} INFO - Dependencies all met for <TaskInstance: our_first_dag_v5.second_task scheduled__2022-05-24T00:00:00+00:00 [queued]>
[2022-08-06 21:58:20,620] {taskinstance.py:1179} INFO - Dependencies all met for <TaskInstance: our_first_dag_v5.second_task scheduled__2022-05-24T00:00:00+00:00 [queued]>
[2022-08-06 21:58:20,620] {taskinstance.py:1376} INFO - 
--------------------------------------------------------------------------------
[2022-08-06 21:58:20,620] {taskinstance.py:1377} INFO - Starting attempt 1 of 6
[2022-08-06 21:58:20,620] {taskinstance.py:1378} INFO - 
--------------------------------------------------------------------------------
[2022-08-06 21:58:20,643] {taskinstance.py:1397} INFO - Executing <Task(BashOperator): second_task> on 2022-05-24 00:00:00+00:00
[2022-08-06 21:58:20,652] {standard_task_runner.py:52} INFO - Started process 2916 to run task
[2022-08-06 21:58:20,656] {standard_task_runner.py:79} INFO - Running: ['***', 'tasks', 'run', 'our_first_dag_v5', 'second_task', 'scheduled__2022-05-24T00:00:00+00:00', '--job-id', '902', '--raw', '--subdir', 'DAGS_FOLDER/pipeline.py', '--cfg-path', '/tmp/tmp7ai_j36a', '--error-file', '/tmp/tmp_d6ilicc']
[2022-08-06 21:58:20,657] {standard_task_runner.py:80} INFO - Job 902: Subtask second_task
[2022-08-06 21:58:20,753] {task_command.py:371} INFO - Running <TaskInstance: our_first_dag_v5.second_task scheduled__2022-05-24T00:00:00+00:00 [running]> on host bc7e154a4fdd
[2022-08-06 21:58:20,870] {taskinstance.py:1591} INFO - Exporting the following env vars:
AIRFLOW_CTX_DAG_OWNER=coder2j
AIRFLOW_CTX_DAG_ID=our_first_dag_v5
AIRFLOW_CTX_TASK_ID=second_task
AIRFLOW_CTX_EXECUTION_DATE=2022-05-24T00:00:00+00:00
AIRFLOW_CTX_TRY_NUMBER=1
AIRFLOW_CTX_DAG_RUN_ID=scheduled__2022-05-24T00:00:00+00:00
[2022-08-06 21:58:20,871] {subprocess.py:62} INFO - Tmp dir root location: 
 /tmp
[2022-08-06 21:58:20,872] {subprocess.py:74} INFO - Running command: ['bash', '-c', 'echo hey, I am task2 and will be running after task1!']
[2022-08-06 21:58:20,889] {subprocess.py:85} INFO - Output:
[2022-08-06 21:58:20,891] {subprocess.py:92} INFO - hey, I am task2 and will be running after task1!
[2022-08-06 21:58:20,892] {subprocess.py:96} INFO - Command exited with return code 0
[2022-08-06 21:58:20,928] {taskinstance.py:1420} INFO - Marking task as SUCCESS. dag_id=our_first_dag_v5, task_id=second_task, execution_date=20220524T000000, start_date=20220806T215820, end_date=20220806T215820
[2022-08-06 21:58:20,987] {local_task_job.py:156} INFO - Task exited with return code 0
[2022-08-06 21:58:21,027] {local_task_job.py:273} INFO - 0 downstream tasks scheduled from follow-on schedule check
[2022-08-06 22:13:19,352] {taskinstance.py:1179} INFO - Dependencies all met for <TaskInstance: our_first_dag_v5.second_task scheduled__2022-05-24T00:00:00+00:00 [queued]>
[2022-08-06 22:13:19,365] {taskinstance.py:1179} INFO - Dependencies all met for <TaskInstance: our_first_dag_v5.second_task scheduled__2022-05-24T00:00:00+00:00 [queued]>
[2022-08-06 22:13:19,365] {taskinstance.py:1376} INFO - 
--------------------------------------------------------------------------------
[2022-08-06 22:13:19,365] {taskinstance.py:1377} INFO - Starting attempt 1 of 6
[2022-08-06 22:13:19,365] {taskinstance.py:1378} INFO - 
--------------------------------------------------------------------------------
[2022-08-06 22:13:19,388] {taskinstance.py:1397} INFO - Executing <Task(BashOperator): second_task> on 2022-05-24 00:00:00+00:00
[2022-08-06 22:13:19,395] {standard_task_runner.py:52} INFO - Started process 2908 to run task
[2022-08-06 22:13:19,398] {standard_task_runner.py:79} INFO - Running: ['***', 'tasks', 'run', 'our_first_dag_v5', 'second_task', 'scheduled__2022-05-24T00:00:00+00:00', '--job-id', '899', '--raw', '--subdir', 'DAGS_FOLDER/pipeline.py', '--cfg-path', '/tmp/tmpsg7yk8wt', '--error-file', '/tmp/tmp7qdp9chx']
[2022-08-06 22:13:19,399] {standard_task_runner.py:80} INFO - Job 899: Subtask second_task
[2022-08-06 22:13:19,472] {task_command.py:371} INFO - Running <TaskInstance: our_first_dag_v5.second_task scheduled__2022-05-24T00:00:00+00:00 [running]> on host 1250c3b659cd
[2022-08-06 22:13:19,565] {taskinstance.py:1591} INFO - Exporting the following env vars:
AIRFLOW_CTX_DAG_OWNER=coder2j
AIRFLOW_CTX_DAG_ID=our_first_dag_v5
AIRFLOW_CTX_TASK_ID=second_task
AIRFLOW_CTX_EXECUTION_DATE=2022-05-24T00:00:00+00:00
AIRFLOW_CTX_TRY_NUMBER=1
AIRFLOW_CTX_DAG_RUN_ID=scheduled__2022-05-24T00:00:00+00:00
[2022-08-06 22:13:19,566] {subprocess.py:62} INFO - Tmp dir root location: 
 /tmp
[2022-08-06 22:13:19,567] {subprocess.py:74} INFO - Running command: ['bash', '-c', 'echo hey, I am task2 and will be running after task1!']
[2022-08-06 22:13:19,579] {subprocess.py:85} INFO - Output:
[2022-08-06 22:13:19,581] {subprocess.py:92} INFO - hey, I am task2 and will be running after task1!
[2022-08-06 22:13:19,581] {subprocess.py:96} INFO - Command exited with return code 0
[2022-08-06 22:13:19,609] {taskinstance.py:1420} INFO - Marking task as SUCCESS. dag_id=our_first_dag_v5, task_id=second_task, execution_date=20220524T000000, start_date=20220806T221319, end_date=20220806T221319
[2022-08-06 22:13:19,649] {local_task_job.py:156} INFO - Task exited with return code 0
[2022-08-06 22:13:19,683] {local_task_job.py:273} INFO - 0 downstream tasks scheduled from follow-on schedule check
[2022-08-06 22:24:39,894] {taskinstance.py:1179} INFO - Dependencies all met for <TaskInstance: our_first_dag_v5.second_task scheduled__2022-05-24T00:00:00+00:00 [queued]>
[2022-08-06 22:24:39,909] {taskinstance.py:1179} INFO - Dependencies all met for <TaskInstance: our_first_dag_v5.second_task scheduled__2022-05-24T00:00:00+00:00 [queued]>
[2022-08-06 22:24:39,909] {taskinstance.py:1376} INFO - 
--------------------------------------------------------------------------------
[2022-08-06 22:24:39,909] {taskinstance.py:1377} INFO - Starting attempt 1 of 6
[2022-08-06 22:24:39,909] {taskinstance.py:1378} INFO - 
--------------------------------------------------------------------------------
[2022-08-06 22:24:39,932] {taskinstance.py:1397} INFO - Executing <Task(BashOperator): second_task> on 2022-05-24 00:00:00+00:00
[2022-08-06 22:24:39,941] {standard_task_runner.py:52} INFO - Started process 2974 to run task
[2022-08-06 22:24:39,944] {standard_task_runner.py:79} INFO - Running: ['***', 'tasks', 'run', 'our_first_dag_v5', 'second_task', 'scheduled__2022-05-24T00:00:00+00:00', '--job-id', '906', '--raw', '--subdir', 'DAGS_FOLDER/pipeline.py', '--cfg-path', '/tmp/tmpmcwvnupd', '--error-file', '/tmp/tmpinwzjuyj']
[2022-08-06 22:24:39,945] {standard_task_runner.py:80} INFO - Job 906: Subtask second_task
[2022-08-06 22:24:40,092] {task_command.py:371} INFO - Running <TaskInstance: our_first_dag_v5.second_task scheduled__2022-05-24T00:00:00+00:00 [running]> on host b215076695c3
[2022-08-06 22:24:40,204] {taskinstance.py:1591} INFO - Exporting the following env vars:
AIRFLOW_CTX_DAG_OWNER=coder2j
AIRFLOW_CTX_DAG_ID=our_first_dag_v5
AIRFLOW_CTX_TASK_ID=second_task
AIRFLOW_CTX_EXECUTION_DATE=2022-05-24T00:00:00+00:00
AIRFLOW_CTX_TRY_NUMBER=1
AIRFLOW_CTX_DAG_RUN_ID=scheduled__2022-05-24T00:00:00+00:00
[2022-08-06 22:24:40,205] {subprocess.py:62} INFO - Tmp dir root location: 
 /tmp
[2022-08-06 22:24:40,205] {subprocess.py:74} INFO - Running command: ['bash', '-c', 'echo hey, I am task2 and will be running after task1!']
[2022-08-06 22:24:40,222] {subprocess.py:85} INFO - Output:
[2022-08-06 22:24:40,224] {subprocess.py:92} INFO - hey, I am task2 and will be running after task1!
[2022-08-06 22:24:40,224] {subprocess.py:96} INFO - Command exited with return code 0
[2022-08-06 22:24:40,306] {taskinstance.py:1420} INFO - Marking task as SUCCESS. dag_id=our_first_dag_v5, task_id=second_task, execution_date=20220524T000000, start_date=20220806T222439, end_date=20220806T222440
[2022-08-06 22:24:40,358] {local_task_job.py:156} INFO - Task exited with return code 0
[2022-08-06 22:24:40,405] {local_task_job.py:273} INFO - 0 downstream tasks scheduled from follow-on schedule check
