[2022-08-06 19:37:21,903] {taskinstance.py:1179} INFO - Dependencies all met for <TaskInstance: our_first_dag_v5.thrid_task scheduled__2021-12-07T00:00:00+00:00 [queued]>
[2022-08-06 19:37:21,919] {taskinstance.py:1179} INFO - Dependencies all met for <TaskInstance: our_first_dag_v5.thrid_task scheduled__2021-12-07T00:00:00+00:00 [queued]>
[2022-08-06 19:37:21,919] {taskinstance.py:1376} INFO - 
--------------------------------------------------------------------------------
[2022-08-06 19:37:21,919] {taskinstance.py:1377} INFO - Starting attempt 1 of 6
[2022-08-06 19:37:21,919] {taskinstance.py:1378} INFO - 
--------------------------------------------------------------------------------
[2022-08-06 19:37:21,940] {taskinstance.py:1397} INFO - Executing <Task(BashOperator): thrid_task> on 2021-12-07 00:00:00+00:00
[2022-08-06 19:37:21,947] {standard_task_runner.py:52} INFO - Started process 1335 to run task
[2022-08-06 19:37:21,950] {standard_task_runner.py:79} INFO - Running: ['***', 'tasks', 'run', 'our_first_dag_v5', 'thrid_task', 'scheduled__2021-12-07T00:00:00+00:00', '--job-id', '398', '--raw', '--subdir', 'DAGS_FOLDER/pipeline.py', '--cfg-path', '/tmp/tmpt__vs_6y', '--error-file', '/tmp/tmp0utj02g0']
[2022-08-06 19:37:21,951] {standard_task_runner.py:80} INFO - Job 398: Subtask thrid_task
[2022-08-06 19:37:22,049] {task_command.py:371} INFO - Running <TaskInstance: our_first_dag_v5.thrid_task scheduled__2021-12-07T00:00:00+00:00 [running]> on host b29c168c1666
[2022-08-06 19:37:22,158] {taskinstance.py:1591} INFO - Exporting the following env vars:
AIRFLOW_CTX_DAG_OWNER=coder2j
AIRFLOW_CTX_DAG_ID=our_first_dag_v5
AIRFLOW_CTX_TASK_ID=thrid_task
AIRFLOW_CTX_EXECUTION_DATE=2021-12-07T00:00:00+00:00
AIRFLOW_CTX_TRY_NUMBER=1
AIRFLOW_CTX_DAG_RUN_ID=scheduled__2021-12-07T00:00:00+00:00
[2022-08-06 19:37:22,159] {subprocess.py:62} INFO - Tmp dir root location: 
 /tmp
[2022-08-06 19:37:22,160] {subprocess.py:74} INFO - Running command: ['bash', '-c', 'echo hey, I am task3 and will be running after task1 at the same time as task2!']
[2022-08-06 19:37:22,175] {subprocess.py:85} INFO - Output:
[2022-08-06 19:37:22,177] {subprocess.py:92} INFO - hey, I am task3 and will be running after task1 at the same time as task2!
[2022-08-06 19:37:22,177] {subprocess.py:96} INFO - Command exited with return code 0
[2022-08-06 19:37:22,208] {taskinstance.py:1420} INFO - Marking task as SUCCESS. dag_id=our_first_dag_v5, task_id=thrid_task, execution_date=20211207T000000, start_date=20220806T193721, end_date=20220806T193722
[2022-08-06 19:37:22,244] {local_task_job.py:156} INFO - Task exited with return code 0
[2022-08-06 19:37:22,292] {local_task_job.py:273} INFO - 0 downstream tasks scheduled from follow-on schedule check
[2022-08-06 21:51:14,675] {taskinstance.py:1179} INFO - Dependencies all met for <TaskInstance: our_first_dag_v5.thrid_task scheduled__2021-12-07T00:00:00+00:00 [queued]>
[2022-08-06 21:51:14,692] {taskinstance.py:1179} INFO - Dependencies all met for <TaskInstance: our_first_dag_v5.thrid_task scheduled__2021-12-07T00:00:00+00:00 [queued]>
[2022-08-06 21:51:14,692] {taskinstance.py:1376} INFO - 
--------------------------------------------------------------------------------
[2022-08-06 21:51:14,692] {taskinstance.py:1377} INFO - Starting attempt 1 of 6
[2022-08-06 21:51:14,692] {taskinstance.py:1378} INFO - 
--------------------------------------------------------------------------------
[2022-08-06 21:51:14,711] {taskinstance.py:1397} INFO - Executing <Task(BashOperator): thrid_task> on 2021-12-07 00:00:00+00:00
[2022-08-06 21:51:14,717] {standard_task_runner.py:52} INFO - Started process 1522 to run task
[2022-08-06 21:51:14,720] {standard_task_runner.py:79} INFO - Running: ['***', 'tasks', 'run', 'our_first_dag_v5', 'thrid_task', 'scheduled__2021-12-07T00:00:00+00:00', '--job-id', '395', '--raw', '--subdir', 'DAGS_FOLDER/pipeline.py', '--cfg-path', '/tmp/tmphc194tav', '--error-file', '/tmp/tmp1193fpn8']
[2022-08-06 21:51:14,720] {standard_task_runner.py:80} INFO - Job 395: Subtask thrid_task
[2022-08-06 21:51:14,790] {task_command.py:371} INFO - Running <TaskInstance: our_first_dag_v5.thrid_task scheduled__2021-12-07T00:00:00+00:00 [running]> on host c3f731879890
[2022-08-06 21:51:14,885] {taskinstance.py:1591} INFO - Exporting the following env vars:
AIRFLOW_CTX_DAG_OWNER=coder2j
AIRFLOW_CTX_DAG_ID=our_first_dag_v5
AIRFLOW_CTX_TASK_ID=thrid_task
AIRFLOW_CTX_EXECUTION_DATE=2021-12-07T00:00:00+00:00
AIRFLOW_CTX_TRY_NUMBER=1
AIRFLOW_CTX_DAG_RUN_ID=scheduled__2021-12-07T00:00:00+00:00
[2022-08-06 21:51:14,886] {subprocess.py:62} INFO - Tmp dir root location: 
 /tmp
[2022-08-06 21:51:14,886] {subprocess.py:74} INFO - Running command: ['bash', '-c', 'echo hey, I am task3 and will be running after task1 at the same time as task2!']
[2022-08-06 21:51:14,900] {subprocess.py:85} INFO - Output:
[2022-08-06 21:51:14,902] {subprocess.py:92} INFO - hey, I am task3 and will be running after task1 at the same time as task2!
[2022-08-06 21:51:14,902] {subprocess.py:96} INFO - Command exited with return code 0
[2022-08-06 21:51:14,933] {taskinstance.py:1420} INFO - Marking task as SUCCESS. dag_id=our_first_dag_v5, task_id=thrid_task, execution_date=20211207T000000, start_date=20220806T215114, end_date=20220806T215114
[2022-08-06 21:51:14,972] {local_task_job.py:156} INFO - Task exited with return code 0
[2022-08-06 21:51:15,000] {local_task_job.py:273} INFO - 0 downstream tasks scheduled from follow-on schedule check
[2022-08-06 21:56:39,099] {taskinstance.py:1179} INFO - Dependencies all met for <TaskInstance: our_first_dag_v5.thrid_task scheduled__2021-12-07T00:00:00+00:00 [queued]>
[2022-08-06 21:56:39,109] {taskinstance.py:1179} INFO - Dependencies all met for <TaskInstance: our_first_dag_v5.thrid_task scheduled__2021-12-07T00:00:00+00:00 [queued]>
[2022-08-06 21:56:39,109] {taskinstance.py:1376} INFO - 
--------------------------------------------------------------------------------
[2022-08-06 21:56:39,109] {taskinstance.py:1377} INFO - Starting attempt 1 of 6
[2022-08-06 21:56:39,109] {taskinstance.py:1378} INFO - 
--------------------------------------------------------------------------------
[2022-08-06 21:56:39,121] {taskinstance.py:1397} INFO - Executing <Task(BashOperator): thrid_task> on 2021-12-07 00:00:00+00:00
[2022-08-06 21:56:39,125] {standard_task_runner.py:52} INFO - Started process 1312 to run task
[2022-08-06 21:56:39,127] {standard_task_runner.py:79} INFO - Running: ['***', 'tasks', 'run', 'our_first_dag_v5', 'thrid_task', 'scheduled__2021-12-07T00:00:00+00:00', '--job-id', '395', '--raw', '--subdir', 'DAGS_FOLDER/pipeline.py', '--cfg-path', '/tmp/tmp_q7vv1p8', '--error-file', '/tmp/tmpex356tdg']
[2022-08-06 21:56:39,128] {standard_task_runner.py:80} INFO - Job 395: Subtask thrid_task
[2022-08-06 21:56:39,175] {task_command.py:371} INFO - Running <TaskInstance: our_first_dag_v5.thrid_task scheduled__2021-12-07T00:00:00+00:00 [running]> on host bc7e154a4fdd
[2022-08-06 21:56:39,235] {taskinstance.py:1591} INFO - Exporting the following env vars:
AIRFLOW_CTX_DAG_OWNER=coder2j
AIRFLOW_CTX_DAG_ID=our_first_dag_v5
AIRFLOW_CTX_TASK_ID=thrid_task
AIRFLOW_CTX_EXECUTION_DATE=2021-12-07T00:00:00+00:00
AIRFLOW_CTX_TRY_NUMBER=1
AIRFLOW_CTX_DAG_RUN_ID=scheduled__2021-12-07T00:00:00+00:00
[2022-08-06 21:56:39,236] {subprocess.py:62} INFO - Tmp dir root location: 
 /tmp
[2022-08-06 21:56:39,236] {subprocess.py:74} INFO - Running command: ['bash', '-c', 'echo hey, I am task3 and will be running after task1 at the same time as task2!']
[2022-08-06 21:56:39,246] {subprocess.py:85} INFO - Output:
[2022-08-06 21:56:39,247] {subprocess.py:92} INFO - hey, I am task3 and will be running after task1 at the same time as task2!
[2022-08-06 21:56:39,247] {subprocess.py:96} INFO - Command exited with return code 0
[2022-08-06 21:56:39,271] {taskinstance.py:1420} INFO - Marking task as SUCCESS. dag_id=our_first_dag_v5, task_id=thrid_task, execution_date=20211207T000000, start_date=20220806T215639, end_date=20220806T215639
[2022-08-06 21:56:39,299] {local_task_job.py:156} INFO - Task exited with return code 0
[2022-08-06 21:56:39,327] {local_task_job.py:273} INFO - 0 downstream tasks scheduled from follow-on schedule check
[2022-08-06 22:11:43,426] {taskinstance.py:1179} INFO - Dependencies all met for <TaskInstance: our_first_dag_v5.thrid_task scheduled__2021-12-07T00:00:00+00:00 [queued]>
[2022-08-06 22:11:43,439] {taskinstance.py:1179} INFO - Dependencies all met for <TaskInstance: our_first_dag_v5.thrid_task scheduled__2021-12-07T00:00:00+00:00 [queued]>
[2022-08-06 22:11:43,439] {taskinstance.py:1376} INFO - 
--------------------------------------------------------------------------------
[2022-08-06 22:11:43,439] {taskinstance.py:1377} INFO - Starting attempt 1 of 6
[2022-08-06 22:11:43,439] {taskinstance.py:1378} INFO - 
--------------------------------------------------------------------------------
[2022-08-06 22:11:43,455] {taskinstance.py:1397} INFO - Executing <Task(BashOperator): thrid_task> on 2021-12-07 00:00:00+00:00
[2022-08-06 22:11:43,462] {standard_task_runner.py:52} INFO - Started process 1325 to run task
[2022-08-06 22:11:43,465] {standard_task_runner.py:79} INFO - Running: ['***', 'tasks', 'run', 'our_first_dag_v5', 'thrid_task', 'scheduled__2021-12-07T00:00:00+00:00', '--job-id', '397', '--raw', '--subdir', 'DAGS_FOLDER/pipeline.py', '--cfg-path', '/tmp/tmphyz_ptxn', '--error-file', '/tmp/tmpy9ybijtc']
[2022-08-06 22:11:43,465] {standard_task_runner.py:80} INFO - Job 397: Subtask thrid_task
[2022-08-06 22:11:43,546] {task_command.py:371} INFO - Running <TaskInstance: our_first_dag_v5.thrid_task scheduled__2021-12-07T00:00:00+00:00 [running]> on host 1250c3b659cd
[2022-08-06 22:11:43,632] {taskinstance.py:1591} INFO - Exporting the following env vars:
AIRFLOW_CTX_DAG_OWNER=coder2j
AIRFLOW_CTX_DAG_ID=our_first_dag_v5
AIRFLOW_CTX_TASK_ID=thrid_task
AIRFLOW_CTX_EXECUTION_DATE=2021-12-07T00:00:00+00:00
AIRFLOW_CTX_TRY_NUMBER=1
AIRFLOW_CTX_DAG_RUN_ID=scheduled__2021-12-07T00:00:00+00:00
[2022-08-06 22:11:43,632] {subprocess.py:62} INFO - Tmp dir root location: 
 /tmp
[2022-08-06 22:11:43,633] {subprocess.py:74} INFO - Running command: ['bash', '-c', 'echo hey, I am task3 and will be running after task1 at the same time as task2!']
[2022-08-06 22:11:43,647] {subprocess.py:85} INFO - Output:
[2022-08-06 22:11:43,648] {subprocess.py:92} INFO - hey, I am task3 and will be running after task1 at the same time as task2!
[2022-08-06 22:11:43,648] {subprocess.py:96} INFO - Command exited with return code 0
[2022-08-06 22:11:43,681] {taskinstance.py:1420} INFO - Marking task as SUCCESS. dag_id=our_first_dag_v5, task_id=thrid_task, execution_date=20211207T000000, start_date=20220806T221143, end_date=20220806T221143
[2022-08-06 22:11:43,716] {local_task_job.py:156} INFO - Task exited with return code 0
[2022-08-06 22:11:43,751] {local_task_job.py:273} INFO - 0 downstream tasks scheduled from follow-on schedule check
[2022-08-06 22:23:03,574] {taskinstance.py:1179} INFO - Dependencies all met for <TaskInstance: our_first_dag_v5.thrid_task scheduled__2021-12-07T00:00:00+00:00 [queued]>
[2022-08-06 22:23:03,590] {taskinstance.py:1179} INFO - Dependencies all met for <TaskInstance: our_first_dag_v5.thrid_task scheduled__2021-12-07T00:00:00+00:00 [queued]>
[2022-08-06 22:23:03,590] {taskinstance.py:1376} INFO - 
--------------------------------------------------------------------------------
[2022-08-06 22:23:03,590] {taskinstance.py:1377} INFO - Starting attempt 1 of 6
[2022-08-06 22:23:03,590] {taskinstance.py:1378} INFO - 
--------------------------------------------------------------------------------
[2022-08-06 22:23:03,607] {taskinstance.py:1397} INFO - Executing <Task(BashOperator): thrid_task> on 2021-12-07 00:00:00+00:00
[2022-08-06 22:23:03,615] {standard_task_runner.py:52} INFO - Started process 1375 to run task
[2022-08-06 22:23:03,618] {standard_task_runner.py:79} INFO - Running: ['***', 'tasks', 'run', 'our_first_dag_v5', 'thrid_task', 'scheduled__2021-12-07T00:00:00+00:00', '--job-id', '397', '--raw', '--subdir', 'DAGS_FOLDER/pipeline.py', '--cfg-path', '/tmp/tmp5j_dmlbh', '--error-file', '/tmp/tmpqbbz394u']
[2022-08-06 22:23:03,618] {standard_task_runner.py:80} INFO - Job 397: Subtask thrid_task
[2022-08-06 22:23:03,705] {task_command.py:371} INFO - Running <TaskInstance: our_first_dag_v5.thrid_task scheduled__2021-12-07T00:00:00+00:00 [running]> on host b215076695c3
[2022-08-06 22:23:03,801] {taskinstance.py:1591} INFO - Exporting the following env vars:
AIRFLOW_CTX_DAG_OWNER=coder2j
AIRFLOW_CTX_DAG_ID=our_first_dag_v5
AIRFLOW_CTX_TASK_ID=thrid_task
AIRFLOW_CTX_EXECUTION_DATE=2021-12-07T00:00:00+00:00
AIRFLOW_CTX_TRY_NUMBER=1
AIRFLOW_CTX_DAG_RUN_ID=scheduled__2021-12-07T00:00:00+00:00
[2022-08-06 22:23:03,802] {subprocess.py:62} INFO - Tmp dir root location: 
 /tmp
[2022-08-06 22:23:03,803] {subprocess.py:74} INFO - Running command: ['bash', '-c', 'echo hey, I am task3 and will be running after task1 at the same time as task2!']
[2022-08-06 22:23:03,819] {subprocess.py:85} INFO - Output:
[2022-08-06 22:23:03,820] {subprocess.py:92} INFO - hey, I am task3 and will be running after task1 at the same time as task2!
[2022-08-06 22:23:03,821] {subprocess.py:96} INFO - Command exited with return code 0
[2022-08-06 22:23:03,880] {taskinstance.py:1420} INFO - Marking task as SUCCESS. dag_id=our_first_dag_v5, task_id=thrid_task, execution_date=20211207T000000, start_date=20220806T222303, end_date=20220806T222303
[2022-08-06 22:23:03,910] {local_task_job.py:156} INFO - Task exited with return code 0
[2022-08-06 22:23:03,958] {local_task_job.py:273} INFO - 0 downstream tasks scheduled from follow-on schedule check
