[2022-08-08 17:30:31,311] {taskinstance.py:1179} INFO - Dependencies all met for <TaskInstance: training_pipeline_dag.upload_models manual__2022-08-08T17:30:14.981020+00:00 [queued]>
[2022-08-08 17:30:31,320] {taskinstance.py:1179} INFO - Dependencies all met for <TaskInstance: training_pipeline_dag.upload_models manual__2022-08-08T17:30:14.981020+00:00 [queued]>
[2022-08-08 17:30:31,320] {taskinstance.py:1376} INFO - 
--------------------------------------------------------------------------------
[2022-08-08 17:30:31,320] {taskinstance.py:1377} INFO - Starting attempt 1 of 1
[2022-08-08 17:30:31,320] {taskinstance.py:1378} INFO - 
--------------------------------------------------------------------------------
[2022-08-08 17:30:31,331] {taskinstance.py:1397} INFO - Executing <Task(PythonOperator): upload_models> on 2022-08-08 17:30:14.981020+00:00
[2022-08-08 17:30:31,338] {standard_task_runner.py:52} INFO - Started process 198 to run task
[2022-08-08 17:30:31,340] {standard_task_runner.py:79} INFO - Running: ['***', 'tasks', 'run', 'training_pipeline_dag', 'upload_models', 'manual__2022-08-08T17:30:14.981020+00:00', '--job-id', '64', '--raw', '--subdir', 'DAGS_FOLDER/pipeline.py', '--cfg-path', '/tmp/tmpc8dg2u3o', '--error-file', '/tmp/tmpnpmathrh']
[2022-08-08 17:30:31,341] {standard_task_runner.py:80} INFO - Job 64: Subtask upload_models
[2022-08-08 17:30:31,403] {task_command.py:371} INFO - Running <TaskInstance: training_pipeline_dag.upload_models manual__2022-08-08T17:30:14.981020+00:00 [running]> on host b120d11b1074
[2022-08-08 17:30:31,472] {taskinstance.py:1591} INFO - Exporting the following env vars:
AIRFLOW_CTX_DAG_OWNER=Gibran Otazo
AIRFLOW_CTX_DAG_ID=training_pipeline_dag
AIRFLOW_CTX_TASK_ID=upload_models
AIRFLOW_CTX_EXECUTION_DATE=2022-08-08T17:30:14.981020+00:00
AIRFLOW_CTX_TRY_NUMBER=1
AIRFLOW_CTX_DAG_RUN_ID=manual__2022-08-08T17:30:14.981020+00:00
[2022-08-08 17:30:31,485] {credentials.py:1180} INFO - Found credentials in environment variables.
[2022-08-08 17:30:53,368] {python.py:173} INFO - Done. Returned value was: None
[2022-08-08 17:30:53,391] {taskinstance.py:1420} INFO - Marking task as SUCCESS. dag_id=training_pipeline_dag, task_id=upload_models, execution_date=20220808T173014, start_date=20220808T173031, end_date=20220808T173053
[2022-08-08 17:30:53,443] {local_task_job.py:156} INFO - Task exited with return code 0
[2022-08-08 17:30:53,465] {local_task_job.py:273} INFO - 0 downstream tasks scheduled from follow-on schedule check
