[2022-08-06 19:37:53,853] {taskinstance.py:1179} INFO - Dependencies all met for <TaskInstance: our_first_dag_v5.first_task scheduled__2022-01-28T00:00:00+00:00 [queued]>
[2022-08-06 19:37:53,865] {taskinstance.py:1179} INFO - Dependencies all met for <TaskInstance: our_first_dag_v5.first_task scheduled__2022-01-28T00:00:00+00:00 [queued]>
[2022-08-06 19:37:53,865] {taskinstance.py:1376} INFO - 
--------------------------------------------------------------------------------
[2022-08-06 19:37:53,865] {taskinstance.py:1377} INFO - Starting attempt 1 of 6
[2022-08-06 19:37:53,865] {taskinstance.py:1378} INFO - 
--------------------------------------------------------------------------------
[2022-08-06 19:37:53,881] {taskinstance.py:1397} INFO - Executing <Task(BashOperator): first_task> on 2022-01-28 00:00:00+00:00
[2022-08-06 19:37:53,887] {standard_task_runner.py:52} INFO - Started process 1812 to run task
[2022-08-06 19:37:53,889] {standard_task_runner.py:79} INFO - Running: ['***', 'tasks', 'run', 'our_first_dag_v5', 'first_task', 'scheduled__2022-01-28T00:00:00+00:00', '--job-id', '547', '--raw', '--subdir', 'DAGS_FOLDER/pipeline.py', '--cfg-path', '/tmp/tmpkbbd9lsc', '--error-file', '/tmp/tmpvjhm94oy']
[2022-08-06 19:37:53,889] {standard_task_runner.py:80} INFO - Job 547: Subtask first_task
[2022-08-06 19:37:53,953] {task_command.py:371} INFO - Running <TaskInstance: our_first_dag_v5.first_task scheduled__2022-01-28T00:00:00+00:00 [running]> on host b29c168c1666
[2022-08-06 19:37:54,043] {taskinstance.py:1591} INFO - Exporting the following env vars:
AIRFLOW_CTX_DAG_OWNER=coder2j
AIRFLOW_CTX_DAG_ID=our_first_dag_v5
AIRFLOW_CTX_TASK_ID=first_task
AIRFLOW_CTX_EXECUTION_DATE=2022-01-28T00:00:00+00:00
AIRFLOW_CTX_TRY_NUMBER=1
AIRFLOW_CTX_DAG_RUN_ID=scheduled__2022-01-28T00:00:00+00:00
[2022-08-06 19:37:54,044] {subprocess.py:62} INFO - Tmp dir root location: 
 /tmp
[2022-08-06 19:37:54,044] {subprocess.py:74} INFO - Running command: ['bash', '-c', 'echo hello world, this is the first task!']
[2022-08-06 19:37:54,058] {subprocess.py:85} INFO - Output:
[2022-08-06 19:37:54,060] {subprocess.py:92} INFO - hello world, this is the first task!
[2022-08-06 19:37:54,060] {subprocess.py:96} INFO - Command exited with return code 0
[2022-08-06 19:37:54,094] {taskinstance.py:1420} INFO - Marking task as SUCCESS. dag_id=our_first_dag_v5, task_id=first_task, execution_date=20220128T000000, start_date=20220806T193753, end_date=20220806T193754
[2022-08-06 19:37:54,142] {local_task_job.py:156} INFO - Task exited with return code 0
[2022-08-06 19:37:54,190] {local_task_job.py:273} INFO - 2 downstream tasks scheduled from follow-on schedule check
[2022-08-06 21:51:45,620] {taskinstance.py:1179} INFO - Dependencies all met for <TaskInstance: our_first_dag_v5.first_task scheduled__2022-01-28T00:00:00+00:00 [queued]>
[2022-08-06 21:51:45,631] {taskinstance.py:1179} INFO - Dependencies all met for <TaskInstance: our_first_dag_v5.first_task scheduled__2022-01-28T00:00:00+00:00 [queued]>
[2022-08-06 21:51:45,631] {taskinstance.py:1376} INFO - 
--------------------------------------------------------------------------------
[2022-08-06 21:51:45,631] {taskinstance.py:1377} INFO - Starting attempt 1 of 6
[2022-08-06 21:51:45,631] {taskinstance.py:1378} INFO - 
--------------------------------------------------------------------------------
[2022-08-06 21:51:45,647] {taskinstance.py:1397} INFO - Executing <Task(BashOperator): first_task> on 2022-01-28 00:00:00+00:00
[2022-08-06 21:51:45,653] {standard_task_runner.py:52} INFO - Started process 1978 to run task
[2022-08-06 21:51:45,656] {standard_task_runner.py:79} INFO - Running: ['***', 'tasks', 'run', 'our_first_dag_v5', 'first_task', 'scheduled__2022-01-28T00:00:00+00:00', '--job-id', '541', '--raw', '--subdir', 'DAGS_FOLDER/pipeline.py', '--cfg-path', '/tmp/tmpcofkdd6u', '--error-file', '/tmp/tmpk05nuulh']
[2022-08-06 21:51:45,656] {standard_task_runner.py:80} INFO - Job 541: Subtask first_task
[2022-08-06 21:51:45,734] {task_command.py:371} INFO - Running <TaskInstance: our_first_dag_v5.first_task scheduled__2022-01-28T00:00:00+00:00 [running]> on host c3f731879890
[2022-08-06 21:51:45,827] {taskinstance.py:1591} INFO - Exporting the following env vars:
AIRFLOW_CTX_DAG_OWNER=coder2j
AIRFLOW_CTX_DAG_ID=our_first_dag_v5
AIRFLOW_CTX_TASK_ID=first_task
AIRFLOW_CTX_EXECUTION_DATE=2022-01-28T00:00:00+00:00
AIRFLOW_CTX_TRY_NUMBER=1
AIRFLOW_CTX_DAG_RUN_ID=scheduled__2022-01-28T00:00:00+00:00
[2022-08-06 21:51:45,828] {subprocess.py:62} INFO - Tmp dir root location: 
 /tmp
[2022-08-06 21:51:45,829] {subprocess.py:74} INFO - Running command: ['bash', '-c', 'echo hello world, this is the first task!']
[2022-08-06 21:51:45,844] {subprocess.py:85} INFO - Output:
[2022-08-06 21:51:45,846] {subprocess.py:92} INFO - hello world, this is the first task!
[2022-08-06 21:51:45,846] {subprocess.py:96} INFO - Command exited with return code 0
[2022-08-06 21:51:45,879] {taskinstance.py:1420} INFO - Marking task as SUCCESS. dag_id=our_first_dag_v5, task_id=first_task, execution_date=20220128T000000, start_date=20220806T215145, end_date=20220806T215145
[2022-08-06 21:51:45,907] {local_task_job.py:156} INFO - Task exited with return code 0
[2022-08-06 21:51:45,961] {local_task_job.py:273} INFO - 2 downstream tasks scheduled from follow-on schedule check
[2022-08-06 21:57:09,893] {taskinstance.py:1179} INFO - Dependencies all met for <TaskInstance: our_first_dag_v5.first_task scheduled__2022-01-28T00:00:00+00:00 [queued]>
[2022-08-06 21:57:09,907] {taskinstance.py:1179} INFO - Dependencies all met for <TaskInstance: our_first_dag_v5.first_task scheduled__2022-01-28T00:00:00+00:00 [queued]>
[2022-08-06 21:57:09,907] {taskinstance.py:1376} INFO - 
--------------------------------------------------------------------------------
[2022-08-06 21:57:09,907] {taskinstance.py:1377} INFO - Starting attempt 1 of 6
[2022-08-06 21:57:09,908] {taskinstance.py:1378} INFO - 
--------------------------------------------------------------------------------
[2022-08-06 21:57:09,923] {taskinstance.py:1397} INFO - Executing <Task(BashOperator): first_task> on 2022-01-28 00:00:00+00:00
[2022-08-06 21:57:09,929] {standard_task_runner.py:52} INFO - Started process 1790 to run task
[2022-08-06 21:57:09,931] {standard_task_runner.py:79} INFO - Running: ['***', 'tasks', 'run', 'our_first_dag_v5', 'first_task', 'scheduled__2022-01-28T00:00:00+00:00', '--job-id', '545', '--raw', '--subdir', 'DAGS_FOLDER/pipeline.py', '--cfg-path', '/tmp/tmpyw1_jhps', '--error-file', '/tmp/tmp58b7beb2']
[2022-08-06 21:57:09,932] {standard_task_runner.py:80} INFO - Job 545: Subtask first_task
[2022-08-06 21:57:09,991] {task_command.py:371} INFO - Running <TaskInstance: our_first_dag_v5.first_task scheduled__2022-01-28T00:00:00+00:00 [running]> on host bc7e154a4fdd
[2022-08-06 21:57:10,080] {taskinstance.py:1591} INFO - Exporting the following env vars:
AIRFLOW_CTX_DAG_OWNER=coder2j
AIRFLOW_CTX_DAG_ID=our_first_dag_v5
AIRFLOW_CTX_TASK_ID=first_task
AIRFLOW_CTX_EXECUTION_DATE=2022-01-28T00:00:00+00:00
AIRFLOW_CTX_TRY_NUMBER=1
AIRFLOW_CTX_DAG_RUN_ID=scheduled__2022-01-28T00:00:00+00:00
[2022-08-06 21:57:10,081] {subprocess.py:62} INFO - Tmp dir root location: 
 /tmp
[2022-08-06 21:57:10,082] {subprocess.py:74} INFO - Running command: ['bash', '-c', 'echo hello world, this is the first task!']
[2022-08-06 21:57:10,097] {subprocess.py:85} INFO - Output:
[2022-08-06 21:57:10,099] {subprocess.py:92} INFO - hello world, this is the first task!
[2022-08-06 21:57:10,099] {subprocess.py:96} INFO - Command exited with return code 0
[2022-08-06 21:57:10,135] {taskinstance.py:1420} INFO - Marking task as SUCCESS. dag_id=our_first_dag_v5, task_id=first_task, execution_date=20220128T000000, start_date=20220806T215709, end_date=20220806T215710
[2022-08-06 21:57:10,183] {local_task_job.py:156} INFO - Task exited with return code 0
[2022-08-06 21:57:10,237] {local_task_job.py:273} INFO - 0 downstream tasks scheduled from follow-on schedule check
[2022-08-06 22:12:13,712] {taskinstance.py:1179} INFO - Dependencies all met for <TaskInstance: our_first_dag_v5.first_task scheduled__2022-01-28T00:00:00+00:00 [queued]>
[2022-08-06 22:12:13,722] {taskinstance.py:1179} INFO - Dependencies all met for <TaskInstance: our_first_dag_v5.first_task scheduled__2022-01-28T00:00:00+00:00 [queued]>
[2022-08-06 22:12:13,722] {taskinstance.py:1376} INFO - 
--------------------------------------------------------------------------------
[2022-08-06 22:12:13,722] {taskinstance.py:1377} INFO - Starting attempt 1 of 6
[2022-08-06 22:12:13,722] {taskinstance.py:1378} INFO - 
--------------------------------------------------------------------------------
[2022-08-06 22:12:13,735] {taskinstance.py:1397} INFO - Executing <Task(BashOperator): first_task> on 2022-01-28 00:00:00+00:00
[2022-08-06 22:12:13,740] {standard_task_runner.py:52} INFO - Started process 1805 to run task
[2022-08-06 22:12:13,742] {standard_task_runner.py:79} INFO - Running: ['***', 'tasks', 'run', 'our_first_dag_v5', 'first_task', 'scheduled__2022-01-28T00:00:00+00:00', '--job-id', '547', '--raw', '--subdir', 'DAGS_FOLDER/pipeline.py', '--cfg-path', '/tmp/tmpo7hvjjlg', '--error-file', '/tmp/tmps6nnv_jn']
[2022-08-06 22:12:13,742] {standard_task_runner.py:80} INFO - Job 547: Subtask first_task
[2022-08-06 22:12:13,797] {task_command.py:371} INFO - Running <TaskInstance: our_first_dag_v5.first_task scheduled__2022-01-28T00:00:00+00:00 [running]> on host 1250c3b659cd
[2022-08-06 22:12:13,870] {taskinstance.py:1591} INFO - Exporting the following env vars:
AIRFLOW_CTX_DAG_OWNER=coder2j
AIRFLOW_CTX_DAG_ID=our_first_dag_v5
AIRFLOW_CTX_TASK_ID=first_task
AIRFLOW_CTX_EXECUTION_DATE=2022-01-28T00:00:00+00:00
AIRFLOW_CTX_TRY_NUMBER=1
AIRFLOW_CTX_DAG_RUN_ID=scheduled__2022-01-28T00:00:00+00:00
[2022-08-06 22:12:13,871] {subprocess.py:62} INFO - Tmp dir root location: 
 /tmp
[2022-08-06 22:12:13,872] {subprocess.py:74} INFO - Running command: ['bash', '-c', 'echo hello world, this is the first task!']
[2022-08-06 22:12:13,885] {subprocess.py:85} INFO - Output:
[2022-08-06 22:12:13,886] {subprocess.py:92} INFO - hello world, this is the first task!
[2022-08-06 22:12:13,886] {subprocess.py:96} INFO - Command exited with return code 0
[2022-08-06 22:12:13,913] {taskinstance.py:1420} INFO - Marking task as SUCCESS. dag_id=our_first_dag_v5, task_id=first_task, execution_date=20220128T000000, start_date=20220806T221213, end_date=20220806T221213
[2022-08-06 22:12:13,953] {local_task_job.py:156} INFO - Task exited with return code 0
[2022-08-06 22:12:13,987] {local_task_job.py:273} INFO - 0 downstream tasks scheduled from follow-on schedule check
[2022-08-06 22:23:33,972] {taskinstance.py:1179} INFO - Dependencies all met for <TaskInstance: our_first_dag_v5.first_task scheduled__2022-01-28T00:00:00+00:00 [queued]>
[2022-08-06 22:23:33,982] {taskinstance.py:1179} INFO - Dependencies all met for <TaskInstance: our_first_dag_v5.first_task scheduled__2022-01-28T00:00:00+00:00 [queued]>
[2022-08-06 22:23:33,982] {taskinstance.py:1376} INFO - 
--------------------------------------------------------------------------------
[2022-08-06 22:23:33,983] {taskinstance.py:1377} INFO - Starting attempt 1 of 6
[2022-08-06 22:23:33,983] {taskinstance.py:1378} INFO - 
--------------------------------------------------------------------------------
[2022-08-06 22:23:34,004] {taskinstance.py:1397} INFO - Executing <Task(BashOperator): first_task> on 2022-01-28 00:00:00+00:00
[2022-08-06 22:23:34,011] {standard_task_runner.py:52} INFO - Started process 1864 to run task
[2022-08-06 22:23:34,013] {standard_task_runner.py:79} INFO - Running: ['***', 'tasks', 'run', 'our_first_dag_v5', 'first_task', 'scheduled__2022-01-28T00:00:00+00:00', '--job-id', '552', '--raw', '--subdir', 'DAGS_FOLDER/pipeline.py', '--cfg-path', '/tmp/tmp0pbqmoo8', '--error-file', '/tmp/tmp55ni4o3e']
[2022-08-06 22:23:34,014] {standard_task_runner.py:80} INFO - Job 552: Subtask first_task
[2022-08-06 22:23:34,084] {task_command.py:371} INFO - Running <TaskInstance: our_first_dag_v5.first_task scheduled__2022-01-28T00:00:00+00:00 [running]> on host b215076695c3
[2022-08-06 22:23:34,178] {taskinstance.py:1591} INFO - Exporting the following env vars:
AIRFLOW_CTX_DAG_OWNER=coder2j
AIRFLOW_CTX_DAG_ID=our_first_dag_v5
AIRFLOW_CTX_TASK_ID=first_task
AIRFLOW_CTX_EXECUTION_DATE=2022-01-28T00:00:00+00:00
AIRFLOW_CTX_TRY_NUMBER=1
AIRFLOW_CTX_DAG_RUN_ID=scheduled__2022-01-28T00:00:00+00:00
[2022-08-06 22:23:34,179] {subprocess.py:62} INFO - Tmp dir root location: 
 /tmp
[2022-08-06 22:23:34,179] {subprocess.py:74} INFO - Running command: ['bash', '-c', 'echo hello world, this is the first task!']
[2022-08-06 22:23:34,194] {subprocess.py:85} INFO - Output:
[2022-08-06 22:23:34,196] {subprocess.py:92} INFO - hello world, this is the first task!
[2022-08-06 22:23:34,196] {subprocess.py:96} INFO - Command exited with return code 0
[2022-08-06 22:23:34,225] {taskinstance.py:1420} INFO - Marking task as SUCCESS. dag_id=our_first_dag_v5, task_id=first_task, execution_date=20220128T000000, start_date=20220806T222333, end_date=20220806T222334
[2022-08-06 22:23:34,265] {local_task_job.py:156} INFO - Task exited with return code 0
[2022-08-06 22:23:34,303] {local_task_job.py:273} INFO - 2 downstream tasks scheduled from follow-on schedule check
