[2022-08-06 19:38:06,245] {taskinstance.py:1179} INFO - Dependencies all met for <TaskInstance: our_first_dag_v5.thrid_task scheduled__2022-02-19T00:00:00+00:00 [queued]>
[2022-08-06 19:38:06,262] {taskinstance.py:1179} INFO - Dependencies all met for <TaskInstance: our_first_dag_v5.thrid_task scheduled__2022-02-19T00:00:00+00:00 [queued]>
[2022-08-06 19:38:06,262] {taskinstance.py:1376} INFO - 
--------------------------------------------------------------------------------
[2022-08-06 19:38:06,262] {taskinstance.py:1377} INFO - Starting attempt 1 of 6
[2022-08-06 19:38:06,263] {taskinstance.py:1378} INFO - 
--------------------------------------------------------------------------------
[2022-08-06 19:38:06,279] {taskinstance.py:1397} INFO - Executing <Task(BashOperator): thrid_task> on 2022-02-19 00:00:00+00:00
[2022-08-06 19:38:06,286] {standard_task_runner.py:52} INFO - Started process 2027 to run task
[2022-08-06 19:38:06,289] {standard_task_runner.py:79} INFO - Running: ['***', 'tasks', 'run', 'our_first_dag_v5', 'thrid_task', 'scheduled__2022-02-19T00:00:00+00:00', '--job-id', '617', '--raw', '--subdir', 'DAGS_FOLDER/pipeline.py', '--cfg-path', '/tmp/tmp6f6v74t2', '--error-file', '/tmp/tmph9loo1s4']
[2022-08-06 19:38:06,289] {standard_task_runner.py:80} INFO - Job 617: Subtask thrid_task
[2022-08-06 19:38:06,374] {task_command.py:371} INFO - Running <TaskInstance: our_first_dag_v5.thrid_task scheduled__2022-02-19T00:00:00+00:00 [running]> on host b29c168c1666
[2022-08-06 19:38:06,473] {taskinstance.py:1591} INFO - Exporting the following env vars:
AIRFLOW_CTX_DAG_OWNER=coder2j
AIRFLOW_CTX_DAG_ID=our_first_dag_v5
AIRFLOW_CTX_TASK_ID=thrid_task
AIRFLOW_CTX_EXECUTION_DATE=2022-02-19T00:00:00+00:00
AIRFLOW_CTX_TRY_NUMBER=1
AIRFLOW_CTX_DAG_RUN_ID=scheduled__2022-02-19T00:00:00+00:00
[2022-08-06 19:38:06,474] {subprocess.py:62} INFO - Tmp dir root location: 
 /tmp
[2022-08-06 19:38:06,474] {subprocess.py:74} INFO - Running command: ['bash', '-c', 'echo hey, I am task3 and will be running after task1 at the same time as task2!']
[2022-08-06 19:38:06,487] {subprocess.py:85} INFO - Output:
[2022-08-06 19:38:06,488] {subprocess.py:92} INFO - hey, I am task3 and will be running after task1 at the same time as task2!
[2022-08-06 19:38:06,489] {subprocess.py:96} INFO - Command exited with return code 0
[2022-08-06 19:38:06,516] {taskinstance.py:1420} INFO - Marking task as SUCCESS. dag_id=our_first_dag_v5, task_id=thrid_task, execution_date=20220219T000000, start_date=20220806T193806, end_date=20220806T193806
[2022-08-06 19:38:06,544] {local_task_job.py:156} INFO - Task exited with return code 0
[2022-08-06 19:38:06,574] {local_task_job.py:273} INFO - 0 downstream tasks scheduled from follow-on schedule check
[2022-08-06 21:51:59,380] {taskinstance.py:1179} INFO - Dependencies all met for <TaskInstance: our_first_dag_v5.thrid_task scheduled__2022-02-19T00:00:00+00:00 [queued]>
[2022-08-06 21:51:59,395] {taskinstance.py:1179} INFO - Dependencies all met for <TaskInstance: our_first_dag_v5.thrid_task scheduled__2022-02-19T00:00:00+00:00 [queued]>
[2022-08-06 21:51:59,396] {taskinstance.py:1376} INFO - 
--------------------------------------------------------------------------------
[2022-08-06 21:51:59,396] {taskinstance.py:1377} INFO - Starting attempt 1 of 6
[2022-08-06 21:51:59,396] {taskinstance.py:1378} INFO - 
--------------------------------------------------------------------------------
[2022-08-06 21:51:59,418] {taskinstance.py:1397} INFO - Executing <Task(BashOperator): thrid_task> on 2022-02-19 00:00:00+00:00
[2022-08-06 21:51:59,425] {standard_task_runner.py:52} INFO - Started process 2218 to run task
[2022-08-06 21:51:59,428] {standard_task_runner.py:79} INFO - Running: ['***', 'tasks', 'run', 'our_first_dag_v5', 'thrid_task', 'scheduled__2022-02-19T00:00:00+00:00', '--job-id', '619', '--raw', '--subdir', 'DAGS_FOLDER/pipeline.py', '--cfg-path', '/tmp/tmpoodxenjb', '--error-file', '/tmp/tmpt48jr0oc']
[2022-08-06 21:51:59,429] {standard_task_runner.py:80} INFO - Job 619: Subtask thrid_task
[2022-08-06 21:51:59,514] {task_command.py:371} INFO - Running <TaskInstance: our_first_dag_v5.thrid_task scheduled__2022-02-19T00:00:00+00:00 [running]> on host c3f731879890
[2022-08-06 21:51:59,622] {taskinstance.py:1591} INFO - Exporting the following env vars:
AIRFLOW_CTX_DAG_OWNER=coder2j
AIRFLOW_CTX_DAG_ID=our_first_dag_v5
AIRFLOW_CTX_TASK_ID=thrid_task
AIRFLOW_CTX_EXECUTION_DATE=2022-02-19T00:00:00+00:00
AIRFLOW_CTX_TRY_NUMBER=1
AIRFLOW_CTX_DAG_RUN_ID=scheduled__2022-02-19T00:00:00+00:00
[2022-08-06 21:51:59,623] {subprocess.py:62} INFO - Tmp dir root location: 
 /tmp
[2022-08-06 21:51:59,623] {subprocess.py:74} INFO - Running command: ['bash', '-c', 'echo hey, I am task3 and will be running after task1 at the same time as task2!']
[2022-08-06 21:51:59,640] {subprocess.py:85} INFO - Output:
[2022-08-06 21:51:59,643] {subprocess.py:92} INFO - hey, I am task3 and will be running after task1 at the same time as task2!
[2022-08-06 21:51:59,644] {subprocess.py:96} INFO - Command exited with return code 0
[2022-08-06 21:51:59,699] {taskinstance.py:1420} INFO - Marking task as SUCCESS. dag_id=our_first_dag_v5, task_id=thrid_task, execution_date=20220219T000000, start_date=20220806T215159, end_date=20220806T215159
[2022-08-06 21:51:59,759] {local_task_job.py:156} INFO - Task exited with return code 0
[2022-08-06 21:51:59,808] {local_task_job.py:273} INFO - 0 downstream tasks scheduled from follow-on schedule check
[2022-08-06 21:57:24,087] {taskinstance.py:1179} INFO - Dependencies all met for <TaskInstance: our_first_dag_v5.thrid_task scheduled__2022-02-19T00:00:00+00:00 [queued]>
[2022-08-06 21:57:24,109] {taskinstance.py:1179} INFO - Dependencies all met for <TaskInstance: our_first_dag_v5.thrid_task scheduled__2022-02-19T00:00:00+00:00 [queued]>
[2022-08-06 21:57:24,109] {taskinstance.py:1376} INFO - 
--------------------------------------------------------------------------------
[2022-08-06 21:57:24,109] {taskinstance.py:1377} INFO - Starting attempt 1 of 6
[2022-08-06 21:57:24,109] {taskinstance.py:1378} INFO - 
--------------------------------------------------------------------------------
[2022-08-06 21:57:24,131] {taskinstance.py:1397} INFO - Executing <Task(BashOperator): thrid_task> on 2022-02-19 00:00:00+00:00
[2022-08-06 21:57:24,140] {standard_task_runner.py:52} INFO - Started process 2025 to run task
[2022-08-06 21:57:24,143] {standard_task_runner.py:79} INFO - Running: ['***', 'tasks', 'run', 'our_first_dag_v5', 'thrid_task', 'scheduled__2022-02-19T00:00:00+00:00', '--job-id', '620', '--raw', '--subdir', 'DAGS_FOLDER/pipeline.py', '--cfg-path', '/tmp/tmpoc8o4fu8', '--error-file', '/tmp/tmpkcxxky4c']
[2022-08-06 21:57:24,144] {standard_task_runner.py:80} INFO - Job 620: Subtask thrid_task
[2022-08-06 21:57:24,226] {task_command.py:371} INFO - Running <TaskInstance: our_first_dag_v5.thrid_task scheduled__2022-02-19T00:00:00+00:00 [running]> on host bc7e154a4fdd
[2022-08-06 21:57:24,319] {taskinstance.py:1591} INFO - Exporting the following env vars:
AIRFLOW_CTX_DAG_OWNER=coder2j
AIRFLOW_CTX_DAG_ID=our_first_dag_v5
AIRFLOW_CTX_TASK_ID=thrid_task
AIRFLOW_CTX_EXECUTION_DATE=2022-02-19T00:00:00+00:00
AIRFLOW_CTX_TRY_NUMBER=1
AIRFLOW_CTX_DAG_RUN_ID=scheduled__2022-02-19T00:00:00+00:00
[2022-08-06 21:57:24,320] {subprocess.py:62} INFO - Tmp dir root location: 
 /tmp
[2022-08-06 21:57:24,321] {subprocess.py:74} INFO - Running command: ['bash', '-c', 'echo hey, I am task3 and will be running after task1 at the same time as task2!']
[2022-08-06 21:57:24,335] {subprocess.py:85} INFO - Output:
[2022-08-06 21:57:24,336] {subprocess.py:92} INFO - hey, I am task3 and will be running after task1 at the same time as task2!
[2022-08-06 21:57:24,337] {subprocess.py:96} INFO - Command exited with return code 0
[2022-08-06 21:57:24,385] {taskinstance.py:1420} INFO - Marking task as SUCCESS. dag_id=our_first_dag_v5, task_id=thrid_task, execution_date=20220219T000000, start_date=20220806T215724, end_date=20220806T215724
[2022-08-06 21:57:24,435] {local_task_job.py:156} INFO - Task exited with return code 0
[2022-08-06 21:57:24,476] {local_task_job.py:273} INFO - 0 downstream tasks scheduled from follow-on schedule check
[2022-08-06 22:12:24,543] {taskinstance.py:1179} INFO - Dependencies all met for <TaskInstance: our_first_dag_v5.thrid_task scheduled__2022-02-19T00:00:00+00:00 [queued]>
[2022-08-06 22:12:24,555] {taskinstance.py:1179} INFO - Dependencies all met for <TaskInstance: our_first_dag_v5.thrid_task scheduled__2022-02-19T00:00:00+00:00 [queued]>
[2022-08-06 22:12:24,555] {taskinstance.py:1376} INFO - 
--------------------------------------------------------------------------------
[2022-08-06 22:12:24,555] {taskinstance.py:1377} INFO - Starting attempt 1 of 6
[2022-08-06 22:12:24,555] {taskinstance.py:1378} INFO - 
--------------------------------------------------------------------------------
[2022-08-06 22:12:24,569] {taskinstance.py:1397} INFO - Executing <Task(BashOperator): thrid_task> on 2022-02-19 00:00:00+00:00
[2022-08-06 22:12:24,574] {standard_task_runner.py:52} INFO - Started process 2023 to run task
[2022-08-06 22:12:24,576] {standard_task_runner.py:79} INFO - Running: ['***', 'tasks', 'run', 'our_first_dag_v5', 'thrid_task', 'scheduled__2022-02-19T00:00:00+00:00', '--job-id', '617', '--raw', '--subdir', 'DAGS_FOLDER/pipeline.py', '--cfg-path', '/tmp/tmpa3pia2vz', '--error-file', '/tmp/tmpyv4dpb58']
[2022-08-06 22:12:24,577] {standard_task_runner.py:80} INFO - Job 617: Subtask thrid_task
[2022-08-06 22:12:24,630] {task_command.py:371} INFO - Running <TaskInstance: our_first_dag_v5.thrid_task scheduled__2022-02-19T00:00:00+00:00 [running]> on host 1250c3b659cd
[2022-08-06 22:12:24,704] {taskinstance.py:1591} INFO - Exporting the following env vars:
AIRFLOW_CTX_DAG_OWNER=coder2j
AIRFLOW_CTX_DAG_ID=our_first_dag_v5
AIRFLOW_CTX_TASK_ID=thrid_task
AIRFLOW_CTX_EXECUTION_DATE=2022-02-19T00:00:00+00:00
AIRFLOW_CTX_TRY_NUMBER=1
AIRFLOW_CTX_DAG_RUN_ID=scheduled__2022-02-19T00:00:00+00:00
[2022-08-06 22:12:24,705] {subprocess.py:62} INFO - Tmp dir root location: 
 /tmp
[2022-08-06 22:12:24,705] {subprocess.py:74} INFO - Running command: ['bash', '-c', 'echo hey, I am task3 and will be running after task1 at the same time as task2!']
[2022-08-06 22:12:24,716] {subprocess.py:85} INFO - Output:
[2022-08-06 22:12:24,718] {subprocess.py:92} INFO - hey, I am task3 and will be running after task1 at the same time as task2!
[2022-08-06 22:12:24,718] {subprocess.py:96} INFO - Command exited with return code 0
[2022-08-06 22:12:24,742] {taskinstance.py:1420} INFO - Marking task as SUCCESS. dag_id=our_first_dag_v5, task_id=thrid_task, execution_date=20220219T000000, start_date=20220806T221224, end_date=20220806T221224
[2022-08-06 22:12:24,788] {local_task_job.py:156} INFO - Task exited with return code 0
[2022-08-06 22:12:24,817] {local_task_job.py:273} INFO - 0 downstream tasks scheduled from follow-on schedule check
[2022-08-06 22:23:48,166] {taskinstance.py:1179} INFO - Dependencies all met for <TaskInstance: our_first_dag_v5.thrid_task scheduled__2022-02-19T00:00:00+00:00 [queued]>
[2022-08-06 22:23:48,182] {taskinstance.py:1179} INFO - Dependencies all met for <TaskInstance: our_first_dag_v5.thrid_task scheduled__2022-02-19T00:00:00+00:00 [queued]>
[2022-08-06 22:23:48,182] {taskinstance.py:1376} INFO - 
--------------------------------------------------------------------------------
[2022-08-06 22:23:48,182] {taskinstance.py:1377} INFO - Starting attempt 1 of 6
[2022-08-06 22:23:48,182] {taskinstance.py:1378} INFO - 
--------------------------------------------------------------------------------
[2022-08-06 22:23:48,199] {taskinstance.py:1397} INFO - Executing <Task(BashOperator): thrid_task> on 2022-02-19 00:00:00+00:00
[2022-08-06 22:23:48,206] {standard_task_runner.py:52} INFO - Started process 2079 to run task
[2022-08-06 22:23:48,209] {standard_task_runner.py:79} INFO - Running: ['***', 'tasks', 'run', 'our_first_dag_v5', 'thrid_task', 'scheduled__2022-02-19T00:00:00+00:00', '--job-id', '621', '--raw', '--subdir', 'DAGS_FOLDER/pipeline.py', '--cfg-path', '/tmp/tmpfuameieh', '--error-file', '/tmp/tmpcgkxjiyj']
[2022-08-06 22:23:48,209] {standard_task_runner.py:80} INFO - Job 621: Subtask thrid_task
[2022-08-06 22:23:48,288] {task_command.py:371} INFO - Running <TaskInstance: our_first_dag_v5.thrid_task scheduled__2022-02-19T00:00:00+00:00 [running]> on host b215076695c3
[2022-08-06 22:23:48,416] {taskinstance.py:1591} INFO - Exporting the following env vars:
AIRFLOW_CTX_DAG_OWNER=coder2j
AIRFLOW_CTX_DAG_ID=our_first_dag_v5
AIRFLOW_CTX_TASK_ID=thrid_task
AIRFLOW_CTX_EXECUTION_DATE=2022-02-19T00:00:00+00:00
AIRFLOW_CTX_TRY_NUMBER=1
AIRFLOW_CTX_DAG_RUN_ID=scheduled__2022-02-19T00:00:00+00:00
[2022-08-06 22:23:48,417] {subprocess.py:62} INFO - Tmp dir root location: 
 /tmp
[2022-08-06 22:23:48,418] {subprocess.py:74} INFO - Running command: ['bash', '-c', 'echo hey, I am task3 and will be running after task1 at the same time as task2!']
[2022-08-06 22:23:48,433] {subprocess.py:85} INFO - Output:
[2022-08-06 22:23:48,435] {subprocess.py:92} INFO - hey, I am task3 and will be running after task1 at the same time as task2!
[2022-08-06 22:23:48,435] {subprocess.py:96} INFO - Command exited with return code 0
[2022-08-06 22:23:48,535] {taskinstance.py:1420} INFO - Marking task as SUCCESS. dag_id=our_first_dag_v5, task_id=thrid_task, execution_date=20220219T000000, start_date=20220806T222348, end_date=20220806T222348
[2022-08-06 22:23:48,581] {local_task_job.py:156} INFO - Task exited with return code 0
[2022-08-06 22:23:48,673] {local_task_job.py:273} INFO - 0 downstream tasks scheduled from follow-on schedule check
