[2022-08-06 19:37:50,518] {taskinstance.py:1179} INFO - Dependencies all met for <TaskInstance: our_first_dag_v5.second_task scheduled__2022-01-23T00:00:00+00:00 [queued]>
[2022-08-06 19:37:50,536] {taskinstance.py:1179} INFO - Dependencies all met for <TaskInstance: our_first_dag_v5.second_task scheduled__2022-01-23T00:00:00+00:00 [queued]>
[2022-08-06 19:37:50,537] {taskinstance.py:1376} INFO - 
--------------------------------------------------------------------------------
[2022-08-06 19:37:50,537] {taskinstance.py:1377} INFO - Starting attempt 1 of 6
[2022-08-06 19:37:50,537] {taskinstance.py:1378} INFO - 
--------------------------------------------------------------------------------
[2022-08-06 19:37:50,557] {taskinstance.py:1397} INFO - Executing <Task(BashOperator): second_task> on 2022-01-23 00:00:00+00:00
[2022-08-06 19:37:50,564] {standard_task_runner.py:52} INFO - Started process 1786 to run task
[2022-08-06 19:37:50,567] {standard_task_runner.py:79} INFO - Running: ['***', 'tasks', 'run', 'our_first_dag_v5', 'second_task', 'scheduled__2022-01-23T00:00:00+00:00', '--job-id', '537', '--raw', '--subdir', 'DAGS_FOLDER/pipeline.py', '--cfg-path', '/tmp/tmp4lxvx0k5', '--error-file', '/tmp/tmpxd2bkh80']
[2022-08-06 19:37:50,568] {standard_task_runner.py:80} INFO - Job 537: Subtask second_task
[2022-08-06 19:37:50,671] {task_command.py:371} INFO - Running <TaskInstance: our_first_dag_v5.second_task scheduled__2022-01-23T00:00:00+00:00 [running]> on host b29c168c1666
[2022-08-06 19:37:50,793] {taskinstance.py:1591} INFO - Exporting the following env vars:
AIRFLOW_CTX_DAG_OWNER=coder2j
AIRFLOW_CTX_DAG_ID=our_first_dag_v5
AIRFLOW_CTX_TASK_ID=second_task
AIRFLOW_CTX_EXECUTION_DATE=2022-01-23T00:00:00+00:00
AIRFLOW_CTX_TRY_NUMBER=1
AIRFLOW_CTX_DAG_RUN_ID=scheduled__2022-01-23T00:00:00+00:00
[2022-08-06 19:37:50,795] {subprocess.py:62} INFO - Tmp dir root location: 
 /tmp
[2022-08-06 19:37:50,795] {subprocess.py:74} INFO - Running command: ['bash', '-c', 'echo hey, I am task2 and will be running after task1!']
[2022-08-06 19:37:50,815] {subprocess.py:85} INFO - Output:
[2022-08-06 19:37:50,816] {subprocess.py:92} INFO - hey, I am task2 and will be running after task1!
[2022-08-06 19:37:50,816] {subprocess.py:96} INFO - Command exited with return code 0
[2022-08-06 19:37:50,898] {taskinstance.py:1420} INFO - Marking task as SUCCESS. dag_id=our_first_dag_v5, task_id=second_task, execution_date=20220123T000000, start_date=20220806T193750, end_date=20220806T193750
[2022-08-06 19:37:50,949] {local_task_job.py:156} INFO - Task exited with return code 0
[2022-08-06 19:37:50,995] {local_task_job.py:273} INFO - 0 downstream tasks scheduled from follow-on schedule check
[2022-08-06 21:51:43,112] {taskinstance.py:1179} INFO - Dependencies all met for <TaskInstance: our_first_dag_v5.second_task scheduled__2022-01-23T00:00:00+00:00 [queued]>
[2022-08-06 21:51:43,123] {taskinstance.py:1179} INFO - Dependencies all met for <TaskInstance: our_first_dag_v5.second_task scheduled__2022-01-23T00:00:00+00:00 [queued]>
[2022-08-06 21:51:43,123] {taskinstance.py:1376} INFO - 
--------------------------------------------------------------------------------
[2022-08-06 21:51:43,123] {taskinstance.py:1377} INFO - Starting attempt 1 of 6
[2022-08-06 21:51:43,123] {taskinstance.py:1378} INFO - 
--------------------------------------------------------------------------------
[2022-08-06 21:51:43,137] {taskinstance.py:1397} INFO - Executing <Task(BashOperator): second_task> on 2022-01-23 00:00:00+00:00
[2022-08-06 21:51:43,142] {standard_task_runner.py:52} INFO - Started process 1955 to run task
[2022-08-06 21:51:43,144] {standard_task_runner.py:79} INFO - Running: ['***', 'tasks', 'run', 'our_first_dag_v5', 'second_task', 'scheduled__2022-01-23T00:00:00+00:00', '--job-id', '533', '--raw', '--subdir', 'DAGS_FOLDER/pipeline.py', '--cfg-path', '/tmp/tmpdark5_u1', '--error-file', '/tmp/tmptupvjctb']
[2022-08-06 21:51:43,144] {standard_task_runner.py:80} INFO - Job 533: Subtask second_task
[2022-08-06 21:51:43,198] {task_command.py:371} INFO - Running <TaskInstance: our_first_dag_v5.second_task scheduled__2022-01-23T00:00:00+00:00 [running]> on host c3f731879890
[2022-08-06 21:51:43,271] {taskinstance.py:1591} INFO - Exporting the following env vars:
AIRFLOW_CTX_DAG_OWNER=coder2j
AIRFLOW_CTX_DAG_ID=our_first_dag_v5
AIRFLOW_CTX_TASK_ID=second_task
AIRFLOW_CTX_EXECUTION_DATE=2022-01-23T00:00:00+00:00
AIRFLOW_CTX_TRY_NUMBER=1
AIRFLOW_CTX_DAG_RUN_ID=scheduled__2022-01-23T00:00:00+00:00
[2022-08-06 21:51:43,272] {subprocess.py:62} INFO - Tmp dir root location: 
 /tmp
[2022-08-06 21:51:43,273] {subprocess.py:74} INFO - Running command: ['bash', '-c', 'echo hey, I am task2 and will be running after task1!']
[2022-08-06 21:51:43,285] {subprocess.py:85} INFO - Output:
[2022-08-06 21:51:43,286] {subprocess.py:92} INFO - hey, I am task2 and will be running after task1!
[2022-08-06 21:51:43,286] {subprocess.py:96} INFO - Command exited with return code 0
[2022-08-06 21:51:43,315] {taskinstance.py:1420} INFO - Marking task as SUCCESS. dag_id=our_first_dag_v5, task_id=second_task, execution_date=20220123T000000, start_date=20220806T215143, end_date=20220806T215143
[2022-08-06 21:51:43,355] {local_task_job.py:156} INFO - Task exited with return code 0
[2022-08-06 21:51:43,381] {local_task_job.py:273} INFO - 0 downstream tasks scheduled from follow-on schedule check
[2022-08-06 21:57:05,977] {taskinstance.py:1179} INFO - Dependencies all met for <TaskInstance: our_first_dag_v5.second_task scheduled__2022-01-23T00:00:00+00:00 [queued]>
[2022-08-06 21:57:05,989] {taskinstance.py:1179} INFO - Dependencies all met for <TaskInstance: our_first_dag_v5.second_task scheduled__2022-01-23T00:00:00+00:00 [queued]>
[2022-08-06 21:57:05,989] {taskinstance.py:1376} INFO - 
--------------------------------------------------------------------------------
[2022-08-06 21:57:05,989] {taskinstance.py:1377} INFO - Starting attempt 1 of 6
[2022-08-06 21:57:05,989] {taskinstance.py:1378} INFO - 
--------------------------------------------------------------------------------
[2022-08-06 21:57:06,003] {taskinstance.py:1397} INFO - Executing <Task(BashOperator): second_task> on 2022-01-23 00:00:00+00:00
[2022-08-06 21:57:06,008] {standard_task_runner.py:52} INFO - Started process 1756 to run task
[2022-08-06 21:57:06,010] {standard_task_runner.py:79} INFO - Running: ['***', 'tasks', 'run', 'our_first_dag_v5', 'second_task', 'scheduled__2022-01-23T00:00:00+00:00', '--job-id', '537', '--raw', '--subdir', 'DAGS_FOLDER/pipeline.py', '--cfg-path', '/tmp/tmp78q5c4g7', '--error-file', '/tmp/tmpwh4ttdei']
[2022-08-06 21:57:06,010] {standard_task_runner.py:80} INFO - Job 537: Subtask second_task
[2022-08-06 21:57:06,062] {task_command.py:371} INFO - Running <TaskInstance: our_first_dag_v5.second_task scheduled__2022-01-23T00:00:00+00:00 [running]> on host bc7e154a4fdd
[2022-08-06 21:57:06,138] {taskinstance.py:1591} INFO - Exporting the following env vars:
AIRFLOW_CTX_DAG_OWNER=coder2j
AIRFLOW_CTX_DAG_ID=our_first_dag_v5
AIRFLOW_CTX_TASK_ID=second_task
AIRFLOW_CTX_EXECUTION_DATE=2022-01-23T00:00:00+00:00
AIRFLOW_CTX_TRY_NUMBER=1
AIRFLOW_CTX_DAG_RUN_ID=scheduled__2022-01-23T00:00:00+00:00
[2022-08-06 21:57:06,139] {subprocess.py:62} INFO - Tmp dir root location: 
 /tmp
[2022-08-06 21:57:06,139] {subprocess.py:74} INFO - Running command: ['bash', '-c', 'echo hey, I am task2 and will be running after task1!']
[2022-08-06 21:57:06,151] {subprocess.py:85} INFO - Output:
[2022-08-06 21:57:06,152] {subprocess.py:92} INFO - hey, I am task2 and will be running after task1!
[2022-08-06 21:57:06,152] {subprocess.py:96} INFO - Command exited with return code 0
[2022-08-06 21:57:06,177] {taskinstance.py:1420} INFO - Marking task as SUCCESS. dag_id=our_first_dag_v5, task_id=second_task, execution_date=20220123T000000, start_date=20220806T215705, end_date=20220806T215706
[2022-08-06 21:57:06,221] {local_task_job.py:156} INFO - Task exited with return code 0
[2022-08-06 21:57:06,255] {local_task_job.py:273} INFO - 0 downstream tasks scheduled from follow-on schedule check
[2022-08-06 22:12:10,579] {taskinstance.py:1179} INFO - Dependencies all met for <TaskInstance: our_first_dag_v5.second_task scheduled__2022-01-23T00:00:00+00:00 [queued]>
[2022-08-06 22:12:10,591] {taskinstance.py:1179} INFO - Dependencies all met for <TaskInstance: our_first_dag_v5.second_task scheduled__2022-01-23T00:00:00+00:00 [queued]>
[2022-08-06 22:12:10,591] {taskinstance.py:1376} INFO - 
--------------------------------------------------------------------------------
[2022-08-06 22:12:10,591] {taskinstance.py:1377} INFO - Starting attempt 1 of 6
[2022-08-06 22:12:10,591] {taskinstance.py:1378} INFO - 
--------------------------------------------------------------------------------
[2022-08-06 22:12:10,609] {taskinstance.py:1397} INFO - Executing <Task(BashOperator): second_task> on 2022-01-23 00:00:00+00:00
[2022-08-06 22:12:10,616] {standard_task_runner.py:52} INFO - Started process 1767 to run task
[2022-08-06 22:12:10,620] {standard_task_runner.py:79} INFO - Running: ['***', 'tasks', 'run', 'our_first_dag_v5', 'second_task', 'scheduled__2022-01-23T00:00:00+00:00', '--job-id', '537', '--raw', '--subdir', 'DAGS_FOLDER/pipeline.py', '--cfg-path', '/tmp/tmpqp9pz419', '--error-file', '/tmp/tmpncgzvfcv']
[2022-08-06 22:12:10,620] {standard_task_runner.py:80} INFO - Job 537: Subtask second_task
[2022-08-06 22:12:10,701] {task_command.py:371} INFO - Running <TaskInstance: our_first_dag_v5.second_task scheduled__2022-01-23T00:00:00+00:00 [running]> on host 1250c3b659cd
[2022-08-06 22:12:10,799] {taskinstance.py:1591} INFO - Exporting the following env vars:
AIRFLOW_CTX_DAG_OWNER=coder2j
AIRFLOW_CTX_DAG_ID=our_first_dag_v5
AIRFLOW_CTX_TASK_ID=second_task
AIRFLOW_CTX_EXECUTION_DATE=2022-01-23T00:00:00+00:00
AIRFLOW_CTX_TRY_NUMBER=1
AIRFLOW_CTX_DAG_RUN_ID=scheduled__2022-01-23T00:00:00+00:00
[2022-08-06 22:12:10,799] {subprocess.py:62} INFO - Tmp dir root location: 
 /tmp
[2022-08-06 22:12:10,800] {subprocess.py:74} INFO - Running command: ['bash', '-c', 'echo hey, I am task2 and will be running after task1!']
[2022-08-06 22:12:10,814] {subprocess.py:85} INFO - Output:
[2022-08-06 22:12:10,816] {subprocess.py:92} INFO - hey, I am task2 and will be running after task1!
[2022-08-06 22:12:10,817] {subprocess.py:96} INFO - Command exited with return code 0
[2022-08-06 22:12:10,852] {taskinstance.py:1420} INFO - Marking task as SUCCESS. dag_id=our_first_dag_v5, task_id=second_task, execution_date=20220123T000000, start_date=20220806T221210, end_date=20220806T221210
[2022-08-06 22:12:10,912] {local_task_job.py:156} INFO - Task exited with return code 0
[2022-08-06 22:12:10,957] {local_task_job.py:273} INFO - 0 downstream tasks scheduled from follow-on schedule check
[2022-08-06 22:23:29,675] {taskinstance.py:1179} INFO - Dependencies all met for <TaskInstance: our_first_dag_v5.second_task scheduled__2022-01-23T00:00:00+00:00 [queued]>
[2022-08-06 22:23:29,694] {taskinstance.py:1179} INFO - Dependencies all met for <TaskInstance: our_first_dag_v5.second_task scheduled__2022-01-23T00:00:00+00:00 [queued]>
[2022-08-06 22:23:29,694] {taskinstance.py:1376} INFO - 
--------------------------------------------------------------------------------
[2022-08-06 22:23:29,694] {taskinstance.py:1377} INFO - Starting attempt 1 of 6
[2022-08-06 22:23:29,694] {taskinstance.py:1378} INFO - 
--------------------------------------------------------------------------------
[2022-08-06 22:23:29,714] {taskinstance.py:1397} INFO - Executing <Task(BashOperator): second_task> on 2022-01-23 00:00:00+00:00
[2022-08-06 22:23:29,722] {standard_task_runner.py:52} INFO - Started process 1824 to run task
[2022-08-06 22:23:29,724] {standard_task_runner.py:79} INFO - Running: ['***', 'tasks', 'run', 'our_first_dag_v5', 'second_task', 'scheduled__2022-01-23T00:00:00+00:00', '--job-id', '538', '--raw', '--subdir', 'DAGS_FOLDER/pipeline.py', '--cfg-path', '/tmp/tmp5c9i0t51', '--error-file', '/tmp/tmpbs4uypwi']
[2022-08-06 22:23:29,724] {standard_task_runner.py:80} INFO - Job 538: Subtask second_task
[2022-08-06 22:23:29,822] {task_command.py:371} INFO - Running <TaskInstance: our_first_dag_v5.second_task scheduled__2022-01-23T00:00:00+00:00 [running]> on host b215076695c3
[2022-08-06 22:23:29,948] {taskinstance.py:1591} INFO - Exporting the following env vars:
AIRFLOW_CTX_DAG_OWNER=coder2j
AIRFLOW_CTX_DAG_ID=our_first_dag_v5
AIRFLOW_CTX_TASK_ID=second_task
AIRFLOW_CTX_EXECUTION_DATE=2022-01-23T00:00:00+00:00
AIRFLOW_CTX_TRY_NUMBER=1
AIRFLOW_CTX_DAG_RUN_ID=scheduled__2022-01-23T00:00:00+00:00
[2022-08-06 22:23:29,949] {subprocess.py:62} INFO - Tmp dir root location: 
 /tmp
[2022-08-06 22:23:29,950] {subprocess.py:74} INFO - Running command: ['bash', '-c', 'echo hey, I am task2 and will be running after task1!']
[2022-08-06 22:23:29,969] {subprocess.py:85} INFO - Output:
[2022-08-06 22:23:29,970] {subprocess.py:92} INFO - hey, I am task2 and will be running after task1!
[2022-08-06 22:23:29,970] {subprocess.py:96} INFO - Command exited with return code 0
[2022-08-06 22:23:30,035] {taskinstance.py:1420} INFO - Marking task as SUCCESS. dag_id=our_first_dag_v5, task_id=second_task, execution_date=20220123T000000, start_date=20220806T222329, end_date=20220806T222330
[2022-08-06 22:23:30,060] {local_task_job.py:156} INFO - Task exited with return code 0
[2022-08-06 22:23:30,109] {local_task_job.py:273} INFO - 0 downstream tasks scheduled from follow-on schedule check
