[2022-08-06 19:39:40,619] {taskinstance.py:1179} INFO - Dependencies all met for <TaskInstance: our_first_dag_v5.second_task scheduled__2022-07-23T00:00:00+00:00 [queued]>
[2022-08-06 19:39:40,638] {taskinstance.py:1179} INFO - Dependencies all met for <TaskInstance: our_first_dag_v5.second_task scheduled__2022-07-23T00:00:00+00:00 [queued]>
[2022-08-06 19:39:40,639] {taskinstance.py:1376} INFO - 
--------------------------------------------------------------------------------
[2022-08-06 19:39:40,639] {taskinstance.py:1377} INFO - Starting attempt 1 of 6
[2022-08-06 19:39:40,639] {taskinstance.py:1378} INFO - 
--------------------------------------------------------------------------------
[2022-08-06 19:39:40,669] {taskinstance.py:1397} INFO - Executing <Task(BashOperator): second_task> on 2022-07-23 00:00:00+00:00
[2022-08-06 19:39:40,680] {standard_task_runner.py:52} INFO - Started process 3495 to run task
[2022-08-06 19:39:40,684] {standard_task_runner.py:79} INFO - Running: ['***', 'tasks', 'run', 'our_first_dag_v5', 'second_task', 'scheduled__2022-07-23T00:00:00+00:00', '--job-id', '1081', '--raw', '--subdir', 'DAGS_FOLDER/pipeline.py', '--cfg-path', '/tmp/tmpkqfkpzhk', '--error-file', '/tmp/tmp0761lyk4']
[2022-08-06 19:39:40,686] {standard_task_runner.py:80} INFO - Job 1081: Subtask second_task
[2022-08-06 19:39:40,789] {task_command.py:371} INFO - Running <TaskInstance: our_first_dag_v5.second_task scheduled__2022-07-23T00:00:00+00:00 [running]> on host b29c168c1666
[2022-08-06 19:39:40,919] {taskinstance.py:1591} INFO - Exporting the following env vars:
AIRFLOW_CTX_DAG_OWNER=coder2j
AIRFLOW_CTX_DAG_ID=our_first_dag_v5
AIRFLOW_CTX_TASK_ID=second_task
AIRFLOW_CTX_EXECUTION_DATE=2022-07-23T00:00:00+00:00
AIRFLOW_CTX_TRY_NUMBER=1
AIRFLOW_CTX_DAG_RUN_ID=scheduled__2022-07-23T00:00:00+00:00
[2022-08-06 19:39:40,920] {subprocess.py:62} INFO - Tmp dir root location: 
 /tmp
[2022-08-06 19:39:40,921] {subprocess.py:74} INFO - Running command: ['bash', '-c', 'echo hey, I am task2 and will be running after task1!']
[2022-08-06 19:39:40,943] {subprocess.py:85} INFO - Output:
[2022-08-06 19:39:40,945] {subprocess.py:92} INFO - hey, I am task2 and will be running after task1!
[2022-08-06 19:39:40,945] {subprocess.py:96} INFO - Command exited with return code 0
[2022-08-06 19:39:41,013] {taskinstance.py:1420} INFO - Marking task as SUCCESS. dag_id=our_first_dag_v5, task_id=second_task, execution_date=20220723T000000, start_date=20220806T193940, end_date=20220806T193941
[2022-08-06 19:39:41,104] {local_task_job.py:156} INFO - Task exited with return code 0
[2022-08-06 19:39:41,151] {local_task_job.py:273} INFO - 0 downstream tasks scheduled from follow-on schedule check
[2022-08-06 21:53:32,738] {taskinstance.py:1179} INFO - Dependencies all met for <TaskInstance: our_first_dag_v5.second_task scheduled__2022-07-23T00:00:00+00:00 [queued]>
[2022-08-06 21:53:32,753] {taskinstance.py:1179} INFO - Dependencies all met for <TaskInstance: our_first_dag_v5.second_task scheduled__2022-07-23T00:00:00+00:00 [queued]>
[2022-08-06 21:53:32,753] {taskinstance.py:1376} INFO - 
--------------------------------------------------------------------------------
[2022-08-06 21:53:32,753] {taskinstance.py:1377} INFO - Starting attempt 1 of 6
[2022-08-06 21:53:32,753] {taskinstance.py:1378} INFO - 
--------------------------------------------------------------------------------
[2022-08-06 21:53:32,771] {taskinstance.py:1397} INFO - Executing <Task(BashOperator): second_task> on 2022-07-23 00:00:00+00:00
[2022-08-06 21:53:32,778] {standard_task_runner.py:52} INFO - Started process 3673 to run task
[2022-08-06 21:53:32,781] {standard_task_runner.py:79} INFO - Running: ['***', 'tasks', 'run', 'our_first_dag_v5', 'second_task', 'scheduled__2022-07-23T00:00:00+00:00', '--job-id', '1079', '--raw', '--subdir', 'DAGS_FOLDER/pipeline.py', '--cfg-path', '/tmp/tmpa1rsmu1v', '--error-file', '/tmp/tmp4lc4l8w0']
[2022-08-06 21:53:32,781] {standard_task_runner.py:80} INFO - Job 1079: Subtask second_task
[2022-08-06 21:53:32,843] {task_command.py:371} INFO - Running <TaskInstance: our_first_dag_v5.second_task scheduled__2022-07-23T00:00:00+00:00 [running]> on host c3f731879890
[2022-08-06 21:53:32,921] {taskinstance.py:1591} INFO - Exporting the following env vars:
AIRFLOW_CTX_DAG_OWNER=coder2j
AIRFLOW_CTX_DAG_ID=our_first_dag_v5
AIRFLOW_CTX_TASK_ID=second_task
AIRFLOW_CTX_EXECUTION_DATE=2022-07-23T00:00:00+00:00
AIRFLOW_CTX_TRY_NUMBER=1
AIRFLOW_CTX_DAG_RUN_ID=scheduled__2022-07-23T00:00:00+00:00
[2022-08-06 21:53:32,922] {subprocess.py:62} INFO - Tmp dir root location: 
 /tmp
[2022-08-06 21:53:32,923] {subprocess.py:74} INFO - Running command: ['bash', '-c', 'echo hey, I am task2 and will be running after task1!']
[2022-08-06 21:53:32,935] {subprocess.py:85} INFO - Output:
[2022-08-06 21:53:32,937] {subprocess.py:92} INFO - hey, I am task2 and will be running after task1!
[2022-08-06 21:53:32,937] {subprocess.py:96} INFO - Command exited with return code 0
[2022-08-06 21:53:32,970] {taskinstance.py:1420} INFO - Marking task as SUCCESS. dag_id=our_first_dag_v5, task_id=second_task, execution_date=20220723T000000, start_date=20220806T215332, end_date=20220806T215332
[2022-08-06 21:53:32,992] {local_task_job.py:156} INFO - Task exited with return code 0
[2022-08-06 21:53:33,027] {local_task_job.py:273} INFO - 0 downstream tasks scheduled from follow-on schedule check
[2022-08-06 21:58:57,321] {taskinstance.py:1179} INFO - Dependencies all met for <TaskInstance: our_first_dag_v5.second_task scheduled__2022-07-23T00:00:00+00:00 [queued]>
[2022-08-06 21:58:57,334] {taskinstance.py:1179} INFO - Dependencies all met for <TaskInstance: our_first_dag_v5.second_task scheduled__2022-07-23T00:00:00+00:00 [queued]>
[2022-08-06 21:58:57,334] {taskinstance.py:1376} INFO - 
--------------------------------------------------------------------------------
[2022-08-06 21:58:57,334] {taskinstance.py:1377} INFO - Starting attempt 1 of 6
[2022-08-06 21:58:57,334] {taskinstance.py:1378} INFO - 
--------------------------------------------------------------------------------
[2022-08-06 21:58:57,349] {taskinstance.py:1397} INFO - Executing <Task(BashOperator): second_task> on 2022-07-23 00:00:00+00:00
[2022-08-06 21:58:57,355] {standard_task_runner.py:52} INFO - Started process 3486 to run task
[2022-08-06 21:58:57,357] {standard_task_runner.py:79} INFO - Running: ['***', 'tasks', 'run', 'our_first_dag_v5', 'second_task', 'scheduled__2022-07-23T00:00:00+00:00', '--job-id', '1081', '--raw', '--subdir', 'DAGS_FOLDER/pipeline.py', '--cfg-path', '/tmp/tmpv6wjpm9t', '--error-file', '/tmp/tmp1_whgb1n']
[2022-08-06 21:58:57,358] {standard_task_runner.py:80} INFO - Job 1081: Subtask second_task
[2022-08-06 21:58:57,441] {task_command.py:371} INFO - Running <TaskInstance: our_first_dag_v5.second_task scheduled__2022-07-23T00:00:00+00:00 [running]> on host bc7e154a4fdd
[2022-08-06 21:58:57,555] {taskinstance.py:1591} INFO - Exporting the following env vars:
AIRFLOW_CTX_DAG_OWNER=coder2j
AIRFLOW_CTX_DAG_ID=our_first_dag_v5
AIRFLOW_CTX_TASK_ID=second_task
AIRFLOW_CTX_EXECUTION_DATE=2022-07-23T00:00:00+00:00
AIRFLOW_CTX_TRY_NUMBER=1
AIRFLOW_CTX_DAG_RUN_ID=scheduled__2022-07-23T00:00:00+00:00
[2022-08-06 21:58:57,556] {subprocess.py:62} INFO - Tmp dir root location: 
 /tmp
[2022-08-06 21:58:57,557] {subprocess.py:74} INFO - Running command: ['bash', '-c', 'echo hey, I am task2 and will be running after task1!']
[2022-08-06 21:58:57,570] {subprocess.py:85} INFO - Output:
[2022-08-06 21:58:57,572] {subprocess.py:92} INFO - hey, I am task2 and will be running after task1!
[2022-08-06 21:58:57,573] {subprocess.py:96} INFO - Command exited with return code 0
[2022-08-06 21:58:57,669] {taskinstance.py:1420} INFO - Marking task as SUCCESS. dag_id=our_first_dag_v5, task_id=second_task, execution_date=20220723T000000, start_date=20220806T215857, end_date=20220806T215857
[2022-08-06 21:58:57,729] {local_task_job.py:156} INFO - Task exited with return code 0
[2022-08-06 21:58:57,779] {local_task_job.py:273} INFO - 0 downstream tasks scheduled from follow-on schedule check
[2022-08-06 22:13:55,562] {taskinstance.py:1179} INFO - Dependencies all met for <TaskInstance: our_first_dag_v5.second_task scheduled__2022-07-23T00:00:00+00:00 [queued]>
[2022-08-06 22:13:55,576] {taskinstance.py:1179} INFO - Dependencies all met for <TaskInstance: our_first_dag_v5.second_task scheduled__2022-07-23T00:00:00+00:00 [queued]>
[2022-08-06 22:13:55,576] {taskinstance.py:1376} INFO - 
--------------------------------------------------------------------------------
[2022-08-06 22:13:55,576] {taskinstance.py:1377} INFO - Starting attempt 1 of 6
[2022-08-06 22:13:55,576] {taskinstance.py:1378} INFO - 
--------------------------------------------------------------------------------
[2022-08-06 22:13:55,597] {taskinstance.py:1397} INFO - Executing <Task(BashOperator): second_task> on 2022-07-23 00:00:00+00:00
[2022-08-06 22:13:55,603] {standard_task_runner.py:52} INFO - Started process 3477 to run task
[2022-08-06 22:13:55,606] {standard_task_runner.py:79} INFO - Running: ['***', 'tasks', 'run', 'our_first_dag_v5', 'second_task', 'scheduled__2022-07-23T00:00:00+00:00', '--job-id', '1080', '--raw', '--subdir', 'DAGS_FOLDER/pipeline.py', '--cfg-path', '/tmp/tmpfca64hvu', '--error-file', '/tmp/tmpmkggf3gy']
[2022-08-06 22:13:55,607] {standard_task_runner.py:80} INFO - Job 1080: Subtask second_task
[2022-08-06 22:13:55,687] {task_command.py:371} INFO - Running <TaskInstance: our_first_dag_v5.second_task scheduled__2022-07-23T00:00:00+00:00 [running]> on host 1250c3b659cd
[2022-08-06 22:13:55,787] {taskinstance.py:1591} INFO - Exporting the following env vars:
AIRFLOW_CTX_DAG_OWNER=coder2j
AIRFLOW_CTX_DAG_ID=our_first_dag_v5
AIRFLOW_CTX_TASK_ID=second_task
AIRFLOW_CTX_EXECUTION_DATE=2022-07-23T00:00:00+00:00
AIRFLOW_CTX_TRY_NUMBER=1
AIRFLOW_CTX_DAG_RUN_ID=scheduled__2022-07-23T00:00:00+00:00
[2022-08-06 22:13:55,788] {subprocess.py:62} INFO - Tmp dir root location: 
 /tmp
[2022-08-06 22:13:55,788] {subprocess.py:74} INFO - Running command: ['bash', '-c', 'echo hey, I am task2 and will be running after task1!']
[2022-08-06 22:13:55,806] {subprocess.py:85} INFO - Output:
[2022-08-06 22:13:55,808] {subprocess.py:92} INFO - hey, I am task2 and will be running after task1!
[2022-08-06 22:13:55,809] {subprocess.py:96} INFO - Command exited with return code 0
[2022-08-06 22:13:55,846] {taskinstance.py:1420} INFO - Marking task as SUCCESS. dag_id=our_first_dag_v5, task_id=second_task, execution_date=20220723T000000, start_date=20220806T221355, end_date=20220806T221355
[2022-08-06 22:13:55,898] {local_task_job.py:156} INFO - Task exited with return code 0
[2022-08-06 22:13:55,954] {local_task_job.py:273} INFO - 0 downstream tasks scheduled from follow-on schedule check
[2022-08-06 22:25:13,846] {taskinstance.py:1179} INFO - Dependencies all met for <TaskInstance: our_first_dag_v5.second_task scheduled__2022-07-23T00:00:00+00:00 [queued]>
[2022-08-06 22:25:13,866] {taskinstance.py:1179} INFO - Dependencies all met for <TaskInstance: our_first_dag_v5.second_task scheduled__2022-07-23T00:00:00+00:00 [queued]>
[2022-08-06 22:25:13,866] {taskinstance.py:1376} INFO - 
--------------------------------------------------------------------------------
[2022-08-06 22:25:13,866] {taskinstance.py:1377} INFO - Starting attempt 1 of 6
[2022-08-06 22:25:13,866] {taskinstance.py:1378} INFO - 
--------------------------------------------------------------------------------
[2022-08-06 22:25:13,889] {taskinstance.py:1397} INFO - Executing <Task(BashOperator): second_task> on 2022-07-23 00:00:00+00:00
[2022-08-06 22:25:13,898] {standard_task_runner.py:52} INFO - Started process 3541 to run task
[2022-08-06 22:25:13,902] {standard_task_runner.py:79} INFO - Running: ['***', 'tasks', 'run', 'our_first_dag_v5', 'second_task', 'scheduled__2022-07-23T00:00:00+00:00', '--job-id', '1085', '--raw', '--subdir', 'DAGS_FOLDER/pipeline.py', '--cfg-path', '/tmp/tmp545eyvn_', '--error-file', '/tmp/tmpyceagzzp']
[2022-08-06 22:25:13,902] {standard_task_runner.py:80} INFO - Job 1085: Subtask second_task
[2022-08-06 22:25:13,994] {task_command.py:371} INFO - Running <TaskInstance: our_first_dag_v5.second_task scheduled__2022-07-23T00:00:00+00:00 [running]> on host b215076695c3
[2022-08-06 22:25:14,097] {taskinstance.py:1591} INFO - Exporting the following env vars:
AIRFLOW_CTX_DAG_OWNER=coder2j
AIRFLOW_CTX_DAG_ID=our_first_dag_v5
AIRFLOW_CTX_TASK_ID=second_task
AIRFLOW_CTX_EXECUTION_DATE=2022-07-23T00:00:00+00:00
AIRFLOW_CTX_TRY_NUMBER=1
AIRFLOW_CTX_DAG_RUN_ID=scheduled__2022-07-23T00:00:00+00:00
[2022-08-06 22:25:14,098] {subprocess.py:62} INFO - Tmp dir root location: 
 /tmp
[2022-08-06 22:25:14,098] {subprocess.py:74} INFO - Running command: ['bash', '-c', 'echo hey, I am task2 and will be running after task1!']
[2022-08-06 22:25:14,112] {subprocess.py:85} INFO - Output:
[2022-08-06 22:25:14,114] {subprocess.py:92} INFO - hey, I am task2 and will be running after task1!
[2022-08-06 22:25:14,114] {subprocess.py:96} INFO - Command exited with return code 0
[2022-08-06 22:25:14,149] {taskinstance.py:1420} INFO - Marking task as SUCCESS. dag_id=our_first_dag_v5, task_id=second_task, execution_date=20220723T000000, start_date=20220806T222513, end_date=20220806T222514
[2022-08-06 22:25:14,201] {local_task_job.py:156} INFO - Task exited with return code 0
[2022-08-06 22:25:14,250] {local_task_job.py:273} INFO - 0 downstream tasks scheduled from follow-on schedule check
