[2022-08-06 19:38:25,954] {taskinstance.py:1179} INFO - Dependencies all met for <TaskInstance: our_first_dag_v5.thrid_task scheduled__2022-03-21T00:00:00+00:00 [queued]>
[2022-08-06 19:38:25,968] {taskinstance.py:1179} INFO - Dependencies all met for <TaskInstance: our_first_dag_v5.thrid_task scheduled__2022-03-21T00:00:00+00:00 [queued]>
[2022-08-06 19:38:25,968] {taskinstance.py:1376} INFO - 
--------------------------------------------------------------------------------
[2022-08-06 19:38:25,968] {taskinstance.py:1377} INFO - Starting attempt 1 of 6
[2022-08-06 19:38:25,968] {taskinstance.py:1378} INFO - 
--------------------------------------------------------------------------------
[2022-08-06 19:38:25,986] {taskinstance.py:1397} INFO - Executing <Task(BashOperator): thrid_task> on 2022-03-21 00:00:00+00:00
[2022-08-06 19:38:26,009] {standard_task_runner.py:52} INFO - Started process 2308 to run task
[2022-08-06 19:38:26,012] {standard_task_runner.py:79} INFO - Running: ['***', 'tasks', 'run', 'our_first_dag_v5', 'thrid_task', 'scheduled__2022-03-21T00:00:00+00:00', '--job-id', '706', '--raw', '--subdir', 'DAGS_FOLDER/pipeline.py', '--cfg-path', '/tmp/tmp8ydvpl8w', '--error-file', '/tmp/tmpcva68j2y']
[2022-08-06 19:38:26,012] {standard_task_runner.py:80} INFO - Job 706: Subtask thrid_task
[2022-08-06 19:38:26,081] {task_command.py:371} INFO - Running <TaskInstance: our_first_dag_v5.thrid_task scheduled__2022-03-21T00:00:00+00:00 [running]> on host b29c168c1666
[2022-08-06 19:38:26,163] {taskinstance.py:1591} INFO - Exporting the following env vars:
AIRFLOW_CTX_DAG_OWNER=coder2j
AIRFLOW_CTX_DAG_ID=our_first_dag_v5
AIRFLOW_CTX_TASK_ID=thrid_task
AIRFLOW_CTX_EXECUTION_DATE=2022-03-21T00:00:00+00:00
AIRFLOW_CTX_TRY_NUMBER=1
AIRFLOW_CTX_DAG_RUN_ID=scheduled__2022-03-21T00:00:00+00:00
[2022-08-06 19:38:26,164] {subprocess.py:62} INFO - Tmp dir root location: 
 /tmp
[2022-08-06 19:38:26,164] {subprocess.py:74} INFO - Running command: ['bash', '-c', 'echo hey, I am task3 and will be running after task1 at the same time as task2!']
[2022-08-06 19:38:26,177] {subprocess.py:85} INFO - Output:
[2022-08-06 19:38:26,179] {subprocess.py:92} INFO - hey, I am task3 and will be running after task1 at the same time as task2!
[2022-08-06 19:38:26,179] {subprocess.py:96} INFO - Command exited with return code 0
[2022-08-06 19:38:26,210] {taskinstance.py:1420} INFO - Marking task as SUCCESS. dag_id=our_first_dag_v5, task_id=thrid_task, execution_date=20220321T000000, start_date=20220806T193825, end_date=20220806T193826
[2022-08-06 19:38:26,263] {local_task_job.py:156} INFO - Task exited with return code 0
[2022-08-06 19:38:26,290] {local_task_job.py:273} INFO - 0 downstream tasks scheduled from follow-on schedule check
[2022-08-06 21:52:19,556] {taskinstance.py:1179} INFO - Dependencies all met for <TaskInstance: our_first_dag_v5.thrid_task scheduled__2022-03-21T00:00:00+00:00 [queued]>
[2022-08-06 21:52:19,568] {taskinstance.py:1179} INFO - Dependencies all met for <TaskInstance: our_first_dag_v5.thrid_task scheduled__2022-03-21T00:00:00+00:00 [queued]>
[2022-08-06 21:52:19,568] {taskinstance.py:1376} INFO - 
--------------------------------------------------------------------------------
[2022-08-06 21:52:19,568] {taskinstance.py:1377} INFO - Starting attempt 1 of 6
[2022-08-06 21:52:19,568] {taskinstance.py:1378} INFO - 
--------------------------------------------------------------------------------
[2022-08-06 21:52:19,588] {taskinstance.py:1397} INFO - Executing <Task(BashOperator): thrid_task> on 2022-03-21 00:00:00+00:00
[2022-08-06 21:52:19,612] {standard_task_runner.py:52} INFO - Started process 2510 to run task
[2022-08-06 21:52:19,616] {standard_task_runner.py:79} INFO - Running: ['***', 'tasks', 'run', 'our_first_dag_v5', 'thrid_task', 'scheduled__2022-03-21T00:00:00+00:00', '--job-id', '711', '--raw', '--subdir', 'DAGS_FOLDER/pipeline.py', '--cfg-path', '/tmp/tmpn5e26q8m', '--error-file', '/tmp/tmpfiq5jcv4']
[2022-08-06 21:52:19,616] {standard_task_runner.py:80} INFO - Job 711: Subtask thrid_task
[2022-08-06 21:52:19,705] {task_command.py:371} INFO - Running <TaskInstance: our_first_dag_v5.thrid_task scheduled__2022-03-21T00:00:00+00:00 [running]> on host c3f731879890
[2022-08-06 21:52:19,807] {taskinstance.py:1591} INFO - Exporting the following env vars:
AIRFLOW_CTX_DAG_OWNER=coder2j
AIRFLOW_CTX_DAG_ID=our_first_dag_v5
AIRFLOW_CTX_TASK_ID=thrid_task
AIRFLOW_CTX_EXECUTION_DATE=2022-03-21T00:00:00+00:00
AIRFLOW_CTX_TRY_NUMBER=1
AIRFLOW_CTX_DAG_RUN_ID=scheduled__2022-03-21T00:00:00+00:00
[2022-08-06 21:52:19,808] {subprocess.py:62} INFO - Tmp dir root location: 
 /tmp
[2022-08-06 21:52:19,809] {subprocess.py:74} INFO - Running command: ['bash', '-c', 'echo hey, I am task3 and will be running after task1 at the same time as task2!']
[2022-08-06 21:52:19,826] {subprocess.py:85} INFO - Output:
[2022-08-06 21:52:19,828] {subprocess.py:92} INFO - hey, I am task3 and will be running after task1 at the same time as task2!
[2022-08-06 21:52:19,829] {subprocess.py:96} INFO - Command exited with return code 0
[2022-08-06 21:52:19,870] {taskinstance.py:1420} INFO - Marking task as SUCCESS. dag_id=our_first_dag_v5, task_id=thrid_task, execution_date=20220321T000000, start_date=20220806T215219, end_date=20220806T215219
[2022-08-06 21:52:19,907] {local_task_job.py:156} INFO - Task exited with return code 0
[2022-08-06 21:52:19,953] {local_task_job.py:273} INFO - 0 downstream tasks scheduled from follow-on schedule check
[2022-08-06 21:57:42,795] {taskinstance.py:1179} INFO - Dependencies all met for <TaskInstance: our_first_dag_v5.thrid_task scheduled__2022-03-21T00:00:00+00:00 [queued]>
[2022-08-06 21:57:42,810] {taskinstance.py:1179} INFO - Dependencies all met for <TaskInstance: our_first_dag_v5.thrid_task scheduled__2022-03-21T00:00:00+00:00 [queued]>
[2022-08-06 21:57:42,810] {taskinstance.py:1376} INFO - 
--------------------------------------------------------------------------------
[2022-08-06 21:57:42,810] {taskinstance.py:1377} INFO - Starting attempt 1 of 6
[2022-08-06 21:57:42,810] {taskinstance.py:1378} INFO - 
--------------------------------------------------------------------------------
[2022-08-06 21:57:42,838] {taskinstance.py:1397} INFO - Executing <Task(BashOperator): thrid_task> on 2022-03-21 00:00:00+00:00
[2022-08-06 21:57:42,888] {standard_task_runner.py:52} INFO - Started process 2305 to run task
[2022-08-06 21:57:42,893] {standard_task_runner.py:79} INFO - Running: ['***', 'tasks', 'run', 'our_first_dag_v5', 'thrid_task', 'scheduled__2022-03-21T00:00:00+00:00', '--job-id', '707', '--raw', '--subdir', 'DAGS_FOLDER/pipeline.py', '--cfg-path', '/tmp/tmpzaq67cuq', '--error-file', '/tmp/tmppt2zqd9w']
[2022-08-06 21:57:42,894] {standard_task_runner.py:80} INFO - Job 707: Subtask thrid_task
[2022-08-06 21:57:43,009] {task_command.py:371} INFO - Running <TaskInstance: our_first_dag_v5.thrid_task scheduled__2022-03-21T00:00:00+00:00 [running]> on host bc7e154a4fdd
[2022-08-06 21:57:43,165] {taskinstance.py:1591} INFO - Exporting the following env vars:
AIRFLOW_CTX_DAG_OWNER=coder2j
AIRFLOW_CTX_DAG_ID=our_first_dag_v5
AIRFLOW_CTX_TASK_ID=thrid_task
AIRFLOW_CTX_EXECUTION_DATE=2022-03-21T00:00:00+00:00
AIRFLOW_CTX_TRY_NUMBER=1
AIRFLOW_CTX_DAG_RUN_ID=scheduled__2022-03-21T00:00:00+00:00
[2022-08-06 21:57:43,166] {subprocess.py:62} INFO - Tmp dir root location: 
 /tmp
[2022-08-06 21:57:43,167] {subprocess.py:74} INFO - Running command: ['bash', '-c', 'echo hey, I am task3 and will be running after task1 at the same time as task2!']
[2022-08-06 21:57:43,186] {subprocess.py:85} INFO - Output:
[2022-08-06 21:57:43,189] {subprocess.py:92} INFO - hey, I am task3 and will be running after task1 at the same time as task2!
[2022-08-06 21:57:43,189] {subprocess.py:96} INFO - Command exited with return code 0
[2022-08-06 21:57:43,278] {taskinstance.py:1420} INFO - Marking task as SUCCESS. dag_id=our_first_dag_v5, task_id=thrid_task, execution_date=20220321T000000, start_date=20220806T215742, end_date=20220806T215743
[2022-08-06 21:57:43,346] {local_task_job.py:156} INFO - Task exited with return code 0
[2022-08-06 21:57:43,410] {local_task_job.py:273} INFO - 0 downstream tasks scheduled from follow-on schedule check
[2022-08-06 22:12:42,975] {taskinstance.py:1179} INFO - Dependencies all met for <TaskInstance: our_first_dag_v5.thrid_task scheduled__2022-03-21T00:00:00+00:00 [queued]>
[2022-08-06 22:12:42,994] {taskinstance.py:1179} INFO - Dependencies all met for <TaskInstance: our_first_dag_v5.thrid_task scheduled__2022-03-21T00:00:00+00:00 [queued]>
[2022-08-06 22:12:42,994] {taskinstance.py:1376} INFO - 
--------------------------------------------------------------------------------
[2022-08-06 22:12:42,994] {taskinstance.py:1377} INFO - Starting attempt 1 of 6
[2022-08-06 22:12:42,994] {taskinstance.py:1378} INFO - 
--------------------------------------------------------------------------------
[2022-08-06 22:12:43,013] {taskinstance.py:1397} INFO - Executing <Task(BashOperator): thrid_task> on 2022-03-21 00:00:00+00:00
[2022-08-06 22:12:43,020] {standard_task_runner.py:52} INFO - Started process 2305 to run task
[2022-08-06 22:12:43,022] {standard_task_runner.py:79} INFO - Running: ['***', 'tasks', 'run', 'our_first_dag_v5', 'thrid_task', 'scheduled__2022-03-21T00:00:00+00:00', '--job-id', '708', '--raw', '--subdir', 'DAGS_FOLDER/pipeline.py', '--cfg-path', '/tmp/tmpjcv7wteg', '--error-file', '/tmp/tmpltxrlw3b']
[2022-08-06 22:12:43,023] {standard_task_runner.py:80} INFO - Job 708: Subtask thrid_task
[2022-08-06 22:12:43,089] {task_command.py:371} INFO - Running <TaskInstance: our_first_dag_v5.thrid_task scheduled__2022-03-21T00:00:00+00:00 [running]> on host 1250c3b659cd
[2022-08-06 22:12:43,177] {taskinstance.py:1591} INFO - Exporting the following env vars:
AIRFLOW_CTX_DAG_OWNER=coder2j
AIRFLOW_CTX_DAG_ID=our_first_dag_v5
AIRFLOW_CTX_TASK_ID=thrid_task
AIRFLOW_CTX_EXECUTION_DATE=2022-03-21T00:00:00+00:00
AIRFLOW_CTX_TRY_NUMBER=1
AIRFLOW_CTX_DAG_RUN_ID=scheduled__2022-03-21T00:00:00+00:00
[2022-08-06 22:12:43,178] {subprocess.py:62} INFO - Tmp dir root location: 
 /tmp
[2022-08-06 22:12:43,178] {subprocess.py:74} INFO - Running command: ['bash', '-c', 'echo hey, I am task3 and will be running after task1 at the same time as task2!']
[2022-08-06 22:12:43,191] {subprocess.py:85} INFO - Output:
[2022-08-06 22:12:43,192] {subprocess.py:92} INFO - hey, I am task3 and will be running after task1 at the same time as task2!
[2022-08-06 22:12:43,192] {subprocess.py:96} INFO - Command exited with return code 0
[2022-08-06 22:12:43,221] {taskinstance.py:1420} INFO - Marking task as SUCCESS. dag_id=our_first_dag_v5, task_id=thrid_task, execution_date=20220321T000000, start_date=20220806T221242, end_date=20220806T221243
[2022-08-06 22:12:43,274] {local_task_job.py:156} INFO - Task exited with return code 0
[2022-08-06 22:12:43,301] {local_task_job.py:273} INFO - 0 downstream tasks scheduled from follow-on schedule check
[2022-08-06 22:24:04,236] {taskinstance.py:1179} INFO - Dependencies all met for <TaskInstance: our_first_dag_v5.thrid_task scheduled__2022-03-21T00:00:00+00:00 [queued]>
[2022-08-06 22:24:04,252] {taskinstance.py:1179} INFO - Dependencies all met for <TaskInstance: our_first_dag_v5.thrid_task scheduled__2022-03-21T00:00:00+00:00 [queued]>
[2022-08-06 22:24:04,252] {taskinstance.py:1376} INFO - 
--------------------------------------------------------------------------------
[2022-08-06 22:24:04,252] {taskinstance.py:1377} INFO - Starting attempt 1 of 6
[2022-08-06 22:24:04,252] {taskinstance.py:1378} INFO - 
--------------------------------------------------------------------------------
[2022-08-06 22:24:04,269] {taskinstance.py:1397} INFO - Executing <Task(BashOperator): thrid_task> on 2022-03-21 00:00:00+00:00
[2022-08-06 22:24:04,277] {standard_task_runner.py:52} INFO - Started process 2361 to run task
[2022-08-06 22:24:04,279] {standard_task_runner.py:79} INFO - Running: ['***', 'tasks', 'run', 'our_first_dag_v5', 'thrid_task', 'scheduled__2022-03-21T00:00:00+00:00', '--job-id', '711', '--raw', '--subdir', 'DAGS_FOLDER/pipeline.py', '--cfg-path', '/tmp/tmp062i47vr', '--error-file', '/tmp/tmp79s36pnx']
[2022-08-06 22:24:04,280] {standard_task_runner.py:80} INFO - Job 711: Subtask thrid_task
[2022-08-06 22:24:04,361] {task_command.py:371} INFO - Running <TaskInstance: our_first_dag_v5.thrid_task scheduled__2022-03-21T00:00:00+00:00 [running]> on host b215076695c3
[2022-08-06 22:24:04,484] {taskinstance.py:1591} INFO - Exporting the following env vars:
AIRFLOW_CTX_DAG_OWNER=coder2j
AIRFLOW_CTX_DAG_ID=our_first_dag_v5
AIRFLOW_CTX_TASK_ID=thrid_task
AIRFLOW_CTX_EXECUTION_DATE=2022-03-21T00:00:00+00:00
AIRFLOW_CTX_TRY_NUMBER=1
AIRFLOW_CTX_DAG_RUN_ID=scheduled__2022-03-21T00:00:00+00:00
[2022-08-06 22:24:04,484] {subprocess.py:62} INFO - Tmp dir root location: 
 /tmp
[2022-08-06 22:24:04,485] {subprocess.py:74} INFO - Running command: ['bash', '-c', 'echo hey, I am task3 and will be running after task1 at the same time as task2!']
[2022-08-06 22:24:04,501] {subprocess.py:85} INFO - Output:
[2022-08-06 22:24:04,502] {subprocess.py:92} INFO - hey, I am task3 and will be running after task1 at the same time as task2!
[2022-08-06 22:24:04,503] {subprocess.py:96} INFO - Command exited with return code 0
[2022-08-06 22:24:04,554] {taskinstance.py:1420} INFO - Marking task as SUCCESS. dag_id=our_first_dag_v5, task_id=thrid_task, execution_date=20220321T000000, start_date=20220806T222404, end_date=20220806T222404
[2022-08-06 22:24:04,611] {local_task_job.py:156} INFO - Task exited with return code 0
[2022-08-06 22:24:04,661] {local_task_job.py:273} INFO - 0 downstream tasks scheduled from follow-on schedule check
