[2022-08-06 19:37:55,840] {taskinstance.py:1179} INFO - Dependencies all met for <TaskInstance: our_first_dag_v5.thrid_task scheduled__2022-02-01T00:00:00+00:00 [queued]>
[2022-08-06 19:37:55,857] {taskinstance.py:1179} INFO - Dependencies all met for <TaskInstance: our_first_dag_v5.thrid_task scheduled__2022-02-01T00:00:00+00:00 [queued]>
[2022-08-06 19:37:55,858] {taskinstance.py:1376} INFO - 
--------------------------------------------------------------------------------
[2022-08-06 19:37:55,858] {taskinstance.py:1377} INFO - Starting attempt 1 of 6
[2022-08-06 19:37:55,858] {taskinstance.py:1378} INFO - 
--------------------------------------------------------------------------------
[2022-08-06 19:37:55,879] {taskinstance.py:1397} INFO - Executing <Task(BashOperator): thrid_task> on 2022-02-01 00:00:00+00:00
[2022-08-06 19:37:55,885] {standard_task_runner.py:52} INFO - Started process 1866 to run task
[2022-08-06 19:37:55,888] {standard_task_runner.py:79} INFO - Running: ['***', 'tasks', 'run', 'our_first_dag_v5', 'thrid_task', 'scheduled__2022-02-01T00:00:00+00:00', '--job-id', '564', '--raw', '--subdir', 'DAGS_FOLDER/pipeline.py', '--cfg-path', '/tmp/tmphs555_km', '--error-file', '/tmp/tmp9gxdlixk']
[2022-08-06 19:37:55,889] {standard_task_runner.py:80} INFO - Job 564: Subtask thrid_task
[2022-08-06 19:37:56,015] {task_command.py:371} INFO - Running <TaskInstance: our_first_dag_v5.thrid_task scheduled__2022-02-01T00:00:00+00:00 [running]> on host b29c168c1666
[2022-08-06 19:37:56,130] {taskinstance.py:1591} INFO - Exporting the following env vars:
AIRFLOW_CTX_DAG_OWNER=coder2j
AIRFLOW_CTX_DAG_ID=our_first_dag_v5
AIRFLOW_CTX_TASK_ID=thrid_task
AIRFLOW_CTX_EXECUTION_DATE=2022-02-01T00:00:00+00:00
AIRFLOW_CTX_TRY_NUMBER=1
AIRFLOW_CTX_DAG_RUN_ID=scheduled__2022-02-01T00:00:00+00:00
[2022-08-06 19:37:56,131] {subprocess.py:62} INFO - Tmp dir root location: 
 /tmp
[2022-08-06 19:37:56,132] {subprocess.py:74} INFO - Running command: ['bash', '-c', 'echo hey, I am task3 and will be running after task1 at the same time as task2!']
[2022-08-06 19:37:56,145] {subprocess.py:85} INFO - Output:
[2022-08-06 19:37:56,147] {subprocess.py:92} INFO - hey, I am task3 and will be running after task1 at the same time as task2!
[2022-08-06 19:37:56,147] {subprocess.py:96} INFO - Command exited with return code 0
[2022-08-06 19:37:56,190] {taskinstance.py:1420} INFO - Marking task as SUCCESS. dag_id=our_first_dag_v5, task_id=thrid_task, execution_date=20220201T000000, start_date=20220806T193755, end_date=20220806T193756
[2022-08-06 19:37:56,224] {local_task_job.py:156} INFO - Task exited with return code 0
[2022-08-06 19:37:56,263] {local_task_job.py:273} INFO - 0 downstream tasks scheduled from follow-on schedule check
[2022-08-06 21:51:50,853] {taskinstance.py:1179} INFO - Dependencies all met for <TaskInstance: our_first_dag_v5.thrid_task scheduled__2022-02-01T00:00:00+00:00 [queued]>
[2022-08-06 21:51:50,868] {taskinstance.py:1179} INFO - Dependencies all met for <TaskInstance: our_first_dag_v5.thrid_task scheduled__2022-02-01T00:00:00+00:00 [queued]>
[2022-08-06 21:51:50,868] {taskinstance.py:1376} INFO - 
--------------------------------------------------------------------------------
[2022-08-06 21:51:50,869] {taskinstance.py:1377} INFO - Starting attempt 1 of 6
[2022-08-06 21:51:50,869] {taskinstance.py:1378} INFO - 
--------------------------------------------------------------------------------
[2022-08-06 21:51:50,887] {taskinstance.py:1397} INFO - Executing <Task(BashOperator): thrid_task> on 2022-02-01 00:00:00+00:00
[2022-08-06 21:51:50,894] {standard_task_runner.py:52} INFO - Started process 2064 to run task
[2022-08-06 21:51:50,897] {standard_task_runner.py:79} INFO - Running: ['***', 'tasks', 'run', 'our_first_dag_v5', 'thrid_task', 'scheduled__2022-02-01T00:00:00+00:00', '--job-id', '567', '--raw', '--subdir', 'DAGS_FOLDER/pipeline.py', '--cfg-path', '/tmp/tmpza4uvwme', '--error-file', '/tmp/tmpj5mka3pe']
[2022-08-06 21:51:50,898] {standard_task_runner.py:80} INFO - Job 567: Subtask thrid_task
[2022-08-06 21:51:50,972] {task_command.py:371} INFO - Running <TaskInstance: our_first_dag_v5.thrid_task scheduled__2022-02-01T00:00:00+00:00 [running]> on host c3f731879890
[2022-08-06 21:51:51,055] {taskinstance.py:1591} INFO - Exporting the following env vars:
AIRFLOW_CTX_DAG_OWNER=coder2j
AIRFLOW_CTX_DAG_ID=our_first_dag_v5
AIRFLOW_CTX_TASK_ID=thrid_task
AIRFLOW_CTX_EXECUTION_DATE=2022-02-01T00:00:00+00:00
AIRFLOW_CTX_TRY_NUMBER=1
AIRFLOW_CTX_DAG_RUN_ID=scheduled__2022-02-01T00:00:00+00:00
[2022-08-06 21:51:51,056] {subprocess.py:62} INFO - Tmp dir root location: 
 /tmp
[2022-08-06 21:51:51,056] {subprocess.py:74} INFO - Running command: ['bash', '-c', 'echo hey, I am task3 and will be running after task1 at the same time as task2!']
[2022-08-06 21:51:51,069] {subprocess.py:85} INFO - Output:
[2022-08-06 21:51:51,070] {subprocess.py:92} INFO - hey, I am task3 and will be running after task1 at the same time as task2!
[2022-08-06 21:51:51,070] {subprocess.py:96} INFO - Command exited with return code 0
[2022-08-06 21:51:51,102] {taskinstance.py:1420} INFO - Marking task as SUCCESS. dag_id=our_first_dag_v5, task_id=thrid_task, execution_date=20220201T000000, start_date=20220806T215150, end_date=20220806T215151
[2022-08-06 21:51:51,149] {local_task_job.py:156} INFO - Task exited with return code 0
[2022-08-06 21:51:51,204] {local_task_job.py:273} INFO - 0 downstream tasks scheduled from follow-on schedule check
[2022-08-06 21:57:14,177] {taskinstance.py:1179} INFO - Dependencies all met for <TaskInstance: our_first_dag_v5.thrid_task scheduled__2022-02-01T00:00:00+00:00 [queued]>
[2022-08-06 21:57:14,193] {taskinstance.py:1179} INFO - Dependencies all met for <TaskInstance: our_first_dag_v5.thrid_task scheduled__2022-02-01T00:00:00+00:00 [queued]>
[2022-08-06 21:57:14,193] {taskinstance.py:1376} INFO - 
--------------------------------------------------------------------------------
[2022-08-06 21:57:14,193] {taskinstance.py:1377} INFO - Starting attempt 1 of 6
[2022-08-06 21:57:14,193] {taskinstance.py:1378} INFO - 
--------------------------------------------------------------------------------
[2022-08-06 21:57:14,212] {taskinstance.py:1397} INFO - Executing <Task(BashOperator): thrid_task> on 2022-02-01 00:00:00+00:00
[2022-08-06 21:57:14,220] {standard_task_runner.py:52} INFO - Started process 1857 to run task
[2022-08-06 21:57:14,223] {standard_task_runner.py:79} INFO - Running: ['***', 'tasks', 'run', 'our_first_dag_v5', 'thrid_task', 'scheduled__2022-02-01T00:00:00+00:00', '--job-id', '568', '--raw', '--subdir', 'DAGS_FOLDER/pipeline.py', '--cfg-path', '/tmp/tmpzlqs8c4d', '--error-file', '/tmp/tmpnwlua8_2']
[2022-08-06 21:57:14,224] {standard_task_runner.py:80} INFO - Job 568: Subtask thrid_task
[2022-08-06 21:57:14,318] {task_command.py:371} INFO - Running <TaskInstance: our_first_dag_v5.thrid_task scheduled__2022-02-01T00:00:00+00:00 [running]> on host bc7e154a4fdd
[2022-08-06 21:57:14,433] {taskinstance.py:1591} INFO - Exporting the following env vars:
AIRFLOW_CTX_DAG_OWNER=coder2j
AIRFLOW_CTX_DAG_ID=our_first_dag_v5
AIRFLOW_CTX_TASK_ID=thrid_task
AIRFLOW_CTX_EXECUTION_DATE=2022-02-01T00:00:00+00:00
AIRFLOW_CTX_TRY_NUMBER=1
AIRFLOW_CTX_DAG_RUN_ID=scheduled__2022-02-01T00:00:00+00:00
[2022-08-06 21:57:14,434] {subprocess.py:62} INFO - Tmp dir root location: 
 /tmp
[2022-08-06 21:57:14,434] {subprocess.py:74} INFO - Running command: ['bash', '-c', 'echo hey, I am task3 and will be running after task1 at the same time as task2!']
[2022-08-06 21:57:14,446] {subprocess.py:85} INFO - Output:
[2022-08-06 21:57:14,447] {subprocess.py:92} INFO - hey, I am task3 and will be running after task1 at the same time as task2!
[2022-08-06 21:57:14,448] {subprocess.py:96} INFO - Command exited with return code 0
[2022-08-06 21:57:14,498] {taskinstance.py:1420} INFO - Marking task as SUCCESS. dag_id=our_first_dag_v5, task_id=thrid_task, execution_date=20220201T000000, start_date=20220806T215714, end_date=20220806T215714
[2022-08-06 21:57:14,555] {local_task_job.py:156} INFO - Task exited with return code 0
[2022-08-06 21:57:14,619] {local_task_job.py:273} INFO - 0 downstream tasks scheduled from follow-on schedule check
[2022-08-06 22:12:15,248] {taskinstance.py:1179} INFO - Dependencies all met for <TaskInstance: our_first_dag_v5.thrid_task scheduled__2022-02-01T00:00:00+00:00 [queued]>
[2022-08-06 22:12:15,261] {taskinstance.py:1179} INFO - Dependencies all met for <TaskInstance: our_first_dag_v5.thrid_task scheduled__2022-02-01T00:00:00+00:00 [queued]>
[2022-08-06 22:12:15,261] {taskinstance.py:1376} INFO - 
--------------------------------------------------------------------------------
[2022-08-06 22:12:15,261] {taskinstance.py:1377} INFO - Starting attempt 1 of 6
[2022-08-06 22:12:15,261] {taskinstance.py:1378} INFO - 
--------------------------------------------------------------------------------
[2022-08-06 22:12:15,284] {taskinstance.py:1397} INFO - Executing <Task(BashOperator): thrid_task> on 2022-02-01 00:00:00+00:00
[2022-08-06 22:12:15,292] {standard_task_runner.py:52} INFO - Started process 1859 to run task
[2022-08-06 22:12:15,295] {standard_task_runner.py:79} INFO - Running: ['***', 'tasks', 'run', 'our_first_dag_v5', 'thrid_task', 'scheduled__2022-02-01T00:00:00+00:00', '--job-id', '565', '--raw', '--subdir', 'DAGS_FOLDER/pipeline.py', '--cfg-path', '/tmp/tmpntwjed9h', '--error-file', '/tmp/tmp00_6g32n']
[2022-08-06 22:12:15,295] {standard_task_runner.py:80} INFO - Job 565: Subtask thrid_task
[2022-08-06 22:12:15,369] {task_command.py:371} INFO - Running <TaskInstance: our_first_dag_v5.thrid_task scheduled__2022-02-01T00:00:00+00:00 [running]> on host 1250c3b659cd
[2022-08-06 22:12:15,457] {taskinstance.py:1591} INFO - Exporting the following env vars:
AIRFLOW_CTX_DAG_OWNER=coder2j
AIRFLOW_CTX_DAG_ID=our_first_dag_v5
AIRFLOW_CTX_TASK_ID=thrid_task
AIRFLOW_CTX_EXECUTION_DATE=2022-02-01T00:00:00+00:00
AIRFLOW_CTX_TRY_NUMBER=1
AIRFLOW_CTX_DAG_RUN_ID=scheduled__2022-02-01T00:00:00+00:00
[2022-08-06 22:12:15,458] {subprocess.py:62} INFO - Tmp dir root location: 
 /tmp
[2022-08-06 22:12:15,458] {subprocess.py:74} INFO - Running command: ['bash', '-c', 'echo hey, I am task3 and will be running after task1 at the same time as task2!']
[2022-08-06 22:12:15,473] {subprocess.py:85} INFO - Output:
[2022-08-06 22:12:15,475] {subprocess.py:92} INFO - hey, I am task3 and will be running after task1 at the same time as task2!
[2022-08-06 22:12:15,475] {subprocess.py:96} INFO - Command exited with return code 0
[2022-08-06 22:12:15,511] {taskinstance.py:1420} INFO - Marking task as SUCCESS. dag_id=our_first_dag_v5, task_id=thrid_task, execution_date=20220201T000000, start_date=20220806T221215, end_date=20220806T221215
[2022-08-06 22:12:15,546] {local_task_job.py:156} INFO - Task exited with return code 0
[2022-08-06 22:12:15,599] {local_task_job.py:273} INFO - 0 downstream tasks scheduled from follow-on schedule check
[2022-08-06 22:23:37,850] {taskinstance.py:1179} INFO - Dependencies all met for <TaskInstance: our_first_dag_v5.thrid_task scheduled__2022-02-01T00:00:00+00:00 [queued]>
[2022-08-06 22:23:37,864] {taskinstance.py:1179} INFO - Dependencies all met for <TaskInstance: our_first_dag_v5.thrid_task scheduled__2022-02-01T00:00:00+00:00 [queued]>
[2022-08-06 22:23:37,864] {taskinstance.py:1376} INFO - 
--------------------------------------------------------------------------------
[2022-08-06 22:23:37,864] {taskinstance.py:1377} INFO - Starting attempt 1 of 6
[2022-08-06 22:23:37,864] {taskinstance.py:1378} INFO - 
--------------------------------------------------------------------------------
[2022-08-06 22:23:37,880] {taskinstance.py:1397} INFO - Executing <Task(BashOperator): thrid_task> on 2022-02-01 00:00:00+00:00
[2022-08-06 22:23:37,887] {standard_task_runner.py:52} INFO - Started process 1914 to run task
[2022-08-06 22:23:37,890] {standard_task_runner.py:79} INFO - Running: ['***', 'tasks', 'run', 'our_first_dag_v5', 'thrid_task', 'scheduled__2022-02-01T00:00:00+00:00', '--job-id', '568', '--raw', '--subdir', 'DAGS_FOLDER/pipeline.py', '--cfg-path', '/tmp/tmpj3eag6_4', '--error-file', '/tmp/tmp6p8v512o']
[2022-08-06 22:23:37,890] {standard_task_runner.py:80} INFO - Job 568: Subtask thrid_task
[2022-08-06 22:23:37,974] {task_command.py:371} INFO - Running <TaskInstance: our_first_dag_v5.thrid_task scheduled__2022-02-01T00:00:00+00:00 [running]> on host b215076695c3
[2022-08-06 22:23:38,078] {taskinstance.py:1591} INFO - Exporting the following env vars:
AIRFLOW_CTX_DAG_OWNER=coder2j
AIRFLOW_CTX_DAG_ID=our_first_dag_v5
AIRFLOW_CTX_TASK_ID=thrid_task
AIRFLOW_CTX_EXECUTION_DATE=2022-02-01T00:00:00+00:00
AIRFLOW_CTX_TRY_NUMBER=1
AIRFLOW_CTX_DAG_RUN_ID=scheduled__2022-02-01T00:00:00+00:00
[2022-08-06 22:23:38,079] {subprocess.py:62} INFO - Tmp dir root location: 
 /tmp
[2022-08-06 22:23:38,079] {subprocess.py:74} INFO - Running command: ['bash', '-c', 'echo hey, I am task3 and will be running after task1 at the same time as task2!']
[2022-08-06 22:23:38,095] {subprocess.py:85} INFO - Output:
[2022-08-06 22:23:38,097] {subprocess.py:92} INFO - hey, I am task3 and will be running after task1 at the same time as task2!
[2022-08-06 22:23:38,097] {subprocess.py:96} INFO - Command exited with return code 0
[2022-08-06 22:23:38,161] {taskinstance.py:1420} INFO - Marking task as SUCCESS. dag_id=our_first_dag_v5, task_id=thrid_task, execution_date=20220201T000000, start_date=20220806T222337, end_date=20220806T222338
[2022-08-06 22:23:38,222] {local_task_job.py:156} INFO - Task exited with return code 0
[2022-08-06 22:23:38,270] {local_task_job.py:273} INFO - 0 downstream tasks scheduled from follow-on schedule check
