[2022-08-06 19:37:17,949] {taskinstance.py:1179} INFO - Dependencies all met for <TaskInstance: our_first_dag_v5.thrid_task scheduled__2021-12-01T00:00:00+00:00 [queued]>
[2022-08-06 19:37:17,968] {taskinstance.py:1179} INFO - Dependencies all met for <TaskInstance: our_first_dag_v5.thrid_task scheduled__2021-12-01T00:00:00+00:00 [queued]>
[2022-08-06 19:37:17,968] {taskinstance.py:1376} INFO - 
--------------------------------------------------------------------------------
[2022-08-06 19:37:17,968] {taskinstance.py:1377} INFO - Starting attempt 1 of 6
[2022-08-06 19:37:17,968] {taskinstance.py:1378} INFO - 
--------------------------------------------------------------------------------
[2022-08-06 19:37:17,990] {taskinstance.py:1397} INFO - Executing <Task(BashOperator): thrid_task> on 2021-12-01 00:00:00+00:00
[2022-08-06 19:37:17,998] {standard_task_runner.py:52} INFO - Started process 1283 to run task
[2022-08-06 19:37:18,002] {standard_task_runner.py:79} INFO - Running: ['***', 'tasks', 'run', 'our_first_dag_v5', 'thrid_task', 'scheduled__2021-12-01T00:00:00+00:00', '--job-id', '379', '--raw', '--subdir', 'DAGS_FOLDER/pipeline.py', '--cfg-path', '/tmp/tmp54pg_3fg', '--error-file', '/tmp/tmp0tqcsxoq']
[2022-08-06 19:37:18,002] {standard_task_runner.py:80} INFO - Job 379: Subtask thrid_task
[2022-08-06 19:37:18,078] {task_command.py:371} INFO - Running <TaskInstance: our_first_dag_v5.thrid_task scheduled__2021-12-01T00:00:00+00:00 [running]> on host b29c168c1666
[2022-08-06 19:37:18,176] {taskinstance.py:1591} INFO - Exporting the following env vars:
AIRFLOW_CTX_DAG_OWNER=coder2j
AIRFLOW_CTX_DAG_ID=our_first_dag_v5
AIRFLOW_CTX_TASK_ID=thrid_task
AIRFLOW_CTX_EXECUTION_DATE=2021-12-01T00:00:00+00:00
AIRFLOW_CTX_TRY_NUMBER=1
AIRFLOW_CTX_DAG_RUN_ID=scheduled__2021-12-01T00:00:00+00:00
[2022-08-06 19:37:18,177] {subprocess.py:62} INFO - Tmp dir root location: 
 /tmp
[2022-08-06 19:37:18,178] {subprocess.py:74} INFO - Running command: ['bash', '-c', 'echo hey, I am task3 and will be running after task1 at the same time as task2!']
[2022-08-06 19:37:18,193] {subprocess.py:85} INFO - Output:
[2022-08-06 19:37:18,194] {subprocess.py:92} INFO - hey, I am task3 and will be running after task1 at the same time as task2!
[2022-08-06 19:37:18,195] {subprocess.py:96} INFO - Command exited with return code 0
[2022-08-06 19:37:18,245] {taskinstance.py:1420} INFO - Marking task as SUCCESS. dag_id=our_first_dag_v5, task_id=thrid_task, execution_date=20211201T000000, start_date=20220806T193717, end_date=20220806T193718
[2022-08-06 19:37:18,296] {local_task_job.py:156} INFO - Task exited with return code 0
[2022-08-06 19:37:18,335] {local_task_job.py:273} INFO - 0 downstream tasks scheduled from follow-on schedule check
[2022-08-06 21:51:13,232] {taskinstance.py:1179} INFO - Dependencies all met for <TaskInstance: our_first_dag_v5.thrid_task scheduled__2021-12-01T00:00:00+00:00 [queued]>
[2022-08-06 21:51:13,247] {taskinstance.py:1179} INFO - Dependencies all met for <TaskInstance: our_first_dag_v5.thrid_task scheduled__2021-12-01T00:00:00+00:00 [queued]>
[2022-08-06 21:51:13,247] {taskinstance.py:1376} INFO - 
--------------------------------------------------------------------------------
[2022-08-06 21:51:13,247] {taskinstance.py:1377} INFO - Starting attempt 1 of 6
[2022-08-06 21:51:13,247] {taskinstance.py:1378} INFO - 
--------------------------------------------------------------------------------
[2022-08-06 21:51:13,261] {taskinstance.py:1397} INFO - Executing <Task(BashOperator): thrid_task> on 2021-12-01 00:00:00+00:00
[2022-08-06 21:51:13,277] {standard_task_runner.py:52} INFO - Started process 1466 to run task
[2022-08-06 21:51:13,280] {standard_task_runner.py:79} INFO - Running: ['***', 'tasks', 'run', 'our_first_dag_v5', 'thrid_task', 'scheduled__2021-12-01T00:00:00+00:00', '--job-id', '381', '--raw', '--subdir', 'DAGS_FOLDER/pipeline.py', '--cfg-path', '/tmp/tmpgx9vyi8m', '--error-file', '/tmp/tmpoirb91ov']
[2022-08-06 21:51:13,280] {standard_task_runner.py:80} INFO - Job 381: Subtask thrid_task
[2022-08-06 21:51:13,355] {task_command.py:371} INFO - Running <TaskInstance: our_first_dag_v5.thrid_task scheduled__2021-12-01T00:00:00+00:00 [running]> on host c3f731879890
[2022-08-06 21:51:13,452] {taskinstance.py:1591} INFO - Exporting the following env vars:
AIRFLOW_CTX_DAG_OWNER=coder2j
AIRFLOW_CTX_DAG_ID=our_first_dag_v5
AIRFLOW_CTX_TASK_ID=thrid_task
AIRFLOW_CTX_EXECUTION_DATE=2021-12-01T00:00:00+00:00
AIRFLOW_CTX_TRY_NUMBER=1
AIRFLOW_CTX_DAG_RUN_ID=scheduled__2021-12-01T00:00:00+00:00
[2022-08-06 21:51:13,453] {subprocess.py:62} INFO - Tmp dir root location: 
 /tmp
[2022-08-06 21:51:13,453] {subprocess.py:74} INFO - Running command: ['bash', '-c', 'echo hey, I am task3 and will be running after task1 at the same time as task2!']
[2022-08-06 21:51:13,467] {subprocess.py:85} INFO - Output:
[2022-08-06 21:51:13,469] {subprocess.py:92} INFO - hey, I am task3 and will be running after task1 at the same time as task2!
[2022-08-06 21:51:13,470] {subprocess.py:96} INFO - Command exited with return code 0
[2022-08-06 21:51:13,521] {taskinstance.py:1420} INFO - Marking task as SUCCESS. dag_id=our_first_dag_v5, task_id=thrid_task, execution_date=20211201T000000, start_date=20220806T215113, end_date=20220806T215113
[2022-08-06 21:51:13,572] {local_task_job.py:156} INFO - Task exited with return code 0
[2022-08-06 21:51:13,634] {local_task_job.py:273} INFO - 0 downstream tasks scheduled from follow-on schedule check
[2022-08-06 21:56:36,307] {taskinstance.py:1179} INFO - Dependencies all met for <TaskInstance: our_first_dag_v5.thrid_task scheduled__2021-12-01T00:00:00+00:00 [queued]>
[2022-08-06 21:56:36,321] {taskinstance.py:1179} INFO - Dependencies all met for <TaskInstance: our_first_dag_v5.thrid_task scheduled__2021-12-01T00:00:00+00:00 [queued]>
[2022-08-06 21:56:36,322] {taskinstance.py:1376} INFO - 
--------------------------------------------------------------------------------
[2022-08-06 21:56:36,322] {taskinstance.py:1377} INFO - Starting attempt 1 of 6
[2022-08-06 21:56:36,322] {taskinstance.py:1378} INFO - 
--------------------------------------------------------------------------------
[2022-08-06 21:56:36,338] {taskinstance.py:1397} INFO - Executing <Task(BashOperator): thrid_task> on 2021-12-01 00:00:00+00:00
[2022-08-06 21:56:36,344] {standard_task_runner.py:52} INFO - Started process 1269 to run task
[2022-08-06 21:56:36,347] {standard_task_runner.py:79} INFO - Running: ['***', 'tasks', 'run', 'our_first_dag_v5', 'thrid_task', 'scheduled__2021-12-01T00:00:00+00:00', '--job-id', '379', '--raw', '--subdir', 'DAGS_FOLDER/pipeline.py', '--cfg-path', '/tmp/tmpbyrfwmml', '--error-file', '/tmp/tmpccx6mdbp']
[2022-08-06 21:56:36,348] {standard_task_runner.py:80} INFO - Job 379: Subtask thrid_task
[2022-08-06 21:56:36,421] {task_command.py:371} INFO - Running <TaskInstance: our_first_dag_v5.thrid_task scheduled__2021-12-01T00:00:00+00:00 [running]> on host bc7e154a4fdd
[2022-08-06 21:56:36,564] {taskinstance.py:1591} INFO - Exporting the following env vars:
AIRFLOW_CTX_DAG_OWNER=coder2j
AIRFLOW_CTX_DAG_ID=our_first_dag_v5
AIRFLOW_CTX_TASK_ID=thrid_task
AIRFLOW_CTX_EXECUTION_DATE=2021-12-01T00:00:00+00:00
AIRFLOW_CTX_TRY_NUMBER=1
AIRFLOW_CTX_DAG_RUN_ID=scheduled__2021-12-01T00:00:00+00:00
[2022-08-06 21:56:36,565] {subprocess.py:62} INFO - Tmp dir root location: 
 /tmp
[2022-08-06 21:56:36,566] {subprocess.py:74} INFO - Running command: ['bash', '-c', 'echo hey, I am task3 and will be running after task1 at the same time as task2!']
[2022-08-06 21:56:36,587] {subprocess.py:85} INFO - Output:
[2022-08-06 21:56:36,590] {subprocess.py:92} INFO - hey, I am task3 and will be running after task1 at the same time as task2!
[2022-08-06 21:56:36,590] {subprocess.py:96} INFO - Command exited with return code 0
[2022-08-06 21:56:36,631] {taskinstance.py:1420} INFO - Marking task as SUCCESS. dag_id=our_first_dag_v5, task_id=thrid_task, execution_date=20211201T000000, start_date=20220806T215636, end_date=20220806T215636
[2022-08-06 21:56:36,680] {local_task_job.py:156} INFO - Task exited with return code 0
[2022-08-06 21:56:36,730] {local_task_job.py:273} INFO - 0 downstream tasks scheduled from follow-on schedule check
[2022-08-06 22:11:38,926] {taskinstance.py:1179} INFO - Dependencies all met for <TaskInstance: our_first_dag_v5.thrid_task scheduled__2021-12-01T00:00:00+00:00 [queued]>
[2022-08-06 22:11:38,939] {taskinstance.py:1179} INFO - Dependencies all met for <TaskInstance: our_first_dag_v5.thrid_task scheduled__2021-12-01T00:00:00+00:00 [queued]>
[2022-08-06 22:11:38,939] {taskinstance.py:1376} INFO - 
--------------------------------------------------------------------------------
[2022-08-06 22:11:38,939] {taskinstance.py:1377} INFO - Starting attempt 1 of 6
[2022-08-06 22:11:38,939] {taskinstance.py:1378} INFO - 
--------------------------------------------------------------------------------
[2022-08-06 22:11:38,955] {taskinstance.py:1397} INFO - Executing <Task(BashOperator): thrid_task> on 2021-12-01 00:00:00+00:00
[2022-08-06 22:11:38,961] {standard_task_runner.py:52} INFO - Started process 1270 to run task
[2022-08-06 22:11:38,964] {standard_task_runner.py:79} INFO - Running: ['***', 'tasks', 'run', 'our_first_dag_v5', 'thrid_task', 'scheduled__2021-12-01T00:00:00+00:00', '--job-id', '377', '--raw', '--subdir', 'DAGS_FOLDER/pipeline.py', '--cfg-path', '/tmp/tmpyd7qf0_x', '--error-file', '/tmp/tmpjamsmzku']
[2022-08-06 22:11:38,965] {standard_task_runner.py:80} INFO - Job 377: Subtask thrid_task
[2022-08-06 22:11:39,024] {task_command.py:371} INFO - Running <TaskInstance: our_first_dag_v5.thrid_task scheduled__2021-12-01T00:00:00+00:00 [running]> on host 1250c3b659cd
[2022-08-06 22:11:39,094] {taskinstance.py:1591} INFO - Exporting the following env vars:
AIRFLOW_CTX_DAG_OWNER=coder2j
AIRFLOW_CTX_DAG_ID=our_first_dag_v5
AIRFLOW_CTX_TASK_ID=thrid_task
AIRFLOW_CTX_EXECUTION_DATE=2021-12-01T00:00:00+00:00
AIRFLOW_CTX_TRY_NUMBER=1
AIRFLOW_CTX_DAG_RUN_ID=scheduled__2021-12-01T00:00:00+00:00
[2022-08-06 22:11:39,095] {subprocess.py:62} INFO - Tmp dir root location: 
 /tmp
[2022-08-06 22:11:39,096] {subprocess.py:74} INFO - Running command: ['bash', '-c', 'echo hey, I am task3 and will be running after task1 at the same time as task2!']
[2022-08-06 22:11:39,107] {subprocess.py:85} INFO - Output:
[2022-08-06 22:11:39,108] {subprocess.py:92} INFO - hey, I am task3 and will be running after task1 at the same time as task2!
[2022-08-06 22:11:39,108] {subprocess.py:96} INFO - Command exited with return code 0
[2022-08-06 22:11:39,133] {taskinstance.py:1420} INFO - Marking task as SUCCESS. dag_id=our_first_dag_v5, task_id=thrid_task, execution_date=20211201T000000, start_date=20220806T221138, end_date=20220806T221139
[2022-08-06 22:11:39,175] {local_task_job.py:156} INFO - Task exited with return code 0
[2022-08-06 22:11:39,206] {local_task_job.py:273} INFO - 0 downstream tasks scheduled from follow-on schedule check
[2022-08-06 22:19:20,025] {taskinstance.py:1179} INFO - Dependencies all met for <TaskInstance: our_first_dag_v5.thrid_task scheduled__2021-12-01T00:00:00+00:00 [queued]>
[2022-08-06 22:19:20,043] {taskinstance.py:1179} INFO - Dependencies all met for <TaskInstance: our_first_dag_v5.thrid_task scheduled__2021-12-01T00:00:00+00:00 [queued]>
[2022-08-06 22:19:20,043] {taskinstance.py:1376} INFO - 
--------------------------------------------------------------------------------
[2022-08-06 22:19:20,044] {taskinstance.py:1377} INFO - Starting attempt 1 of 6
[2022-08-06 22:19:20,044] {taskinstance.py:1378} INFO - 
--------------------------------------------------------------------------------
[2022-08-06 22:19:20,062] {taskinstance.py:1397} INFO - Executing <Task(BashOperator): thrid_task> on 2021-12-01 00:00:00+00:00
[2022-08-06 22:19:20,070] {standard_task_runner.py:52} INFO - Started process 1278 to run task
[2022-08-06 22:19:20,073] {standard_task_runner.py:79} INFO - Running: ['***', 'tasks', 'run', 'our_first_dag_v5', 'thrid_task', 'scheduled__2021-12-01T00:00:00+00:00', '--job-id', '377', '--raw', '--subdir', 'DAGS_FOLDER/pipeline.py', '--cfg-path', '/tmp/tmpw7m8frbk', '--error-file', '/tmp/tmp5q4ke1z7']
[2022-08-06 22:19:20,074] {standard_task_runner.py:80} INFO - Job 377: Subtask thrid_task
[2022-08-06 22:19:20,164] {task_command.py:371} INFO - Running <TaskInstance: our_first_dag_v5.thrid_task scheduled__2021-12-01T00:00:00+00:00 [running]> on host ed53bde1c44a
[2022-08-06 22:19:20,277] {taskinstance.py:1591} INFO - Exporting the following env vars:
AIRFLOW_CTX_DAG_OWNER=coder2j
AIRFLOW_CTX_DAG_ID=our_first_dag_v5
AIRFLOW_CTX_TASK_ID=thrid_task
AIRFLOW_CTX_EXECUTION_DATE=2021-12-01T00:00:00+00:00
AIRFLOW_CTX_TRY_NUMBER=1
AIRFLOW_CTX_DAG_RUN_ID=scheduled__2021-12-01T00:00:00+00:00
[2022-08-06 22:19:20,278] {subprocess.py:62} INFO - Tmp dir root location: 
 /tmp
[2022-08-06 22:19:20,278] {subprocess.py:74} INFO - Running command: ['bash', '-c', 'echo hey, I am task3 and will be running after task1 at the same time as task2!']
[2022-08-06 22:19:20,294] {subprocess.py:85} INFO - Output:
[2022-08-06 22:19:20,297] {subprocess.py:92} INFO - hey, I am task3 and will be running after task1 at the same time as task2!
[2022-08-06 22:19:20,297] {subprocess.py:96} INFO - Command exited with return code 0
[2022-08-06 22:19:20,334] {taskinstance.py:1420} INFO - Marking task as SUCCESS. dag_id=our_first_dag_v5, task_id=thrid_task, execution_date=20211201T000000, start_date=20220806T221920, end_date=20220806T221920
[2022-08-06 22:19:20,365] {local_task_job.py:156} INFO - Task exited with return code 0
[2022-08-06 22:19:20,402] {local_task_job.py:273} INFO - 0 downstream tasks scheduled from follow-on schedule check
[2022-08-06 22:23:00,165] {taskinstance.py:1179} INFO - Dependencies all met for <TaskInstance: our_first_dag_v5.thrid_task scheduled__2021-12-01T00:00:00+00:00 [queued]>
[2022-08-06 22:23:00,183] {taskinstance.py:1179} INFO - Dependencies all met for <TaskInstance: our_first_dag_v5.thrid_task scheduled__2021-12-01T00:00:00+00:00 [queued]>
[2022-08-06 22:23:00,183] {taskinstance.py:1376} INFO - 
--------------------------------------------------------------------------------
[2022-08-06 22:23:00,184] {taskinstance.py:1377} INFO - Starting attempt 1 of 6
[2022-08-06 22:23:00,184] {taskinstance.py:1378} INFO - 
--------------------------------------------------------------------------------
[2022-08-06 22:23:00,205] {taskinstance.py:1397} INFO - Executing <Task(BashOperator): thrid_task> on 2021-12-01 00:00:00+00:00
[2022-08-06 22:23:00,212] {standard_task_runner.py:52} INFO - Started process 1322 to run task
[2022-08-06 22:23:00,214] {standard_task_runner.py:79} INFO - Running: ['***', 'tasks', 'run', 'our_first_dag_v5', 'thrid_task', 'scheduled__2021-12-01T00:00:00+00:00', '--job-id', '379', '--raw', '--subdir', 'DAGS_FOLDER/pipeline.py', '--cfg-path', '/tmp/tmpx1dlnc97', '--error-file', '/tmp/tmpkph2i34a']
[2022-08-06 22:23:00,214] {standard_task_runner.py:80} INFO - Job 379: Subtask thrid_task
[2022-08-06 22:23:00,351] {task_command.py:371} INFO - Running <TaskInstance: our_first_dag_v5.thrid_task scheduled__2021-12-01T00:00:00+00:00 [running]> on host b215076695c3
[2022-08-06 22:23:00,520] {taskinstance.py:1591} INFO - Exporting the following env vars:
AIRFLOW_CTX_DAG_OWNER=coder2j
AIRFLOW_CTX_DAG_ID=our_first_dag_v5
AIRFLOW_CTX_TASK_ID=thrid_task
AIRFLOW_CTX_EXECUTION_DATE=2021-12-01T00:00:00+00:00
AIRFLOW_CTX_TRY_NUMBER=1
AIRFLOW_CTX_DAG_RUN_ID=scheduled__2021-12-01T00:00:00+00:00
[2022-08-06 22:23:00,521] {subprocess.py:62} INFO - Tmp dir root location: 
 /tmp
[2022-08-06 22:23:00,522] {subprocess.py:74} INFO - Running command: ['bash', '-c', 'echo hey, I am task3 and will be running after task1 at the same time as task2!']
[2022-08-06 22:23:00,546] {subprocess.py:85} INFO - Output:
[2022-08-06 22:23:00,548] {subprocess.py:92} INFO - hey, I am task3 and will be running after task1 at the same time as task2!
[2022-08-06 22:23:00,548] {subprocess.py:96} INFO - Command exited with return code 0
[2022-08-06 22:23:00,597] {taskinstance.py:1420} INFO - Marking task as SUCCESS. dag_id=our_first_dag_v5, task_id=thrid_task, execution_date=20211201T000000, start_date=20220806T222300, end_date=20220806T222300
[2022-08-06 22:23:00,667] {local_task_job.py:156} INFO - Task exited with return code 0
[2022-08-06 22:23:00,716] {local_task_job.py:273} INFO - 0 downstream tasks scheduled from follow-on schedule check
