[2022-08-06 19:37:40,960] {taskinstance.py:1179} INFO - Dependencies all met for <TaskInstance: our_first_dag_v5.first_task scheduled__2022-01-06T00:00:00+00:00 [queued]>
[2022-08-06 19:37:40,974] {taskinstance.py:1179} INFO - Dependencies all met for <TaskInstance: our_first_dag_v5.first_task scheduled__2022-01-06T00:00:00+00:00 [queued]>
[2022-08-06 19:37:40,974] {taskinstance.py:1376} INFO - 
--------------------------------------------------------------------------------
[2022-08-06 19:37:40,975] {taskinstance.py:1377} INFO - Starting attempt 1 of 6
[2022-08-06 19:37:40,975] {taskinstance.py:1378} INFO - 
--------------------------------------------------------------------------------
[2022-08-06 19:37:40,994] {taskinstance.py:1397} INFO - Executing <Task(BashOperator): first_task> on 2022-01-06 00:00:00+00:00
[2022-08-06 19:37:41,000] {standard_task_runner.py:52} INFO - Started process 1603 to run task
[2022-08-06 19:37:41,003] {standard_task_runner.py:79} INFO - Running: ['***', 'tasks', 'run', 'our_first_dag_v5', 'first_task', 'scheduled__2022-01-06T00:00:00+00:00', '--job-id', '481', '--raw', '--subdir', 'DAGS_FOLDER/pipeline.py', '--cfg-path', '/tmp/tmpugsgpbld', '--error-file', '/tmp/tmpfrsr2zsv']
[2022-08-06 19:37:41,003] {standard_task_runner.py:80} INFO - Job 481: Subtask first_task
[2022-08-06 19:37:41,081] {task_command.py:371} INFO - Running <TaskInstance: our_first_dag_v5.first_task scheduled__2022-01-06T00:00:00+00:00 [running]> on host b29c168c1666
[2022-08-06 19:37:41,181] {taskinstance.py:1591} INFO - Exporting the following env vars:
AIRFLOW_CTX_DAG_OWNER=coder2j
AIRFLOW_CTX_DAG_ID=our_first_dag_v5
AIRFLOW_CTX_TASK_ID=first_task
AIRFLOW_CTX_EXECUTION_DATE=2022-01-06T00:00:00+00:00
AIRFLOW_CTX_TRY_NUMBER=1
AIRFLOW_CTX_DAG_RUN_ID=scheduled__2022-01-06T00:00:00+00:00
[2022-08-06 19:37:41,182] {subprocess.py:62} INFO - Tmp dir root location: 
 /tmp
[2022-08-06 19:37:41,182] {subprocess.py:74} INFO - Running command: ['bash', '-c', 'echo hello world, this is the first task!']
[2022-08-06 19:37:41,199] {subprocess.py:85} INFO - Output:
[2022-08-06 19:37:41,201] {subprocess.py:92} INFO - hello world, this is the first task!
[2022-08-06 19:37:41,201] {subprocess.py:96} INFO - Command exited with return code 0
[2022-08-06 19:37:41,234] {taskinstance.py:1420} INFO - Marking task as SUCCESS. dag_id=our_first_dag_v5, task_id=first_task, execution_date=20220106T000000, start_date=20220806T193740, end_date=20220806T193741
[2022-08-06 19:37:41,254] {local_task_job.py:156} INFO - Task exited with return code 0
[2022-08-06 19:37:41,302] {local_task_job.py:273} INFO - 2 downstream tasks scheduled from follow-on schedule check
[2022-08-06 21:51:32,075] {taskinstance.py:1179} INFO - Dependencies all met for <TaskInstance: our_first_dag_v5.first_task scheduled__2022-01-06T00:00:00+00:00 [queued]>
[2022-08-06 21:51:32,090] {taskinstance.py:1179} INFO - Dependencies all met for <TaskInstance: our_first_dag_v5.first_task scheduled__2022-01-06T00:00:00+00:00 [queued]>
[2022-08-06 21:51:32,090] {taskinstance.py:1376} INFO - 
--------------------------------------------------------------------------------
[2022-08-06 21:51:32,090] {taskinstance.py:1377} INFO - Starting attempt 1 of 6
[2022-08-06 21:51:32,090] {taskinstance.py:1378} INFO - 
--------------------------------------------------------------------------------
[2022-08-06 21:51:32,106] {taskinstance.py:1397} INFO - Executing <Task(BashOperator): first_task> on 2022-01-06 00:00:00+00:00
[2022-08-06 21:51:32,115] {standard_task_runner.py:52} INFO - Started process 1775 to run task
[2022-08-06 21:51:32,118] {standard_task_runner.py:79} INFO - Running: ['***', 'tasks', 'run', 'our_first_dag_v5', 'first_task', 'scheduled__2022-01-06T00:00:00+00:00', '--job-id', '479', '--raw', '--subdir', 'DAGS_FOLDER/pipeline.py', '--cfg-path', '/tmp/tmpoarzr1v2', '--error-file', '/tmp/tmpjp6ta08j']
[2022-08-06 21:51:32,119] {standard_task_runner.py:80} INFO - Job 479: Subtask first_task
[2022-08-06 21:51:32,210] {task_command.py:371} INFO - Running <TaskInstance: our_first_dag_v5.first_task scheduled__2022-01-06T00:00:00+00:00 [running]> on host c3f731879890
[2022-08-06 21:51:32,312] {taskinstance.py:1591} INFO - Exporting the following env vars:
AIRFLOW_CTX_DAG_OWNER=coder2j
AIRFLOW_CTX_DAG_ID=our_first_dag_v5
AIRFLOW_CTX_TASK_ID=first_task
AIRFLOW_CTX_EXECUTION_DATE=2022-01-06T00:00:00+00:00
AIRFLOW_CTX_TRY_NUMBER=1
AIRFLOW_CTX_DAG_RUN_ID=scheduled__2022-01-06T00:00:00+00:00
[2022-08-06 21:51:32,313] {subprocess.py:62} INFO - Tmp dir root location: 
 /tmp
[2022-08-06 21:51:32,314] {subprocess.py:74} INFO - Running command: ['bash', '-c', 'echo hello world, this is the first task!']
[2022-08-06 21:51:32,330] {subprocess.py:85} INFO - Output:
[2022-08-06 21:51:32,331] {subprocess.py:92} INFO - hello world, this is the first task!
[2022-08-06 21:51:32,332] {subprocess.py:96} INFO - Command exited with return code 0
[2022-08-06 21:51:32,370] {taskinstance.py:1420} INFO - Marking task as SUCCESS. dag_id=our_first_dag_v5, task_id=first_task, execution_date=20220106T000000, start_date=20220806T215132, end_date=20220806T215132
[2022-08-06 21:51:32,410] {local_task_job.py:156} INFO - Task exited with return code 0
[2022-08-06 21:51:32,457] {local_task_job.py:273} INFO - 2 downstream tasks scheduled from follow-on schedule check
[2022-08-06 21:56:55,731] {taskinstance.py:1179} INFO - Dependencies all met for <TaskInstance: our_first_dag_v5.first_task scheduled__2022-01-06T00:00:00+00:00 [queued]>
[2022-08-06 21:56:55,746] {taskinstance.py:1179} INFO - Dependencies all met for <TaskInstance: our_first_dag_v5.first_task scheduled__2022-01-06T00:00:00+00:00 [queued]>
[2022-08-06 21:56:55,746] {taskinstance.py:1376} INFO - 
--------------------------------------------------------------------------------
[2022-08-06 21:56:55,746] {taskinstance.py:1377} INFO - Starting attempt 1 of 6
[2022-08-06 21:56:55,746] {taskinstance.py:1378} INFO - 
--------------------------------------------------------------------------------
[2022-08-06 21:56:55,765] {taskinstance.py:1397} INFO - Executing <Task(BashOperator): first_task> on 2022-01-06 00:00:00+00:00
[2022-08-06 21:56:55,772] {standard_task_runner.py:52} INFO - Started process 1583 to run task
[2022-08-06 21:56:55,775] {standard_task_runner.py:79} INFO - Running: ['***', 'tasks', 'run', 'our_first_dag_v5', 'first_task', 'scheduled__2022-01-06T00:00:00+00:00', '--job-id', '479', '--raw', '--subdir', 'DAGS_FOLDER/pipeline.py', '--cfg-path', '/tmp/tmpzesybv6u', '--error-file', '/tmp/tmp2rvhae72']
[2022-08-06 21:56:55,775] {standard_task_runner.py:80} INFO - Job 479: Subtask first_task
[2022-08-06 21:56:55,857] {task_command.py:371} INFO - Running <TaskInstance: our_first_dag_v5.first_task scheduled__2022-01-06T00:00:00+00:00 [running]> on host bc7e154a4fdd
[2022-08-06 21:56:55,971] {taskinstance.py:1591} INFO - Exporting the following env vars:
AIRFLOW_CTX_DAG_OWNER=coder2j
AIRFLOW_CTX_DAG_ID=our_first_dag_v5
AIRFLOW_CTX_TASK_ID=first_task
AIRFLOW_CTX_EXECUTION_DATE=2022-01-06T00:00:00+00:00
AIRFLOW_CTX_TRY_NUMBER=1
AIRFLOW_CTX_DAG_RUN_ID=scheduled__2022-01-06T00:00:00+00:00
[2022-08-06 21:56:55,971] {subprocess.py:62} INFO - Tmp dir root location: 
 /tmp
[2022-08-06 21:56:55,972] {subprocess.py:74} INFO - Running command: ['bash', '-c', 'echo hello world, this is the first task!']
[2022-08-06 21:56:55,986] {subprocess.py:85} INFO - Output:
[2022-08-06 21:56:55,988] {subprocess.py:92} INFO - hello world, this is the first task!
[2022-08-06 21:56:55,989] {subprocess.py:96} INFO - Command exited with return code 0
[2022-08-06 21:56:56,068] {taskinstance.py:1420} INFO - Marking task as SUCCESS. dag_id=our_first_dag_v5, task_id=first_task, execution_date=20220106T000000, start_date=20220806T215655, end_date=20220806T215656
[2022-08-06 21:56:56,106] {local_task_job.py:156} INFO - Task exited with return code 0
[2022-08-06 21:56:56,147] {local_task_job.py:273} INFO - 2 downstream tasks scheduled from follow-on schedule check
[2022-08-06 22:12:00,227] {taskinstance.py:1179} INFO - Dependencies all met for <TaskInstance: our_first_dag_v5.first_task scheduled__2022-01-06T00:00:00+00:00 [queued]>
[2022-08-06 22:12:00,239] {taskinstance.py:1179} INFO - Dependencies all met for <TaskInstance: our_first_dag_v5.first_task scheduled__2022-01-06T00:00:00+00:00 [queued]>
[2022-08-06 22:12:00,240] {taskinstance.py:1376} INFO - 
--------------------------------------------------------------------------------
[2022-08-06 22:12:00,240] {taskinstance.py:1377} INFO - Starting attempt 1 of 6
[2022-08-06 22:12:00,240] {taskinstance.py:1378} INFO - 
--------------------------------------------------------------------------------
[2022-08-06 22:12:00,255] {taskinstance.py:1397} INFO - Executing <Task(BashOperator): first_task> on 2022-01-06 00:00:00+00:00
[2022-08-06 22:12:00,261] {standard_task_runner.py:52} INFO - Started process 1584 to run task
[2022-08-06 22:12:00,263] {standard_task_runner.py:79} INFO - Running: ['***', 'tasks', 'run', 'our_first_dag_v5', 'first_task', 'scheduled__2022-01-06T00:00:00+00:00', '--job-id', '477', '--raw', '--subdir', 'DAGS_FOLDER/pipeline.py', '--cfg-path', '/tmp/tmpsh5mj4ta', '--error-file', '/tmp/tmp4uxd2jiq']
[2022-08-06 22:12:00,263] {standard_task_runner.py:80} INFO - Job 477: Subtask first_task
[2022-08-06 22:12:00,321] {task_command.py:371} INFO - Running <TaskInstance: our_first_dag_v5.first_task scheduled__2022-01-06T00:00:00+00:00 [running]> on host 1250c3b659cd
[2022-08-06 22:12:00,410] {taskinstance.py:1591} INFO - Exporting the following env vars:
AIRFLOW_CTX_DAG_OWNER=coder2j
AIRFLOW_CTX_DAG_ID=our_first_dag_v5
AIRFLOW_CTX_TASK_ID=first_task
AIRFLOW_CTX_EXECUTION_DATE=2022-01-06T00:00:00+00:00
AIRFLOW_CTX_TRY_NUMBER=1
AIRFLOW_CTX_DAG_RUN_ID=scheduled__2022-01-06T00:00:00+00:00
[2022-08-06 22:12:00,413] {subprocess.py:62} INFO - Tmp dir root location: 
 /tmp
[2022-08-06 22:12:00,414] {subprocess.py:74} INFO - Running command: ['bash', '-c', 'echo hello world, this is the first task!']
[2022-08-06 22:12:00,433] {subprocess.py:85} INFO - Output:
[2022-08-06 22:12:00,436] {subprocess.py:92} INFO - hello world, this is the first task!
[2022-08-06 22:12:00,436] {subprocess.py:96} INFO - Command exited with return code 0
[2022-08-06 22:12:00,472] {taskinstance.py:1420} INFO - Marking task as SUCCESS. dag_id=our_first_dag_v5, task_id=first_task, execution_date=20220106T000000, start_date=20220806T221200, end_date=20220806T221200
[2022-08-06 22:12:00,514] {local_task_job.py:156} INFO - Task exited with return code 0
[2022-08-06 22:12:00,561] {local_task_job.py:273} INFO - 2 downstream tasks scheduled from follow-on schedule check
[2022-08-06 22:23:20,447] {taskinstance.py:1179} INFO - Dependencies all met for <TaskInstance: our_first_dag_v5.first_task scheduled__2022-01-06T00:00:00+00:00 [queued]>
[2022-08-06 22:23:20,460] {taskinstance.py:1179} INFO - Dependencies all met for <TaskInstance: our_first_dag_v5.first_task scheduled__2022-01-06T00:00:00+00:00 [queued]>
[2022-08-06 22:23:20,460] {taskinstance.py:1376} INFO - 
--------------------------------------------------------------------------------
[2022-08-06 22:23:20,460] {taskinstance.py:1377} INFO - Starting attempt 1 of 6
[2022-08-06 22:23:20,460] {taskinstance.py:1378} INFO - 
--------------------------------------------------------------------------------
[2022-08-06 22:23:20,475] {taskinstance.py:1397} INFO - Executing <Task(BashOperator): first_task> on 2022-01-06 00:00:00+00:00
[2022-08-06 22:23:20,482] {standard_task_runner.py:52} INFO - Started process 1637 to run task
[2022-08-06 22:23:20,484] {standard_task_runner.py:79} INFO - Running: ['***', 'tasks', 'run', 'our_first_dag_v5', 'first_task', 'scheduled__2022-01-06T00:00:00+00:00', '--job-id', '479', '--raw', '--subdir', 'DAGS_FOLDER/pipeline.py', '--cfg-path', '/tmp/tmp4f91at3m', '--error-file', '/tmp/tmpjstqfjfj']
[2022-08-06 22:23:20,484] {standard_task_runner.py:80} INFO - Job 479: Subtask first_task
[2022-08-06 22:23:20,565] {task_command.py:371} INFO - Running <TaskInstance: our_first_dag_v5.first_task scheduled__2022-01-06T00:00:00+00:00 [running]> on host b215076695c3
[2022-08-06 22:23:20,674] {taskinstance.py:1591} INFO - Exporting the following env vars:
AIRFLOW_CTX_DAG_OWNER=coder2j
AIRFLOW_CTX_DAG_ID=our_first_dag_v5
AIRFLOW_CTX_TASK_ID=first_task
AIRFLOW_CTX_EXECUTION_DATE=2022-01-06T00:00:00+00:00
AIRFLOW_CTX_TRY_NUMBER=1
AIRFLOW_CTX_DAG_RUN_ID=scheduled__2022-01-06T00:00:00+00:00
[2022-08-06 22:23:20,675] {subprocess.py:62} INFO - Tmp dir root location: 
 /tmp
[2022-08-06 22:23:20,676] {subprocess.py:74} INFO - Running command: ['bash', '-c', 'echo hello world, this is the first task!']
[2022-08-06 22:23:20,693] {subprocess.py:85} INFO - Output:
[2022-08-06 22:23:20,695] {subprocess.py:92} INFO - hello world, this is the first task!
[2022-08-06 22:23:20,696] {subprocess.py:96} INFO - Command exited with return code 0
[2022-08-06 22:23:20,762] {taskinstance.py:1420} INFO - Marking task as SUCCESS. dag_id=our_first_dag_v5, task_id=first_task, execution_date=20220106T000000, start_date=20220806T222320, end_date=20220806T222320
[2022-08-06 22:23:20,816] {local_task_job.py:156} INFO - Task exited with return code 0
[2022-08-06 22:23:20,873] {local_task_job.py:273} INFO - 2 downstream tasks scheduled from follow-on schedule check
