[2022-08-06 19:36:52,762] {taskinstance.py:1179} INFO - Dependencies all met for <TaskInstance: our_first_dag_v5.second_task scheduled__2021-10-24T00:00:00+00:00 [queued]>
[2022-08-06 19:36:52,781] {taskinstance.py:1179} INFO - Dependencies all met for <TaskInstance: our_first_dag_v5.second_task scheduled__2021-10-24T00:00:00+00:00 [queued]>
[2022-08-06 19:36:52,781] {taskinstance.py:1376} INFO - 
--------------------------------------------------------------------------------
[2022-08-06 19:36:52,781] {taskinstance.py:1377} INFO - Starting attempt 1 of 6
[2022-08-06 19:36:52,781] {taskinstance.py:1378} INFO - 
--------------------------------------------------------------------------------
[2022-08-06 19:36:52,800] {taskinstance.py:1397} INFO - Executing <Task(BashOperator): second_task> on 2021-10-24 00:00:00+00:00
[2022-08-06 19:36:52,807] {standard_task_runner.py:52} INFO - Started process 918 to run task
[2022-08-06 19:36:52,809] {standard_task_runner.py:79} INFO - Running: ['***', 'tasks', 'run', 'our_first_dag_v5', 'second_task', 'scheduled__2021-10-24T00:00:00+00:00', '--job-id', '263', '--raw', '--subdir', 'DAGS_FOLDER/pipeline.py', '--cfg-path', '/tmp/tmpv8uoyhon', '--error-file', '/tmp/tmp2rhbsiwp']
[2022-08-06 19:36:52,810] {standard_task_runner.py:80} INFO - Job 263: Subtask second_task
[2022-08-06 19:36:52,878] {task_command.py:371} INFO - Running <TaskInstance: our_first_dag_v5.second_task scheduled__2021-10-24T00:00:00+00:00 [running]> on host b29c168c1666
[2022-08-06 19:36:52,976] {taskinstance.py:1591} INFO - Exporting the following env vars:
AIRFLOW_CTX_DAG_OWNER=coder2j
AIRFLOW_CTX_DAG_ID=our_first_dag_v5
AIRFLOW_CTX_TASK_ID=second_task
AIRFLOW_CTX_EXECUTION_DATE=2021-10-24T00:00:00+00:00
AIRFLOW_CTX_TRY_NUMBER=1
AIRFLOW_CTX_DAG_RUN_ID=scheduled__2021-10-24T00:00:00+00:00
[2022-08-06 19:36:52,977] {subprocess.py:62} INFO - Tmp dir root location: 
 /tmp
[2022-08-06 19:36:52,978] {subprocess.py:74} INFO - Running command: ['bash', '-c', 'echo hey, I am task2 and will be running after task1!']
[2022-08-06 19:36:52,991] {subprocess.py:85} INFO - Output:
[2022-08-06 19:36:52,993] {subprocess.py:92} INFO - hey, I am task2 and will be running after task1!
[2022-08-06 19:36:52,994] {subprocess.py:96} INFO - Command exited with return code 0
[2022-08-06 19:36:53,026] {taskinstance.py:1420} INFO - Marking task as SUCCESS. dag_id=our_first_dag_v5, task_id=second_task, execution_date=20211024T000000, start_date=20220806T193652, end_date=20220806T193653
[2022-08-06 19:36:53,061] {local_task_job.py:156} INFO - Task exited with return code 0
[2022-08-06 19:36:53,094] {local_task_job.py:273} INFO - 0 downstream tasks scheduled from follow-on schedule check
[2022-08-06 21:50:48,200] {taskinstance.py:1179} INFO - Dependencies all met for <TaskInstance: our_first_dag_v5.second_task scheduled__2021-10-24T00:00:00+00:00 [queued]>
[2022-08-06 21:50:48,219] {taskinstance.py:1179} INFO - Dependencies all met for <TaskInstance: our_first_dag_v5.second_task scheduled__2021-10-24T00:00:00+00:00 [queued]>
[2022-08-06 21:50:48,220] {taskinstance.py:1376} INFO - 
--------------------------------------------------------------------------------
[2022-08-06 21:50:48,220] {taskinstance.py:1377} INFO - Starting attempt 1 of 6
[2022-08-06 21:50:48,220] {taskinstance.py:1378} INFO - 
--------------------------------------------------------------------------------
[2022-08-06 21:50:48,242] {taskinstance.py:1397} INFO - Executing <Task(BashOperator): second_task> on 2021-10-24 00:00:00+00:00
[2022-08-06 21:50:48,250] {standard_task_runner.py:52} INFO - Started process 1108 to run task
[2022-08-06 21:50:48,254] {standard_task_runner.py:79} INFO - Running: ['***', 'tasks', 'run', 'our_first_dag_v5', 'second_task', 'scheduled__2021-10-24T00:00:00+00:00', '--job-id', '267', '--raw', '--subdir', 'DAGS_FOLDER/pipeline.py', '--cfg-path', '/tmp/tmpvirxq9ym', '--error-file', '/tmp/tmpsgmaa0ux']
[2022-08-06 21:50:48,254] {standard_task_runner.py:80} INFO - Job 267: Subtask second_task
[2022-08-06 21:50:48,377] {task_command.py:371} INFO - Running <TaskInstance: our_first_dag_v5.second_task scheduled__2021-10-24T00:00:00+00:00 [running]> on host c3f731879890
[2022-08-06 21:50:48,506] {taskinstance.py:1591} INFO - Exporting the following env vars:
AIRFLOW_CTX_DAG_OWNER=coder2j
AIRFLOW_CTX_DAG_ID=our_first_dag_v5
AIRFLOW_CTX_TASK_ID=second_task
AIRFLOW_CTX_EXECUTION_DATE=2021-10-24T00:00:00+00:00
AIRFLOW_CTX_TRY_NUMBER=1
AIRFLOW_CTX_DAG_RUN_ID=scheduled__2021-10-24T00:00:00+00:00
[2022-08-06 21:50:48,508] {subprocess.py:62} INFO - Tmp dir root location: 
 /tmp
[2022-08-06 21:50:48,508] {subprocess.py:74} INFO - Running command: ['bash', '-c', 'echo hey, I am task2 and will be running after task1!']
[2022-08-06 21:50:48,527] {subprocess.py:85} INFO - Output:
[2022-08-06 21:50:48,529] {subprocess.py:92} INFO - hey, I am task2 and will be running after task1!
[2022-08-06 21:50:48,529] {subprocess.py:96} INFO - Command exited with return code 0
[2022-08-06 21:50:48,617] {taskinstance.py:1420} INFO - Marking task as SUCCESS. dag_id=our_first_dag_v5, task_id=second_task, execution_date=20211024T000000, start_date=20220806T215048, end_date=20220806T215048
[2022-08-06 21:50:48,666] {local_task_job.py:156} INFO - Task exited with return code 0
[2022-08-06 21:50:48,714] {local_task_job.py:273} INFO - 0 downstream tasks scheduled from follow-on schedule check
[2022-08-06 21:56:14,047] {taskinstance.py:1179} INFO - Dependencies all met for <TaskInstance: our_first_dag_v5.second_task scheduled__2021-10-24T00:00:00+00:00 [queued]>
[2022-08-06 21:56:14,060] {taskinstance.py:1179} INFO - Dependencies all met for <TaskInstance: our_first_dag_v5.second_task scheduled__2021-10-24T00:00:00+00:00 [queued]>
[2022-08-06 21:56:14,060] {taskinstance.py:1376} INFO - 
--------------------------------------------------------------------------------
[2022-08-06 21:56:14,060] {taskinstance.py:1377} INFO - Starting attempt 1 of 6
[2022-08-06 21:56:14,060] {taskinstance.py:1378} INFO - 
--------------------------------------------------------------------------------
[2022-08-06 21:56:14,077] {taskinstance.py:1397} INFO - Executing <Task(BashOperator): second_task> on 2021-10-24 00:00:00+00:00
[2022-08-06 21:56:14,085] {standard_task_runner.py:52} INFO - Started process 900 to run task
[2022-08-06 21:56:14,088] {standard_task_runner.py:79} INFO - Running: ['***', 'tasks', 'run', 'our_first_dag_v5', 'second_task', 'scheduled__2021-10-24T00:00:00+00:00', '--job-id', '263', '--raw', '--subdir', 'DAGS_FOLDER/pipeline.py', '--cfg-path', '/tmp/tmpge44zihz', '--error-file', '/tmp/tmp4y5d4sps']
[2022-08-06 21:56:14,088] {standard_task_runner.py:80} INFO - Job 263: Subtask second_task
[2022-08-06 21:56:14,168] {task_command.py:371} INFO - Running <TaskInstance: our_first_dag_v5.second_task scheduled__2021-10-24T00:00:00+00:00 [running]> on host bc7e154a4fdd
[2022-08-06 21:56:14,263] {taskinstance.py:1591} INFO - Exporting the following env vars:
AIRFLOW_CTX_DAG_OWNER=coder2j
AIRFLOW_CTX_DAG_ID=our_first_dag_v5
AIRFLOW_CTX_TASK_ID=second_task
AIRFLOW_CTX_EXECUTION_DATE=2021-10-24T00:00:00+00:00
AIRFLOW_CTX_TRY_NUMBER=1
AIRFLOW_CTX_DAG_RUN_ID=scheduled__2021-10-24T00:00:00+00:00
[2022-08-06 21:56:14,263] {subprocess.py:62} INFO - Tmp dir root location: 
 /tmp
[2022-08-06 21:56:14,264] {subprocess.py:74} INFO - Running command: ['bash', '-c', 'echo hey, I am task2 and will be running after task1!']
[2022-08-06 21:56:14,277] {subprocess.py:85} INFO - Output:
[2022-08-06 21:56:14,279] {subprocess.py:92} INFO - hey, I am task2 and will be running after task1!
[2022-08-06 21:56:14,279] {subprocess.py:96} INFO - Command exited with return code 0
[2022-08-06 21:56:14,317] {taskinstance.py:1420} INFO - Marking task as SUCCESS. dag_id=our_first_dag_v5, task_id=second_task, execution_date=20211024T000000, start_date=20220806T215614, end_date=20220806T215614
[2022-08-06 21:56:14,380] {local_task_job.py:156} INFO - Task exited with return code 0
[2022-08-06 21:56:14,443] {local_task_job.py:273} INFO - 0 downstream tasks scheduled from follow-on schedule check
[2022-08-06 22:11:17,001] {taskinstance.py:1179} INFO - Dependencies all met for <TaskInstance: our_first_dag_v5.second_task scheduled__2021-10-24T00:00:00+00:00 [queued]>
[2022-08-06 22:11:17,019] {taskinstance.py:1179} INFO - Dependencies all met for <TaskInstance: our_first_dag_v5.second_task scheduled__2021-10-24T00:00:00+00:00 [queued]>
[2022-08-06 22:11:17,019] {taskinstance.py:1376} INFO - 
--------------------------------------------------------------------------------
[2022-08-06 22:11:17,019] {taskinstance.py:1377} INFO - Starting attempt 1 of 6
[2022-08-06 22:11:17,020] {taskinstance.py:1378} INFO - 
--------------------------------------------------------------------------------
[2022-08-06 22:11:17,040] {taskinstance.py:1397} INFO - Executing <Task(BashOperator): second_task> on 2021-10-24 00:00:00+00:00
[2022-08-06 22:11:17,048] {standard_task_runner.py:52} INFO - Started process 923 to run task
[2022-08-06 22:11:17,053] {standard_task_runner.py:79} INFO - Running: ['***', 'tasks', 'run', 'our_first_dag_v5', 'second_task', 'scheduled__2021-10-24T00:00:00+00:00', '--job-id', '267', '--raw', '--subdir', 'DAGS_FOLDER/pipeline.py', '--cfg-path', '/tmp/tmpsvdtvfug', '--error-file', '/tmp/tmpgsvtp9c3']
[2022-08-06 22:11:17,053] {standard_task_runner.py:80} INFO - Job 267: Subtask second_task
[2022-08-06 22:11:17,130] {task_command.py:371} INFO - Running <TaskInstance: our_first_dag_v5.second_task scheduled__2021-10-24T00:00:00+00:00 [running]> on host 1250c3b659cd
[2022-08-06 22:11:17,224] {taskinstance.py:1591} INFO - Exporting the following env vars:
AIRFLOW_CTX_DAG_OWNER=coder2j
AIRFLOW_CTX_DAG_ID=our_first_dag_v5
AIRFLOW_CTX_TASK_ID=second_task
AIRFLOW_CTX_EXECUTION_DATE=2021-10-24T00:00:00+00:00
AIRFLOW_CTX_TRY_NUMBER=1
AIRFLOW_CTX_DAG_RUN_ID=scheduled__2021-10-24T00:00:00+00:00
[2022-08-06 22:11:17,225] {subprocess.py:62} INFO - Tmp dir root location: 
 /tmp
[2022-08-06 22:11:17,225] {subprocess.py:74} INFO - Running command: ['bash', '-c', 'echo hey, I am task2 and will be running after task1!']
[2022-08-06 22:11:17,238] {subprocess.py:85} INFO - Output:
[2022-08-06 22:11:17,240] {subprocess.py:92} INFO - hey, I am task2 and will be running after task1!
[2022-08-06 22:11:17,241] {subprocess.py:96} INFO - Command exited with return code 0
[2022-08-06 22:11:17,277] {taskinstance.py:1420} INFO - Marking task as SUCCESS. dag_id=our_first_dag_v5, task_id=second_task, execution_date=20211024T000000, start_date=20220806T221117, end_date=20220806T221117
[2022-08-06 22:11:17,304] {local_task_job.py:156} INFO - Task exited with return code 0
[2022-08-06 22:11:17,354] {local_task_job.py:273} INFO - 0 downstream tasks scheduled from follow-on schedule check
[2022-08-06 22:18:59,038] {taskinstance.py:1179} INFO - Dependencies all met for <TaskInstance: our_first_dag_v5.second_task scheduled__2021-10-24T00:00:00+00:00 [queued]>
[2022-08-06 22:18:59,051] {taskinstance.py:1179} INFO - Dependencies all met for <TaskInstance: our_first_dag_v5.second_task scheduled__2021-10-24T00:00:00+00:00 [queued]>
[2022-08-06 22:18:59,051] {taskinstance.py:1376} INFO - 
--------------------------------------------------------------------------------
[2022-08-06 22:18:59,051] {taskinstance.py:1377} INFO - Starting attempt 1 of 6
[2022-08-06 22:18:59,051] {taskinstance.py:1378} INFO - 
--------------------------------------------------------------------------------
[2022-08-06 22:18:59,069] {taskinstance.py:1397} INFO - Executing <Task(BashOperator): second_task> on 2021-10-24 00:00:00+00:00
[2022-08-06 22:18:59,075] {standard_task_runner.py:52} INFO - Started process 916 to run task
[2022-08-06 22:18:59,077] {standard_task_runner.py:79} INFO - Running: ['***', 'tasks', 'run', 'our_first_dag_v5', 'second_task', 'scheduled__2021-10-24T00:00:00+00:00', '--job-id', '263', '--raw', '--subdir', 'DAGS_FOLDER/pipeline.py', '--cfg-path', '/tmp/tmpzch6wl4p', '--error-file', '/tmp/tmprad2ev2h']
[2022-08-06 22:18:59,077] {standard_task_runner.py:80} INFO - Job 263: Subtask second_task
[2022-08-06 22:18:59,129] {task_command.py:371} INFO - Running <TaskInstance: our_first_dag_v5.second_task scheduled__2021-10-24T00:00:00+00:00 [running]> on host ed53bde1c44a
[2022-08-06 22:18:59,200] {taskinstance.py:1591} INFO - Exporting the following env vars:
AIRFLOW_CTX_DAG_OWNER=coder2j
AIRFLOW_CTX_DAG_ID=our_first_dag_v5
AIRFLOW_CTX_TASK_ID=second_task
AIRFLOW_CTX_EXECUTION_DATE=2021-10-24T00:00:00+00:00
AIRFLOW_CTX_TRY_NUMBER=1
AIRFLOW_CTX_DAG_RUN_ID=scheduled__2021-10-24T00:00:00+00:00
[2022-08-06 22:18:59,200] {subprocess.py:62} INFO - Tmp dir root location: 
 /tmp
[2022-08-06 22:18:59,201] {subprocess.py:74} INFO - Running command: ['bash', '-c', 'echo hey, I am task2 and will be running after task1!']
[2022-08-06 22:18:59,211] {subprocess.py:85} INFO - Output:
[2022-08-06 22:18:59,213] {subprocess.py:92} INFO - hey, I am task2 and will be running after task1!
[2022-08-06 22:18:59,213] {subprocess.py:96} INFO - Command exited with return code 0
[2022-08-06 22:18:59,237] {taskinstance.py:1420} INFO - Marking task as SUCCESS. dag_id=our_first_dag_v5, task_id=second_task, execution_date=20211024T000000, start_date=20220806T221859, end_date=20220806T221859
[2022-08-06 22:18:59,288] {local_task_job.py:156} INFO - Task exited with return code 0
[2022-08-06 22:18:59,315] {local_task_job.py:273} INFO - 0 downstream tasks scheduled from follow-on schedule check
[2022-08-06 22:22:37,292] {taskinstance.py:1179} INFO - Dependencies all met for <TaskInstance: our_first_dag_v5.second_task scheduled__2021-10-24T00:00:00+00:00 [queued]>
[2022-08-06 22:22:37,310] {taskinstance.py:1179} INFO - Dependencies all met for <TaskInstance: our_first_dag_v5.second_task scheduled__2021-10-24T00:00:00+00:00 [queued]>
[2022-08-06 22:22:37,310] {taskinstance.py:1376} INFO - 
--------------------------------------------------------------------------------
[2022-08-06 22:22:37,310] {taskinstance.py:1377} INFO - Starting attempt 1 of 6
[2022-08-06 22:22:37,310] {taskinstance.py:1378} INFO - 
--------------------------------------------------------------------------------
[2022-08-06 22:22:37,327] {taskinstance.py:1397} INFO - Executing <Task(BashOperator): second_task> on 2021-10-24 00:00:00+00:00
[2022-08-06 22:22:37,334] {standard_task_runner.py:52} INFO - Started process 963 to run task
[2022-08-06 22:22:37,338] {standard_task_runner.py:79} INFO - Running: ['***', 'tasks', 'run', 'our_first_dag_v5', 'second_task', 'scheduled__2021-10-24T00:00:00+00:00', '--job-id', '268', '--raw', '--subdir', 'DAGS_FOLDER/pipeline.py', '--cfg-path', '/tmp/tmpmx0bc9na', '--error-file', '/tmp/tmpusy9weyh']
[2022-08-06 22:22:37,338] {standard_task_runner.py:80} INFO - Job 268: Subtask second_task
[2022-08-06 22:22:37,472] {task_command.py:371} INFO - Running <TaskInstance: our_first_dag_v5.second_task scheduled__2021-10-24T00:00:00+00:00 [running]> on host b215076695c3
[2022-08-06 22:22:37,569] {taskinstance.py:1591} INFO - Exporting the following env vars:
AIRFLOW_CTX_DAG_OWNER=coder2j
AIRFLOW_CTX_DAG_ID=our_first_dag_v5
AIRFLOW_CTX_TASK_ID=second_task
AIRFLOW_CTX_EXECUTION_DATE=2021-10-24T00:00:00+00:00
AIRFLOW_CTX_TRY_NUMBER=1
AIRFLOW_CTX_DAG_RUN_ID=scheduled__2021-10-24T00:00:00+00:00
[2022-08-06 22:22:37,570] {subprocess.py:62} INFO - Tmp dir root location: 
 /tmp
[2022-08-06 22:22:37,570] {subprocess.py:74} INFO - Running command: ['bash', '-c', 'echo hey, I am task2 and will be running after task1!']
[2022-08-06 22:22:37,584] {subprocess.py:85} INFO - Output:
[2022-08-06 22:22:37,586] {subprocess.py:92} INFO - hey, I am task2 and will be running after task1!
[2022-08-06 22:22:37,586] {subprocess.py:96} INFO - Command exited with return code 0
[2022-08-06 22:22:37,621] {taskinstance.py:1420} INFO - Marking task as SUCCESS. dag_id=our_first_dag_v5, task_id=second_task, execution_date=20211024T000000, start_date=20220806T222237, end_date=20220806T222237
[2022-08-06 22:22:37,669] {local_task_job.py:156} INFO - Task exited with return code 0
[2022-08-06 22:22:37,699] {local_task_job.py:273} INFO - 0 downstream tasks scheduled from follow-on schedule check
