[2022-08-06 19:36:45,297] {taskinstance.py:1179} INFO - Dependencies all met for <TaskInstance: our_first_dag_v5.first_task scheduled__2021-10-12T00:00:00+00:00 [queued]>
[2022-08-06 19:36:45,308] {taskinstance.py:1179} INFO - Dependencies all met for <TaskInstance: our_first_dag_v5.first_task scheduled__2021-10-12T00:00:00+00:00 [queued]>
[2022-08-06 19:36:45,308] {taskinstance.py:1376} INFO - 
--------------------------------------------------------------------------------
[2022-08-06 19:36:45,308] {taskinstance.py:1377} INFO - Starting attempt 1 of 6
[2022-08-06 19:36:45,308] {taskinstance.py:1378} INFO - 
--------------------------------------------------------------------------------
[2022-08-06 19:36:45,323] {taskinstance.py:1397} INFO - Executing <Task(BashOperator): first_task> on 2021-10-12 00:00:00+00:00
[2022-08-06 19:36:45,328] {standard_task_runner.py:52} INFO - Started process 781 to run task
[2022-08-06 19:36:45,330] {standard_task_runner.py:79} INFO - Running: ['***', 'tasks', 'run', 'our_first_dag_v5', 'first_task', 'scheduled__2021-10-12T00:00:00+00:00', '--job-id', '221', '--raw', '--subdir', 'DAGS_FOLDER/pipeline.py', '--cfg-path', '/tmp/tmp76qppgdh', '--error-file', '/tmp/tmpnu9h1eg5']
[2022-08-06 19:36:45,331] {standard_task_runner.py:80} INFO - Job 221: Subtask first_task
[2022-08-06 19:36:45,394] {task_command.py:371} INFO - Running <TaskInstance: our_first_dag_v5.first_task scheduled__2021-10-12T00:00:00+00:00 [running]> on host b29c168c1666
[2022-08-06 19:36:45,492] {taskinstance.py:1591} INFO - Exporting the following env vars:
AIRFLOW_CTX_DAG_OWNER=coder2j
AIRFLOW_CTX_DAG_ID=our_first_dag_v5
AIRFLOW_CTX_TASK_ID=first_task
AIRFLOW_CTX_EXECUTION_DATE=2021-10-12T00:00:00+00:00
AIRFLOW_CTX_TRY_NUMBER=1
AIRFLOW_CTX_DAG_RUN_ID=scheduled__2021-10-12T00:00:00+00:00
[2022-08-06 19:36:45,493] {subprocess.py:62} INFO - Tmp dir root location: 
 /tmp
[2022-08-06 19:36:45,494] {subprocess.py:74} INFO - Running command: ['bash', '-c', 'echo hello world, this is the first task!']
[2022-08-06 19:36:45,511] {subprocess.py:85} INFO - Output:
[2022-08-06 19:36:45,512] {subprocess.py:92} INFO - hello world, this is the first task!
[2022-08-06 19:36:45,513] {subprocess.py:96} INFO - Command exited with return code 0
[2022-08-06 19:36:45,550] {taskinstance.py:1420} INFO - Marking task as SUCCESS. dag_id=our_first_dag_v5, task_id=first_task, execution_date=20211012T000000, start_date=20220806T193645, end_date=20220806T193645
[2022-08-06 19:36:45,583] {local_task_job.py:156} INFO - Task exited with return code 0
[2022-08-06 19:36:45,691] {local_task_job.py:273} INFO - 0 downstream tasks scheduled from follow-on schedule check
[2022-08-06 21:50:37,914] {taskinstance.py:1179} INFO - Dependencies all met for <TaskInstance: our_first_dag_v5.first_task scheduled__2021-10-12T00:00:00+00:00 [queued]>
[2022-08-06 21:50:37,929] {taskinstance.py:1179} INFO - Dependencies all met for <TaskInstance: our_first_dag_v5.first_task scheduled__2021-10-12T00:00:00+00:00 [queued]>
[2022-08-06 21:50:37,930] {taskinstance.py:1376} INFO - 
--------------------------------------------------------------------------------
[2022-08-06 21:50:37,930] {taskinstance.py:1377} INFO - Starting attempt 1 of 6
[2022-08-06 21:50:37,930] {taskinstance.py:1378} INFO - 
--------------------------------------------------------------------------------
[2022-08-06 21:50:37,953] {taskinstance.py:1397} INFO - Executing <Task(BashOperator): first_task> on 2021-10-12 00:00:00+00:00
[2022-08-06 21:50:37,960] {standard_task_runner.py:52} INFO - Started process 977 to run task
[2022-08-06 21:50:37,962] {standard_task_runner.py:79} INFO - Running: ['***', 'tasks', 'run', 'our_first_dag_v5', 'first_task', 'scheduled__2021-10-12T00:00:00+00:00', '--job-id', '223', '--raw', '--subdir', 'DAGS_FOLDER/pipeline.py', '--cfg-path', '/tmp/tmp7skbhoit', '--error-file', '/tmp/tmpb0udl29m']
[2022-08-06 21:50:37,963] {standard_task_runner.py:80} INFO - Job 223: Subtask first_task
[2022-08-06 21:50:38,031] {task_command.py:371} INFO - Running <TaskInstance: our_first_dag_v5.first_task scheduled__2021-10-12T00:00:00+00:00 [running]> on host c3f731879890
[2022-08-06 21:50:38,128] {taskinstance.py:1591} INFO - Exporting the following env vars:
AIRFLOW_CTX_DAG_OWNER=coder2j
AIRFLOW_CTX_DAG_ID=our_first_dag_v5
AIRFLOW_CTX_TASK_ID=first_task
AIRFLOW_CTX_EXECUTION_DATE=2021-10-12T00:00:00+00:00
AIRFLOW_CTX_TRY_NUMBER=1
AIRFLOW_CTX_DAG_RUN_ID=scheduled__2021-10-12T00:00:00+00:00
[2022-08-06 21:50:38,129] {subprocess.py:62} INFO - Tmp dir root location: 
 /tmp
[2022-08-06 21:50:38,130] {subprocess.py:74} INFO - Running command: ['bash', '-c', 'echo hello world, this is the first task!']
[2022-08-06 21:50:38,145] {subprocess.py:85} INFO - Output:
[2022-08-06 21:50:38,147] {subprocess.py:92} INFO - hello world, this is the first task!
[2022-08-06 21:50:38,147] {subprocess.py:96} INFO - Command exited with return code 0
[2022-08-06 21:50:38,183] {taskinstance.py:1420} INFO - Marking task as SUCCESS. dag_id=our_first_dag_v5, task_id=first_task, execution_date=20211012T000000, start_date=20220806T215037, end_date=20220806T215038
[2022-08-06 21:50:38,254] {local_task_job.py:156} INFO - Task exited with return code 0
[2022-08-06 21:50:38,306] {local_task_job.py:273} INFO - 2 downstream tasks scheduled from follow-on schedule check
[2022-08-06 21:56:04,796] {taskinstance.py:1179} INFO - Dependencies all met for <TaskInstance: our_first_dag_v5.first_task scheduled__2021-10-12T00:00:00+00:00 [queued]>
[2022-08-06 21:56:04,811] {taskinstance.py:1179} INFO - Dependencies all met for <TaskInstance: our_first_dag_v5.first_task scheduled__2021-10-12T00:00:00+00:00 [queued]>
[2022-08-06 21:56:04,811] {taskinstance.py:1376} INFO - 
--------------------------------------------------------------------------------
[2022-08-06 21:56:04,811] {taskinstance.py:1377} INFO - Starting attempt 1 of 6
[2022-08-06 21:56:04,811] {taskinstance.py:1378} INFO - 
--------------------------------------------------------------------------------
[2022-08-06 21:56:04,830] {taskinstance.py:1397} INFO - Executing <Task(BashOperator): first_task> on 2021-10-12 00:00:00+00:00
[2022-08-06 21:56:04,838] {standard_task_runner.py:52} INFO - Started process 761 to run task
[2022-08-06 21:56:04,841] {standard_task_runner.py:79} INFO - Running: ['***', 'tasks', 'run', 'our_first_dag_v5', 'first_task', 'scheduled__2021-10-12T00:00:00+00:00', '--job-id', '219', '--raw', '--subdir', 'DAGS_FOLDER/pipeline.py', '--cfg-path', '/tmp/tmpx2jzf4pu', '--error-file', '/tmp/tmpnrymkmha']
[2022-08-06 21:56:04,842] {standard_task_runner.py:80} INFO - Job 219: Subtask first_task
[2022-08-06 21:56:04,919] {task_command.py:371} INFO - Running <TaskInstance: our_first_dag_v5.first_task scheduled__2021-10-12T00:00:00+00:00 [running]> on host bc7e154a4fdd
[2022-08-06 21:56:05,016] {taskinstance.py:1591} INFO - Exporting the following env vars:
AIRFLOW_CTX_DAG_OWNER=coder2j
AIRFLOW_CTX_DAG_ID=our_first_dag_v5
AIRFLOW_CTX_TASK_ID=first_task
AIRFLOW_CTX_EXECUTION_DATE=2021-10-12T00:00:00+00:00
AIRFLOW_CTX_TRY_NUMBER=1
AIRFLOW_CTX_DAG_RUN_ID=scheduled__2021-10-12T00:00:00+00:00
[2022-08-06 21:56:05,018] {subprocess.py:62} INFO - Tmp dir root location: 
 /tmp
[2022-08-06 21:56:05,019] {subprocess.py:74} INFO - Running command: ['bash', '-c', 'echo hello world, this is the first task!']
[2022-08-06 21:56:05,033] {subprocess.py:85} INFO - Output:
[2022-08-06 21:56:05,035] {subprocess.py:92} INFO - hello world, this is the first task!
[2022-08-06 21:56:05,036] {subprocess.py:96} INFO - Command exited with return code 0
[2022-08-06 21:56:05,069] {taskinstance.py:1420} INFO - Marking task as SUCCESS. dag_id=our_first_dag_v5, task_id=first_task, execution_date=20211012T000000, start_date=20220806T215604, end_date=20220806T215605
[2022-08-06 21:56:05,092] {local_task_job.py:156} INFO - Task exited with return code 0
[2022-08-06 21:56:05,133] {local_task_job.py:273} INFO - 2 downstream tasks scheduled from follow-on schedule check
[2022-08-06 22:11:07,816] {taskinstance.py:1179} INFO - Dependencies all met for <TaskInstance: our_first_dag_v5.first_task scheduled__2021-10-12T00:00:00+00:00 [queued]>
[2022-08-06 22:11:07,831] {taskinstance.py:1179} INFO - Dependencies all met for <TaskInstance: our_first_dag_v5.first_task scheduled__2021-10-12T00:00:00+00:00 [queued]>
[2022-08-06 22:11:07,831] {taskinstance.py:1376} INFO - 
--------------------------------------------------------------------------------
[2022-08-06 22:11:07,831] {taskinstance.py:1377} INFO - Starting attempt 1 of 6
[2022-08-06 22:11:07,831] {taskinstance.py:1378} INFO - 
--------------------------------------------------------------------------------
[2022-08-06 22:11:07,847] {taskinstance.py:1397} INFO - Executing <Task(BashOperator): first_task> on 2021-10-12 00:00:00+00:00
[2022-08-06 22:11:07,856] {standard_task_runner.py:52} INFO - Started process 763 to run task
[2022-08-06 22:11:07,859] {standard_task_runner.py:79} INFO - Running: ['***', 'tasks', 'run', 'our_first_dag_v5', 'first_task', 'scheduled__2021-10-12T00:00:00+00:00', '--job-id', '219', '--raw', '--subdir', 'DAGS_FOLDER/pipeline.py', '--cfg-path', '/tmp/tmplxo6vbgf', '--error-file', '/tmp/tmpoxcq2vin']
[2022-08-06 22:11:07,859] {standard_task_runner.py:80} INFO - Job 219: Subtask first_task
[2022-08-06 22:11:07,946] {task_command.py:371} INFO - Running <TaskInstance: our_first_dag_v5.first_task scheduled__2021-10-12T00:00:00+00:00 [running]> on host 1250c3b659cd
[2022-08-06 22:11:08,057] {taskinstance.py:1591} INFO - Exporting the following env vars:
AIRFLOW_CTX_DAG_OWNER=coder2j
AIRFLOW_CTX_DAG_ID=our_first_dag_v5
AIRFLOW_CTX_TASK_ID=first_task
AIRFLOW_CTX_EXECUTION_DATE=2021-10-12T00:00:00+00:00
AIRFLOW_CTX_TRY_NUMBER=1
AIRFLOW_CTX_DAG_RUN_ID=scheduled__2021-10-12T00:00:00+00:00
[2022-08-06 22:11:08,058] {subprocess.py:62} INFO - Tmp dir root location: 
 /tmp
[2022-08-06 22:11:08,058] {subprocess.py:74} INFO - Running command: ['bash', '-c', 'echo hello world, this is the first task!']
[2022-08-06 22:11:08,073] {subprocess.py:85} INFO - Output:
[2022-08-06 22:11:08,075] {subprocess.py:92} INFO - hello world, this is the first task!
[2022-08-06 22:11:08,076] {subprocess.py:96} INFO - Command exited with return code 0
[2022-08-06 22:11:08,128] {taskinstance.py:1420} INFO - Marking task as SUCCESS. dag_id=our_first_dag_v5, task_id=first_task, execution_date=20211012T000000, start_date=20220806T221107, end_date=20220806T221108
[2022-08-06 22:11:08,151] {local_task_job.py:156} INFO - Task exited with return code 0
[2022-08-06 22:11:08,211] {local_task_job.py:273} INFO - 2 downstream tasks scheduled from follow-on schedule check
[2022-08-06 22:18:53,487] {taskinstance.py:1179} INFO - Dependencies all met for <TaskInstance: our_first_dag_v5.first_task scheduled__2021-10-12T00:00:00+00:00 [queued]>
[2022-08-06 22:18:53,500] {taskinstance.py:1179} INFO - Dependencies all met for <TaskInstance: our_first_dag_v5.first_task scheduled__2021-10-12T00:00:00+00:00 [queued]>
[2022-08-06 22:18:53,500] {taskinstance.py:1376} INFO - 
--------------------------------------------------------------------------------
[2022-08-06 22:18:53,500] {taskinstance.py:1377} INFO - Starting attempt 1 of 6
[2022-08-06 22:18:53,500] {taskinstance.py:1378} INFO - 
--------------------------------------------------------------------------------
[2022-08-06 22:18:53,519] {taskinstance.py:1397} INFO - Executing <Task(BashOperator): first_task> on 2021-10-12 00:00:00+00:00
[2022-08-06 22:18:53,526] {standard_task_runner.py:52} INFO - Started process 778 to run task
[2022-08-06 22:18:53,530] {standard_task_runner.py:79} INFO - Running: ['***', 'tasks', 'run', 'our_first_dag_v5', 'first_task', 'scheduled__2021-10-12T00:00:00+00:00', '--job-id', '219', '--raw', '--subdir', 'DAGS_FOLDER/pipeline.py', '--cfg-path', '/tmp/tmp0mav_rw3', '--error-file', '/tmp/tmp0h8r8k_o']
[2022-08-06 22:18:53,530] {standard_task_runner.py:80} INFO - Job 219: Subtask first_task
[2022-08-06 22:18:53,601] {task_command.py:371} INFO - Running <TaskInstance: our_first_dag_v5.first_task scheduled__2021-10-12T00:00:00+00:00 [running]> on host ed53bde1c44a
[2022-08-06 22:18:53,697] {taskinstance.py:1591} INFO - Exporting the following env vars:
AIRFLOW_CTX_DAG_OWNER=coder2j
AIRFLOW_CTX_DAG_ID=our_first_dag_v5
AIRFLOW_CTX_TASK_ID=first_task
AIRFLOW_CTX_EXECUTION_DATE=2021-10-12T00:00:00+00:00
AIRFLOW_CTX_TRY_NUMBER=1
AIRFLOW_CTX_DAG_RUN_ID=scheduled__2021-10-12T00:00:00+00:00
[2022-08-06 22:18:53,698] {subprocess.py:62} INFO - Tmp dir root location: 
 /tmp
[2022-08-06 22:18:53,698] {subprocess.py:74} INFO - Running command: ['bash', '-c', 'echo hello world, this is the first task!']
[2022-08-06 22:18:53,712] {subprocess.py:85} INFO - Output:
[2022-08-06 22:18:53,714] {subprocess.py:92} INFO - hello world, this is the first task!
[2022-08-06 22:18:53,715] {subprocess.py:96} INFO - Command exited with return code 0
[2022-08-06 22:18:53,754] {taskinstance.py:1420} INFO - Marking task as SUCCESS. dag_id=our_first_dag_v5, task_id=first_task, execution_date=20211012T000000, start_date=20220806T221853, end_date=20220806T221853
[2022-08-06 22:18:53,820] {local_task_job.py:156} INFO - Task exited with return code 0
[2022-08-06 22:18:53,876] {local_task_job.py:273} INFO - 2 downstream tasks scheduled from follow-on schedule check
[2022-08-06 22:22:30,752] {taskinstance.py:1179} INFO - Dependencies all met for <TaskInstance: our_first_dag_v5.first_task scheduled__2021-10-12T00:00:00+00:00 [queued]>
[2022-08-06 22:22:30,763] {taskinstance.py:1179} INFO - Dependencies all met for <TaskInstance: our_first_dag_v5.first_task scheduled__2021-10-12T00:00:00+00:00 [queued]>
[2022-08-06 22:22:30,763] {taskinstance.py:1376} INFO - 
--------------------------------------------------------------------------------
[2022-08-06 22:22:30,763] {taskinstance.py:1377} INFO - Starting attempt 1 of 6
[2022-08-06 22:22:30,763] {taskinstance.py:1378} INFO - 
--------------------------------------------------------------------------------
[2022-08-06 22:22:30,778] {taskinstance.py:1397} INFO - Executing <Task(BashOperator): first_task> on 2021-10-12 00:00:00+00:00
[2022-08-06 22:22:30,783] {standard_task_runner.py:52} INFO - Started process 838 to run task
[2022-08-06 22:22:30,785] {standard_task_runner.py:79} INFO - Running: ['***', 'tasks', 'run', 'our_first_dag_v5', 'first_task', 'scheduled__2021-10-12T00:00:00+00:00', '--job-id', '225', '--raw', '--subdir', 'DAGS_FOLDER/pipeline.py', '--cfg-path', '/tmp/tmpc1mvoum_', '--error-file', '/tmp/tmpm7ti9_xv']
[2022-08-06 22:22:30,785] {standard_task_runner.py:80} INFO - Job 225: Subtask first_task
[2022-08-06 22:22:30,859] {task_command.py:371} INFO - Running <TaskInstance: our_first_dag_v5.first_task scheduled__2021-10-12T00:00:00+00:00 [running]> on host b215076695c3
[2022-08-06 22:22:30,942] {taskinstance.py:1591} INFO - Exporting the following env vars:
AIRFLOW_CTX_DAG_OWNER=coder2j
AIRFLOW_CTX_DAG_ID=our_first_dag_v5
AIRFLOW_CTX_TASK_ID=first_task
AIRFLOW_CTX_EXECUTION_DATE=2021-10-12T00:00:00+00:00
AIRFLOW_CTX_TRY_NUMBER=1
AIRFLOW_CTX_DAG_RUN_ID=scheduled__2021-10-12T00:00:00+00:00
[2022-08-06 22:22:30,943] {subprocess.py:62} INFO - Tmp dir root location: 
 /tmp
[2022-08-06 22:22:30,944] {subprocess.py:74} INFO - Running command: ['bash', '-c', 'echo hello world, this is the first task!']
[2022-08-06 22:22:30,956] {subprocess.py:85} INFO - Output:
[2022-08-06 22:22:30,958] {subprocess.py:92} INFO - hello world, this is the first task!
[2022-08-06 22:22:30,958] {subprocess.py:96} INFO - Command exited with return code 0
[2022-08-06 22:22:30,987] {taskinstance.py:1420} INFO - Marking task as SUCCESS. dag_id=our_first_dag_v5, task_id=first_task, execution_date=20211012T000000, start_date=20220806T222230, end_date=20220806T222230
[2022-08-06 22:22:31,036] {local_task_job.py:156} INFO - Task exited with return code 0
[2022-08-06 22:22:31,077] {local_task_job.py:273} INFO - 2 downstream tasks scheduled from follow-on schedule check
