[2022-08-06 19:37:20,934] {taskinstance.py:1179} INFO - Dependencies all met for <TaskInstance: our_first_dag_v5.first_task scheduled__2021-12-06T00:00:00+00:00 [queued]>
[2022-08-06 19:37:20,948] {taskinstance.py:1179} INFO - Dependencies all met for <TaskInstance: our_first_dag_v5.first_task scheduled__2021-12-06T00:00:00+00:00 [queued]>
[2022-08-06 19:37:20,948] {taskinstance.py:1376} INFO - 
--------------------------------------------------------------------------------
[2022-08-06 19:37:20,948] {taskinstance.py:1377} INFO - Starting attempt 1 of 6
[2022-08-06 19:37:20,948] {taskinstance.py:1378} INFO - 
--------------------------------------------------------------------------------
[2022-08-06 19:37:20,967] {taskinstance.py:1397} INFO - Executing <Task(BashOperator): first_task> on 2021-12-06 00:00:00+00:00
[2022-08-06 19:37:20,973] {standard_task_runner.py:52} INFO - Started process 1303 to run task
[2022-08-06 19:37:20,976] {standard_task_runner.py:79} INFO - Running: ['***', 'tasks', 'run', 'our_first_dag_v5', 'first_task', 'scheduled__2021-12-06T00:00:00+00:00', '--job-id', '386', '--raw', '--subdir', 'DAGS_FOLDER/pipeline.py', '--cfg-path', '/tmp/tmpzo_xizct', '--error-file', '/tmp/tmpgyphaiw8']
[2022-08-06 19:37:20,976] {standard_task_runner.py:80} INFO - Job 386: Subtask first_task
[2022-08-06 19:37:21,042] {task_command.py:371} INFO - Running <TaskInstance: our_first_dag_v5.first_task scheduled__2021-12-06T00:00:00+00:00 [running]> on host b29c168c1666
[2022-08-06 19:37:21,151] {taskinstance.py:1591} INFO - Exporting the following env vars:
AIRFLOW_CTX_DAG_OWNER=coder2j
AIRFLOW_CTX_DAG_ID=our_first_dag_v5
AIRFLOW_CTX_TASK_ID=first_task
AIRFLOW_CTX_EXECUTION_DATE=2021-12-06T00:00:00+00:00
AIRFLOW_CTX_TRY_NUMBER=1
AIRFLOW_CTX_DAG_RUN_ID=scheduled__2021-12-06T00:00:00+00:00
[2022-08-06 19:37:21,152] {subprocess.py:62} INFO - Tmp dir root location: 
 /tmp
[2022-08-06 19:37:21,153] {subprocess.py:74} INFO - Running command: ['bash', '-c', 'echo hello world, this is the first task!']
[2022-08-06 19:37:21,169] {subprocess.py:85} INFO - Output:
[2022-08-06 19:37:21,171] {subprocess.py:92} INFO - hello world, this is the first task!
[2022-08-06 19:37:21,171] {subprocess.py:96} INFO - Command exited with return code 0
[2022-08-06 19:37:21,207] {taskinstance.py:1420} INFO - Marking task as SUCCESS. dag_id=our_first_dag_v5, task_id=first_task, execution_date=20211206T000000, start_date=20220806T193720, end_date=20220806T193721
[2022-08-06 19:37:21,267] {local_task_job.py:156} INFO - Task exited with return code 0
[2022-08-06 19:37:21,307] {local_task_job.py:273} INFO - 2 downstream tasks scheduled from follow-on schedule check
[2022-08-06 21:51:13,526] {taskinstance.py:1179} INFO - Dependencies all met for <TaskInstance: our_first_dag_v5.first_task scheduled__2021-12-06T00:00:00+00:00 [queued]>
[2022-08-06 21:51:13,539] {taskinstance.py:1179} INFO - Dependencies all met for <TaskInstance: our_first_dag_v5.first_task scheduled__2021-12-06T00:00:00+00:00 [queued]>
[2022-08-06 21:51:13,539] {taskinstance.py:1376} INFO - 
--------------------------------------------------------------------------------
[2022-08-06 21:51:13,539] {taskinstance.py:1377} INFO - Starting attempt 1 of 6
[2022-08-06 21:51:13,539] {taskinstance.py:1378} INFO - 
--------------------------------------------------------------------------------
[2022-08-06 21:51:13,560] {taskinstance.py:1397} INFO - Executing <Task(BashOperator): first_task> on 2021-12-06 00:00:00+00:00
[2022-08-06 21:51:13,568] {standard_task_runner.py:52} INFO - Started process 1475 to run task
[2022-08-06 21:51:13,572] {standard_task_runner.py:79} INFO - Running: ['***', 'tasks', 'run', 'our_first_dag_v5', 'first_task', 'scheduled__2021-12-06T00:00:00+00:00', '--job-id', '384', '--raw', '--subdir', 'DAGS_FOLDER/pipeline.py', '--cfg-path', '/tmp/tmpdw8fu816', '--error-file', '/tmp/tmp3rol0ei5']
[2022-08-06 21:51:13,572] {standard_task_runner.py:80} INFO - Job 384: Subtask first_task
[2022-08-06 21:51:13,686] {task_command.py:371} INFO - Running <TaskInstance: our_first_dag_v5.first_task scheduled__2021-12-06T00:00:00+00:00 [running]> on host c3f731879890
[2022-08-06 21:51:13,783] {taskinstance.py:1591} INFO - Exporting the following env vars:
AIRFLOW_CTX_DAG_OWNER=coder2j
AIRFLOW_CTX_DAG_ID=our_first_dag_v5
AIRFLOW_CTX_TASK_ID=first_task
AIRFLOW_CTX_EXECUTION_DATE=2021-12-06T00:00:00+00:00
AIRFLOW_CTX_TRY_NUMBER=1
AIRFLOW_CTX_DAG_RUN_ID=scheduled__2021-12-06T00:00:00+00:00
[2022-08-06 21:51:13,784] {subprocess.py:62} INFO - Tmp dir root location: 
 /tmp
[2022-08-06 21:51:13,785] {subprocess.py:74} INFO - Running command: ['bash', '-c', 'echo hello world, this is the first task!']
[2022-08-06 21:51:13,800] {subprocess.py:85} INFO - Output:
[2022-08-06 21:51:13,801] {subprocess.py:92} INFO - hello world, this is the first task!
[2022-08-06 21:51:13,802] {subprocess.py:96} INFO - Command exited with return code 0
[2022-08-06 21:51:13,885] {taskinstance.py:1420} INFO - Marking task as SUCCESS. dag_id=our_first_dag_v5, task_id=first_task, execution_date=20211206T000000, start_date=20220806T215113, end_date=20220806T215113
[2022-08-06 21:51:13,955] {local_task_job.py:156} INFO - Task exited with return code 0
[2022-08-06 21:51:14,024] {local_task_job.py:273} INFO - 2 downstream tasks scheduled from follow-on schedule check
[2022-08-06 21:56:36,759] {taskinstance.py:1179} INFO - Dependencies all met for <TaskInstance: our_first_dag_v5.first_task scheduled__2021-12-06T00:00:00+00:00 [queued]>
[2022-08-06 21:56:36,775] {taskinstance.py:1179} INFO - Dependencies all met for <TaskInstance: our_first_dag_v5.first_task scheduled__2021-12-06T00:00:00+00:00 [queued]>
[2022-08-06 21:56:36,775] {taskinstance.py:1376} INFO - 
--------------------------------------------------------------------------------
[2022-08-06 21:56:36,775] {taskinstance.py:1377} INFO - Starting attempt 1 of 6
[2022-08-06 21:56:36,775] {taskinstance.py:1378} INFO - 
--------------------------------------------------------------------------------
[2022-08-06 21:56:36,801] {taskinstance.py:1397} INFO - Executing <Task(BashOperator): first_task> on 2021-12-06 00:00:00+00:00
[2022-08-06 21:56:36,809] {standard_task_runner.py:52} INFO - Started process 1286 to run task
[2022-08-06 21:56:36,811] {standard_task_runner.py:79} INFO - Running: ['***', 'tasks', 'run', 'our_first_dag_v5', 'first_task', 'scheduled__2021-12-06T00:00:00+00:00', '--job-id', '388', '--raw', '--subdir', 'DAGS_FOLDER/pipeline.py', '--cfg-path', '/tmp/tmpnm5mvlh6', '--error-file', '/tmp/tmpebdoxr1w']
[2022-08-06 21:56:36,812] {standard_task_runner.py:80} INFO - Job 388: Subtask first_task
[2022-08-06 21:56:36,932] {task_command.py:371} INFO - Running <TaskInstance: our_first_dag_v5.first_task scheduled__2021-12-06T00:00:00+00:00 [running]> on host bc7e154a4fdd
[2022-08-06 21:56:37,033] {taskinstance.py:1591} INFO - Exporting the following env vars:
AIRFLOW_CTX_DAG_OWNER=coder2j
AIRFLOW_CTX_DAG_ID=our_first_dag_v5
AIRFLOW_CTX_TASK_ID=first_task
AIRFLOW_CTX_EXECUTION_DATE=2021-12-06T00:00:00+00:00
AIRFLOW_CTX_TRY_NUMBER=1
AIRFLOW_CTX_DAG_RUN_ID=scheduled__2021-12-06T00:00:00+00:00
[2022-08-06 21:56:37,034] {subprocess.py:62} INFO - Tmp dir root location: 
 /tmp
[2022-08-06 21:56:37,034] {subprocess.py:74} INFO - Running command: ['bash', '-c', 'echo hello world, this is the first task!']
[2022-08-06 21:56:37,050] {subprocess.py:85} INFO - Output:
[2022-08-06 21:56:37,052] {subprocess.py:92} INFO - hello world, this is the first task!
[2022-08-06 21:56:37,052] {subprocess.py:96} INFO - Command exited with return code 0
[2022-08-06 21:56:37,091] {taskinstance.py:1420} INFO - Marking task as SUCCESS. dag_id=our_first_dag_v5, task_id=first_task, execution_date=20211206T000000, start_date=20220806T215636, end_date=20220806T215637
[2022-08-06 21:56:37,149] {local_task_job.py:156} INFO - Task exited with return code 0
[2022-08-06 21:56:37,188] {local_task_job.py:273} INFO - 2 downstream tasks scheduled from follow-on schedule check
[2022-08-06 22:11:42,508] {taskinstance.py:1179} INFO - Dependencies all met for <TaskInstance: our_first_dag_v5.first_task scheduled__2021-12-06T00:00:00+00:00 [queued]>
[2022-08-06 22:11:42,522] {taskinstance.py:1179} INFO - Dependencies all met for <TaskInstance: our_first_dag_v5.first_task scheduled__2021-12-06T00:00:00+00:00 [queued]>
[2022-08-06 22:11:42,522] {taskinstance.py:1376} INFO - 
--------------------------------------------------------------------------------
[2022-08-06 22:11:42,522] {taskinstance.py:1377} INFO - Starting attempt 1 of 6
[2022-08-06 22:11:42,522] {taskinstance.py:1378} INFO - 
--------------------------------------------------------------------------------
[2022-08-06 22:11:42,540] {taskinstance.py:1397} INFO - Executing <Task(BashOperator): first_task> on 2021-12-06 00:00:00+00:00
[2022-08-06 22:11:42,547] {standard_task_runner.py:52} INFO - Started process 1295 to run task
[2022-08-06 22:11:42,549] {standard_task_runner.py:79} INFO - Running: ['***', 'tasks', 'run', 'our_first_dag_v5', 'first_task', 'scheduled__2021-12-06T00:00:00+00:00', '--job-id', '386', '--raw', '--subdir', 'DAGS_FOLDER/pipeline.py', '--cfg-path', '/tmp/tmp4pbcl1a4', '--error-file', '/tmp/tmpl_e0jwru']
[2022-08-06 22:11:42,550] {standard_task_runner.py:80} INFO - Job 386: Subtask first_task
[2022-08-06 22:11:42,611] {task_command.py:371} INFO - Running <TaskInstance: our_first_dag_v5.first_task scheduled__2021-12-06T00:00:00+00:00 [running]> on host 1250c3b659cd
[2022-08-06 22:11:42,691] {taskinstance.py:1591} INFO - Exporting the following env vars:
AIRFLOW_CTX_DAG_OWNER=coder2j
AIRFLOW_CTX_DAG_ID=our_first_dag_v5
AIRFLOW_CTX_TASK_ID=first_task
AIRFLOW_CTX_EXECUTION_DATE=2021-12-06T00:00:00+00:00
AIRFLOW_CTX_TRY_NUMBER=1
AIRFLOW_CTX_DAG_RUN_ID=scheduled__2021-12-06T00:00:00+00:00
[2022-08-06 22:11:42,692] {subprocess.py:62} INFO - Tmp dir root location: 
 /tmp
[2022-08-06 22:11:42,693] {subprocess.py:74} INFO - Running command: ['bash', '-c', 'echo hello world, this is the first task!']
[2022-08-06 22:11:42,710] {subprocess.py:85} INFO - Output:
[2022-08-06 22:11:42,711] {subprocess.py:92} INFO - hello world, this is the first task!
[2022-08-06 22:11:42,760] {subprocess.py:96} INFO - Command exited with return code 0
[2022-08-06 22:11:42,794] {taskinstance.py:1420} INFO - Marking task as SUCCESS. dag_id=our_first_dag_v5, task_id=first_task, execution_date=20211206T000000, start_date=20220806T221142, end_date=20220806T221142
[2022-08-06 22:11:42,841] {local_task_job.py:156} INFO - Task exited with return code 0
[2022-08-06 22:11:42,900] {local_task_job.py:273} INFO - 0 downstream tasks scheduled from follow-on schedule check
[2022-08-06 22:23:00,688] {taskinstance.py:1179} INFO - Dependencies all met for <TaskInstance: our_first_dag_v5.first_task scheduled__2021-12-06T00:00:00+00:00 [queued]>
[2022-08-06 22:23:00,708] {taskinstance.py:1179} INFO - Dependencies all met for <TaskInstance: our_first_dag_v5.first_task scheduled__2021-12-06T00:00:00+00:00 [queued]>
[2022-08-06 22:23:00,708] {taskinstance.py:1376} INFO - 
--------------------------------------------------------------------------------
[2022-08-06 22:23:00,708] {taskinstance.py:1377} INFO - Starting attempt 1 of 6
[2022-08-06 22:23:00,708] {taskinstance.py:1378} INFO - 
--------------------------------------------------------------------------------
[2022-08-06 22:23:00,728] {taskinstance.py:1397} INFO - Executing <Task(BashOperator): first_task> on 2021-12-06 00:00:00+00:00
[2022-08-06 22:23:00,736] {standard_task_runner.py:52} INFO - Started process 1338 to run task
[2022-08-06 22:23:00,741] {standard_task_runner.py:79} INFO - Running: ['***', 'tasks', 'run', 'our_first_dag_v5', 'first_task', 'scheduled__2021-12-06T00:00:00+00:00', '--job-id', '387', '--raw', '--subdir', 'DAGS_FOLDER/pipeline.py', '--cfg-path', '/tmp/tmpv4af6yn7', '--error-file', '/tmp/tmp9u_aopmx']
[2022-08-06 22:23:00,742] {standard_task_runner.py:80} INFO - Job 387: Subtask first_task
[2022-08-06 22:23:00,878] {task_command.py:371} INFO - Running <TaskInstance: our_first_dag_v5.first_task scheduled__2021-12-06T00:00:00+00:00 [running]> on host b215076695c3
[2022-08-06 22:23:00,986] {taskinstance.py:1591} INFO - Exporting the following env vars:
AIRFLOW_CTX_DAG_OWNER=coder2j
AIRFLOW_CTX_DAG_ID=our_first_dag_v5
AIRFLOW_CTX_TASK_ID=first_task
AIRFLOW_CTX_EXECUTION_DATE=2021-12-06T00:00:00+00:00
AIRFLOW_CTX_TRY_NUMBER=1
AIRFLOW_CTX_DAG_RUN_ID=scheduled__2021-12-06T00:00:00+00:00
[2022-08-06 22:23:00,987] {subprocess.py:62} INFO - Tmp dir root location: 
 /tmp
[2022-08-06 22:23:00,988] {subprocess.py:74} INFO - Running command: ['bash', '-c', 'echo hello world, this is the first task!']
[2022-08-06 22:23:01,004] {subprocess.py:85} INFO - Output:
[2022-08-06 22:23:01,006] {subprocess.py:92} INFO - hello world, this is the first task!
[2022-08-06 22:23:01,006] {subprocess.py:96} INFO - Command exited with return code 0
[2022-08-06 22:23:01,060] {taskinstance.py:1420} INFO - Marking task as SUCCESS. dag_id=our_first_dag_v5, task_id=first_task, execution_date=20211206T000000, start_date=20220806T222300, end_date=20220806T222301
[2022-08-06 22:23:01,116] {local_task_job.py:156} INFO - Task exited with return code 0
[2022-08-06 22:23:01,168] {local_task_job.py:273} INFO - 2 downstream tasks scheduled from follow-on schedule check
