[2022-08-06 19:39:23,844] {taskinstance.py:1179} INFO - Dependencies all met for <TaskInstance: our_first_dag_v5.thrid_task scheduled__2022-06-25T00:00:00+00:00 [queued]>
[2022-08-06 19:39:23,857] {taskinstance.py:1179} INFO - Dependencies all met for <TaskInstance: our_first_dag_v5.thrid_task scheduled__2022-06-25T00:00:00+00:00 [queued]>
[2022-08-06 19:39:23,857] {taskinstance.py:1376} INFO - 
--------------------------------------------------------------------------------
[2022-08-06 19:39:23,857] {taskinstance.py:1377} INFO - Starting attempt 1 of 6
[2022-08-06 19:39:23,857] {taskinstance.py:1378} INFO - 
--------------------------------------------------------------------------------
[2022-08-06 19:39:23,880] {taskinstance.py:1397} INFO - Executing <Task(BashOperator): thrid_task> on 2022-06-25 00:00:00+00:00
[2022-08-06 19:39:23,888] {standard_task_runner.py:52} INFO - Started process 3232 to run task
[2022-08-06 19:39:23,892] {standard_task_runner.py:79} INFO - Running: ['***', 'tasks', 'run', 'our_first_dag_v5', 'thrid_task', 'scheduled__2022-06-25T00:00:00+00:00', '--job-id', '1000', '--raw', '--subdir', 'DAGS_FOLDER/pipeline.py', '--cfg-path', '/tmp/tmp6gj65imj', '--error-file', '/tmp/tmpo7erlqlo']
[2022-08-06 19:39:23,893] {standard_task_runner.py:80} INFO - Job 1000: Subtask thrid_task
[2022-08-06 19:39:24,010] {task_command.py:371} INFO - Running <TaskInstance: our_first_dag_v5.thrid_task scheduled__2022-06-25T00:00:00+00:00 [running]> on host b29c168c1666
[2022-08-06 19:39:24,118] {taskinstance.py:1591} INFO - Exporting the following env vars:
AIRFLOW_CTX_DAG_OWNER=coder2j
AIRFLOW_CTX_DAG_ID=our_first_dag_v5
AIRFLOW_CTX_TASK_ID=thrid_task
AIRFLOW_CTX_EXECUTION_DATE=2022-06-25T00:00:00+00:00
AIRFLOW_CTX_TRY_NUMBER=1
AIRFLOW_CTX_DAG_RUN_ID=scheduled__2022-06-25T00:00:00+00:00
[2022-08-06 19:39:24,119] {subprocess.py:62} INFO - Tmp dir root location: 
 /tmp
[2022-08-06 19:39:24,119] {subprocess.py:74} INFO - Running command: ['bash', '-c', 'echo hey, I am task3 and will be running after task1 at the same time as task2!']
[2022-08-06 19:39:24,138] {subprocess.py:85} INFO - Output:
[2022-08-06 19:39:24,140] {subprocess.py:92} INFO - hey, I am task3 and will be running after task1 at the same time as task2!
[2022-08-06 19:39:24,140] {subprocess.py:96} INFO - Command exited with return code 0
[2022-08-06 19:39:24,173] {taskinstance.py:1420} INFO - Marking task as SUCCESS. dag_id=our_first_dag_v5, task_id=thrid_task, execution_date=20220625T000000, start_date=20220806T193923, end_date=20220806T193924
[2022-08-06 19:39:24,224] {local_task_job.py:156} INFO - Task exited with return code 0
[2022-08-06 19:39:24,280] {local_task_job.py:273} INFO - 0 downstream tasks scheduled from follow-on schedule check
[2022-08-06 21:53:16,304] {taskinstance.py:1179} INFO - Dependencies all met for <TaskInstance: our_first_dag_v5.thrid_task scheduled__2022-06-25T00:00:00+00:00 [queued]>
[2022-08-06 21:53:16,318] {taskinstance.py:1179} INFO - Dependencies all met for <TaskInstance: our_first_dag_v5.thrid_task scheduled__2022-06-25T00:00:00+00:00 [queued]>
[2022-08-06 21:53:16,318] {taskinstance.py:1376} INFO - 
--------------------------------------------------------------------------------
[2022-08-06 21:53:16,318] {taskinstance.py:1377} INFO - Starting attempt 1 of 6
[2022-08-06 21:53:16,318] {taskinstance.py:1378} INFO - 
--------------------------------------------------------------------------------
[2022-08-06 21:53:16,334] {taskinstance.py:1397} INFO - Executing <Task(BashOperator): thrid_task> on 2022-06-25 00:00:00+00:00
[2022-08-06 21:53:16,342] {standard_task_runner.py:52} INFO - Started process 3417 to run task
[2022-08-06 21:53:16,345] {standard_task_runner.py:79} INFO - Running: ['***', 'tasks', 'run', 'our_first_dag_v5', 'thrid_task', 'scheduled__2022-06-25T00:00:00+00:00', '--job-id', '997', '--raw', '--subdir', 'DAGS_FOLDER/pipeline.py', '--cfg-path', '/tmp/tmpyglhjn8o', '--error-file', '/tmp/tmpi3h3nd1e']
[2022-08-06 21:53:16,346] {standard_task_runner.py:80} INFO - Job 997: Subtask thrid_task
[2022-08-06 21:53:16,434] {task_command.py:371} INFO - Running <TaskInstance: our_first_dag_v5.thrid_task scheduled__2022-06-25T00:00:00+00:00 [running]> on host c3f731879890
[2022-08-06 21:53:16,537] {taskinstance.py:1591} INFO - Exporting the following env vars:
AIRFLOW_CTX_DAG_OWNER=coder2j
AIRFLOW_CTX_DAG_ID=our_first_dag_v5
AIRFLOW_CTX_TASK_ID=thrid_task
AIRFLOW_CTX_EXECUTION_DATE=2022-06-25T00:00:00+00:00
AIRFLOW_CTX_TRY_NUMBER=1
AIRFLOW_CTX_DAG_RUN_ID=scheduled__2022-06-25T00:00:00+00:00
[2022-08-06 21:53:16,538] {subprocess.py:62} INFO - Tmp dir root location: 
 /tmp
[2022-08-06 21:53:16,539] {subprocess.py:74} INFO - Running command: ['bash', '-c', 'echo hey, I am task3 and will be running after task1 at the same time as task2!']
[2022-08-06 21:53:16,554] {subprocess.py:85} INFO - Output:
[2022-08-06 21:53:16,556] {subprocess.py:92} INFO - hey, I am task3 and will be running after task1 at the same time as task2!
[2022-08-06 21:53:16,557] {subprocess.py:96} INFO - Command exited with return code 0
[2022-08-06 21:53:16,610] {taskinstance.py:1420} INFO - Marking task as SUCCESS. dag_id=our_first_dag_v5, task_id=thrid_task, execution_date=20220625T000000, start_date=20220806T215316, end_date=20220806T215316
[2022-08-06 21:53:16,636] {local_task_job.py:156} INFO - Task exited with return code 0
[2022-08-06 21:53:16,686] {local_task_job.py:273} INFO - 0 downstream tasks scheduled from follow-on schedule check
[2022-08-06 21:58:39,960] {taskinstance.py:1179} INFO - Dependencies all met for <TaskInstance: our_first_dag_v5.thrid_task scheduled__2022-06-25T00:00:00+00:00 [queued]>
[2022-08-06 21:58:39,976] {taskinstance.py:1179} INFO - Dependencies all met for <TaskInstance: our_first_dag_v5.thrid_task scheduled__2022-06-25T00:00:00+00:00 [queued]>
[2022-08-06 21:58:39,977] {taskinstance.py:1376} INFO - 
--------------------------------------------------------------------------------
[2022-08-06 21:58:39,977] {taskinstance.py:1377} INFO - Starting attempt 1 of 6
[2022-08-06 21:58:39,977] {taskinstance.py:1378} INFO - 
--------------------------------------------------------------------------------
[2022-08-06 21:58:40,007] {taskinstance.py:1397} INFO - Executing <Task(BashOperator): thrid_task> on 2022-06-25 00:00:00+00:00
[2022-08-06 21:58:40,014] {standard_task_runner.py:52} INFO - Started process 3206 to run task
[2022-08-06 21:58:40,017] {standard_task_runner.py:79} INFO - Running: ['***', 'tasks', 'run', 'our_first_dag_v5', 'thrid_task', 'scheduled__2022-06-25T00:00:00+00:00', '--job-id', '997', '--raw', '--subdir', 'DAGS_FOLDER/pipeline.py', '--cfg-path', '/tmp/tmpa8xxl3zs', '--error-file', '/tmp/tmpwl2vyrc2']
[2022-08-06 21:58:40,018] {standard_task_runner.py:80} INFO - Job 997: Subtask thrid_task
[2022-08-06 21:58:40,088] {task_command.py:371} INFO - Running <TaskInstance: our_first_dag_v5.thrid_task scheduled__2022-06-25T00:00:00+00:00 [running]> on host bc7e154a4fdd
[2022-08-06 21:58:40,179] {taskinstance.py:1591} INFO - Exporting the following env vars:
AIRFLOW_CTX_DAG_OWNER=coder2j
AIRFLOW_CTX_DAG_ID=our_first_dag_v5
AIRFLOW_CTX_TASK_ID=thrid_task
AIRFLOW_CTX_EXECUTION_DATE=2022-06-25T00:00:00+00:00
AIRFLOW_CTX_TRY_NUMBER=1
AIRFLOW_CTX_DAG_RUN_ID=scheduled__2022-06-25T00:00:00+00:00
[2022-08-06 21:58:40,180] {subprocess.py:62} INFO - Tmp dir root location: 
 /tmp
[2022-08-06 21:58:40,181] {subprocess.py:74} INFO - Running command: ['bash', '-c', 'echo hey, I am task3 and will be running after task1 at the same time as task2!']
[2022-08-06 21:58:40,192] {subprocess.py:85} INFO - Output:
[2022-08-06 21:58:40,194] {subprocess.py:92} INFO - hey, I am task3 and will be running after task1 at the same time as task2!
[2022-08-06 21:58:40,194] {subprocess.py:96} INFO - Command exited with return code 0
[2022-08-06 21:58:40,223] {taskinstance.py:1420} INFO - Marking task as SUCCESS. dag_id=our_first_dag_v5, task_id=thrid_task, execution_date=20220625T000000, start_date=20220806T215839, end_date=20220806T215840
[2022-08-06 21:58:40,269] {local_task_job.py:156} INFO - Task exited with return code 0
[2022-08-06 21:58:40,296] {local_task_job.py:273} INFO - 0 downstream tasks scheduled from follow-on schedule check
[2022-08-06 22:13:37,607] {taskinstance.py:1179} INFO - Dependencies all met for <TaskInstance: our_first_dag_v5.thrid_task scheduled__2022-06-25T00:00:00+00:00 [queued]>
[2022-08-06 22:13:37,621] {taskinstance.py:1179} INFO - Dependencies all met for <TaskInstance: our_first_dag_v5.thrid_task scheduled__2022-06-25T00:00:00+00:00 [queued]>
[2022-08-06 22:13:37,621] {taskinstance.py:1376} INFO - 
--------------------------------------------------------------------------------
[2022-08-06 22:13:37,621] {taskinstance.py:1377} INFO - Starting attempt 1 of 6
[2022-08-06 22:13:37,621] {taskinstance.py:1378} INFO - 
--------------------------------------------------------------------------------
[2022-08-06 22:13:37,639] {taskinstance.py:1397} INFO - Executing <Task(BashOperator): thrid_task> on 2022-06-25 00:00:00+00:00
[2022-08-06 22:13:37,645] {standard_task_runner.py:52} INFO - Started process 3213 to run task
[2022-08-06 22:13:37,649] {standard_task_runner.py:79} INFO - Running: ['***', 'tasks', 'run', 'our_first_dag_v5', 'thrid_task', 'scheduled__2022-06-25T00:00:00+00:00', '--job-id', '995', '--raw', '--subdir', 'DAGS_FOLDER/pipeline.py', '--cfg-path', '/tmp/tmpu8p50e4c', '--error-file', '/tmp/tmpwac5e1nw']
[2022-08-06 22:13:37,649] {standard_task_runner.py:80} INFO - Job 995: Subtask thrid_task
[2022-08-06 22:13:37,723] {task_command.py:371} INFO - Running <TaskInstance: our_first_dag_v5.thrid_task scheduled__2022-06-25T00:00:00+00:00 [running]> on host 1250c3b659cd
[2022-08-06 22:13:37,847] {taskinstance.py:1591} INFO - Exporting the following env vars:
AIRFLOW_CTX_DAG_OWNER=coder2j
AIRFLOW_CTX_DAG_ID=our_first_dag_v5
AIRFLOW_CTX_TASK_ID=thrid_task
AIRFLOW_CTX_EXECUTION_DATE=2022-06-25T00:00:00+00:00
AIRFLOW_CTX_TRY_NUMBER=1
AIRFLOW_CTX_DAG_RUN_ID=scheduled__2022-06-25T00:00:00+00:00
[2022-08-06 22:13:37,847] {subprocess.py:62} INFO - Tmp dir root location: 
 /tmp
[2022-08-06 22:13:37,848] {subprocess.py:74} INFO - Running command: ['bash', '-c', 'echo hey, I am task3 and will be running after task1 at the same time as task2!']
[2022-08-06 22:13:37,859] {subprocess.py:85} INFO - Output:
[2022-08-06 22:13:37,860] {subprocess.py:92} INFO - hey, I am task3 and will be running after task1 at the same time as task2!
[2022-08-06 22:13:37,860] {subprocess.py:96} INFO - Command exited with return code 0
[2022-08-06 22:13:37,889] {taskinstance.py:1420} INFO - Marking task as SUCCESS. dag_id=our_first_dag_v5, task_id=thrid_task, execution_date=20220625T000000, start_date=20220806T221337, end_date=20220806T221337
[2022-08-06 22:13:37,940] {local_task_job.py:156} INFO - Task exited with return code 0
[2022-08-06 22:13:37,968] {local_task_job.py:273} INFO - 0 downstream tasks scheduled from follow-on schedule check
[2022-08-06 22:24:57,150] {taskinstance.py:1179} INFO - Dependencies all met for <TaskInstance: our_first_dag_v5.thrid_task scheduled__2022-06-25T00:00:00+00:00 [queued]>
[2022-08-06 22:24:57,167] {taskinstance.py:1179} INFO - Dependencies all met for <TaskInstance: our_first_dag_v5.thrid_task scheduled__2022-06-25T00:00:00+00:00 [queued]>
[2022-08-06 22:24:57,167] {taskinstance.py:1376} INFO - 
--------------------------------------------------------------------------------
[2022-08-06 22:24:57,167] {taskinstance.py:1377} INFO - Starting attempt 1 of 6
[2022-08-06 22:24:57,167] {taskinstance.py:1378} INFO - 
--------------------------------------------------------------------------------
[2022-08-06 22:24:57,185] {taskinstance.py:1397} INFO - Executing <Task(BashOperator): thrid_task> on 2022-06-25 00:00:00+00:00
[2022-08-06 22:24:57,193] {standard_task_runner.py:52} INFO - Started process 3271 to run task
[2022-08-06 22:24:57,196] {standard_task_runner.py:79} INFO - Running: ['***', 'tasks', 'run', 'our_first_dag_v5', 'thrid_task', 'scheduled__2022-06-25T00:00:00+00:00', '--job-id', '1000', '--raw', '--subdir', 'DAGS_FOLDER/pipeline.py', '--cfg-path', '/tmp/tmpuchue_ve', '--error-file', '/tmp/tmpj3jlwkm9']
[2022-08-06 22:24:57,197] {standard_task_runner.py:80} INFO - Job 1000: Subtask thrid_task
[2022-08-06 22:24:57,286] {task_command.py:371} INFO - Running <TaskInstance: our_first_dag_v5.thrid_task scheduled__2022-06-25T00:00:00+00:00 [running]> on host b215076695c3
[2022-08-06 22:24:57,376] {taskinstance.py:1591} INFO - Exporting the following env vars:
AIRFLOW_CTX_DAG_OWNER=coder2j
AIRFLOW_CTX_DAG_ID=our_first_dag_v5
AIRFLOW_CTX_TASK_ID=thrid_task
AIRFLOW_CTX_EXECUTION_DATE=2022-06-25T00:00:00+00:00
AIRFLOW_CTX_TRY_NUMBER=1
AIRFLOW_CTX_DAG_RUN_ID=scheduled__2022-06-25T00:00:00+00:00
[2022-08-06 22:24:57,377] {subprocess.py:62} INFO - Tmp dir root location: 
 /tmp
[2022-08-06 22:24:57,377] {subprocess.py:74} INFO - Running command: ['bash', '-c', 'echo hey, I am task3 and will be running after task1 at the same time as task2!']
[2022-08-06 22:24:57,391] {subprocess.py:85} INFO - Output:
[2022-08-06 22:24:57,393] {subprocess.py:92} INFO - hey, I am task3 and will be running after task1 at the same time as task2!
[2022-08-06 22:24:57,428] {subprocess.py:96} INFO - Command exited with return code 0
[2022-08-06 22:24:57,472] {taskinstance.py:1420} INFO - Marking task as SUCCESS. dag_id=our_first_dag_v5, task_id=thrid_task, execution_date=20220625T000000, start_date=20220806T222457, end_date=20220806T222457
[2022-08-06 22:24:57,528] {local_task_job.py:156} INFO - Task exited with return code 0
[2022-08-06 22:24:57,613] {local_task_job.py:273} INFO - 0 downstream tasks scheduled from follow-on schedule check
