[2022-08-06 19:36:42,771] {taskinstance.py:1179} INFO - Dependencies all met for <TaskInstance: our_first_dag_v5.thrid_task scheduled__2021-10-09T00:00:00+00:00 [queued]>
[2022-08-06 19:36:42,785] {taskinstance.py:1179} INFO - Dependencies all met for <TaskInstance: our_first_dag_v5.thrid_task scheduled__2021-10-09T00:00:00+00:00 [queued]>
[2022-08-06 19:36:42,785] {taskinstance.py:1376} INFO - 
--------------------------------------------------------------------------------
[2022-08-06 19:36:42,785] {taskinstance.py:1377} INFO - Starting attempt 1 of 6
[2022-08-06 19:36:42,785] {taskinstance.py:1378} INFO - 
--------------------------------------------------------------------------------
[2022-08-06 19:36:42,802] {taskinstance.py:1397} INFO - Executing <Task(BashOperator): thrid_task> on 2021-10-09 00:00:00+00:00
[2022-08-06 19:36:42,808] {standard_task_runner.py:52} INFO - Started process 771 to run task
[2022-08-06 19:36:42,811] {standard_task_runner.py:79} INFO - Running: ['***', 'tasks', 'run', 'our_first_dag_v5', 'thrid_task', 'scheduled__2021-10-09T00:00:00+00:00', '--job-id', '218', '--raw', '--subdir', 'DAGS_FOLDER/pipeline.py', '--cfg-path', '/tmp/tmp7aj9sfp2', '--error-file', '/tmp/tmpcgl3jitm']
[2022-08-06 19:36:42,811] {standard_task_runner.py:80} INFO - Job 218: Subtask thrid_task
[2022-08-06 19:36:42,876] {task_command.py:371} INFO - Running <TaskInstance: our_first_dag_v5.thrid_task scheduled__2021-10-09T00:00:00+00:00 [running]> on host b29c168c1666
[2022-08-06 19:36:42,965] {taskinstance.py:1591} INFO - Exporting the following env vars:
AIRFLOW_CTX_DAG_OWNER=coder2j
AIRFLOW_CTX_DAG_ID=our_first_dag_v5
AIRFLOW_CTX_TASK_ID=thrid_task
AIRFLOW_CTX_EXECUTION_DATE=2021-10-09T00:00:00+00:00
AIRFLOW_CTX_TRY_NUMBER=1
AIRFLOW_CTX_DAG_RUN_ID=scheduled__2021-10-09T00:00:00+00:00
[2022-08-06 19:36:42,965] {subprocess.py:62} INFO - Tmp dir root location: 
 /tmp
[2022-08-06 19:36:42,966] {subprocess.py:74} INFO - Running command: ['bash', '-c', 'echo hey, I am task3 and will be running after task1 at the same time as task2!']
[2022-08-06 19:36:42,977] {subprocess.py:85} INFO - Output:
[2022-08-06 19:36:42,978] {subprocess.py:92} INFO - hey, I am task3 and will be running after task1 at the same time as task2!
[2022-08-06 19:36:42,979] {subprocess.py:96} INFO - Command exited with return code 0
[2022-08-06 19:36:43,013] {taskinstance.py:1420} INFO - Marking task as SUCCESS. dag_id=our_first_dag_v5, task_id=thrid_task, execution_date=20211009T000000, start_date=20220806T193642, end_date=20220806T193643
[2022-08-06 19:36:43,062] {local_task_job.py:156} INFO - Task exited with return code 0
[2022-08-06 19:36:43,110] {local_task_job.py:273} INFO - 0 downstream tasks scheduled from follow-on schedule check
[2022-08-06 21:50:35,196] {taskinstance.py:1179} INFO - Dependencies all met for <TaskInstance: our_first_dag_v5.thrid_task scheduled__2021-10-09T00:00:00+00:00 [queued]>
[2022-08-06 21:50:35,208] {taskinstance.py:1179} INFO - Dependencies all met for <TaskInstance: our_first_dag_v5.thrid_task scheduled__2021-10-09T00:00:00+00:00 [queued]>
[2022-08-06 21:50:35,208] {taskinstance.py:1376} INFO - 
--------------------------------------------------------------------------------
[2022-08-06 21:50:35,208] {taskinstance.py:1377} INFO - Starting attempt 1 of 6
[2022-08-06 21:50:35,209] {taskinstance.py:1378} INFO - 
--------------------------------------------------------------------------------
[2022-08-06 21:50:35,223] {taskinstance.py:1397} INFO - Executing <Task(BashOperator): thrid_task> on 2021-10-09 00:00:00+00:00
[2022-08-06 21:50:35,229] {standard_task_runner.py:52} INFO - Started process 950 to run task
[2022-08-06 21:50:35,232] {standard_task_runner.py:79} INFO - Running: ['***', 'tasks', 'run', 'our_first_dag_v5', 'thrid_task', 'scheduled__2021-10-09T00:00:00+00:00', '--job-id', '216', '--raw', '--subdir', 'DAGS_FOLDER/pipeline.py', '--cfg-path', '/tmp/tmpp5_y4vou', '--error-file', '/tmp/tmp8_hbd1l3']
[2022-08-06 21:50:35,233] {standard_task_runner.py:80} INFO - Job 216: Subtask thrid_task
[2022-08-06 21:50:35,314] {task_command.py:371} INFO - Running <TaskInstance: our_first_dag_v5.thrid_task scheduled__2021-10-09T00:00:00+00:00 [running]> on host c3f731879890
[2022-08-06 21:50:35,414] {taskinstance.py:1591} INFO - Exporting the following env vars:
AIRFLOW_CTX_DAG_OWNER=coder2j
AIRFLOW_CTX_DAG_ID=our_first_dag_v5
AIRFLOW_CTX_TASK_ID=thrid_task
AIRFLOW_CTX_EXECUTION_DATE=2021-10-09T00:00:00+00:00
AIRFLOW_CTX_TRY_NUMBER=1
AIRFLOW_CTX_DAG_RUN_ID=scheduled__2021-10-09T00:00:00+00:00
[2022-08-06 21:50:35,415] {subprocess.py:62} INFO - Tmp dir root location: 
 /tmp
[2022-08-06 21:50:35,416] {subprocess.py:74} INFO - Running command: ['bash', '-c', 'echo hey, I am task3 and will be running after task1 at the same time as task2!']
[2022-08-06 21:50:35,433] {subprocess.py:85} INFO - Output:
[2022-08-06 21:50:35,434] {subprocess.py:92} INFO - hey, I am task3 and will be running after task1 at the same time as task2!
[2022-08-06 21:50:35,435] {subprocess.py:96} INFO - Command exited with return code 0
[2022-08-06 21:50:35,469] {taskinstance.py:1420} INFO - Marking task as SUCCESS. dag_id=our_first_dag_v5, task_id=thrid_task, execution_date=20211009T000000, start_date=20220806T215035, end_date=20220806T215035
[2022-08-06 21:50:35,524] {local_task_job.py:156} INFO - Task exited with return code 0
[2022-08-06 21:50:35,574] {local_task_job.py:273} INFO - 0 downstream tasks scheduled from follow-on schedule check
[2022-08-06 21:56:04,841] {taskinstance.py:1179} INFO - Dependencies all met for <TaskInstance: our_first_dag_v5.thrid_task scheduled__2021-10-09T00:00:00+00:00 [queued]>
[2022-08-06 21:56:04,857] {taskinstance.py:1179} INFO - Dependencies all met for <TaskInstance: our_first_dag_v5.thrid_task scheduled__2021-10-09T00:00:00+00:00 [queued]>
[2022-08-06 21:56:04,857] {taskinstance.py:1376} INFO - 
--------------------------------------------------------------------------------
[2022-08-06 21:56:04,857] {taskinstance.py:1377} INFO - Starting attempt 1 of 6
[2022-08-06 21:56:04,857] {taskinstance.py:1378} INFO - 
--------------------------------------------------------------------------------
[2022-08-06 21:56:04,876] {taskinstance.py:1397} INFO - Executing <Task(BashOperator): thrid_task> on 2021-10-09 00:00:00+00:00
[2022-08-06 21:56:04,884] {standard_task_runner.py:52} INFO - Started process 764 to run task
[2022-08-06 21:56:04,887] {standard_task_runner.py:79} INFO - Running: ['***', 'tasks', 'run', 'our_first_dag_v5', 'thrid_task', 'scheduled__2021-10-09T00:00:00+00:00', '--job-id', '220', '--raw', '--subdir', 'DAGS_FOLDER/pipeline.py', '--cfg-path', '/tmp/tmp40u86088', '--error-file', '/tmp/tmp3ep1vrhf']
[2022-08-06 21:56:04,888] {standard_task_runner.py:80} INFO - Job 220: Subtask thrid_task
[2022-08-06 21:56:04,965] {task_command.py:371} INFO - Running <TaskInstance: our_first_dag_v5.thrid_task scheduled__2021-10-09T00:00:00+00:00 [running]> on host bc7e154a4fdd
[2022-08-06 21:56:05,056] {taskinstance.py:1591} INFO - Exporting the following env vars:
AIRFLOW_CTX_DAG_OWNER=coder2j
AIRFLOW_CTX_DAG_ID=our_first_dag_v5
AIRFLOW_CTX_TASK_ID=thrid_task
AIRFLOW_CTX_EXECUTION_DATE=2021-10-09T00:00:00+00:00
AIRFLOW_CTX_TRY_NUMBER=1
AIRFLOW_CTX_DAG_RUN_ID=scheduled__2021-10-09T00:00:00+00:00
[2022-08-06 21:56:05,057] {subprocess.py:62} INFO - Tmp dir root location: 
 /tmp
[2022-08-06 21:56:05,058] {subprocess.py:74} INFO - Running command: ['bash', '-c', 'echo hey, I am task3 and will be running after task1 at the same time as task2!']
[2022-08-06 21:56:05,073] {subprocess.py:85} INFO - Output:
[2022-08-06 21:56:05,074] {subprocess.py:92} INFO - hey, I am task3 and will be running after task1 at the same time as task2!
[2022-08-06 21:56:05,075] {subprocess.py:96} INFO - Command exited with return code 0
[2022-08-06 21:56:05,108] {taskinstance.py:1420} INFO - Marking task as SUCCESS. dag_id=our_first_dag_v5, task_id=thrid_task, execution_date=20211009T000000, start_date=20220806T215604, end_date=20220806T215605
[2022-08-06 21:56:05,138] {local_task_job.py:156} INFO - Task exited with return code 0
[2022-08-06 21:56:05,179] {local_task_job.py:273} INFO - 0 downstream tasks scheduled from follow-on schedule check
[2022-08-06 22:11:08,082] {taskinstance.py:1179} INFO - Dependencies all met for <TaskInstance: our_first_dag_v5.thrid_task scheduled__2021-10-09T00:00:00+00:00 [queued]>
[2022-08-06 22:11:08,095] {taskinstance.py:1179} INFO - Dependencies all met for <TaskInstance: our_first_dag_v5.thrid_task scheduled__2021-10-09T00:00:00+00:00 [queued]>
[2022-08-06 22:11:08,095] {taskinstance.py:1376} INFO - 
--------------------------------------------------------------------------------
[2022-08-06 22:11:08,095] {taskinstance.py:1377} INFO - Starting attempt 1 of 6
[2022-08-06 22:11:08,095] {taskinstance.py:1378} INFO - 
--------------------------------------------------------------------------------
[2022-08-06 22:11:08,112] {taskinstance.py:1397} INFO - Executing <Task(BashOperator): thrid_task> on 2021-10-09 00:00:00+00:00
[2022-08-06 22:11:08,119] {standard_task_runner.py:52} INFO - Started process 776 to run task
[2022-08-06 22:11:08,121] {standard_task_runner.py:79} INFO - Running: ['***', 'tasks', 'run', 'our_first_dag_v5', 'thrid_task', 'scheduled__2021-10-09T00:00:00+00:00', '--job-id', '222', '--raw', '--subdir', 'DAGS_FOLDER/pipeline.py', '--cfg-path', '/tmp/tmp3794s_eq', '--error-file', '/tmp/tmp5b94y8ii']
[2022-08-06 22:11:08,122] {standard_task_runner.py:80} INFO - Job 222: Subtask thrid_task
[2022-08-06 22:11:08,213] {task_command.py:371} INFO - Running <TaskInstance: our_first_dag_v5.thrid_task scheduled__2021-10-09T00:00:00+00:00 [running]> on host 1250c3b659cd
[2022-08-06 22:11:08,330] {taskinstance.py:1591} INFO - Exporting the following env vars:
AIRFLOW_CTX_DAG_OWNER=coder2j
AIRFLOW_CTX_DAG_ID=our_first_dag_v5
AIRFLOW_CTX_TASK_ID=thrid_task
AIRFLOW_CTX_EXECUTION_DATE=2021-10-09T00:00:00+00:00
AIRFLOW_CTX_TRY_NUMBER=1
AIRFLOW_CTX_DAG_RUN_ID=scheduled__2021-10-09T00:00:00+00:00
[2022-08-06 22:11:08,333] {subprocess.py:62} INFO - Tmp dir root location: 
 /tmp
[2022-08-06 22:11:08,334] {subprocess.py:74} INFO - Running command: ['bash', '-c', 'echo hey, I am task3 and will be running after task1 at the same time as task2!']
[2022-08-06 22:11:08,352] {subprocess.py:85} INFO - Output:
[2022-08-06 22:11:08,354] {subprocess.py:92} INFO - hey, I am task3 and will be running after task1 at the same time as task2!
[2022-08-06 22:11:08,354] {subprocess.py:96} INFO - Command exited with return code 0
[2022-08-06 22:11:08,441] {taskinstance.py:1420} INFO - Marking task as SUCCESS. dag_id=our_first_dag_v5, task_id=thrid_task, execution_date=20211009T000000, start_date=20220806T221108, end_date=20220806T221108
[2022-08-06 22:11:08,494] {local_task_job.py:156} INFO - Task exited with return code 0
[2022-08-06 22:11:08,546] {local_task_job.py:273} INFO - 0 downstream tasks scheduled from follow-on schedule check
[2022-08-06 22:18:53,697] {taskinstance.py:1179} INFO - Dependencies all met for <TaskInstance: our_first_dag_v5.thrid_task scheduled__2021-10-09T00:00:00+00:00 [queued]>
[2022-08-06 22:18:53,715] {taskinstance.py:1179} INFO - Dependencies all met for <TaskInstance: our_first_dag_v5.thrid_task scheduled__2021-10-09T00:00:00+00:00 [queued]>
[2022-08-06 22:18:53,715] {taskinstance.py:1376} INFO - 
--------------------------------------------------------------------------------
[2022-08-06 22:18:53,715] {taskinstance.py:1377} INFO - Starting attempt 1 of 6
[2022-08-06 22:18:53,715] {taskinstance.py:1378} INFO - 
--------------------------------------------------------------------------------
[2022-08-06 22:18:53,742] {taskinstance.py:1397} INFO - Executing <Task(BashOperator): thrid_task> on 2021-10-09 00:00:00+00:00
[2022-08-06 22:18:53,750] {standard_task_runner.py:52} INFO - Started process 782 to run task
[2022-08-06 22:18:53,754] {standard_task_runner.py:79} INFO - Running: ['***', 'tasks', 'run', 'our_first_dag_v5', 'thrid_task', 'scheduled__2021-10-09T00:00:00+00:00', '--job-id', '220', '--raw', '--subdir', 'DAGS_FOLDER/pipeline.py', '--cfg-path', '/tmp/tmpoua2kn6u', '--error-file', '/tmp/tmpbac7i13o']
[2022-08-06 22:18:53,754] {standard_task_runner.py:80} INFO - Job 220: Subtask thrid_task
[2022-08-06 22:18:53,842] {task_command.py:371} INFO - Running <TaskInstance: our_first_dag_v5.thrid_task scheduled__2021-10-09T00:00:00+00:00 [running]> on host ed53bde1c44a
[2022-08-06 22:18:53,953] {taskinstance.py:1591} INFO - Exporting the following env vars:
AIRFLOW_CTX_DAG_OWNER=coder2j
AIRFLOW_CTX_DAG_ID=our_first_dag_v5
AIRFLOW_CTX_TASK_ID=thrid_task
AIRFLOW_CTX_EXECUTION_DATE=2021-10-09T00:00:00+00:00
AIRFLOW_CTX_TRY_NUMBER=1
AIRFLOW_CTX_DAG_RUN_ID=scheduled__2021-10-09T00:00:00+00:00
[2022-08-06 22:18:53,954] {subprocess.py:62} INFO - Tmp dir root location: 
 /tmp
[2022-08-06 22:18:53,955] {subprocess.py:74} INFO - Running command: ['bash', '-c', 'echo hey, I am task3 and will be running after task1 at the same time as task2!']
[2022-08-06 22:18:53,974] {subprocess.py:85} INFO - Output:
[2022-08-06 22:18:53,976] {subprocess.py:92} INFO - hey, I am task3 and will be running after task1 at the same time as task2!
[2022-08-06 22:18:53,976] {subprocess.py:96} INFO - Command exited with return code 0
[2022-08-06 22:18:54,013] {taskinstance.py:1420} INFO - Marking task as SUCCESS. dag_id=our_first_dag_v5, task_id=thrid_task, execution_date=20211009T000000, start_date=20220806T221853, end_date=20220806T221854
[2022-08-06 22:18:54,046] {local_task_job.py:156} INFO - Task exited with return code 0
[2022-08-06 22:18:54,111] {local_task_job.py:273} INFO - 0 downstream tasks scheduled from follow-on schedule check
[2022-08-06 22:22:28,008] {taskinstance.py:1179} INFO - Dependencies all met for <TaskInstance: our_first_dag_v5.thrid_task scheduled__2021-10-09T00:00:00+00:00 [queued]>
[2022-08-06 22:22:28,020] {taskinstance.py:1179} INFO - Dependencies all met for <TaskInstance: our_first_dag_v5.thrid_task scheduled__2021-10-09T00:00:00+00:00 [queued]>
[2022-08-06 22:22:28,020] {taskinstance.py:1376} INFO - 
--------------------------------------------------------------------------------
[2022-08-06 22:22:28,020] {taskinstance.py:1377} INFO - Starting attempt 1 of 6
[2022-08-06 22:22:28,021] {taskinstance.py:1378} INFO - 
--------------------------------------------------------------------------------
[2022-08-06 22:22:28,037] {taskinstance.py:1397} INFO - Executing <Task(BashOperator): thrid_task> on 2021-10-09 00:00:00+00:00
[2022-08-06 22:22:28,044] {standard_task_runner.py:52} INFO - Started process 810 to run task
[2022-08-06 22:22:28,047] {standard_task_runner.py:79} INFO - Running: ['***', 'tasks', 'run', 'our_first_dag_v5', 'thrid_task', 'scheduled__2021-10-09T00:00:00+00:00', '--job-id', '219', '--raw', '--subdir', 'DAGS_FOLDER/pipeline.py', '--cfg-path', '/tmp/tmpzuw3x88e', '--error-file', '/tmp/tmpzf1nrzvm']
[2022-08-06 22:22:28,047] {standard_task_runner.py:80} INFO - Job 219: Subtask thrid_task
[2022-08-06 22:22:28,116] {task_command.py:371} INFO - Running <TaskInstance: our_first_dag_v5.thrid_task scheduled__2021-10-09T00:00:00+00:00 [running]> on host b215076695c3
[2022-08-06 22:22:28,220] {taskinstance.py:1591} INFO - Exporting the following env vars:
AIRFLOW_CTX_DAG_OWNER=coder2j
AIRFLOW_CTX_DAG_ID=our_first_dag_v5
AIRFLOW_CTX_TASK_ID=thrid_task
AIRFLOW_CTX_EXECUTION_DATE=2021-10-09T00:00:00+00:00
AIRFLOW_CTX_TRY_NUMBER=1
AIRFLOW_CTX_DAG_RUN_ID=scheduled__2021-10-09T00:00:00+00:00
[2022-08-06 22:22:28,222] {subprocess.py:62} INFO - Tmp dir root location: 
 /tmp
[2022-08-06 22:22:28,222] {subprocess.py:74} INFO - Running command: ['bash', '-c', 'echo hey, I am task3 and will be running after task1 at the same time as task2!']
[2022-08-06 22:22:28,236] {subprocess.py:85} INFO - Output:
[2022-08-06 22:22:28,238] {subprocess.py:92} INFO - hey, I am task3 and will be running after task1 at the same time as task2!
[2022-08-06 22:22:28,238] {subprocess.py:96} INFO - Command exited with return code 0
[2022-08-06 22:22:28,330] {taskinstance.py:1420} INFO - Marking task as SUCCESS. dag_id=our_first_dag_v5, task_id=thrid_task, execution_date=20211009T000000, start_date=20220806T222228, end_date=20220806T222228
[2022-08-06 22:22:28,379] {local_task_job.py:156} INFO - Task exited with return code 0
[2022-08-06 22:22:28,412] {local_task_job.py:273} INFO - 0 downstream tasks scheduled from follow-on schedule check
