[2022-08-06 19:38:05,286] {taskinstance.py:1179} INFO - Dependencies all met for <TaskInstance: our_first_dag_v5.second_task scheduled__2022-02-15T00:00:00+00:00 [queued]>
[2022-08-06 19:38:05,301] {taskinstance.py:1179} INFO - Dependencies all met for <TaskInstance: our_first_dag_v5.second_task scheduled__2022-02-15T00:00:00+00:00 [queued]>
[2022-08-06 19:38:05,301] {taskinstance.py:1376} INFO - 
--------------------------------------------------------------------------------
[2022-08-06 19:38:05,301] {taskinstance.py:1377} INFO - Starting attempt 1 of 6
[2022-08-06 19:38:05,301] {taskinstance.py:1378} INFO - 
--------------------------------------------------------------------------------
[2022-08-06 19:38:05,320] {taskinstance.py:1397} INFO - Executing <Task(BashOperator): second_task> on 2022-02-15 00:00:00+00:00
[2022-08-06 19:38:05,326] {standard_task_runner.py:52} INFO - Started process 1999 to run task
[2022-08-06 19:38:05,329] {standard_task_runner.py:79} INFO - Running: ['***', 'tasks', 'run', 'our_first_dag_v5', 'second_task', 'scheduled__2022-02-15T00:00:00+00:00', '--job-id', '607', '--raw', '--subdir', 'DAGS_FOLDER/pipeline.py', '--cfg-path', '/tmp/tmp414gs91b', '--error-file', '/tmp/tmp6li6rt26']
[2022-08-06 19:38:05,329] {standard_task_runner.py:80} INFO - Job 607: Subtask second_task
[2022-08-06 19:38:05,430] {task_command.py:371} INFO - Running <TaskInstance: our_first_dag_v5.second_task scheduled__2022-02-15T00:00:00+00:00 [running]> on host b29c168c1666
[2022-08-06 19:38:05,531] {taskinstance.py:1591} INFO - Exporting the following env vars:
AIRFLOW_CTX_DAG_OWNER=coder2j
AIRFLOW_CTX_DAG_ID=our_first_dag_v5
AIRFLOW_CTX_TASK_ID=second_task
AIRFLOW_CTX_EXECUTION_DATE=2022-02-15T00:00:00+00:00
AIRFLOW_CTX_TRY_NUMBER=1
AIRFLOW_CTX_DAG_RUN_ID=scheduled__2022-02-15T00:00:00+00:00
[2022-08-06 19:38:05,532] {subprocess.py:62} INFO - Tmp dir root location: 
 /tmp
[2022-08-06 19:38:05,533] {subprocess.py:74} INFO - Running command: ['bash', '-c', 'echo hey, I am task2 and will be running after task1!']
[2022-08-06 19:38:05,546] {subprocess.py:85} INFO - Output:
[2022-08-06 19:38:05,547] {subprocess.py:92} INFO - hey, I am task2 and will be running after task1!
[2022-08-06 19:38:05,547] {subprocess.py:96} INFO - Command exited with return code 0
[2022-08-06 19:38:05,579] {taskinstance.py:1420} INFO - Marking task as SUCCESS. dag_id=our_first_dag_v5, task_id=second_task, execution_date=20220215T000000, start_date=20220806T193805, end_date=20220806T193805
[2022-08-06 19:38:05,627] {local_task_job.py:156} INFO - Task exited with return code 0
[2022-08-06 19:38:05,669] {local_task_job.py:273} INFO - 0 downstream tasks scheduled from follow-on schedule check
[2022-08-06 21:51:56,018] {taskinstance.py:1179} INFO - Dependencies all met for <TaskInstance: our_first_dag_v5.second_task scheduled__2022-02-15T00:00:00+00:00 [queued]>
[2022-08-06 21:51:56,033] {taskinstance.py:1179} INFO - Dependencies all met for <TaskInstance: our_first_dag_v5.second_task scheduled__2022-02-15T00:00:00+00:00 [queued]>
[2022-08-06 21:51:56,033] {taskinstance.py:1376} INFO - 
--------------------------------------------------------------------------------
[2022-08-06 21:51:56,033] {taskinstance.py:1377} INFO - Starting attempt 1 of 6
[2022-08-06 21:51:56,033] {taskinstance.py:1378} INFO - 
--------------------------------------------------------------------------------
[2022-08-06 21:51:56,050] {taskinstance.py:1397} INFO - Executing <Task(BashOperator): second_task> on 2022-02-15 00:00:00+00:00
[2022-08-06 21:51:56,057] {standard_task_runner.py:52} INFO - Started process 2181 to run task
[2022-08-06 21:51:56,059] {standard_task_runner.py:79} INFO - Running: ['***', 'tasks', 'run', 'our_first_dag_v5', 'second_task', 'scheduled__2022-02-15T00:00:00+00:00', '--job-id', '606', '--raw', '--subdir', 'DAGS_FOLDER/pipeline.py', '--cfg-path', '/tmp/tmpp82vkn17', '--error-file', '/tmp/tmpc4_6he24']
[2022-08-06 21:51:56,060] {standard_task_runner.py:80} INFO - Job 606: Subtask second_task
[2022-08-06 21:51:56,127] {task_command.py:371} INFO - Running <TaskInstance: our_first_dag_v5.second_task scheduled__2022-02-15T00:00:00+00:00 [running]> on host c3f731879890
[2022-08-06 21:51:56,208] {taskinstance.py:1591} INFO - Exporting the following env vars:
AIRFLOW_CTX_DAG_OWNER=coder2j
AIRFLOW_CTX_DAG_ID=our_first_dag_v5
AIRFLOW_CTX_TASK_ID=second_task
AIRFLOW_CTX_EXECUTION_DATE=2022-02-15T00:00:00+00:00
AIRFLOW_CTX_TRY_NUMBER=1
AIRFLOW_CTX_DAG_RUN_ID=scheduled__2022-02-15T00:00:00+00:00
[2022-08-06 21:51:56,209] {subprocess.py:62} INFO - Tmp dir root location: 
 /tmp
[2022-08-06 21:51:56,209] {subprocess.py:74} INFO - Running command: ['bash', '-c', 'echo hey, I am task2 and will be running after task1!']
[2022-08-06 21:51:56,221] {subprocess.py:85} INFO - Output:
[2022-08-06 21:51:56,222] {subprocess.py:92} INFO - hey, I am task2 and will be running after task1!
[2022-08-06 21:51:56,223] {subprocess.py:96} INFO - Command exited with return code 0
[2022-08-06 21:51:56,249] {taskinstance.py:1420} INFO - Marking task as SUCCESS. dag_id=our_first_dag_v5, task_id=second_task, execution_date=20220215T000000, start_date=20220806T215156, end_date=20220806T215156
[2022-08-06 21:51:56,271] {local_task_job.py:156} INFO - Task exited with return code 0
[2022-08-06 21:51:56,301] {local_task_job.py:273} INFO - 0 downstream tasks scheduled from follow-on schedule check
[2022-08-06 21:57:20,314] {taskinstance.py:1179} INFO - Dependencies all met for <TaskInstance: our_first_dag_v5.second_task scheduled__2022-02-15T00:00:00+00:00 [queued]>
[2022-08-06 21:57:20,328] {taskinstance.py:1179} INFO - Dependencies all met for <TaskInstance: our_first_dag_v5.second_task scheduled__2022-02-15T00:00:00+00:00 [queued]>
[2022-08-06 21:57:20,328] {taskinstance.py:1376} INFO - 
--------------------------------------------------------------------------------
[2022-08-06 21:57:20,328] {taskinstance.py:1377} INFO - Starting attempt 1 of 6
[2022-08-06 21:57:20,328] {taskinstance.py:1378} INFO - 
--------------------------------------------------------------------------------
[2022-08-06 21:57:20,346] {taskinstance.py:1397} INFO - Executing <Task(BashOperator): second_task> on 2022-02-15 00:00:00+00:00
[2022-08-06 21:57:20,352] {standard_task_runner.py:52} INFO - Started process 1976 to run task
[2022-08-06 21:57:20,356] {standard_task_runner.py:79} INFO - Running: ['***', 'tasks', 'run', 'our_first_dag_v5', 'second_task', 'scheduled__2022-02-15T00:00:00+00:00', '--job-id', '604', '--raw', '--subdir', 'DAGS_FOLDER/pipeline.py', '--cfg-path', '/tmp/tmpmcqj6i8r', '--error-file', '/tmp/tmpoi125zbv']
[2022-08-06 21:57:20,356] {standard_task_runner.py:80} INFO - Job 604: Subtask second_task
[2022-08-06 21:57:20,428] {task_command.py:371} INFO - Running <TaskInstance: our_first_dag_v5.second_task scheduled__2022-02-15T00:00:00+00:00 [running]> on host bc7e154a4fdd
[2022-08-06 21:57:20,521] {taskinstance.py:1591} INFO - Exporting the following env vars:
AIRFLOW_CTX_DAG_OWNER=coder2j
AIRFLOW_CTX_DAG_ID=our_first_dag_v5
AIRFLOW_CTX_TASK_ID=second_task
AIRFLOW_CTX_EXECUTION_DATE=2022-02-15T00:00:00+00:00
AIRFLOW_CTX_TRY_NUMBER=1
AIRFLOW_CTX_DAG_RUN_ID=scheduled__2022-02-15T00:00:00+00:00
[2022-08-06 21:57:20,522] {subprocess.py:62} INFO - Tmp dir root location: 
 /tmp
[2022-08-06 21:57:20,522] {subprocess.py:74} INFO - Running command: ['bash', '-c', 'echo hey, I am task2 and will be running after task1!']
[2022-08-06 21:57:20,536] {subprocess.py:85} INFO - Output:
[2022-08-06 21:57:20,537] {subprocess.py:92} INFO - hey, I am task2 and will be running after task1!
[2022-08-06 21:57:20,537] {subprocess.py:96} INFO - Command exited with return code 0
[2022-08-06 21:57:20,563] {taskinstance.py:1420} INFO - Marking task as SUCCESS. dag_id=our_first_dag_v5, task_id=second_task, execution_date=20220215T000000, start_date=20220806T215720, end_date=20220806T215720
[2022-08-06 21:57:20,606] {local_task_job.py:156} INFO - Task exited with return code 0
[2022-08-06 21:57:20,643] {local_task_job.py:273} INFO - 0 downstream tasks scheduled from follow-on schedule check
[2022-08-06 22:12:23,456] {taskinstance.py:1179} INFO - Dependencies all met for <TaskInstance: our_first_dag_v5.second_task scheduled__2022-02-15T00:00:00+00:00 [queued]>
[2022-08-06 22:12:23,472] {taskinstance.py:1179} INFO - Dependencies all met for <TaskInstance: our_first_dag_v5.second_task scheduled__2022-02-15T00:00:00+00:00 [queued]>
[2022-08-06 22:12:23,472] {taskinstance.py:1376} INFO - 
--------------------------------------------------------------------------------
[2022-08-06 22:12:23,473] {taskinstance.py:1377} INFO - Starting attempt 1 of 6
[2022-08-06 22:12:23,473] {taskinstance.py:1378} INFO - 
--------------------------------------------------------------------------------
[2022-08-06 22:12:23,490] {taskinstance.py:1397} INFO - Executing <Task(BashOperator): second_task> on 2022-02-15 00:00:00+00:00
[2022-08-06 22:12:23,520] {standard_task_runner.py:52} INFO - Started process 1989 to run task
[2022-08-06 22:12:23,524] {standard_task_runner.py:79} INFO - Running: ['***', 'tasks', 'run', 'our_first_dag_v5', 'second_task', 'scheduled__2022-02-15T00:00:00+00:00', '--job-id', '605', '--raw', '--subdir', 'DAGS_FOLDER/pipeline.py', '--cfg-path', '/tmp/tmptvtqxfzl', '--error-file', '/tmp/tmpcvtlc8yw']
[2022-08-06 22:12:23,525] {standard_task_runner.py:80} INFO - Job 605: Subtask second_task
[2022-08-06 22:12:23,625] {task_command.py:371} INFO - Running <TaskInstance: our_first_dag_v5.second_task scheduled__2022-02-15T00:00:00+00:00 [running]> on host 1250c3b659cd
[2022-08-06 22:12:23,732] {taskinstance.py:1591} INFO - Exporting the following env vars:
AIRFLOW_CTX_DAG_OWNER=coder2j
AIRFLOW_CTX_DAG_ID=our_first_dag_v5
AIRFLOW_CTX_TASK_ID=second_task
AIRFLOW_CTX_EXECUTION_DATE=2022-02-15T00:00:00+00:00
AIRFLOW_CTX_TRY_NUMBER=1
AIRFLOW_CTX_DAG_RUN_ID=scheduled__2022-02-15T00:00:00+00:00
[2022-08-06 22:12:23,733] {subprocess.py:62} INFO - Tmp dir root location: 
 /tmp
[2022-08-06 22:12:23,734] {subprocess.py:74} INFO - Running command: ['bash', '-c', 'echo hey, I am task2 and will be running after task1!']
[2022-08-06 22:12:23,753] {subprocess.py:85} INFO - Output:
[2022-08-06 22:12:23,756] {subprocess.py:92} INFO - hey, I am task2 and will be running after task1!
[2022-08-06 22:12:23,756] {subprocess.py:96} INFO - Command exited with return code 0
[2022-08-06 22:12:23,829] {taskinstance.py:1420} INFO - Marking task as SUCCESS. dag_id=our_first_dag_v5, task_id=second_task, execution_date=20220215T000000, start_date=20220806T221223, end_date=20220806T221223
[2022-08-06 22:12:23,856] {local_task_job.py:156} INFO - Task exited with return code 0
[2022-08-06 22:12:23,901] {local_task_job.py:273} INFO - 0 downstream tasks scheduled from follow-on schedule check
[2022-08-06 22:23:43,766] {taskinstance.py:1179} INFO - Dependencies all met for <TaskInstance: our_first_dag_v5.second_task scheduled__2022-02-15T00:00:00+00:00 [queued]>
[2022-08-06 22:23:43,781] {taskinstance.py:1179} INFO - Dependencies all met for <TaskInstance: our_first_dag_v5.second_task scheduled__2022-02-15T00:00:00+00:00 [queued]>
[2022-08-06 22:23:43,781] {taskinstance.py:1376} INFO - 
--------------------------------------------------------------------------------
[2022-08-06 22:23:43,781] {taskinstance.py:1377} INFO - Starting attempt 1 of 6
[2022-08-06 22:23:43,781] {taskinstance.py:1378} INFO - 
--------------------------------------------------------------------------------
[2022-08-06 22:23:43,796] {taskinstance.py:1397} INFO - Executing <Task(BashOperator): second_task> on 2022-02-15 00:00:00+00:00
[2022-08-06 22:23:43,803] {standard_task_runner.py:52} INFO - Started process 2045 to run task
[2022-08-06 22:23:43,806] {standard_task_runner.py:79} INFO - Running: ['***', 'tasks', 'run', 'our_first_dag_v5', 'second_task', 'scheduled__2022-02-15T00:00:00+00:00', '--job-id', '609', '--raw', '--subdir', 'DAGS_FOLDER/pipeline.py', '--cfg-path', '/tmp/tmp2p9r_sih', '--error-file', '/tmp/tmp_z2_rby8']
[2022-08-06 22:23:43,806] {standard_task_runner.py:80} INFO - Job 609: Subtask second_task
[2022-08-06 22:23:43,877] {task_command.py:371} INFO - Running <TaskInstance: our_first_dag_v5.second_task scheduled__2022-02-15T00:00:00+00:00 [running]> on host b215076695c3
[2022-08-06 22:23:43,973] {taskinstance.py:1591} INFO - Exporting the following env vars:
AIRFLOW_CTX_DAG_OWNER=coder2j
AIRFLOW_CTX_DAG_ID=our_first_dag_v5
AIRFLOW_CTX_TASK_ID=second_task
AIRFLOW_CTX_EXECUTION_DATE=2022-02-15T00:00:00+00:00
AIRFLOW_CTX_TRY_NUMBER=1
AIRFLOW_CTX_DAG_RUN_ID=scheduled__2022-02-15T00:00:00+00:00
[2022-08-06 22:23:43,974] {subprocess.py:62} INFO - Tmp dir root location: 
 /tmp
[2022-08-06 22:23:43,975] {subprocess.py:74} INFO - Running command: ['bash', '-c', 'echo hey, I am task2 and will be running after task1!']
[2022-08-06 22:23:43,993] {subprocess.py:85} INFO - Output:
[2022-08-06 22:23:43,995] {subprocess.py:92} INFO - hey, I am task2 and will be running after task1!
[2022-08-06 22:23:43,995] {subprocess.py:96} INFO - Command exited with return code 0
[2022-08-06 22:23:44,026] {taskinstance.py:1420} INFO - Marking task as SUCCESS. dag_id=our_first_dag_v5, task_id=second_task, execution_date=20220215T000000, start_date=20220806T222343, end_date=20220806T222344
[2022-08-06 22:23:44,058] {local_task_job.py:156} INFO - Task exited with return code 0
[2022-08-06 22:23:44,090] {local_task_job.py:273} INFO - 0 downstream tasks scheduled from follow-on schedule check
