[2022-08-06 19:38:46,267] {taskinstance.py:1179} INFO - Dependencies all met for <TaskInstance: our_first_dag_v5.thrid_task scheduled__2022-04-25T00:00:00+00:00 [queued]>
[2022-08-06 19:38:46,288] {taskinstance.py:1179} INFO - Dependencies all met for <TaskInstance: our_first_dag_v5.thrid_task scheduled__2022-04-25T00:00:00+00:00 [queued]>
[2022-08-06 19:38:46,289] {taskinstance.py:1376} INFO - 
--------------------------------------------------------------------------------
[2022-08-06 19:38:46,289] {taskinstance.py:1377} INFO - Starting attempt 1 of 6
[2022-08-06 19:38:46,289] {taskinstance.py:1378} INFO - 
--------------------------------------------------------------------------------
[2022-08-06 19:38:46,316] {taskinstance.py:1397} INFO - Executing <Task(BashOperator): thrid_task> on 2022-04-25 00:00:00+00:00
[2022-08-06 19:38:46,325] {standard_task_runner.py:52} INFO - Started process 2651 to run task
[2022-08-06 19:38:46,328] {standard_task_runner.py:79} INFO - Running: ['***', 'tasks', 'run', 'our_first_dag_v5', 'thrid_task', 'scheduled__2022-04-25T00:00:00+00:00', '--job-id', '815', '--raw', '--subdir', 'DAGS_FOLDER/pipeline.py', '--cfg-path', '/tmp/tmpy_xztvsk', '--error-file', '/tmp/tmpey40_1tw']
[2022-08-06 19:38:46,329] {standard_task_runner.py:80} INFO - Job 815: Subtask thrid_task
[2022-08-06 19:38:46,433] {task_command.py:371} INFO - Running <TaskInstance: our_first_dag_v5.thrid_task scheduled__2022-04-25T00:00:00+00:00 [running]> on host b29c168c1666
[2022-08-06 19:38:46,539] {taskinstance.py:1591} INFO - Exporting the following env vars:
AIRFLOW_CTX_DAG_OWNER=coder2j
AIRFLOW_CTX_DAG_ID=our_first_dag_v5
AIRFLOW_CTX_TASK_ID=thrid_task
AIRFLOW_CTX_EXECUTION_DATE=2022-04-25T00:00:00+00:00
AIRFLOW_CTX_TRY_NUMBER=1
AIRFLOW_CTX_DAG_RUN_ID=scheduled__2022-04-25T00:00:00+00:00
[2022-08-06 19:38:46,540] {subprocess.py:62} INFO - Tmp dir root location: 
 /tmp
[2022-08-06 19:38:46,541] {subprocess.py:74} INFO - Running command: ['bash', '-c', 'echo hey, I am task3 and will be running after task1 at the same time as task2!']
[2022-08-06 19:38:46,552] {subprocess.py:85} INFO - Output:
[2022-08-06 19:38:46,554] {subprocess.py:92} INFO - hey, I am task3 and will be running after task1 at the same time as task2!
[2022-08-06 19:38:46,554] {subprocess.py:96} INFO - Command exited with return code 0
[2022-08-06 19:38:46,591] {taskinstance.py:1420} INFO - Marking task as SUCCESS. dag_id=our_first_dag_v5, task_id=thrid_task, execution_date=20220425T000000, start_date=20220806T193846, end_date=20220806T193846
[2022-08-06 19:38:46,622] {local_task_job.py:156} INFO - Task exited with return code 0
[2022-08-06 19:38:46,669] {local_task_job.py:273} INFO - 0 downstream tasks scheduled from follow-on schedule check
[2022-08-06 21:52:36,339] {taskinstance.py:1179} INFO - Dependencies all met for <TaskInstance: our_first_dag_v5.thrid_task scheduled__2022-04-25T00:00:00+00:00 [queued]>
[2022-08-06 21:52:36,354] {taskinstance.py:1179} INFO - Dependencies all met for <TaskInstance: our_first_dag_v5.thrid_task scheduled__2022-04-25T00:00:00+00:00 [queued]>
[2022-08-06 21:52:36,354] {taskinstance.py:1376} INFO - 
--------------------------------------------------------------------------------
[2022-08-06 21:52:36,354] {taskinstance.py:1377} INFO - Starting attempt 1 of 6
[2022-08-06 21:52:36,354] {taskinstance.py:1378} INFO - 
--------------------------------------------------------------------------------
[2022-08-06 21:52:36,375] {taskinstance.py:1397} INFO - Executing <Task(BashOperator): thrid_task> on 2022-04-25 00:00:00+00:00
[2022-08-06 21:52:36,382] {standard_task_runner.py:52} INFO - Started process 2836 to run task
[2022-08-06 21:52:36,385] {standard_task_runner.py:79} INFO - Running: ['***', 'tasks', 'run', 'our_first_dag_v5', 'thrid_task', 'scheduled__2022-04-25T00:00:00+00:00', '--job-id', '814', '--raw', '--subdir', 'DAGS_FOLDER/pipeline.py', '--cfg-path', '/tmp/tmp5gq5g630', '--error-file', '/tmp/tmphs9sj2q3']
[2022-08-06 21:52:36,386] {standard_task_runner.py:80} INFO - Job 814: Subtask thrid_task
[2022-08-06 21:52:36,473] {task_command.py:371} INFO - Running <TaskInstance: our_first_dag_v5.thrid_task scheduled__2022-04-25T00:00:00+00:00 [running]> on host c3f731879890
[2022-08-06 21:52:36,589] {taskinstance.py:1591} INFO - Exporting the following env vars:
AIRFLOW_CTX_DAG_OWNER=coder2j
AIRFLOW_CTX_DAG_ID=our_first_dag_v5
AIRFLOW_CTX_TASK_ID=thrid_task
AIRFLOW_CTX_EXECUTION_DATE=2022-04-25T00:00:00+00:00
AIRFLOW_CTX_TRY_NUMBER=1
AIRFLOW_CTX_DAG_RUN_ID=scheduled__2022-04-25T00:00:00+00:00
[2022-08-06 21:52:36,591] {subprocess.py:62} INFO - Tmp dir root location: 
 /tmp
[2022-08-06 21:52:36,592] {subprocess.py:74} INFO - Running command: ['bash', '-c', 'echo hey, I am task3 and will be running after task1 at the same time as task2!']
[2022-08-06 21:52:36,609] {subprocess.py:85} INFO - Output:
[2022-08-06 21:52:36,611] {subprocess.py:92} INFO - hey, I am task3 and will be running after task1 at the same time as task2!
[2022-08-06 21:52:36,612] {subprocess.py:96} INFO - Command exited with return code 0
[2022-08-06 21:52:36,666] {taskinstance.py:1420} INFO - Marking task as SUCCESS. dag_id=our_first_dag_v5, task_id=thrid_task, execution_date=20220425T000000, start_date=20220806T215236, end_date=20220806T215236
[2022-08-06 21:52:36,717] {local_task_job.py:156} INFO - Task exited with return code 0
[2022-08-06 21:52:36,776] {local_task_job.py:273} INFO - 0 downstream tasks scheduled from follow-on schedule check
[2022-08-06 21:58:01,317] {taskinstance.py:1179} INFO - Dependencies all met for <TaskInstance: our_first_dag_v5.thrid_task scheduled__2022-04-25T00:00:00+00:00 [queued]>
[2022-08-06 21:58:01,329] {taskinstance.py:1179} INFO - Dependencies all met for <TaskInstance: our_first_dag_v5.thrid_task scheduled__2022-04-25T00:00:00+00:00 [queued]>
[2022-08-06 21:58:01,329] {taskinstance.py:1376} INFO - 
--------------------------------------------------------------------------------
[2022-08-06 21:58:01,329] {taskinstance.py:1377} INFO - Starting attempt 1 of 6
[2022-08-06 21:58:01,329] {taskinstance.py:1378} INFO - 
--------------------------------------------------------------------------------
[2022-08-06 21:58:01,346] {taskinstance.py:1397} INFO - Executing <Task(BashOperator): thrid_task> on 2022-04-25 00:00:00+00:00
[2022-08-06 21:58:01,352] {standard_task_runner.py:52} INFO - Started process 2627 to run task
[2022-08-06 21:58:01,355] {standard_task_runner.py:79} INFO - Running: ['***', 'tasks', 'run', 'our_first_dag_v5', 'thrid_task', 'scheduled__2022-04-25T00:00:00+00:00', '--job-id', '812', '--raw', '--subdir', 'DAGS_FOLDER/pipeline.py', '--cfg-path', '/tmp/tmp7oe2zun9', '--error-file', '/tmp/tmpgyce3_cw']
[2022-08-06 21:58:01,355] {standard_task_runner.py:80} INFO - Job 812: Subtask thrid_task
[2022-08-06 21:58:01,417] {task_command.py:371} INFO - Running <TaskInstance: our_first_dag_v5.thrid_task scheduled__2022-04-25T00:00:00+00:00 [running]> on host bc7e154a4fdd
[2022-08-06 21:58:01,494] {taskinstance.py:1591} INFO - Exporting the following env vars:
AIRFLOW_CTX_DAG_OWNER=coder2j
AIRFLOW_CTX_DAG_ID=our_first_dag_v5
AIRFLOW_CTX_TASK_ID=thrid_task
AIRFLOW_CTX_EXECUTION_DATE=2022-04-25T00:00:00+00:00
AIRFLOW_CTX_TRY_NUMBER=1
AIRFLOW_CTX_DAG_RUN_ID=scheduled__2022-04-25T00:00:00+00:00
[2022-08-06 21:58:01,495] {subprocess.py:62} INFO - Tmp dir root location: 
 /tmp
[2022-08-06 21:58:01,495] {subprocess.py:74} INFO - Running command: ['bash', '-c', 'echo hey, I am task3 and will be running after task1 at the same time as task2!']
[2022-08-06 21:58:01,508] {subprocess.py:85} INFO - Output:
[2022-08-06 21:58:01,510] {subprocess.py:92} INFO - hey, I am task3 and will be running after task1 at the same time as task2!
[2022-08-06 21:58:01,510] {subprocess.py:96} INFO - Command exited with return code 0
[2022-08-06 21:58:01,540] {taskinstance.py:1420} INFO - Marking task as SUCCESS. dag_id=our_first_dag_v5, task_id=thrid_task, execution_date=20220425T000000, start_date=20220806T215801, end_date=20220806T215801
[2022-08-06 21:58:01,567] {local_task_job.py:156} INFO - Task exited with return code 0
[2022-08-06 21:58:01,596] {local_task_job.py:273} INFO - 0 downstream tasks scheduled from follow-on schedule check
[2022-08-06 22:13:05,199] {taskinstance.py:1179} INFO - Dependencies all met for <TaskInstance: our_first_dag_v5.thrid_task scheduled__2022-04-25T00:00:00+00:00 [queued]>
[2022-08-06 22:13:05,213] {taskinstance.py:1179} INFO - Dependencies all met for <TaskInstance: our_first_dag_v5.thrid_task scheduled__2022-04-25T00:00:00+00:00 [queued]>
[2022-08-06 22:13:05,213] {taskinstance.py:1376} INFO - 
--------------------------------------------------------------------------------
[2022-08-06 22:13:05,213] {taskinstance.py:1377} INFO - Starting attempt 1 of 6
[2022-08-06 22:13:05,213] {taskinstance.py:1378} INFO - 
--------------------------------------------------------------------------------
[2022-08-06 22:13:05,229] {taskinstance.py:1397} INFO - Executing <Task(BashOperator): thrid_task> on 2022-04-25 00:00:00+00:00
[2022-08-06 22:13:05,236] {standard_task_runner.py:52} INFO - Started process 2647 to run task
[2022-08-06 22:13:05,238] {standard_task_runner.py:79} INFO - Running: ['***', 'tasks', 'run', 'our_first_dag_v5', 'thrid_task', 'scheduled__2022-04-25T00:00:00+00:00', '--job-id', '815', '--raw', '--subdir', 'DAGS_FOLDER/pipeline.py', '--cfg-path', '/tmp/tmp1k3vfhlf', '--error-file', '/tmp/tmpqp2pfuxs']
[2022-08-06 22:13:05,238] {standard_task_runner.py:80} INFO - Job 815: Subtask thrid_task
[2022-08-06 22:13:05,332] {task_command.py:371} INFO - Running <TaskInstance: our_first_dag_v5.thrid_task scheduled__2022-04-25T00:00:00+00:00 [running]> on host 1250c3b659cd
[2022-08-06 22:13:05,438] {taskinstance.py:1591} INFO - Exporting the following env vars:
AIRFLOW_CTX_DAG_OWNER=coder2j
AIRFLOW_CTX_DAG_ID=our_first_dag_v5
AIRFLOW_CTX_TASK_ID=thrid_task
AIRFLOW_CTX_EXECUTION_DATE=2022-04-25T00:00:00+00:00
AIRFLOW_CTX_TRY_NUMBER=1
AIRFLOW_CTX_DAG_RUN_ID=scheduled__2022-04-25T00:00:00+00:00
[2022-08-06 22:13:05,439] {subprocess.py:62} INFO - Tmp dir root location: 
 /tmp
[2022-08-06 22:13:05,440] {subprocess.py:74} INFO - Running command: ['bash', '-c', 'echo hey, I am task3 and will be running after task1 at the same time as task2!']
[2022-08-06 22:13:05,456] {subprocess.py:85} INFO - Output:
[2022-08-06 22:13:05,458] {subprocess.py:92} INFO - hey, I am task3 and will be running after task1 at the same time as task2!
[2022-08-06 22:13:05,459] {subprocess.py:96} INFO - Command exited with return code 0
[2022-08-06 22:13:05,541] {taskinstance.py:1420} INFO - Marking task as SUCCESS. dag_id=our_first_dag_v5, task_id=thrid_task, execution_date=20220425T000000, start_date=20220806T221305, end_date=20220806T221305
[2022-08-06 22:13:05,572] {local_task_job.py:156} INFO - Task exited with return code 0
[2022-08-06 22:13:05,620] {local_task_job.py:273} INFO - 0 downstream tasks scheduled from follow-on schedule check
[2022-08-06 22:24:21,327] {taskinstance.py:1179} INFO - Dependencies all met for <TaskInstance: our_first_dag_v5.thrid_task scheduled__2022-04-25T00:00:00+00:00 [queued]>
[2022-08-06 22:24:21,339] {taskinstance.py:1179} INFO - Dependencies all met for <TaskInstance: our_first_dag_v5.thrid_task scheduled__2022-04-25T00:00:00+00:00 [queued]>
[2022-08-06 22:24:21,339] {taskinstance.py:1376} INFO - 
--------------------------------------------------------------------------------
[2022-08-06 22:24:21,340] {taskinstance.py:1377} INFO - Starting attempt 1 of 6
[2022-08-06 22:24:21,340] {taskinstance.py:1378} INFO - 
--------------------------------------------------------------------------------
[2022-08-06 22:24:21,357] {taskinstance.py:1397} INFO - Executing <Task(BashOperator): thrid_task> on 2022-04-25 00:00:00+00:00
[2022-08-06 22:24:21,364] {standard_task_runner.py:52} INFO - Started process 2692 to run task
[2022-08-06 22:24:21,367] {standard_task_runner.py:79} INFO - Running: ['***', 'tasks', 'run', 'our_first_dag_v5', 'thrid_task', 'scheduled__2022-04-25T00:00:00+00:00', '--job-id', '816', '--raw', '--subdir', 'DAGS_FOLDER/pipeline.py', '--cfg-path', '/tmp/tmpzx_j6nup', '--error-file', '/tmp/tmpzlrtdq1j']
[2022-08-06 22:24:21,368] {standard_task_runner.py:80} INFO - Job 816: Subtask thrid_task
[2022-08-06 22:24:21,450] {task_command.py:371} INFO - Running <TaskInstance: our_first_dag_v5.thrid_task scheduled__2022-04-25T00:00:00+00:00 [running]> on host b215076695c3
[2022-08-06 22:24:21,584] {taskinstance.py:1591} INFO - Exporting the following env vars:
AIRFLOW_CTX_DAG_OWNER=coder2j
AIRFLOW_CTX_DAG_ID=our_first_dag_v5
AIRFLOW_CTX_TASK_ID=thrid_task
AIRFLOW_CTX_EXECUTION_DATE=2022-04-25T00:00:00+00:00
AIRFLOW_CTX_TRY_NUMBER=1
AIRFLOW_CTX_DAG_RUN_ID=scheduled__2022-04-25T00:00:00+00:00
[2022-08-06 22:24:21,585] {subprocess.py:62} INFO - Tmp dir root location: 
 /tmp
[2022-08-06 22:24:21,585] {subprocess.py:74} INFO - Running command: ['bash', '-c', 'echo hey, I am task3 and will be running after task1 at the same time as task2!']
[2022-08-06 22:24:21,601] {subprocess.py:85} INFO - Output:
[2022-08-06 22:24:21,603] {subprocess.py:92} INFO - hey, I am task3 and will be running after task1 at the same time as task2!
[2022-08-06 22:24:21,603] {subprocess.py:96} INFO - Command exited with return code 0
[2022-08-06 22:24:21,642] {taskinstance.py:1420} INFO - Marking task as SUCCESS. dag_id=our_first_dag_v5, task_id=thrid_task, execution_date=20220425T000000, start_date=20220806T222421, end_date=20220806T222421
[2022-08-06 22:24:21,699] {local_task_job.py:156} INFO - Task exited with return code 0
[2022-08-06 22:24:21,740] {local_task_job.py:273} INFO - 0 downstream tasks scheduled from follow-on schedule check
