[2022-08-06 19:39:19,489] {taskinstance.py:1179} INFO - Dependencies all met for <TaskInstance: our_first_dag_v5.first_task scheduled__2022-06-22T00:00:00+00:00 [queued]>
[2022-08-06 19:39:19,505] {taskinstance.py:1179} INFO - Dependencies all met for <TaskInstance: our_first_dag_v5.first_task scheduled__2022-06-22T00:00:00+00:00 [queued]>
[2022-08-06 19:39:19,505] {taskinstance.py:1376} INFO - 
--------------------------------------------------------------------------------
[2022-08-06 19:39:19,505] {taskinstance.py:1377} INFO - Starting attempt 1 of 6
[2022-08-06 19:39:19,506] {taskinstance.py:1378} INFO - 
--------------------------------------------------------------------------------
[2022-08-06 19:39:19,529] {taskinstance.py:1397} INFO - Executing <Task(BashOperator): first_task> on 2022-06-22 00:00:00+00:00
[2022-08-06 19:39:19,537] {standard_task_runner.py:52} INFO - Started process 3169 to run task
[2022-08-06 19:39:19,540] {standard_task_runner.py:79} INFO - Running: ['***', 'tasks', 'run', 'our_first_dag_v5', 'first_task', 'scheduled__2022-06-22T00:00:00+00:00', '--job-id', '978', '--raw', '--subdir', 'DAGS_FOLDER/pipeline.py', '--cfg-path', '/tmp/tmpfmgwqre6', '--error-file', '/tmp/tmptda7n6r5']
[2022-08-06 19:39:19,541] {standard_task_runner.py:80} INFO - Job 978: Subtask first_task
[2022-08-06 19:39:19,626] {task_command.py:371} INFO - Running <TaskInstance: our_first_dag_v5.first_task scheduled__2022-06-22T00:00:00+00:00 [running]> on host b29c168c1666
[2022-08-06 19:39:19,723] {taskinstance.py:1591} INFO - Exporting the following env vars:
AIRFLOW_CTX_DAG_OWNER=coder2j
AIRFLOW_CTX_DAG_ID=our_first_dag_v5
AIRFLOW_CTX_TASK_ID=first_task
AIRFLOW_CTX_EXECUTION_DATE=2022-06-22T00:00:00+00:00
AIRFLOW_CTX_TRY_NUMBER=1
AIRFLOW_CTX_DAG_RUN_ID=scheduled__2022-06-22T00:00:00+00:00
[2022-08-06 19:39:19,724] {subprocess.py:62} INFO - Tmp dir root location: 
 /tmp
[2022-08-06 19:39:19,725] {subprocess.py:74} INFO - Running command: ['bash', '-c', 'echo hello world, this is the first task!']
[2022-08-06 19:39:19,740] {subprocess.py:85} INFO - Output:
[2022-08-06 19:39:19,742] {subprocess.py:92} INFO - hello world, this is the first task!
[2022-08-06 19:39:19,742] {subprocess.py:96} INFO - Command exited with return code 0
[2022-08-06 19:39:19,788] {taskinstance.py:1420} INFO - Marking task as SUCCESS. dag_id=our_first_dag_v5, task_id=first_task, execution_date=20220622T000000, start_date=20220806T193919, end_date=20220806T193919
[2022-08-06 19:39:19,832] {local_task_job.py:156} INFO - Task exited with return code 0
[2022-08-06 19:39:19,884] {local_task_job.py:273} INFO - 2 downstream tasks scheduled from follow-on schedule check
[2022-08-06 21:53:11,025] {taskinstance.py:1179} INFO - Dependencies all met for <TaskInstance: our_first_dag_v5.first_task scheduled__2022-06-22T00:00:00+00:00 [queued]>
[2022-08-06 21:53:11,038] {taskinstance.py:1179} INFO - Dependencies all met for <TaskInstance: our_first_dag_v5.first_task scheduled__2022-06-22T00:00:00+00:00 [queued]>
[2022-08-06 21:53:11,039] {taskinstance.py:1376} INFO - 
--------------------------------------------------------------------------------
[2022-08-06 21:53:11,039] {taskinstance.py:1377} INFO - Starting attempt 1 of 6
[2022-08-06 21:53:11,039] {taskinstance.py:1378} INFO - 
--------------------------------------------------------------------------------
[2022-08-06 21:53:11,055] {taskinstance.py:1397} INFO - Executing <Task(BashOperator): first_task> on 2022-06-22 00:00:00+00:00
[2022-08-06 21:53:11,061] {standard_task_runner.py:52} INFO - Started process 3346 to run task
[2022-08-06 21:53:11,064] {standard_task_runner.py:79} INFO - Running: ['***', 'tasks', 'run', 'our_first_dag_v5', 'first_task', 'scheduled__2022-06-22T00:00:00+00:00', '--job-id', '976', '--raw', '--subdir', 'DAGS_FOLDER/pipeline.py', '--cfg-path', '/tmp/tmp93e6d0_u', '--error-file', '/tmp/tmpd35wygjh']
[2022-08-06 21:53:11,064] {standard_task_runner.py:80} INFO - Job 976: Subtask first_task
[2022-08-06 21:53:11,158] {task_command.py:371} INFO - Running <TaskInstance: our_first_dag_v5.first_task scheduled__2022-06-22T00:00:00+00:00 [running]> on host c3f731879890
[2022-08-06 21:53:11,280] {taskinstance.py:1591} INFO - Exporting the following env vars:
AIRFLOW_CTX_DAG_OWNER=coder2j
AIRFLOW_CTX_DAG_ID=our_first_dag_v5
AIRFLOW_CTX_TASK_ID=first_task
AIRFLOW_CTX_EXECUTION_DATE=2022-06-22T00:00:00+00:00
AIRFLOW_CTX_TRY_NUMBER=1
AIRFLOW_CTX_DAG_RUN_ID=scheduled__2022-06-22T00:00:00+00:00
[2022-08-06 21:53:11,281] {subprocess.py:62} INFO - Tmp dir root location: 
 /tmp
[2022-08-06 21:53:11,282] {subprocess.py:74} INFO - Running command: ['bash', '-c', 'echo hello world, this is the first task!']
[2022-08-06 21:53:11,300] {subprocess.py:85} INFO - Output:
[2022-08-06 21:53:11,302] {subprocess.py:92} INFO - hello world, this is the first task!
[2022-08-06 21:53:11,303] {subprocess.py:96} INFO - Command exited with return code 0
[2022-08-06 21:53:11,339] {taskinstance.py:1420} INFO - Marking task as SUCCESS. dag_id=our_first_dag_v5, task_id=first_task, execution_date=20220622T000000, start_date=20220806T215311, end_date=20220806T215311
[2022-08-06 21:53:11,359] {local_task_job.py:156} INFO - Task exited with return code 0
[2022-08-06 21:53:11,402] {local_task_job.py:273} INFO - 2 downstream tasks scheduled from follow-on schedule check
[2022-08-06 21:58:38,444] {taskinstance.py:1179} INFO - Dependencies all met for <TaskInstance: our_first_dag_v5.first_task scheduled__2022-06-22T00:00:00+00:00 [queued]>
[2022-08-06 21:58:38,455] {taskinstance.py:1179} INFO - Dependencies all met for <TaskInstance: our_first_dag_v5.first_task scheduled__2022-06-22T00:00:00+00:00 [queued]>
[2022-08-06 21:58:38,455] {taskinstance.py:1376} INFO - 
--------------------------------------------------------------------------------
[2022-08-06 21:58:38,455] {taskinstance.py:1377} INFO - Starting attempt 1 of 6
[2022-08-06 21:58:38,455] {taskinstance.py:1378} INFO - 
--------------------------------------------------------------------------------
[2022-08-06 21:58:38,471] {taskinstance.py:1397} INFO - Executing <Task(BashOperator): first_task> on 2022-06-22 00:00:00+00:00
[2022-08-06 21:58:38,478] {standard_task_runner.py:52} INFO - Started process 3159 to run task
[2022-08-06 21:58:38,480] {standard_task_runner.py:79} INFO - Running: ['***', 'tasks', 'run', 'our_first_dag_v5', 'first_task', 'scheduled__2022-06-22T00:00:00+00:00', '--job-id', '980', '--raw', '--subdir', 'DAGS_FOLDER/pipeline.py', '--cfg-path', '/tmp/tmpx1vbua9u', '--error-file', '/tmp/tmpssv7v1kd']
[2022-08-06 21:58:38,480] {standard_task_runner.py:80} INFO - Job 980: Subtask first_task
[2022-08-06 21:58:38,542] {task_command.py:371} INFO - Running <TaskInstance: our_first_dag_v5.first_task scheduled__2022-06-22T00:00:00+00:00 [running]> on host bc7e154a4fdd
[2022-08-06 21:58:38,637] {taskinstance.py:1591} INFO - Exporting the following env vars:
AIRFLOW_CTX_DAG_OWNER=coder2j
AIRFLOW_CTX_DAG_ID=our_first_dag_v5
AIRFLOW_CTX_TASK_ID=first_task
AIRFLOW_CTX_EXECUTION_DATE=2022-06-22T00:00:00+00:00
AIRFLOW_CTX_TRY_NUMBER=1
AIRFLOW_CTX_DAG_RUN_ID=scheduled__2022-06-22T00:00:00+00:00
[2022-08-06 21:58:38,638] {subprocess.py:62} INFO - Tmp dir root location: 
 /tmp
[2022-08-06 21:58:38,638] {subprocess.py:74} INFO - Running command: ['bash', '-c', 'echo hello world, this is the first task!']
[2022-08-06 21:58:38,655] {subprocess.py:85} INFO - Output:
[2022-08-06 21:58:38,657] {subprocess.py:92} INFO - hello world, this is the first task!
[2022-08-06 21:58:38,658] {subprocess.py:96} INFO - Command exited with return code 0
[2022-08-06 21:58:38,690] {taskinstance.py:1420} INFO - Marking task as SUCCESS. dag_id=our_first_dag_v5, task_id=first_task, execution_date=20220622T000000, start_date=20220806T215838, end_date=20220806T215838
[2022-08-06 21:58:38,731] {local_task_job.py:156} INFO - Task exited with return code 0
[2022-08-06 21:58:38,778] {local_task_job.py:273} INFO - 0 downstream tasks scheduled from follow-on schedule check
[2022-08-06 22:13:36,129] {taskinstance.py:1179} INFO - Dependencies all met for <TaskInstance: our_first_dag_v5.first_task scheduled__2022-06-22T00:00:00+00:00 [queued]>
[2022-08-06 22:13:36,145] {taskinstance.py:1179} INFO - Dependencies all met for <TaskInstance: our_first_dag_v5.first_task scheduled__2022-06-22T00:00:00+00:00 [queued]>
[2022-08-06 22:13:36,145] {taskinstance.py:1376} INFO - 
--------------------------------------------------------------------------------
[2022-08-06 22:13:36,145] {taskinstance.py:1377} INFO - Starting attempt 1 of 6
[2022-08-06 22:13:36,145] {taskinstance.py:1378} INFO - 
--------------------------------------------------------------------------------
[2022-08-06 22:13:36,163] {taskinstance.py:1397} INFO - Executing <Task(BashOperator): first_task> on 2022-06-22 00:00:00+00:00
[2022-08-06 22:13:36,170] {standard_task_runner.py:52} INFO - Started process 3162 to run task
[2022-08-06 22:13:36,173] {standard_task_runner.py:79} INFO - Running: ['***', 'tasks', 'run', 'our_first_dag_v5', 'first_task', 'scheduled__2022-06-22T00:00:00+00:00', '--job-id', '978', '--raw', '--subdir', 'DAGS_FOLDER/pipeline.py', '--cfg-path', '/tmp/tmp5ds9l5hy', '--error-file', '/tmp/tmp85znhfk7']
[2022-08-06 22:13:36,173] {standard_task_runner.py:80} INFO - Job 978: Subtask first_task
[2022-08-06 22:13:36,239] {task_command.py:371} INFO - Running <TaskInstance: our_first_dag_v5.first_task scheduled__2022-06-22T00:00:00+00:00 [running]> on host 1250c3b659cd
[2022-08-06 22:13:36,313] {taskinstance.py:1591} INFO - Exporting the following env vars:
AIRFLOW_CTX_DAG_OWNER=coder2j
AIRFLOW_CTX_DAG_ID=our_first_dag_v5
AIRFLOW_CTX_TASK_ID=first_task
AIRFLOW_CTX_EXECUTION_DATE=2022-06-22T00:00:00+00:00
AIRFLOW_CTX_TRY_NUMBER=1
AIRFLOW_CTX_DAG_RUN_ID=scheduled__2022-06-22T00:00:00+00:00
[2022-08-06 22:13:36,314] {subprocess.py:62} INFO - Tmp dir root location: 
 /tmp
[2022-08-06 22:13:36,315] {subprocess.py:74} INFO - Running command: ['bash', '-c', 'echo hello world, this is the first task!']
[2022-08-06 22:13:36,328] {subprocess.py:85} INFO - Output:
[2022-08-06 22:13:36,329] {subprocess.py:92} INFO - hello world, this is the first task!
[2022-08-06 22:13:36,330] {subprocess.py:96} INFO - Command exited with return code 0
[2022-08-06 22:13:36,365] {taskinstance.py:1420} INFO - Marking task as SUCCESS. dag_id=our_first_dag_v5, task_id=first_task, execution_date=20220622T000000, start_date=20220806T221336, end_date=20220806T221336
[2022-08-06 22:13:36,424] {local_task_job.py:156} INFO - Task exited with return code 0
[2022-08-06 22:13:36,471] {local_task_job.py:273} INFO - 2 downstream tasks scheduled from follow-on schedule check
[2022-08-06 22:24:55,866] {taskinstance.py:1179} INFO - Dependencies all met for <TaskInstance: our_first_dag_v5.first_task scheduled__2022-06-22T00:00:00+00:00 [queued]>
[2022-08-06 22:24:55,878] {taskinstance.py:1179} INFO - Dependencies all met for <TaskInstance: our_first_dag_v5.first_task scheduled__2022-06-22T00:00:00+00:00 [queued]>
[2022-08-06 22:24:55,878] {taskinstance.py:1376} INFO - 
--------------------------------------------------------------------------------
[2022-08-06 22:24:55,878] {taskinstance.py:1377} INFO - Starting attempt 1 of 6
[2022-08-06 22:24:55,878] {taskinstance.py:1378} INFO - 
--------------------------------------------------------------------------------
[2022-08-06 22:24:55,893] {taskinstance.py:1397} INFO - Executing <Task(BashOperator): first_task> on 2022-06-22 00:00:00+00:00
[2022-08-06 22:24:55,899] {standard_task_runner.py:52} INFO - Started process 3226 to run task
[2022-08-06 22:24:55,901] {standard_task_runner.py:79} INFO - Running: ['***', 'tasks', 'run', 'our_first_dag_v5', 'first_task', 'scheduled__2022-06-22T00:00:00+00:00', '--job-id', '985', '--raw', '--subdir', 'DAGS_FOLDER/pipeline.py', '--cfg-path', '/tmp/tmpt6y8whnm', '--error-file', '/tmp/tmp77y21b7e']
[2022-08-06 22:24:55,902] {standard_task_runner.py:80} INFO - Job 985: Subtask first_task
[2022-08-06 22:24:55,962] {task_command.py:371} INFO - Running <TaskInstance: our_first_dag_v5.first_task scheduled__2022-06-22T00:00:00+00:00 [running]> on host b215076695c3
[2022-08-06 22:24:56,043] {taskinstance.py:1591} INFO - Exporting the following env vars:
AIRFLOW_CTX_DAG_OWNER=coder2j
AIRFLOW_CTX_DAG_ID=our_first_dag_v5
AIRFLOW_CTX_TASK_ID=first_task
AIRFLOW_CTX_EXECUTION_DATE=2022-06-22T00:00:00+00:00
AIRFLOW_CTX_TRY_NUMBER=1
AIRFLOW_CTX_DAG_RUN_ID=scheduled__2022-06-22T00:00:00+00:00
[2022-08-06 22:24:56,043] {subprocess.py:62} INFO - Tmp dir root location: 
 /tmp
[2022-08-06 22:24:56,044] {subprocess.py:74} INFO - Running command: ['bash', '-c', 'echo hello world, this is the first task!']
[2022-08-06 22:24:56,057] {subprocess.py:85} INFO - Output:
[2022-08-06 22:24:56,059] {subprocess.py:92} INFO - hello world, this is the first task!
[2022-08-06 22:24:56,059] {subprocess.py:96} INFO - Command exited with return code 0
[2022-08-06 22:24:56,095] {taskinstance.py:1420} INFO - Marking task as SUCCESS. dag_id=our_first_dag_v5, task_id=first_task, execution_date=20220622T000000, start_date=20220806T222455, end_date=20220806T222456
[2022-08-06 22:24:56,153] {local_task_job.py:156} INFO - Task exited with return code 0
[2022-08-06 22:24:56,193] {local_task_job.py:273} INFO - 2 downstream tasks scheduled from follow-on schedule check
