[2022-08-06 19:38:27,456] {taskinstance.py:1179} INFO - Dependencies all met for <TaskInstance: our_first_dag_v5.second_task scheduled__2022-03-22T00:00:00+00:00 [queued]>
[2022-08-06 19:38:27,469] {taskinstance.py:1179} INFO - Dependencies all met for <TaskInstance: our_first_dag_v5.second_task scheduled__2022-03-22T00:00:00+00:00 [queued]>
[2022-08-06 19:38:27,469] {taskinstance.py:1376} INFO - 
--------------------------------------------------------------------------------
[2022-08-06 19:38:27,469] {taskinstance.py:1377} INFO - Starting attempt 1 of 6
[2022-08-06 19:38:27,469] {taskinstance.py:1378} INFO - 
--------------------------------------------------------------------------------
[2022-08-06 19:38:27,490] {taskinstance.py:1397} INFO - Executing <Task(BashOperator): second_task> on 2022-03-22 00:00:00+00:00
[2022-08-06 19:38:27,496] {standard_task_runner.py:52} INFO - Started process 2331 to run task
[2022-08-06 19:38:27,499] {standard_task_runner.py:79} INFO - Running: ['***', 'tasks', 'run', 'our_first_dag_v5', 'second_task', 'scheduled__2022-03-22T00:00:00+00:00', '--job-id', '712', '--raw', '--subdir', 'DAGS_FOLDER/pipeline.py', '--cfg-path', '/tmp/tmp44nazojm', '--error-file', '/tmp/tmpmmcj2ohj']
[2022-08-06 19:38:27,499] {standard_task_runner.py:80} INFO - Job 712: Subtask second_task
[2022-08-06 19:38:27,587] {task_command.py:371} INFO - Running <TaskInstance: our_first_dag_v5.second_task scheduled__2022-03-22T00:00:00+00:00 [running]> on host b29c168c1666
[2022-08-06 19:38:27,688] {taskinstance.py:1591} INFO - Exporting the following env vars:
AIRFLOW_CTX_DAG_OWNER=coder2j
AIRFLOW_CTX_DAG_ID=our_first_dag_v5
AIRFLOW_CTX_TASK_ID=second_task
AIRFLOW_CTX_EXECUTION_DATE=2022-03-22T00:00:00+00:00
AIRFLOW_CTX_TRY_NUMBER=1
AIRFLOW_CTX_DAG_RUN_ID=scheduled__2022-03-22T00:00:00+00:00
[2022-08-06 19:38:27,689] {subprocess.py:62} INFO - Tmp dir root location: 
 /tmp
[2022-08-06 19:38:27,690] {subprocess.py:74} INFO - Running command: ['bash', '-c', 'echo hey, I am task2 and will be running after task1!']
[2022-08-06 19:38:27,709] {subprocess.py:85} INFO - Output:
[2022-08-06 19:38:27,711] {subprocess.py:92} INFO - hey, I am task2 and will be running after task1!
[2022-08-06 19:38:27,712] {subprocess.py:96} INFO - Command exited with return code 0
[2022-08-06 19:38:27,761] {taskinstance.py:1420} INFO - Marking task as SUCCESS. dag_id=our_first_dag_v5, task_id=second_task, execution_date=20220322T000000, start_date=20220806T193827, end_date=20220806T193827
[2022-08-06 19:38:27,796] {local_task_job.py:156} INFO - Task exited with return code 0
[2022-08-06 19:38:27,844] {local_task_job.py:273} INFO - 0 downstream tasks scheduled from follow-on schedule check
[2022-08-06 21:52:19,856] {taskinstance.py:1179} INFO - Dependencies all met for <TaskInstance: our_first_dag_v5.second_task scheduled__2022-03-22T00:00:00+00:00 [queued]>
[2022-08-06 21:52:19,871] {taskinstance.py:1179} INFO - Dependencies all met for <TaskInstance: our_first_dag_v5.second_task scheduled__2022-03-22T00:00:00+00:00 [queued]>
[2022-08-06 21:52:19,871] {taskinstance.py:1376} INFO - 
--------------------------------------------------------------------------------
[2022-08-06 21:52:19,872] {taskinstance.py:1377} INFO - Starting attempt 1 of 6
[2022-08-06 21:52:19,872] {taskinstance.py:1378} INFO - 
--------------------------------------------------------------------------------
[2022-08-06 21:52:19,889] {taskinstance.py:1397} INFO - Executing <Task(BashOperator): second_task> on 2022-03-22 00:00:00+00:00
[2022-08-06 21:52:19,895] {standard_task_runner.py:52} INFO - Started process 2522 to run task
[2022-08-06 21:52:19,898] {standard_task_runner.py:79} INFO - Running: ['***', 'tasks', 'run', 'our_first_dag_v5', 'second_task', 'scheduled__2022-03-22T00:00:00+00:00', '--job-id', '713', '--raw', '--subdir', 'DAGS_FOLDER/pipeline.py', '--cfg-path', '/tmp/tmpg0l0vkl4', '--error-file', '/tmp/tmprm0fd_72']
[2022-08-06 21:52:19,899] {standard_task_runner.py:80} INFO - Job 713: Subtask second_task
[2022-08-06 21:52:19,987] {task_command.py:371} INFO - Running <TaskInstance: our_first_dag_v5.second_task scheduled__2022-03-22T00:00:00+00:00 [running]> on host c3f731879890
[2022-08-06 21:52:20,098] {taskinstance.py:1591} INFO - Exporting the following env vars:
AIRFLOW_CTX_DAG_OWNER=coder2j
AIRFLOW_CTX_DAG_ID=our_first_dag_v5
AIRFLOW_CTX_TASK_ID=second_task
AIRFLOW_CTX_EXECUTION_DATE=2022-03-22T00:00:00+00:00
AIRFLOW_CTX_TRY_NUMBER=1
AIRFLOW_CTX_DAG_RUN_ID=scheduled__2022-03-22T00:00:00+00:00
[2022-08-06 21:52:20,099] {subprocess.py:62} INFO - Tmp dir root location: 
 /tmp
[2022-08-06 21:52:20,099] {subprocess.py:74} INFO - Running command: ['bash', '-c', 'echo hey, I am task2 and will be running after task1!']
[2022-08-06 21:52:20,117] {subprocess.py:85} INFO - Output:
[2022-08-06 21:52:20,119] {subprocess.py:92} INFO - hey, I am task2 and will be running after task1!
[2022-08-06 21:52:20,119] {subprocess.py:96} INFO - Command exited with return code 0
[2022-08-06 21:52:20,189] {taskinstance.py:1420} INFO - Marking task as SUCCESS. dag_id=our_first_dag_v5, task_id=second_task, execution_date=20220322T000000, start_date=20220806T215219, end_date=20220806T215220
[2022-08-06 21:52:20,230] {local_task_job.py:156} INFO - Task exited with return code 0
[2022-08-06 21:52:20,279] {local_task_job.py:273} INFO - 0 downstream tasks scheduled from follow-on schedule check
[2022-08-06 21:57:43,205] {taskinstance.py:1179} INFO - Dependencies all met for <TaskInstance: our_first_dag_v5.second_task scheduled__2022-03-22T00:00:00+00:00 [queued]>
[2022-08-06 21:57:43,222] {taskinstance.py:1179} INFO - Dependencies all met for <TaskInstance: our_first_dag_v5.second_task scheduled__2022-03-22T00:00:00+00:00 [queued]>
[2022-08-06 21:57:43,223] {taskinstance.py:1376} INFO - 
--------------------------------------------------------------------------------
[2022-08-06 21:57:43,223] {taskinstance.py:1377} INFO - Starting attempt 1 of 6
[2022-08-06 21:57:43,223] {taskinstance.py:1378} INFO - 
--------------------------------------------------------------------------------
[2022-08-06 21:57:43,240] {taskinstance.py:1397} INFO - Executing <Task(BashOperator): second_task> on 2022-03-22 00:00:00+00:00
[2022-08-06 21:57:43,248] {standard_task_runner.py:52} INFO - Started process 2317 to run task
[2022-08-06 21:57:43,251] {standard_task_runner.py:79} INFO - Running: ['***', 'tasks', 'run', 'our_first_dag_v5', 'second_task', 'scheduled__2022-03-22T00:00:00+00:00', '--job-id', '711', '--raw', '--subdir', 'DAGS_FOLDER/pipeline.py', '--cfg-path', '/tmp/tmp8u7krm2b', '--error-file', '/tmp/tmpdfd4zene']
[2022-08-06 21:57:43,252] {standard_task_runner.py:80} INFO - Job 711: Subtask second_task
[2022-08-06 21:57:43,340] {task_command.py:371} INFO - Running <TaskInstance: our_first_dag_v5.second_task scheduled__2022-03-22T00:00:00+00:00 [running]> on host bc7e154a4fdd
[2022-08-06 21:57:43,480] {taskinstance.py:1591} INFO - Exporting the following env vars:
AIRFLOW_CTX_DAG_OWNER=coder2j
AIRFLOW_CTX_DAG_ID=our_first_dag_v5
AIRFLOW_CTX_TASK_ID=second_task
AIRFLOW_CTX_EXECUTION_DATE=2022-03-22T00:00:00+00:00
AIRFLOW_CTX_TRY_NUMBER=1
AIRFLOW_CTX_DAG_RUN_ID=scheduled__2022-03-22T00:00:00+00:00
[2022-08-06 21:57:43,481] {subprocess.py:62} INFO - Tmp dir root location: 
 /tmp
[2022-08-06 21:57:43,482] {subprocess.py:74} INFO - Running command: ['bash', '-c', 'echo hey, I am task2 and will be running after task1!']
[2022-08-06 21:57:43,501] {subprocess.py:85} INFO - Output:
[2022-08-06 21:57:43,503] {subprocess.py:92} INFO - hey, I am task2 and will be running after task1!
[2022-08-06 21:57:43,503] {subprocess.py:96} INFO - Command exited with return code 0
[2022-08-06 21:57:43,546] {taskinstance.py:1420} INFO - Marking task as SUCCESS. dag_id=our_first_dag_v5, task_id=second_task, execution_date=20220322T000000, start_date=20220806T215743, end_date=20220806T215743
[2022-08-06 21:57:43,585] {local_task_job.py:156} INFO - Task exited with return code 0
[2022-08-06 21:57:43,626] {local_task_job.py:273} INFO - 0 downstream tasks scheduled from follow-on schedule check
[2022-08-06 22:12:43,176] {taskinstance.py:1179} INFO - Dependencies all met for <TaskInstance: our_first_dag_v5.second_task scheduled__2022-03-22T00:00:00+00:00 [queued]>
[2022-08-06 22:12:43,188] {taskinstance.py:1179} INFO - Dependencies all met for <TaskInstance: our_first_dag_v5.second_task scheduled__2022-03-22T00:00:00+00:00 [queued]>
[2022-08-06 22:12:43,188] {taskinstance.py:1376} INFO - 
--------------------------------------------------------------------------------
[2022-08-06 22:12:43,188] {taskinstance.py:1377} INFO - Starting attempt 1 of 6
[2022-08-06 22:12:43,188] {taskinstance.py:1378} INFO - 
--------------------------------------------------------------------------------
[2022-08-06 22:12:43,202] {taskinstance.py:1397} INFO - Executing <Task(BashOperator): second_task> on 2022-03-22 00:00:00+00:00
[2022-08-06 22:12:43,208] {standard_task_runner.py:52} INFO - Started process 2310 to run task
[2022-08-06 22:12:43,210] {standard_task_runner.py:79} INFO - Running: ['***', 'tasks', 'run', 'our_first_dag_v5', 'second_task', 'scheduled__2022-03-22T00:00:00+00:00', '--job-id', '710', '--raw', '--subdir', 'DAGS_FOLDER/pipeline.py', '--cfg-path', '/tmp/tmp_m0afygk', '--error-file', '/tmp/tmp4f60dkek']
[2022-08-06 22:12:43,210] {standard_task_runner.py:80} INFO - Job 710: Subtask second_task
[2022-08-06 22:12:43,268] {task_command.py:371} INFO - Running <TaskInstance: our_first_dag_v5.second_task scheduled__2022-03-22T00:00:00+00:00 [running]> on host 1250c3b659cd
[2022-08-06 22:12:43,343] {taskinstance.py:1591} INFO - Exporting the following env vars:
AIRFLOW_CTX_DAG_OWNER=coder2j
AIRFLOW_CTX_DAG_ID=our_first_dag_v5
AIRFLOW_CTX_TASK_ID=second_task
AIRFLOW_CTX_EXECUTION_DATE=2022-03-22T00:00:00+00:00
AIRFLOW_CTX_TRY_NUMBER=1
AIRFLOW_CTX_DAG_RUN_ID=scheduled__2022-03-22T00:00:00+00:00
[2022-08-06 22:12:43,344] {subprocess.py:62} INFO - Tmp dir root location: 
 /tmp
[2022-08-06 22:12:43,344] {subprocess.py:74} INFO - Running command: ['bash', '-c', 'echo hey, I am task2 and will be running after task1!']
[2022-08-06 22:12:43,355] {subprocess.py:85} INFO - Output:
[2022-08-06 22:12:43,356] {subprocess.py:92} INFO - hey, I am task2 and will be running after task1!
[2022-08-06 22:12:43,356] {subprocess.py:96} INFO - Command exited with return code 0
[2022-08-06 22:12:43,383] {taskinstance.py:1420} INFO - Marking task as SUCCESS. dag_id=our_first_dag_v5, task_id=second_task, execution_date=20220322T000000, start_date=20220806T221243, end_date=20220806T221243
[2022-08-06 22:12:43,421] {local_task_job.py:156} INFO - Task exited with return code 0
[2022-08-06 22:12:43,455] {local_task_job.py:273} INFO - 0 downstream tasks scheduled from follow-on schedule check
[2022-08-06 22:24:04,544] {taskinstance.py:1179} INFO - Dependencies all met for <TaskInstance: our_first_dag_v5.second_task scheduled__2022-03-22T00:00:00+00:00 [queued]>
[2022-08-06 22:24:04,563] {taskinstance.py:1179} INFO - Dependencies all met for <TaskInstance: our_first_dag_v5.second_task scheduled__2022-03-22T00:00:00+00:00 [queued]>
[2022-08-06 22:24:04,563] {taskinstance.py:1376} INFO - 
--------------------------------------------------------------------------------
[2022-08-06 22:24:04,563] {taskinstance.py:1377} INFO - Starting attempt 1 of 6
[2022-08-06 22:24:04,563] {taskinstance.py:1378} INFO - 
--------------------------------------------------------------------------------
[2022-08-06 22:24:04,583] {taskinstance.py:1397} INFO - Executing <Task(BashOperator): second_task> on 2022-03-22 00:00:00+00:00
[2022-08-06 22:24:04,591] {standard_task_runner.py:52} INFO - Started process 2377 to run task
[2022-08-06 22:24:04,597] {standard_task_runner.py:79} INFO - Running: ['***', 'tasks', 'run', 'our_first_dag_v5', 'second_task', 'scheduled__2022-03-22T00:00:00+00:00', '--job-id', '714', '--raw', '--subdir', 'DAGS_FOLDER/pipeline.py', '--cfg-path', '/tmp/tmps3xq7zrs', '--error-file', '/tmp/tmp0szwq7gi']
[2022-08-06 22:24:04,598] {standard_task_runner.py:80} INFO - Job 714: Subtask second_task
[2022-08-06 22:24:04,695] {task_command.py:371} INFO - Running <TaskInstance: our_first_dag_v5.second_task scheduled__2022-03-22T00:00:00+00:00 [running]> on host b215076695c3
[2022-08-06 22:24:04,787] {taskinstance.py:1591} INFO - Exporting the following env vars:
AIRFLOW_CTX_DAG_OWNER=coder2j
AIRFLOW_CTX_DAG_ID=our_first_dag_v5
AIRFLOW_CTX_TASK_ID=second_task
AIRFLOW_CTX_EXECUTION_DATE=2022-03-22T00:00:00+00:00
AIRFLOW_CTX_TRY_NUMBER=1
AIRFLOW_CTX_DAG_RUN_ID=scheduled__2022-03-22T00:00:00+00:00
[2022-08-06 22:24:04,788] {subprocess.py:62} INFO - Tmp dir root location: 
 /tmp
[2022-08-06 22:24:04,789] {subprocess.py:74} INFO - Running command: ['bash', '-c', 'echo hey, I am task2 and will be running after task1!']
[2022-08-06 22:24:04,802] {subprocess.py:85} INFO - Output:
[2022-08-06 22:24:04,803] {subprocess.py:92} INFO - hey, I am task2 and will be running after task1!
[2022-08-06 22:24:04,803] {subprocess.py:96} INFO - Command exited with return code 0
[2022-08-06 22:24:04,833] {taskinstance.py:1420} INFO - Marking task as SUCCESS. dag_id=our_first_dag_v5, task_id=second_task, execution_date=20220322T000000, start_date=20220806T222404, end_date=20220806T222404
[2022-08-06 22:24:04,886] {local_task_job.py:156} INFO - Task exited with return code 0
[2022-08-06 22:24:04,930] {local_task_job.py:273} INFO - 0 downstream tasks scheduled from follow-on schedule check
