[2022-08-06 19:38:10,568] {taskinstance.py:1179} INFO - Dependencies all met for <TaskInstance: our_first_dag_v5.thrid_task scheduled__2022-02-26T00:00:00+00:00 [queued]>
[2022-08-06 19:38:10,592] {taskinstance.py:1179} INFO - Dependencies all met for <TaskInstance: our_first_dag_v5.thrid_task scheduled__2022-02-26T00:00:00+00:00 [queued]>
[2022-08-06 19:38:10,592] {taskinstance.py:1376} INFO - 
--------------------------------------------------------------------------------
[2022-08-06 19:38:10,592] {taskinstance.py:1377} INFO - Starting attempt 1 of 6
[2022-08-06 19:38:10,592] {taskinstance.py:1378} INFO - 
--------------------------------------------------------------------------------
[2022-08-06 19:38:10,617] {taskinstance.py:1397} INFO - Executing <Task(BashOperator): thrid_task> on 2022-02-26 00:00:00+00:00
[2022-08-06 19:38:10,629] {standard_task_runner.py:52} INFO - Started process 2097 to run task
[2022-08-06 19:38:10,632] {standard_task_runner.py:79} INFO - Running: ['***', 'tasks', 'run', 'our_first_dag_v5', 'thrid_task', 'scheduled__2022-02-26T00:00:00+00:00', '--job-id', '639', '--raw', '--subdir', 'DAGS_FOLDER/pipeline.py', '--cfg-path', '/tmp/tmpi4gypqiq', '--error-file', '/tmp/tmppcaxe7eh']
[2022-08-06 19:38:10,652] {standard_task_runner.py:80} INFO - Job 639: Subtask thrid_task
[2022-08-06 19:38:10,749] {task_command.py:371} INFO - Running <TaskInstance: our_first_dag_v5.thrid_task scheduled__2022-02-26T00:00:00+00:00 [running]> on host b29c168c1666
[2022-08-06 19:38:10,857] {taskinstance.py:1591} INFO - Exporting the following env vars:
AIRFLOW_CTX_DAG_OWNER=coder2j
AIRFLOW_CTX_DAG_ID=our_first_dag_v5
AIRFLOW_CTX_TASK_ID=thrid_task
AIRFLOW_CTX_EXECUTION_DATE=2022-02-26T00:00:00+00:00
AIRFLOW_CTX_TRY_NUMBER=1
AIRFLOW_CTX_DAG_RUN_ID=scheduled__2022-02-26T00:00:00+00:00
[2022-08-06 19:38:10,857] {subprocess.py:62} INFO - Tmp dir root location: 
 /tmp
[2022-08-06 19:38:10,858] {subprocess.py:74} INFO - Running command: ['bash', '-c', 'echo hey, I am task3 and will be running after task1 at the same time as task2!']
[2022-08-06 19:38:10,872] {subprocess.py:85} INFO - Output:
[2022-08-06 19:38:10,873] {subprocess.py:92} INFO - hey, I am task3 and will be running after task1 at the same time as task2!
[2022-08-06 19:38:10,874] {subprocess.py:96} INFO - Command exited with return code 0
[2022-08-06 19:38:10,909] {taskinstance.py:1420} INFO - Marking task as SUCCESS. dag_id=our_first_dag_v5, task_id=thrid_task, execution_date=20220226T000000, start_date=20220806T193810, end_date=20220806T193810
[2022-08-06 19:38:10,935] {local_task_job.py:156} INFO - Task exited with return code 0
[2022-08-06 19:38:10,978] {local_task_job.py:273} INFO - 0 downstream tasks scheduled from follow-on schedule check
[2022-08-06 21:52:05,045] {taskinstance.py:1179} INFO - Dependencies all met for <TaskInstance: our_first_dag_v5.thrid_task scheduled__2022-02-26T00:00:00+00:00 [queued]>
[2022-08-06 21:52:05,060] {taskinstance.py:1179} INFO - Dependencies all met for <TaskInstance: our_first_dag_v5.thrid_task scheduled__2022-02-26T00:00:00+00:00 [queued]>
[2022-08-06 21:52:05,060] {taskinstance.py:1376} INFO - 
--------------------------------------------------------------------------------
[2022-08-06 21:52:05,060] {taskinstance.py:1377} INFO - Starting attempt 1 of 6
[2022-08-06 21:52:05,060] {taskinstance.py:1378} INFO - 
--------------------------------------------------------------------------------
[2022-08-06 21:52:05,080] {taskinstance.py:1397} INFO - Executing <Task(BashOperator): thrid_task> on 2022-02-26 00:00:00+00:00
[2022-08-06 21:52:05,088] {standard_task_runner.py:52} INFO - Started process 2297 to run task
[2022-08-06 21:52:05,094] {standard_task_runner.py:79} INFO - Running: ['***', 'tasks', 'run', 'our_first_dag_v5', 'thrid_task', 'scheduled__2022-02-26T00:00:00+00:00', '--job-id', '643', '--raw', '--subdir', 'DAGS_FOLDER/pipeline.py', '--cfg-path', '/tmp/tmpq0is23pk', '--error-file', '/tmp/tmp4zg43seb']
[2022-08-06 21:52:05,095] {standard_task_runner.py:80} INFO - Job 643: Subtask thrid_task
[2022-08-06 21:52:05,209] {task_command.py:371} INFO - Running <TaskInstance: our_first_dag_v5.thrid_task scheduled__2022-02-26T00:00:00+00:00 [running]> on host c3f731879890
[2022-08-06 21:52:05,332] {taskinstance.py:1591} INFO - Exporting the following env vars:
AIRFLOW_CTX_DAG_OWNER=coder2j
AIRFLOW_CTX_DAG_ID=our_first_dag_v5
AIRFLOW_CTX_TASK_ID=thrid_task
AIRFLOW_CTX_EXECUTION_DATE=2022-02-26T00:00:00+00:00
AIRFLOW_CTX_TRY_NUMBER=1
AIRFLOW_CTX_DAG_RUN_ID=scheduled__2022-02-26T00:00:00+00:00
[2022-08-06 21:52:05,333] {subprocess.py:62} INFO - Tmp dir root location: 
 /tmp
[2022-08-06 21:52:05,334] {subprocess.py:74} INFO - Running command: ['bash', '-c', 'echo hey, I am task3 and will be running after task1 at the same time as task2!']
[2022-08-06 21:52:05,352] {subprocess.py:85} INFO - Output:
[2022-08-06 21:52:05,353] {subprocess.py:92} INFO - hey, I am task3 and will be running after task1 at the same time as task2!
[2022-08-06 21:52:05,354] {subprocess.py:96} INFO - Command exited with return code 0
[2022-08-06 21:52:05,389] {taskinstance.py:1420} INFO - Marking task as SUCCESS. dag_id=our_first_dag_v5, task_id=thrid_task, execution_date=20220226T000000, start_date=20220806T215205, end_date=20220806T215205
[2022-08-06 21:52:05,427] {local_task_job.py:156} INFO - Task exited with return code 0
[2022-08-06 21:52:05,469] {local_task_job.py:273} INFO - 0 downstream tasks scheduled from follow-on schedule check
[2022-08-06 21:57:28,715] {taskinstance.py:1179} INFO - Dependencies all met for <TaskInstance: our_first_dag_v5.thrid_task scheduled__2022-02-26T00:00:00+00:00 [queued]>
[2022-08-06 21:57:28,735] {taskinstance.py:1179} INFO - Dependencies all met for <TaskInstance: our_first_dag_v5.thrid_task scheduled__2022-02-26T00:00:00+00:00 [queued]>
[2022-08-06 21:57:28,735] {taskinstance.py:1376} INFO - 
--------------------------------------------------------------------------------
[2022-08-06 21:57:28,735] {taskinstance.py:1377} INFO - Starting attempt 1 of 6
[2022-08-06 21:57:28,735] {taskinstance.py:1378} INFO - 
--------------------------------------------------------------------------------
[2022-08-06 21:57:28,762] {taskinstance.py:1397} INFO - Executing <Task(BashOperator): thrid_task> on 2022-02-26 00:00:00+00:00
[2022-08-06 21:57:28,771] {standard_task_runner.py:52} INFO - Started process 2089 to run task
[2022-08-06 21:57:28,775] {standard_task_runner.py:79} INFO - Running: ['***', 'tasks', 'run', 'our_first_dag_v5', 'thrid_task', 'scheduled__2022-02-26T00:00:00+00:00', '--job-id', '642', '--raw', '--subdir', 'DAGS_FOLDER/pipeline.py', '--cfg-path', '/tmp/tmp7w5a5brv', '--error-file', '/tmp/tmpuccn66e7']
[2022-08-06 21:57:28,775] {standard_task_runner.py:80} INFO - Job 642: Subtask thrid_task
[2022-08-06 21:57:28,869] {task_command.py:371} INFO - Running <TaskInstance: our_first_dag_v5.thrid_task scheduled__2022-02-26T00:00:00+00:00 [running]> on host bc7e154a4fdd
[2022-08-06 21:57:28,998] {taskinstance.py:1591} INFO - Exporting the following env vars:
AIRFLOW_CTX_DAG_OWNER=coder2j
AIRFLOW_CTX_DAG_ID=our_first_dag_v5
AIRFLOW_CTX_TASK_ID=thrid_task
AIRFLOW_CTX_EXECUTION_DATE=2022-02-26T00:00:00+00:00
AIRFLOW_CTX_TRY_NUMBER=1
AIRFLOW_CTX_DAG_RUN_ID=scheduled__2022-02-26T00:00:00+00:00
[2022-08-06 21:57:28,999] {subprocess.py:62} INFO - Tmp dir root location: 
 /tmp
[2022-08-06 21:57:29,000] {subprocess.py:74} INFO - Running command: ['bash', '-c', 'echo hey, I am task3 and will be running after task1 at the same time as task2!']
[2022-08-06 21:57:29,025] {subprocess.py:85} INFO - Output:
[2022-08-06 21:57:29,028] {subprocess.py:92} INFO - hey, I am task3 and will be running after task1 at the same time as task2!
[2022-08-06 21:57:29,028] {subprocess.py:96} INFO - Command exited with return code 0
[2022-08-06 21:57:29,083] {taskinstance.py:1420} INFO - Marking task as SUCCESS. dag_id=our_first_dag_v5, task_id=thrid_task, execution_date=20220226T000000, start_date=20220806T215728, end_date=20220806T215729
[2022-08-06 21:57:29,119] {local_task_job.py:156} INFO - Task exited with return code 0
[2022-08-06 21:57:29,174] {local_task_job.py:273} INFO - 0 downstream tasks scheduled from follow-on schedule check
[2022-08-06 22:12:28,895] {taskinstance.py:1179} INFO - Dependencies all met for <TaskInstance: our_first_dag_v5.thrid_task scheduled__2022-02-26T00:00:00+00:00 [queued]>
[2022-08-06 22:12:28,910] {taskinstance.py:1179} INFO - Dependencies all met for <TaskInstance: our_first_dag_v5.thrid_task scheduled__2022-02-26T00:00:00+00:00 [queued]>
[2022-08-06 22:12:28,911] {taskinstance.py:1376} INFO - 
--------------------------------------------------------------------------------
[2022-08-06 22:12:28,911] {taskinstance.py:1377} INFO - Starting attempt 1 of 6
[2022-08-06 22:12:28,911] {taskinstance.py:1378} INFO - 
--------------------------------------------------------------------------------
[2022-08-06 22:12:28,929] {taskinstance.py:1397} INFO - Executing <Task(BashOperator): thrid_task> on 2022-02-26 00:00:00+00:00
[2022-08-06 22:12:28,936] {standard_task_runner.py:52} INFO - Started process 2091 to run task
[2022-08-06 22:12:28,938] {standard_task_runner.py:79} INFO - Running: ['***', 'tasks', 'run', 'our_first_dag_v5', 'thrid_task', 'scheduled__2022-02-26T00:00:00+00:00', '--job-id', '639', '--raw', '--subdir', 'DAGS_FOLDER/pipeline.py', '--cfg-path', '/tmp/tmpja0yww7t', '--error-file', '/tmp/tmp7yt729nr']
[2022-08-06 22:12:28,939] {standard_task_runner.py:80} INFO - Job 639: Subtask thrid_task
[2022-08-06 22:12:29,007] {task_command.py:371} INFO - Running <TaskInstance: our_first_dag_v5.thrid_task scheduled__2022-02-26T00:00:00+00:00 [running]> on host 1250c3b659cd
[2022-08-06 22:12:29,084] {taskinstance.py:1591} INFO - Exporting the following env vars:
AIRFLOW_CTX_DAG_OWNER=coder2j
AIRFLOW_CTX_DAG_ID=our_first_dag_v5
AIRFLOW_CTX_TASK_ID=thrid_task
AIRFLOW_CTX_EXECUTION_DATE=2022-02-26T00:00:00+00:00
AIRFLOW_CTX_TRY_NUMBER=1
AIRFLOW_CTX_DAG_RUN_ID=scheduled__2022-02-26T00:00:00+00:00
[2022-08-06 22:12:29,085] {subprocess.py:62} INFO - Tmp dir root location: 
 /tmp
[2022-08-06 22:12:29,085] {subprocess.py:74} INFO - Running command: ['bash', '-c', 'echo hey, I am task3 and will be running after task1 at the same time as task2!']
[2022-08-06 22:12:29,098] {subprocess.py:85} INFO - Output:
[2022-08-06 22:12:29,099] {subprocess.py:92} INFO - hey, I am task3 and will be running after task1 at the same time as task2!
[2022-08-06 22:12:29,099] {subprocess.py:96} INFO - Command exited with return code 0
[2022-08-06 22:12:29,126] {taskinstance.py:1420} INFO - Marking task as SUCCESS. dag_id=our_first_dag_v5, task_id=thrid_task, execution_date=20220226T000000, start_date=20220806T221228, end_date=20220806T221229
[2022-08-06 22:12:29,150] {local_task_job.py:156} INFO - Task exited with return code 0
[2022-08-06 22:12:29,183] {local_task_job.py:273} INFO - 0 downstream tasks scheduled from follow-on schedule check
[2022-08-06 22:23:52,666] {taskinstance.py:1179} INFO - Dependencies all met for <TaskInstance: our_first_dag_v5.thrid_task scheduled__2022-02-26T00:00:00+00:00 [queued]>
[2022-08-06 22:23:52,681] {taskinstance.py:1179} INFO - Dependencies all met for <TaskInstance: our_first_dag_v5.thrid_task scheduled__2022-02-26T00:00:00+00:00 [queued]>
[2022-08-06 22:23:52,681] {taskinstance.py:1376} INFO - 
--------------------------------------------------------------------------------
[2022-08-06 22:23:52,681] {taskinstance.py:1377} INFO - Starting attempt 1 of 6
[2022-08-06 22:23:52,681] {taskinstance.py:1378} INFO - 
--------------------------------------------------------------------------------
[2022-08-06 22:23:52,698] {taskinstance.py:1397} INFO - Executing <Task(BashOperator): thrid_task> on 2022-02-26 00:00:00+00:00
[2022-08-06 22:23:52,706] {standard_task_runner.py:52} INFO - Started process 2149 to run task
[2022-08-06 22:23:52,709] {standard_task_runner.py:79} INFO - Running: ['***', 'tasks', 'run', 'our_first_dag_v5', 'thrid_task', 'scheduled__2022-02-26T00:00:00+00:00', '--job-id', '644', '--raw', '--subdir', 'DAGS_FOLDER/pipeline.py', '--cfg-path', '/tmp/tmp2zb5mfwy', '--error-file', '/tmp/tmpo_bvd3wj']
[2022-08-06 22:23:52,709] {standard_task_runner.py:80} INFO - Job 644: Subtask thrid_task
[2022-08-06 22:23:52,801] {task_command.py:371} INFO - Running <TaskInstance: our_first_dag_v5.thrid_task scheduled__2022-02-26T00:00:00+00:00 [running]> on host b215076695c3
[2022-08-06 22:23:52,946] {taskinstance.py:1591} INFO - Exporting the following env vars:
AIRFLOW_CTX_DAG_OWNER=coder2j
AIRFLOW_CTX_DAG_ID=our_first_dag_v5
AIRFLOW_CTX_TASK_ID=thrid_task
AIRFLOW_CTX_EXECUTION_DATE=2022-02-26T00:00:00+00:00
AIRFLOW_CTX_TRY_NUMBER=1
AIRFLOW_CTX_DAG_RUN_ID=scheduled__2022-02-26T00:00:00+00:00
[2022-08-06 22:23:52,948] {subprocess.py:62} INFO - Tmp dir root location: 
 /tmp
[2022-08-06 22:23:52,948] {subprocess.py:74} INFO - Running command: ['bash', '-c', 'echo hey, I am task3 and will be running after task1 at the same time as task2!']
[2022-08-06 22:23:52,966] {subprocess.py:85} INFO - Output:
[2022-08-06 22:23:52,968] {subprocess.py:92} INFO - hey, I am task3 and will be running after task1 at the same time as task2!
[2022-08-06 22:23:52,969] {subprocess.py:96} INFO - Command exited with return code 0
[2022-08-06 22:23:53,005] {taskinstance.py:1420} INFO - Marking task as SUCCESS. dag_id=our_first_dag_v5, task_id=thrid_task, execution_date=20220226T000000, start_date=20220806T222352, end_date=20220806T222353
[2022-08-06 22:23:53,041] {local_task_job.py:156} INFO - Task exited with return code 0
[2022-08-06 22:23:53,088] {local_task_job.py:273} INFO - 0 downstream tasks scheduled from follow-on schedule check
