[2022-08-06 19:37:37,221] {taskinstance.py:1179} INFO - Dependencies all met for <TaskInstance: our_first_dag_v5.thrid_task scheduled__2022-01-01T00:00:00+00:00 [queued]>
[2022-08-06 19:37:37,238] {taskinstance.py:1179} INFO - Dependencies all met for <TaskInstance: our_first_dag_v5.thrid_task scheduled__2022-01-01T00:00:00+00:00 [queued]>
[2022-08-06 19:37:37,238] {taskinstance.py:1376} INFO - 
--------------------------------------------------------------------------------
[2022-08-06 19:37:37,239] {taskinstance.py:1377} INFO - Starting attempt 1 of 6
[2022-08-06 19:37:37,239] {taskinstance.py:1378} INFO - 
--------------------------------------------------------------------------------
[2022-08-06 19:37:37,258] {taskinstance.py:1397} INFO - Executing <Task(BashOperator): thrid_task> on 2022-01-01 00:00:00+00:00
[2022-08-06 19:37:37,265] {standard_task_runner.py:52} INFO - Started process 1567 to run task
[2022-08-06 19:37:37,268] {standard_task_runner.py:79} INFO - Running: ['***', 'tasks', 'run', 'our_first_dag_v5', 'thrid_task', 'scheduled__2022-01-01T00:00:00+00:00', '--job-id', '470', '--raw', '--subdir', 'DAGS_FOLDER/pipeline.py', '--cfg-path', '/tmp/tmps2b2g1kh', '--error-file', '/tmp/tmp84h7pzk_']
[2022-08-06 19:37:37,269] {standard_task_runner.py:80} INFO - Job 470: Subtask thrid_task
[2022-08-06 19:37:37,339] {task_command.py:371} INFO - Running <TaskInstance: our_first_dag_v5.thrid_task scheduled__2022-01-01T00:00:00+00:00 [running]> on host b29c168c1666
[2022-08-06 19:37:37,443] {taskinstance.py:1591} INFO - Exporting the following env vars:
AIRFLOW_CTX_DAG_OWNER=coder2j
AIRFLOW_CTX_DAG_ID=our_first_dag_v5
AIRFLOW_CTX_TASK_ID=thrid_task
AIRFLOW_CTX_EXECUTION_DATE=2022-01-01T00:00:00+00:00
AIRFLOW_CTX_TRY_NUMBER=1
AIRFLOW_CTX_DAG_RUN_ID=scheduled__2022-01-01T00:00:00+00:00
[2022-08-06 19:37:37,444] {subprocess.py:62} INFO - Tmp dir root location: 
 /tmp
[2022-08-06 19:37:37,444] {subprocess.py:74} INFO - Running command: ['bash', '-c', 'echo hey, I am task3 and will be running after task1 at the same time as task2!']
[2022-08-06 19:37:37,460] {subprocess.py:85} INFO - Output:
[2022-08-06 19:37:37,462] {subprocess.py:92} INFO - hey, I am task3 and will be running after task1 at the same time as task2!
[2022-08-06 19:37:37,463] {subprocess.py:96} INFO - Command exited with return code 0
[2022-08-06 19:37:37,498] {taskinstance.py:1420} INFO - Marking task as SUCCESS. dag_id=our_first_dag_v5, task_id=thrid_task, execution_date=20220101T000000, start_date=20220806T193737, end_date=20220806T193737
[2022-08-06 19:37:37,520] {local_task_job.py:156} INFO - Task exited with return code 0
[2022-08-06 19:37:37,562] {local_task_job.py:273} INFO - 0 downstream tasks scheduled from follow-on schedule check
[2022-08-06 21:51:31,819] {taskinstance.py:1179} INFO - Dependencies all met for <TaskInstance: our_first_dag_v5.thrid_task scheduled__2022-01-01T00:00:00+00:00 [queued]>
[2022-08-06 21:51:31,837] {taskinstance.py:1179} INFO - Dependencies all met for <TaskInstance: our_first_dag_v5.thrid_task scheduled__2022-01-01T00:00:00+00:00 [queued]>
[2022-08-06 21:51:31,837] {taskinstance.py:1376} INFO - 
--------------------------------------------------------------------------------
[2022-08-06 21:51:31,837] {taskinstance.py:1377} INFO - Starting attempt 1 of 6
[2022-08-06 21:51:31,837] {taskinstance.py:1378} INFO - 
--------------------------------------------------------------------------------
[2022-08-06 21:51:31,865] {taskinstance.py:1397} INFO - Executing <Task(BashOperator): thrid_task> on 2022-01-01 00:00:00+00:00
[2022-08-06 21:51:31,875] {standard_task_runner.py:52} INFO - Started process 1769 to run task
[2022-08-06 21:51:31,879] {standard_task_runner.py:79} INFO - Running: ['***', 'tasks', 'run', 'our_first_dag_v5', 'thrid_task', 'scheduled__2022-01-01T00:00:00+00:00', '--job-id', '473', '--raw', '--subdir', 'DAGS_FOLDER/pipeline.py', '--cfg-path', '/tmp/tmpjjg6sprf', '--error-file', '/tmp/tmpchhdaks6']
[2022-08-06 21:51:31,879] {standard_task_runner.py:80} INFO - Job 473: Subtask thrid_task
[2022-08-06 21:51:31,954] {task_command.py:371} INFO - Running <TaskInstance: our_first_dag_v5.thrid_task scheduled__2022-01-01T00:00:00+00:00 [running]> on host c3f731879890
[2022-08-06 21:51:32,053] {taskinstance.py:1591} INFO - Exporting the following env vars:
AIRFLOW_CTX_DAG_OWNER=coder2j
AIRFLOW_CTX_DAG_ID=our_first_dag_v5
AIRFLOW_CTX_TASK_ID=thrid_task
AIRFLOW_CTX_EXECUTION_DATE=2022-01-01T00:00:00+00:00
AIRFLOW_CTX_TRY_NUMBER=1
AIRFLOW_CTX_DAG_RUN_ID=scheduled__2022-01-01T00:00:00+00:00
[2022-08-06 21:51:32,053] {subprocess.py:62} INFO - Tmp dir root location: 
 /tmp
[2022-08-06 21:51:32,054] {subprocess.py:74} INFO - Running command: ['bash', '-c', 'echo hey, I am task3 and will be running after task1 at the same time as task2!']
[2022-08-06 21:51:32,068] {subprocess.py:85} INFO - Output:
[2022-08-06 21:51:32,070] {subprocess.py:92} INFO - hey, I am task3 and will be running after task1 at the same time as task2!
[2022-08-06 21:51:32,070] {subprocess.py:96} INFO - Command exited with return code 0
[2022-08-06 21:51:32,103] {taskinstance.py:1420} INFO - Marking task as SUCCESS. dag_id=our_first_dag_v5, task_id=thrid_task, execution_date=20220101T000000, start_date=20220806T215131, end_date=20220806T215132
[2022-08-06 21:51:32,131] {local_task_job.py:156} INFO - Task exited with return code 0
[2022-08-06 21:51:32,177] {local_task_job.py:273} INFO - 0 downstream tasks scheduled from follow-on schedule check
[2022-08-06 21:56:55,389] {taskinstance.py:1179} INFO - Dependencies all met for <TaskInstance: our_first_dag_v5.thrid_task scheduled__2022-01-01T00:00:00+00:00 [queued]>
[2022-08-06 21:56:55,406] {taskinstance.py:1179} INFO - Dependencies all met for <TaskInstance: our_first_dag_v5.thrid_task scheduled__2022-01-01T00:00:00+00:00 [queued]>
[2022-08-06 21:56:55,406] {taskinstance.py:1376} INFO - 
--------------------------------------------------------------------------------
[2022-08-06 21:56:55,406] {taskinstance.py:1377} INFO - Starting attempt 1 of 6
[2022-08-06 21:56:55,406] {taskinstance.py:1378} INFO - 
--------------------------------------------------------------------------------
[2022-08-06 21:56:55,423] {taskinstance.py:1397} INFO - Executing <Task(BashOperator): thrid_task> on 2022-01-01 00:00:00+00:00
[2022-08-06 21:56:55,430] {standard_task_runner.py:52} INFO - Started process 1567 to run task
[2022-08-06 21:56:55,434] {standard_task_runner.py:79} INFO - Running: ['***', 'tasks', 'run', 'our_first_dag_v5', 'thrid_task', 'scheduled__2022-01-01T00:00:00+00:00', '--job-id', '476', '--raw', '--subdir', 'DAGS_FOLDER/pipeline.py', '--cfg-path', '/tmp/tmp_xhif28f', '--error-file', '/tmp/tmpwattgbod']
[2022-08-06 21:56:55,434] {standard_task_runner.py:80} INFO - Job 476: Subtask thrid_task
[2022-08-06 21:56:55,532] {task_command.py:371} INFO - Running <TaskInstance: our_first_dag_v5.thrid_task scheduled__2022-01-01T00:00:00+00:00 [running]> on host bc7e154a4fdd
[2022-08-06 21:56:55,654] {taskinstance.py:1591} INFO - Exporting the following env vars:
AIRFLOW_CTX_DAG_OWNER=coder2j
AIRFLOW_CTX_DAG_ID=our_first_dag_v5
AIRFLOW_CTX_TASK_ID=thrid_task
AIRFLOW_CTX_EXECUTION_DATE=2022-01-01T00:00:00+00:00
AIRFLOW_CTX_TRY_NUMBER=1
AIRFLOW_CTX_DAG_RUN_ID=scheduled__2022-01-01T00:00:00+00:00
[2022-08-06 21:56:55,655] {subprocess.py:62} INFO - Tmp dir root location: 
 /tmp
[2022-08-06 21:56:55,656] {subprocess.py:74} INFO - Running command: ['bash', '-c', 'echo hey, I am task3 and will be running after task1 at the same time as task2!']
[2022-08-06 21:56:55,673] {subprocess.py:85} INFO - Output:
[2022-08-06 21:56:55,676] {subprocess.py:92} INFO - hey, I am task3 and will be running after task1 at the same time as task2!
[2022-08-06 21:56:55,676] {subprocess.py:96} INFO - Command exited with return code 0
[2022-08-06 21:56:55,717] {taskinstance.py:1420} INFO - Marking task as SUCCESS. dag_id=our_first_dag_v5, task_id=thrid_task, execution_date=20220101T000000, start_date=20220806T215655, end_date=20220806T215655
[2022-08-06 21:56:55,768] {local_task_job.py:156} INFO - Task exited with return code 0
[2022-08-06 21:56:55,815] {local_task_job.py:273} INFO - 0 downstream tasks scheduled from follow-on schedule check
[2022-08-06 22:11:57,707] {taskinstance.py:1179} INFO - Dependencies all met for <TaskInstance: our_first_dag_v5.thrid_task scheduled__2022-01-01T00:00:00+00:00 [queued]>
[2022-08-06 22:11:57,730] {taskinstance.py:1179} INFO - Dependencies all met for <TaskInstance: our_first_dag_v5.thrid_task scheduled__2022-01-01T00:00:00+00:00 [queued]>
[2022-08-06 22:11:57,730] {taskinstance.py:1376} INFO - 
--------------------------------------------------------------------------------
[2022-08-06 22:11:57,730] {taskinstance.py:1377} INFO - Starting attempt 1 of 6
[2022-08-06 22:11:57,730] {taskinstance.py:1378} INFO - 
--------------------------------------------------------------------------------
[2022-08-06 22:11:57,749] {taskinstance.py:1397} INFO - Executing <Task(BashOperator): thrid_task> on 2022-01-01 00:00:00+00:00
[2022-08-06 22:11:57,759] {standard_task_runner.py:52} INFO - Started process 1556 to run task
[2022-08-06 22:11:57,764] {standard_task_runner.py:79} INFO - Running: ['***', 'tasks', 'run', 'our_first_dag_v5', 'thrid_task', 'scheduled__2022-01-01T00:00:00+00:00', '--job-id', '471', '--raw', '--subdir', 'DAGS_FOLDER/pipeline.py', '--cfg-path', '/tmp/tmpq1yi1ylj', '--error-file', '/tmp/tmp2e08bkr5']
[2022-08-06 22:11:57,764] {standard_task_runner.py:80} INFO - Job 471: Subtask thrid_task
[2022-08-06 22:11:57,846] {task_command.py:371} INFO - Running <TaskInstance: our_first_dag_v5.thrid_task scheduled__2022-01-01T00:00:00+00:00 [running]> on host 1250c3b659cd
[2022-08-06 22:11:57,934] {taskinstance.py:1591} INFO - Exporting the following env vars:
AIRFLOW_CTX_DAG_OWNER=coder2j
AIRFLOW_CTX_DAG_ID=our_first_dag_v5
AIRFLOW_CTX_TASK_ID=thrid_task
AIRFLOW_CTX_EXECUTION_DATE=2022-01-01T00:00:00+00:00
AIRFLOW_CTX_TRY_NUMBER=1
AIRFLOW_CTX_DAG_RUN_ID=scheduled__2022-01-01T00:00:00+00:00
[2022-08-06 22:11:57,934] {subprocess.py:62} INFO - Tmp dir root location: 
 /tmp
[2022-08-06 22:11:57,935] {subprocess.py:74} INFO - Running command: ['bash', '-c', 'echo hey, I am task3 and will be running after task1 at the same time as task2!']
[2022-08-06 22:11:57,946] {subprocess.py:85} INFO - Output:
[2022-08-06 22:11:57,948] {subprocess.py:92} INFO - hey, I am task3 and will be running after task1 at the same time as task2!
[2022-08-06 22:11:57,948] {subprocess.py:96} INFO - Command exited with return code 0
[2022-08-06 22:11:57,979] {taskinstance.py:1420} INFO - Marking task as SUCCESS. dag_id=our_first_dag_v5, task_id=thrid_task, execution_date=20220101T000000, start_date=20220806T221157, end_date=20220806T221157
[2022-08-06 22:11:58,013] {local_task_job.py:156} INFO - Task exited with return code 0
[2022-08-06 22:11:58,047] {local_task_job.py:273} INFO - 0 downstream tasks scheduled from follow-on schedule check
[2022-08-06 22:23:20,238] {taskinstance.py:1179} INFO - Dependencies all met for <TaskInstance: our_first_dag_v5.thrid_task scheduled__2022-01-01T00:00:00+00:00 [queued]>
[2022-08-06 22:23:20,254] {taskinstance.py:1179} INFO - Dependencies all met for <TaskInstance: our_first_dag_v5.thrid_task scheduled__2022-01-01T00:00:00+00:00 [queued]>
[2022-08-06 22:23:20,254] {taskinstance.py:1376} INFO - 
--------------------------------------------------------------------------------
[2022-08-06 22:23:20,254] {taskinstance.py:1377} INFO - Starting attempt 1 of 6
[2022-08-06 22:23:20,254] {taskinstance.py:1378} INFO - 
--------------------------------------------------------------------------------
[2022-08-06 22:23:20,274] {taskinstance.py:1397} INFO - Executing <Task(BashOperator): thrid_task> on 2022-01-01 00:00:00+00:00
[2022-08-06 22:23:20,283] {standard_task_runner.py:52} INFO - Started process 1633 to run task
[2022-08-06 22:23:20,286] {standard_task_runner.py:79} INFO - Running: ['***', 'tasks', 'run', 'our_first_dag_v5', 'thrid_task', 'scheduled__2022-01-01T00:00:00+00:00', '--job-id', '477', '--raw', '--subdir', 'DAGS_FOLDER/pipeline.py', '--cfg-path', '/tmp/tmpzelt_s97', '--error-file', '/tmp/tmpqlp9w229']
[2022-08-06 22:23:20,287] {standard_task_runner.py:80} INFO - Job 477: Subtask thrid_task
[2022-08-06 22:23:20,363] {task_command.py:371} INFO - Running <TaskInstance: our_first_dag_v5.thrid_task scheduled__2022-01-01T00:00:00+00:00 [running]> on host b215076695c3
[2022-08-06 22:23:20,460] {taskinstance.py:1591} INFO - Exporting the following env vars:
AIRFLOW_CTX_DAG_OWNER=coder2j
AIRFLOW_CTX_DAG_ID=our_first_dag_v5
AIRFLOW_CTX_TASK_ID=thrid_task
AIRFLOW_CTX_EXECUTION_DATE=2022-01-01T00:00:00+00:00
AIRFLOW_CTX_TRY_NUMBER=1
AIRFLOW_CTX_DAG_RUN_ID=scheduled__2022-01-01T00:00:00+00:00
[2022-08-06 22:23:20,461] {subprocess.py:62} INFO - Tmp dir root location: 
 /tmp
[2022-08-06 22:23:20,462] {subprocess.py:74} INFO - Running command: ['bash', '-c', 'echo hey, I am task3 and will be running after task1 at the same time as task2!']
[2022-08-06 22:23:20,475] {subprocess.py:85} INFO - Output:
[2022-08-06 22:23:20,477] {subprocess.py:92} INFO - hey, I am task3 and will be running after task1 at the same time as task2!
[2022-08-06 22:23:20,477] {subprocess.py:96} INFO - Command exited with return code 0
[2022-08-06 22:23:20,515] {taskinstance.py:1420} INFO - Marking task as SUCCESS. dag_id=our_first_dag_v5, task_id=thrid_task, execution_date=20220101T000000, start_date=20220806T222320, end_date=20220806T222320
[2022-08-06 22:23:20,578] {local_task_job.py:156} INFO - Task exited with return code 0
[2022-08-06 22:23:20,623] {local_task_job.py:273} INFO - 0 downstream tasks scheduled from follow-on schedule check
