[2022-08-06 19:36:31,540] {taskinstance.py:1179} INFO - Dependencies all met for <TaskInstance: our_first_dag_v5.thrid_task scheduled__2021-09-19T00:00:00+00:00 [queued]>
[2022-08-06 19:36:31,564] {taskinstance.py:1179} INFO - Dependencies all met for <TaskInstance: our_first_dag_v5.thrid_task scheduled__2021-09-19T00:00:00+00:00 [queued]>
[2022-08-06 19:36:31,564] {taskinstance.py:1376} INFO - 
--------------------------------------------------------------------------------
[2022-08-06 19:36:31,564] {taskinstance.py:1377} INFO - Starting attempt 1 of 6
[2022-08-06 19:36:31,564] {taskinstance.py:1378} INFO - 
--------------------------------------------------------------------------------
[2022-08-06 19:36:31,602] {taskinstance.py:1397} INFO - Executing <Task(BashOperator): thrid_task> on 2021-09-19 00:00:00+00:00
[2022-08-06 19:36:31,610] {standard_task_runner.py:52} INFO - Started process 593 to run task
[2022-08-06 19:36:31,613] {standard_task_runner.py:79} INFO - Running: ['***', 'tasks', 'run', 'our_first_dag_v5', 'thrid_task', 'scheduled__2021-09-19T00:00:00+00:00', '--job-id', '161', '--raw', '--subdir', 'DAGS_FOLDER/pipeline.py', '--cfg-path', '/tmp/tmp460q1me_', '--error-file', '/tmp/tmptat8fes4']
[2022-08-06 19:36:31,614] {standard_task_runner.py:80} INFO - Job 161: Subtask thrid_task
[2022-08-06 19:36:31,690] {task_command.py:371} INFO - Running <TaskInstance: our_first_dag_v5.thrid_task scheduled__2021-09-19T00:00:00+00:00 [running]> on host b29c168c1666
[2022-08-06 19:36:31,791] {taskinstance.py:1591} INFO - Exporting the following env vars:
AIRFLOW_CTX_DAG_OWNER=coder2j
AIRFLOW_CTX_DAG_ID=our_first_dag_v5
AIRFLOW_CTX_TASK_ID=thrid_task
AIRFLOW_CTX_EXECUTION_DATE=2021-09-19T00:00:00+00:00
AIRFLOW_CTX_TRY_NUMBER=1
AIRFLOW_CTX_DAG_RUN_ID=scheduled__2021-09-19T00:00:00+00:00
[2022-08-06 19:36:31,792] {subprocess.py:62} INFO - Tmp dir root location: 
 /tmp
[2022-08-06 19:36:31,793] {subprocess.py:74} INFO - Running command: ['bash', '-c', 'echo hey, I am task3 and will be running after task1 at the same time as task2!']
[2022-08-06 19:36:31,807] {subprocess.py:85} INFO - Output:
[2022-08-06 19:36:31,810] {subprocess.py:92} INFO - hey, I am task3 and will be running after task1 at the same time as task2!
[2022-08-06 19:36:31,810] {subprocess.py:96} INFO - Command exited with return code 0
[2022-08-06 19:36:31,842] {taskinstance.py:1420} INFO - Marking task as SUCCESS. dag_id=our_first_dag_v5, task_id=thrid_task, execution_date=20210919T000000, start_date=20220806T193631, end_date=20220806T193631
[2022-08-06 19:36:31,872] {local_task_job.py:156} INFO - Task exited with return code 0
[2022-08-06 19:36:31,916] {local_task_job.py:273} INFO - 0 downstream tasks scheduled from follow-on schedule check
[2022-08-06 21:50:25,035] {taskinstance.py:1179} INFO - Dependencies all met for <TaskInstance: our_first_dag_v5.thrid_task scheduled__2021-09-19T00:00:00+00:00 [queued]>
[2022-08-06 21:50:25,050] {taskinstance.py:1179} INFO - Dependencies all met for <TaskInstance: our_first_dag_v5.thrid_task scheduled__2021-09-19T00:00:00+00:00 [queued]>
[2022-08-06 21:50:25,051] {taskinstance.py:1376} INFO - 
--------------------------------------------------------------------------------
[2022-08-06 21:50:25,051] {taskinstance.py:1377} INFO - Starting attempt 1 of 6
[2022-08-06 21:50:25,051] {taskinstance.py:1378} INFO - 
--------------------------------------------------------------------------------
[2022-08-06 21:50:25,070] {taskinstance.py:1397} INFO - Executing <Task(BashOperator): thrid_task> on 2021-09-19 00:00:00+00:00
[2022-08-06 21:50:25,080] {standard_task_runner.py:52} INFO - Started process 769 to run task
[2022-08-06 21:50:25,084] {standard_task_runner.py:79} INFO - Running: ['***', 'tasks', 'run', 'our_first_dag_v5', 'thrid_task', 'scheduled__2021-09-19T00:00:00+00:00', '--job-id', '159', '--raw', '--subdir', 'DAGS_FOLDER/pipeline.py', '--cfg-path', '/tmp/tmp1cpfvuu8', '--error-file', '/tmp/tmp_fsbhk2v']
[2022-08-06 21:50:25,084] {standard_task_runner.py:80} INFO - Job 159: Subtask thrid_task
[2022-08-06 21:50:25,182] {task_command.py:371} INFO - Running <TaskInstance: our_first_dag_v5.thrid_task scheduled__2021-09-19T00:00:00+00:00 [running]> on host c3f731879890
[2022-08-06 21:50:25,286] {taskinstance.py:1591} INFO - Exporting the following env vars:
AIRFLOW_CTX_DAG_OWNER=coder2j
AIRFLOW_CTX_DAG_ID=our_first_dag_v5
AIRFLOW_CTX_TASK_ID=thrid_task
AIRFLOW_CTX_EXECUTION_DATE=2021-09-19T00:00:00+00:00
AIRFLOW_CTX_TRY_NUMBER=1
AIRFLOW_CTX_DAG_RUN_ID=scheduled__2021-09-19T00:00:00+00:00
[2022-08-06 21:50:25,287] {subprocess.py:62} INFO - Tmp dir root location: 
 /tmp
[2022-08-06 21:50:25,288] {subprocess.py:74} INFO - Running command: ['bash', '-c', 'echo hey, I am task3 and will be running after task1 at the same time as task2!']
[2022-08-06 21:50:25,304] {subprocess.py:85} INFO - Output:
[2022-08-06 21:50:25,305] {subprocess.py:92} INFO - hey, I am task3 and will be running after task1 at the same time as task2!
[2022-08-06 21:50:25,305] {subprocess.py:96} INFO - Command exited with return code 0
[2022-08-06 21:50:25,358] {taskinstance.py:1420} INFO - Marking task as SUCCESS. dag_id=our_first_dag_v5, task_id=thrid_task, execution_date=20210919T000000, start_date=20220806T215025, end_date=20220806T215025
[2022-08-06 21:50:25,416] {local_task_job.py:156} INFO - Task exited with return code 0
[2022-08-06 21:50:25,468] {local_task_job.py:273} INFO - 0 downstream tasks scheduled from follow-on schedule check
[2022-08-06 21:55:54,937] {taskinstance.py:1179} INFO - Dependencies all met for <TaskInstance: our_first_dag_v5.thrid_task scheduled__2021-09-19T00:00:00+00:00 [queued]>
[2022-08-06 21:55:54,953] {taskinstance.py:1179} INFO - Dependencies all met for <TaskInstance: our_first_dag_v5.thrid_task scheduled__2021-09-19T00:00:00+00:00 [queued]>
[2022-08-06 21:55:54,953] {taskinstance.py:1376} INFO - 
--------------------------------------------------------------------------------
[2022-08-06 21:55:54,953] {taskinstance.py:1377} INFO - Starting attempt 1 of 6
[2022-08-06 21:55:54,953] {taskinstance.py:1378} INFO - 
--------------------------------------------------------------------------------
[2022-08-06 21:55:54,976] {taskinstance.py:1397} INFO - Executing <Task(BashOperator): thrid_task> on 2021-09-19 00:00:00+00:00
[2022-08-06 21:55:54,985] {standard_task_runner.py:52} INFO - Started process 580 to run task
[2022-08-06 21:55:54,988] {standard_task_runner.py:79} INFO - Running: ['***', 'tasks', 'run', 'our_first_dag_v5', 'thrid_task', 'scheduled__2021-09-19T00:00:00+00:00', '--job-id', '163', '--raw', '--subdir', 'DAGS_FOLDER/pipeline.py', '--cfg-path', '/tmp/tmplbujvvc6', '--error-file', '/tmp/tmp2xxfuqek']
[2022-08-06 21:55:54,989] {standard_task_runner.py:80} INFO - Job 163: Subtask thrid_task
[2022-08-06 21:55:55,086] {task_command.py:371} INFO - Running <TaskInstance: our_first_dag_v5.thrid_task scheduled__2021-09-19T00:00:00+00:00 [running]> on host bc7e154a4fdd
[2022-08-06 21:55:55,196] {taskinstance.py:1591} INFO - Exporting the following env vars:
AIRFLOW_CTX_DAG_OWNER=coder2j
AIRFLOW_CTX_DAG_ID=our_first_dag_v5
AIRFLOW_CTX_TASK_ID=thrid_task
AIRFLOW_CTX_EXECUTION_DATE=2021-09-19T00:00:00+00:00
AIRFLOW_CTX_TRY_NUMBER=1
AIRFLOW_CTX_DAG_RUN_ID=scheduled__2021-09-19T00:00:00+00:00
[2022-08-06 21:55:55,197] {subprocess.py:62} INFO - Tmp dir root location: 
 /tmp
[2022-08-06 21:55:55,197] {subprocess.py:74} INFO - Running command: ['bash', '-c', 'echo hey, I am task3 and will be running after task1 at the same time as task2!']
[2022-08-06 21:55:55,211] {subprocess.py:85} INFO - Output:
[2022-08-06 21:55:55,214] {subprocess.py:92} INFO - hey, I am task3 and will be running after task1 at the same time as task2!
[2022-08-06 21:55:55,214] {subprocess.py:96} INFO - Command exited with return code 0
[2022-08-06 21:55:55,267] {taskinstance.py:1420} INFO - Marking task as SUCCESS. dag_id=our_first_dag_v5, task_id=thrid_task, execution_date=20210919T000000, start_date=20220806T215554, end_date=20220806T215555
[2022-08-06 21:55:55,323] {local_task_job.py:156} INFO - Task exited with return code 0
[2022-08-06 21:55:55,370] {local_task_job.py:273} INFO - 0 downstream tasks scheduled from follow-on schedule check
[2022-08-06 22:10:55,461] {taskinstance.py:1179} INFO - Dependencies all met for <TaskInstance: our_first_dag_v5.thrid_task scheduled__2021-09-19T00:00:00+00:00 [queued]>
[2022-08-06 22:10:55,478] {taskinstance.py:1179} INFO - Dependencies all met for <TaskInstance: our_first_dag_v5.thrid_task scheduled__2021-09-19T00:00:00+00:00 [queued]>
[2022-08-06 22:10:55,479] {taskinstance.py:1376} INFO - 
--------------------------------------------------------------------------------
[2022-08-06 22:10:55,479] {taskinstance.py:1377} INFO - Starting attempt 1 of 6
[2022-08-06 22:10:55,479] {taskinstance.py:1378} INFO - 
--------------------------------------------------------------------------------
[2022-08-06 22:10:55,496] {taskinstance.py:1397} INFO - Executing <Task(BashOperator): thrid_task> on 2021-09-19 00:00:00+00:00
[2022-08-06 22:10:55,502] {standard_task_runner.py:52} INFO - Started process 584 to run task
[2022-08-06 22:10:55,506] {standard_task_runner.py:79} INFO - Running: ['***', 'tasks', 'run', 'our_first_dag_v5', 'thrid_task', 'scheduled__2021-09-19T00:00:00+00:00', '--job-id', '160', '--raw', '--subdir', 'DAGS_FOLDER/pipeline.py', '--cfg-path', '/tmp/tmp44v2ukn1', '--error-file', '/tmp/tmpebd14l_e']
[2022-08-06 22:10:55,506] {standard_task_runner.py:80} INFO - Job 160: Subtask thrid_task
[2022-08-06 22:10:55,578] {task_command.py:371} INFO - Running <TaskInstance: our_first_dag_v5.thrid_task scheduled__2021-09-19T00:00:00+00:00 [running]> on host 1250c3b659cd
[2022-08-06 22:10:55,666] {taskinstance.py:1591} INFO - Exporting the following env vars:
AIRFLOW_CTX_DAG_OWNER=coder2j
AIRFLOW_CTX_DAG_ID=our_first_dag_v5
AIRFLOW_CTX_TASK_ID=thrid_task
AIRFLOW_CTX_EXECUTION_DATE=2021-09-19T00:00:00+00:00
AIRFLOW_CTX_TRY_NUMBER=1
AIRFLOW_CTX_DAG_RUN_ID=scheduled__2021-09-19T00:00:00+00:00
[2022-08-06 22:10:55,667] {subprocess.py:62} INFO - Tmp dir root location: 
 /tmp
[2022-08-06 22:10:55,668] {subprocess.py:74} INFO - Running command: ['bash', '-c', 'echo hey, I am task3 and will be running after task1 at the same time as task2!']
[2022-08-06 22:10:55,685] {subprocess.py:85} INFO - Output:
[2022-08-06 22:10:55,686] {subprocess.py:92} INFO - hey, I am task3 and will be running after task1 at the same time as task2!
[2022-08-06 22:10:55,686] {subprocess.py:96} INFO - Command exited with return code 0
[2022-08-06 22:10:55,725] {taskinstance.py:1420} INFO - Marking task as SUCCESS. dag_id=our_first_dag_v5, task_id=thrid_task, execution_date=20210919T000000, start_date=20220806T221055, end_date=20220806T221055
[2022-08-06 22:10:55,757] {local_task_job.py:156} INFO - Task exited with return code 0
[2022-08-06 22:10:55,796] {local_task_job.py:273} INFO - 0 downstream tasks scheduled from follow-on schedule check
[2022-08-06 22:18:41,793] {taskinstance.py:1179} INFO - Dependencies all met for <TaskInstance: our_first_dag_v5.thrid_task scheduled__2021-09-19T00:00:00+00:00 [queued]>
[2022-08-06 22:18:41,811] {taskinstance.py:1179} INFO - Dependencies all met for <TaskInstance: our_first_dag_v5.thrid_task scheduled__2021-09-19T00:00:00+00:00 [queued]>
[2022-08-06 22:18:41,811] {taskinstance.py:1376} INFO - 
--------------------------------------------------------------------------------
[2022-08-06 22:18:41,812] {taskinstance.py:1377} INFO - Starting attempt 1 of 6
[2022-08-06 22:18:41,812] {taskinstance.py:1378} INFO - 
--------------------------------------------------------------------------------
[2022-08-06 22:18:41,835] {taskinstance.py:1397} INFO - Executing <Task(BashOperator): thrid_task> on 2021-09-19 00:00:00+00:00
[2022-08-06 22:18:41,843] {standard_task_runner.py:52} INFO - Started process 593 to run task
[2022-08-06 22:18:41,847] {standard_task_runner.py:79} INFO - Running: ['***', 'tasks', 'run', 'our_first_dag_v5', 'thrid_task', 'scheduled__2021-09-19T00:00:00+00:00', '--job-id', '161', '--raw', '--subdir', 'DAGS_FOLDER/pipeline.py', '--cfg-path', '/tmp/tmpph25n7dz', '--error-file', '/tmp/tmpmda54tu5']
[2022-08-06 22:18:41,847] {standard_task_runner.py:80} INFO - Job 161: Subtask thrid_task
[2022-08-06 22:18:41,922] {task_command.py:371} INFO - Running <TaskInstance: our_first_dag_v5.thrid_task scheduled__2021-09-19T00:00:00+00:00 [running]> on host ed53bde1c44a
[2022-08-06 22:18:42,011] {taskinstance.py:1591} INFO - Exporting the following env vars:
AIRFLOW_CTX_DAG_OWNER=coder2j
AIRFLOW_CTX_DAG_ID=our_first_dag_v5
AIRFLOW_CTX_TASK_ID=thrid_task
AIRFLOW_CTX_EXECUTION_DATE=2021-09-19T00:00:00+00:00
AIRFLOW_CTX_TRY_NUMBER=1
AIRFLOW_CTX_DAG_RUN_ID=scheduled__2021-09-19T00:00:00+00:00
[2022-08-06 22:18:42,012] {subprocess.py:62} INFO - Tmp dir root location: 
 /tmp
[2022-08-06 22:18:42,013] {subprocess.py:74} INFO - Running command: ['bash', '-c', 'echo hey, I am task3 and will be running after task1 at the same time as task2!']
[2022-08-06 22:18:42,030] {subprocess.py:85} INFO - Output:
[2022-08-06 22:18:42,032] {subprocess.py:92} INFO - hey, I am task3 and will be running after task1 at the same time as task2!
[2022-08-06 22:18:42,033] {subprocess.py:96} INFO - Command exited with return code 0
[2022-08-06 22:18:42,075] {taskinstance.py:1420} INFO - Marking task as SUCCESS. dag_id=our_first_dag_v5, task_id=thrid_task, execution_date=20210919T000000, start_date=20220806T221841, end_date=20220806T221842
[2022-08-06 22:18:42,101] {local_task_job.py:156} INFO - Task exited with return code 0
[2022-08-06 22:18:42,137] {local_task_job.py:273} INFO - 0 downstream tasks scheduled from follow-on schedule check
[2022-08-06 22:22:17,488] {taskinstance.py:1179} INFO - Dependencies all met for <TaskInstance: our_first_dag_v5.thrid_task scheduled__2021-09-19T00:00:00+00:00 [queued]>
[2022-08-06 22:22:17,500] {taskinstance.py:1179} INFO - Dependencies all met for <TaskInstance: our_first_dag_v5.thrid_task scheduled__2021-09-19T00:00:00+00:00 [queued]>
[2022-08-06 22:22:17,500] {taskinstance.py:1376} INFO - 
--------------------------------------------------------------------------------
[2022-08-06 22:22:17,500] {taskinstance.py:1377} INFO - Starting attempt 1 of 6
[2022-08-06 22:22:17,500] {taskinstance.py:1378} INFO - 
--------------------------------------------------------------------------------
[2022-08-06 22:22:17,515] {taskinstance.py:1397} INFO - Executing <Task(BashOperator): thrid_task> on 2021-09-19 00:00:00+00:00
[2022-08-06 22:22:17,522] {standard_task_runner.py:52} INFO - Started process 626 to run task
[2022-08-06 22:22:17,524] {standard_task_runner.py:79} INFO - Running: ['***', 'tasks', 'run', 'our_first_dag_v5', 'thrid_task', 'scheduled__2021-09-19T00:00:00+00:00', '--job-id', '160', '--raw', '--subdir', 'DAGS_FOLDER/pipeline.py', '--cfg-path', '/tmp/tmp3pkrp2kb', '--error-file', '/tmp/tmp4woedu1m']
[2022-08-06 22:22:17,525] {standard_task_runner.py:80} INFO - Job 160: Subtask thrid_task
[2022-08-06 22:22:17,612] {task_command.py:371} INFO - Running <TaskInstance: our_first_dag_v5.thrid_task scheduled__2021-09-19T00:00:00+00:00 [running]> on host b215076695c3
[2022-08-06 22:22:17,732] {taskinstance.py:1591} INFO - Exporting the following env vars:
AIRFLOW_CTX_DAG_OWNER=coder2j
AIRFLOW_CTX_DAG_ID=our_first_dag_v5
AIRFLOW_CTX_TASK_ID=thrid_task
AIRFLOW_CTX_EXECUTION_DATE=2021-09-19T00:00:00+00:00
AIRFLOW_CTX_TRY_NUMBER=1
AIRFLOW_CTX_DAG_RUN_ID=scheduled__2021-09-19T00:00:00+00:00
[2022-08-06 22:22:17,733] {subprocess.py:62} INFO - Tmp dir root location: 
 /tmp
[2022-08-06 22:22:17,734] {subprocess.py:74} INFO - Running command: ['bash', '-c', 'echo hey, I am task3 and will be running after task1 at the same time as task2!']
[2022-08-06 22:22:17,750] {subprocess.py:85} INFO - Output:
[2022-08-06 22:22:17,752] {subprocess.py:92} INFO - hey, I am task3 and will be running after task1 at the same time as task2!
[2022-08-06 22:22:17,752] {subprocess.py:96} INFO - Command exited with return code 0
[2022-08-06 22:22:17,838] {taskinstance.py:1420} INFO - Marking task as SUCCESS. dag_id=our_first_dag_v5, task_id=thrid_task, execution_date=20210919T000000, start_date=20220806T222217, end_date=20220806T222217
[2022-08-06 22:22:17,896] {local_task_job.py:156} INFO - Task exited with return code 0
[2022-08-06 22:22:17,950] {local_task_job.py:273} INFO - 0 downstream tasks scheduled from follow-on schedule check
