[2022-08-06 19:36:36,502] {taskinstance.py:1179} INFO - Dependencies all met for <TaskInstance: our_first_dag_v5.first_task scheduled__2021-10-01T00:00:00+00:00 [queued]>
[2022-08-06 19:36:36,524] {taskinstance.py:1179} INFO - Dependencies all met for <TaskInstance: our_first_dag_v5.first_task scheduled__2021-10-01T00:00:00+00:00 [queued]>
[2022-08-06 19:36:36,524] {taskinstance.py:1376} INFO - 
--------------------------------------------------------------------------------
[2022-08-06 19:36:36,524] {taskinstance.py:1377} INFO - Starting attempt 1 of 6
[2022-08-06 19:36:36,524] {taskinstance.py:1378} INFO - 
--------------------------------------------------------------------------------
[2022-08-06 19:36:36,552] {taskinstance.py:1397} INFO - Executing <Task(BashOperator): first_task> on 2021-10-01 00:00:00+00:00
[2022-08-06 19:36:36,560] {standard_task_runner.py:52} INFO - Started process 673 to run task
[2022-08-06 19:36:36,563] {standard_task_runner.py:79} INFO - Running: ['***', 'tasks', 'run', 'our_first_dag_v5', 'first_task', 'scheduled__2021-10-01T00:00:00+00:00', '--job-id', '187', '--raw', '--subdir', 'DAGS_FOLDER/pipeline.py', '--cfg-path', '/tmp/tmp4nfm9ucp', '--error-file', '/tmp/tmp0534qn6c']
[2022-08-06 19:36:36,564] {standard_task_runner.py:80} INFO - Job 187: Subtask first_task
[2022-08-06 19:36:36,661] {task_command.py:371} INFO - Running <TaskInstance: our_first_dag_v5.first_task scheduled__2021-10-01T00:00:00+00:00 [running]> on host b29c168c1666
[2022-08-06 19:36:36,770] {taskinstance.py:1591} INFO - Exporting the following env vars:
AIRFLOW_CTX_DAG_OWNER=coder2j
AIRFLOW_CTX_DAG_ID=our_first_dag_v5
AIRFLOW_CTX_TASK_ID=first_task
AIRFLOW_CTX_EXECUTION_DATE=2021-10-01T00:00:00+00:00
AIRFLOW_CTX_TRY_NUMBER=1
AIRFLOW_CTX_DAG_RUN_ID=scheduled__2021-10-01T00:00:00+00:00
[2022-08-06 19:36:36,771] {subprocess.py:62} INFO - Tmp dir root location: 
 /tmp
[2022-08-06 19:36:36,772] {subprocess.py:74} INFO - Running command: ['bash', '-c', 'echo hello world, this is the first task!']
[2022-08-06 19:36:36,786] {subprocess.py:85} INFO - Output:
[2022-08-06 19:36:36,788] {subprocess.py:92} INFO - hello world, this is the first task!
[2022-08-06 19:36:36,788] {subprocess.py:96} INFO - Command exited with return code 0
[2022-08-06 19:36:36,822] {taskinstance.py:1420} INFO - Marking task as SUCCESS. dag_id=our_first_dag_v5, task_id=first_task, execution_date=20211001T000000, start_date=20220806T193636, end_date=20220806T193636
[2022-08-06 19:36:36,855] {local_task_job.py:156} INFO - Task exited with return code 0
[2022-08-06 19:36:36,894] {local_task_job.py:273} INFO - 2 downstream tasks scheduled from follow-on schedule check
[2022-08-06 21:50:29,627] {taskinstance.py:1179} INFO - Dependencies all met for <TaskInstance: our_first_dag_v5.first_task scheduled__2021-10-01T00:00:00+00:00 [queued]>
[2022-08-06 21:50:29,641] {taskinstance.py:1179} INFO - Dependencies all met for <TaskInstance: our_first_dag_v5.first_task scheduled__2021-10-01T00:00:00+00:00 [queued]>
[2022-08-06 21:50:29,641] {taskinstance.py:1376} INFO - 
--------------------------------------------------------------------------------
[2022-08-06 21:50:29,641] {taskinstance.py:1377} INFO - Starting attempt 1 of 6
[2022-08-06 21:50:29,641] {taskinstance.py:1378} INFO - 
--------------------------------------------------------------------------------
[2022-08-06 21:50:29,661] {taskinstance.py:1397} INFO - Executing <Task(BashOperator): first_task> on 2021-10-01 00:00:00+00:00
[2022-08-06 21:50:29,668] {standard_task_runner.py:52} INFO - Started process 859 to run task
[2022-08-06 21:50:29,672] {standard_task_runner.py:79} INFO - Running: ['***', 'tasks', 'run', 'our_first_dag_v5', 'first_task', 'scheduled__2021-10-01T00:00:00+00:00', '--job-id', '188', '--raw', '--subdir', 'DAGS_FOLDER/pipeline.py', '--cfg-path', '/tmp/tmpkam5t8p2', '--error-file', '/tmp/tmpde5wgblk']
[2022-08-06 21:50:29,672] {standard_task_runner.py:80} INFO - Job 188: Subtask first_task
[2022-08-06 21:50:29,764] {task_command.py:371} INFO - Running <TaskInstance: our_first_dag_v5.first_task scheduled__2021-10-01T00:00:00+00:00 [running]> on host c3f731879890
[2022-08-06 21:50:29,863] {taskinstance.py:1591} INFO - Exporting the following env vars:
AIRFLOW_CTX_DAG_OWNER=coder2j
AIRFLOW_CTX_DAG_ID=our_first_dag_v5
AIRFLOW_CTX_TASK_ID=first_task
AIRFLOW_CTX_EXECUTION_DATE=2021-10-01T00:00:00+00:00
AIRFLOW_CTX_TRY_NUMBER=1
AIRFLOW_CTX_DAG_RUN_ID=scheduled__2021-10-01T00:00:00+00:00
[2022-08-06 21:50:29,864] {subprocess.py:62} INFO - Tmp dir root location: 
 /tmp
[2022-08-06 21:50:29,865] {subprocess.py:74} INFO - Running command: ['bash', '-c', 'echo hello world, this is the first task!']
[2022-08-06 21:50:29,878] {subprocess.py:85} INFO - Output:
[2022-08-06 21:50:29,880] {subprocess.py:92} INFO - hello world, this is the first task!
[2022-08-06 21:50:29,880] {subprocess.py:96} INFO - Command exited with return code 0
[2022-08-06 21:50:29,911] {taskinstance.py:1420} INFO - Marking task as SUCCESS. dag_id=our_first_dag_v5, task_id=first_task, execution_date=20211001T000000, start_date=20220806T215029, end_date=20220806T215029
[2022-08-06 21:50:29,963] {local_task_job.py:156} INFO - Task exited with return code 0
[2022-08-06 21:50:30,023] {local_task_job.py:273} INFO - 2 downstream tasks scheduled from follow-on schedule check
[2022-08-06 21:55:58,908] {taskinstance.py:1179} INFO - Dependencies all met for <TaskInstance: our_first_dag_v5.first_task scheduled__2021-10-01T00:00:00+00:00 [queued]>
[2022-08-06 21:55:58,919] {taskinstance.py:1179} INFO - Dependencies all met for <TaskInstance: our_first_dag_v5.first_task scheduled__2021-10-01T00:00:00+00:00 [queued]>
[2022-08-06 21:55:58,920] {taskinstance.py:1376} INFO - 
--------------------------------------------------------------------------------
[2022-08-06 21:55:58,920] {taskinstance.py:1377} INFO - Starting attempt 1 of 6
[2022-08-06 21:55:58,920] {taskinstance.py:1378} INFO - 
--------------------------------------------------------------------------------
[2022-08-06 21:55:58,935] {taskinstance.py:1397} INFO - Executing <Task(BashOperator): first_task> on 2021-10-01 00:00:00+00:00
[2022-08-06 21:55:58,943] {standard_task_runner.py:52} INFO - Started process 659 to run task
[2022-08-06 21:55:58,946] {standard_task_runner.py:79} INFO - Running: ['***', 'tasks', 'run', 'our_first_dag_v5', 'first_task', 'scheduled__2021-10-01T00:00:00+00:00', '--job-id', '187', '--raw', '--subdir', 'DAGS_FOLDER/pipeline.py', '--cfg-path', '/tmp/tmpdpodp47e', '--error-file', '/tmp/tmpxovepmlo']
[2022-08-06 21:55:58,947] {standard_task_runner.py:80} INFO - Job 187: Subtask first_task
[2022-08-06 21:55:59,038] {task_command.py:371} INFO - Running <TaskInstance: our_first_dag_v5.first_task scheduled__2021-10-01T00:00:00+00:00 [running]> on host bc7e154a4fdd
[2022-08-06 21:55:59,149] {taskinstance.py:1591} INFO - Exporting the following env vars:
AIRFLOW_CTX_DAG_OWNER=coder2j
AIRFLOW_CTX_DAG_ID=our_first_dag_v5
AIRFLOW_CTX_TASK_ID=first_task
AIRFLOW_CTX_EXECUTION_DATE=2021-10-01T00:00:00+00:00
AIRFLOW_CTX_TRY_NUMBER=1
AIRFLOW_CTX_DAG_RUN_ID=scheduled__2021-10-01T00:00:00+00:00
[2022-08-06 21:55:59,150] {subprocess.py:62} INFO - Tmp dir root location: 
 /tmp
[2022-08-06 21:55:59,150] {subprocess.py:74} INFO - Running command: ['bash', '-c', 'echo hello world, this is the first task!']
[2022-08-06 21:55:59,168] {subprocess.py:85} INFO - Output:
[2022-08-06 21:55:59,170] {subprocess.py:92} INFO - hello world, this is the first task!
[2022-08-06 21:55:59,170] {subprocess.py:96} INFO - Command exited with return code 0
[2022-08-06 21:55:59,243] {taskinstance.py:1420} INFO - Marking task as SUCCESS. dag_id=our_first_dag_v5, task_id=first_task, execution_date=20211001T000000, start_date=20220806T215558, end_date=20220806T215559
[2022-08-06 21:55:59,277] {local_task_job.py:156} INFO - Task exited with return code 0
[2022-08-06 21:55:59,358] {local_task_job.py:273} INFO - 2 downstream tasks scheduled from follow-on schedule check
[2022-08-06 22:11:02,020] {taskinstance.py:1179} INFO - Dependencies all met for <TaskInstance: our_first_dag_v5.first_task scheduled__2021-10-01T00:00:00+00:00 [queued]>
[2022-08-06 22:11:02,028] {taskinstance.py:1179} INFO - Dependencies all met for <TaskInstance: our_first_dag_v5.first_task scheduled__2021-10-01T00:00:00+00:00 [queued]>
[2022-08-06 22:11:02,028] {taskinstance.py:1376} INFO - 
--------------------------------------------------------------------------------
[2022-08-06 22:11:02,028] {taskinstance.py:1377} INFO - Starting attempt 1 of 6
[2022-08-06 22:11:02,028] {taskinstance.py:1378} INFO - 
--------------------------------------------------------------------------------
[2022-08-06 22:11:02,040] {taskinstance.py:1397} INFO - Executing <Task(BashOperator): first_task> on 2021-10-01 00:00:00+00:00
[2022-08-06 22:11:02,044] {standard_task_runner.py:52} INFO - Started process 686 to run task
[2022-08-06 22:11:02,047] {standard_task_runner.py:79} INFO - Running: ['***', 'tasks', 'run', 'our_first_dag_v5', 'first_task', 'scheduled__2021-10-01T00:00:00+00:00', '--job-id', '192', '--raw', '--subdir', 'DAGS_FOLDER/pipeline.py', '--cfg-path', '/tmp/tmp5445u7cs', '--error-file', '/tmp/tmpb_gpj6m2']
[2022-08-06 22:11:02,047] {standard_task_runner.py:80} INFO - Job 192: Subtask first_task
[2022-08-06 22:11:02,122] {task_command.py:371} INFO - Running <TaskInstance: our_first_dag_v5.first_task scheduled__2021-10-01T00:00:00+00:00 [running]> on host 1250c3b659cd
[2022-08-06 22:11:02,195] {taskinstance.py:1591} INFO - Exporting the following env vars:
AIRFLOW_CTX_DAG_OWNER=coder2j
AIRFLOW_CTX_DAG_ID=our_first_dag_v5
AIRFLOW_CTX_TASK_ID=first_task
AIRFLOW_CTX_EXECUTION_DATE=2021-10-01T00:00:00+00:00
AIRFLOW_CTX_TRY_NUMBER=1
AIRFLOW_CTX_DAG_RUN_ID=scheduled__2021-10-01T00:00:00+00:00
[2022-08-06 22:11:02,196] {subprocess.py:62} INFO - Tmp dir root location: 
 /tmp
[2022-08-06 22:11:02,196] {subprocess.py:74} INFO - Running command: ['bash', '-c', 'echo hello world, this is the first task!']
[2022-08-06 22:11:02,209] {subprocess.py:85} INFO - Output:
[2022-08-06 22:11:02,211] {subprocess.py:92} INFO - hello world, this is the first task!
[2022-08-06 22:11:02,212] {subprocess.py:96} INFO - Command exited with return code 0
[2022-08-06 22:11:02,247] {taskinstance.py:1420} INFO - Marking task as SUCCESS. dag_id=our_first_dag_v5, task_id=first_task, execution_date=20211001T000000, start_date=20220806T221102, end_date=20220806T221102
[2022-08-06 22:11:02,297] {local_task_job.py:156} INFO - Task exited with return code 0
[2022-08-06 22:11:02,339] {local_task_job.py:273} INFO - 2 downstream tasks scheduled from follow-on schedule check
[2022-08-06 22:18:49,144] {taskinstance.py:1179} INFO - Dependencies all met for <TaskInstance: our_first_dag_v5.first_task scheduled__2021-10-01T00:00:00+00:00 [queued]>
[2022-08-06 22:18:49,155] {taskinstance.py:1179} INFO - Dependencies all met for <TaskInstance: our_first_dag_v5.first_task scheduled__2021-10-01T00:00:00+00:00 [queued]>
[2022-08-06 22:18:49,155] {taskinstance.py:1376} INFO - 
--------------------------------------------------------------------------------
[2022-08-06 22:18:49,155] {taskinstance.py:1377} INFO - Starting attempt 1 of 6
[2022-08-06 22:18:49,155] {taskinstance.py:1378} INFO - 
--------------------------------------------------------------------------------
[2022-08-06 22:18:49,168] {taskinstance.py:1397} INFO - Executing <Task(BashOperator): first_task> on 2021-10-01 00:00:00+00:00
[2022-08-06 22:18:49,173] {standard_task_runner.py:52} INFO - Started process 696 to run task
[2022-08-06 22:18:49,175] {standard_task_runner.py:79} INFO - Running: ['***', 'tasks', 'run', 'our_first_dag_v5', 'first_task', 'scheduled__2021-10-01T00:00:00+00:00', '--job-id', '192', '--raw', '--subdir', 'DAGS_FOLDER/pipeline.py', '--cfg-path', '/tmp/tmp6typ0mld', '--error-file', '/tmp/tmprmr509ea']
[2022-08-06 22:18:49,175] {standard_task_runner.py:80} INFO - Job 192: Subtask first_task
[2022-08-06 22:18:49,235] {task_command.py:371} INFO - Running <TaskInstance: our_first_dag_v5.first_task scheduled__2021-10-01T00:00:00+00:00 [running]> on host ed53bde1c44a
[2022-08-06 22:18:49,306] {taskinstance.py:1591} INFO - Exporting the following env vars:
AIRFLOW_CTX_DAG_OWNER=coder2j
AIRFLOW_CTX_DAG_ID=our_first_dag_v5
AIRFLOW_CTX_TASK_ID=first_task
AIRFLOW_CTX_EXECUTION_DATE=2021-10-01T00:00:00+00:00
AIRFLOW_CTX_TRY_NUMBER=1
AIRFLOW_CTX_DAG_RUN_ID=scheduled__2021-10-01T00:00:00+00:00
[2022-08-06 22:18:49,307] {subprocess.py:62} INFO - Tmp dir root location: 
 /tmp
[2022-08-06 22:18:49,307] {subprocess.py:74} INFO - Running command: ['bash', '-c', 'echo hello world, this is the first task!']
[2022-08-06 22:18:49,319] {subprocess.py:85} INFO - Output:
[2022-08-06 22:18:49,321] {subprocess.py:92} INFO - hello world, this is the first task!
[2022-08-06 22:18:49,321] {subprocess.py:96} INFO - Command exited with return code 0
[2022-08-06 22:18:49,347] {taskinstance.py:1420} INFO - Marking task as SUCCESS. dag_id=our_first_dag_v5, task_id=first_task, execution_date=20211001T000000, start_date=20220806T221849, end_date=20220806T221849
[2022-08-06 22:18:49,386] {local_task_job.py:156} INFO - Task exited with return code 0
[2022-08-06 22:18:49,431] {local_task_job.py:273} INFO - 0 downstream tasks scheduled from follow-on schedule check
[2022-08-06 22:22:22,045] {taskinstance.py:1179} INFO - Dependencies all met for <TaskInstance: our_first_dag_v5.first_task scheduled__2021-10-01T00:00:00+00:00 [queued]>
[2022-08-06 22:22:22,059] {taskinstance.py:1179} INFO - Dependencies all met for <TaskInstance: our_first_dag_v5.first_task scheduled__2021-10-01T00:00:00+00:00 [queued]>
[2022-08-06 22:22:22,059] {taskinstance.py:1376} INFO - 
--------------------------------------------------------------------------------
[2022-08-06 22:22:22,059] {taskinstance.py:1377} INFO - Starting attempt 1 of 6
[2022-08-06 22:22:22,059] {taskinstance.py:1378} INFO - 
--------------------------------------------------------------------------------
[2022-08-06 22:22:22,076] {taskinstance.py:1397} INFO - Executing <Task(BashOperator): first_task> on 2021-10-01 00:00:00+00:00
[2022-08-06 22:22:22,082] {standard_task_runner.py:52} INFO - Started process 716 to run task
[2022-08-06 22:22:22,085] {standard_task_runner.py:79} INFO - Running: ['***', 'tasks', 'run', 'our_first_dag_v5', 'first_task', 'scheduled__2021-10-01T00:00:00+00:00', '--job-id', '186', '--raw', '--subdir', 'DAGS_FOLDER/pipeline.py', '--cfg-path', '/tmp/tmp61ayr7lw', '--error-file', '/tmp/tmpd_8bsdcr']
[2022-08-06 22:22:22,085] {standard_task_runner.py:80} INFO - Job 186: Subtask first_task
[2022-08-06 22:22:22,169] {task_command.py:371} INFO - Running <TaskInstance: our_first_dag_v5.first_task scheduled__2021-10-01T00:00:00+00:00 [running]> on host b215076695c3
[2022-08-06 22:22:22,271] {taskinstance.py:1591} INFO - Exporting the following env vars:
AIRFLOW_CTX_DAG_OWNER=coder2j
AIRFLOW_CTX_DAG_ID=our_first_dag_v5
AIRFLOW_CTX_TASK_ID=first_task
AIRFLOW_CTX_EXECUTION_DATE=2021-10-01T00:00:00+00:00
AIRFLOW_CTX_TRY_NUMBER=1
AIRFLOW_CTX_DAG_RUN_ID=scheduled__2021-10-01T00:00:00+00:00
[2022-08-06 22:22:22,272] {subprocess.py:62} INFO - Tmp dir root location: 
 /tmp
[2022-08-06 22:22:22,273] {subprocess.py:74} INFO - Running command: ['bash', '-c', 'echo hello world, this is the first task!']
[2022-08-06 22:22:22,290] {subprocess.py:85} INFO - Output:
[2022-08-06 22:22:22,291] {subprocess.py:92} INFO - hello world, this is the first task!
[2022-08-06 22:22:22,292] {subprocess.py:96} INFO - Command exited with return code 0
[2022-08-06 22:22:22,374] {taskinstance.py:1420} INFO - Marking task as SUCCESS. dag_id=our_first_dag_v5, task_id=first_task, execution_date=20211001T000000, start_date=20220806T222222, end_date=20220806T222222
[2022-08-06 22:22:22,417] {local_task_job.py:156} INFO - Task exited with return code 0
[2022-08-06 22:22:22,461] {local_task_job.py:273} INFO - 2 downstream tasks scheduled from follow-on schedule check
