[2022-08-06 19:37:02,475] {taskinstance.py:1179} INFO - Dependencies all met for <TaskInstance: our_first_dag_v5.thrid_task scheduled__2021-11-05T00:00:00+00:00 [queued]>
[2022-08-06 19:37:02,491] {taskinstance.py:1179} INFO - Dependencies all met for <TaskInstance: our_first_dag_v5.thrid_task scheduled__2021-11-05T00:00:00+00:00 [queued]>
[2022-08-06 19:37:02,491] {taskinstance.py:1376} INFO - 
--------------------------------------------------------------------------------
[2022-08-06 19:37:02,491] {taskinstance.py:1377} INFO - Starting attempt 1 of 6
[2022-08-06 19:37:02,491] {taskinstance.py:1378} INFO - 
--------------------------------------------------------------------------------
[2022-08-06 19:37:02,513] {taskinstance.py:1397} INFO - Executing <Task(BashOperator): thrid_task> on 2021-11-05 00:00:00+00:00
[2022-08-06 19:37:02,521] {standard_task_runner.py:52} INFO - Started process 1036 to run task
[2022-08-06 19:37:02,524] {standard_task_runner.py:79} INFO - Running: ['***', 'tasks', 'run', 'our_first_dag_v5', 'thrid_task', 'scheduled__2021-11-05T00:00:00+00:00', '--job-id', '301', '--raw', '--subdir', 'DAGS_FOLDER/pipeline.py', '--cfg-path', '/tmp/tmpv60rvfxa', '--error-file', '/tmp/tmpich849f4']
[2022-08-06 19:37:02,525] {standard_task_runner.py:80} INFO - Job 301: Subtask thrid_task
[2022-08-06 19:37:02,622] {task_command.py:371} INFO - Running <TaskInstance: our_first_dag_v5.thrid_task scheduled__2021-11-05T00:00:00+00:00 [running]> on host b29c168c1666
[2022-08-06 19:37:02,735] {taskinstance.py:1591} INFO - Exporting the following env vars:
AIRFLOW_CTX_DAG_OWNER=coder2j
AIRFLOW_CTX_DAG_ID=our_first_dag_v5
AIRFLOW_CTX_TASK_ID=thrid_task
AIRFLOW_CTX_EXECUTION_DATE=2021-11-05T00:00:00+00:00
AIRFLOW_CTX_TRY_NUMBER=1
AIRFLOW_CTX_DAG_RUN_ID=scheduled__2021-11-05T00:00:00+00:00
[2022-08-06 19:37:02,737] {subprocess.py:62} INFO - Tmp dir root location: 
 /tmp
[2022-08-06 19:37:02,737] {subprocess.py:74} INFO - Running command: ['bash', '-c', 'echo hey, I am task3 and will be running after task1 at the same time as task2!']
[2022-08-06 19:37:02,756] {subprocess.py:85} INFO - Output:
[2022-08-06 19:37:02,758] {subprocess.py:92} INFO - hey, I am task3 and will be running after task1 at the same time as task2!
[2022-08-06 19:37:02,759] {subprocess.py:96} INFO - Command exited with return code 0
[2022-08-06 19:37:02,793] {taskinstance.py:1420} INFO - Marking task as SUCCESS. dag_id=our_first_dag_v5, task_id=thrid_task, execution_date=20211105T000000, start_date=20220806T193702, end_date=20220806T193702
[2022-08-06 19:37:02,816] {local_task_job.py:156} INFO - Task exited with return code 0
[2022-08-06 19:37:02,865] {local_task_job.py:273} INFO - 0 downstream tasks scheduled from follow-on schedule check
[2022-08-06 21:50:53,869] {taskinstance.py:1179} INFO - Dependencies all met for <TaskInstance: our_first_dag_v5.thrid_task scheduled__2021-11-05T00:00:00+00:00 [queued]>
[2022-08-06 21:50:53,886] {taskinstance.py:1179} INFO - Dependencies all met for <TaskInstance: our_first_dag_v5.thrid_task scheduled__2021-11-05T00:00:00+00:00 [queued]>
[2022-08-06 21:50:53,886] {taskinstance.py:1376} INFO - 
--------------------------------------------------------------------------------
[2022-08-06 21:50:53,886] {taskinstance.py:1377} INFO - Starting attempt 1 of 6
[2022-08-06 21:50:53,886] {taskinstance.py:1378} INFO - 
--------------------------------------------------------------------------------
[2022-08-06 21:50:53,908] {taskinstance.py:1397} INFO - Executing <Task(BashOperator): thrid_task> on 2021-11-05 00:00:00+00:00
[2022-08-06 21:50:53,916] {standard_task_runner.py:52} INFO - Started process 1216 to run task
[2022-08-06 21:50:53,919] {standard_task_runner.py:79} INFO - Running: ['***', 'tasks', 'run', 'our_first_dag_v5', 'thrid_task', 'scheduled__2021-11-05T00:00:00+00:00', '--job-id', '299', '--raw', '--subdir', 'DAGS_FOLDER/pipeline.py', '--cfg-path', '/tmp/tmpsml5pdia', '--error-file', '/tmp/tmp839qabot']
[2022-08-06 21:50:53,919] {standard_task_runner.py:80} INFO - Job 299: Subtask thrid_task
[2022-08-06 21:50:53,997] {task_command.py:371} INFO - Running <TaskInstance: our_first_dag_v5.thrid_task scheduled__2021-11-05T00:00:00+00:00 [running]> on host c3f731879890
[2022-08-06 21:50:54,126] {taskinstance.py:1591} INFO - Exporting the following env vars:
AIRFLOW_CTX_DAG_OWNER=coder2j
AIRFLOW_CTX_DAG_ID=our_first_dag_v5
AIRFLOW_CTX_TASK_ID=thrid_task
AIRFLOW_CTX_EXECUTION_DATE=2021-11-05T00:00:00+00:00
AIRFLOW_CTX_TRY_NUMBER=1
AIRFLOW_CTX_DAG_RUN_ID=scheduled__2021-11-05T00:00:00+00:00
[2022-08-06 21:50:54,127] {subprocess.py:62} INFO - Tmp dir root location: 
 /tmp
[2022-08-06 21:50:54,127] {subprocess.py:74} INFO - Running command: ['bash', '-c', 'echo hey, I am task3 and will be running after task1 at the same time as task2!']
[2022-08-06 21:50:54,142] {subprocess.py:85} INFO - Output:
[2022-08-06 21:50:54,143] {subprocess.py:92} INFO - hey, I am task3 and will be running after task1 at the same time as task2!
[2022-08-06 21:50:54,143] {subprocess.py:96} INFO - Command exited with return code 0
[2022-08-06 21:50:54,177] {taskinstance.py:1420} INFO - Marking task as SUCCESS. dag_id=our_first_dag_v5, task_id=thrid_task, execution_date=20211105T000000, start_date=20220806T215053, end_date=20220806T215054
[2022-08-06 21:50:54,211] {local_task_job.py:156} INFO - Task exited with return code 0
[2022-08-06 21:50:54,251] {local_task_job.py:273} INFO - 0 downstream tasks scheduled from follow-on schedule check
[2022-08-06 21:56:22,243] {taskinstance.py:1179} INFO - Dependencies all met for <TaskInstance: our_first_dag_v5.thrid_task scheduled__2021-11-05T00:00:00+00:00 [queued]>
[2022-08-06 21:56:22,258] {taskinstance.py:1179} INFO - Dependencies all met for <TaskInstance: our_first_dag_v5.thrid_task scheduled__2021-11-05T00:00:00+00:00 [queued]>
[2022-08-06 21:56:22,258] {taskinstance.py:1376} INFO - 
--------------------------------------------------------------------------------
[2022-08-06 21:56:22,258] {taskinstance.py:1377} INFO - Starting attempt 1 of 6
[2022-08-06 21:56:22,258] {taskinstance.py:1378} INFO - 
--------------------------------------------------------------------------------
[2022-08-06 21:56:22,276] {taskinstance.py:1397} INFO - Executing <Task(BashOperator): thrid_task> on 2021-11-05 00:00:00+00:00
[2022-08-06 21:56:22,283] {standard_task_runner.py:52} INFO - Started process 1023 to run task
[2022-08-06 21:56:22,286] {standard_task_runner.py:79} INFO - Running: ['***', 'tasks', 'run', 'our_first_dag_v5', 'thrid_task', 'scheduled__2021-11-05T00:00:00+00:00', '--job-id', '303', '--raw', '--subdir', 'DAGS_FOLDER/pipeline.py', '--cfg-path', '/tmp/tmp9gpe3fjy', '--error-file', '/tmp/tmp6loie3ky']
[2022-08-06 21:56:22,286] {standard_task_runner.py:80} INFO - Job 303: Subtask thrid_task
[2022-08-06 21:56:22,373] {task_command.py:371} INFO - Running <TaskInstance: our_first_dag_v5.thrid_task scheduled__2021-11-05T00:00:00+00:00 [running]> on host bc7e154a4fdd
[2022-08-06 21:56:22,487] {taskinstance.py:1591} INFO - Exporting the following env vars:
AIRFLOW_CTX_DAG_OWNER=coder2j
AIRFLOW_CTX_DAG_ID=our_first_dag_v5
AIRFLOW_CTX_TASK_ID=thrid_task
AIRFLOW_CTX_EXECUTION_DATE=2021-11-05T00:00:00+00:00
AIRFLOW_CTX_TRY_NUMBER=1
AIRFLOW_CTX_DAG_RUN_ID=scheduled__2021-11-05T00:00:00+00:00
[2022-08-06 21:56:22,488] {subprocess.py:62} INFO - Tmp dir root location: 
 /tmp
[2022-08-06 21:56:22,488] {subprocess.py:74} INFO - Running command: ['bash', '-c', 'echo hey, I am task3 and will be running after task1 at the same time as task2!']
[2022-08-06 21:56:22,507] {subprocess.py:85} INFO - Output:
[2022-08-06 21:56:22,509] {subprocess.py:92} INFO - hey, I am task3 and will be running after task1 at the same time as task2!
[2022-08-06 21:56:22,509] {subprocess.py:96} INFO - Command exited with return code 0
[2022-08-06 21:56:22,587] {taskinstance.py:1420} INFO - Marking task as SUCCESS. dag_id=our_first_dag_v5, task_id=thrid_task, execution_date=20211105T000000, start_date=20220806T215622, end_date=20220806T215622
[2022-08-06 21:56:22,618] {local_task_job.py:156} INFO - Task exited with return code 0
[2022-08-06 21:56:22,663] {local_task_job.py:273} INFO - 0 downstream tasks scheduled from follow-on schedule check
[2022-08-06 22:11:22,212] {taskinstance.py:1179} INFO - Dependencies all met for <TaskInstance: our_first_dag_v5.thrid_task scheduled__2021-11-05T00:00:00+00:00 [queued]>
[2022-08-06 22:11:22,224] {taskinstance.py:1179} INFO - Dependencies all met for <TaskInstance: our_first_dag_v5.thrid_task scheduled__2021-11-05T00:00:00+00:00 [queued]>
[2022-08-06 22:11:22,224] {taskinstance.py:1376} INFO - 
--------------------------------------------------------------------------------
[2022-08-06 22:11:22,224] {taskinstance.py:1377} INFO - Starting attempt 1 of 6
[2022-08-06 22:11:22,224] {taskinstance.py:1378} INFO - 
--------------------------------------------------------------------------------
[2022-08-06 22:11:22,240] {taskinstance.py:1397} INFO - Executing <Task(BashOperator): thrid_task> on 2021-11-05 00:00:00+00:00
[2022-08-06 22:11:22,248] {standard_task_runner.py:52} INFO - Started process 1022 to run task
[2022-08-06 22:11:22,254] {standard_task_runner.py:79} INFO - Running: ['***', 'tasks', 'run', 'our_first_dag_v5', 'thrid_task', 'scheduled__2021-11-05T00:00:00+00:00', '--job-id', '301', '--raw', '--subdir', 'DAGS_FOLDER/pipeline.py', '--cfg-path', '/tmp/tmpipbmi0qt', '--error-file', '/tmp/tmp_70h2e8e']
[2022-08-06 22:11:22,254] {standard_task_runner.py:80} INFO - Job 301: Subtask thrid_task
[2022-08-06 22:11:22,335] {task_command.py:371} INFO - Running <TaskInstance: our_first_dag_v5.thrid_task scheduled__2021-11-05T00:00:00+00:00 [running]> on host 1250c3b659cd
[2022-08-06 22:11:22,425] {taskinstance.py:1591} INFO - Exporting the following env vars:
AIRFLOW_CTX_DAG_OWNER=coder2j
AIRFLOW_CTX_DAG_ID=our_first_dag_v5
AIRFLOW_CTX_TASK_ID=thrid_task
AIRFLOW_CTX_EXECUTION_DATE=2021-11-05T00:00:00+00:00
AIRFLOW_CTX_TRY_NUMBER=1
AIRFLOW_CTX_DAG_RUN_ID=scheduled__2021-11-05T00:00:00+00:00
[2022-08-06 22:11:22,425] {subprocess.py:62} INFO - Tmp dir root location: 
 /tmp
[2022-08-06 22:11:22,426] {subprocess.py:74} INFO - Running command: ['bash', '-c', 'echo hey, I am task3 and will be running after task1 at the same time as task2!']
[2022-08-06 22:11:22,443] {subprocess.py:85} INFO - Output:
[2022-08-06 22:11:22,445] {subprocess.py:92} INFO - hey, I am task3 and will be running after task1 at the same time as task2!
[2022-08-06 22:11:22,445] {subprocess.py:96} INFO - Command exited with return code 0
[2022-08-06 22:11:22,483] {taskinstance.py:1420} INFO - Marking task as SUCCESS. dag_id=our_first_dag_v5, task_id=thrid_task, execution_date=20211105T000000, start_date=20220806T221122, end_date=20220806T221122
[2022-08-06 22:11:22,543] {local_task_job.py:156} INFO - Task exited with return code 0
[2022-08-06 22:11:22,593] {local_task_job.py:273} INFO - 0 downstream tasks scheduled from follow-on schedule check
[2022-08-06 22:19:06,853] {taskinstance.py:1179} INFO - Dependencies all met for <TaskInstance: our_first_dag_v5.thrid_task scheduled__2021-11-05T00:00:00+00:00 [queued]>
[2022-08-06 22:19:06,871] {taskinstance.py:1179} INFO - Dependencies all met for <TaskInstance: our_first_dag_v5.thrid_task scheduled__2021-11-05T00:00:00+00:00 [queued]>
[2022-08-06 22:19:06,872] {taskinstance.py:1376} INFO - 
--------------------------------------------------------------------------------
[2022-08-06 22:19:06,872] {taskinstance.py:1377} INFO - Starting attempt 1 of 6
[2022-08-06 22:19:06,872] {taskinstance.py:1378} INFO - 
--------------------------------------------------------------------------------
[2022-08-06 22:19:06,895] {taskinstance.py:1397} INFO - Executing <Task(BashOperator): thrid_task> on 2021-11-05 00:00:00+00:00
[2022-08-06 22:19:06,902] {standard_task_runner.py:52} INFO - Started process 1039 to run task
[2022-08-06 22:19:06,905] {standard_task_runner.py:79} INFO - Running: ['***', 'tasks', 'run', 'our_first_dag_v5', 'thrid_task', 'scheduled__2021-11-05T00:00:00+00:00', '--job-id', '300', '--raw', '--subdir', 'DAGS_FOLDER/pipeline.py', '--cfg-path', '/tmp/tmpku4wntsw', '--error-file', '/tmp/tmp1sq6bivi']
[2022-08-06 22:19:06,905] {standard_task_runner.py:80} INFO - Job 300: Subtask thrid_task
[2022-08-06 22:19:06,997] {task_command.py:371} INFO - Running <TaskInstance: our_first_dag_v5.thrid_task scheduled__2021-11-05T00:00:00+00:00 [running]> on host ed53bde1c44a
[2022-08-06 22:19:07,092] {taskinstance.py:1591} INFO - Exporting the following env vars:
AIRFLOW_CTX_DAG_OWNER=coder2j
AIRFLOW_CTX_DAG_ID=our_first_dag_v5
AIRFLOW_CTX_TASK_ID=thrid_task
AIRFLOW_CTX_EXECUTION_DATE=2021-11-05T00:00:00+00:00
AIRFLOW_CTX_TRY_NUMBER=1
AIRFLOW_CTX_DAG_RUN_ID=scheduled__2021-11-05T00:00:00+00:00
[2022-08-06 22:19:07,093] {subprocess.py:62} INFO - Tmp dir root location: 
 /tmp
[2022-08-06 22:19:07,093] {subprocess.py:74} INFO - Running command: ['bash', '-c', 'echo hey, I am task3 and will be running after task1 at the same time as task2!']
[2022-08-06 22:19:07,106] {subprocess.py:85} INFO - Output:
[2022-08-06 22:19:07,108] {subprocess.py:92} INFO - hey, I am task3 and will be running after task1 at the same time as task2!
[2022-08-06 22:19:07,108] {subprocess.py:96} INFO - Command exited with return code 0
[2022-08-06 22:19:07,146] {taskinstance.py:1420} INFO - Marking task as SUCCESS. dag_id=our_first_dag_v5, task_id=thrid_task, execution_date=20211105T000000, start_date=20220806T221906, end_date=20220806T221907
[2022-08-06 22:19:07,201] {local_task_job.py:156} INFO - Task exited with return code 0
[2022-08-06 22:19:07,242] {local_task_job.py:273} INFO - 0 downstream tasks scheduled from follow-on schedule check
[2022-08-06 22:22:46,398] {taskinstance.py:1179} INFO - Dependencies all met for <TaskInstance: our_first_dag_v5.thrid_task scheduled__2021-11-05T00:00:00+00:00 [queued]>
[2022-08-06 22:22:46,412] {taskinstance.py:1179} INFO - Dependencies all met for <TaskInstance: our_first_dag_v5.thrid_task scheduled__2021-11-05T00:00:00+00:00 [queued]>
[2022-08-06 22:22:46,412] {taskinstance.py:1376} INFO - 
--------------------------------------------------------------------------------
[2022-08-06 22:22:46,412] {taskinstance.py:1377} INFO - Starting attempt 1 of 6
[2022-08-06 22:22:46,412] {taskinstance.py:1378} INFO - 
--------------------------------------------------------------------------------
[2022-08-06 22:22:46,429] {taskinstance.py:1397} INFO - Executing <Task(BashOperator): thrid_task> on 2021-11-05 00:00:00+00:00
[2022-08-06 22:22:46,436] {standard_task_runner.py:52} INFO - Started process 1081 to run task
[2022-08-06 22:22:46,439] {standard_task_runner.py:79} INFO - Running: ['***', 'tasks', 'run', 'our_first_dag_v5', 'thrid_task', 'scheduled__2021-11-05T00:00:00+00:00', '--job-id', '302', '--raw', '--subdir', 'DAGS_FOLDER/pipeline.py', '--cfg-path', '/tmp/tmp5gmv7o_0', '--error-file', '/tmp/tmpbkc3ap34']
[2022-08-06 22:22:46,440] {standard_task_runner.py:80} INFO - Job 302: Subtask thrid_task
[2022-08-06 22:22:46,541] {task_command.py:371} INFO - Running <TaskInstance: our_first_dag_v5.thrid_task scheduled__2021-11-05T00:00:00+00:00 [running]> on host b215076695c3
[2022-08-06 22:22:46,674] {taskinstance.py:1591} INFO - Exporting the following env vars:
AIRFLOW_CTX_DAG_OWNER=coder2j
AIRFLOW_CTX_DAG_ID=our_first_dag_v5
AIRFLOW_CTX_TASK_ID=thrid_task
AIRFLOW_CTX_EXECUTION_DATE=2021-11-05T00:00:00+00:00
AIRFLOW_CTX_TRY_NUMBER=1
AIRFLOW_CTX_DAG_RUN_ID=scheduled__2021-11-05T00:00:00+00:00
[2022-08-06 22:22:46,675] {subprocess.py:62} INFO - Tmp dir root location: 
 /tmp
[2022-08-06 22:22:46,675] {subprocess.py:74} INFO - Running command: ['bash', '-c', 'echo hey, I am task3 and will be running after task1 at the same time as task2!']
[2022-08-06 22:22:46,699] {subprocess.py:85} INFO - Output:
[2022-08-06 22:22:46,699] {subprocess.py:92} INFO - hey, I am task3 and will be running after task1 at the same time as task2!
[2022-08-06 22:22:46,700] {subprocess.py:96} INFO - Command exited with return code 0
[2022-08-06 22:22:46,738] {taskinstance.py:1420} INFO - Marking task as SUCCESS. dag_id=our_first_dag_v5, task_id=thrid_task, execution_date=20211105T000000, start_date=20220806T222246, end_date=20220806T222246
[2022-08-06 22:22:46,773] {local_task_job.py:156} INFO - Task exited with return code 0
[2022-08-06 22:22:46,875] {local_task_job.py:273} INFO - 0 downstream tasks scheduled from follow-on schedule check
