[2022-08-06 19:39:33,177] {taskinstance.py:1179} INFO - Dependencies all met for <TaskInstance: our_first_dag_v5.first_task scheduled__2022-07-11T00:00:00+00:00 [queued]>
[2022-08-06 19:39:33,192] {taskinstance.py:1179} INFO - Dependencies all met for <TaskInstance: our_first_dag_v5.first_task scheduled__2022-07-11T00:00:00+00:00 [queued]>
[2022-08-06 19:39:33,192] {taskinstance.py:1376} INFO - 
--------------------------------------------------------------------------------
[2022-08-06 19:39:33,192] {taskinstance.py:1377} INFO - Starting attempt 1 of 6
[2022-08-06 19:39:33,192] {taskinstance.py:1378} INFO - 
--------------------------------------------------------------------------------
[2022-08-06 19:39:33,214] {taskinstance.py:1397} INFO - Executing <Task(BashOperator): first_task> on 2022-07-11 00:00:00+00:00
[2022-08-06 19:39:33,222] {standard_task_runner.py:52} INFO - Started process 3359 to run task
[2022-08-06 19:39:33,224] {standard_task_runner.py:79} INFO - Running: ['***', 'tasks', 'run', 'our_first_dag_v5', 'first_task', 'scheduled__2022-07-11T00:00:00+00:00', '--job-id', '1039', '--raw', '--subdir', 'DAGS_FOLDER/pipeline.py', '--cfg-path', '/tmp/tmpgnezm0sw', '--error-file', '/tmp/tmp47f_s0fi']
[2022-08-06 19:39:33,224] {standard_task_runner.py:80} INFO - Job 1039: Subtask first_task
[2022-08-06 19:39:33,327] {task_command.py:371} INFO - Running <TaskInstance: our_first_dag_v5.first_task scheduled__2022-07-11T00:00:00+00:00 [running]> on host b29c168c1666
[2022-08-06 19:39:33,443] {taskinstance.py:1591} INFO - Exporting the following env vars:
AIRFLOW_CTX_DAG_OWNER=coder2j
AIRFLOW_CTX_DAG_ID=our_first_dag_v5
AIRFLOW_CTX_TASK_ID=first_task
AIRFLOW_CTX_EXECUTION_DATE=2022-07-11T00:00:00+00:00
AIRFLOW_CTX_TRY_NUMBER=1
AIRFLOW_CTX_DAG_RUN_ID=scheduled__2022-07-11T00:00:00+00:00
[2022-08-06 19:39:33,444] {subprocess.py:62} INFO - Tmp dir root location: 
 /tmp
[2022-08-06 19:39:33,445] {subprocess.py:74} INFO - Running command: ['bash', '-c', 'echo hello world, this is the first task!']
[2022-08-06 19:39:33,461] {subprocess.py:85} INFO - Output:
[2022-08-06 19:39:33,463] {subprocess.py:92} INFO - hello world, this is the first task!
[2022-08-06 19:39:33,464] {subprocess.py:96} INFO - Command exited with return code 0
[2022-08-06 19:39:33,537] {taskinstance.py:1420} INFO - Marking task as SUCCESS. dag_id=our_first_dag_v5, task_id=first_task, execution_date=20220711T000000, start_date=20220806T193933, end_date=20220806T193933
[2022-08-06 19:39:33,574] {local_task_job.py:156} INFO - Task exited with return code 0
[2022-08-06 19:39:33,698] {local_task_job.py:273} INFO - 0 downstream tasks scheduled from follow-on schedule check
[2022-08-06 21:53:26,230] {taskinstance.py:1179} INFO - Dependencies all met for <TaskInstance: our_first_dag_v5.first_task scheduled__2022-07-11T00:00:00+00:00 [queued]>
[2022-08-06 21:53:26,240] {taskinstance.py:1179} INFO - Dependencies all met for <TaskInstance: our_first_dag_v5.first_task scheduled__2022-07-11T00:00:00+00:00 [queued]>
[2022-08-06 21:53:26,240] {taskinstance.py:1376} INFO - 
--------------------------------------------------------------------------------
[2022-08-06 21:53:26,240] {taskinstance.py:1377} INFO - Starting attempt 1 of 6
[2022-08-06 21:53:26,240] {taskinstance.py:1378} INFO - 
--------------------------------------------------------------------------------
[2022-08-06 21:53:26,254] {taskinstance.py:1397} INFO - Executing <Task(BashOperator): first_task> on 2022-07-11 00:00:00+00:00
[2022-08-06 21:53:26,259] {standard_task_runner.py:52} INFO - Started process 3556 to run task
[2022-08-06 21:53:26,261] {standard_task_runner.py:79} INFO - Running: ['***', 'tasks', 'run', 'our_first_dag_v5', 'first_task', 'scheduled__2022-07-11T00:00:00+00:00', '--job-id', '1041', '--raw', '--subdir', 'DAGS_FOLDER/pipeline.py', '--cfg-path', '/tmp/tmpenzdne1p', '--error-file', '/tmp/tmp7ijgnfcg']
[2022-08-06 21:53:26,261] {standard_task_runner.py:80} INFO - Job 1041: Subtask first_task
[2022-08-06 21:53:26,316] {task_command.py:371} INFO - Running <TaskInstance: our_first_dag_v5.first_task scheduled__2022-07-11T00:00:00+00:00 [running]> on host c3f731879890
[2022-08-06 21:53:26,404] {taskinstance.py:1591} INFO - Exporting the following env vars:
AIRFLOW_CTX_DAG_OWNER=coder2j
AIRFLOW_CTX_DAG_ID=our_first_dag_v5
AIRFLOW_CTX_TASK_ID=first_task
AIRFLOW_CTX_EXECUTION_DATE=2022-07-11T00:00:00+00:00
AIRFLOW_CTX_TRY_NUMBER=1
AIRFLOW_CTX_DAG_RUN_ID=scheduled__2022-07-11T00:00:00+00:00
[2022-08-06 21:53:26,405] {subprocess.py:62} INFO - Tmp dir root location: 
 /tmp
[2022-08-06 21:53:26,406] {subprocess.py:74} INFO - Running command: ['bash', '-c', 'echo hello world, this is the first task!']
[2022-08-06 21:53:26,420] {subprocess.py:85} INFO - Output:
[2022-08-06 21:53:26,422] {subprocess.py:92} INFO - hello world, this is the first task!
[2022-08-06 21:53:26,422] {subprocess.py:96} INFO - Command exited with return code 0
[2022-08-06 21:53:26,468] {taskinstance.py:1420} INFO - Marking task as SUCCESS. dag_id=our_first_dag_v5, task_id=first_task, execution_date=20220711T000000, start_date=20220806T215326, end_date=20220806T215326
[2022-08-06 21:53:26,513] {local_task_job.py:156} INFO - Task exited with return code 0
[2022-08-06 21:53:26,546] {local_task_job.py:273} INFO - 2 downstream tasks scheduled from follow-on schedule check
[2022-08-06 21:58:48,014] {taskinstance.py:1179} INFO - Dependencies all met for <TaskInstance: our_first_dag_v5.first_task scheduled__2022-07-11T00:00:00+00:00 [queued]>
[2022-08-06 21:58:48,027] {taskinstance.py:1179} INFO - Dependencies all met for <TaskInstance: our_first_dag_v5.first_task scheduled__2022-07-11T00:00:00+00:00 [queued]>
[2022-08-06 21:58:48,027] {taskinstance.py:1376} INFO - 
--------------------------------------------------------------------------------
[2022-08-06 21:58:48,027] {taskinstance.py:1377} INFO - Starting attempt 1 of 6
[2022-08-06 21:58:48,027] {taskinstance.py:1378} INFO - 
--------------------------------------------------------------------------------
[2022-08-06 21:58:48,042] {taskinstance.py:1397} INFO - Executing <Task(BashOperator): first_task> on 2022-07-11 00:00:00+00:00
[2022-08-06 21:58:48,050] {standard_task_runner.py:52} INFO - Started process 3330 to run task
[2022-08-06 21:58:48,052] {standard_task_runner.py:79} INFO - Running: ['***', 'tasks', 'run', 'our_first_dag_v5', 'first_task', 'scheduled__2022-07-11T00:00:00+00:00', '--job-id', '1035', '--raw', '--subdir', 'DAGS_FOLDER/pipeline.py', '--cfg-path', '/tmp/tmpgv2wr65h', '--error-file', '/tmp/tmpig4jyxku']
[2022-08-06 21:58:48,053] {standard_task_runner.py:80} INFO - Job 1035: Subtask first_task
[2022-08-06 21:58:48,139] {task_command.py:371} INFO - Running <TaskInstance: our_first_dag_v5.first_task scheduled__2022-07-11T00:00:00+00:00 [running]> on host bc7e154a4fdd
[2022-08-06 21:58:48,238] {taskinstance.py:1591} INFO - Exporting the following env vars:
AIRFLOW_CTX_DAG_OWNER=coder2j
AIRFLOW_CTX_DAG_ID=our_first_dag_v5
AIRFLOW_CTX_TASK_ID=first_task
AIRFLOW_CTX_EXECUTION_DATE=2022-07-11T00:00:00+00:00
AIRFLOW_CTX_TRY_NUMBER=1
AIRFLOW_CTX_DAG_RUN_ID=scheduled__2022-07-11T00:00:00+00:00
[2022-08-06 21:58:48,239] {subprocess.py:62} INFO - Tmp dir root location: 
 /tmp
[2022-08-06 21:58:48,240] {subprocess.py:74} INFO - Running command: ['bash', '-c', 'echo hello world, this is the first task!']
[2022-08-06 21:58:48,260] {subprocess.py:85} INFO - Output:
[2022-08-06 21:58:48,260] {subprocess.py:92} INFO - hello world, this is the first task!
[2022-08-06 21:58:48,261] {subprocess.py:96} INFO - Command exited with return code 0
[2022-08-06 21:58:48,353] {taskinstance.py:1420} INFO - Marking task as SUCCESS. dag_id=our_first_dag_v5, task_id=first_task, execution_date=20220711T000000, start_date=20220806T215848, end_date=20220806T215848
[2022-08-06 21:58:48,384] {local_task_job.py:156} INFO - Task exited with return code 0
[2022-08-06 21:58:48,449] {local_task_job.py:273} INFO - 2 downstream tasks scheduled from follow-on schedule check
[2022-08-06 22:13:47,446] {taskinstance.py:1179} INFO - Dependencies all met for <TaskInstance: our_first_dag_v5.first_task scheduled__2022-07-11T00:00:00+00:00 [queued]>
[2022-08-06 22:13:47,457] {taskinstance.py:1179} INFO - Dependencies all met for <TaskInstance: our_first_dag_v5.first_task scheduled__2022-07-11T00:00:00+00:00 [queued]>
[2022-08-06 22:13:47,457] {taskinstance.py:1376} INFO - 
--------------------------------------------------------------------------------
[2022-08-06 22:13:47,457] {taskinstance.py:1377} INFO - Starting attempt 1 of 6
[2022-08-06 22:13:47,457] {taskinstance.py:1378} INFO - 
--------------------------------------------------------------------------------
[2022-08-06 22:13:47,472] {taskinstance.py:1397} INFO - Executing <Task(BashOperator): first_task> on 2022-07-11 00:00:00+00:00
[2022-08-06 22:13:47,478] {standard_task_runner.py:52} INFO - Started process 3357 to run task
[2022-08-06 22:13:47,480] {standard_task_runner.py:79} INFO - Running: ['***', 'tasks', 'run', 'our_first_dag_v5', 'first_task', 'scheduled__2022-07-11T00:00:00+00:00', '--job-id', '1041', '--raw', '--subdir', 'DAGS_FOLDER/pipeline.py', '--cfg-path', '/tmp/tmpzx4hc48j', '--error-file', '/tmp/tmp8qkf1lxu']
[2022-08-06 22:13:47,480] {standard_task_runner.py:80} INFO - Job 1041: Subtask first_task
[2022-08-06 22:13:47,531] {task_command.py:371} INFO - Running <TaskInstance: our_first_dag_v5.first_task scheduled__2022-07-11T00:00:00+00:00 [running]> on host 1250c3b659cd
[2022-08-06 22:13:47,599] {taskinstance.py:1591} INFO - Exporting the following env vars:
AIRFLOW_CTX_DAG_OWNER=coder2j
AIRFLOW_CTX_DAG_ID=our_first_dag_v5
AIRFLOW_CTX_TASK_ID=first_task
AIRFLOW_CTX_EXECUTION_DATE=2022-07-11T00:00:00+00:00
AIRFLOW_CTX_TRY_NUMBER=1
AIRFLOW_CTX_DAG_RUN_ID=scheduled__2022-07-11T00:00:00+00:00
[2022-08-06 22:13:47,600] {subprocess.py:62} INFO - Tmp dir root location: 
 /tmp
[2022-08-06 22:13:47,601] {subprocess.py:74} INFO - Running command: ['bash', '-c', 'echo hello world, this is the first task!']
[2022-08-06 22:13:47,610] {subprocess.py:85} INFO - Output:
[2022-08-06 22:13:47,611] {subprocess.py:92} INFO - hello world, this is the first task!
[2022-08-06 22:13:47,612] {subprocess.py:96} INFO - Command exited with return code 0
[2022-08-06 22:13:47,640] {taskinstance.py:1420} INFO - Marking task as SUCCESS. dag_id=our_first_dag_v5, task_id=first_task, execution_date=20220711T000000, start_date=20220806T221347, end_date=20220806T221347
[2022-08-06 22:13:47,691] {local_task_job.py:156} INFO - Task exited with return code 0
[2022-08-06 22:13:47,718] {local_task_job.py:273} INFO - 2 downstream tasks scheduled from follow-on schedule check
[2022-08-06 22:25:04,827] {taskinstance.py:1179} INFO - Dependencies all met for <TaskInstance: our_first_dag_v5.first_task scheduled__2022-07-11T00:00:00+00:00 [queued]>
[2022-08-06 22:25:04,839] {taskinstance.py:1179} INFO - Dependencies all met for <TaskInstance: our_first_dag_v5.first_task scheduled__2022-07-11T00:00:00+00:00 [queued]>
[2022-08-06 22:25:04,839] {taskinstance.py:1376} INFO - 
--------------------------------------------------------------------------------
[2022-08-06 22:25:04,839] {taskinstance.py:1377} INFO - Starting attempt 1 of 6
[2022-08-06 22:25:04,839] {taskinstance.py:1378} INFO - 
--------------------------------------------------------------------------------
[2022-08-06 22:25:04,855] {taskinstance.py:1397} INFO - Executing <Task(BashOperator): first_task> on 2022-07-11 00:00:00+00:00
[2022-08-06 22:25:04,862] {standard_task_runner.py:52} INFO - Started process 3391 to run task
[2022-08-06 22:25:04,865] {standard_task_runner.py:79} INFO - Running: ['***', 'tasks', 'run', 'our_first_dag_v5', 'first_task', 'scheduled__2022-07-11T00:00:00+00:00', '--job-id', '1038', '--raw', '--subdir', 'DAGS_FOLDER/pipeline.py', '--cfg-path', '/tmp/tmp95msfl6b', '--error-file', '/tmp/tmpu958m93c']
[2022-08-06 22:25:04,865] {standard_task_runner.py:80} INFO - Job 1038: Subtask first_task
[2022-08-06 22:25:04,956] {task_command.py:371} INFO - Running <TaskInstance: our_first_dag_v5.first_task scheduled__2022-07-11T00:00:00+00:00 [running]> on host b215076695c3
[2022-08-06 22:25:05,059] {taskinstance.py:1591} INFO - Exporting the following env vars:
AIRFLOW_CTX_DAG_OWNER=coder2j
AIRFLOW_CTX_DAG_ID=our_first_dag_v5
AIRFLOW_CTX_TASK_ID=first_task
AIRFLOW_CTX_EXECUTION_DATE=2022-07-11T00:00:00+00:00
AIRFLOW_CTX_TRY_NUMBER=1
AIRFLOW_CTX_DAG_RUN_ID=scheduled__2022-07-11T00:00:00+00:00
[2022-08-06 22:25:05,060] {subprocess.py:62} INFO - Tmp dir root location: 
 /tmp
[2022-08-06 22:25:05,060] {subprocess.py:74} INFO - Running command: ['bash', '-c', 'echo hello world, this is the first task!']
[2022-08-06 22:25:05,078] {subprocess.py:85} INFO - Output:
[2022-08-06 22:25:05,081] {subprocess.py:92} INFO - hello world, this is the first task!
[2022-08-06 22:25:05,082] {subprocess.py:96} INFO - Command exited with return code 0
[2022-08-06 22:25:05,148] {taskinstance.py:1420} INFO - Marking task as SUCCESS. dag_id=our_first_dag_v5, task_id=first_task, execution_date=20220711T000000, start_date=20220806T222504, end_date=20220806T222505
[2022-08-06 22:25:05,197] {local_task_job.py:156} INFO - Task exited with return code 0
[2022-08-06 22:25:05,265] {local_task_job.py:273} INFO - 2 downstream tasks scheduled from follow-on schedule check
