[2022-08-06 19:37:36,660] {taskinstance.py:1179} INFO - Dependencies all met for <TaskInstance: our_first_dag_v5.second_task scheduled__2021-12-30T00:00:00+00:00 [queued]>
[2022-08-06 19:37:36,684] {taskinstance.py:1179} INFO - Dependencies all met for <TaskInstance: our_first_dag_v5.second_task scheduled__2021-12-30T00:00:00+00:00 [queued]>
[2022-08-06 19:37:36,684] {taskinstance.py:1376} INFO - 
--------------------------------------------------------------------------------
[2022-08-06 19:37:36,684] {taskinstance.py:1377} INFO - Starting attempt 1 of 6
[2022-08-06 19:37:36,684] {taskinstance.py:1378} INFO - 
--------------------------------------------------------------------------------
[2022-08-06 19:37:36,707] {taskinstance.py:1397} INFO - Executing <Task(BashOperator): second_task> on 2021-12-30 00:00:00+00:00
[2022-08-06 19:37:36,716] {standard_task_runner.py:52} INFO - Started process 1548 to run task
[2022-08-06 19:37:36,719] {standard_task_runner.py:79} INFO - Running: ['***', 'tasks', 'run', 'our_first_dag_v5', 'second_task', 'scheduled__2021-12-30T00:00:00+00:00', '--job-id', '466', '--raw', '--subdir', 'DAGS_FOLDER/pipeline.py', '--cfg-path', '/tmp/tmp8cfqwy2l', '--error-file', '/tmp/tmpp5k2u78j']
[2022-08-06 19:37:36,719] {standard_task_runner.py:80} INFO - Job 466: Subtask second_task
[2022-08-06 19:37:36,805] {task_command.py:371} INFO - Running <TaskInstance: our_first_dag_v5.second_task scheduled__2021-12-30T00:00:00+00:00 [running]> on host b29c168c1666
[2022-08-06 19:37:36,927] {taskinstance.py:1591} INFO - Exporting the following env vars:
AIRFLOW_CTX_DAG_OWNER=coder2j
AIRFLOW_CTX_DAG_ID=our_first_dag_v5
AIRFLOW_CTX_TASK_ID=second_task
AIRFLOW_CTX_EXECUTION_DATE=2021-12-30T00:00:00+00:00
AIRFLOW_CTX_TRY_NUMBER=1
AIRFLOW_CTX_DAG_RUN_ID=scheduled__2021-12-30T00:00:00+00:00
[2022-08-06 19:37:36,928] {subprocess.py:62} INFO - Tmp dir root location: 
 /tmp
[2022-08-06 19:37:36,929] {subprocess.py:74} INFO - Running command: ['bash', '-c', 'echo hey, I am task2 and will be running after task1!']
[2022-08-06 19:37:36,951] {subprocess.py:85} INFO - Output:
[2022-08-06 19:37:36,954] {subprocess.py:92} INFO - hey, I am task2 and will be running after task1!
[2022-08-06 19:37:36,955] {subprocess.py:96} INFO - Command exited with return code 0
[2022-08-06 19:37:37,008] {taskinstance.py:1420} INFO - Marking task as SUCCESS. dag_id=our_first_dag_v5, task_id=second_task, execution_date=20211230T000000, start_date=20220806T193736, end_date=20220806T193737
[2022-08-06 19:37:37,058] {local_task_job.py:156} INFO - Task exited with return code 0
[2022-08-06 19:37:37,116] {local_task_job.py:273} INFO - 0 downstream tasks scheduled from follow-on schedule check
[2022-08-06 21:51:28,637] {taskinstance.py:1179} INFO - Dependencies all met for <TaskInstance: our_first_dag_v5.second_task scheduled__2021-12-30T00:00:00+00:00 [queued]>
[2022-08-06 21:51:28,649] {taskinstance.py:1179} INFO - Dependencies all met for <TaskInstance: our_first_dag_v5.second_task scheduled__2021-12-30T00:00:00+00:00 [queued]>
[2022-08-06 21:51:28,649] {taskinstance.py:1376} INFO - 
--------------------------------------------------------------------------------
[2022-08-06 21:51:28,650] {taskinstance.py:1377} INFO - Starting attempt 1 of 6
[2022-08-06 21:51:28,650] {taskinstance.py:1378} INFO - 
--------------------------------------------------------------------------------
[2022-08-06 21:51:28,664] {taskinstance.py:1397} INFO - Executing <Task(BashOperator): second_task> on 2021-12-30 00:00:00+00:00
[2022-08-06 21:51:28,669] {standard_task_runner.py:52} INFO - Started process 1734 to run task
[2022-08-06 21:51:28,671] {standard_task_runner.py:79} INFO - Running: ['***', 'tasks', 'run', 'our_first_dag_v5', 'second_task', 'scheduled__2021-12-30T00:00:00+00:00', '--job-id', '463', '--raw', '--subdir', 'DAGS_FOLDER/pipeline.py', '--cfg-path', '/tmp/tmp87_2mxvq', '--error-file', '/tmp/tmp2r4s_e3n']
[2022-08-06 21:51:28,671] {standard_task_runner.py:80} INFO - Job 463: Subtask second_task
[2022-08-06 21:51:28,728] {task_command.py:371} INFO - Running <TaskInstance: our_first_dag_v5.second_task scheduled__2021-12-30T00:00:00+00:00 [running]> on host c3f731879890
[2022-08-06 21:51:28,858] {taskinstance.py:1591} INFO - Exporting the following env vars:
AIRFLOW_CTX_DAG_OWNER=coder2j
AIRFLOW_CTX_DAG_ID=our_first_dag_v5
AIRFLOW_CTX_TASK_ID=second_task
AIRFLOW_CTX_EXECUTION_DATE=2021-12-30T00:00:00+00:00
AIRFLOW_CTX_TRY_NUMBER=1
AIRFLOW_CTX_DAG_RUN_ID=scheduled__2021-12-30T00:00:00+00:00
[2022-08-06 21:51:28,859] {subprocess.py:62} INFO - Tmp dir root location: 
 /tmp
[2022-08-06 21:51:28,859] {subprocess.py:74} INFO - Running command: ['bash', '-c', 'echo hey, I am task2 and will be running after task1!']
[2022-08-06 21:51:28,874] {subprocess.py:85} INFO - Output:
[2022-08-06 21:51:28,877] {subprocess.py:92} INFO - hey, I am task2 and will be running after task1!
[2022-08-06 21:51:28,877] {subprocess.py:96} INFO - Command exited with return code 0
[2022-08-06 21:51:28,908] {taskinstance.py:1420} INFO - Marking task as SUCCESS. dag_id=our_first_dag_v5, task_id=second_task, execution_date=20211230T000000, start_date=20220806T215128, end_date=20220806T215128
[2022-08-06 21:51:28,924] {local_task_job.py:156} INFO - Task exited with return code 0
[2022-08-06 21:51:28,968] {local_task_job.py:273} INFO - 0 downstream tasks scheduled from follow-on schedule check
[2022-08-06 21:56:55,049] {taskinstance.py:1179} INFO - Dependencies all met for <TaskInstance: our_first_dag_v5.second_task scheduled__2021-12-30T00:00:00+00:00 [queued]>
[2022-08-06 21:56:55,066] {taskinstance.py:1179} INFO - Dependencies all met for <TaskInstance: our_first_dag_v5.second_task scheduled__2021-12-30T00:00:00+00:00 [queued]>
[2022-08-06 21:56:55,066] {taskinstance.py:1376} INFO - 
--------------------------------------------------------------------------------
[2022-08-06 21:56:55,066] {taskinstance.py:1377} INFO - Starting attempt 1 of 6
[2022-08-06 21:56:55,066] {taskinstance.py:1378} INFO - 
--------------------------------------------------------------------------------
[2022-08-06 21:56:55,082] {taskinstance.py:1397} INFO - Executing <Task(BashOperator): second_task> on 2021-12-30 00:00:00+00:00
[2022-08-06 21:56:55,090] {standard_task_runner.py:52} INFO - Started process 1553 to run task
[2022-08-06 21:56:55,094] {standard_task_runner.py:79} INFO - Running: ['***', 'tasks', 'run', 'our_first_dag_v5', 'second_task', 'scheduled__2021-12-30T00:00:00+00:00', '--job-id', '470', '--raw', '--subdir', 'DAGS_FOLDER/pipeline.py', '--cfg-path', '/tmp/tmp3ux385w5', '--error-file', '/tmp/tmp6bf59nr_']
[2022-08-06 21:56:55,095] {standard_task_runner.py:80} INFO - Job 470: Subtask second_task
[2022-08-06 21:56:55,198] {task_command.py:371} INFO - Running <TaskInstance: our_first_dag_v5.second_task scheduled__2021-12-30T00:00:00+00:00 [running]> on host bc7e154a4fdd
[2022-08-06 21:56:55,321] {taskinstance.py:1591} INFO - Exporting the following env vars:
AIRFLOW_CTX_DAG_OWNER=coder2j
AIRFLOW_CTX_DAG_ID=our_first_dag_v5
AIRFLOW_CTX_TASK_ID=second_task
AIRFLOW_CTX_EXECUTION_DATE=2021-12-30T00:00:00+00:00
AIRFLOW_CTX_TRY_NUMBER=1
AIRFLOW_CTX_DAG_RUN_ID=scheduled__2021-12-30T00:00:00+00:00
[2022-08-06 21:56:55,322] {subprocess.py:62} INFO - Tmp dir root location: 
 /tmp
[2022-08-06 21:56:55,323] {subprocess.py:74} INFO - Running command: ['bash', '-c', 'echo hey, I am task2 and will be running after task1!']
[2022-08-06 21:56:55,339] {subprocess.py:85} INFO - Output:
[2022-08-06 21:56:55,341] {subprocess.py:92} INFO - hey, I am task2 and will be running after task1!
[2022-08-06 21:56:55,341] {subprocess.py:96} INFO - Command exited with return code 0
[2022-08-06 21:56:55,416] {taskinstance.py:1420} INFO - Marking task as SUCCESS. dag_id=our_first_dag_v5, task_id=second_task, execution_date=20211230T000000, start_date=20220806T215655, end_date=20220806T215655
[2022-08-06 21:56:55,466] {local_task_job.py:156} INFO - Task exited with return code 0
[2022-08-06 21:56:55,521] {local_task_job.py:273} INFO - 0 downstream tasks scheduled from follow-on schedule check
[2022-08-06 22:11:57,299] {taskinstance.py:1179} INFO - Dependencies all met for <TaskInstance: our_first_dag_v5.second_task scheduled__2021-12-30T00:00:00+00:00 [queued]>
[2022-08-06 22:11:57,317] {taskinstance.py:1179} INFO - Dependencies all met for <TaskInstance: our_first_dag_v5.second_task scheduled__2021-12-30T00:00:00+00:00 [queued]>
[2022-08-06 22:11:57,318] {taskinstance.py:1376} INFO - 
--------------------------------------------------------------------------------
[2022-08-06 22:11:57,318] {taskinstance.py:1377} INFO - Starting attempt 1 of 6
[2022-08-06 22:11:57,318] {taskinstance.py:1378} INFO - 
--------------------------------------------------------------------------------
[2022-08-06 22:11:57,338] {taskinstance.py:1397} INFO - Executing <Task(BashOperator): second_task> on 2021-12-30 00:00:00+00:00
[2022-08-06 22:11:57,345] {standard_task_runner.py:52} INFO - Started process 1547 to run task
[2022-08-06 22:11:57,349] {standard_task_runner.py:79} INFO - Running: ['***', 'tasks', 'run', 'our_first_dag_v5', 'second_task', 'scheduled__2021-12-30T00:00:00+00:00', '--job-id', '466', '--raw', '--subdir', 'DAGS_FOLDER/pipeline.py', '--cfg-path', '/tmp/tmpzqlu9z6e', '--error-file', '/tmp/tmpbc7djlz1']
[2022-08-06 22:11:57,349] {standard_task_runner.py:80} INFO - Job 466: Subtask second_task
[2022-08-06 22:11:57,422] {task_command.py:371} INFO - Running <TaskInstance: our_first_dag_v5.second_task scheduled__2021-12-30T00:00:00+00:00 [running]> on host 1250c3b659cd
[2022-08-06 22:11:57,552] {taskinstance.py:1591} INFO - Exporting the following env vars:
AIRFLOW_CTX_DAG_OWNER=coder2j
AIRFLOW_CTX_DAG_ID=our_first_dag_v5
AIRFLOW_CTX_TASK_ID=second_task
AIRFLOW_CTX_EXECUTION_DATE=2021-12-30T00:00:00+00:00
AIRFLOW_CTX_TRY_NUMBER=1
AIRFLOW_CTX_DAG_RUN_ID=scheduled__2021-12-30T00:00:00+00:00
[2022-08-06 22:11:57,553] {subprocess.py:62} INFO - Tmp dir root location: 
 /tmp
[2022-08-06 22:11:57,554] {subprocess.py:74} INFO - Running command: ['bash', '-c', 'echo hey, I am task2 and will be running after task1!']
[2022-08-06 22:11:57,571] {subprocess.py:85} INFO - Output:
[2022-08-06 22:11:57,573] {subprocess.py:92} INFO - hey, I am task2 and will be running after task1!
[2022-08-06 22:11:57,573] {subprocess.py:96} INFO - Command exited with return code 0
[2022-08-06 22:11:57,614] {taskinstance.py:1420} INFO - Marking task as SUCCESS. dag_id=our_first_dag_v5, task_id=second_task, execution_date=20211230T000000, start_date=20220806T221157, end_date=20220806T221157
[2022-08-06 22:11:57,641] {local_task_job.py:156} INFO - Task exited with return code 0
[2022-08-06 22:11:57,713] {local_task_job.py:273} INFO - 0 downstream tasks scheduled from follow-on schedule check
[2022-08-06 22:23:17,732] {taskinstance.py:1179} INFO - Dependencies all met for <TaskInstance: our_first_dag_v5.second_task scheduled__2021-12-30T00:00:00+00:00 [queued]>
[2022-08-06 22:23:17,747] {taskinstance.py:1179} INFO - Dependencies all met for <TaskInstance: our_first_dag_v5.second_task scheduled__2021-12-30T00:00:00+00:00 [queued]>
[2022-08-06 22:23:17,747] {taskinstance.py:1376} INFO - 
--------------------------------------------------------------------------------
[2022-08-06 22:23:17,747] {taskinstance.py:1377} INFO - Starting attempt 1 of 6
[2022-08-06 22:23:17,747] {taskinstance.py:1378} INFO - 
--------------------------------------------------------------------------------
[2022-08-06 22:23:17,765] {taskinstance.py:1397} INFO - Executing <Task(BashOperator): second_task> on 2021-12-30 00:00:00+00:00
[2022-08-06 22:23:17,771] {standard_task_runner.py:52} INFO - Started process 1604 to run task
[2022-08-06 22:23:17,774] {standard_task_runner.py:79} INFO - Running: ['***', 'tasks', 'run', 'our_first_dag_v5', 'second_task', 'scheduled__2021-12-30T00:00:00+00:00', '--job-id', '468', '--raw', '--subdir', 'DAGS_FOLDER/pipeline.py', '--cfg-path', '/tmp/tmp_5h_ulj2', '--error-file', '/tmp/tmp9zc1mle1']
[2022-08-06 22:23:17,774] {standard_task_runner.py:80} INFO - Job 468: Subtask second_task
[2022-08-06 22:23:17,846] {task_command.py:371} INFO - Running <TaskInstance: our_first_dag_v5.second_task scheduled__2021-12-30T00:00:00+00:00 [running]> on host b215076695c3
[2022-08-06 22:23:17,941] {taskinstance.py:1591} INFO - Exporting the following env vars:
AIRFLOW_CTX_DAG_OWNER=coder2j
AIRFLOW_CTX_DAG_ID=our_first_dag_v5
AIRFLOW_CTX_TASK_ID=second_task
AIRFLOW_CTX_EXECUTION_DATE=2021-12-30T00:00:00+00:00
AIRFLOW_CTX_TRY_NUMBER=1
AIRFLOW_CTX_DAG_RUN_ID=scheduled__2021-12-30T00:00:00+00:00
[2022-08-06 22:23:17,942] {subprocess.py:62} INFO - Tmp dir root location: 
 /tmp
[2022-08-06 22:23:17,942] {subprocess.py:74} INFO - Running command: ['bash', '-c', 'echo hey, I am task2 and will be running after task1!']
[2022-08-06 22:23:17,958] {subprocess.py:85} INFO - Output:
[2022-08-06 22:23:17,963] {subprocess.py:92} INFO - hey, I am task2 and will be running after task1!
[2022-08-06 22:23:17,963] {subprocess.py:96} INFO - Command exited with return code 0
[2022-08-06 22:23:18,011] {taskinstance.py:1420} INFO - Marking task as SUCCESS. dag_id=our_first_dag_v5, task_id=second_task, execution_date=20211230T000000, start_date=20220806T222317, end_date=20220806T222318
[2022-08-06 22:23:18,065] {local_task_job.py:156} INFO - Task exited with return code 0
[2022-08-06 22:23:18,099] {local_task_job.py:273} INFO - 0 downstream tasks scheduled from follow-on schedule check
