[2022-08-06 19:36:20,455] {taskinstance.py:1179} INFO - Dependencies all met for <TaskInstance: our_first_dag_v5.second_task scheduled__2021-08-31T00:00:00+00:00 [queued]>
[2022-08-06 19:36:20,468] {taskinstance.py:1179} INFO - Dependencies all met for <TaskInstance: our_first_dag_v5.second_task scheduled__2021-08-31T00:00:00+00:00 [queued]>
[2022-08-06 19:36:20,468] {taskinstance.py:1376} INFO - 
--------------------------------------------------------------------------------
[2022-08-06 19:36:20,468] {taskinstance.py:1377} INFO - Starting attempt 1 of 6
[2022-08-06 19:36:20,468] {taskinstance.py:1378} INFO - 
--------------------------------------------------------------------------------
[2022-08-06 19:36:20,486] {taskinstance.py:1397} INFO - Executing <Task(BashOperator): second_task> on 2021-08-31 00:00:00+00:00
[2022-08-06 19:36:20,493] {standard_task_runner.py:52} INFO - Started process 409 to run task
[2022-08-06 19:36:20,496] {standard_task_runner.py:79} INFO - Running: ['***', 'tasks', 'run', 'our_first_dag_v5', 'second_task', 'scheduled__2021-08-31T00:00:00+00:00', '--job-id', '104', '--raw', '--subdir', 'DAGS_FOLDER/pipeline.py', '--cfg-path', '/tmp/tmpaz3gr4g0', '--error-file', '/tmp/tmporh4f9mg']
[2022-08-06 19:36:20,497] {standard_task_runner.py:80} INFO - Job 104: Subtask second_task
[2022-08-06 19:36:20,589] {task_command.py:371} INFO - Running <TaskInstance: our_first_dag_v5.second_task scheduled__2021-08-31T00:00:00+00:00 [running]> on host b29c168c1666
[2022-08-06 19:36:20,701] {taskinstance.py:1591} INFO - Exporting the following env vars:
AIRFLOW_CTX_DAG_OWNER=coder2j
AIRFLOW_CTX_DAG_ID=our_first_dag_v5
AIRFLOW_CTX_TASK_ID=second_task
AIRFLOW_CTX_EXECUTION_DATE=2021-08-31T00:00:00+00:00
AIRFLOW_CTX_TRY_NUMBER=1
AIRFLOW_CTX_DAG_RUN_ID=scheduled__2021-08-31T00:00:00+00:00
[2022-08-06 19:36:20,702] {subprocess.py:62} INFO - Tmp dir root location: 
 /tmp
[2022-08-06 19:36:20,702] {subprocess.py:74} INFO - Running command: ['bash', '-c', 'echo hey, I am task2 and will be running after task1!']
[2022-08-06 19:36:20,720] {subprocess.py:85} INFO - Output:
[2022-08-06 19:36:20,722] {subprocess.py:92} INFO - hey, I am task2 and will be running after task1!
[2022-08-06 19:36:20,723] {subprocess.py:96} INFO - Command exited with return code 0
[2022-08-06 19:36:20,794] {taskinstance.py:1420} INFO - Marking task as SUCCESS. dag_id=our_first_dag_v5, task_id=second_task, execution_date=20210831T000000, start_date=20220806T193620, end_date=20220806T193620
[2022-08-06 19:36:20,833] {local_task_job.py:156} INFO - Task exited with return code 0
[2022-08-06 19:36:20,893] {local_task_job.py:273} INFO - 0 downstream tasks scheduled from follow-on schedule check
[2022-08-06 21:50:13,074] {taskinstance.py:1179} INFO - Dependencies all met for <TaskInstance: our_first_dag_v5.second_task scheduled__2021-08-31T00:00:00+00:00 [queued]>
[2022-08-06 21:50:13,085] {taskinstance.py:1179} INFO - Dependencies all met for <TaskInstance: our_first_dag_v5.second_task scheduled__2021-08-31T00:00:00+00:00 [queued]>
[2022-08-06 21:50:13,085] {taskinstance.py:1376} INFO - 
--------------------------------------------------------------------------------
[2022-08-06 21:50:13,085] {taskinstance.py:1377} INFO - Starting attempt 1 of 6
[2022-08-06 21:50:13,085] {taskinstance.py:1378} INFO - 
--------------------------------------------------------------------------------
[2022-08-06 21:50:13,098] {taskinstance.py:1397} INFO - Executing <Task(BashOperator): second_task> on 2021-08-31 00:00:00+00:00
[2022-08-06 21:50:13,103] {standard_task_runner.py:52} INFO - Started process 588 to run task
[2022-08-06 21:50:13,105] {standard_task_runner.py:79} INFO - Running: ['***', 'tasks', 'run', 'our_first_dag_v5', 'second_task', 'scheduled__2021-08-31T00:00:00+00:00', '--job-id', '101', '--raw', '--subdir', 'DAGS_FOLDER/pipeline.py', '--cfg-path', '/tmp/tmpg4s7o5vg', '--error-file', '/tmp/tmpm8deuglz']
[2022-08-06 21:50:13,106] {standard_task_runner.py:80} INFO - Job 101: Subtask second_task
[2022-08-06 21:50:13,168] {task_command.py:371} INFO - Running <TaskInstance: our_first_dag_v5.second_task scheduled__2021-08-31T00:00:00+00:00 [running]> on host c3f731879890
[2022-08-06 21:50:13,247] {taskinstance.py:1591} INFO - Exporting the following env vars:
AIRFLOW_CTX_DAG_OWNER=coder2j
AIRFLOW_CTX_DAG_ID=our_first_dag_v5
AIRFLOW_CTX_TASK_ID=second_task
AIRFLOW_CTX_EXECUTION_DATE=2021-08-31T00:00:00+00:00
AIRFLOW_CTX_TRY_NUMBER=1
AIRFLOW_CTX_DAG_RUN_ID=scheduled__2021-08-31T00:00:00+00:00
[2022-08-06 21:50:13,248] {subprocess.py:62} INFO - Tmp dir root location: 
 /tmp
[2022-08-06 21:50:13,249] {subprocess.py:74} INFO - Running command: ['bash', '-c', 'echo hey, I am task2 and will be running after task1!']
[2022-08-06 21:50:13,264] {subprocess.py:85} INFO - Output:
[2022-08-06 21:50:13,268] {subprocess.py:92} INFO - hey, I am task2 and will be running after task1!
[2022-08-06 21:50:13,269] {subprocess.py:96} INFO - Command exited with return code 0
[2022-08-06 21:50:13,305] {taskinstance.py:1420} INFO - Marking task as SUCCESS. dag_id=our_first_dag_v5, task_id=second_task, execution_date=20210831T000000, start_date=20220806T215013, end_date=20220806T215013
[2022-08-06 21:50:13,357] {local_task_job.py:156} INFO - Task exited with return code 0
[2022-08-06 21:50:13,383] {local_task_job.py:273} INFO - 0 downstream tasks scheduled from follow-on schedule check
[2022-08-06 21:55:43,231] {taskinstance.py:1179} INFO - Dependencies all met for <TaskInstance: our_first_dag_v5.second_task scheduled__2021-08-31T00:00:00+00:00 [queued]>
[2022-08-06 21:55:43,249] {taskinstance.py:1179} INFO - Dependencies all met for <TaskInstance: our_first_dag_v5.second_task scheduled__2021-08-31T00:00:00+00:00 [queued]>
[2022-08-06 21:55:43,249] {taskinstance.py:1376} INFO - 
--------------------------------------------------------------------------------
[2022-08-06 21:55:43,249] {taskinstance.py:1377} INFO - Starting attempt 1 of 6
[2022-08-06 21:55:43,249] {taskinstance.py:1378} INFO - 
--------------------------------------------------------------------------------
[2022-08-06 21:55:43,269] {taskinstance.py:1397} INFO - Executing <Task(BashOperator): second_task> on 2021-08-31 00:00:00+00:00
[2022-08-06 21:55:43,277] {standard_task_runner.py:52} INFO - Started process 388 to run task
[2022-08-06 21:55:43,279] {standard_task_runner.py:79} INFO - Running: ['***', 'tasks', 'run', 'our_first_dag_v5', 'second_task', 'scheduled__2021-08-31T00:00:00+00:00', '--job-id', '101', '--raw', '--subdir', 'DAGS_FOLDER/pipeline.py', '--cfg-path', '/tmp/tmpo_5h5nv3', '--error-file', '/tmp/tmpx2c4k2a_']
[2022-08-06 21:55:43,280] {standard_task_runner.py:80} INFO - Job 101: Subtask second_task
[2022-08-06 21:55:43,352] {task_command.py:371} INFO - Running <TaskInstance: our_first_dag_v5.second_task scheduled__2021-08-31T00:00:00+00:00 [running]> on host bc7e154a4fdd
[2022-08-06 21:55:43,447] {taskinstance.py:1591} INFO - Exporting the following env vars:
AIRFLOW_CTX_DAG_OWNER=coder2j
AIRFLOW_CTX_DAG_ID=our_first_dag_v5
AIRFLOW_CTX_TASK_ID=second_task
AIRFLOW_CTX_EXECUTION_DATE=2021-08-31T00:00:00+00:00
AIRFLOW_CTX_TRY_NUMBER=1
AIRFLOW_CTX_DAG_RUN_ID=scheduled__2021-08-31T00:00:00+00:00
[2022-08-06 21:55:43,448] {subprocess.py:62} INFO - Tmp dir root location: 
 /tmp
[2022-08-06 21:55:43,448] {subprocess.py:74} INFO - Running command: ['bash', '-c', 'echo hey, I am task2 and will be running after task1!']
[2022-08-06 21:55:43,462] {subprocess.py:85} INFO - Output:
[2022-08-06 21:55:43,464] {subprocess.py:92} INFO - hey, I am task2 and will be running after task1!
[2022-08-06 21:55:43,464] {subprocess.py:96} INFO - Command exited with return code 0
[2022-08-06 21:55:43,499] {taskinstance.py:1420} INFO - Marking task as SUCCESS. dag_id=our_first_dag_v5, task_id=second_task, execution_date=20210831T000000, start_date=20220806T215543, end_date=20220806T215543
[2022-08-06 21:55:43,532] {local_task_job.py:156} INFO - Task exited with return code 0
[2022-08-06 21:55:43,563] {local_task_job.py:273} INFO - 0 downstream tasks scheduled from follow-on schedule check
[2022-08-06 22:10:44,816] {taskinstance.py:1179} INFO - Dependencies all met for <TaskInstance: our_first_dag_v5.second_task scheduled__2021-08-31T00:00:00+00:00 [queued]>
[2022-08-06 22:10:44,831] {taskinstance.py:1179} INFO - Dependencies all met for <TaskInstance: our_first_dag_v5.second_task scheduled__2021-08-31T00:00:00+00:00 [queued]>
[2022-08-06 22:10:44,831] {taskinstance.py:1376} INFO - 
--------------------------------------------------------------------------------
[2022-08-06 22:10:44,831] {taskinstance.py:1377} INFO - Starting attempt 1 of 6
[2022-08-06 22:10:44,831] {taskinstance.py:1378} INFO - 
--------------------------------------------------------------------------------
[2022-08-06 22:10:44,847] {taskinstance.py:1397} INFO - Executing <Task(BashOperator): second_task> on 2021-08-31 00:00:00+00:00
[2022-08-06 22:10:44,855] {standard_task_runner.py:52} INFO - Started process 409 to run task
[2022-08-06 22:10:44,859] {standard_task_runner.py:79} INFO - Running: ['***', 'tasks', 'run', 'our_first_dag_v5', 'second_task', 'scheduled__2021-08-31T00:00:00+00:00', '--job-id', '106', '--raw', '--subdir', 'DAGS_FOLDER/pipeline.py', '--cfg-path', '/tmp/tmp9ix_00yg', '--error-file', '/tmp/tmp0fex1g1x']
[2022-08-06 22:10:44,859] {standard_task_runner.py:80} INFO - Job 106: Subtask second_task
[2022-08-06 22:10:44,949] {task_command.py:371} INFO - Running <TaskInstance: our_first_dag_v5.second_task scheduled__2021-08-31T00:00:00+00:00 [running]> on host 1250c3b659cd
[2022-08-06 22:10:45,048] {taskinstance.py:1591} INFO - Exporting the following env vars:
AIRFLOW_CTX_DAG_OWNER=coder2j
AIRFLOW_CTX_DAG_ID=our_first_dag_v5
AIRFLOW_CTX_TASK_ID=second_task
AIRFLOW_CTX_EXECUTION_DATE=2021-08-31T00:00:00+00:00
AIRFLOW_CTX_TRY_NUMBER=1
AIRFLOW_CTX_DAG_RUN_ID=scheduled__2021-08-31T00:00:00+00:00
[2022-08-06 22:10:45,049] {subprocess.py:62} INFO - Tmp dir root location: 
 /tmp
[2022-08-06 22:10:45,049] {subprocess.py:74} INFO - Running command: ['bash', '-c', 'echo hey, I am task2 and will be running after task1!']
[2022-08-06 22:10:45,063] {subprocess.py:85} INFO - Output:
[2022-08-06 22:10:45,065] {subprocess.py:92} INFO - hey, I am task2 and will be running after task1!
[2022-08-06 22:10:45,065] {subprocess.py:96} INFO - Command exited with return code 0
[2022-08-06 22:10:45,100] {taskinstance.py:1420} INFO - Marking task as SUCCESS. dag_id=our_first_dag_v5, task_id=second_task, execution_date=20210831T000000, start_date=20220806T221044, end_date=20220806T221045
[2022-08-06 22:10:45,155] {local_task_job.py:156} INFO - Task exited with return code 0
[2022-08-06 22:10:45,208] {local_task_job.py:273} INFO - 0 downstream tasks scheduled from follow-on schedule check
[2022-08-06 22:18:32,287] {taskinstance.py:1179} INFO - Dependencies all met for <TaskInstance: our_first_dag_v5.second_task scheduled__2021-08-31T00:00:00+00:00 [queued]>
[2022-08-06 22:18:32,305] {taskinstance.py:1179} INFO - Dependencies all met for <TaskInstance: our_first_dag_v5.second_task scheduled__2021-08-31T00:00:00+00:00 [queued]>
[2022-08-06 22:18:32,306] {taskinstance.py:1376} INFO - 
--------------------------------------------------------------------------------
[2022-08-06 22:18:32,306] {taskinstance.py:1377} INFO - Starting attempt 1 of 6
[2022-08-06 22:18:32,306] {taskinstance.py:1378} INFO - 
--------------------------------------------------------------------------------
[2022-08-06 22:18:32,330] {taskinstance.py:1397} INFO - Executing <Task(BashOperator): second_task> on 2021-08-31 00:00:00+00:00
[2022-08-06 22:18:32,340] {standard_task_runner.py:52} INFO - Started process 428 to run task
[2022-08-06 22:18:32,345] {standard_task_runner.py:79} INFO - Running: ['***', 'tasks', 'run', 'our_first_dag_v5', 'second_task', 'scheduled__2021-08-31T00:00:00+00:00', '--job-id', '105', '--raw', '--subdir', 'DAGS_FOLDER/pipeline.py', '--cfg-path', '/tmp/tmpc6w2fetg', '--error-file', '/tmp/tmpin2co4ky']
[2022-08-06 22:18:32,345] {standard_task_runner.py:80} INFO - Job 105: Subtask second_task
[2022-08-06 22:18:32,434] {task_command.py:371} INFO - Running <TaskInstance: our_first_dag_v5.second_task scheduled__2021-08-31T00:00:00+00:00 [running]> on host ed53bde1c44a
[2022-08-06 22:18:32,552] {taskinstance.py:1591} INFO - Exporting the following env vars:
AIRFLOW_CTX_DAG_OWNER=coder2j
AIRFLOW_CTX_DAG_ID=our_first_dag_v5
AIRFLOW_CTX_TASK_ID=second_task
AIRFLOW_CTX_EXECUTION_DATE=2021-08-31T00:00:00+00:00
AIRFLOW_CTX_TRY_NUMBER=1
AIRFLOW_CTX_DAG_RUN_ID=scheduled__2021-08-31T00:00:00+00:00
[2022-08-06 22:18:32,553] {subprocess.py:62} INFO - Tmp dir root location: 
 /tmp
[2022-08-06 22:18:32,554] {subprocess.py:74} INFO - Running command: ['bash', '-c', 'echo hey, I am task2 and will be running after task1!']
[2022-08-06 22:18:32,581] {subprocess.py:85} INFO - Output:
[2022-08-06 22:18:32,583] {subprocess.py:92} INFO - hey, I am task2 and will be running after task1!
[2022-08-06 22:18:32,583] {subprocess.py:96} INFO - Command exited with return code 0
[2022-08-06 22:18:32,626] {taskinstance.py:1420} INFO - Marking task as SUCCESS. dag_id=our_first_dag_v5, task_id=second_task, execution_date=20210831T000000, start_date=20220806T221832, end_date=20220806T221832
[2022-08-06 22:18:32,678] {local_task_job.py:156} INFO - Task exited with return code 0
[2022-08-06 22:18:32,730] {local_task_job.py:273} INFO - 0 downstream tasks scheduled from follow-on schedule check
[2022-08-06 22:22:06,384] {taskinstance.py:1179} INFO - Dependencies all met for <TaskInstance: our_first_dag_v5.second_task scheduled__2021-08-31T00:00:00+00:00 [queued]>
[2022-08-06 22:22:06,402] {taskinstance.py:1179} INFO - Dependencies all met for <TaskInstance: our_first_dag_v5.second_task scheduled__2021-08-31T00:00:00+00:00 [queued]>
[2022-08-06 22:22:06,402] {taskinstance.py:1376} INFO - 
--------------------------------------------------------------------------------
[2022-08-06 22:22:06,402] {taskinstance.py:1377} INFO - Starting attempt 1 of 6
[2022-08-06 22:22:06,402] {taskinstance.py:1378} INFO - 
--------------------------------------------------------------------------------
[2022-08-06 22:22:06,425] {taskinstance.py:1397} INFO - Executing <Task(BashOperator): second_task> on 2021-08-31 00:00:00+00:00
[2022-08-06 22:22:06,433] {standard_task_runner.py:52} INFO - Started process 462 to run task
[2022-08-06 22:22:06,437] {standard_task_runner.py:79} INFO - Running: ['***', 'tasks', 'run', 'our_first_dag_v5', 'second_task', 'scheduled__2021-08-31T00:00:00+00:00', '--job-id', '107', '--raw', '--subdir', 'DAGS_FOLDER/pipeline.py', '--cfg-path', '/tmp/tmp42qcfrep', '--error-file', '/tmp/tmp2auvcjjn']
[2022-08-06 22:22:06,437] {standard_task_runner.py:80} INFO - Job 107: Subtask second_task
[2022-08-06 22:22:06,532] {task_command.py:371} INFO - Running <TaskInstance: our_first_dag_v5.second_task scheduled__2021-08-31T00:00:00+00:00 [running]> on host b215076695c3
[2022-08-06 22:22:06,638] {taskinstance.py:1591} INFO - Exporting the following env vars:
AIRFLOW_CTX_DAG_OWNER=coder2j
AIRFLOW_CTX_DAG_ID=our_first_dag_v5
AIRFLOW_CTX_TASK_ID=second_task
AIRFLOW_CTX_EXECUTION_DATE=2021-08-31T00:00:00+00:00
AIRFLOW_CTX_TRY_NUMBER=1
AIRFLOW_CTX_DAG_RUN_ID=scheduled__2021-08-31T00:00:00+00:00
[2022-08-06 22:22:06,639] {subprocess.py:62} INFO - Tmp dir root location: 
 /tmp
[2022-08-06 22:22:06,640] {subprocess.py:74} INFO - Running command: ['bash', '-c', 'echo hey, I am task2 and will be running after task1!']
[2022-08-06 22:22:06,654] {subprocess.py:85} INFO - Output:
[2022-08-06 22:22:06,656] {subprocess.py:92} INFO - hey, I am task2 and will be running after task1!
[2022-08-06 22:22:06,656] {subprocess.py:96} INFO - Command exited with return code 0
[2022-08-06 22:22:06,709] {taskinstance.py:1420} INFO - Marking task as SUCCESS. dag_id=our_first_dag_v5, task_id=second_task, execution_date=20210831T000000, start_date=20220806T222206, end_date=20220806T222206
[2022-08-06 22:22:06,729] {local_task_job.py:156} INFO - Task exited with return code 0
[2022-08-06 22:22:06,770] {local_task_job.py:273} INFO - 0 downstream tasks scheduled from follow-on schedule check
