[2022-08-06 19:36:57,804] {taskinstance.py:1179} INFO - Dependencies all met for <TaskInstance: our_first_dag_v5.first_task scheduled__2021-11-02T00:00:00+00:00 [queued]>
[2022-08-06 19:36:57,818] {taskinstance.py:1179} INFO - Dependencies all met for <TaskInstance: our_first_dag_v5.first_task scheduled__2021-11-02T00:00:00+00:00 [queued]>
[2022-08-06 19:36:57,819] {taskinstance.py:1376} INFO - 
--------------------------------------------------------------------------------
[2022-08-06 19:36:57,819] {taskinstance.py:1377} INFO - Starting attempt 1 of 6
[2022-08-06 19:36:57,819] {taskinstance.py:1378} INFO - 
--------------------------------------------------------------------------------
[2022-08-06 19:36:57,838] {taskinstance.py:1397} INFO - Executing <Task(BashOperator): first_task> on 2021-11-02 00:00:00+00:00
[2022-08-06 19:36:57,844] {standard_task_runner.py:52} INFO - Started process 978 to run task
[2022-08-06 19:36:57,847] {standard_task_runner.py:79} INFO - Running: ['***', 'tasks', 'run', 'our_first_dag_v5', 'first_task', 'scheduled__2021-11-02T00:00:00+00:00', '--job-id', '282', '--raw', '--subdir', 'DAGS_FOLDER/pipeline.py', '--cfg-path', '/tmp/tmpyqgnkpvi', '--error-file', '/tmp/tmplxp78xme']
[2022-08-06 19:36:57,847] {standard_task_runner.py:80} INFO - Job 282: Subtask first_task
[2022-08-06 19:36:57,920] {task_command.py:371} INFO - Running <TaskInstance: our_first_dag_v5.first_task scheduled__2021-11-02T00:00:00+00:00 [running]> on host b29c168c1666
[2022-08-06 19:36:58,005] {taskinstance.py:1591} INFO - Exporting the following env vars:
AIRFLOW_CTX_DAG_OWNER=coder2j
AIRFLOW_CTX_DAG_ID=our_first_dag_v5
AIRFLOW_CTX_TASK_ID=first_task
AIRFLOW_CTX_EXECUTION_DATE=2021-11-02T00:00:00+00:00
AIRFLOW_CTX_TRY_NUMBER=1
AIRFLOW_CTX_DAG_RUN_ID=scheduled__2021-11-02T00:00:00+00:00
[2022-08-06 19:36:58,006] {subprocess.py:62} INFO - Tmp dir root location: 
 /tmp
[2022-08-06 19:36:58,006] {subprocess.py:74} INFO - Running command: ['bash', '-c', 'echo hello world, this is the first task!']
[2022-08-06 19:36:58,020] {subprocess.py:85} INFO - Output:
[2022-08-06 19:36:58,021] {subprocess.py:92} INFO - hello world, this is the first task!
[2022-08-06 19:36:58,021] {subprocess.py:96} INFO - Command exited with return code 0
[2022-08-06 19:36:58,054] {taskinstance.py:1420} INFO - Marking task as SUCCESS. dag_id=our_first_dag_v5, task_id=first_task, execution_date=20211102T000000, start_date=20220806T193657, end_date=20220806T193658
[2022-08-06 19:36:58,098] {local_task_job.py:156} INFO - Task exited with return code 0
[2022-08-06 19:36:58,137] {local_task_job.py:273} INFO - 2 downstream tasks scheduled from follow-on schedule check
[2022-08-06 21:50:52,146] {taskinstance.py:1179} INFO - Dependencies all met for <TaskInstance: our_first_dag_v5.first_task scheduled__2021-11-02T00:00:00+00:00 [queued]>
[2022-08-06 21:50:52,168] {taskinstance.py:1179} INFO - Dependencies all met for <TaskInstance: our_first_dag_v5.first_task scheduled__2021-11-02T00:00:00+00:00 [queued]>
[2022-08-06 21:50:52,168] {taskinstance.py:1376} INFO - 
--------------------------------------------------------------------------------
[2022-08-06 21:50:52,169] {taskinstance.py:1377} INFO - Starting attempt 1 of 6
[2022-08-06 21:50:52,169] {taskinstance.py:1378} INFO - 
--------------------------------------------------------------------------------
[2022-08-06 21:50:52,192] {taskinstance.py:1397} INFO - Executing <Task(BashOperator): first_task> on 2021-11-02 00:00:00+00:00
[2022-08-06 21:50:52,199] {standard_task_runner.py:52} INFO - Started process 1165 to run task
[2022-08-06 21:50:52,202] {standard_task_runner.py:79} INFO - Running: ['***', 'tasks', 'run', 'our_first_dag_v5', 'first_task', 'scheduled__2021-11-02T00:00:00+00:00', '--job-id', '282', '--raw', '--subdir', 'DAGS_FOLDER/pipeline.py', '--cfg-path', '/tmp/tmp9zyed663', '--error-file', '/tmp/tmpgkra59_q']
[2022-08-06 21:50:52,202] {standard_task_runner.py:80} INFO - Job 282: Subtask first_task
[2022-08-06 21:50:52,278] {task_command.py:371} INFO - Running <TaskInstance: our_first_dag_v5.first_task scheduled__2021-11-02T00:00:00+00:00 [running]> on host c3f731879890
[2022-08-06 21:50:52,370] {taskinstance.py:1591} INFO - Exporting the following env vars:
AIRFLOW_CTX_DAG_OWNER=coder2j
AIRFLOW_CTX_DAG_ID=our_first_dag_v5
AIRFLOW_CTX_TASK_ID=first_task
AIRFLOW_CTX_EXECUTION_DATE=2021-11-02T00:00:00+00:00
AIRFLOW_CTX_TRY_NUMBER=1
AIRFLOW_CTX_DAG_RUN_ID=scheduled__2021-11-02T00:00:00+00:00
[2022-08-06 21:50:52,371] {subprocess.py:62} INFO - Tmp dir root location: 
 /tmp
[2022-08-06 21:50:52,371] {subprocess.py:74} INFO - Running command: ['bash', '-c', 'echo hello world, this is the first task!']
[2022-08-06 21:50:52,386] {subprocess.py:85} INFO - Output:
[2022-08-06 21:50:52,388] {subprocess.py:92} INFO - hello world, this is the first task!
[2022-08-06 21:50:52,389] {subprocess.py:96} INFO - Command exited with return code 0
[2022-08-06 21:50:52,437] {taskinstance.py:1420} INFO - Marking task as SUCCESS. dag_id=our_first_dag_v5, task_id=first_task, execution_date=20211102T000000, start_date=20220806T215052, end_date=20220806T215052
[2022-08-06 21:50:52,494] {local_task_job.py:156} INFO - Task exited with return code 0
[2022-08-06 21:50:52,547] {local_task_job.py:273} INFO - 2 downstream tasks scheduled from follow-on schedule check
[2022-08-06 21:56:18,155] {taskinstance.py:1179} INFO - Dependencies all met for <TaskInstance: our_first_dag_v5.first_task scheduled__2021-11-02T00:00:00+00:00 [queued]>
[2022-08-06 21:56:18,176] {taskinstance.py:1179} INFO - Dependencies all met for <TaskInstance: our_first_dag_v5.first_task scheduled__2021-11-02T00:00:00+00:00 [queued]>
[2022-08-06 21:56:18,176] {taskinstance.py:1376} INFO - 
--------------------------------------------------------------------------------
[2022-08-06 21:56:18,177] {taskinstance.py:1377} INFO - Starting attempt 1 of 6
[2022-08-06 21:56:18,177] {taskinstance.py:1378} INFO - 
--------------------------------------------------------------------------------
[2022-08-06 21:56:18,201] {taskinstance.py:1397} INFO - Executing <Task(BashOperator): first_task> on 2021-11-02 00:00:00+00:00
[2022-08-06 21:56:18,210] {standard_task_runner.py:52} INFO - Started process 959 to run task
[2022-08-06 21:56:18,215] {standard_task_runner.py:79} INFO - Running: ['***', 'tasks', 'run', 'our_first_dag_v5', 'first_task', 'scheduled__2021-11-02T00:00:00+00:00', '--job-id', '284', '--raw', '--subdir', 'DAGS_FOLDER/pipeline.py', '--cfg-path', '/tmp/tmpwltdrwwg', '--error-file', '/tmp/tmpjkkfrvj7']
[2022-08-06 21:56:18,216] {standard_task_runner.py:80} INFO - Job 284: Subtask first_task
[2022-08-06 21:56:18,306] {task_command.py:371} INFO - Running <TaskInstance: our_first_dag_v5.first_task scheduled__2021-11-02T00:00:00+00:00 [running]> on host bc7e154a4fdd
[2022-08-06 21:56:18,402] {taskinstance.py:1591} INFO - Exporting the following env vars:
AIRFLOW_CTX_DAG_OWNER=coder2j
AIRFLOW_CTX_DAG_ID=our_first_dag_v5
AIRFLOW_CTX_TASK_ID=first_task
AIRFLOW_CTX_EXECUTION_DATE=2021-11-02T00:00:00+00:00
AIRFLOW_CTX_TRY_NUMBER=1
AIRFLOW_CTX_DAG_RUN_ID=scheduled__2021-11-02T00:00:00+00:00
[2022-08-06 21:56:18,403] {subprocess.py:62} INFO - Tmp dir root location: 
 /tmp
[2022-08-06 21:56:18,403] {subprocess.py:74} INFO - Running command: ['bash', '-c', 'echo hello world, this is the first task!']
[2022-08-06 21:56:18,418] {subprocess.py:85} INFO - Output:
[2022-08-06 21:56:18,420] {subprocess.py:92} INFO - hello world, this is the first task!
[2022-08-06 21:56:18,420] {subprocess.py:96} INFO - Command exited with return code 0
[2022-08-06 21:56:18,455] {taskinstance.py:1420} INFO - Marking task as SUCCESS. dag_id=our_first_dag_v5, task_id=first_task, execution_date=20211102T000000, start_date=20220806T215618, end_date=20220806T215618
[2022-08-06 21:56:18,523] {local_task_job.py:156} INFO - Task exited with return code 0
[2022-08-06 21:56:18,589] {local_task_job.py:273} INFO - 2 downstream tasks scheduled from follow-on schedule check
[2022-08-06 22:11:20,871] {taskinstance.py:1179} INFO - Dependencies all met for <TaskInstance: our_first_dag_v5.first_task scheduled__2021-11-02T00:00:00+00:00 [queued]>
[2022-08-06 22:11:20,884] {taskinstance.py:1179} INFO - Dependencies all met for <TaskInstance: our_first_dag_v5.first_task scheduled__2021-11-02T00:00:00+00:00 [queued]>
[2022-08-06 22:11:20,884] {taskinstance.py:1376} INFO - 
--------------------------------------------------------------------------------
[2022-08-06 22:11:20,884] {taskinstance.py:1377} INFO - Starting attempt 1 of 6
[2022-08-06 22:11:20,884] {taskinstance.py:1378} INFO - 
--------------------------------------------------------------------------------
[2022-08-06 22:11:20,898] {taskinstance.py:1397} INFO - Executing <Task(BashOperator): first_task> on 2021-11-02 00:00:00+00:00
[2022-08-06 22:11:20,903] {standard_task_runner.py:52} INFO - Started process 977 to run task
[2022-08-06 22:11:20,905] {standard_task_runner.py:79} INFO - Running: ['***', 'tasks', 'run', 'our_first_dag_v5', 'first_task', 'scheduled__2021-11-02T00:00:00+00:00', '--job-id', '286', '--raw', '--subdir', 'DAGS_FOLDER/pipeline.py', '--cfg-path', '/tmp/tmpa1a315ia', '--error-file', '/tmp/tmph_v58mz1']
[2022-08-06 22:11:20,906] {standard_task_runner.py:80} INFO - Job 286: Subtask first_task
[2022-08-06 22:11:20,962] {task_command.py:371} INFO - Running <TaskInstance: our_first_dag_v5.first_task scheduled__2021-11-02T00:00:00+00:00 [running]> on host 1250c3b659cd
[2022-08-06 22:11:21,050] {taskinstance.py:1591} INFO - Exporting the following env vars:
AIRFLOW_CTX_DAG_OWNER=coder2j
AIRFLOW_CTX_DAG_ID=our_first_dag_v5
AIRFLOW_CTX_TASK_ID=first_task
AIRFLOW_CTX_EXECUTION_DATE=2021-11-02T00:00:00+00:00
AIRFLOW_CTX_TRY_NUMBER=1
AIRFLOW_CTX_DAG_RUN_ID=scheduled__2021-11-02T00:00:00+00:00
[2022-08-06 22:11:21,050] {subprocess.py:62} INFO - Tmp dir root location: 
 /tmp
[2022-08-06 22:11:21,051] {subprocess.py:74} INFO - Running command: ['bash', '-c', 'echo hello world, this is the first task!']
[2022-08-06 22:11:21,063] {subprocess.py:85} INFO - Output:
[2022-08-06 22:11:21,065] {subprocess.py:92} INFO - hello world, this is the first task!
[2022-08-06 22:11:21,065] {subprocess.py:96} INFO - Command exited with return code 0
[2022-08-06 22:11:21,093] {taskinstance.py:1420} INFO - Marking task as SUCCESS. dag_id=our_first_dag_v5, task_id=first_task, execution_date=20211102T000000, start_date=20220806T221120, end_date=20220806T221121
[2022-08-06 22:11:21,117] {local_task_job.py:156} INFO - Task exited with return code 0
[2022-08-06 22:11:21,159] {local_task_job.py:273} INFO - 2 downstream tasks scheduled from follow-on schedule check
[2022-08-06 22:19:05,659] {taskinstance.py:1179} INFO - Dependencies all met for <TaskInstance: our_first_dag_v5.first_task scheduled__2021-11-02T00:00:00+00:00 [queued]>
[2022-08-06 22:19:05,670] {taskinstance.py:1179} INFO - Dependencies all met for <TaskInstance: our_first_dag_v5.first_task scheduled__2021-11-02T00:00:00+00:00 [queued]>
[2022-08-06 22:19:05,670] {taskinstance.py:1376} INFO - 
--------------------------------------------------------------------------------
[2022-08-06 22:19:05,670] {taskinstance.py:1377} INFO - Starting attempt 1 of 6
[2022-08-06 22:19:05,670] {taskinstance.py:1378} INFO - 
--------------------------------------------------------------------------------
[2022-08-06 22:19:05,685] {taskinstance.py:1397} INFO - Executing <Task(BashOperator): first_task> on 2021-11-02 00:00:00+00:00
[2022-08-06 22:19:05,690] {standard_task_runner.py:52} INFO - Started process 993 to run task
[2022-08-06 22:19:05,692] {standard_task_runner.py:79} INFO - Running: ['***', 'tasks', 'run', 'our_first_dag_v5', 'first_task', 'scheduled__2021-11-02T00:00:00+00:00', '--job-id', '288', '--raw', '--subdir', 'DAGS_FOLDER/pipeline.py', '--cfg-path', '/tmp/tmp5srr9402', '--error-file', '/tmp/tmp5nm3mrqf']
[2022-08-06 22:19:05,692] {standard_task_runner.py:80} INFO - Job 288: Subtask first_task
[2022-08-06 22:19:05,754] {task_command.py:371} INFO - Running <TaskInstance: our_first_dag_v5.first_task scheduled__2021-11-02T00:00:00+00:00 [running]> on host ed53bde1c44a
[2022-08-06 22:19:05,826] {taskinstance.py:1591} INFO - Exporting the following env vars:
AIRFLOW_CTX_DAG_OWNER=coder2j
AIRFLOW_CTX_DAG_ID=our_first_dag_v5
AIRFLOW_CTX_TASK_ID=first_task
AIRFLOW_CTX_EXECUTION_DATE=2021-11-02T00:00:00+00:00
AIRFLOW_CTX_TRY_NUMBER=1
AIRFLOW_CTX_DAG_RUN_ID=scheduled__2021-11-02T00:00:00+00:00
[2022-08-06 22:19:05,827] {subprocess.py:62} INFO - Tmp dir root location: 
 /tmp
[2022-08-06 22:19:05,827] {subprocess.py:74} INFO - Running command: ['bash', '-c', 'echo hello world, this is the first task!']
[2022-08-06 22:19:05,842] {subprocess.py:85} INFO - Output:
[2022-08-06 22:19:05,843] {subprocess.py:92} INFO - hello world, this is the first task!
[2022-08-06 22:19:05,844] {subprocess.py:96} INFO - Command exited with return code 0
[2022-08-06 22:19:05,878] {taskinstance.py:1420} INFO - Marking task as SUCCESS. dag_id=our_first_dag_v5, task_id=first_task, execution_date=20211102T000000, start_date=20220806T221905, end_date=20220806T221905
[2022-08-06 22:19:05,904] {local_task_job.py:156} INFO - Task exited with return code 0
[2022-08-06 22:19:05,960] {local_task_job.py:273} INFO - 0 downstream tasks scheduled from follow-on schedule check
[2022-08-06 22:22:41,868] {taskinstance.py:1179} INFO - Dependencies all met for <TaskInstance: our_first_dag_v5.first_task scheduled__2021-11-02T00:00:00+00:00 [queued]>
[2022-08-06 22:22:41,886] {taskinstance.py:1179} INFO - Dependencies all met for <TaskInstance: our_first_dag_v5.first_task scheduled__2021-11-02T00:00:00+00:00 [queued]>
[2022-08-06 22:22:41,886] {taskinstance.py:1376} INFO - 
--------------------------------------------------------------------------------
[2022-08-06 22:22:41,886] {taskinstance.py:1377} INFO - Starting attempt 1 of 6
[2022-08-06 22:22:41,886] {taskinstance.py:1378} INFO - 
--------------------------------------------------------------------------------
[2022-08-06 22:22:41,908] {taskinstance.py:1397} INFO - Executing <Task(BashOperator): first_task> on 2021-11-02 00:00:00+00:00
[2022-08-06 22:22:41,917] {standard_task_runner.py:52} INFO - Started process 1015 to run task
[2022-08-06 22:22:41,921] {standard_task_runner.py:79} INFO - Running: ['***', 'tasks', 'run', 'our_first_dag_v5', 'first_task', 'scheduled__2021-11-02T00:00:00+00:00', '--job-id', '281', '--raw', '--subdir', 'DAGS_FOLDER/pipeline.py', '--cfg-path', '/tmp/tmpdvw13w70', '--error-file', '/tmp/tmp9wk1bcbh']
[2022-08-06 22:22:41,921] {standard_task_runner.py:80} INFO - Job 281: Subtask first_task
[2022-08-06 22:22:42,038] {task_command.py:371} INFO - Running <TaskInstance: our_first_dag_v5.first_task scheduled__2021-11-02T00:00:00+00:00 [running]> on host b215076695c3
[2022-08-06 22:22:42,179] {taskinstance.py:1591} INFO - Exporting the following env vars:
AIRFLOW_CTX_DAG_OWNER=coder2j
AIRFLOW_CTX_DAG_ID=our_first_dag_v5
AIRFLOW_CTX_TASK_ID=first_task
AIRFLOW_CTX_EXECUTION_DATE=2021-11-02T00:00:00+00:00
AIRFLOW_CTX_TRY_NUMBER=1
AIRFLOW_CTX_DAG_RUN_ID=scheduled__2021-11-02T00:00:00+00:00
[2022-08-06 22:22:42,180] {subprocess.py:62} INFO - Tmp dir root location: 
 /tmp
[2022-08-06 22:22:42,181] {subprocess.py:74} INFO - Running command: ['bash', '-c', 'echo hello world, this is the first task!']
[2022-08-06 22:22:42,197] {subprocess.py:85} INFO - Output:
[2022-08-06 22:22:42,199] {subprocess.py:92} INFO - hello world, this is the first task!
[2022-08-06 22:22:42,200] {subprocess.py:96} INFO - Command exited with return code 0
[2022-08-06 22:22:42,280] {taskinstance.py:1420} INFO - Marking task as SUCCESS. dag_id=our_first_dag_v5, task_id=first_task, execution_date=20211102T000000, start_date=20220806T222241, end_date=20220806T222242
[2022-08-06 22:22:42,335] {local_task_job.py:156} INFO - Task exited with return code 0
[2022-08-06 22:22:42,416] {local_task_job.py:273} INFO - 2 downstream tasks scheduled from follow-on schedule check
