[2022-08-06 19:37:20,686] {taskinstance.py:1179} INFO - Dependencies all met for <TaskInstance: our_first_dag_v5.first_task scheduled__2021-12-04T00:00:00+00:00 [queued]>
[2022-08-06 19:37:20,698] {taskinstance.py:1179} INFO - Dependencies all met for <TaskInstance: our_first_dag_v5.first_task scheduled__2021-12-04T00:00:00+00:00 [queued]>
[2022-08-06 19:37:20,698] {taskinstance.py:1376} INFO - 
--------------------------------------------------------------------------------
[2022-08-06 19:37:20,698] {taskinstance.py:1377} INFO - Starting attempt 1 of 6
[2022-08-06 19:37:20,698] {taskinstance.py:1378} INFO - 
--------------------------------------------------------------------------------
[2022-08-06 19:37:20,714] {taskinstance.py:1397} INFO - Executing <Task(BashOperator): first_task> on 2021-12-04 00:00:00+00:00
[2022-08-06 19:37:20,720] {standard_task_runner.py:52} INFO - Started process 1298 to run task
[2022-08-06 19:37:20,722] {standard_task_runner.py:79} INFO - Running: ['***', 'tasks', 'run', 'our_first_dag_v5', 'first_task', 'scheduled__2021-12-04T00:00:00+00:00', '--job-id', '384', '--raw', '--subdir', 'DAGS_FOLDER/pipeline.py', '--cfg-path', '/tmp/tmpa66lsnsb', '--error-file', '/tmp/tmpd5peyziq']
[2022-08-06 19:37:20,722] {standard_task_runner.py:80} INFO - Job 384: Subtask first_task
[2022-08-06 19:37:20,789] {task_command.py:371} INFO - Running <TaskInstance: our_first_dag_v5.first_task scheduled__2021-12-04T00:00:00+00:00 [running]> on host b29c168c1666
[2022-08-06 19:37:20,874] {taskinstance.py:1591} INFO - Exporting the following env vars:
AIRFLOW_CTX_DAG_OWNER=coder2j
AIRFLOW_CTX_DAG_ID=our_first_dag_v5
AIRFLOW_CTX_TASK_ID=first_task
AIRFLOW_CTX_EXECUTION_DATE=2021-12-04T00:00:00+00:00
AIRFLOW_CTX_TRY_NUMBER=1
AIRFLOW_CTX_DAG_RUN_ID=scheduled__2021-12-04T00:00:00+00:00
[2022-08-06 19:37:20,875] {subprocess.py:62} INFO - Tmp dir root location: 
 /tmp
[2022-08-06 19:37:20,875] {subprocess.py:74} INFO - Running command: ['bash', '-c', 'echo hello world, this is the first task!']
[2022-08-06 19:37:20,889] {subprocess.py:85} INFO - Output:
[2022-08-06 19:37:20,891] {subprocess.py:92} INFO - hello world, this is the first task!
[2022-08-06 19:37:20,891] {subprocess.py:96} INFO - Command exited with return code 0
[2022-08-06 19:37:20,925] {taskinstance.py:1420} INFO - Marking task as SUCCESS. dag_id=our_first_dag_v5, task_id=first_task, execution_date=20211204T000000, start_date=20220806T193720, end_date=20220806T193720
[2022-08-06 19:37:20,973] {local_task_job.py:156} INFO - Task exited with return code 0
[2022-08-06 19:37:21,024] {local_task_job.py:273} INFO - 0 downstream tasks scheduled from follow-on schedule check
[2022-08-06 21:51:13,036] {taskinstance.py:1179} INFO - Dependencies all met for <TaskInstance: our_first_dag_v5.first_task scheduled__2021-12-04T00:00:00+00:00 [queued]>
[2022-08-06 21:51:13,050] {taskinstance.py:1179} INFO - Dependencies all met for <TaskInstance: our_first_dag_v5.first_task scheduled__2021-12-04T00:00:00+00:00 [queued]>
[2022-08-06 21:51:13,051] {taskinstance.py:1376} INFO - 
--------------------------------------------------------------------------------
[2022-08-06 21:51:13,051] {taskinstance.py:1377} INFO - Starting attempt 1 of 6
[2022-08-06 21:51:13,051] {taskinstance.py:1378} INFO - 
--------------------------------------------------------------------------------
[2022-08-06 21:51:13,068] {taskinstance.py:1397} INFO - Executing <Task(BashOperator): first_task> on 2021-12-04 00:00:00+00:00
[2022-08-06 21:51:13,076] {standard_task_runner.py:52} INFO - Started process 1462 to run task
[2022-08-06 21:51:13,079] {standard_task_runner.py:79} INFO - Running: ['***', 'tasks', 'run', 'our_first_dag_v5', 'first_task', 'scheduled__2021-12-04T00:00:00+00:00', '--job-id', '378', '--raw', '--subdir', 'DAGS_FOLDER/pipeline.py', '--cfg-path', '/tmp/tmpsc6hc6yo', '--error-file', '/tmp/tmpyda68s0m']
[2022-08-06 21:51:13,079] {standard_task_runner.py:80} INFO - Job 378: Subtask first_task
[2022-08-06 21:51:13,146] {task_command.py:371} INFO - Running <TaskInstance: our_first_dag_v5.first_task scheduled__2021-12-04T00:00:00+00:00 [running]> on host c3f731879890
[2022-08-06 21:51:13,229] {taskinstance.py:1591} INFO - Exporting the following env vars:
AIRFLOW_CTX_DAG_OWNER=coder2j
AIRFLOW_CTX_DAG_ID=our_first_dag_v5
AIRFLOW_CTX_TASK_ID=first_task
AIRFLOW_CTX_EXECUTION_DATE=2021-12-04T00:00:00+00:00
AIRFLOW_CTX_TRY_NUMBER=1
AIRFLOW_CTX_DAG_RUN_ID=scheduled__2021-12-04T00:00:00+00:00
[2022-08-06 21:51:13,230] {subprocess.py:62} INFO - Tmp dir root location: 
 /tmp
[2022-08-06 21:51:13,230] {subprocess.py:74} INFO - Running command: ['bash', '-c', 'echo hello world, this is the first task!']
[2022-08-06 21:51:13,286] {subprocess.py:85} INFO - Output:
[2022-08-06 21:51:13,287] {subprocess.py:92} INFO - hello world, this is the first task!
[2022-08-06 21:51:13,288] {subprocess.py:96} INFO - Command exited with return code 0
[2022-08-06 21:51:13,328] {taskinstance.py:1420} INFO - Marking task as SUCCESS. dag_id=our_first_dag_v5, task_id=first_task, execution_date=20211204T000000, start_date=20220806T215113, end_date=20220806T215113
[2022-08-06 21:51:13,370] {local_task_job.py:156} INFO - Task exited with return code 0
[2022-08-06 21:51:13,417] {local_task_job.py:273} INFO - 2 downstream tasks scheduled from follow-on schedule check
[2022-08-06 21:56:35,948] {taskinstance.py:1179} INFO - Dependencies all met for <TaskInstance: our_first_dag_v5.first_task scheduled__2021-12-04T00:00:00+00:00 [queued]>
[2022-08-06 21:56:35,962] {taskinstance.py:1179} INFO - Dependencies all met for <TaskInstance: our_first_dag_v5.first_task scheduled__2021-12-04T00:00:00+00:00 [queued]>
[2022-08-06 21:56:35,963] {taskinstance.py:1376} INFO - 
--------------------------------------------------------------------------------
[2022-08-06 21:56:35,963] {taskinstance.py:1377} INFO - Starting attempt 1 of 6
[2022-08-06 21:56:35,963] {taskinstance.py:1378} INFO - 
--------------------------------------------------------------------------------
[2022-08-06 21:56:35,977] {taskinstance.py:1397} INFO - Executing <Task(BashOperator): first_task> on 2021-12-04 00:00:00+00:00
[2022-08-06 21:56:35,982] {standard_task_runner.py:52} INFO - Started process 1254 to run task
[2022-08-06 21:56:35,985] {standard_task_runner.py:79} INFO - Running: ['***', 'tasks', 'run', 'our_first_dag_v5', 'first_task', 'scheduled__2021-12-04T00:00:00+00:00', '--job-id', '375', '--raw', '--subdir', 'DAGS_FOLDER/pipeline.py', '--cfg-path', '/tmp/tmpmceademm', '--error-file', '/tmp/tmppvex45i0']
[2022-08-06 21:56:35,986] {standard_task_runner.py:80} INFO - Job 375: Subtask first_task
[2022-08-06 21:56:36,068] {task_command.py:371} INFO - Running <TaskInstance: our_first_dag_v5.first_task scheduled__2021-12-04T00:00:00+00:00 [running]> on host bc7e154a4fdd
[2022-08-06 21:56:36,200] {taskinstance.py:1591} INFO - Exporting the following env vars:
AIRFLOW_CTX_DAG_OWNER=coder2j
AIRFLOW_CTX_DAG_ID=our_first_dag_v5
AIRFLOW_CTX_TASK_ID=first_task
AIRFLOW_CTX_EXECUTION_DATE=2021-12-04T00:00:00+00:00
AIRFLOW_CTX_TRY_NUMBER=1
AIRFLOW_CTX_DAG_RUN_ID=scheduled__2021-12-04T00:00:00+00:00
[2022-08-06 21:56:36,201] {subprocess.py:62} INFO - Tmp dir root location: 
 /tmp
[2022-08-06 21:56:36,202] {subprocess.py:74} INFO - Running command: ['bash', '-c', 'echo hello world, this is the first task!']
[2022-08-06 21:56:36,221] {subprocess.py:85} INFO - Output:
[2022-08-06 21:56:36,223] {subprocess.py:92} INFO - hello world, this is the first task!
[2022-08-06 21:56:36,223] {subprocess.py:96} INFO - Command exited with return code 0
[2022-08-06 21:56:36,274] {taskinstance.py:1420} INFO - Marking task as SUCCESS. dag_id=our_first_dag_v5, task_id=first_task, execution_date=20211204T000000, start_date=20220806T215635, end_date=20220806T215636
[2022-08-06 21:56:36,317] {local_task_job.py:156} INFO - Task exited with return code 0
[2022-08-06 21:56:36,411] {local_task_job.py:273} INFO - 0 downstream tasks scheduled from follow-on schedule check
[2022-08-06 22:11:42,212] {taskinstance.py:1179} INFO - Dependencies all met for <TaskInstance: our_first_dag_v5.first_task scheduled__2021-12-04T00:00:00+00:00 [queued]>
[2022-08-06 22:11:42,224] {taskinstance.py:1179} INFO - Dependencies all met for <TaskInstance: our_first_dag_v5.first_task scheduled__2021-12-04T00:00:00+00:00 [queued]>
[2022-08-06 22:11:42,224] {taskinstance.py:1376} INFO - 
--------------------------------------------------------------------------------
[2022-08-06 22:11:42,224] {taskinstance.py:1377} INFO - Starting attempt 1 of 6
[2022-08-06 22:11:42,224] {taskinstance.py:1378} INFO - 
--------------------------------------------------------------------------------
[2022-08-06 22:11:42,239] {taskinstance.py:1397} INFO - Executing <Task(BashOperator): first_task> on 2021-12-04 00:00:00+00:00
[2022-08-06 22:11:42,245] {standard_task_runner.py:52} INFO - Started process 1287 to run task
[2022-08-06 22:11:42,248] {standard_task_runner.py:79} INFO - Running: ['***', 'tasks', 'run', 'our_first_dag_v5', 'first_task', 'scheduled__2021-12-04T00:00:00+00:00', '--job-id', '382', '--raw', '--subdir', 'DAGS_FOLDER/pipeline.py', '--cfg-path', '/tmp/tmp4zu3dv00', '--error-file', '/tmp/tmphepliddy']
[2022-08-06 22:11:42,249] {standard_task_runner.py:80} INFO - Job 382: Subtask first_task
[2022-08-06 22:11:42,308] {task_command.py:371} INFO - Running <TaskInstance: our_first_dag_v5.first_task scheduled__2021-12-04T00:00:00+00:00 [running]> on host 1250c3b659cd
[2022-08-06 22:11:42,398] {taskinstance.py:1591} INFO - Exporting the following env vars:
AIRFLOW_CTX_DAG_OWNER=coder2j
AIRFLOW_CTX_DAG_ID=our_first_dag_v5
AIRFLOW_CTX_TASK_ID=first_task
AIRFLOW_CTX_EXECUTION_DATE=2021-12-04T00:00:00+00:00
AIRFLOW_CTX_TRY_NUMBER=1
AIRFLOW_CTX_DAG_RUN_ID=scheduled__2021-12-04T00:00:00+00:00
[2022-08-06 22:11:42,399] {subprocess.py:62} INFO - Tmp dir root location: 
 /tmp
[2022-08-06 22:11:42,400] {subprocess.py:74} INFO - Running command: ['bash', '-c', 'echo hello world, this is the first task!']
[2022-08-06 22:11:42,413] {subprocess.py:85} INFO - Output:
[2022-08-06 22:11:42,414] {subprocess.py:92} INFO - hello world, this is the first task!
[2022-08-06 22:11:42,415] {subprocess.py:96} INFO - Command exited with return code 0
[2022-08-06 22:11:42,462] {taskinstance.py:1420} INFO - Marking task as SUCCESS. dag_id=our_first_dag_v5, task_id=first_task, execution_date=20211204T000000, start_date=20220806T221142, end_date=20220806T221142
[2022-08-06 22:11:42,499] {local_task_job.py:156} INFO - Task exited with return code 0
[2022-08-06 22:11:42,538] {local_task_job.py:273} INFO - 2 downstream tasks scheduled from follow-on schedule check
[2022-08-06 22:19:20,355] {taskinstance.py:1179} INFO - Dependencies all met for <TaskInstance: our_first_dag_v5.first_task scheduled__2021-12-04T00:00:00+00:00 [queued]>
[2022-08-06 22:19:20,370] {taskinstance.py:1179} INFO - Dependencies all met for <TaskInstance: our_first_dag_v5.first_task scheduled__2021-12-04T00:00:00+00:00 [queued]>
[2022-08-06 22:19:20,370] {taskinstance.py:1376} INFO - 
--------------------------------------------------------------------------------
[2022-08-06 22:19:20,370] {taskinstance.py:1377} INFO - Starting attempt 1 of 6
[2022-08-06 22:19:20,370] {taskinstance.py:1378} INFO - 
--------------------------------------------------------------------------------
[2022-08-06 22:19:20,387] {taskinstance.py:1397} INFO - Executing <Task(BashOperator): first_task> on 2021-12-04 00:00:00+00:00
[2022-08-06 22:19:20,394] {standard_task_runner.py:52} INFO - Started process 1288 to run task
[2022-08-06 22:19:20,397] {standard_task_runner.py:79} INFO - Running: ['***', 'tasks', 'run', 'our_first_dag_v5', 'first_task', 'scheduled__2021-12-04T00:00:00+00:00', '--job-id', '382', '--raw', '--subdir', 'DAGS_FOLDER/pipeline.py', '--cfg-path', '/tmp/tmp2jwjmlhg', '--error-file', '/tmp/tmpl4bhmudj']
[2022-08-06 22:19:20,398] {standard_task_runner.py:80} INFO - Job 382: Subtask first_task
[2022-08-06 22:19:20,463] {task_command.py:371} INFO - Running <TaskInstance: our_first_dag_v5.first_task scheduled__2021-12-04T00:00:00+00:00 [running]> on host ed53bde1c44a
[2022-08-06 22:19:20,537] {taskinstance.py:1591} INFO - Exporting the following env vars:
AIRFLOW_CTX_DAG_OWNER=coder2j
AIRFLOW_CTX_DAG_ID=our_first_dag_v5
AIRFLOW_CTX_TASK_ID=first_task
AIRFLOW_CTX_EXECUTION_DATE=2021-12-04T00:00:00+00:00
AIRFLOW_CTX_TRY_NUMBER=1
AIRFLOW_CTX_DAG_RUN_ID=scheduled__2021-12-04T00:00:00+00:00
[2022-08-06 22:19:20,537] {subprocess.py:62} INFO - Tmp dir root location: 
 /tmp
[2022-08-06 22:19:20,538] {subprocess.py:74} INFO - Running command: ['bash', '-c', 'echo hello world, this is the first task!']
[2022-08-06 22:19:20,551] {subprocess.py:85} INFO - Output:
[2022-08-06 22:19:20,552] {subprocess.py:92} INFO - hello world, this is the first task!
[2022-08-06 22:19:20,552] {subprocess.py:96} INFO - Command exited with return code 0
[2022-08-06 22:19:20,588] {taskinstance.py:1420} INFO - Marking task as SUCCESS. dag_id=our_first_dag_v5, task_id=first_task, execution_date=20211204T000000, start_date=20220806T221920, end_date=20220806T221920
[2022-08-06 22:19:20,648] {local_task_job.py:156} INFO - Task exited with return code 0
[2022-08-06 22:19:20,685] {local_task_job.py:273} INFO - 2 downstream tasks scheduled from follow-on schedule check
[2022-08-06 22:22:59,825] {taskinstance.py:1179} INFO - Dependencies all met for <TaskInstance: our_first_dag_v5.first_task scheduled__2021-12-04T00:00:00+00:00 [queued]>
[2022-08-06 22:22:59,835] {taskinstance.py:1179} INFO - Dependencies all met for <TaskInstance: our_first_dag_v5.first_task scheduled__2021-12-04T00:00:00+00:00 [queued]>
[2022-08-06 22:22:59,835] {taskinstance.py:1376} INFO - 
--------------------------------------------------------------------------------
[2022-08-06 22:22:59,836] {taskinstance.py:1377} INFO - Starting attempt 1 of 6
[2022-08-06 22:22:59,836] {taskinstance.py:1378} INFO - 
--------------------------------------------------------------------------------
[2022-08-06 22:22:59,856] {taskinstance.py:1397} INFO - Executing <Task(BashOperator): first_task> on 2021-12-04 00:00:00+00:00
[2022-08-06 22:22:59,864] {standard_task_runner.py:52} INFO - Started process 1311 to run task
[2022-08-06 22:22:59,867] {standard_task_runner.py:79} INFO - Running: ['***', 'tasks', 'run', 'our_first_dag_v5', 'first_task', 'scheduled__2021-12-04T00:00:00+00:00', '--job-id', '376', '--raw', '--subdir', 'DAGS_FOLDER/pipeline.py', '--cfg-path', '/tmp/tmpuw_54lnu', '--error-file', '/tmp/tmp7zmxyto5']
[2022-08-06 22:22:59,867] {standard_task_runner.py:80} INFO - Job 376: Subtask first_task
[2022-08-06 22:22:59,993] {task_command.py:371} INFO - Running <TaskInstance: our_first_dag_v5.first_task scheduled__2021-12-04T00:00:00+00:00 [running]> on host b215076695c3
[2022-08-06 22:23:00,131] {taskinstance.py:1591} INFO - Exporting the following env vars:
AIRFLOW_CTX_DAG_OWNER=coder2j
AIRFLOW_CTX_DAG_ID=our_first_dag_v5
AIRFLOW_CTX_TASK_ID=first_task
AIRFLOW_CTX_EXECUTION_DATE=2021-12-04T00:00:00+00:00
AIRFLOW_CTX_TRY_NUMBER=1
AIRFLOW_CTX_DAG_RUN_ID=scheduled__2021-12-04T00:00:00+00:00
[2022-08-06 22:23:00,132] {subprocess.py:62} INFO - Tmp dir root location: 
 /tmp
[2022-08-06 22:23:00,132] {subprocess.py:74} INFO - Running command: ['bash', '-c', 'echo hello world, this is the first task!']
[2022-08-06 22:23:00,153] {subprocess.py:85} INFO - Output:
[2022-08-06 22:23:00,156] {subprocess.py:92} INFO - hello world, this is the first task!
[2022-08-06 22:23:00,157] {subprocess.py:96} INFO - Command exited with return code 0
[2022-08-06 22:23:00,205] {taskinstance.py:1420} INFO - Marking task as SUCCESS. dag_id=our_first_dag_v5, task_id=first_task, execution_date=20211204T000000, start_date=20220806T222259, end_date=20220806T222300
[2022-08-06 22:23:00,239] {local_task_job.py:156} INFO - Task exited with return code 0
[2022-08-06 22:23:00,286] {local_task_job.py:273} INFO - 2 downstream tasks scheduled from follow-on schedule check
