[2022-08-06 19:37:48,766] {taskinstance.py:1179} INFO - Dependencies all met for <TaskInstance: our_first_dag_v5.first_task scheduled__2022-01-20T00:00:00+00:00 [queued]>
[2022-08-06 19:37:48,780] {taskinstance.py:1179} INFO - Dependencies all met for <TaskInstance: our_first_dag_v5.first_task scheduled__2022-01-20T00:00:00+00:00 [queued]>
[2022-08-06 19:37:48,780] {taskinstance.py:1376} INFO - 
--------------------------------------------------------------------------------
[2022-08-06 19:37:48,780] {taskinstance.py:1377} INFO - Starting attempt 1 of 6
[2022-08-06 19:37:48,780] {taskinstance.py:1378} INFO - 
--------------------------------------------------------------------------------
[2022-08-06 19:37:48,798] {taskinstance.py:1397} INFO - Executing <Task(BashOperator): first_task> on 2022-01-20 00:00:00+00:00
[2022-08-06 19:37:48,803] {standard_task_runner.py:52} INFO - Started process 1732 to run task
[2022-08-06 19:37:48,806] {standard_task_runner.py:79} INFO - Running: ['***', 'tasks', 'run', 'our_first_dag_v5', 'first_task', 'scheduled__2022-01-20T00:00:00+00:00', '--job-id', '523', '--raw', '--subdir', 'DAGS_FOLDER/pipeline.py', '--cfg-path', '/tmp/tmpua7j0r61', '--error-file', '/tmp/tmphv_lxtb_']
[2022-08-06 19:37:48,806] {standard_task_runner.py:80} INFO - Job 523: Subtask first_task
[2022-08-06 19:37:48,883] {task_command.py:371} INFO - Running <TaskInstance: our_first_dag_v5.first_task scheduled__2022-01-20T00:00:00+00:00 [running]> on host b29c168c1666
[2022-08-06 19:37:48,964] {taskinstance.py:1591} INFO - Exporting the following env vars:
AIRFLOW_CTX_DAG_OWNER=coder2j
AIRFLOW_CTX_DAG_ID=our_first_dag_v5
AIRFLOW_CTX_TASK_ID=first_task
AIRFLOW_CTX_EXECUTION_DATE=2022-01-20T00:00:00+00:00
AIRFLOW_CTX_TRY_NUMBER=1
AIRFLOW_CTX_DAG_RUN_ID=scheduled__2022-01-20T00:00:00+00:00
[2022-08-06 19:37:48,965] {subprocess.py:62} INFO - Tmp dir root location: 
 /tmp
[2022-08-06 19:37:48,965] {subprocess.py:74} INFO - Running command: ['bash', '-c', 'echo hello world, this is the first task!']
[2022-08-06 19:37:48,980] {subprocess.py:85} INFO - Output:
[2022-08-06 19:37:48,983] {subprocess.py:92} INFO - hello world, this is the first task!
[2022-08-06 19:37:48,983] {subprocess.py:96} INFO - Command exited with return code 0
[2022-08-06 19:37:49,019] {taskinstance.py:1420} INFO - Marking task as SUCCESS. dag_id=our_first_dag_v5, task_id=first_task, execution_date=20220120T000000, start_date=20220806T193748, end_date=20220806T193749
[2022-08-06 19:37:49,057] {local_task_job.py:156} INFO - Task exited with return code 0
[2022-08-06 19:37:49,110] {local_task_job.py:273} INFO - 2 downstream tasks scheduled from follow-on schedule check
[2022-08-06 21:51:40,749] {taskinstance.py:1179} INFO - Dependencies all met for <TaskInstance: our_first_dag_v5.first_task scheduled__2022-01-20T00:00:00+00:00 [queued]>
[2022-08-06 21:51:40,763] {taskinstance.py:1179} INFO - Dependencies all met for <TaskInstance: our_first_dag_v5.first_task scheduled__2022-01-20T00:00:00+00:00 [queued]>
[2022-08-06 21:51:40,763] {taskinstance.py:1376} INFO - 
--------------------------------------------------------------------------------
[2022-08-06 21:51:40,763] {taskinstance.py:1377} INFO - Starting attempt 1 of 6
[2022-08-06 21:51:40,763] {taskinstance.py:1378} INFO - 
--------------------------------------------------------------------------------
[2022-08-06 21:51:40,781] {taskinstance.py:1397} INFO - Executing <Task(BashOperator): first_task> on 2022-01-20 00:00:00+00:00
[2022-08-06 21:51:40,788] {standard_task_runner.py:52} INFO - Started process 1905 to run task
[2022-08-06 21:51:40,790] {standard_task_runner.py:79} INFO - Running: ['***', 'tasks', 'run', 'our_first_dag_v5', 'first_task', 'scheduled__2022-01-20T00:00:00+00:00', '--job-id', '519', '--raw', '--subdir', 'DAGS_FOLDER/pipeline.py', '--cfg-path', '/tmp/tmpwshdrk4e', '--error-file', '/tmp/tmpkbsc6_wd']
[2022-08-06 21:51:40,791] {standard_task_runner.py:80} INFO - Job 519: Subtask first_task
[2022-08-06 21:51:40,899] {task_command.py:371} INFO - Running <TaskInstance: our_first_dag_v5.first_task scheduled__2022-01-20T00:00:00+00:00 [running]> on host c3f731879890
[2022-08-06 21:51:41,012] {taskinstance.py:1591} INFO - Exporting the following env vars:
AIRFLOW_CTX_DAG_OWNER=coder2j
AIRFLOW_CTX_DAG_ID=our_first_dag_v5
AIRFLOW_CTX_TASK_ID=first_task
AIRFLOW_CTX_EXECUTION_DATE=2022-01-20T00:00:00+00:00
AIRFLOW_CTX_TRY_NUMBER=1
AIRFLOW_CTX_DAG_RUN_ID=scheduled__2022-01-20T00:00:00+00:00
[2022-08-06 21:51:41,013] {subprocess.py:62} INFO - Tmp dir root location: 
 /tmp
[2022-08-06 21:51:41,013] {subprocess.py:74} INFO - Running command: ['bash', '-c', 'echo hello world, this is the first task!']
[2022-08-06 21:51:41,031] {subprocess.py:85} INFO - Output:
[2022-08-06 21:51:41,033] {subprocess.py:92} INFO - hello world, this is the first task!
[2022-08-06 21:51:41,034] {subprocess.py:96} INFO - Command exited with return code 0
[2022-08-06 21:51:41,114] {taskinstance.py:1420} INFO - Marking task as SUCCESS. dag_id=our_first_dag_v5, task_id=first_task, execution_date=20220120T000000, start_date=20220806T215140, end_date=20220806T215141
[2022-08-06 21:51:41,162] {local_task_job.py:156} INFO - Task exited with return code 0
[2022-08-06 21:51:41,221] {local_task_job.py:273} INFO - 2 downstream tasks scheduled from follow-on schedule check
[2022-08-06 21:57:04,367] {taskinstance.py:1179} INFO - Dependencies all met for <TaskInstance: our_first_dag_v5.first_task scheduled__2022-01-20T00:00:00+00:00 [queued]>
[2022-08-06 21:57:04,390] {taskinstance.py:1179} INFO - Dependencies all met for <TaskInstance: our_first_dag_v5.first_task scheduled__2022-01-20T00:00:00+00:00 [queued]>
[2022-08-06 21:57:04,390] {taskinstance.py:1376} INFO - 
--------------------------------------------------------------------------------
[2022-08-06 21:57:04,390] {taskinstance.py:1377} INFO - Starting attempt 1 of 6
[2022-08-06 21:57:04,390] {taskinstance.py:1378} INFO - 
--------------------------------------------------------------------------------
[2022-08-06 21:57:04,413] {taskinstance.py:1397} INFO - Executing <Task(BashOperator): first_task> on 2022-01-20 00:00:00+00:00
[2022-08-06 21:57:04,420] {standard_task_runner.py:52} INFO - Started process 1701 to run task
[2022-08-06 21:57:04,424] {standard_task_runner.py:79} INFO - Running: ['***', 'tasks', 'run', 'our_first_dag_v5', 'first_task', 'scheduled__2022-01-20T00:00:00+00:00', '--job-id', '517', '--raw', '--subdir', 'DAGS_FOLDER/pipeline.py', '--cfg-path', '/tmp/tmpdvqel9wb', '--error-file', '/tmp/tmpbesp1sc9']
[2022-08-06 21:57:04,424] {standard_task_runner.py:80} INFO - Job 517: Subtask first_task
[2022-08-06 21:57:04,501] {task_command.py:371} INFO - Running <TaskInstance: our_first_dag_v5.first_task scheduled__2022-01-20T00:00:00+00:00 [running]> on host bc7e154a4fdd
[2022-08-06 21:57:04,595] {taskinstance.py:1591} INFO - Exporting the following env vars:
AIRFLOW_CTX_DAG_OWNER=coder2j
AIRFLOW_CTX_DAG_ID=our_first_dag_v5
AIRFLOW_CTX_TASK_ID=first_task
AIRFLOW_CTX_EXECUTION_DATE=2022-01-20T00:00:00+00:00
AIRFLOW_CTX_TRY_NUMBER=1
AIRFLOW_CTX_DAG_RUN_ID=scheduled__2022-01-20T00:00:00+00:00
[2022-08-06 21:57:04,595] {subprocess.py:62} INFO - Tmp dir root location: 
 /tmp
[2022-08-06 21:57:04,596] {subprocess.py:74} INFO - Running command: ['bash', '-c', 'echo hello world, this is the first task!']
[2022-08-06 21:57:04,609] {subprocess.py:85} INFO - Output:
[2022-08-06 21:57:04,611] {subprocess.py:92} INFO - hello world, this is the first task!
[2022-08-06 21:57:04,611] {subprocess.py:96} INFO - Command exited with return code 0
[2022-08-06 21:57:04,651] {taskinstance.py:1420} INFO - Marking task as SUCCESS. dag_id=our_first_dag_v5, task_id=first_task, execution_date=20220120T000000, start_date=20220806T215704, end_date=20220806T215704
[2022-08-06 21:57:04,715] {local_task_job.py:156} INFO - Task exited with return code 0
[2022-08-06 21:57:04,776] {local_task_job.py:273} INFO - 2 downstream tasks scheduled from follow-on schedule check
[2022-08-06 22:12:09,169] {taskinstance.py:1179} INFO - Dependencies all met for <TaskInstance: our_first_dag_v5.first_task scheduled__2022-01-20T00:00:00+00:00 [queued]>
[2022-08-06 22:12:09,182] {taskinstance.py:1179} INFO - Dependencies all met for <TaskInstance: our_first_dag_v5.first_task scheduled__2022-01-20T00:00:00+00:00 [queued]>
[2022-08-06 22:12:09,182] {taskinstance.py:1376} INFO - 
--------------------------------------------------------------------------------
[2022-08-06 22:12:09,182] {taskinstance.py:1377} INFO - Starting attempt 1 of 6
[2022-08-06 22:12:09,183] {taskinstance.py:1378} INFO - 
--------------------------------------------------------------------------------
[2022-08-06 22:12:09,199] {taskinstance.py:1397} INFO - Executing <Task(BashOperator): first_task> on 2022-01-20 00:00:00+00:00
[2022-08-06 22:12:09,205] {standard_task_runner.py:52} INFO - Started process 1725 to run task
[2022-08-06 22:12:09,207] {standard_task_runner.py:79} INFO - Running: ['***', 'tasks', 'run', 'our_first_dag_v5', 'first_task', 'scheduled__2022-01-20T00:00:00+00:00', '--job-id', '523', '--raw', '--subdir', 'DAGS_FOLDER/pipeline.py', '--cfg-path', '/tmp/tmp_omdu1rx', '--error-file', '/tmp/tmp7g5p4fxm']
[2022-08-06 22:12:09,207] {standard_task_runner.py:80} INFO - Job 523: Subtask first_task
[2022-08-06 22:12:09,280] {task_command.py:371} INFO - Running <TaskInstance: our_first_dag_v5.first_task scheduled__2022-01-20T00:00:00+00:00 [running]> on host 1250c3b659cd
[2022-08-06 22:12:09,362] {taskinstance.py:1591} INFO - Exporting the following env vars:
AIRFLOW_CTX_DAG_OWNER=coder2j
AIRFLOW_CTX_DAG_ID=our_first_dag_v5
AIRFLOW_CTX_TASK_ID=first_task
AIRFLOW_CTX_EXECUTION_DATE=2022-01-20T00:00:00+00:00
AIRFLOW_CTX_TRY_NUMBER=1
AIRFLOW_CTX_DAG_RUN_ID=scheduled__2022-01-20T00:00:00+00:00
[2022-08-06 22:12:09,363] {subprocess.py:62} INFO - Tmp dir root location: 
 /tmp
[2022-08-06 22:12:09,364] {subprocess.py:74} INFO - Running command: ['bash', '-c', 'echo hello world, this is the first task!']
[2022-08-06 22:12:09,378] {subprocess.py:85} INFO - Output:
[2022-08-06 22:12:09,379] {subprocess.py:92} INFO - hello world, this is the first task!
[2022-08-06 22:12:09,379] {subprocess.py:96} INFO - Command exited with return code 0
[2022-08-06 22:12:09,412] {taskinstance.py:1420} INFO - Marking task as SUCCESS. dag_id=our_first_dag_v5, task_id=first_task, execution_date=20220120T000000, start_date=20220806T221209, end_date=20220806T221209
[2022-08-06 22:12:09,459] {local_task_job.py:156} INFO - Task exited with return code 0
[2022-08-06 22:12:09,510] {local_task_job.py:273} INFO - 2 downstream tasks scheduled from follow-on schedule check
[2022-08-06 22:23:28,407] {taskinstance.py:1179} INFO - Dependencies all met for <TaskInstance: our_first_dag_v5.first_task scheduled__2022-01-20T00:00:00+00:00 [queued]>
[2022-08-06 22:23:28,418] {taskinstance.py:1179} INFO - Dependencies all met for <TaskInstance: our_first_dag_v5.first_task scheduled__2022-01-20T00:00:00+00:00 [queued]>
[2022-08-06 22:23:28,418] {taskinstance.py:1376} INFO - 
--------------------------------------------------------------------------------
[2022-08-06 22:23:28,418] {taskinstance.py:1377} INFO - Starting attempt 1 of 6
[2022-08-06 22:23:28,418] {taskinstance.py:1378} INFO - 
--------------------------------------------------------------------------------
[2022-08-06 22:23:28,434] {taskinstance.py:1397} INFO - Executing <Task(BashOperator): first_task> on 2022-01-20 00:00:00+00:00
[2022-08-06 22:23:28,439] {standard_task_runner.py:52} INFO - Started process 1771 to run task
[2022-08-06 22:23:28,442] {standard_task_runner.py:79} INFO - Running: ['***', 'tasks', 'run', 'our_first_dag_v5', 'first_task', 'scheduled__2022-01-20T00:00:00+00:00', '--job-id', '524', '--raw', '--subdir', 'DAGS_FOLDER/pipeline.py', '--cfg-path', '/tmp/tmpru0mgb4j', '--error-file', '/tmp/tmp1zq1hpjh']
[2022-08-06 22:23:28,442] {standard_task_runner.py:80} INFO - Job 524: Subtask first_task
[2022-08-06 22:23:28,502] {task_command.py:371} INFO - Running <TaskInstance: our_first_dag_v5.first_task scheduled__2022-01-20T00:00:00+00:00 [running]> on host b215076695c3
[2022-08-06 22:23:28,587] {taskinstance.py:1591} INFO - Exporting the following env vars:
AIRFLOW_CTX_DAG_OWNER=coder2j
AIRFLOW_CTX_DAG_ID=our_first_dag_v5
AIRFLOW_CTX_TASK_ID=first_task
AIRFLOW_CTX_EXECUTION_DATE=2022-01-20T00:00:00+00:00
AIRFLOW_CTX_TRY_NUMBER=1
AIRFLOW_CTX_DAG_RUN_ID=scheduled__2022-01-20T00:00:00+00:00
[2022-08-06 22:23:28,587] {subprocess.py:62} INFO - Tmp dir root location: 
 /tmp
[2022-08-06 22:23:28,588] {subprocess.py:74} INFO - Running command: ['bash', '-c', 'echo hello world, this is the first task!']
[2022-08-06 22:23:28,602] {subprocess.py:85} INFO - Output:
[2022-08-06 22:23:28,604] {subprocess.py:92} INFO - hello world, this is the first task!
[2022-08-06 22:23:28,604] {subprocess.py:96} INFO - Command exited with return code 0
[2022-08-06 22:23:28,632] {taskinstance.py:1420} INFO - Marking task as SUCCESS. dag_id=our_first_dag_v5, task_id=first_task, execution_date=20220120T000000, start_date=20220806T222328, end_date=20220806T222328
[2022-08-06 22:23:28,653] {local_task_job.py:156} INFO - Task exited with return code 0
[2022-08-06 22:23:28,694] {local_task_job.py:273} INFO - 2 downstream tasks scheduled from follow-on schedule check
