[2022-08-06 19:39:10,648] {taskinstance.py:1179} INFO - Dependencies all met for <TaskInstance: our_first_dag_v5.thrid_task scheduled__2022-06-06T00:00:00+00:00 [queued]>
[2022-08-06 19:39:10,664] {taskinstance.py:1179} INFO - Dependencies all met for <TaskInstance: our_first_dag_v5.thrid_task scheduled__2022-06-06T00:00:00+00:00 [queued]>
[2022-08-06 19:39:10,664] {taskinstance.py:1376} INFO - 
--------------------------------------------------------------------------------
[2022-08-06 19:39:10,664] {taskinstance.py:1377} INFO - Starting attempt 1 of 6
[2022-08-06 19:39:10,664] {taskinstance.py:1378} INFO - 
--------------------------------------------------------------------------------
[2022-08-06 19:39:10,684] {taskinstance.py:1397} INFO - Executing <Task(BashOperator): thrid_task> on 2022-06-06 00:00:00+00:00
[2022-08-06 19:39:10,690] {standard_task_runner.py:52} INFO - Started process 3043 to run task
[2022-08-06 19:39:10,693] {standard_task_runner.py:79} INFO - Running: ['***', 'tasks', 'run', 'our_first_dag_v5', 'thrid_task', 'scheduled__2022-06-06T00:00:00+00:00', '--job-id', '940', '--raw', '--subdir', 'DAGS_FOLDER/pipeline.py', '--cfg-path', '/tmp/tmpberere41', '--error-file', '/tmp/tmplifs9yzw']
[2022-08-06 19:39:10,693] {standard_task_runner.py:80} INFO - Job 940: Subtask thrid_task
[2022-08-06 19:39:10,784] {task_command.py:371} INFO - Running <TaskInstance: our_first_dag_v5.thrid_task scheduled__2022-06-06T00:00:00+00:00 [running]> on host b29c168c1666
[2022-08-06 19:39:10,873] {taskinstance.py:1591} INFO - Exporting the following env vars:
AIRFLOW_CTX_DAG_OWNER=coder2j
AIRFLOW_CTX_DAG_ID=our_first_dag_v5
AIRFLOW_CTX_TASK_ID=thrid_task
AIRFLOW_CTX_EXECUTION_DATE=2022-06-06T00:00:00+00:00
AIRFLOW_CTX_TRY_NUMBER=1
AIRFLOW_CTX_DAG_RUN_ID=scheduled__2022-06-06T00:00:00+00:00
[2022-08-06 19:39:10,874] {subprocess.py:62} INFO - Tmp dir root location: 
 /tmp
[2022-08-06 19:39:10,874] {subprocess.py:74} INFO - Running command: ['bash', '-c', 'echo hey, I am task3 and will be running after task1 at the same time as task2!']
[2022-08-06 19:39:10,887] {subprocess.py:85} INFO - Output:
[2022-08-06 19:39:10,889] {subprocess.py:92} INFO - hey, I am task3 and will be running after task1 at the same time as task2!
[2022-08-06 19:39:10,889] {subprocess.py:96} INFO - Command exited with return code 0
[2022-08-06 19:39:10,924] {taskinstance.py:1420} INFO - Marking task as SUCCESS. dag_id=our_first_dag_v5, task_id=thrid_task, execution_date=20220606T000000, start_date=20220806T193910, end_date=20220806T193910
[2022-08-06 19:39:10,950] {local_task_job.py:156} INFO - Task exited with return code 0
[2022-08-06 19:39:10,987] {local_task_job.py:273} INFO - 0 downstream tasks scheduled from follow-on schedule check
[2022-08-06 21:53:02,556] {taskinstance.py:1179} INFO - Dependencies all met for <TaskInstance: our_first_dag_v5.thrid_task scheduled__2022-06-06T00:00:00+00:00 [queued]>
[2022-08-06 21:53:02,572] {taskinstance.py:1179} INFO - Dependencies all met for <TaskInstance: our_first_dag_v5.thrid_task scheduled__2022-06-06T00:00:00+00:00 [queued]>
[2022-08-06 21:53:02,573] {taskinstance.py:1376} INFO - 
--------------------------------------------------------------------------------
[2022-08-06 21:53:02,573] {taskinstance.py:1377} INFO - Starting attempt 1 of 6
[2022-08-06 21:53:02,573] {taskinstance.py:1378} INFO - 
--------------------------------------------------------------------------------
[2022-08-06 21:53:02,589] {taskinstance.py:1397} INFO - Executing <Task(BashOperator): thrid_task> on 2022-06-06 00:00:00+00:00
[2022-08-06 21:53:02,596] {standard_task_runner.py:52} INFO - Started process 3235 to run task
[2022-08-06 21:53:02,599] {standard_task_runner.py:79} INFO - Running: ['***', 'tasks', 'run', 'our_first_dag_v5', 'thrid_task', 'scheduled__2022-06-06T00:00:00+00:00', '--job-id', '939', '--raw', '--subdir', 'DAGS_FOLDER/pipeline.py', '--cfg-path', '/tmp/tmpd6nl_jyn', '--error-file', '/tmp/tmp6cer8u4r']
[2022-08-06 21:53:02,600] {standard_task_runner.py:80} INFO - Job 939: Subtask thrid_task
[2022-08-06 21:53:02,681] {task_command.py:371} INFO - Running <TaskInstance: our_first_dag_v5.thrid_task scheduled__2022-06-06T00:00:00+00:00 [running]> on host c3f731879890
[2022-08-06 21:53:02,805] {taskinstance.py:1591} INFO - Exporting the following env vars:
AIRFLOW_CTX_DAG_OWNER=coder2j
AIRFLOW_CTX_DAG_ID=our_first_dag_v5
AIRFLOW_CTX_TASK_ID=thrid_task
AIRFLOW_CTX_EXECUTION_DATE=2022-06-06T00:00:00+00:00
AIRFLOW_CTX_TRY_NUMBER=1
AIRFLOW_CTX_DAG_RUN_ID=scheduled__2022-06-06T00:00:00+00:00
[2022-08-06 21:53:02,806] {subprocess.py:62} INFO - Tmp dir root location: 
 /tmp
[2022-08-06 21:53:02,807] {subprocess.py:74} INFO - Running command: ['bash', '-c', 'echo hey, I am task3 and will be running after task1 at the same time as task2!']
[2022-08-06 21:53:02,825] {subprocess.py:85} INFO - Output:
[2022-08-06 21:53:02,827] {subprocess.py:92} INFO - hey, I am task3 and will be running after task1 at the same time as task2!
[2022-08-06 21:53:02,827] {subprocess.py:96} INFO - Command exited with return code 0
[2022-08-06 21:53:02,868] {taskinstance.py:1420} INFO - Marking task as SUCCESS. dag_id=our_first_dag_v5, task_id=thrid_task, execution_date=20220606T000000, start_date=20220806T215302, end_date=20220806T215302
[2022-08-06 21:53:02,930] {local_task_job.py:156} INFO - Task exited with return code 0
[2022-08-06 21:53:02,966] {local_task_job.py:273} INFO - 0 downstream tasks scheduled from follow-on schedule check
[2022-08-06 21:58:29,970] {taskinstance.py:1179} INFO - Dependencies all met for <TaskInstance: our_first_dag_v5.thrid_task scheduled__2022-06-06T00:00:00+00:00 [queued]>
[2022-08-06 21:58:29,982] {taskinstance.py:1179} INFO - Dependencies all met for <TaskInstance: our_first_dag_v5.thrid_task scheduled__2022-06-06T00:00:00+00:00 [queued]>
[2022-08-06 21:58:29,982] {taskinstance.py:1376} INFO - 
--------------------------------------------------------------------------------
[2022-08-06 21:58:29,982] {taskinstance.py:1377} INFO - Starting attempt 1 of 6
[2022-08-06 21:58:29,982] {taskinstance.py:1378} INFO - 
--------------------------------------------------------------------------------
[2022-08-06 21:58:29,997] {taskinstance.py:1397} INFO - Executing <Task(BashOperator): thrid_task> on 2022-06-06 00:00:00+00:00
[2022-08-06 21:58:30,005] {standard_task_runner.py:52} INFO - Started process 3024 to run task
[2022-08-06 21:58:30,011] {standard_task_runner.py:79} INFO - Running: ['***', 'tasks', 'run', 'our_first_dag_v5', 'thrid_task', 'scheduled__2022-06-06T00:00:00+00:00', '--job-id', '938', '--raw', '--subdir', 'DAGS_FOLDER/pipeline.py', '--cfg-path', '/tmp/tmp9c6ol7cz', '--error-file', '/tmp/tmp5d3k3yvs']
[2022-08-06 21:58:30,011] {standard_task_runner.py:80} INFO - Job 938: Subtask thrid_task
[2022-08-06 21:58:30,147] {task_command.py:371} INFO - Running <TaskInstance: our_first_dag_v5.thrid_task scheduled__2022-06-06T00:00:00+00:00 [running]> on host bc7e154a4fdd
[2022-08-06 21:58:30,277] {taskinstance.py:1591} INFO - Exporting the following env vars:
AIRFLOW_CTX_DAG_OWNER=coder2j
AIRFLOW_CTX_DAG_ID=our_first_dag_v5
AIRFLOW_CTX_TASK_ID=thrid_task
AIRFLOW_CTX_EXECUTION_DATE=2022-06-06T00:00:00+00:00
AIRFLOW_CTX_TRY_NUMBER=1
AIRFLOW_CTX_DAG_RUN_ID=scheduled__2022-06-06T00:00:00+00:00
[2022-08-06 21:58:30,278] {subprocess.py:62} INFO - Tmp dir root location: 
 /tmp
[2022-08-06 21:58:30,278] {subprocess.py:74} INFO - Running command: ['bash', '-c', 'echo hey, I am task3 and will be running after task1 at the same time as task2!']
[2022-08-06 21:58:30,300] {subprocess.py:85} INFO - Output:
[2022-08-06 21:58:30,302] {subprocess.py:92} INFO - hey, I am task3 and will be running after task1 at the same time as task2!
[2022-08-06 21:58:30,324] {subprocess.py:96} INFO - Command exited with return code 0
[2022-08-06 21:58:30,418] {taskinstance.py:1420} INFO - Marking task as SUCCESS. dag_id=our_first_dag_v5, task_id=thrid_task, execution_date=20220606T000000, start_date=20220806T215829, end_date=20220806T215830
[2022-08-06 21:58:30,460] {local_task_job.py:156} INFO - Task exited with return code 0
[2022-08-06 21:58:30,515] {local_task_job.py:273} INFO - 0 downstream tasks scheduled from follow-on schedule check
[2022-08-06 22:13:26,853] {taskinstance.py:1179} INFO - Dependencies all met for <TaskInstance: our_first_dag_v5.thrid_task scheduled__2022-06-06T00:00:00+00:00 [queued]>
[2022-08-06 22:13:26,868] {taskinstance.py:1179} INFO - Dependencies all met for <TaskInstance: our_first_dag_v5.thrid_task scheduled__2022-06-06T00:00:00+00:00 [queued]>
[2022-08-06 22:13:26,868] {taskinstance.py:1376} INFO - 
--------------------------------------------------------------------------------
[2022-08-06 22:13:26,868] {taskinstance.py:1377} INFO - Starting attempt 1 of 6
[2022-08-06 22:13:26,868] {taskinstance.py:1378} INFO - 
--------------------------------------------------------------------------------
[2022-08-06 22:13:26,883] {taskinstance.py:1397} INFO - Executing <Task(BashOperator): thrid_task> on 2022-06-06 00:00:00+00:00
[2022-08-06 22:13:26,889] {standard_task_runner.py:52} INFO - Started process 3030 to run task
[2022-08-06 22:13:26,892] {standard_task_runner.py:79} INFO - Running: ['***', 'tasks', 'run', 'our_first_dag_v5', 'thrid_task', 'scheduled__2022-06-06T00:00:00+00:00', '--job-id', '937', '--raw', '--subdir', 'DAGS_FOLDER/pipeline.py', '--cfg-path', '/tmp/tmphkvk2oad', '--error-file', '/tmp/tmpwi33ofjy']
[2022-08-06 22:13:26,893] {standard_task_runner.py:80} INFO - Job 937: Subtask thrid_task
[2022-08-06 22:13:26,988] {task_command.py:371} INFO - Running <TaskInstance: our_first_dag_v5.thrid_task scheduled__2022-06-06T00:00:00+00:00 [running]> on host 1250c3b659cd
[2022-08-06 22:13:27,084] {taskinstance.py:1591} INFO - Exporting the following env vars:
AIRFLOW_CTX_DAG_OWNER=coder2j
AIRFLOW_CTX_DAG_ID=our_first_dag_v5
AIRFLOW_CTX_TASK_ID=thrid_task
AIRFLOW_CTX_EXECUTION_DATE=2022-06-06T00:00:00+00:00
AIRFLOW_CTX_TRY_NUMBER=1
AIRFLOW_CTX_DAG_RUN_ID=scheduled__2022-06-06T00:00:00+00:00
[2022-08-06 22:13:27,085] {subprocess.py:62} INFO - Tmp dir root location: 
 /tmp
[2022-08-06 22:13:27,086] {subprocess.py:74} INFO - Running command: ['bash', '-c', 'echo hey, I am task3 and will be running after task1 at the same time as task2!']
[2022-08-06 22:13:27,099] {subprocess.py:85} INFO - Output:
[2022-08-06 22:13:27,101] {subprocess.py:92} INFO - hey, I am task3 and will be running after task1 at the same time as task2!
[2022-08-06 22:13:27,101] {subprocess.py:96} INFO - Command exited with return code 0
[2022-08-06 22:13:27,134] {taskinstance.py:1420} INFO - Marking task as SUCCESS. dag_id=our_first_dag_v5, task_id=thrid_task, execution_date=20220606T000000, start_date=20220806T221326, end_date=20220806T221327
[2022-08-06 22:13:27,183] {local_task_job.py:156} INFO - Task exited with return code 0
[2022-08-06 22:13:27,223] {local_task_job.py:273} INFO - 0 downstream tasks scheduled from follow-on schedule check
[2022-08-06 22:24:44,875] {taskinstance.py:1179} INFO - Dependencies all met for <TaskInstance: our_first_dag_v5.thrid_task scheduled__2022-06-06T00:00:00+00:00 [queued]>
[2022-08-06 22:24:44,887] {taskinstance.py:1179} INFO - Dependencies all met for <TaskInstance: our_first_dag_v5.thrid_task scheduled__2022-06-06T00:00:00+00:00 [queued]>
[2022-08-06 22:24:44,887] {taskinstance.py:1376} INFO - 
--------------------------------------------------------------------------------
[2022-08-06 22:24:44,887] {taskinstance.py:1377} INFO - Starting attempt 1 of 6
[2022-08-06 22:24:44,887] {taskinstance.py:1378} INFO - 
--------------------------------------------------------------------------------
[2022-08-06 22:24:44,902] {taskinstance.py:1397} INFO - Executing <Task(BashOperator): thrid_task> on 2022-06-06 00:00:00+00:00
[2022-08-06 22:24:44,907] {standard_task_runner.py:52} INFO - Started process 3082 to run task
[2022-08-06 22:24:44,909] {standard_task_runner.py:79} INFO - Running: ['***', 'tasks', 'run', 'our_first_dag_v5', 'thrid_task', 'scheduled__2022-06-06T00:00:00+00:00', '--job-id', '940', '--raw', '--subdir', 'DAGS_FOLDER/pipeline.py', '--cfg-path', '/tmp/tmphpn7xl55', '--error-file', '/tmp/tmp2mgjg_gu']
[2022-08-06 22:24:44,909] {standard_task_runner.py:80} INFO - Job 940: Subtask thrid_task
[2022-08-06 22:24:44,965] {task_command.py:371} INFO - Running <TaskInstance: our_first_dag_v5.thrid_task scheduled__2022-06-06T00:00:00+00:00 [running]> on host b215076695c3
[2022-08-06 22:24:45,042] {taskinstance.py:1591} INFO - Exporting the following env vars:
AIRFLOW_CTX_DAG_OWNER=coder2j
AIRFLOW_CTX_DAG_ID=our_first_dag_v5
AIRFLOW_CTX_TASK_ID=thrid_task
AIRFLOW_CTX_EXECUTION_DATE=2022-06-06T00:00:00+00:00
AIRFLOW_CTX_TRY_NUMBER=1
AIRFLOW_CTX_DAG_RUN_ID=scheduled__2022-06-06T00:00:00+00:00
[2022-08-06 22:24:45,043] {subprocess.py:62} INFO - Tmp dir root location: 
 /tmp
[2022-08-06 22:24:45,043] {subprocess.py:74} INFO - Running command: ['bash', '-c', 'echo hey, I am task3 and will be running after task1 at the same time as task2!']
[2022-08-06 22:24:45,055] {subprocess.py:85} INFO - Output:
[2022-08-06 22:24:45,056] {subprocess.py:92} INFO - hey, I am task3 and will be running after task1 at the same time as task2!
[2022-08-06 22:24:45,056] {subprocess.py:96} INFO - Command exited with return code 0
[2022-08-06 22:24:45,082] {taskinstance.py:1420} INFO - Marking task as SUCCESS. dag_id=our_first_dag_v5, task_id=thrid_task, execution_date=20220606T000000, start_date=20220806T222444, end_date=20220806T222445
[2022-08-06 22:24:45,120] {local_task_job.py:156} INFO - Task exited with return code 0
[2022-08-06 22:24:45,155] {local_task_job.py:273} INFO - 0 downstream tasks scheduled from follow-on schedule check
