[2022-08-06 19:36:00,899] {taskinstance.py:1179} INFO - Dependencies all met for <TaskInstance: our_first_dag_v5.second_task scheduled__2021-08-02T00:00:00+00:00 [queued]>
[2022-08-06 19:36:00,922] {taskinstance.py:1179} INFO - Dependencies all met for <TaskInstance: our_first_dag_v5.second_task scheduled__2021-08-02T00:00:00+00:00 [queued]>
[2022-08-06 19:36:00,922] {taskinstance.py:1376} INFO - 
--------------------------------------------------------------------------------
[2022-08-06 19:36:00,922] {taskinstance.py:1377} INFO - Starting attempt 1 of 6
[2022-08-06 19:36:00,923] {taskinstance.py:1378} INFO - 
--------------------------------------------------------------------------------
[2022-08-06 19:36:00,945] {taskinstance.py:1397} INFO - Executing <Task(BashOperator): second_task> on 2021-08-02 00:00:00+00:00
[2022-08-06 19:36:00,956] {standard_task_runner.py:52} INFO - Started process 129 to run task
[2022-08-06 19:36:00,961] {standard_task_runner.py:79} INFO - Running: ['***', 'tasks', 'run', 'our_first_dag_v5', 'second_task', 'scheduled__2021-08-02T00:00:00+00:00', '--job-id', '16', '--raw', '--subdir', 'DAGS_FOLDER/pipeline.py', '--cfg-path', '/tmp/tmpu9mr8fiu', '--error-file', '/tmp/tmpelpg_led']
[2022-08-06 19:36:00,962] {standard_task_runner.py:80} INFO - Job 16: Subtask second_task
[2022-08-06 19:36:01,076] {task_command.py:371} INFO - Running <TaskInstance: our_first_dag_v5.second_task scheduled__2021-08-02T00:00:00+00:00 [running]> on host b29c168c1666
[2022-08-06 19:36:01,191] {taskinstance.py:1591} INFO - Exporting the following env vars:
AIRFLOW_CTX_DAG_OWNER=coder2j
AIRFLOW_CTX_DAG_ID=our_first_dag_v5
AIRFLOW_CTX_TASK_ID=second_task
AIRFLOW_CTX_EXECUTION_DATE=2021-08-02T00:00:00+00:00
AIRFLOW_CTX_TRY_NUMBER=1
AIRFLOW_CTX_DAG_RUN_ID=scheduled__2021-08-02T00:00:00+00:00
[2022-08-06 19:36:01,193] {subprocess.py:62} INFO - Tmp dir root location: 
 /tmp
[2022-08-06 19:36:01,194] {subprocess.py:74} INFO - Running command: ['bash', '-c', 'echo hey, I am task2 and will be running after task1!']
[2022-08-06 19:36:01,212] {subprocess.py:85} INFO - Output:
[2022-08-06 19:36:01,215] {subprocess.py:92} INFO - hey, I am task2 and will be running after task1!
[2022-08-06 19:36:01,215] {subprocess.py:96} INFO - Command exited with return code 0
[2022-08-06 19:36:01,252] {taskinstance.py:1420} INFO - Marking task as SUCCESS. dag_id=our_first_dag_v5, task_id=second_task, execution_date=20210802T000000, start_date=20220806T193600, end_date=20220806T193601
[2022-08-06 19:36:01,300] {local_task_job.py:156} INFO - Task exited with return code 0
[2022-08-06 19:36:01,422] {local_task_job.py:273} INFO - 0 downstream tasks scheduled from follow-on schedule check
[2022-08-06 21:49:57,874] {taskinstance.py:1179} INFO - Dependencies all met for <TaskInstance: our_first_dag_v5.second_task scheduled__2021-08-02T00:00:00+00:00 [queued]>
[2022-08-06 21:49:57,901] {taskinstance.py:1179} INFO - Dependencies all met for <TaskInstance: our_first_dag_v5.second_task scheduled__2021-08-02T00:00:00+00:00 [queued]>
[2022-08-06 21:49:57,901] {taskinstance.py:1376} INFO - 
--------------------------------------------------------------------------------
[2022-08-06 21:49:57,902] {taskinstance.py:1377} INFO - Starting attempt 1 of 6
[2022-08-06 21:49:57,902] {taskinstance.py:1378} INFO - 
--------------------------------------------------------------------------------
[2022-08-06 21:49:57,930] {taskinstance.py:1397} INFO - Executing <Task(BashOperator): second_task> on 2021-08-02 00:00:00+00:00
[2022-08-06 21:49:57,938] {standard_task_runner.py:52} INFO - Started process 325 to run task
[2022-08-06 21:49:57,941] {standard_task_runner.py:79} INFO - Running: ['***', 'tasks', 'run', 'our_first_dag_v5', 'second_task', 'scheduled__2021-08-02T00:00:00+00:00', '--job-id', '17', '--raw', '--subdir', 'DAGS_FOLDER/pipeline.py', '--cfg-path', '/tmp/tmptl32qefw', '--error-file', '/tmp/tmp7i35ac12']
[2022-08-06 21:49:57,942] {standard_task_runner.py:80} INFO - Job 17: Subtask second_task
[2022-08-06 21:49:58,045] {task_command.py:371} INFO - Running <TaskInstance: our_first_dag_v5.second_task scheduled__2021-08-02T00:00:00+00:00 [running]> on host c3f731879890
[2022-08-06 21:49:58,141] {taskinstance.py:1591} INFO - Exporting the following env vars:
AIRFLOW_CTX_DAG_OWNER=coder2j
AIRFLOW_CTX_DAG_ID=our_first_dag_v5
AIRFLOW_CTX_TASK_ID=second_task
AIRFLOW_CTX_EXECUTION_DATE=2021-08-02T00:00:00+00:00
AIRFLOW_CTX_TRY_NUMBER=1
AIRFLOW_CTX_DAG_RUN_ID=scheduled__2021-08-02T00:00:00+00:00
[2022-08-06 21:49:58,142] {subprocess.py:62} INFO - Tmp dir root location: 
 /tmp
[2022-08-06 21:49:58,143] {subprocess.py:74} INFO - Running command: ['bash', '-c', 'echo hey, I am task2 and will be running after task1!']
[2022-08-06 21:49:58,162] {subprocess.py:85} INFO - Output:
[2022-08-06 21:49:58,164] {subprocess.py:92} INFO - hey, I am task2 and will be running after task1!
[2022-08-06 21:49:58,164] {subprocess.py:96} INFO - Command exited with return code 0
[2022-08-06 21:49:58,213] {taskinstance.py:1420} INFO - Marking task as SUCCESS. dag_id=our_first_dag_v5, task_id=second_task, execution_date=20210802T000000, start_date=20220806T214957, end_date=20220806T214958
[2022-08-06 21:49:58,273] {local_task_job.py:156} INFO - Task exited with return code 0
[2022-08-06 21:49:58,316] {local_task_job.py:273} INFO - 0 downstream tasks scheduled from follow-on schedule check
[2022-08-06 21:55:28,009] {taskinstance.py:1179} INFO - Dependencies all met for <TaskInstance: our_first_dag_v5.second_task scheduled__2021-08-02T00:00:00+00:00 [queued]>
[2022-08-06 21:55:28,037] {taskinstance.py:1179} INFO - Dependencies all met for <TaskInstance: our_first_dag_v5.second_task scheduled__2021-08-02T00:00:00+00:00 [queued]>
[2022-08-06 21:55:28,037] {taskinstance.py:1376} INFO - 
--------------------------------------------------------------------------------
[2022-08-06 21:55:28,037] {taskinstance.py:1377} INFO - Starting attempt 1 of 6
[2022-08-06 21:55:28,037] {taskinstance.py:1378} INFO - 
--------------------------------------------------------------------------------
[2022-08-06 21:55:28,062] {taskinstance.py:1397} INFO - Executing <Task(BashOperator): second_task> on 2021-08-02 00:00:00+00:00
[2022-08-06 21:55:28,079] {standard_task_runner.py:52} INFO - Started process 135 to run task
[2022-08-06 21:55:28,083] {standard_task_runner.py:79} INFO - Running: ['***', 'tasks', 'run', 'our_first_dag_v5', 'second_task', 'scheduled__2021-08-02T00:00:00+00:00', '--job-id', '20', '--raw', '--subdir', 'DAGS_FOLDER/pipeline.py', '--cfg-path', '/tmp/tmp_b7v9uz9', '--error-file', '/tmp/tmp96j07in_']
[2022-08-06 21:55:28,083] {standard_task_runner.py:80} INFO - Job 20: Subtask second_task
[2022-08-06 21:55:28,206] {task_command.py:371} INFO - Running <TaskInstance: our_first_dag_v5.second_task scheduled__2021-08-02T00:00:00+00:00 [running]> on host bc7e154a4fdd
[2022-08-06 21:55:28,311] {taskinstance.py:1591} INFO - Exporting the following env vars:
AIRFLOW_CTX_DAG_OWNER=coder2j
AIRFLOW_CTX_DAG_ID=our_first_dag_v5
AIRFLOW_CTX_TASK_ID=second_task
AIRFLOW_CTX_EXECUTION_DATE=2021-08-02T00:00:00+00:00
AIRFLOW_CTX_TRY_NUMBER=1
AIRFLOW_CTX_DAG_RUN_ID=scheduled__2021-08-02T00:00:00+00:00
[2022-08-06 21:55:28,313] {subprocess.py:62} INFO - Tmp dir root location: 
 /tmp
[2022-08-06 21:55:28,313] {subprocess.py:74} INFO - Running command: ['bash', '-c', 'echo hey, I am task2 and will be running after task1!']
[2022-08-06 21:55:28,332] {subprocess.py:85} INFO - Output:
[2022-08-06 21:55:28,335] {subprocess.py:92} INFO - hey, I am task2 and will be running after task1!
[2022-08-06 21:55:28,335] {subprocess.py:96} INFO - Command exited with return code 0
[2022-08-06 21:55:28,373] {taskinstance.py:1420} INFO - Marking task as SUCCESS. dag_id=our_first_dag_v5, task_id=second_task, execution_date=20210802T000000, start_date=20220806T215528, end_date=20220806T215528
[2022-08-06 21:55:28,429] {local_task_job.py:156} INFO - Task exited with return code 0
[2022-08-06 21:55:28,473] {local_task_job.py:273} INFO - 0 downstream tasks scheduled from follow-on schedule check
[2022-08-06 22:10:26,608] {taskinstance.py:1179} INFO - Dependencies all met for <TaskInstance: our_first_dag_v5.second_task scheduled__2021-08-02T00:00:00+00:00 [queued]>
[2022-08-06 22:10:26,624] {taskinstance.py:1179} INFO - Dependencies all met for <TaskInstance: our_first_dag_v5.second_task scheduled__2021-08-02T00:00:00+00:00 [queued]>
[2022-08-06 22:10:26,625] {taskinstance.py:1376} INFO - 
--------------------------------------------------------------------------------
[2022-08-06 22:10:26,625] {taskinstance.py:1377} INFO - Starting attempt 1 of 6
[2022-08-06 22:10:26,625] {taskinstance.py:1378} INFO - 
--------------------------------------------------------------------------------
[2022-08-06 22:10:26,642] {taskinstance.py:1397} INFO - Executing <Task(BashOperator): second_task> on 2021-08-02 00:00:00+00:00
[2022-08-06 22:10:26,648] {standard_task_runner.py:52} INFO - Started process 129 to run task
[2022-08-06 22:10:26,652] {standard_task_runner.py:79} INFO - Running: ['***', 'tasks', 'run', 'our_first_dag_v5', 'second_task', 'scheduled__2021-08-02T00:00:00+00:00', '--job-id', '17', '--raw', '--subdir', 'DAGS_FOLDER/pipeline.py', '--cfg-path', '/tmp/tmp0d8n7gkq', '--error-file', '/tmp/tmpxbrhh3bj']
[2022-08-06 22:10:26,653] {standard_task_runner.py:80} INFO - Job 17: Subtask second_task
[2022-08-06 22:10:26,739] {task_command.py:371} INFO - Running <TaskInstance: our_first_dag_v5.second_task scheduled__2021-08-02T00:00:00+00:00 [running]> on host 1250c3b659cd
[2022-08-06 22:10:26,856] {taskinstance.py:1591} INFO - Exporting the following env vars:
AIRFLOW_CTX_DAG_OWNER=coder2j
AIRFLOW_CTX_DAG_ID=our_first_dag_v5
AIRFLOW_CTX_TASK_ID=second_task
AIRFLOW_CTX_EXECUTION_DATE=2021-08-02T00:00:00+00:00
AIRFLOW_CTX_TRY_NUMBER=1
AIRFLOW_CTX_DAG_RUN_ID=scheduled__2021-08-02T00:00:00+00:00
[2022-08-06 22:10:26,860] {subprocess.py:62} INFO - Tmp dir root location: 
 /tmp
[2022-08-06 22:10:26,861] {subprocess.py:74} INFO - Running command: ['bash', '-c', 'echo hey, I am task2 and will be running after task1!']
[2022-08-06 22:10:26,881] {subprocess.py:85} INFO - Output:
[2022-08-06 22:10:26,882] {subprocess.py:92} INFO - hey, I am task2 and will be running after task1!
[2022-08-06 22:10:26,883] {subprocess.py:96} INFO - Command exited with return code 0
[2022-08-06 22:10:26,928] {taskinstance.py:1420} INFO - Marking task as SUCCESS. dag_id=our_first_dag_v5, task_id=second_task, execution_date=20210802T000000, start_date=20220806T221026, end_date=20220806T221026
[2022-08-06 22:10:26,984] {local_task_job.py:156} INFO - Task exited with return code 0
[2022-08-06 22:10:27,038] {local_task_job.py:273} INFO - 0 downstream tasks scheduled from follow-on schedule check
[2022-08-06 22:18:14,806] {taskinstance.py:1179} INFO - Dependencies all met for <TaskInstance: our_first_dag_v5.second_task scheduled__2021-08-02T00:00:00+00:00 [queued]>
[2022-08-06 22:18:14,824] {taskinstance.py:1179} INFO - Dependencies all met for <TaskInstance: our_first_dag_v5.second_task scheduled__2021-08-02T00:00:00+00:00 [queued]>
[2022-08-06 22:18:14,825] {taskinstance.py:1376} INFO - 
--------------------------------------------------------------------------------
[2022-08-06 22:18:14,825] {taskinstance.py:1377} INFO - Starting attempt 1 of 6
[2022-08-06 22:18:14,825] {taskinstance.py:1378} INFO - 
--------------------------------------------------------------------------------
[2022-08-06 22:18:14,842] {taskinstance.py:1397} INFO - Executing <Task(BashOperator): second_task> on 2021-08-02 00:00:00+00:00
[2022-08-06 22:18:14,848] {standard_task_runner.py:52} INFO - Started process 144 to run task
[2022-08-06 22:18:14,851] {standard_task_runner.py:79} INFO - Running: ['***', 'tasks', 'run', 'our_first_dag_v5', 'second_task', 'scheduled__2021-08-02T00:00:00+00:00', '--job-id', '16', '--raw', '--subdir', 'DAGS_FOLDER/pipeline.py', '--cfg-path', '/tmp/tmpln1k_2ub', '--error-file', '/tmp/tmpo8lzr8to']
[2022-08-06 22:18:14,851] {standard_task_runner.py:80} INFO - Job 16: Subtask second_task
[2022-08-06 22:18:14,925] {task_command.py:371} INFO - Running <TaskInstance: our_first_dag_v5.second_task scheduled__2021-08-02T00:00:00+00:00 [running]> on host ed53bde1c44a
[2022-08-06 22:18:15,045] {taskinstance.py:1591} INFO - Exporting the following env vars:
AIRFLOW_CTX_DAG_OWNER=coder2j
AIRFLOW_CTX_DAG_ID=our_first_dag_v5
AIRFLOW_CTX_TASK_ID=second_task
AIRFLOW_CTX_EXECUTION_DATE=2021-08-02T00:00:00+00:00
AIRFLOW_CTX_TRY_NUMBER=1
AIRFLOW_CTX_DAG_RUN_ID=scheduled__2021-08-02T00:00:00+00:00
[2022-08-06 22:18:15,046] {subprocess.py:62} INFO - Tmp dir root location: 
 /tmp
[2022-08-06 22:18:15,047] {subprocess.py:74} INFO - Running command: ['bash', '-c', 'echo hey, I am task2 and will be running after task1!']
[2022-08-06 22:18:15,064] {subprocess.py:85} INFO - Output:
[2022-08-06 22:18:15,066] {subprocess.py:92} INFO - hey, I am task2 and will be running after task1!
[2022-08-06 22:18:15,066] {subprocess.py:96} INFO - Command exited with return code 0
[2022-08-06 22:18:15,104] {taskinstance.py:1420} INFO - Marking task as SUCCESS. dag_id=our_first_dag_v5, task_id=second_task, execution_date=20210802T000000, start_date=20220806T221814, end_date=20220806T221815
[2022-08-06 22:18:15,144] {local_task_job.py:156} INFO - Task exited with return code 0
[2022-08-06 22:18:15,190] {local_task_job.py:273} INFO - 0 downstream tasks scheduled from follow-on schedule check
[2022-08-06 22:21:48,251] {taskinstance.py:1179} INFO - Dependencies all met for <TaskInstance: our_first_dag_v5.second_task scheduled__2021-08-02T00:00:00+00:00 [queued]>
[2022-08-06 22:21:48,270] {taskinstance.py:1179} INFO - Dependencies all met for <TaskInstance: our_first_dag_v5.second_task scheduled__2021-08-02T00:00:00+00:00 [queued]>
[2022-08-06 22:21:48,270] {taskinstance.py:1376} INFO - 
--------------------------------------------------------------------------------
[2022-08-06 22:21:48,271] {taskinstance.py:1377} INFO - Starting attempt 1 of 6
[2022-08-06 22:21:48,271] {taskinstance.py:1378} INFO - 
--------------------------------------------------------------------------------
[2022-08-06 22:21:48,291] {taskinstance.py:1397} INFO - Executing <Task(BashOperator): second_task> on 2021-08-02 00:00:00+00:00
[2022-08-06 22:21:48,299] {standard_task_runner.py:52} INFO - Started process 173 to run task
[2022-08-06 22:21:48,302] {standard_task_runner.py:79} INFO - Running: ['***', 'tasks', 'run', 'our_first_dag_v5', 'second_task', 'scheduled__2021-08-02T00:00:00+00:00', '--job-id', '15', '--raw', '--subdir', 'DAGS_FOLDER/pipeline.py', '--cfg-path', '/tmp/tmpo5v810u5', '--error-file', '/tmp/tmp_c6ntwkf']
[2022-08-06 22:21:48,303] {standard_task_runner.py:80} INFO - Job 15: Subtask second_task
[2022-08-06 22:21:48,397] {task_command.py:371} INFO - Running <TaskInstance: our_first_dag_v5.second_task scheduled__2021-08-02T00:00:00+00:00 [running]> on host b215076695c3
[2022-08-06 22:21:48,509] {taskinstance.py:1591} INFO - Exporting the following env vars:
AIRFLOW_CTX_DAG_OWNER=coder2j
AIRFLOW_CTX_DAG_ID=our_first_dag_v5
AIRFLOW_CTX_TASK_ID=second_task
AIRFLOW_CTX_EXECUTION_DATE=2021-08-02T00:00:00+00:00
AIRFLOW_CTX_TRY_NUMBER=1
AIRFLOW_CTX_DAG_RUN_ID=scheduled__2021-08-02T00:00:00+00:00
[2022-08-06 22:21:48,510] {subprocess.py:62} INFO - Tmp dir root location: 
 /tmp
[2022-08-06 22:21:48,511] {subprocess.py:74} INFO - Running command: ['bash', '-c', 'echo hey, I am task2 and will be running after task1!']
[2022-08-06 22:21:48,532] {subprocess.py:85} INFO - Output:
[2022-08-06 22:21:48,534] {subprocess.py:92} INFO - hey, I am task2 and will be running after task1!
[2022-08-06 22:21:48,535] {subprocess.py:96} INFO - Command exited with return code 0
[2022-08-06 22:21:48,583] {taskinstance.py:1420} INFO - Marking task as SUCCESS. dag_id=our_first_dag_v5, task_id=second_task, execution_date=20210802T000000, start_date=20220806T222148, end_date=20220806T222148
[2022-08-06 22:21:48,634] {local_task_job.py:156} INFO - Task exited with return code 0
[2022-08-06 22:21:48,715] {local_task_job.py:273} INFO - 0 downstream tasks scheduled from follow-on schedule check
