[2022-08-06 19:39:15,430] {taskinstance.py:1179} INFO - Dependencies all met for <TaskInstance: our_first_dag_v5.thrid_task scheduled__2022-06-16T00:00:00+00:00 [queued]>
[2022-08-06 19:39:15,443] {taskinstance.py:1179} INFO - Dependencies all met for <TaskInstance: our_first_dag_v5.thrid_task scheduled__2022-06-16T00:00:00+00:00 [queued]>
[2022-08-06 19:39:15,443] {taskinstance.py:1376} INFO - 
--------------------------------------------------------------------------------
[2022-08-06 19:39:15,443] {taskinstance.py:1377} INFO - Starting attempt 1 of 6
[2022-08-06 19:39:15,443] {taskinstance.py:1378} INFO - 
--------------------------------------------------------------------------------
[2022-08-06 19:39:15,462] {taskinstance.py:1397} INFO - Executing <Task(BashOperator): thrid_task> on 2022-06-16 00:00:00+00:00
[2022-08-06 19:39:15,469] {standard_task_runner.py:52} INFO - Started process 3138 to run task
[2022-08-06 19:39:15,472] {standard_task_runner.py:79} INFO - Running: ['***', 'tasks', 'run', 'our_first_dag_v5', 'thrid_task', 'scheduled__2022-06-16T00:00:00+00:00', '--job-id', '968', '--raw', '--subdir', 'DAGS_FOLDER/pipeline.py', '--cfg-path', '/tmp/tmpzie1donw', '--error-file', '/tmp/tmpg538t9hl']
[2022-08-06 19:39:15,472] {standard_task_runner.py:80} INFO - Job 968: Subtask thrid_task
[2022-08-06 19:39:15,540] {task_command.py:371} INFO - Running <TaskInstance: our_first_dag_v5.thrid_task scheduled__2022-06-16T00:00:00+00:00 [running]> on host b29c168c1666
[2022-08-06 19:39:15,628] {taskinstance.py:1591} INFO - Exporting the following env vars:
AIRFLOW_CTX_DAG_OWNER=coder2j
AIRFLOW_CTX_DAG_ID=our_first_dag_v5
AIRFLOW_CTX_TASK_ID=thrid_task
AIRFLOW_CTX_EXECUTION_DATE=2022-06-16T00:00:00+00:00
AIRFLOW_CTX_TRY_NUMBER=1
AIRFLOW_CTX_DAG_RUN_ID=scheduled__2022-06-16T00:00:00+00:00
[2022-08-06 19:39:15,629] {subprocess.py:62} INFO - Tmp dir root location: 
 /tmp
[2022-08-06 19:39:15,629] {subprocess.py:74} INFO - Running command: ['bash', '-c', 'echo hey, I am task3 and will be running after task1 at the same time as task2!']
[2022-08-06 19:39:15,641] {subprocess.py:85} INFO - Output:
[2022-08-06 19:39:15,642] {subprocess.py:92} INFO - hey, I am task3 and will be running after task1 at the same time as task2!
[2022-08-06 19:39:15,643] {subprocess.py:96} INFO - Command exited with return code 0
[2022-08-06 19:39:15,671] {taskinstance.py:1420} INFO - Marking task as SUCCESS. dag_id=our_first_dag_v5, task_id=thrid_task, execution_date=20220616T000000, start_date=20220806T193915, end_date=20220806T193915
[2022-08-06 19:39:15,723] {local_task_job.py:156} INFO - Task exited with return code 0
[2022-08-06 19:39:15,755] {local_task_job.py:273} INFO - 0 downstream tasks scheduled from follow-on schedule check
[2022-08-06 21:53:07,949] {taskinstance.py:1179} INFO - Dependencies all met for <TaskInstance: our_first_dag_v5.thrid_task scheduled__2022-06-16T00:00:00+00:00 [queued]>
[2022-08-06 21:53:07,961] {taskinstance.py:1179} INFO - Dependencies all met for <TaskInstance: our_first_dag_v5.thrid_task scheduled__2022-06-16T00:00:00+00:00 [queued]>
[2022-08-06 21:53:07,961] {taskinstance.py:1376} INFO - 
--------------------------------------------------------------------------------
[2022-08-06 21:53:07,961] {taskinstance.py:1377} INFO - Starting attempt 1 of 6
[2022-08-06 21:53:07,961] {taskinstance.py:1378} INFO - 
--------------------------------------------------------------------------------
[2022-08-06 21:53:07,975] {taskinstance.py:1397} INFO - Executing <Task(BashOperator): thrid_task> on 2022-06-16 00:00:00+00:00
[2022-08-06 21:53:07,980] {standard_task_runner.py:52} INFO - Started process 3319 to run task
[2022-08-06 21:53:07,982] {standard_task_runner.py:79} INFO - Running: ['***', 'tasks', 'run', 'our_first_dag_v5', 'thrid_task', 'scheduled__2022-06-16T00:00:00+00:00', '--job-id', '967', '--raw', '--subdir', 'DAGS_FOLDER/pipeline.py', '--cfg-path', '/tmp/tmp6jabp6lw', '--error-file', '/tmp/tmpl5a0fkpx']
[2022-08-06 21:53:07,982] {standard_task_runner.py:80} INFO - Job 967: Subtask thrid_task
[2022-08-06 21:53:08,034] {task_command.py:371} INFO - Running <TaskInstance: our_first_dag_v5.thrid_task scheduled__2022-06-16T00:00:00+00:00 [running]> on host c3f731879890
[2022-08-06 21:53:08,101] {taskinstance.py:1591} INFO - Exporting the following env vars:
AIRFLOW_CTX_DAG_OWNER=coder2j
AIRFLOW_CTX_DAG_ID=our_first_dag_v5
AIRFLOW_CTX_TASK_ID=thrid_task
AIRFLOW_CTX_EXECUTION_DATE=2022-06-16T00:00:00+00:00
AIRFLOW_CTX_TRY_NUMBER=1
AIRFLOW_CTX_DAG_RUN_ID=scheduled__2022-06-16T00:00:00+00:00
[2022-08-06 21:53:08,102] {subprocess.py:62} INFO - Tmp dir root location: 
 /tmp
[2022-08-06 21:53:08,102] {subprocess.py:74} INFO - Running command: ['bash', '-c', 'echo hey, I am task3 and will be running after task1 at the same time as task2!']
[2022-08-06 21:53:08,113] {subprocess.py:85} INFO - Output:
[2022-08-06 21:53:08,114] {subprocess.py:92} INFO - hey, I am task3 and will be running after task1 at the same time as task2!
[2022-08-06 21:53:08,114] {subprocess.py:96} INFO - Command exited with return code 0
[2022-08-06 21:53:08,138] {taskinstance.py:1420} INFO - Marking task as SUCCESS. dag_id=our_first_dag_v5, task_id=thrid_task, execution_date=20220616T000000, start_date=20220806T215307, end_date=20220806T215308
[2022-08-06 21:53:08,153] {local_task_job.py:156} INFO - Task exited with return code 0
[2022-08-06 21:53:08,192] {local_task_job.py:273} INFO - 0 downstream tasks scheduled from follow-on schedule check
[2022-08-06 21:58:35,633] {taskinstance.py:1179} INFO - Dependencies all met for <TaskInstance: our_first_dag_v5.thrid_task scheduled__2022-06-16T00:00:00+00:00 [queued]>
[2022-08-06 21:58:35,648] {taskinstance.py:1179} INFO - Dependencies all met for <TaskInstance: our_first_dag_v5.thrid_task scheduled__2022-06-16T00:00:00+00:00 [queued]>
[2022-08-06 21:58:35,648] {taskinstance.py:1376} INFO - 
--------------------------------------------------------------------------------
[2022-08-06 21:58:35,648] {taskinstance.py:1377} INFO - Starting attempt 1 of 6
[2022-08-06 21:58:35,648] {taskinstance.py:1378} INFO - 
--------------------------------------------------------------------------------
[2022-08-06 21:58:35,667] {taskinstance.py:1397} INFO - Executing <Task(BashOperator): thrid_task> on 2022-06-16 00:00:00+00:00
[2022-08-06 21:58:35,674] {standard_task_runner.py:52} INFO - Started process 3132 to run task
[2022-08-06 21:58:35,677] {standard_task_runner.py:79} INFO - Running: ['***', 'tasks', 'run', 'our_first_dag_v5', 'thrid_task', 'scheduled__2022-06-16T00:00:00+00:00', '--job-id', '971', '--raw', '--subdir', 'DAGS_FOLDER/pipeline.py', '--cfg-path', '/tmp/tmpvn9fzsoi', '--error-file', '/tmp/tmp8hlk_lym']
[2022-08-06 21:58:35,677] {standard_task_runner.py:80} INFO - Job 971: Subtask thrid_task
[2022-08-06 21:58:35,748] {task_command.py:371} INFO - Running <TaskInstance: our_first_dag_v5.thrid_task scheduled__2022-06-16T00:00:00+00:00 [running]> on host bc7e154a4fdd
[2022-08-06 21:58:35,833] {taskinstance.py:1591} INFO - Exporting the following env vars:
AIRFLOW_CTX_DAG_OWNER=coder2j
AIRFLOW_CTX_DAG_ID=our_first_dag_v5
AIRFLOW_CTX_TASK_ID=thrid_task
AIRFLOW_CTX_EXECUTION_DATE=2022-06-16T00:00:00+00:00
AIRFLOW_CTX_TRY_NUMBER=1
AIRFLOW_CTX_DAG_RUN_ID=scheduled__2022-06-16T00:00:00+00:00
[2022-08-06 21:58:35,834] {subprocess.py:62} INFO - Tmp dir root location: 
 /tmp
[2022-08-06 21:58:35,834] {subprocess.py:74} INFO - Running command: ['bash', '-c', 'echo hey, I am task3 and will be running after task1 at the same time as task2!']
[2022-08-06 21:58:35,848] {subprocess.py:85} INFO - Output:
[2022-08-06 21:58:35,850] {subprocess.py:92} INFO - hey, I am task3 and will be running after task1 at the same time as task2!
[2022-08-06 21:58:35,851] {subprocess.py:96} INFO - Command exited with return code 0
[2022-08-06 21:58:35,887] {taskinstance.py:1420} INFO - Marking task as SUCCESS. dag_id=our_first_dag_v5, task_id=thrid_task, execution_date=20220616T000000, start_date=20220806T215835, end_date=20220806T215835
[2022-08-06 21:58:35,928] {local_task_job.py:156} INFO - Task exited with return code 0
[2022-08-06 21:58:35,966] {local_task_job.py:273} INFO - 0 downstream tasks scheduled from follow-on schedule check
[2022-08-06 22:13:32,124] {taskinstance.py:1179} INFO - Dependencies all met for <TaskInstance: our_first_dag_v5.thrid_task scheduled__2022-06-16T00:00:00+00:00 [queued]>
[2022-08-06 22:13:32,141] {taskinstance.py:1179} INFO - Dependencies all met for <TaskInstance: our_first_dag_v5.thrid_task scheduled__2022-06-16T00:00:00+00:00 [queued]>
[2022-08-06 22:13:32,141] {taskinstance.py:1376} INFO - 
--------------------------------------------------------------------------------
[2022-08-06 22:13:32,141] {taskinstance.py:1377} INFO - Starting attempt 1 of 6
[2022-08-06 22:13:32,141] {taskinstance.py:1378} INFO - 
--------------------------------------------------------------------------------
[2022-08-06 22:13:32,161] {taskinstance.py:1397} INFO - Executing <Task(BashOperator): thrid_task> on 2022-06-16 00:00:00+00:00
[2022-08-06 22:13:32,168] {standard_task_runner.py:52} INFO - Started process 3124 to run task
[2022-08-06 22:13:32,171] {standard_task_runner.py:79} INFO - Running: ['***', 'tasks', 'run', 'our_first_dag_v5', 'thrid_task', 'scheduled__2022-06-16T00:00:00+00:00', '--job-id', '969', '--raw', '--subdir', 'DAGS_FOLDER/pipeline.py', '--cfg-path', '/tmp/tmpomuzj2pm', '--error-file', '/tmp/tmplz4dsyu6']
[2022-08-06 22:13:32,172] {standard_task_runner.py:80} INFO - Job 969: Subtask thrid_task
[2022-08-06 22:13:32,255] {task_command.py:371} INFO - Running <TaskInstance: our_first_dag_v5.thrid_task scheduled__2022-06-16T00:00:00+00:00 [running]> on host 1250c3b659cd
[2022-08-06 22:13:32,353] {taskinstance.py:1591} INFO - Exporting the following env vars:
AIRFLOW_CTX_DAG_OWNER=coder2j
AIRFLOW_CTX_DAG_ID=our_first_dag_v5
AIRFLOW_CTX_TASK_ID=thrid_task
AIRFLOW_CTX_EXECUTION_DATE=2022-06-16T00:00:00+00:00
AIRFLOW_CTX_TRY_NUMBER=1
AIRFLOW_CTX_DAG_RUN_ID=scheduled__2022-06-16T00:00:00+00:00
[2022-08-06 22:13:32,354] {subprocess.py:62} INFO - Tmp dir root location: 
 /tmp
[2022-08-06 22:13:32,355] {subprocess.py:74} INFO - Running command: ['bash', '-c', 'echo hey, I am task3 and will be running after task1 at the same time as task2!']
[2022-08-06 22:13:32,372] {subprocess.py:85} INFO - Output:
[2022-08-06 22:13:32,375] {subprocess.py:92} INFO - hey, I am task3 and will be running after task1 at the same time as task2!
[2022-08-06 22:13:32,376] {subprocess.py:96} INFO - Command exited with return code 0
[2022-08-06 22:13:32,415] {taskinstance.py:1420} INFO - Marking task as SUCCESS. dag_id=our_first_dag_v5, task_id=thrid_task, execution_date=20220616T000000, start_date=20220806T221332, end_date=20220806T221332
[2022-08-06 22:13:32,464] {local_task_job.py:156} INFO - Task exited with return code 0
[2022-08-06 22:13:32,499] {local_task_job.py:273} INFO - 0 downstream tasks scheduled from follow-on schedule check
[2022-08-06 22:24:52,685] {taskinstance.py:1179} INFO - Dependencies all met for <TaskInstance: our_first_dag_v5.thrid_task scheduled__2022-06-16T00:00:00+00:00 [queued]>
[2022-08-06 22:24:52,704] {taskinstance.py:1179} INFO - Dependencies all met for <TaskInstance: our_first_dag_v5.thrid_task scheduled__2022-06-16T00:00:00+00:00 [queued]>
[2022-08-06 22:24:52,704] {taskinstance.py:1376} INFO - 
--------------------------------------------------------------------------------
[2022-08-06 22:24:52,704] {taskinstance.py:1377} INFO - Starting attempt 1 of 6
[2022-08-06 22:24:52,705] {taskinstance.py:1378} INFO - 
--------------------------------------------------------------------------------
[2022-08-06 22:24:52,731] {taskinstance.py:1397} INFO - Executing <Task(BashOperator): thrid_task> on 2022-06-16 00:00:00+00:00
[2022-08-06 22:24:52,737] {standard_task_runner.py:52} INFO - Started process 3193 to run task
[2022-08-06 22:24:52,740] {standard_task_runner.py:79} INFO - Running: ['***', 'tasks', 'run', 'our_first_dag_v5', 'thrid_task', 'scheduled__2022-06-16T00:00:00+00:00', '--job-id', '974', '--raw', '--subdir', 'DAGS_FOLDER/pipeline.py', '--cfg-path', '/tmp/tmp7giclv_s', '--error-file', '/tmp/tmpkik4fokr']
[2022-08-06 22:24:52,741] {standard_task_runner.py:80} INFO - Job 974: Subtask thrid_task
[2022-08-06 22:24:52,827] {task_command.py:371} INFO - Running <TaskInstance: our_first_dag_v5.thrid_task scheduled__2022-06-16T00:00:00+00:00 [running]> on host b215076695c3
[2022-08-06 22:24:52,933] {taskinstance.py:1591} INFO - Exporting the following env vars:
AIRFLOW_CTX_DAG_OWNER=coder2j
AIRFLOW_CTX_DAG_ID=our_first_dag_v5
AIRFLOW_CTX_TASK_ID=thrid_task
AIRFLOW_CTX_EXECUTION_DATE=2022-06-16T00:00:00+00:00
AIRFLOW_CTX_TRY_NUMBER=1
AIRFLOW_CTX_DAG_RUN_ID=scheduled__2022-06-16T00:00:00+00:00
[2022-08-06 22:24:52,934] {subprocess.py:62} INFO - Tmp dir root location: 
 /tmp
[2022-08-06 22:24:52,935] {subprocess.py:74} INFO - Running command: ['bash', '-c', 'echo hey, I am task3 and will be running after task1 at the same time as task2!']
[2022-08-06 22:24:52,948] {subprocess.py:85} INFO - Output:
[2022-08-06 22:24:52,949] {subprocess.py:92} INFO - hey, I am task3 and will be running after task1 at the same time as task2!
[2022-08-06 22:24:52,949] {subprocess.py:96} INFO - Command exited with return code 0
[2022-08-06 22:24:52,981] {taskinstance.py:1420} INFO - Marking task as SUCCESS. dag_id=our_first_dag_v5, task_id=thrid_task, execution_date=20220616T000000, start_date=20220806T222452, end_date=20220806T222452
[2022-08-06 22:24:53,034] {local_task_job.py:156} INFO - Task exited with return code 0
[2022-08-06 22:24:53,081] {local_task_job.py:273} INFO - 0 downstream tasks scheduled from follow-on schedule check
