[2022-08-06 19:38:46,632] {taskinstance.py:1179} INFO - Dependencies all met for <TaskInstance: our_first_dag_v5.second_task scheduled__2022-04-26T00:00:00+00:00 [queued]>
[2022-08-06 19:38:46,654] {taskinstance.py:1179} INFO - Dependencies all met for <TaskInstance: our_first_dag_v5.second_task scheduled__2022-04-26T00:00:00+00:00 [queued]>
[2022-08-06 19:38:46,654] {taskinstance.py:1376} INFO - 
--------------------------------------------------------------------------------
[2022-08-06 19:38:46,654] {taskinstance.py:1377} INFO - Starting attempt 1 of 6
[2022-08-06 19:38:46,654] {taskinstance.py:1378} INFO - 
--------------------------------------------------------------------------------
[2022-08-06 19:38:46,677] {taskinstance.py:1397} INFO - Executing <Task(BashOperator): second_task> on 2022-04-26 00:00:00+00:00
[2022-08-06 19:38:46,684] {standard_task_runner.py:52} INFO - Started process 2659 to run task
[2022-08-06 19:38:46,688] {standard_task_runner.py:79} INFO - Running: ['***', 'tasks', 'run', 'our_first_dag_v5', 'second_task', 'scheduled__2022-04-26T00:00:00+00:00', '--job-id', '818', '--raw', '--subdir', 'DAGS_FOLDER/pipeline.py', '--cfg-path', '/tmp/tmp0v5kgsvj', '--error-file', '/tmp/tmphmdk26ep']
[2022-08-06 19:38:46,688] {standard_task_runner.py:80} INFO - Job 818: Subtask second_task
[2022-08-06 19:38:46,782] {task_command.py:371} INFO - Running <TaskInstance: our_first_dag_v5.second_task scheduled__2022-04-26T00:00:00+00:00 [running]> on host b29c168c1666
[2022-08-06 19:38:46,888] {taskinstance.py:1591} INFO - Exporting the following env vars:
AIRFLOW_CTX_DAG_OWNER=coder2j
AIRFLOW_CTX_DAG_ID=our_first_dag_v5
AIRFLOW_CTX_TASK_ID=second_task
AIRFLOW_CTX_EXECUTION_DATE=2022-04-26T00:00:00+00:00
AIRFLOW_CTX_TRY_NUMBER=1
AIRFLOW_CTX_DAG_RUN_ID=scheduled__2022-04-26T00:00:00+00:00
[2022-08-06 19:38:46,889] {subprocess.py:62} INFO - Tmp dir root location: 
 /tmp
[2022-08-06 19:38:46,890] {subprocess.py:74} INFO - Running command: ['bash', '-c', 'echo hey, I am task2 and will be running after task1!']
[2022-08-06 19:38:46,907] {subprocess.py:85} INFO - Output:
[2022-08-06 19:38:46,909] {subprocess.py:92} INFO - hey, I am task2 and will be running after task1!
[2022-08-06 19:38:46,909] {subprocess.py:96} INFO - Command exited with return code 0
[2022-08-06 19:38:46,952] {taskinstance.py:1420} INFO - Marking task as SUCCESS. dag_id=our_first_dag_v5, task_id=second_task, execution_date=20220426T000000, start_date=20220806T193846, end_date=20220806T193846
[2022-08-06 19:38:46,981] {local_task_job.py:156} INFO - Task exited with return code 0
[2022-08-06 19:38:47,021] {local_task_job.py:273} INFO - 0 downstream tasks scheduled from follow-on schedule check
[2022-08-06 21:52:36,711] {taskinstance.py:1179} INFO - Dependencies all met for <TaskInstance: our_first_dag_v5.second_task scheduled__2022-04-26T00:00:00+00:00 [queued]>
[2022-08-06 21:52:36,731] {taskinstance.py:1179} INFO - Dependencies all met for <TaskInstance: our_first_dag_v5.second_task scheduled__2022-04-26T00:00:00+00:00 [queued]>
[2022-08-06 21:52:36,731] {taskinstance.py:1376} INFO - 
--------------------------------------------------------------------------------
[2022-08-06 21:52:36,731] {taskinstance.py:1377} INFO - Starting attempt 1 of 6
[2022-08-06 21:52:36,731] {taskinstance.py:1378} INFO - 
--------------------------------------------------------------------------------
[2022-08-06 21:52:36,753] {taskinstance.py:1397} INFO - Executing <Task(BashOperator): second_task> on 2022-04-26 00:00:00+00:00
[2022-08-06 21:52:36,761] {standard_task_runner.py:52} INFO - Started process 2852 to run task
[2022-08-06 21:52:36,765] {standard_task_runner.py:79} INFO - Running: ['***', 'tasks', 'run', 'our_first_dag_v5', 'second_task', 'scheduled__2022-04-26T00:00:00+00:00', '--job-id', '818', '--raw', '--subdir', 'DAGS_FOLDER/pipeline.py', '--cfg-path', '/tmp/tmpj3nifl2z', '--error-file', '/tmp/tmpk8ocsiyd']
[2022-08-06 21:52:36,766] {standard_task_runner.py:80} INFO - Job 818: Subtask second_task
[2022-08-06 21:52:36,896] {task_command.py:371} INFO - Running <TaskInstance: our_first_dag_v5.second_task scheduled__2022-04-26T00:00:00+00:00 [running]> on host c3f731879890
[2022-08-06 21:52:37,004] {taskinstance.py:1591} INFO - Exporting the following env vars:
AIRFLOW_CTX_DAG_OWNER=coder2j
AIRFLOW_CTX_DAG_ID=our_first_dag_v5
AIRFLOW_CTX_TASK_ID=second_task
AIRFLOW_CTX_EXECUTION_DATE=2022-04-26T00:00:00+00:00
AIRFLOW_CTX_TRY_NUMBER=1
AIRFLOW_CTX_DAG_RUN_ID=scheduled__2022-04-26T00:00:00+00:00
[2022-08-06 21:52:37,005] {subprocess.py:62} INFO - Tmp dir root location: 
 /tmp
[2022-08-06 21:52:37,005] {subprocess.py:74} INFO - Running command: ['bash', '-c', 'echo hey, I am task2 and will be running after task1!']
[2022-08-06 21:52:37,021] {subprocess.py:85} INFO - Output:
[2022-08-06 21:52:37,023] {subprocess.py:92} INFO - hey, I am task2 and will be running after task1!
[2022-08-06 21:52:37,024] {subprocess.py:96} INFO - Command exited with return code 0
[2022-08-06 21:52:37,058] {taskinstance.py:1420} INFO - Marking task as SUCCESS. dag_id=our_first_dag_v5, task_id=second_task, execution_date=20220426T000000, start_date=20220806T215236, end_date=20220806T215237
[2022-08-06 21:52:37,097] {local_task_job.py:156} INFO - Task exited with return code 0
[2022-08-06 21:52:37,136] {local_task_job.py:273} INFO - 0 downstream tasks scheduled from follow-on schedule check
[2022-08-06 21:58:02,624] {taskinstance.py:1179} INFO - Dependencies all met for <TaskInstance: our_first_dag_v5.second_task scheduled__2022-04-26T00:00:00+00:00 [queued]>
[2022-08-06 21:58:02,633] {taskinstance.py:1179} INFO - Dependencies all met for <TaskInstance: our_first_dag_v5.second_task scheduled__2022-04-26T00:00:00+00:00 [queued]>
[2022-08-06 21:58:02,633] {taskinstance.py:1376} INFO - 
--------------------------------------------------------------------------------
[2022-08-06 21:58:02,633] {taskinstance.py:1377} INFO - Starting attempt 1 of 6
[2022-08-06 21:58:02,633] {taskinstance.py:1378} INFO - 
--------------------------------------------------------------------------------
[2022-08-06 21:58:02,645] {taskinstance.py:1397} INFO - Executing <Task(BashOperator): second_task> on 2022-04-26 00:00:00+00:00
[2022-08-06 21:58:02,650] {standard_task_runner.py:52} INFO - Started process 2634 to run task
[2022-08-06 21:58:02,652] {standard_task_runner.py:79} INFO - Running: ['***', 'tasks', 'run', 'our_first_dag_v5', 'second_task', 'scheduled__2022-04-26T00:00:00+00:00', '--job-id', '814', '--raw', '--subdir', 'DAGS_FOLDER/pipeline.py', '--cfg-path', '/tmp/tmpj_s2lk0n', '--error-file', '/tmp/tmpizp5cy8h']
[2022-08-06 21:58:02,652] {standard_task_runner.py:80} INFO - Job 814: Subtask second_task
[2022-08-06 21:58:02,702] {task_command.py:371} INFO - Running <TaskInstance: our_first_dag_v5.second_task scheduled__2022-04-26T00:00:00+00:00 [running]> on host bc7e154a4fdd
[2022-08-06 21:58:02,768] {taskinstance.py:1591} INFO - Exporting the following env vars:
AIRFLOW_CTX_DAG_OWNER=coder2j
AIRFLOW_CTX_DAG_ID=our_first_dag_v5
AIRFLOW_CTX_TASK_ID=second_task
AIRFLOW_CTX_EXECUTION_DATE=2022-04-26T00:00:00+00:00
AIRFLOW_CTX_TRY_NUMBER=1
AIRFLOW_CTX_DAG_RUN_ID=scheduled__2022-04-26T00:00:00+00:00
[2022-08-06 21:58:02,768] {subprocess.py:62} INFO - Tmp dir root location: 
 /tmp
[2022-08-06 21:58:02,769] {subprocess.py:74} INFO - Running command: ['bash', '-c', 'echo hey, I am task2 and will be running after task1!']
[2022-08-06 21:58:02,780] {subprocess.py:85} INFO - Output:
[2022-08-06 21:58:02,782] {subprocess.py:92} INFO - hey, I am task2 and will be running after task1!
[2022-08-06 21:58:02,782] {subprocess.py:96} INFO - Command exited with return code 0
[2022-08-06 21:58:02,813] {taskinstance.py:1420} INFO - Marking task as SUCCESS. dag_id=our_first_dag_v5, task_id=second_task, execution_date=20220426T000000, start_date=20220806T215802, end_date=20220806T215802
[2022-08-06 21:58:02,863] {local_task_job.py:156} INFO - Task exited with return code 0
[2022-08-06 21:58:02,898] {local_task_job.py:273} INFO - 0 downstream tasks scheduled from follow-on schedule check
[2022-08-06 22:13:05,236] {taskinstance.py:1179} INFO - Dependencies all met for <TaskInstance: our_first_dag_v5.second_task scheduled__2022-04-26T00:00:00+00:00 [queued]>
[2022-08-06 22:13:05,253] {taskinstance.py:1179} INFO - Dependencies all met for <TaskInstance: our_first_dag_v5.second_task scheduled__2022-04-26T00:00:00+00:00 [queued]>
[2022-08-06 22:13:05,254] {taskinstance.py:1376} INFO - 
--------------------------------------------------------------------------------
[2022-08-06 22:13:05,254] {taskinstance.py:1377} INFO - Starting attempt 1 of 6
[2022-08-06 22:13:05,254] {taskinstance.py:1378} INFO - 
--------------------------------------------------------------------------------
[2022-08-06 22:13:05,272] {taskinstance.py:1397} INFO - Executing <Task(BashOperator): second_task> on 2022-04-26 00:00:00+00:00
[2022-08-06 22:13:05,280] {standard_task_runner.py:52} INFO - Started process 2649 to run task
[2022-08-06 22:13:05,284] {standard_task_runner.py:79} INFO - Running: ['***', 'tasks', 'run', 'our_first_dag_v5', 'second_task', 'scheduled__2022-04-26T00:00:00+00:00', '--job-id', '817', '--raw', '--subdir', 'DAGS_FOLDER/pipeline.py', '--cfg-path', '/tmp/tmp5zuittg5', '--error-file', '/tmp/tmp6p0aboj5']
[2022-08-06 22:13:05,284] {standard_task_runner.py:80} INFO - Job 817: Subtask second_task
[2022-08-06 22:13:05,375] {task_command.py:371} INFO - Running <TaskInstance: our_first_dag_v5.second_task scheduled__2022-04-26T00:00:00+00:00 [running]> on host 1250c3b659cd
[2022-08-06 22:13:05,472] {taskinstance.py:1591} INFO - Exporting the following env vars:
AIRFLOW_CTX_DAG_OWNER=coder2j
AIRFLOW_CTX_DAG_ID=our_first_dag_v5
AIRFLOW_CTX_TASK_ID=second_task
AIRFLOW_CTX_EXECUTION_DATE=2022-04-26T00:00:00+00:00
AIRFLOW_CTX_TRY_NUMBER=1
AIRFLOW_CTX_DAG_RUN_ID=scheduled__2022-04-26T00:00:00+00:00
[2022-08-06 22:13:05,472] {subprocess.py:62} INFO - Tmp dir root location: 
 /tmp
[2022-08-06 22:13:05,473] {subprocess.py:74} INFO - Running command: ['bash', '-c', 'echo hey, I am task2 and will be running after task1!']
[2022-08-06 22:13:05,488] {subprocess.py:85} INFO - Output:
[2022-08-06 22:13:05,489] {subprocess.py:92} INFO - hey, I am task2 and will be running after task1!
[2022-08-06 22:13:05,489] {subprocess.py:96} INFO - Command exited with return code 0
[2022-08-06 22:13:05,518] {taskinstance.py:1420} INFO - Marking task as SUCCESS. dag_id=our_first_dag_v5, task_id=second_task, execution_date=20220426T000000, start_date=20220806T221305, end_date=20220806T221305
[2022-08-06 22:13:05,546] {local_task_job.py:156} INFO - Task exited with return code 0
[2022-08-06 22:13:05,586] {local_task_job.py:273} INFO - 0 downstream tasks scheduled from follow-on schedule check
[2022-08-06 22:24:21,635] {taskinstance.py:1179} INFO - Dependencies all met for <TaskInstance: our_first_dag_v5.second_task scheduled__2022-04-26T00:00:00+00:00 [queued]>
[2022-08-06 22:24:21,651] {taskinstance.py:1179} INFO - Dependencies all met for <TaskInstance: our_first_dag_v5.second_task scheduled__2022-04-26T00:00:00+00:00 [queued]>
[2022-08-06 22:24:21,651] {taskinstance.py:1376} INFO - 
--------------------------------------------------------------------------------
[2022-08-06 22:24:21,651] {taskinstance.py:1377} INFO - Starting attempt 1 of 6
[2022-08-06 22:24:21,651] {taskinstance.py:1378} INFO - 
--------------------------------------------------------------------------------
[2022-08-06 22:24:21,671] {taskinstance.py:1397} INFO - Executing <Task(BashOperator): second_task> on 2022-04-26 00:00:00+00:00
[2022-08-06 22:24:21,677] {standard_task_runner.py:52} INFO - Started process 2704 to run task
[2022-08-06 22:24:21,679] {standard_task_runner.py:79} INFO - Running: ['***', 'tasks', 'run', 'our_first_dag_v5', 'second_task', 'scheduled__2022-04-26T00:00:00+00:00', '--job-id', '818', '--raw', '--subdir', 'DAGS_FOLDER/pipeline.py', '--cfg-path', '/tmp/tmp954f1hf5', '--error-file', '/tmp/tmph38itigs']
[2022-08-06 22:24:21,679] {standard_task_runner.py:80} INFO - Job 818: Subtask second_task
[2022-08-06 22:24:21,750] {task_command.py:371} INFO - Running <TaskInstance: our_first_dag_v5.second_task scheduled__2022-04-26T00:00:00+00:00 [running]> on host b215076695c3
[2022-08-06 22:24:21,842] {taskinstance.py:1591} INFO - Exporting the following env vars:
AIRFLOW_CTX_DAG_OWNER=coder2j
AIRFLOW_CTX_DAG_ID=our_first_dag_v5
AIRFLOW_CTX_TASK_ID=second_task
AIRFLOW_CTX_EXECUTION_DATE=2022-04-26T00:00:00+00:00
AIRFLOW_CTX_TRY_NUMBER=1
AIRFLOW_CTX_DAG_RUN_ID=scheduled__2022-04-26T00:00:00+00:00
[2022-08-06 22:24:21,844] {subprocess.py:62} INFO - Tmp dir root location: 
 /tmp
[2022-08-06 22:24:21,844] {subprocess.py:74} INFO - Running command: ['bash', '-c', 'echo hey, I am task2 and will be running after task1!']
[2022-08-06 22:24:21,858] {subprocess.py:85} INFO - Output:
[2022-08-06 22:24:21,860] {subprocess.py:92} INFO - hey, I am task2 and will be running after task1!
[2022-08-06 22:24:21,860] {subprocess.py:96} INFO - Command exited with return code 0
[2022-08-06 22:24:21,894] {taskinstance.py:1420} INFO - Marking task as SUCCESS. dag_id=our_first_dag_v5, task_id=second_task, execution_date=20220426T000000, start_date=20220806T222421, end_date=20220806T222421
[2022-08-06 22:24:21,931] {local_task_job.py:156} INFO - Task exited with return code 0
[2022-08-06 22:24:21,962] {local_task_job.py:273} INFO - 0 downstream tasks scheduled from follow-on schedule check
