[2022-08-06 19:37:26,244] {taskinstance.py:1179} INFO - Dependencies all met for <TaskInstance: our_first_dag_v5.second_task scheduled__2021-12-13T00:00:00+00:00 [queued]>
[2022-08-06 19:37:26,258] {taskinstance.py:1179} INFO - Dependencies all met for <TaskInstance: our_first_dag_v5.second_task scheduled__2021-12-13T00:00:00+00:00 [queued]>
[2022-08-06 19:37:26,258] {taskinstance.py:1376} INFO - 
--------------------------------------------------------------------------------
[2022-08-06 19:37:26,258] {taskinstance.py:1377} INFO - Starting attempt 1 of 6
[2022-08-06 19:37:26,258] {taskinstance.py:1378} INFO - 
--------------------------------------------------------------------------------
[2022-08-06 19:37:26,276] {taskinstance.py:1397} INFO - Executing <Task(BashOperator): second_task> on 2021-12-13 00:00:00+00:00
[2022-08-06 19:37:26,282] {standard_task_runner.py:52} INFO - Started process 1397 to run task
[2022-08-06 19:37:26,286] {standard_task_runner.py:79} INFO - Running: ['***', 'tasks', 'run', 'our_first_dag_v5', 'second_task', 'scheduled__2021-12-13T00:00:00+00:00', '--job-id', '415', '--raw', '--subdir', 'DAGS_FOLDER/pipeline.py', '--cfg-path', '/tmp/tmph1_h4ufa', '--error-file', '/tmp/tmpmxqbh7kc']
[2022-08-06 19:37:26,286] {standard_task_runner.py:80} INFO - Job 415: Subtask second_task
[2022-08-06 19:37:26,362] {task_command.py:371} INFO - Running <TaskInstance: our_first_dag_v5.second_task scheduled__2021-12-13T00:00:00+00:00 [running]> on host b29c168c1666
[2022-08-06 19:37:26,500] {taskinstance.py:1591} INFO - Exporting the following env vars:
AIRFLOW_CTX_DAG_OWNER=coder2j
AIRFLOW_CTX_DAG_ID=our_first_dag_v5
AIRFLOW_CTX_TASK_ID=second_task
AIRFLOW_CTX_EXECUTION_DATE=2021-12-13T00:00:00+00:00
AIRFLOW_CTX_TRY_NUMBER=1
AIRFLOW_CTX_DAG_RUN_ID=scheduled__2021-12-13T00:00:00+00:00
[2022-08-06 19:37:26,507] {subprocess.py:62} INFO - Tmp dir root location: 
 /tmp
[2022-08-06 19:37:26,508] {subprocess.py:74} INFO - Running command: ['bash', '-c', 'echo hey, I am task2 and will be running after task1!']
[2022-08-06 19:37:26,530] {subprocess.py:85} INFO - Output:
[2022-08-06 19:37:26,530] {subprocess.py:92} INFO - hey, I am task2 and will be running after task1!
[2022-08-06 19:37:26,531] {subprocess.py:96} INFO - Command exited with return code 0
[2022-08-06 19:37:26,581] {taskinstance.py:1420} INFO - Marking task as SUCCESS. dag_id=our_first_dag_v5, task_id=second_task, execution_date=20211213T000000, start_date=20220806T193726, end_date=20220806T193726
[2022-08-06 19:37:26,617] {local_task_job.py:156} INFO - Task exited with return code 0
[2022-08-06 19:37:26,688] {local_task_job.py:273} INFO - 0 downstream tasks scheduled from follow-on schedule check
[2022-08-06 21:51:19,832] {taskinstance.py:1179} INFO - Dependencies all met for <TaskInstance: our_first_dag_v5.second_task scheduled__2021-12-13T00:00:00+00:00 [queued]>
[2022-08-06 21:51:19,846] {taskinstance.py:1179} INFO - Dependencies all met for <TaskInstance: our_first_dag_v5.second_task scheduled__2021-12-13T00:00:00+00:00 [queued]>
[2022-08-06 21:51:19,847] {taskinstance.py:1376} INFO - 
--------------------------------------------------------------------------------
[2022-08-06 21:51:19,847] {taskinstance.py:1377} INFO - Starting attempt 1 of 6
[2022-08-06 21:51:19,847] {taskinstance.py:1378} INFO - 
--------------------------------------------------------------------------------
[2022-08-06 21:51:19,870] {taskinstance.py:1397} INFO - Executing <Task(BashOperator): second_task> on 2021-12-13 00:00:00+00:00
[2022-08-06 21:51:19,879] {standard_task_runner.py:52} INFO - Started process 1582 to run task
[2022-08-06 21:51:19,882] {standard_task_runner.py:79} INFO - Running: ['***', 'tasks', 'run', 'our_first_dag_v5', 'second_task', 'scheduled__2021-12-13T00:00:00+00:00', '--job-id', '416', '--raw', '--subdir', 'DAGS_FOLDER/pipeline.py', '--cfg-path', '/tmp/tmp7lrtqgh0', '--error-file', '/tmp/tmpw1wb3jui']
[2022-08-06 21:51:19,882] {standard_task_runner.py:80} INFO - Job 416: Subtask second_task
[2022-08-06 21:51:19,959] {task_command.py:371} INFO - Running <TaskInstance: our_first_dag_v5.second_task scheduled__2021-12-13T00:00:00+00:00 [running]> on host c3f731879890
[2022-08-06 21:51:20,058] {taskinstance.py:1591} INFO - Exporting the following env vars:
AIRFLOW_CTX_DAG_OWNER=coder2j
AIRFLOW_CTX_DAG_ID=our_first_dag_v5
AIRFLOW_CTX_TASK_ID=second_task
AIRFLOW_CTX_EXECUTION_DATE=2021-12-13T00:00:00+00:00
AIRFLOW_CTX_TRY_NUMBER=1
AIRFLOW_CTX_DAG_RUN_ID=scheduled__2021-12-13T00:00:00+00:00
[2022-08-06 21:51:20,059] {subprocess.py:62} INFO - Tmp dir root location: 
 /tmp
[2022-08-06 21:51:20,059] {subprocess.py:74} INFO - Running command: ['bash', '-c', 'echo hey, I am task2 and will be running after task1!']
[2022-08-06 21:51:20,073] {subprocess.py:85} INFO - Output:
[2022-08-06 21:51:20,075] {subprocess.py:92} INFO - hey, I am task2 and will be running after task1!
[2022-08-06 21:51:20,075] {subprocess.py:96} INFO - Command exited with return code 0
[2022-08-06 21:51:20,113] {taskinstance.py:1420} INFO - Marking task as SUCCESS. dag_id=our_first_dag_v5, task_id=second_task, execution_date=20211213T000000, start_date=20220806T215119, end_date=20220806T215120
[2022-08-06 21:51:20,133] {local_task_job.py:156} INFO - Task exited with return code 0
[2022-08-06 21:51:20,179] {local_task_job.py:273} INFO - 0 downstream tasks scheduled from follow-on schedule check
[2022-08-06 21:56:42,940] {taskinstance.py:1179} INFO - Dependencies all met for <TaskInstance: our_first_dag_v5.second_task scheduled__2021-12-13T00:00:00+00:00 [queued]>
[2022-08-06 21:56:42,953] {taskinstance.py:1179} INFO - Dependencies all met for <TaskInstance: our_first_dag_v5.second_task scheduled__2021-12-13T00:00:00+00:00 [queued]>
[2022-08-06 21:56:42,953] {taskinstance.py:1376} INFO - 
--------------------------------------------------------------------------------
[2022-08-06 21:56:42,953] {taskinstance.py:1377} INFO - Starting attempt 1 of 6
[2022-08-06 21:56:42,953] {taskinstance.py:1378} INFO - 
--------------------------------------------------------------------------------
[2022-08-06 21:56:42,967] {taskinstance.py:1397} INFO - Executing <Task(BashOperator): second_task> on 2021-12-13 00:00:00+00:00
[2022-08-06 21:56:42,973] {standard_task_runner.py:52} INFO - Started process 1366 to run task
[2022-08-06 21:56:42,976] {standard_task_runner.py:79} INFO - Running: ['***', 'tasks', 'run', 'our_first_dag_v5', 'second_task', 'scheduled__2021-12-13T00:00:00+00:00', '--job-id', '413', '--raw', '--subdir', 'DAGS_FOLDER/pipeline.py', '--cfg-path', '/tmp/tmpfvapqeus', '--error-file', '/tmp/tmpg3ui69fg']
[2022-08-06 21:56:42,976] {standard_task_runner.py:80} INFO - Job 413: Subtask second_task
[2022-08-06 21:56:43,034] {task_command.py:371} INFO - Running <TaskInstance: our_first_dag_v5.second_task scheduled__2021-12-13T00:00:00+00:00 [running]> on host bc7e154a4fdd
[2022-08-06 21:56:43,110] {taskinstance.py:1591} INFO - Exporting the following env vars:
AIRFLOW_CTX_DAG_OWNER=coder2j
AIRFLOW_CTX_DAG_ID=our_first_dag_v5
AIRFLOW_CTX_TASK_ID=second_task
AIRFLOW_CTX_EXECUTION_DATE=2021-12-13T00:00:00+00:00
AIRFLOW_CTX_TRY_NUMBER=1
AIRFLOW_CTX_DAG_RUN_ID=scheduled__2021-12-13T00:00:00+00:00
[2022-08-06 21:56:43,111] {subprocess.py:62} INFO - Tmp dir root location: 
 /tmp
[2022-08-06 21:56:43,111] {subprocess.py:74} INFO - Running command: ['bash', '-c', 'echo hey, I am task2 and will be running after task1!']
[2022-08-06 21:56:43,122] {subprocess.py:85} INFO - Output:
[2022-08-06 21:56:43,123] {subprocess.py:92} INFO - hey, I am task2 and will be running after task1!
[2022-08-06 21:56:43,124] {subprocess.py:96} INFO - Command exited with return code 0
[2022-08-06 21:56:43,148] {taskinstance.py:1420} INFO - Marking task as SUCCESS. dag_id=our_first_dag_v5, task_id=second_task, execution_date=20211213T000000, start_date=20220806T215642, end_date=20220806T215643
[2022-08-06 21:56:43,187] {local_task_job.py:156} INFO - Task exited with return code 0
[2022-08-06 21:56:43,214] {local_task_job.py:273} INFO - 0 downstream tasks scheduled from follow-on schedule check
[2022-08-06 22:11:47,508] {taskinstance.py:1179} INFO - Dependencies all met for <TaskInstance: our_first_dag_v5.second_task scheduled__2021-12-13T00:00:00+00:00 [queued]>
[2022-08-06 22:11:47,528] {taskinstance.py:1179} INFO - Dependencies all met for <TaskInstance: our_first_dag_v5.second_task scheduled__2021-12-13T00:00:00+00:00 [queued]>
[2022-08-06 22:11:47,528] {taskinstance.py:1376} INFO - 
--------------------------------------------------------------------------------
[2022-08-06 22:11:47,528] {taskinstance.py:1377} INFO - Starting attempt 1 of 6
[2022-08-06 22:11:47,528] {taskinstance.py:1378} INFO - 
--------------------------------------------------------------------------------
[2022-08-06 22:11:47,546] {taskinstance.py:1397} INFO - Executing <Task(BashOperator): second_task> on 2021-12-13 00:00:00+00:00
[2022-08-06 22:11:47,554] {standard_task_runner.py:52} INFO - Started process 1382 to run task
[2022-08-06 22:11:47,558] {standard_task_runner.py:79} INFO - Running: ['***', 'tasks', 'run', 'our_first_dag_v5', 'second_task', 'scheduled__2021-12-13T00:00:00+00:00', '--job-id', '415', '--raw', '--subdir', 'DAGS_FOLDER/pipeline.py', '--cfg-path', '/tmp/tmpxhhck_su', '--error-file', '/tmp/tmph4fl_yt7']
[2022-08-06 22:11:47,558] {standard_task_runner.py:80} INFO - Job 415: Subtask second_task
[2022-08-06 22:11:47,642] {task_command.py:371} INFO - Running <TaskInstance: our_first_dag_v5.second_task scheduled__2021-12-13T00:00:00+00:00 [running]> on host 1250c3b659cd
[2022-08-06 22:11:47,735] {taskinstance.py:1591} INFO - Exporting the following env vars:
AIRFLOW_CTX_DAG_OWNER=coder2j
AIRFLOW_CTX_DAG_ID=our_first_dag_v5
AIRFLOW_CTX_TASK_ID=second_task
AIRFLOW_CTX_EXECUTION_DATE=2021-12-13T00:00:00+00:00
AIRFLOW_CTX_TRY_NUMBER=1
AIRFLOW_CTX_DAG_RUN_ID=scheduled__2021-12-13T00:00:00+00:00
[2022-08-06 22:11:47,735] {subprocess.py:62} INFO - Tmp dir root location: 
 /tmp
[2022-08-06 22:11:47,736] {subprocess.py:74} INFO - Running command: ['bash', '-c', 'echo hey, I am task2 and will be running after task1!']
[2022-08-06 22:11:47,748] {subprocess.py:85} INFO - Output:
[2022-08-06 22:11:47,749] {subprocess.py:92} INFO - hey, I am task2 and will be running after task1!
[2022-08-06 22:11:47,749] {subprocess.py:96} INFO - Command exited with return code 0
[2022-08-06 22:11:47,778] {taskinstance.py:1420} INFO - Marking task as SUCCESS. dag_id=our_first_dag_v5, task_id=second_task, execution_date=20211213T000000, start_date=20220806T221147, end_date=20220806T221147
[2022-08-06 22:11:47,811] {local_task_job.py:156} INFO - Task exited with return code 0
[2022-08-06 22:11:47,849] {local_task_job.py:273} INFO - 0 downstream tasks scheduled from follow-on schedule check
[2022-08-06 22:23:05,205] {taskinstance.py:1179} INFO - Dependencies all met for <TaskInstance: our_first_dag_v5.second_task scheduled__2021-12-13T00:00:00+00:00 [queued]>
[2022-08-06 22:23:05,219] {taskinstance.py:1179} INFO - Dependencies all met for <TaskInstance: our_first_dag_v5.second_task scheduled__2021-12-13T00:00:00+00:00 [queued]>
[2022-08-06 22:23:05,220] {taskinstance.py:1376} INFO - 
--------------------------------------------------------------------------------
[2022-08-06 22:23:05,220] {taskinstance.py:1377} INFO - Starting attempt 1 of 6
[2022-08-06 22:23:05,220] {taskinstance.py:1378} INFO - 
--------------------------------------------------------------------------------
[2022-08-06 22:23:05,242] {taskinstance.py:1397} INFO - Executing <Task(BashOperator): second_task> on 2021-12-13 00:00:00+00:00
[2022-08-06 22:23:05,249] {standard_task_runner.py:52} INFO - Started process 1433 to run task
[2022-08-06 22:23:05,252] {standard_task_runner.py:79} INFO - Running: ['***', 'tasks', 'run', 'our_first_dag_v5', 'second_task', 'scheduled__2021-12-13T00:00:00+00:00', '--job-id', '414', '--raw', '--subdir', 'DAGS_FOLDER/pipeline.py', '--cfg-path', '/tmp/tmp5n5alek3', '--error-file', '/tmp/tmpwek_oelp']
[2022-08-06 22:23:05,252] {standard_task_runner.py:80} INFO - Job 414: Subtask second_task
[2022-08-06 22:23:05,323] {task_command.py:371} INFO - Running <TaskInstance: our_first_dag_v5.second_task scheduled__2021-12-13T00:00:00+00:00 [running]> on host b215076695c3
[2022-08-06 22:23:05,432] {taskinstance.py:1591} INFO - Exporting the following env vars:
AIRFLOW_CTX_DAG_OWNER=coder2j
AIRFLOW_CTX_DAG_ID=our_first_dag_v5
AIRFLOW_CTX_TASK_ID=second_task
AIRFLOW_CTX_EXECUTION_DATE=2021-12-13T00:00:00+00:00
AIRFLOW_CTX_TRY_NUMBER=1
AIRFLOW_CTX_DAG_RUN_ID=scheduled__2021-12-13T00:00:00+00:00
[2022-08-06 22:23:05,433] {subprocess.py:62} INFO - Tmp dir root location: 
 /tmp
[2022-08-06 22:23:05,434] {subprocess.py:74} INFO - Running command: ['bash', '-c', 'echo hey, I am task2 and will be running after task1!']
[2022-08-06 22:23:05,450] {subprocess.py:85} INFO - Output:
[2022-08-06 22:23:05,451] {subprocess.py:92} INFO - hey, I am task2 and will be running after task1!
[2022-08-06 22:23:05,452] {subprocess.py:96} INFO - Command exited with return code 0
[2022-08-06 22:23:05,488] {taskinstance.py:1420} INFO - Marking task as SUCCESS. dag_id=our_first_dag_v5, task_id=second_task, execution_date=20211213T000000, start_date=20220806T222305, end_date=20220806T222305
[2022-08-06 22:23:05,543] {local_task_job.py:156} INFO - Task exited with return code 0
[2022-08-06 22:23:05,587] {local_task_job.py:273} INFO - 0 downstream tasks scheduled from follow-on schedule check
