[2022-08-06 19:37:02,199] {taskinstance.py:1179} INFO - Dependencies all met for <TaskInstance: our_first_dag_v5.second_task scheduled__2021-11-03T00:00:00+00:00 [queued]>
[2022-08-06 19:37:02,220] {taskinstance.py:1179} INFO - Dependencies all met for <TaskInstance: our_first_dag_v5.second_task scheduled__2021-11-03T00:00:00+00:00 [queued]>
[2022-08-06 19:37:02,221] {taskinstance.py:1376} INFO - 
--------------------------------------------------------------------------------
[2022-08-06 19:37:02,221] {taskinstance.py:1377} INFO - Starting attempt 1 of 6
[2022-08-06 19:37:02,221] {taskinstance.py:1378} INFO - 
--------------------------------------------------------------------------------
[2022-08-06 19:37:02,248] {taskinstance.py:1397} INFO - Executing <Task(BashOperator): second_task> on 2021-11-03 00:00:00+00:00
[2022-08-06 19:37:02,256] {standard_task_runner.py:52} INFO - Started process 1028 to run task
[2022-08-06 19:37:02,259] {standard_task_runner.py:79} INFO - Running: ['***', 'tasks', 'run', 'our_first_dag_v5', 'second_task', 'scheduled__2021-11-03T00:00:00+00:00', '--job-id', '295', '--raw', '--subdir', 'DAGS_FOLDER/pipeline.py', '--cfg-path', '/tmp/tmpq8443rcp', '--error-file', '/tmp/tmptcbzzydq']
[2022-08-06 19:37:02,260] {standard_task_runner.py:80} INFO - Job 295: Subtask second_task
[2022-08-06 19:37:02,347] {task_command.py:371} INFO - Running <TaskInstance: our_first_dag_v5.second_task scheduled__2021-11-03T00:00:00+00:00 [running]> on host b29c168c1666
[2022-08-06 19:37:02,457] {taskinstance.py:1591} INFO - Exporting the following env vars:
AIRFLOW_CTX_DAG_OWNER=coder2j
AIRFLOW_CTX_DAG_ID=our_first_dag_v5
AIRFLOW_CTX_TASK_ID=second_task
AIRFLOW_CTX_EXECUTION_DATE=2021-11-03T00:00:00+00:00
AIRFLOW_CTX_TRY_NUMBER=1
AIRFLOW_CTX_DAG_RUN_ID=scheduled__2021-11-03T00:00:00+00:00
[2022-08-06 19:37:02,458] {subprocess.py:62} INFO - Tmp dir root location: 
 /tmp
[2022-08-06 19:37:02,459] {subprocess.py:74} INFO - Running command: ['bash', '-c', 'echo hey, I am task2 and will be running after task1!']
[2022-08-06 19:37:02,474] {subprocess.py:85} INFO - Output:
[2022-08-06 19:37:02,476] {subprocess.py:92} INFO - hey, I am task2 and will be running after task1!
[2022-08-06 19:37:02,476] {subprocess.py:96} INFO - Command exited with return code 0
[2022-08-06 19:37:02,518] {taskinstance.py:1420} INFO - Marking task as SUCCESS. dag_id=our_first_dag_v5, task_id=second_task, execution_date=20211103T000000, start_date=20220806T193702, end_date=20220806T193702
[2022-08-06 19:37:02,555] {local_task_job.py:156} INFO - Task exited with return code 0
[2022-08-06 19:37:02,609] {local_task_job.py:273} INFO - 0 downstream tasks scheduled from follow-on schedule check
[2022-08-06 21:50:53,396] {taskinstance.py:1179} INFO - Dependencies all met for <TaskInstance: our_first_dag_v5.second_task scheduled__2021-11-03T00:00:00+00:00 [queued]>
[2022-08-06 21:50:53,411] {taskinstance.py:1179} INFO - Dependencies all met for <TaskInstance: our_first_dag_v5.second_task scheduled__2021-11-03T00:00:00+00:00 [queued]>
[2022-08-06 21:50:53,411] {taskinstance.py:1376} INFO - 
--------------------------------------------------------------------------------
[2022-08-06 21:50:53,411] {taskinstance.py:1377} INFO - Starting attempt 1 of 6
[2022-08-06 21:50:53,411] {taskinstance.py:1378} INFO - 
--------------------------------------------------------------------------------
[2022-08-06 21:50:53,431] {taskinstance.py:1397} INFO - Executing <Task(BashOperator): second_task> on 2021-11-03 00:00:00+00:00
[2022-08-06 21:50:53,437] {standard_task_runner.py:52} INFO - Started process 1202 to run task
[2022-08-06 21:50:53,440] {standard_task_runner.py:79} INFO - Running: ['***', 'tasks', 'run', 'our_first_dag_v5', 'second_task', 'scheduled__2021-11-03T00:00:00+00:00', '--job-id', '296', '--raw', '--subdir', 'DAGS_FOLDER/pipeline.py', '--cfg-path', '/tmp/tmp7imxgkm2', '--error-file', '/tmp/tmpfcwcyxh6']
[2022-08-06 21:50:53,441] {standard_task_runner.py:80} INFO - Job 296: Subtask second_task
[2022-08-06 21:50:53,528] {task_command.py:371} INFO - Running <TaskInstance: our_first_dag_v5.second_task scheduled__2021-11-03T00:00:00+00:00 [running]> on host c3f731879890
[2022-08-06 21:50:53,625] {taskinstance.py:1591} INFO - Exporting the following env vars:
AIRFLOW_CTX_DAG_OWNER=coder2j
AIRFLOW_CTX_DAG_ID=our_first_dag_v5
AIRFLOW_CTX_TASK_ID=second_task
AIRFLOW_CTX_EXECUTION_DATE=2021-11-03T00:00:00+00:00
AIRFLOW_CTX_TRY_NUMBER=1
AIRFLOW_CTX_DAG_RUN_ID=scheduled__2021-11-03T00:00:00+00:00
[2022-08-06 21:50:53,626] {subprocess.py:62} INFO - Tmp dir root location: 
 /tmp
[2022-08-06 21:50:53,626] {subprocess.py:74} INFO - Running command: ['bash', '-c', 'echo hey, I am task2 and will be running after task1!']
[2022-08-06 21:50:53,641] {subprocess.py:85} INFO - Output:
[2022-08-06 21:50:53,643] {subprocess.py:92} INFO - hey, I am task2 and will be running after task1!
[2022-08-06 21:50:53,643] {subprocess.py:96} INFO - Command exited with return code 0
[2022-08-06 21:50:53,682] {taskinstance.py:1420} INFO - Marking task as SUCCESS. dag_id=our_first_dag_v5, task_id=second_task, execution_date=20211103T000000, start_date=20220806T215053, end_date=20220806T215053
[2022-08-06 21:50:53,732] {local_task_job.py:156} INFO - Task exited with return code 0
[2022-08-06 21:50:53,775] {local_task_job.py:273} INFO - 0 downstream tasks scheduled from follow-on schedule check
[2022-08-06 21:56:19,182] {taskinstance.py:1179} INFO - Dependencies all met for <TaskInstance: our_first_dag_v5.second_task scheduled__2021-11-03T00:00:00+00:00 [queued]>
[2022-08-06 21:56:19,195] {taskinstance.py:1179} INFO - Dependencies all met for <TaskInstance: our_first_dag_v5.second_task scheduled__2021-11-03T00:00:00+00:00 [queued]>
[2022-08-06 21:56:19,196] {taskinstance.py:1376} INFO - 
--------------------------------------------------------------------------------
[2022-08-06 21:56:19,196] {taskinstance.py:1377} INFO - Starting attempt 1 of 6
[2022-08-06 21:56:19,196] {taskinstance.py:1378} INFO - 
--------------------------------------------------------------------------------
[2022-08-06 21:56:19,212] {taskinstance.py:1397} INFO - Executing <Task(BashOperator): second_task> on 2021-11-03 00:00:00+00:00
[2022-08-06 21:56:19,218] {standard_task_runner.py:52} INFO - Started process 985 to run task
[2022-08-06 21:56:19,221] {standard_task_runner.py:79} INFO - Running: ['***', 'tasks', 'run', 'our_first_dag_v5', 'second_task', 'scheduled__2021-11-03T00:00:00+00:00', '--job-id', '292', '--raw', '--subdir', 'DAGS_FOLDER/pipeline.py', '--cfg-path', '/tmp/tmp4tp0fw40', '--error-file', '/tmp/tmplv0jt67b']
[2022-08-06 21:56:19,222] {standard_task_runner.py:80} INFO - Job 292: Subtask second_task
[2022-08-06 21:56:19,300] {task_command.py:371} INFO - Running <TaskInstance: our_first_dag_v5.second_task scheduled__2021-11-03T00:00:00+00:00 [running]> on host bc7e154a4fdd
[2022-08-06 21:56:19,390] {taskinstance.py:1591} INFO - Exporting the following env vars:
AIRFLOW_CTX_DAG_OWNER=coder2j
AIRFLOW_CTX_DAG_ID=our_first_dag_v5
AIRFLOW_CTX_TASK_ID=second_task
AIRFLOW_CTX_EXECUTION_DATE=2021-11-03T00:00:00+00:00
AIRFLOW_CTX_TRY_NUMBER=1
AIRFLOW_CTX_DAG_RUN_ID=scheduled__2021-11-03T00:00:00+00:00
[2022-08-06 21:56:19,391] {subprocess.py:62} INFO - Tmp dir root location: 
 /tmp
[2022-08-06 21:56:19,391] {subprocess.py:74} INFO - Running command: ['bash', '-c', 'echo hey, I am task2 and will be running after task1!']
[2022-08-06 21:56:19,404] {subprocess.py:85} INFO - Output:
[2022-08-06 21:56:19,406] {subprocess.py:92} INFO - hey, I am task2 and will be running after task1!
[2022-08-06 21:56:19,406] {subprocess.py:96} INFO - Command exited with return code 0
[2022-08-06 21:56:19,436] {taskinstance.py:1420} INFO - Marking task as SUCCESS. dag_id=our_first_dag_v5, task_id=second_task, execution_date=20211103T000000, start_date=20220806T215619, end_date=20220806T215619
[2022-08-06 21:56:19,473] {local_task_job.py:156} INFO - Task exited with return code 0
[2022-08-06 21:56:19,498] {local_task_job.py:273} INFO - 0 downstream tasks scheduled from follow-on schedule check
[2022-08-06 22:11:21,642] {taskinstance.py:1179} INFO - Dependencies all met for <TaskInstance: our_first_dag_v5.second_task scheduled__2021-11-03T00:00:00+00:00 [queued]>
[2022-08-06 22:11:21,657] {taskinstance.py:1179} INFO - Dependencies all met for <TaskInstance: our_first_dag_v5.second_task scheduled__2021-11-03T00:00:00+00:00 [queued]>
[2022-08-06 22:11:21,657] {taskinstance.py:1376} INFO - 
--------------------------------------------------------------------------------
[2022-08-06 22:11:21,657] {taskinstance.py:1377} INFO - Starting attempt 1 of 6
[2022-08-06 22:11:21,657] {taskinstance.py:1378} INFO - 
--------------------------------------------------------------------------------
[2022-08-06 22:11:21,679] {taskinstance.py:1397} INFO - Executing <Task(BashOperator): second_task> on 2021-11-03 00:00:00+00:00
[2022-08-06 22:11:21,686] {standard_task_runner.py:52} INFO - Started process 1003 to run task
[2022-08-06 22:11:21,689] {standard_task_runner.py:79} INFO - Running: ['***', 'tasks', 'run', 'our_first_dag_v5', 'second_task', 'scheduled__2021-11-03T00:00:00+00:00', '--job-id', '295', '--raw', '--subdir', 'DAGS_FOLDER/pipeline.py', '--cfg-path', '/tmp/tmpxgz7mbeh', '--error-file', '/tmp/tmpy1ytlskd']
[2022-08-06 22:11:21,689] {standard_task_runner.py:80} INFO - Job 295: Subtask second_task
[2022-08-06 22:11:21,782] {task_command.py:371} INFO - Running <TaskInstance: our_first_dag_v5.second_task scheduled__2021-11-03T00:00:00+00:00 [running]> on host 1250c3b659cd
[2022-08-06 22:11:21,888] {taskinstance.py:1591} INFO - Exporting the following env vars:
AIRFLOW_CTX_DAG_OWNER=coder2j
AIRFLOW_CTX_DAG_ID=our_first_dag_v5
AIRFLOW_CTX_TASK_ID=second_task
AIRFLOW_CTX_EXECUTION_DATE=2021-11-03T00:00:00+00:00
AIRFLOW_CTX_TRY_NUMBER=1
AIRFLOW_CTX_DAG_RUN_ID=scheduled__2021-11-03T00:00:00+00:00
[2022-08-06 22:11:21,889] {subprocess.py:62} INFO - Tmp dir root location: 
 /tmp
[2022-08-06 22:11:21,890] {subprocess.py:74} INFO - Running command: ['bash', '-c', 'echo hey, I am task2 and will be running after task1!']
[2022-08-06 22:11:21,905] {subprocess.py:85} INFO - Output:
[2022-08-06 22:11:21,907] {subprocess.py:92} INFO - hey, I am task2 and will be running after task1!
[2022-08-06 22:11:21,907] {subprocess.py:96} INFO - Command exited with return code 0
[2022-08-06 22:11:21,935] {taskinstance.py:1420} INFO - Marking task as SUCCESS. dag_id=our_first_dag_v5, task_id=second_task, execution_date=20211103T000000, start_date=20220806T221121, end_date=20220806T221121
[2022-08-06 22:11:21,981] {local_task_job.py:156} INFO - Task exited with return code 0
[2022-08-06 22:11:22,031] {local_task_job.py:273} INFO - 0 downstream tasks scheduled from follow-on schedule check
[2022-08-06 22:19:06,488] {taskinstance.py:1179} INFO - Dependencies all met for <TaskInstance: our_first_dag_v5.second_task scheduled__2021-11-03T00:00:00+00:00 [queued]>
[2022-08-06 22:19:06,499] {taskinstance.py:1179} INFO - Dependencies all met for <TaskInstance: our_first_dag_v5.second_task scheduled__2021-11-03T00:00:00+00:00 [queued]>
[2022-08-06 22:19:06,499] {taskinstance.py:1376} INFO - 
--------------------------------------------------------------------------------
[2022-08-06 22:19:06,499] {taskinstance.py:1377} INFO - Starting attempt 1 of 6
[2022-08-06 22:19:06,499] {taskinstance.py:1378} INFO - 
--------------------------------------------------------------------------------
[2022-08-06 22:19:06,515] {taskinstance.py:1397} INFO - Executing <Task(BashOperator): second_task> on 2021-11-03 00:00:00+00:00
[2022-08-06 22:19:06,522] {standard_task_runner.py:52} INFO - Started process 1023 to run task
[2022-08-06 22:19:06,525] {standard_task_runner.py:79} INFO - Running: ['***', 'tasks', 'run', 'our_first_dag_v5', 'second_task', 'scheduled__2021-11-03T00:00:00+00:00', '--job-id', '297', '--raw', '--subdir', 'DAGS_FOLDER/pipeline.py', '--cfg-path', '/tmp/tmp2pp538yo', '--error-file', '/tmp/tmp9dfe_9yy']
[2022-08-06 22:19:06,525] {standard_task_runner.py:80} INFO - Job 297: Subtask second_task
[2022-08-06 22:19:06,619] {task_command.py:371} INFO - Running <TaskInstance: our_first_dag_v5.second_task scheduled__2021-11-03T00:00:00+00:00 [running]> on host ed53bde1c44a
[2022-08-06 22:19:06,732] {taskinstance.py:1591} INFO - Exporting the following env vars:
AIRFLOW_CTX_DAG_OWNER=coder2j
AIRFLOW_CTX_DAG_ID=our_first_dag_v5
AIRFLOW_CTX_TASK_ID=second_task
AIRFLOW_CTX_EXECUTION_DATE=2021-11-03T00:00:00+00:00
AIRFLOW_CTX_TRY_NUMBER=1
AIRFLOW_CTX_DAG_RUN_ID=scheduled__2021-11-03T00:00:00+00:00
[2022-08-06 22:19:06,733] {subprocess.py:62} INFO - Tmp dir root location: 
 /tmp
[2022-08-06 22:19:06,734] {subprocess.py:74} INFO - Running command: ['bash', '-c', 'echo hey, I am task2 and will be running after task1!']
[2022-08-06 22:19:06,750] {subprocess.py:85} INFO - Output:
[2022-08-06 22:19:06,752] {subprocess.py:92} INFO - hey, I am task2 and will be running after task1!
[2022-08-06 22:19:06,753] {subprocess.py:96} INFO - Command exited with return code 0
[2022-08-06 22:19:06,843] {taskinstance.py:1420} INFO - Marking task as SUCCESS. dag_id=our_first_dag_v5, task_id=second_task, execution_date=20211103T000000, start_date=20220806T221906, end_date=20220806T221906
[2022-08-06 22:19:06,897] {local_task_job.py:156} INFO - Task exited with return code 0
[2022-08-06 22:19:06,944] {local_task_job.py:273} INFO - 0 downstream tasks scheduled from follow-on schedule check
[2022-08-06 22:22:43,224] {taskinstance.py:1179} INFO - Dependencies all met for <TaskInstance: our_first_dag_v5.second_task scheduled__2021-11-03T00:00:00+00:00 [queued]>
[2022-08-06 22:22:43,239] {taskinstance.py:1179} INFO - Dependencies all met for <TaskInstance: our_first_dag_v5.second_task scheduled__2021-11-03T00:00:00+00:00 [queued]>
[2022-08-06 22:22:43,239] {taskinstance.py:1376} INFO - 
--------------------------------------------------------------------------------
[2022-08-06 22:22:43,240] {taskinstance.py:1377} INFO - Starting attempt 1 of 6
[2022-08-06 22:22:43,240] {taskinstance.py:1378} INFO - 
--------------------------------------------------------------------------------
[2022-08-06 22:22:43,259] {taskinstance.py:1397} INFO - Executing <Task(BashOperator): second_task> on 2021-11-03 00:00:00+00:00
[2022-08-06 22:22:43,266] {standard_task_runner.py:52} INFO - Started process 1055 to run task
[2022-08-06 22:22:43,269] {standard_task_runner.py:79} INFO - Running: ['***', 'tasks', 'run', 'our_first_dag_v5', 'second_task', 'scheduled__2021-11-03T00:00:00+00:00', '--job-id', '294', '--raw', '--subdir', 'DAGS_FOLDER/pipeline.py', '--cfg-path', '/tmp/tmp8yuss5lo', '--error-file', '/tmp/tmpex80nj6_']
[2022-08-06 22:22:43,269] {standard_task_runner.py:80} INFO - Job 294: Subtask second_task
[2022-08-06 22:22:43,343] {task_command.py:371} INFO - Running <TaskInstance: our_first_dag_v5.second_task scheduled__2021-11-03T00:00:00+00:00 [running]> on host b215076695c3
[2022-08-06 22:22:43,435] {taskinstance.py:1591} INFO - Exporting the following env vars:
AIRFLOW_CTX_DAG_OWNER=coder2j
AIRFLOW_CTX_DAG_ID=our_first_dag_v5
AIRFLOW_CTX_TASK_ID=second_task
AIRFLOW_CTX_EXECUTION_DATE=2021-11-03T00:00:00+00:00
AIRFLOW_CTX_TRY_NUMBER=1
AIRFLOW_CTX_DAG_RUN_ID=scheduled__2021-11-03T00:00:00+00:00
[2022-08-06 22:22:43,435] {subprocess.py:62} INFO - Tmp dir root location: 
 /tmp
[2022-08-06 22:22:43,436] {subprocess.py:74} INFO - Running command: ['bash', '-c', 'echo hey, I am task2 and will be running after task1!']
[2022-08-06 22:22:43,449] {subprocess.py:85} INFO - Output:
[2022-08-06 22:22:43,451] {subprocess.py:92} INFO - hey, I am task2 and will be running after task1!
[2022-08-06 22:22:43,451] {subprocess.py:96} INFO - Command exited with return code 0
[2022-08-06 22:22:43,481] {taskinstance.py:1420} INFO - Marking task as SUCCESS. dag_id=our_first_dag_v5, task_id=second_task, execution_date=20211103T000000, start_date=20220806T222243, end_date=20220806T222243
[2022-08-06 22:22:43,520] {local_task_job.py:156} INFO - Task exited with return code 0
[2022-08-06 22:22:43,552] {local_task_job.py:273} INFO - 0 downstream tasks scheduled from follow-on schedule check
