[2022-08-06 19:39:42,529] {taskinstance.py:1179} INFO - Dependencies all met for <TaskInstance: our_first_dag_v5.first_task scheduled__2022-07-27T00:00:00+00:00 [queued]>
[2022-08-06 19:39:42,544] {taskinstance.py:1179} INFO - Dependencies all met for <TaskInstance: our_first_dag_v5.first_task scheduled__2022-07-27T00:00:00+00:00 [queued]>
[2022-08-06 19:39:42,544] {taskinstance.py:1376} INFO - 
--------------------------------------------------------------------------------
[2022-08-06 19:39:42,544] {taskinstance.py:1377} INFO - Starting attempt 1 of 6
[2022-08-06 19:39:42,544] {taskinstance.py:1378} INFO - 
--------------------------------------------------------------------------------
[2022-08-06 19:39:42,563] {taskinstance.py:1397} INFO - Executing <Task(BashOperator): first_task> on 2022-07-27 00:00:00+00:00
[2022-08-06 19:39:42,570] {standard_task_runner.py:52} INFO - Started process 3512 to run task
[2022-08-06 19:39:42,572] {standard_task_runner.py:79} INFO - Running: ['***', 'tasks', 'run', 'our_first_dag_v5', 'first_task', 'scheduled__2022-07-27T00:00:00+00:00', '--job-id', '1087', '--raw', '--subdir', 'DAGS_FOLDER/pipeline.py', '--cfg-path', '/tmp/tmp32_39x9q', '--error-file', '/tmp/tmp_1sse6ae']
[2022-08-06 19:39:42,572] {standard_task_runner.py:80} INFO - Job 1087: Subtask first_task
[2022-08-06 19:39:42,647] {task_command.py:371} INFO - Running <TaskInstance: our_first_dag_v5.first_task scheduled__2022-07-27T00:00:00+00:00 [running]> on host b29c168c1666
[2022-08-06 19:39:42,743] {taskinstance.py:1591} INFO - Exporting the following env vars:
AIRFLOW_CTX_DAG_OWNER=coder2j
AIRFLOW_CTX_DAG_ID=our_first_dag_v5
AIRFLOW_CTX_TASK_ID=first_task
AIRFLOW_CTX_EXECUTION_DATE=2022-07-27T00:00:00+00:00
AIRFLOW_CTX_TRY_NUMBER=1
AIRFLOW_CTX_DAG_RUN_ID=scheduled__2022-07-27T00:00:00+00:00
[2022-08-06 19:39:42,744] {subprocess.py:62} INFO - Tmp dir root location: 
 /tmp
[2022-08-06 19:39:42,744] {subprocess.py:74} INFO - Running command: ['bash', '-c', 'echo hello world, this is the first task!']
[2022-08-06 19:39:42,760] {subprocess.py:85} INFO - Output:
[2022-08-06 19:39:42,761] {subprocess.py:92} INFO - hello world, this is the first task!
[2022-08-06 19:39:42,762] {subprocess.py:96} INFO - Command exited with return code 0
[2022-08-06 19:39:42,803] {taskinstance.py:1420} INFO - Marking task as SUCCESS. dag_id=our_first_dag_v5, task_id=first_task, execution_date=20220727T000000, start_date=20220806T193942, end_date=20220806T193942
[2022-08-06 19:39:42,864] {local_task_job.py:156} INFO - Task exited with return code 0
[2022-08-06 19:39:42,917] {local_task_job.py:273} INFO - 2 downstream tasks scheduled from follow-on schedule check
[2022-08-06 21:53:36,461] {taskinstance.py:1179} INFO - Dependencies all met for <TaskInstance: our_first_dag_v5.first_task scheduled__2022-07-27T00:00:00+00:00 [queued]>
[2022-08-06 21:53:36,472] {taskinstance.py:1179} INFO - Dependencies all met for <TaskInstance: our_first_dag_v5.first_task scheduled__2022-07-27T00:00:00+00:00 [queued]>
[2022-08-06 21:53:36,472] {taskinstance.py:1376} INFO - 
--------------------------------------------------------------------------------
[2022-08-06 21:53:36,472] {taskinstance.py:1377} INFO - Starting attempt 1 of 6
[2022-08-06 21:53:36,472] {taskinstance.py:1378} INFO - 
--------------------------------------------------------------------------------
[2022-08-06 21:53:36,489] {taskinstance.py:1397} INFO - Executing <Task(BashOperator): first_task> on 2022-07-27 00:00:00+00:00
[2022-08-06 21:53:36,496] {standard_task_runner.py:52} INFO - Started process 3697 to run task
[2022-08-06 21:53:36,498] {standard_task_runner.py:79} INFO - Running: ['***', 'tasks', 'run', 'our_first_dag_v5', 'first_task', 'scheduled__2022-07-27T00:00:00+00:00', '--job-id', '1085', '--raw', '--subdir', 'DAGS_FOLDER/pipeline.py', '--cfg-path', '/tmp/tmpglqjyiol', '--error-file', '/tmp/tmpry3ywqhq']
[2022-08-06 21:53:36,498] {standard_task_runner.py:80} INFO - Job 1085: Subtask first_task
[2022-08-06 21:53:36,562] {task_command.py:371} INFO - Running <TaskInstance: our_first_dag_v5.first_task scheduled__2022-07-27T00:00:00+00:00 [running]> on host c3f731879890
[2022-08-06 21:53:36,652] {taskinstance.py:1591} INFO - Exporting the following env vars:
AIRFLOW_CTX_DAG_OWNER=coder2j
AIRFLOW_CTX_DAG_ID=our_first_dag_v5
AIRFLOW_CTX_TASK_ID=first_task
AIRFLOW_CTX_EXECUTION_DATE=2022-07-27T00:00:00+00:00
AIRFLOW_CTX_TRY_NUMBER=1
AIRFLOW_CTX_DAG_RUN_ID=scheduled__2022-07-27T00:00:00+00:00
[2022-08-06 21:53:36,653] {subprocess.py:62} INFO - Tmp dir root location: 
 /tmp
[2022-08-06 21:53:36,654] {subprocess.py:74} INFO - Running command: ['bash', '-c', 'echo hello world, this is the first task!']
[2022-08-06 21:53:36,671] {subprocess.py:85} INFO - Output:
[2022-08-06 21:53:36,673] {subprocess.py:92} INFO - hello world, this is the first task!
[2022-08-06 21:53:36,673] {subprocess.py:96} INFO - Command exited with return code 0
[2022-08-06 21:53:36,711] {taskinstance.py:1420} INFO - Marking task as SUCCESS. dag_id=our_first_dag_v5, task_id=first_task, execution_date=20220727T000000, start_date=20220806T215336, end_date=20220806T215336
[2022-08-06 21:53:36,749] {local_task_job.py:156} INFO - Task exited with return code 0
[2022-08-06 21:53:36,879] {local_task_job.py:273} INFO - 0 downstream tasks scheduled from follow-on schedule check
[2022-08-06 21:58:57,327] {taskinstance.py:1179} INFO - Dependencies all met for <TaskInstance: our_first_dag_v5.first_task scheduled__2022-07-27T00:00:00+00:00 [queued]>
[2022-08-06 21:58:57,339] {taskinstance.py:1179} INFO - Dependencies all met for <TaskInstance: our_first_dag_v5.first_task scheduled__2022-07-27T00:00:00+00:00 [queued]>
[2022-08-06 21:58:57,340] {taskinstance.py:1376} INFO - 
--------------------------------------------------------------------------------
[2022-08-06 21:58:57,340] {taskinstance.py:1377} INFO - Starting attempt 1 of 6
[2022-08-06 21:58:57,340] {taskinstance.py:1378} INFO - 
--------------------------------------------------------------------------------
[2022-08-06 21:58:57,357] {taskinstance.py:1397} INFO - Executing <Task(BashOperator): first_task> on 2022-07-27 00:00:00+00:00
[2022-08-06 21:58:57,364] {standard_task_runner.py:52} INFO - Started process 3487 to run task
[2022-08-06 21:58:57,367] {standard_task_runner.py:79} INFO - Running: ['***', 'tasks', 'run', 'our_first_dag_v5', 'first_task', 'scheduled__2022-07-27T00:00:00+00:00', '--job-id', '1083', '--raw', '--subdir', 'DAGS_FOLDER/pipeline.py', '--cfg-path', '/tmp/tmp0583gmqx', '--error-file', '/tmp/tmpblnwfb2g']
[2022-08-06 21:58:57,367] {standard_task_runner.py:80} INFO - Job 1083: Subtask first_task
[2022-08-06 21:58:57,445] {task_command.py:371} INFO - Running <TaskInstance: our_first_dag_v5.first_task scheduled__2022-07-27T00:00:00+00:00 [running]> on host bc7e154a4fdd
[2022-08-06 21:58:57,555] {taskinstance.py:1591} INFO - Exporting the following env vars:
AIRFLOW_CTX_DAG_OWNER=coder2j
AIRFLOW_CTX_DAG_ID=our_first_dag_v5
AIRFLOW_CTX_TASK_ID=first_task
AIRFLOW_CTX_EXECUTION_DATE=2022-07-27T00:00:00+00:00
AIRFLOW_CTX_TRY_NUMBER=1
AIRFLOW_CTX_DAG_RUN_ID=scheduled__2022-07-27T00:00:00+00:00
[2022-08-06 21:58:57,556] {subprocess.py:62} INFO - Tmp dir root location: 
 /tmp
[2022-08-06 21:58:57,557] {subprocess.py:74} INFO - Running command: ['bash', '-c', 'echo hello world, this is the first task!']
[2022-08-06 21:58:57,572] {subprocess.py:85} INFO - Output:
[2022-08-06 21:58:57,574] {subprocess.py:92} INFO - hello world, this is the first task!
[2022-08-06 21:58:57,574] {subprocess.py:96} INFO - Command exited with return code 0
[2022-08-06 21:58:57,667] {taskinstance.py:1420} INFO - Marking task as SUCCESS. dag_id=our_first_dag_v5, task_id=first_task, execution_date=20220727T000000, start_date=20220806T215857, end_date=20220806T215857
[2022-08-06 21:58:57,701] {local_task_job.py:156} INFO - Task exited with return code 0
[2022-08-06 21:58:57,751] {local_task_job.py:273} INFO - 2 downstream tasks scheduled from follow-on schedule check
[2022-08-06 22:13:58,755] {taskinstance.py:1179} INFO - Dependencies all met for <TaskInstance: our_first_dag_v5.first_task scheduled__2022-07-27T00:00:00+00:00 [queued]>
[2022-08-06 22:13:58,766] {taskinstance.py:1179} INFO - Dependencies all met for <TaskInstance: our_first_dag_v5.first_task scheduled__2022-07-27T00:00:00+00:00 [queued]>
[2022-08-06 22:13:58,766] {taskinstance.py:1376} INFO - 
--------------------------------------------------------------------------------
[2022-08-06 22:13:58,766] {taskinstance.py:1377} INFO - Starting attempt 1 of 6
[2022-08-06 22:13:58,766] {taskinstance.py:1378} INFO - 
--------------------------------------------------------------------------------
[2022-08-06 22:13:58,782] {taskinstance.py:1397} INFO - Executing <Task(BashOperator): first_task> on 2022-07-27 00:00:00+00:00
[2022-08-06 22:13:58,788] {standard_task_runner.py:52} INFO - Started process 3505 to run task
[2022-08-06 22:13:58,791] {standard_task_runner.py:79} INFO - Running: ['***', 'tasks', 'run', 'our_first_dag_v5', 'first_task', 'scheduled__2022-07-27T00:00:00+00:00', '--job-id', '1087', '--raw', '--subdir', 'DAGS_FOLDER/pipeline.py', '--cfg-path', '/tmp/tmprf3c15ek', '--error-file', '/tmp/tmp8ah9iir1']
[2022-08-06 22:13:58,791] {standard_task_runner.py:80} INFO - Job 1087: Subtask first_task
[2022-08-06 22:13:58,859] {task_command.py:371} INFO - Running <TaskInstance: our_first_dag_v5.first_task scheduled__2022-07-27T00:00:00+00:00 [running]> on host 1250c3b659cd
[2022-08-06 22:13:58,941] {taskinstance.py:1591} INFO - Exporting the following env vars:
AIRFLOW_CTX_DAG_OWNER=coder2j
AIRFLOW_CTX_DAG_ID=our_first_dag_v5
AIRFLOW_CTX_TASK_ID=first_task
AIRFLOW_CTX_EXECUTION_DATE=2022-07-27T00:00:00+00:00
AIRFLOW_CTX_TRY_NUMBER=1
AIRFLOW_CTX_DAG_RUN_ID=scheduled__2022-07-27T00:00:00+00:00
[2022-08-06 22:13:58,942] {subprocess.py:62} INFO - Tmp dir root location: 
 /tmp
[2022-08-06 22:13:58,942] {subprocess.py:74} INFO - Running command: ['bash', '-c', 'echo hello world, this is the first task!']
[2022-08-06 22:13:58,955] {subprocess.py:85} INFO - Output:
[2022-08-06 22:13:58,957] {subprocess.py:92} INFO - hello world, this is the first task!
[2022-08-06 22:13:58,957] {subprocess.py:96} INFO - Command exited with return code 0
[2022-08-06 22:13:58,991] {taskinstance.py:1420} INFO - Marking task as SUCCESS. dag_id=our_first_dag_v5, task_id=first_task, execution_date=20220727T000000, start_date=20220806T221358, end_date=20220806T221358
[2022-08-06 22:13:59,042] {local_task_job.py:156} INFO - Task exited with return code 0
[2022-08-06 22:13:59,082] {local_task_job.py:273} INFO - 2 downstream tasks scheduled from follow-on schedule check
[2022-08-06 22:25:13,794] {taskinstance.py:1179} INFO - Dependencies all met for <TaskInstance: our_first_dag_v5.first_task scheduled__2022-07-27T00:00:00+00:00 [queued]>
[2022-08-06 22:25:13,803] {taskinstance.py:1179} INFO - Dependencies all met for <TaskInstance: our_first_dag_v5.first_task scheduled__2022-07-27T00:00:00+00:00 [queued]>
[2022-08-06 22:25:13,803] {taskinstance.py:1376} INFO - 
--------------------------------------------------------------------------------
[2022-08-06 22:25:13,803] {taskinstance.py:1377} INFO - Starting attempt 1 of 6
[2022-08-06 22:25:13,803] {taskinstance.py:1378} INFO - 
--------------------------------------------------------------------------------
[2022-08-06 22:25:13,819] {taskinstance.py:1397} INFO - Executing <Task(BashOperator): first_task> on 2022-07-27 00:00:00+00:00
[2022-08-06 22:25:13,826] {standard_task_runner.py:52} INFO - Started process 3533 to run task
[2022-08-06 22:25:13,829] {standard_task_runner.py:79} INFO - Running: ['***', 'tasks', 'run', 'our_first_dag_v5', 'first_task', 'scheduled__2022-07-27T00:00:00+00:00', '--job-id', '1086', '--raw', '--subdir', 'DAGS_FOLDER/pipeline.py', '--cfg-path', '/tmp/tmpvcmzcodt', '--error-file', '/tmp/tmpmp9chqd0']
[2022-08-06 22:25:13,829] {standard_task_runner.py:80} INFO - Job 1086: Subtask first_task
[2022-08-06 22:25:13,932] {task_command.py:371} INFO - Running <TaskInstance: our_first_dag_v5.first_task scheduled__2022-07-27T00:00:00+00:00 [running]> on host b215076695c3
[2022-08-06 22:25:14,041] {taskinstance.py:1591} INFO - Exporting the following env vars:
AIRFLOW_CTX_DAG_OWNER=coder2j
AIRFLOW_CTX_DAG_ID=our_first_dag_v5
AIRFLOW_CTX_TASK_ID=first_task
AIRFLOW_CTX_EXECUTION_DATE=2022-07-27T00:00:00+00:00
AIRFLOW_CTX_TRY_NUMBER=1
AIRFLOW_CTX_DAG_RUN_ID=scheduled__2022-07-27T00:00:00+00:00
[2022-08-06 22:25:14,041] {subprocess.py:62} INFO - Tmp dir root location: 
 /tmp
[2022-08-06 22:25:14,042] {subprocess.py:74} INFO - Running command: ['bash', '-c', 'echo hello world, this is the first task!']
[2022-08-06 22:25:14,058] {subprocess.py:85} INFO - Output:
[2022-08-06 22:25:14,060] {subprocess.py:92} INFO - hello world, this is the first task!
[2022-08-06 22:25:14,060] {subprocess.py:96} INFO - Command exited with return code 0
[2022-08-06 22:25:14,130] {taskinstance.py:1420} INFO - Marking task as SUCCESS. dag_id=our_first_dag_v5, task_id=first_task, execution_date=20220727T000000, start_date=20220806T222513, end_date=20220806T222514
[2022-08-06 22:25:14,161] {local_task_job.py:156} INFO - Task exited with return code 0
[2022-08-06 22:25:14,217] {local_task_job.py:273} INFO - 2 downstream tasks scheduled from follow-on schedule check
