[2022-08-06 19:37:22,730] {taskinstance.py:1179} INFO - Dependencies all met for <TaskInstance: our_first_dag_v5.second_task scheduled__2021-12-10T00:00:00+00:00 [queued]>
[2022-08-06 19:37:22,747] {taskinstance.py:1179} INFO - Dependencies all met for <TaskInstance: our_first_dag_v5.second_task scheduled__2021-12-10T00:00:00+00:00 [queued]>
[2022-08-06 19:37:22,747] {taskinstance.py:1376} INFO - 
--------------------------------------------------------------------------------
[2022-08-06 19:37:22,747] {taskinstance.py:1377} INFO - Starting attempt 1 of 6
[2022-08-06 19:37:22,747] {taskinstance.py:1378} INFO - 
--------------------------------------------------------------------------------
[2022-08-06 19:37:22,767] {taskinstance.py:1397} INFO - Executing <Task(BashOperator): second_task> on 2021-12-10 00:00:00+00:00
[2022-08-06 19:37:22,773] {standard_task_runner.py:52} INFO - Started process 1361 to run task
[2022-08-06 19:37:22,776] {standard_task_runner.py:79} INFO - Running: ['***', 'tasks', 'run', 'our_first_dag_v5', 'second_task', 'scheduled__2021-12-10T00:00:00+00:00', '--job-id', '405', '--raw', '--subdir', 'DAGS_FOLDER/pipeline.py', '--cfg-path', '/tmp/tmpa7srhu3k', '--error-file', '/tmp/tmp4p1r82_q']
[2022-08-06 19:37:22,776] {standard_task_runner.py:80} INFO - Job 405: Subtask second_task
[2022-08-06 19:37:22,845] {task_command.py:371} INFO - Running <TaskInstance: our_first_dag_v5.second_task scheduled__2021-12-10T00:00:00+00:00 [running]> on host b29c168c1666
[2022-08-06 19:37:22,976] {taskinstance.py:1591} INFO - Exporting the following env vars:
AIRFLOW_CTX_DAG_OWNER=coder2j
AIRFLOW_CTX_DAG_ID=our_first_dag_v5
AIRFLOW_CTX_TASK_ID=second_task
AIRFLOW_CTX_EXECUTION_DATE=2021-12-10T00:00:00+00:00
AIRFLOW_CTX_TRY_NUMBER=1
AIRFLOW_CTX_DAG_RUN_ID=scheduled__2021-12-10T00:00:00+00:00
[2022-08-06 19:37:22,977] {subprocess.py:62} INFO - Tmp dir root location: 
 /tmp
[2022-08-06 19:37:22,978] {subprocess.py:74} INFO - Running command: ['bash', '-c', 'echo hey, I am task2 and will be running after task1!']
[2022-08-06 19:37:22,995] {subprocess.py:85} INFO - Output:
[2022-08-06 19:37:22,997] {subprocess.py:92} INFO - hey, I am task2 and will be running after task1!
[2022-08-06 19:37:22,998] {subprocess.py:96} INFO - Command exited with return code 0
[2022-08-06 19:37:23,045] {taskinstance.py:1420} INFO - Marking task as SUCCESS. dag_id=our_first_dag_v5, task_id=second_task, execution_date=20211210T000000, start_date=20220806T193722, end_date=20220806T193723
[2022-08-06 19:37:23,107] {local_task_job.py:156} INFO - Task exited with return code 0
[2022-08-06 19:37:23,143] {local_task_job.py:273} INFO - 0 downstream tasks scheduled from follow-on schedule check
[2022-08-06 21:51:19,212] {taskinstance.py:1179} INFO - Dependencies all met for <TaskInstance: our_first_dag_v5.second_task scheduled__2021-12-10T00:00:00+00:00 [queued]>
[2022-08-06 21:51:19,229] {taskinstance.py:1179} INFO - Dependencies all met for <TaskInstance: our_first_dag_v5.second_task scheduled__2021-12-10T00:00:00+00:00 [queued]>
[2022-08-06 21:51:19,229] {taskinstance.py:1376} INFO - 
--------------------------------------------------------------------------------
[2022-08-06 21:51:19,229] {taskinstance.py:1377} INFO - Starting attempt 1 of 6
[2022-08-06 21:51:19,230] {taskinstance.py:1378} INFO - 
--------------------------------------------------------------------------------
[2022-08-06 21:51:19,251] {taskinstance.py:1397} INFO - Executing <Task(BashOperator): second_task> on 2021-12-10 00:00:00+00:00
[2022-08-06 21:51:19,260] {standard_task_runner.py:52} INFO - Started process 1561 to run task
[2022-08-06 21:51:19,263] {standard_task_runner.py:79} INFO - Running: ['***', 'tasks', 'run', 'our_first_dag_v5', 'second_task', 'scheduled__2021-12-10T00:00:00+00:00', '--job-id', '410', '--raw', '--subdir', 'DAGS_FOLDER/pipeline.py', '--cfg-path', '/tmp/tmpz98_dbc5', '--error-file', '/tmp/tmp92cvq7ey']
[2022-08-06 21:51:19,264] {standard_task_runner.py:80} INFO - Job 410: Subtask second_task
[2022-08-06 21:51:19,353] {task_command.py:371} INFO - Running <TaskInstance: our_first_dag_v5.second_task scheduled__2021-12-10T00:00:00+00:00 [running]> on host c3f731879890
[2022-08-06 21:51:19,458] {taskinstance.py:1591} INFO - Exporting the following env vars:
AIRFLOW_CTX_DAG_OWNER=coder2j
AIRFLOW_CTX_DAG_ID=our_first_dag_v5
AIRFLOW_CTX_TASK_ID=second_task
AIRFLOW_CTX_EXECUTION_DATE=2021-12-10T00:00:00+00:00
AIRFLOW_CTX_TRY_NUMBER=1
AIRFLOW_CTX_DAG_RUN_ID=scheduled__2021-12-10T00:00:00+00:00
[2022-08-06 21:51:19,459] {subprocess.py:62} INFO - Tmp dir root location: 
 /tmp
[2022-08-06 21:51:19,459] {subprocess.py:74} INFO - Running command: ['bash', '-c', 'echo hey, I am task2 and will be running after task1!']
[2022-08-06 21:51:19,473] {subprocess.py:85} INFO - Output:
[2022-08-06 21:51:19,475] {subprocess.py:92} INFO - hey, I am task2 and will be running after task1!
[2022-08-06 21:51:19,475] {subprocess.py:96} INFO - Command exited with return code 0
[2022-08-06 21:51:19,532] {taskinstance.py:1420} INFO - Marking task as SUCCESS. dag_id=our_first_dag_v5, task_id=second_task, execution_date=20211210T000000, start_date=20220806T215119, end_date=20220806T215119
[2022-08-06 21:51:19,561] {local_task_job.py:156} INFO - Task exited with return code 0
[2022-08-06 21:51:19,642] {local_task_job.py:273} INFO - 0 downstream tasks scheduled from follow-on schedule check
[2022-08-06 21:56:42,480] {taskinstance.py:1179} INFO - Dependencies all met for <TaskInstance: our_first_dag_v5.second_task scheduled__2021-12-10T00:00:00+00:00 [queued]>
[2022-08-06 21:56:42,496] {taskinstance.py:1179} INFO - Dependencies all met for <TaskInstance: our_first_dag_v5.second_task scheduled__2021-12-10T00:00:00+00:00 [queued]>
[2022-08-06 21:56:42,496] {taskinstance.py:1376} INFO - 
--------------------------------------------------------------------------------
[2022-08-06 21:56:42,496] {taskinstance.py:1377} INFO - Starting attempt 1 of 6
[2022-08-06 21:56:42,496] {taskinstance.py:1378} INFO - 
--------------------------------------------------------------------------------
[2022-08-06 21:56:42,518] {taskinstance.py:1397} INFO - Executing <Task(BashOperator): second_task> on 2021-12-10 00:00:00+00:00
[2022-08-06 21:56:42,526] {standard_task_runner.py:52} INFO - Started process 1352 to run task
[2022-08-06 21:56:42,529] {standard_task_runner.py:79} INFO - Running: ['***', 'tasks', 'run', 'our_first_dag_v5', 'second_task', 'scheduled__2021-12-10T00:00:00+00:00', '--job-id', '407', '--raw', '--subdir', 'DAGS_FOLDER/pipeline.py', '--cfg-path', '/tmp/tmpodm_uokl', '--error-file', '/tmp/tmp3huvwju8']
[2022-08-06 21:56:42,530] {standard_task_runner.py:80} INFO - Job 407: Subtask second_task
[2022-08-06 21:56:42,603] {task_command.py:371} INFO - Running <TaskInstance: our_first_dag_v5.second_task scheduled__2021-12-10T00:00:00+00:00 [running]> on host bc7e154a4fdd
[2022-08-06 21:56:42,696] {taskinstance.py:1591} INFO - Exporting the following env vars:
AIRFLOW_CTX_DAG_OWNER=coder2j
AIRFLOW_CTX_DAG_ID=our_first_dag_v5
AIRFLOW_CTX_TASK_ID=second_task
AIRFLOW_CTX_EXECUTION_DATE=2021-12-10T00:00:00+00:00
AIRFLOW_CTX_TRY_NUMBER=1
AIRFLOW_CTX_DAG_RUN_ID=scheduled__2021-12-10T00:00:00+00:00
[2022-08-06 21:56:42,697] {subprocess.py:62} INFO - Tmp dir root location: 
 /tmp
[2022-08-06 21:56:42,698] {subprocess.py:74} INFO - Running command: ['bash', '-c', 'echo hey, I am task2 and will be running after task1!']
[2022-08-06 21:56:42,712] {subprocess.py:85} INFO - Output:
[2022-08-06 21:56:42,714] {subprocess.py:92} INFO - hey, I am task2 and will be running after task1!
[2022-08-06 21:56:42,714] {subprocess.py:96} INFO - Command exited with return code 0
[2022-08-06 21:56:42,752] {taskinstance.py:1420} INFO - Marking task as SUCCESS. dag_id=our_first_dag_v5, task_id=second_task, execution_date=20211210T000000, start_date=20220806T215642, end_date=20220806T215642
[2022-08-06 21:56:42,781] {local_task_job.py:156} INFO - Task exited with return code 0
[2022-08-06 21:56:42,824] {local_task_job.py:273} INFO - 0 downstream tasks scheduled from follow-on schedule check
[2022-08-06 22:11:46,855] {taskinstance.py:1179} INFO - Dependencies all met for <TaskInstance: our_first_dag_v5.second_task scheduled__2021-12-10T00:00:00+00:00 [queued]>
[2022-08-06 22:11:46,876] {taskinstance.py:1179} INFO - Dependencies all met for <TaskInstance: our_first_dag_v5.second_task scheduled__2021-12-10T00:00:00+00:00 [queued]>
[2022-08-06 22:11:46,876] {taskinstance.py:1376} INFO - 
--------------------------------------------------------------------------------
[2022-08-06 22:11:46,877] {taskinstance.py:1377} INFO - Starting attempt 1 of 6
[2022-08-06 22:11:46,877] {taskinstance.py:1378} INFO - 
--------------------------------------------------------------------------------
[2022-08-06 22:11:46,908] {taskinstance.py:1397} INFO - Executing <Task(BashOperator): second_task> on 2021-12-10 00:00:00+00:00
[2022-08-06 22:11:46,916] {standard_task_runner.py:52} INFO - Started process 1364 to run task
[2022-08-06 22:11:46,920] {standard_task_runner.py:79} INFO - Running: ['***', 'tasks', 'run', 'our_first_dag_v5', 'second_task', 'scheduled__2021-12-10T00:00:00+00:00', '--job-id', '408', '--raw', '--subdir', 'DAGS_FOLDER/pipeline.py', '--cfg-path', '/tmp/tmpn0zdrc00', '--error-file', '/tmp/tmp530ifyg0']
[2022-08-06 22:11:46,920] {standard_task_runner.py:80} INFO - Job 408: Subtask second_task
[2022-08-06 22:11:47,000] {task_command.py:371} INFO - Running <TaskInstance: our_first_dag_v5.second_task scheduled__2021-12-10T00:00:00+00:00 [running]> on host 1250c3b659cd
[2022-08-06 22:11:47,098] {taskinstance.py:1591} INFO - Exporting the following env vars:
AIRFLOW_CTX_DAG_OWNER=coder2j
AIRFLOW_CTX_DAG_ID=our_first_dag_v5
AIRFLOW_CTX_TASK_ID=second_task
AIRFLOW_CTX_EXECUTION_DATE=2021-12-10T00:00:00+00:00
AIRFLOW_CTX_TRY_NUMBER=1
AIRFLOW_CTX_DAG_RUN_ID=scheduled__2021-12-10T00:00:00+00:00
[2022-08-06 22:11:47,099] {subprocess.py:62} INFO - Tmp dir root location: 
 /tmp
[2022-08-06 22:11:47,099] {subprocess.py:74} INFO - Running command: ['bash', '-c', 'echo hey, I am task2 and will be running after task1!']
[2022-08-06 22:11:47,114] {subprocess.py:85} INFO - Output:
[2022-08-06 22:11:47,116] {subprocess.py:92} INFO - hey, I am task2 and will be running after task1!
[2022-08-06 22:11:47,117] {subprocess.py:96} INFO - Command exited with return code 0
[2022-08-06 22:11:47,156] {taskinstance.py:1420} INFO - Marking task as SUCCESS. dag_id=our_first_dag_v5, task_id=second_task, execution_date=20211210T000000, start_date=20220806T221146, end_date=20220806T221147
[2022-08-06 22:11:47,216] {local_task_job.py:156} INFO - Task exited with return code 0
[2022-08-06 22:11:47,285] {local_task_job.py:273} INFO - 0 downstream tasks scheduled from follow-on schedule check
[2022-08-06 22:23:04,211] {taskinstance.py:1179} INFO - Dependencies all met for <TaskInstance: our_first_dag_v5.second_task scheduled__2021-12-10T00:00:00+00:00 [queued]>
[2022-08-06 22:23:04,235] {taskinstance.py:1179} INFO - Dependencies all met for <TaskInstance: our_first_dag_v5.second_task scheduled__2021-12-10T00:00:00+00:00 [queued]>
[2022-08-06 22:23:04,235] {taskinstance.py:1376} INFO - 
--------------------------------------------------------------------------------
[2022-08-06 22:23:04,235] {taskinstance.py:1377} INFO - Starting attempt 1 of 6
[2022-08-06 22:23:04,235] {taskinstance.py:1378} INFO - 
--------------------------------------------------------------------------------
[2022-08-06 22:23:04,251] {taskinstance.py:1397} INFO - Executing <Task(BashOperator): second_task> on 2021-12-10 00:00:00+00:00
[2022-08-06 22:23:04,266] {standard_task_runner.py:52} INFO - Started process 1399 to run task
[2022-08-06 22:23:04,272] {standard_task_runner.py:79} INFO - Running: ['***', 'tasks', 'run', 'our_first_dag_v5', 'second_task', 'scheduled__2021-12-10T00:00:00+00:00', '--job-id', '406', '--raw', '--subdir', 'DAGS_FOLDER/pipeline.py', '--cfg-path', '/tmp/tmpt9lygjbh', '--error-file', '/tmp/tmp2mblo2w3']
[2022-08-06 22:23:04,272] {standard_task_runner.py:80} INFO - Job 406: Subtask second_task
[2022-08-06 22:23:04,396] {task_command.py:371} INFO - Running <TaskInstance: our_first_dag_v5.second_task scheduled__2021-12-10T00:00:00+00:00 [running]> on host b215076695c3
[2022-08-06 22:23:04,503] {taskinstance.py:1591} INFO - Exporting the following env vars:
AIRFLOW_CTX_DAG_OWNER=coder2j
AIRFLOW_CTX_DAG_ID=our_first_dag_v5
AIRFLOW_CTX_TASK_ID=second_task
AIRFLOW_CTX_EXECUTION_DATE=2021-12-10T00:00:00+00:00
AIRFLOW_CTX_TRY_NUMBER=1
AIRFLOW_CTX_DAG_RUN_ID=scheduled__2021-12-10T00:00:00+00:00
[2022-08-06 22:23:04,504] {subprocess.py:62} INFO - Tmp dir root location: 
 /tmp
[2022-08-06 22:23:04,505] {subprocess.py:74} INFO - Running command: ['bash', '-c', 'echo hey, I am task2 and will be running after task1!']
[2022-08-06 22:23:04,520] {subprocess.py:85} INFO - Output:
[2022-08-06 22:23:04,522] {subprocess.py:92} INFO - hey, I am task2 and will be running after task1!
[2022-08-06 22:23:04,522] {subprocess.py:96} INFO - Command exited with return code 0
[2022-08-06 22:23:04,588] {taskinstance.py:1420} INFO - Marking task as SUCCESS. dag_id=our_first_dag_v5, task_id=second_task, execution_date=20211210T000000, start_date=20220806T222304, end_date=20220806T222304
[2022-08-06 22:23:04,642] {local_task_job.py:156} INFO - Task exited with return code 0
[2022-08-06 22:23:04,700] {local_task_job.py:273} INFO - 0 downstream tasks scheduled from follow-on schedule check
