[2022-08-06 19:37:35,680] {taskinstance.py:1179} INFO - Dependencies all met for <TaskInstance: our_first_dag_v5.first_task scheduled__2021-12-29T00:00:00+00:00 [queued]>
[2022-08-06 19:37:35,692] {taskinstance.py:1179} INFO - Dependencies all met for <TaskInstance: our_first_dag_v5.first_task scheduled__2021-12-29T00:00:00+00:00 [queued]>
[2022-08-06 19:37:35,692] {taskinstance.py:1376} INFO - 
--------------------------------------------------------------------------------
[2022-08-06 19:37:35,693] {taskinstance.py:1377} INFO - Starting attempt 1 of 6
[2022-08-06 19:37:35,693] {taskinstance.py:1378} INFO - 
--------------------------------------------------------------------------------
[2022-08-06 19:37:35,709] {taskinstance.py:1397} INFO - Executing <Task(BashOperator): first_task> on 2021-12-29 00:00:00+00:00
[2022-08-06 19:37:35,715] {standard_task_runner.py:52} INFO - Started process 1518 to run task
[2022-08-06 19:37:35,717] {standard_task_runner.py:79} INFO - Running: ['***', 'tasks', 'run', 'our_first_dag_v5', 'first_task', 'scheduled__2021-12-29T00:00:00+00:00', '--job-id', '455', '--raw', '--subdir', 'DAGS_FOLDER/pipeline.py', '--cfg-path', '/tmp/tmpj9v9lcaj', '--error-file', '/tmp/tmprdiuq1co']
[2022-08-06 19:37:35,717] {standard_task_runner.py:80} INFO - Job 455: Subtask first_task
[2022-08-06 19:37:35,784] {task_command.py:371} INFO - Running <TaskInstance: our_first_dag_v5.first_task scheduled__2021-12-29T00:00:00+00:00 [running]> on host b29c168c1666
[2022-08-06 19:37:35,889] {taskinstance.py:1591} INFO - Exporting the following env vars:
AIRFLOW_CTX_DAG_OWNER=coder2j
AIRFLOW_CTX_DAG_ID=our_first_dag_v5
AIRFLOW_CTX_TASK_ID=first_task
AIRFLOW_CTX_EXECUTION_DATE=2021-12-29T00:00:00+00:00
AIRFLOW_CTX_TRY_NUMBER=1
AIRFLOW_CTX_DAG_RUN_ID=scheduled__2021-12-29T00:00:00+00:00
[2022-08-06 19:37:35,890] {subprocess.py:62} INFO - Tmp dir root location: 
 /tmp
[2022-08-06 19:37:35,890] {subprocess.py:74} INFO - Running command: ['bash', '-c', 'echo hello world, this is the first task!']
[2022-08-06 19:37:35,908] {subprocess.py:85} INFO - Output:
[2022-08-06 19:37:35,910] {subprocess.py:92} INFO - hello world, this is the first task!
[2022-08-06 19:37:35,911] {subprocess.py:96} INFO - Command exited with return code 0
[2022-08-06 19:37:35,981] {taskinstance.py:1420} INFO - Marking task as SUCCESS. dag_id=our_first_dag_v5, task_id=first_task, execution_date=20211229T000000, start_date=20220806T193735, end_date=20220806T193735
[2022-08-06 19:37:36,009] {local_task_job.py:156} INFO - Task exited with return code 0
[2022-08-06 19:37:36,046] {local_task_job.py:273} INFO - 2 downstream tasks scheduled from follow-on schedule check
[2022-08-06 21:51:26,418] {taskinstance.py:1179} INFO - Dependencies all met for <TaskInstance: our_first_dag_v5.first_task scheduled__2021-12-29T00:00:00+00:00 [queued]>
[2022-08-06 21:51:26,434] {taskinstance.py:1179} INFO - Dependencies all met for <TaskInstance: our_first_dag_v5.first_task scheduled__2021-12-29T00:00:00+00:00 [queued]>
[2022-08-06 21:51:26,434] {taskinstance.py:1376} INFO - 
--------------------------------------------------------------------------------
[2022-08-06 21:51:26,434] {taskinstance.py:1377} INFO - Starting attempt 1 of 6
[2022-08-06 21:51:26,434] {taskinstance.py:1378} INFO - 
--------------------------------------------------------------------------------
[2022-08-06 21:51:26,453] {taskinstance.py:1397} INFO - Executing <Task(BashOperator): first_task> on 2021-12-29 00:00:00+00:00
[2022-08-06 21:51:26,461] {standard_task_runner.py:52} INFO - Started process 1704 to run task
[2022-08-06 21:51:26,463] {standard_task_runner.py:79} INFO - Running: ['***', 'tasks', 'run', 'our_first_dag_v5', 'first_task', 'scheduled__2021-12-29T00:00:00+00:00', '--job-id', '453', '--raw', '--subdir', 'DAGS_FOLDER/pipeline.py', '--cfg-path', '/tmp/tmp5yjkf6nr', '--error-file', '/tmp/tmp9eru6kb_']
[2022-08-06 21:51:26,464] {standard_task_runner.py:80} INFO - Job 453: Subtask first_task
[2022-08-06 21:51:26,533] {task_command.py:371} INFO - Running <TaskInstance: our_first_dag_v5.first_task scheduled__2021-12-29T00:00:00+00:00 [running]> on host c3f731879890
[2022-08-06 21:51:26,631] {taskinstance.py:1591} INFO - Exporting the following env vars:
AIRFLOW_CTX_DAG_OWNER=coder2j
AIRFLOW_CTX_DAG_ID=our_first_dag_v5
AIRFLOW_CTX_TASK_ID=first_task
AIRFLOW_CTX_EXECUTION_DATE=2021-12-29T00:00:00+00:00
AIRFLOW_CTX_TRY_NUMBER=1
AIRFLOW_CTX_DAG_RUN_ID=scheduled__2021-12-29T00:00:00+00:00
[2022-08-06 21:51:26,632] {subprocess.py:62} INFO - Tmp dir root location: 
 /tmp
[2022-08-06 21:51:26,633] {subprocess.py:74} INFO - Running command: ['bash', '-c', 'echo hello world, this is the first task!']
[2022-08-06 21:51:26,650] {subprocess.py:85} INFO - Output:
[2022-08-06 21:51:26,652] {subprocess.py:92} INFO - hello world, this is the first task!
[2022-08-06 21:51:26,652] {subprocess.py:96} INFO - Command exited with return code 0
[2022-08-06 21:51:26,692] {taskinstance.py:1420} INFO - Marking task as SUCCESS. dag_id=our_first_dag_v5, task_id=first_task, execution_date=20211229T000000, start_date=20220806T215126, end_date=20220806T215126
[2022-08-06 21:51:26,715] {local_task_job.py:156} INFO - Task exited with return code 0
[2022-08-06 21:51:26,756] {local_task_job.py:273} INFO - 2 downstream tasks scheduled from follow-on schedule check
[2022-08-06 21:56:51,802] {taskinstance.py:1179} INFO - Dependencies all met for <TaskInstance: our_first_dag_v5.first_task scheduled__2021-12-29T00:00:00+00:00 [queued]>
[2022-08-06 21:56:51,817] {taskinstance.py:1179} INFO - Dependencies all met for <TaskInstance: our_first_dag_v5.first_task scheduled__2021-12-29T00:00:00+00:00 [queued]>
[2022-08-06 21:56:51,817] {taskinstance.py:1376} INFO - 
--------------------------------------------------------------------------------
[2022-08-06 21:56:51,817] {taskinstance.py:1377} INFO - Starting attempt 1 of 6
[2022-08-06 21:56:51,817] {taskinstance.py:1378} INFO - 
--------------------------------------------------------------------------------
[2022-08-06 21:56:51,834] {taskinstance.py:1397} INFO - Executing <Task(BashOperator): first_task> on 2021-12-29 00:00:00+00:00
[2022-08-06 21:56:51,849] {standard_task_runner.py:52} INFO - Started process 1499 to run task
[2022-08-06 21:56:51,853] {standard_task_runner.py:79} INFO - Running: ['***', 'tasks', 'run', 'our_first_dag_v5', 'first_task', 'scheduled__2021-12-29T00:00:00+00:00', '--job-id', '455', '--raw', '--subdir', 'DAGS_FOLDER/pipeline.py', '--cfg-path', '/tmp/tmp3x8ro6yz', '--error-file', '/tmp/tmpsxs3vv2u']
[2022-08-06 21:56:51,853] {standard_task_runner.py:80} INFO - Job 455: Subtask first_task
[2022-08-06 21:56:51,926] {task_command.py:371} INFO - Running <TaskInstance: our_first_dag_v5.first_task scheduled__2021-12-29T00:00:00+00:00 [running]> on host bc7e154a4fdd
[2022-08-06 21:56:52,020] {taskinstance.py:1591} INFO - Exporting the following env vars:
AIRFLOW_CTX_DAG_OWNER=coder2j
AIRFLOW_CTX_DAG_ID=our_first_dag_v5
AIRFLOW_CTX_TASK_ID=first_task
AIRFLOW_CTX_EXECUTION_DATE=2021-12-29T00:00:00+00:00
AIRFLOW_CTX_TRY_NUMBER=1
AIRFLOW_CTX_DAG_RUN_ID=scheduled__2021-12-29T00:00:00+00:00
[2022-08-06 21:56:52,021] {subprocess.py:62} INFO - Tmp dir root location: 
 /tmp
[2022-08-06 21:56:52,022] {subprocess.py:74} INFO - Running command: ['bash', '-c', 'echo hello world, this is the first task!']
[2022-08-06 21:56:52,034] {subprocess.py:85} INFO - Output:
[2022-08-06 21:56:52,036] {subprocess.py:92} INFO - hello world, this is the first task!
[2022-08-06 21:56:52,036] {subprocess.py:96} INFO - Command exited with return code 0
[2022-08-06 21:56:52,070] {taskinstance.py:1420} INFO - Marking task as SUCCESS. dag_id=our_first_dag_v5, task_id=first_task, execution_date=20211229T000000, start_date=20220806T215651, end_date=20220806T215652
[2022-08-06 21:56:52,103] {local_task_job.py:156} INFO - Task exited with return code 0
[2022-08-06 21:56:52,180] {local_task_job.py:273} INFO - 2 downstream tasks scheduled from follow-on schedule check
[2022-08-06 22:11:56,154] {taskinstance.py:1179} INFO - Dependencies all met for <TaskInstance: our_first_dag_v5.first_task scheduled__2021-12-29T00:00:00+00:00 [queued]>
[2022-08-06 22:11:56,167] {taskinstance.py:1179} INFO - Dependencies all met for <TaskInstance: our_first_dag_v5.first_task scheduled__2021-12-29T00:00:00+00:00 [queued]>
[2022-08-06 22:11:56,167] {taskinstance.py:1376} INFO - 
--------------------------------------------------------------------------------
[2022-08-06 22:11:56,167] {taskinstance.py:1377} INFO - Starting attempt 1 of 6
[2022-08-06 22:11:56,167] {taskinstance.py:1378} INFO - 
--------------------------------------------------------------------------------
[2022-08-06 22:11:56,187] {taskinstance.py:1397} INFO - Executing <Task(BashOperator): first_task> on 2021-12-29 00:00:00+00:00
[2022-08-06 22:11:56,194] {standard_task_runner.py:52} INFO - Started process 1507 to run task
[2022-08-06 22:11:56,197] {standard_task_runner.py:79} INFO - Running: ['***', 'tasks', 'run', 'our_first_dag_v5', 'first_task', 'scheduled__2021-12-29T00:00:00+00:00', '--job-id', '453', '--raw', '--subdir', 'DAGS_FOLDER/pipeline.py', '--cfg-path', '/tmp/tmplvplbb14', '--error-file', '/tmp/tmpt0dwa21i']
[2022-08-06 22:11:56,197] {standard_task_runner.py:80} INFO - Job 453: Subtask first_task
[2022-08-06 22:11:56,262] {task_command.py:371} INFO - Running <TaskInstance: our_first_dag_v5.first_task scheduled__2021-12-29T00:00:00+00:00 [running]> on host 1250c3b659cd
[2022-08-06 22:11:56,355] {taskinstance.py:1591} INFO - Exporting the following env vars:
AIRFLOW_CTX_DAG_OWNER=coder2j
AIRFLOW_CTX_DAG_ID=our_first_dag_v5
AIRFLOW_CTX_TASK_ID=first_task
AIRFLOW_CTX_EXECUTION_DATE=2021-12-29T00:00:00+00:00
AIRFLOW_CTX_TRY_NUMBER=1
AIRFLOW_CTX_DAG_RUN_ID=scheduled__2021-12-29T00:00:00+00:00
[2022-08-06 22:11:56,356] {subprocess.py:62} INFO - Tmp dir root location: 
 /tmp
[2022-08-06 22:11:56,357] {subprocess.py:74} INFO - Running command: ['bash', '-c', 'echo hello world, this is the first task!']
[2022-08-06 22:11:56,375] {subprocess.py:85} INFO - Output:
[2022-08-06 22:11:56,377] {subprocess.py:92} INFO - hello world, this is the first task!
[2022-08-06 22:11:56,378] {subprocess.py:96} INFO - Command exited with return code 0
[2022-08-06 22:11:56,416] {taskinstance.py:1420} INFO - Marking task as SUCCESS. dag_id=our_first_dag_v5, task_id=first_task, execution_date=20211229T000000, start_date=20220806T221156, end_date=20220806T221156
[2022-08-06 22:11:56,450] {local_task_job.py:156} INFO - Task exited with return code 0
[2022-08-06 22:11:56,509] {local_task_job.py:273} INFO - 2 downstream tasks scheduled from follow-on schedule check
[2022-08-06 22:23:16,445] {taskinstance.py:1179} INFO - Dependencies all met for <TaskInstance: our_first_dag_v5.first_task scheduled__2021-12-29T00:00:00+00:00 [queued]>
[2022-08-06 22:23:16,460] {taskinstance.py:1179} INFO - Dependencies all met for <TaskInstance: our_first_dag_v5.first_task scheduled__2021-12-29T00:00:00+00:00 [queued]>
[2022-08-06 22:23:16,461] {taskinstance.py:1376} INFO - 
--------------------------------------------------------------------------------
[2022-08-06 22:23:16,461] {taskinstance.py:1377} INFO - Starting attempt 1 of 6
[2022-08-06 22:23:16,461] {taskinstance.py:1378} INFO - 
--------------------------------------------------------------------------------
[2022-08-06 22:23:16,479] {taskinstance.py:1397} INFO - Executing <Task(BashOperator): first_task> on 2021-12-29 00:00:00+00:00
[2022-08-06 22:23:16,486] {standard_task_runner.py:52} INFO - Started process 1554 to run task
[2022-08-06 22:23:16,488] {standard_task_runner.py:79} INFO - Running: ['***', 'tasks', 'run', 'our_first_dag_v5', 'first_task', 'scheduled__2021-12-29T00:00:00+00:00', '--job-id', '455', '--raw', '--subdir', 'DAGS_FOLDER/pipeline.py', '--cfg-path', '/tmp/tmpnkjs5xal', '--error-file', '/tmp/tmpyqrz4hsw']
[2022-08-06 22:23:16,489] {standard_task_runner.py:80} INFO - Job 455: Subtask first_task
[2022-08-06 22:23:16,587] {task_command.py:371} INFO - Running <TaskInstance: our_first_dag_v5.first_task scheduled__2021-12-29T00:00:00+00:00 [running]> on host b215076695c3
[2022-08-06 22:23:16,700] {taskinstance.py:1591} INFO - Exporting the following env vars:
AIRFLOW_CTX_DAG_OWNER=coder2j
AIRFLOW_CTX_DAG_ID=our_first_dag_v5
AIRFLOW_CTX_TASK_ID=first_task
AIRFLOW_CTX_EXECUTION_DATE=2021-12-29T00:00:00+00:00
AIRFLOW_CTX_TRY_NUMBER=1
AIRFLOW_CTX_DAG_RUN_ID=scheduled__2021-12-29T00:00:00+00:00
[2022-08-06 22:23:16,701] {subprocess.py:62} INFO - Tmp dir root location: 
 /tmp
[2022-08-06 22:23:16,702] {subprocess.py:74} INFO - Running command: ['bash', '-c', 'echo hello world, this is the first task!']
[2022-08-06 22:23:16,719] {subprocess.py:85} INFO - Output:
[2022-08-06 22:23:16,721] {subprocess.py:92} INFO - hello world, this is the first task!
[2022-08-06 22:23:16,721] {subprocess.py:96} INFO - Command exited with return code 0
[2022-08-06 22:23:16,853] {taskinstance.py:1420} INFO - Marking task as SUCCESS. dag_id=our_first_dag_v5, task_id=first_task, execution_date=20211229T000000, start_date=20220806T222316, end_date=20220806T222316
[2022-08-06 22:23:16,901] {local_task_job.py:156} INFO - Task exited with return code 0
[2022-08-06 22:23:16,955] {local_task_job.py:273} INFO - 2 downstream tasks scheduled from follow-on schedule check
