[2022-08-06 19:37:26,020] {taskinstance.py:1179} INFO - Dependencies all met for <TaskInstance: our_first_dag_v5.first_task scheduled__2021-12-16T00:00:00+00:00 [queued]>
[2022-08-06 19:37:26,042] {taskinstance.py:1179} INFO - Dependencies all met for <TaskInstance: our_first_dag_v5.first_task scheduled__2021-12-16T00:00:00+00:00 [queued]>
[2022-08-06 19:37:26,042] {taskinstance.py:1376} INFO - 
--------------------------------------------------------------------------------
[2022-08-06 19:37:26,042] {taskinstance.py:1377} INFO - Starting attempt 1 of 6
[2022-08-06 19:37:26,043] {taskinstance.py:1378} INFO - 
--------------------------------------------------------------------------------
[2022-08-06 19:37:26,070] {taskinstance.py:1397} INFO - Executing <Task(BashOperator): first_task> on 2021-12-16 00:00:00+00:00
[2022-08-06 19:37:26,078] {standard_task_runner.py:52} INFO - Started process 1394 to run task
[2022-08-06 19:37:26,082] {standard_task_runner.py:79} INFO - Running: ['***', 'tasks', 'run', 'our_first_dag_v5', 'first_task', 'scheduled__2021-12-16T00:00:00+00:00', '--job-id', '414', '--raw', '--subdir', 'DAGS_FOLDER/pipeline.py', '--cfg-path', '/tmp/tmppn7ma6f1', '--error-file', '/tmp/tmp9c3pji3n']
[2022-08-06 19:37:26,082] {standard_task_runner.py:80} INFO - Job 414: Subtask first_task
[2022-08-06 19:37:26,167] {task_command.py:371} INFO - Running <TaskInstance: our_first_dag_v5.first_task scheduled__2021-12-16T00:00:00+00:00 [running]> on host b29c168c1666
[2022-08-06 19:37:26,274] {taskinstance.py:1591} INFO - Exporting the following env vars:
AIRFLOW_CTX_DAG_OWNER=coder2j
AIRFLOW_CTX_DAG_ID=our_first_dag_v5
AIRFLOW_CTX_TASK_ID=first_task
AIRFLOW_CTX_EXECUTION_DATE=2021-12-16T00:00:00+00:00
AIRFLOW_CTX_TRY_NUMBER=1
AIRFLOW_CTX_DAG_RUN_ID=scheduled__2021-12-16T00:00:00+00:00
[2022-08-06 19:37:26,275] {subprocess.py:62} INFO - Tmp dir root location: 
 /tmp
[2022-08-06 19:37:26,275] {subprocess.py:74} INFO - Running command: ['bash', '-c', 'echo hello world, this is the first task!']
[2022-08-06 19:37:26,292] {subprocess.py:85} INFO - Output:
[2022-08-06 19:37:26,293] {subprocess.py:92} INFO - hello world, this is the first task!
[2022-08-06 19:37:26,294] {subprocess.py:96} INFO - Command exited with return code 0
[2022-08-06 19:37:26,334] {taskinstance.py:1420} INFO - Marking task as SUCCESS. dag_id=our_first_dag_v5, task_id=first_task, execution_date=20211216T000000, start_date=20220806T193726, end_date=20220806T193726
[2022-08-06 19:37:26,377] {local_task_job.py:156} INFO - Task exited with return code 0
[2022-08-06 19:37:26,444] {local_task_job.py:273} INFO - 2 downstream tasks scheduled from follow-on schedule check
[2022-08-06 21:51:19,807] {taskinstance.py:1179} INFO - Dependencies all met for <TaskInstance: our_first_dag_v5.first_task scheduled__2021-12-16T00:00:00+00:00 [queued]>
[2022-08-06 21:51:19,824] {taskinstance.py:1179} INFO - Dependencies all met for <TaskInstance: our_first_dag_v5.first_task scheduled__2021-12-16T00:00:00+00:00 [queued]>
[2022-08-06 21:51:19,824] {taskinstance.py:1376} INFO - 
--------------------------------------------------------------------------------
[2022-08-06 21:51:19,824] {taskinstance.py:1377} INFO - Starting attempt 1 of 6
[2022-08-06 21:51:19,824] {taskinstance.py:1378} INFO - 
--------------------------------------------------------------------------------
[2022-08-06 21:51:19,848] {taskinstance.py:1397} INFO - Executing <Task(BashOperator): first_task> on 2021-12-16 00:00:00+00:00
[2022-08-06 21:51:19,854] {standard_task_runner.py:52} INFO - Started process 1579 to run task
[2022-08-06 21:51:19,857] {standard_task_runner.py:79} INFO - Running: ['***', 'tasks', 'run', 'our_first_dag_v5', 'first_task', 'scheduled__2021-12-16T00:00:00+00:00', '--job-id', '414', '--raw', '--subdir', 'DAGS_FOLDER/pipeline.py', '--cfg-path', '/tmp/tmpaswn5w22', '--error-file', '/tmp/tmp_zwlzay1']
[2022-08-06 21:51:19,857] {standard_task_runner.py:80} INFO - Job 414: Subtask first_task
[2022-08-06 21:51:19,932] {task_command.py:371} INFO - Running <TaskInstance: our_first_dag_v5.first_task scheduled__2021-12-16T00:00:00+00:00 [running]> on host c3f731879890
[2022-08-06 21:51:20,050] {taskinstance.py:1591} INFO - Exporting the following env vars:
AIRFLOW_CTX_DAG_OWNER=coder2j
AIRFLOW_CTX_DAG_ID=our_first_dag_v5
AIRFLOW_CTX_TASK_ID=first_task
AIRFLOW_CTX_EXECUTION_DATE=2021-12-16T00:00:00+00:00
AIRFLOW_CTX_TRY_NUMBER=1
AIRFLOW_CTX_DAG_RUN_ID=scheduled__2021-12-16T00:00:00+00:00
[2022-08-06 21:51:20,051] {subprocess.py:62} INFO - Tmp dir root location: 
 /tmp
[2022-08-06 21:51:20,051] {subprocess.py:74} INFO - Running command: ['bash', '-c', 'echo hello world, this is the first task!']
[2022-08-06 21:51:20,066] {subprocess.py:85} INFO - Output:
[2022-08-06 21:51:20,067] {subprocess.py:92} INFO - hello world, this is the first task!
[2022-08-06 21:51:20,068] {subprocess.py:96} INFO - Command exited with return code 0
[2022-08-06 21:51:20,107] {taskinstance.py:1420} INFO - Marking task as SUCCESS. dag_id=our_first_dag_v5, task_id=first_task, execution_date=20211216T000000, start_date=20220806T215119, end_date=20220806T215120
[2022-08-06 21:51:20,149] {local_task_job.py:156} INFO - Task exited with return code 0
[2022-08-06 21:51:20,219] {local_task_job.py:273} INFO - 0 downstream tasks scheduled from follow-on schedule check
[2022-08-06 21:56:46,551] {taskinstance.py:1179} INFO - Dependencies all met for <TaskInstance: our_first_dag_v5.first_task scheduled__2021-12-16T00:00:00+00:00 [queued]>
[2022-08-06 21:56:46,560] {taskinstance.py:1179} INFO - Dependencies all met for <TaskInstance: our_first_dag_v5.first_task scheduled__2021-12-16T00:00:00+00:00 [queued]>
[2022-08-06 21:56:46,560] {taskinstance.py:1376} INFO - 
--------------------------------------------------------------------------------
[2022-08-06 21:56:46,560] {taskinstance.py:1377} INFO - Starting attempt 1 of 6
[2022-08-06 21:56:46,560] {taskinstance.py:1378} INFO - 
--------------------------------------------------------------------------------
[2022-08-06 21:56:46,576] {taskinstance.py:1397} INFO - Executing <Task(BashOperator): first_task> on 2021-12-16 00:00:00+00:00
[2022-08-06 21:56:46,581] {standard_task_runner.py:52} INFO - Started process 1385 to run task
[2022-08-06 21:56:46,583] {standard_task_runner.py:79} INFO - Running: ['***', 'tasks', 'run', 'our_first_dag_v5', 'first_task', 'scheduled__2021-12-16T00:00:00+00:00', '--job-id', '416', '--raw', '--subdir', 'DAGS_FOLDER/pipeline.py', '--cfg-path', '/tmp/tmp1p2dy43k', '--error-file', '/tmp/tmpmf8kbqmb']
[2022-08-06 21:56:46,584] {standard_task_runner.py:80} INFO - Job 416: Subtask first_task
[2022-08-06 21:56:46,641] {task_command.py:371} INFO - Running <TaskInstance: our_first_dag_v5.first_task scheduled__2021-12-16T00:00:00+00:00 [running]> on host bc7e154a4fdd
[2022-08-06 21:56:46,756] {taskinstance.py:1591} INFO - Exporting the following env vars:
AIRFLOW_CTX_DAG_OWNER=coder2j
AIRFLOW_CTX_DAG_ID=our_first_dag_v5
AIRFLOW_CTX_TASK_ID=first_task
AIRFLOW_CTX_EXECUTION_DATE=2021-12-16T00:00:00+00:00
AIRFLOW_CTX_TRY_NUMBER=1
AIRFLOW_CTX_DAG_RUN_ID=scheduled__2021-12-16T00:00:00+00:00
[2022-08-06 21:56:46,757] {subprocess.py:62} INFO - Tmp dir root location: 
 /tmp
[2022-08-06 21:56:46,758] {subprocess.py:74} INFO - Running command: ['bash', '-c', 'echo hello world, this is the first task!']
[2022-08-06 21:56:46,776] {subprocess.py:85} INFO - Output:
[2022-08-06 21:56:46,778] {subprocess.py:92} INFO - hello world, this is the first task!
[2022-08-06 21:56:46,778] {subprocess.py:96} INFO - Command exited with return code 0
[2022-08-06 21:56:46,810] {taskinstance.py:1420} INFO - Marking task as SUCCESS. dag_id=our_first_dag_v5, task_id=first_task, execution_date=20211216T000000, start_date=20220806T215646, end_date=20220806T215646
[2022-08-06 21:56:46,835] {local_task_job.py:156} INFO - Task exited with return code 0
[2022-08-06 21:56:46,872] {local_task_job.py:273} INFO - 2 downstream tasks scheduled from follow-on schedule check
[2022-08-06 22:11:47,455] {taskinstance.py:1179} INFO - Dependencies all met for <TaskInstance: our_first_dag_v5.first_task scheduled__2021-12-16T00:00:00+00:00 [queued]>
[2022-08-06 22:11:47,468] {taskinstance.py:1179} INFO - Dependencies all met for <TaskInstance: our_first_dag_v5.first_task scheduled__2021-12-16T00:00:00+00:00 [queued]>
[2022-08-06 22:11:47,468] {taskinstance.py:1376} INFO - 
--------------------------------------------------------------------------------
[2022-08-06 22:11:47,468] {taskinstance.py:1377} INFO - Starting attempt 1 of 6
[2022-08-06 22:11:47,468] {taskinstance.py:1378} INFO - 
--------------------------------------------------------------------------------
[2022-08-06 22:11:47,482] {taskinstance.py:1397} INFO - Executing <Task(BashOperator): first_task> on 2021-12-16 00:00:00+00:00
[2022-08-06 22:11:47,488] {standard_task_runner.py:52} INFO - Started process 1381 to run task
[2022-08-06 22:11:47,490] {standard_task_runner.py:79} INFO - Running: ['***', 'tasks', 'run', 'our_first_dag_v5', 'first_task', 'scheduled__2021-12-16T00:00:00+00:00', '--job-id', '414', '--raw', '--subdir', 'DAGS_FOLDER/pipeline.py', '--cfg-path', '/tmp/tmppacoqgd2', '--error-file', '/tmp/tmp_o4s6vjg']
[2022-08-06 22:11:47,490] {standard_task_runner.py:80} INFO - Job 414: Subtask first_task
[2022-08-06 22:11:47,559] {task_command.py:371} INFO - Running <TaskInstance: our_first_dag_v5.first_task scheduled__2021-12-16T00:00:00+00:00 [running]> on host 1250c3b659cd
[2022-08-06 22:11:47,662] {taskinstance.py:1591} INFO - Exporting the following env vars:
AIRFLOW_CTX_DAG_OWNER=coder2j
AIRFLOW_CTX_DAG_ID=our_first_dag_v5
AIRFLOW_CTX_TASK_ID=first_task
AIRFLOW_CTX_EXECUTION_DATE=2021-12-16T00:00:00+00:00
AIRFLOW_CTX_TRY_NUMBER=1
AIRFLOW_CTX_DAG_RUN_ID=scheduled__2021-12-16T00:00:00+00:00
[2022-08-06 22:11:47,663] {subprocess.py:62} INFO - Tmp dir root location: 
 /tmp
[2022-08-06 22:11:47,663] {subprocess.py:74} INFO - Running command: ['bash', '-c', 'echo hello world, this is the first task!']
[2022-08-06 22:11:47,677] {subprocess.py:85} INFO - Output:
[2022-08-06 22:11:47,678] {subprocess.py:92} INFO - hello world, this is the first task!
[2022-08-06 22:11:47,679] {subprocess.py:96} INFO - Command exited with return code 0
[2022-08-06 22:11:47,755] {taskinstance.py:1420} INFO - Marking task as SUCCESS. dag_id=our_first_dag_v5, task_id=first_task, execution_date=20211216T000000, start_date=20220806T221147, end_date=20220806T221147
[2022-08-06 22:11:47,783] {local_task_job.py:156} INFO - Task exited with return code 0
[2022-08-06 22:11:47,833] {local_task_job.py:273} INFO - 2 downstream tasks scheduled from follow-on schedule check
[2022-08-06 22:23:10,491] {taskinstance.py:1179} INFO - Dependencies all met for <TaskInstance: our_first_dag_v5.first_task scheduled__2021-12-16T00:00:00+00:00 [queued]>
[2022-08-06 22:23:10,503] {taskinstance.py:1179} INFO - Dependencies all met for <TaskInstance: our_first_dag_v5.first_task scheduled__2021-12-16T00:00:00+00:00 [queued]>
[2022-08-06 22:23:10,503] {taskinstance.py:1376} INFO - 
--------------------------------------------------------------------------------
[2022-08-06 22:23:10,503] {taskinstance.py:1377} INFO - Starting attempt 1 of 6
[2022-08-06 22:23:10,503] {taskinstance.py:1378} INFO - 
--------------------------------------------------------------------------------
[2022-08-06 22:23:10,521] {taskinstance.py:1397} INFO - Executing <Task(BashOperator): first_task> on 2021-12-16 00:00:00+00:00
[2022-08-06 22:23:10,526] {standard_task_runner.py:52} INFO - Started process 1461 to run task
[2022-08-06 22:23:10,528] {standard_task_runner.py:79} INFO - Running: ['***', 'tasks', 'run', 'our_first_dag_v5', 'first_task', 'scheduled__2021-12-16T00:00:00+00:00', '--job-id', '423', '--raw', '--subdir', 'DAGS_FOLDER/pipeline.py', '--cfg-path', '/tmp/tmplmxn0oik', '--error-file', '/tmp/tmp8u58cfhd']
[2022-08-06 22:23:10,528] {standard_task_runner.py:80} INFO - Job 423: Subtask first_task
[2022-08-06 22:23:10,584] {task_command.py:371} INFO - Running <TaskInstance: our_first_dag_v5.first_task scheduled__2021-12-16T00:00:00+00:00 [running]> on host b215076695c3
[2022-08-06 22:23:10,663] {taskinstance.py:1591} INFO - Exporting the following env vars:
AIRFLOW_CTX_DAG_OWNER=coder2j
AIRFLOW_CTX_DAG_ID=our_first_dag_v5
AIRFLOW_CTX_TASK_ID=first_task
AIRFLOW_CTX_EXECUTION_DATE=2021-12-16T00:00:00+00:00
AIRFLOW_CTX_TRY_NUMBER=1
AIRFLOW_CTX_DAG_RUN_ID=scheduled__2021-12-16T00:00:00+00:00
[2022-08-06 22:23:10,664] {subprocess.py:62} INFO - Tmp dir root location: 
 /tmp
[2022-08-06 22:23:10,664] {subprocess.py:74} INFO - Running command: ['bash', '-c', 'echo hello world, this is the first task!']
[2022-08-06 22:23:10,677] {subprocess.py:85} INFO - Output:
[2022-08-06 22:23:10,678] {subprocess.py:92} INFO - hello world, this is the first task!
[2022-08-06 22:23:10,679] {subprocess.py:96} INFO - Command exited with return code 0
[2022-08-06 22:23:10,736] {taskinstance.py:1420} INFO - Marking task as SUCCESS. dag_id=our_first_dag_v5, task_id=first_task, execution_date=20211216T000000, start_date=20220806T222310, end_date=20220806T222310
[2022-08-06 22:23:10,779] {local_task_job.py:156} INFO - Task exited with return code 0
[2022-08-06 22:23:10,822] {local_task_job.py:273} INFO - 2 downstream tasks scheduled from follow-on schedule check
