[2022-08-06 19:39:01,601] {taskinstance.py:1179} INFO - Dependencies all met for <TaskInstance: our_first_dag_v5.thrid_task scheduled__2022-05-22T00:00:00+00:00 [queued]>
[2022-08-06 19:39:01,614] {taskinstance.py:1179} INFO - Dependencies all met for <TaskInstance: our_first_dag_v5.thrid_task scheduled__2022-05-22T00:00:00+00:00 [queued]>
[2022-08-06 19:39:01,615] {taskinstance.py:1376} INFO - 
--------------------------------------------------------------------------------
[2022-08-06 19:39:01,615] {taskinstance.py:1377} INFO - Starting attempt 1 of 6
[2022-08-06 19:39:01,615] {taskinstance.py:1378} INFO - 
--------------------------------------------------------------------------------
[2022-08-06 19:39:01,635] {taskinstance.py:1397} INFO - Executing <Task(BashOperator): thrid_task> on 2022-05-22 00:00:00+00:00
[2022-08-06 19:39:01,641] {standard_task_runner.py:52} INFO - Started process 2896 to run task
[2022-08-06 19:39:01,643] {standard_task_runner.py:79} INFO - Running: ['***', 'tasks', 'run', 'our_first_dag_v5', 'thrid_task', 'scheduled__2022-05-22T00:00:00+00:00', '--job-id', '894', '--raw', '--subdir', 'DAGS_FOLDER/pipeline.py', '--cfg-path', '/tmp/tmpekdp6xxy', '--error-file', '/tmp/tmphrv79nbk']
[2022-08-06 19:39:01,644] {standard_task_runner.py:80} INFO - Job 894: Subtask thrid_task
[2022-08-06 19:39:01,723] {task_command.py:371} INFO - Running <TaskInstance: our_first_dag_v5.thrid_task scheduled__2022-05-22T00:00:00+00:00 [running]> on host b29c168c1666
[2022-08-06 19:39:01,823] {taskinstance.py:1591} INFO - Exporting the following env vars:
AIRFLOW_CTX_DAG_OWNER=coder2j
AIRFLOW_CTX_DAG_ID=our_first_dag_v5
AIRFLOW_CTX_TASK_ID=thrid_task
AIRFLOW_CTX_EXECUTION_DATE=2022-05-22T00:00:00+00:00
AIRFLOW_CTX_TRY_NUMBER=1
AIRFLOW_CTX_DAG_RUN_ID=scheduled__2022-05-22T00:00:00+00:00
[2022-08-06 19:39:01,824] {subprocess.py:62} INFO - Tmp dir root location: 
 /tmp
[2022-08-06 19:39:01,824] {subprocess.py:74} INFO - Running command: ['bash', '-c', 'echo hey, I am task3 and will be running after task1 at the same time as task2!']
[2022-08-06 19:39:01,837] {subprocess.py:85} INFO - Output:
[2022-08-06 19:39:01,839] {subprocess.py:92} INFO - hey, I am task3 and will be running after task1 at the same time as task2!
[2022-08-06 19:39:01,839] {subprocess.py:96} INFO - Command exited with return code 0
[2022-08-06 19:39:01,913] {taskinstance.py:1420} INFO - Marking task as SUCCESS. dag_id=our_first_dag_v5, task_id=thrid_task, execution_date=20220522T000000, start_date=20220806T193901, end_date=20220806T193901
[2022-08-06 19:39:01,936] {local_task_job.py:156} INFO - Task exited with return code 0
[2022-08-06 19:39:01,972] {local_task_job.py:273} INFO - 0 downstream tasks scheduled from follow-on schedule check
[2022-08-06 21:52:52,364] {taskinstance.py:1179} INFO - Dependencies all met for <TaskInstance: our_first_dag_v5.thrid_task scheduled__2022-05-22T00:00:00+00:00 [queued]>
[2022-08-06 21:52:52,382] {taskinstance.py:1179} INFO - Dependencies all met for <TaskInstance: our_first_dag_v5.thrid_task scheduled__2022-05-22T00:00:00+00:00 [queued]>
[2022-08-06 21:52:52,382] {taskinstance.py:1376} INFO - 
--------------------------------------------------------------------------------
[2022-08-06 21:52:52,383] {taskinstance.py:1377} INFO - Starting attempt 1 of 6
[2022-08-06 21:52:52,383] {taskinstance.py:1378} INFO - 
--------------------------------------------------------------------------------
[2022-08-06 21:52:52,401] {taskinstance.py:1397} INFO - Executing <Task(BashOperator): thrid_task> on 2022-05-22 00:00:00+00:00
[2022-08-06 21:52:52,408] {standard_task_runner.py:52} INFO - Started process 3089 to run task
[2022-08-06 21:52:52,411] {standard_task_runner.py:79} INFO - Running: ['***', 'tasks', 'run', 'our_first_dag_v5', 'thrid_task', 'scheduled__2022-05-22T00:00:00+00:00', '--job-id', '895', '--raw', '--subdir', 'DAGS_FOLDER/pipeline.py', '--cfg-path', '/tmp/tmpdvyamoxn', '--error-file', '/tmp/tmpk9vryw5c']
[2022-08-06 21:52:52,411] {standard_task_runner.py:80} INFO - Job 895: Subtask thrid_task
[2022-08-06 21:52:52,477] {task_command.py:371} INFO - Running <TaskInstance: our_first_dag_v5.thrid_task scheduled__2022-05-22T00:00:00+00:00 [running]> on host c3f731879890
[2022-08-06 21:52:52,554] {taskinstance.py:1591} INFO - Exporting the following env vars:
AIRFLOW_CTX_DAG_OWNER=coder2j
AIRFLOW_CTX_DAG_ID=our_first_dag_v5
AIRFLOW_CTX_TASK_ID=thrid_task
AIRFLOW_CTX_EXECUTION_DATE=2022-05-22T00:00:00+00:00
AIRFLOW_CTX_TRY_NUMBER=1
AIRFLOW_CTX_DAG_RUN_ID=scheduled__2022-05-22T00:00:00+00:00
[2022-08-06 21:52:52,555] {subprocess.py:62} INFO - Tmp dir root location: 
 /tmp
[2022-08-06 21:52:52,555] {subprocess.py:74} INFO - Running command: ['bash', '-c', 'echo hey, I am task3 and will be running after task1 at the same time as task2!']
[2022-08-06 21:52:52,568] {subprocess.py:85} INFO - Output:
[2022-08-06 21:52:52,569] {subprocess.py:92} INFO - hey, I am task3 and will be running after task1 at the same time as task2!
[2022-08-06 21:52:52,569] {subprocess.py:96} INFO - Command exited with return code 0
[2022-08-06 21:52:52,598] {taskinstance.py:1420} INFO - Marking task as SUCCESS. dag_id=our_first_dag_v5, task_id=thrid_task, execution_date=20220522T000000, start_date=20220806T215252, end_date=20220806T215252
[2022-08-06 21:52:52,622] {local_task_job.py:156} INFO - Task exited with return code 0
[2022-08-06 21:52:52,654] {local_task_job.py:273} INFO - 0 downstream tasks scheduled from follow-on schedule check
[2022-08-06 21:58:19,990] {taskinstance.py:1179} INFO - Dependencies all met for <TaskInstance: our_first_dag_v5.thrid_task scheduled__2022-05-22T00:00:00+00:00 [queued]>
[2022-08-06 21:58:20,009] {taskinstance.py:1179} INFO - Dependencies all met for <TaskInstance: our_first_dag_v5.thrid_task scheduled__2022-05-22T00:00:00+00:00 [queued]>
[2022-08-06 21:58:20,009] {taskinstance.py:1376} INFO - 
--------------------------------------------------------------------------------
[2022-08-06 21:58:20,009] {taskinstance.py:1377} INFO - Starting attempt 1 of 6
[2022-08-06 21:58:20,010] {taskinstance.py:1378} INFO - 
--------------------------------------------------------------------------------
[2022-08-06 21:58:20,032] {taskinstance.py:1397} INFO - Executing <Task(BashOperator): thrid_task> on 2022-05-22 00:00:00+00:00
[2022-08-06 21:58:20,040] {standard_task_runner.py:52} INFO - Started process 2898 to run task
[2022-08-06 21:58:20,044] {standard_task_runner.py:79} INFO - Running: ['***', 'tasks', 'run', 'our_first_dag_v5', 'thrid_task', 'scheduled__2022-05-22T00:00:00+00:00', '--job-id', '895', '--raw', '--subdir', 'DAGS_FOLDER/pipeline.py', '--cfg-path', '/tmp/tmpl90r8jvf', '--error-file', '/tmp/tmpaf49tbxp']
[2022-08-06 21:58:20,044] {standard_task_runner.py:80} INFO - Job 895: Subtask thrid_task
[2022-08-06 21:58:20,146] {task_command.py:371} INFO - Running <TaskInstance: our_first_dag_v5.thrid_task scheduled__2022-05-22T00:00:00+00:00 [running]> on host bc7e154a4fdd
[2022-08-06 21:58:20,323] {taskinstance.py:1591} INFO - Exporting the following env vars:
AIRFLOW_CTX_DAG_OWNER=coder2j
AIRFLOW_CTX_DAG_ID=our_first_dag_v5
AIRFLOW_CTX_TASK_ID=thrid_task
AIRFLOW_CTX_EXECUTION_DATE=2022-05-22T00:00:00+00:00
AIRFLOW_CTX_TRY_NUMBER=1
AIRFLOW_CTX_DAG_RUN_ID=scheduled__2022-05-22T00:00:00+00:00
[2022-08-06 21:58:20,324] {subprocess.py:62} INFO - Tmp dir root location: 
 /tmp
[2022-08-06 21:58:20,325] {subprocess.py:74} INFO - Running command: ['bash', '-c', 'echo hey, I am task3 and will be running after task1 at the same time as task2!']
[2022-08-06 21:58:20,347] {subprocess.py:85} INFO - Output:
[2022-08-06 21:58:20,350] {subprocess.py:92} INFO - hey, I am task3 and will be running after task1 at the same time as task2!
[2022-08-06 21:58:20,350] {subprocess.py:96} INFO - Command exited with return code 0
[2022-08-06 21:58:20,406] {taskinstance.py:1420} INFO - Marking task as SUCCESS. dag_id=our_first_dag_v5, task_id=thrid_task, execution_date=20220522T000000, start_date=20220806T215819, end_date=20220806T215820
[2022-08-06 21:58:20,460] {local_task_job.py:156} INFO - Task exited with return code 0
[2022-08-06 21:58:20,519] {local_task_job.py:273} INFO - 0 downstream tasks scheduled from follow-on schedule check
[2022-08-06 22:13:18,812] {taskinstance.py:1179} INFO - Dependencies all met for <TaskInstance: our_first_dag_v5.thrid_task scheduled__2022-05-22T00:00:00+00:00 [queued]>
[2022-08-06 22:13:18,828] {taskinstance.py:1179} INFO - Dependencies all met for <TaskInstance: our_first_dag_v5.thrid_task scheduled__2022-05-22T00:00:00+00:00 [queued]>
[2022-08-06 22:13:18,828] {taskinstance.py:1376} INFO - 
--------------------------------------------------------------------------------
[2022-08-06 22:13:18,828] {taskinstance.py:1377} INFO - Starting attempt 1 of 6
[2022-08-06 22:13:18,828] {taskinstance.py:1378} INFO - 
--------------------------------------------------------------------------------
[2022-08-06 22:13:18,848] {taskinstance.py:1397} INFO - Executing <Task(BashOperator): thrid_task> on 2022-05-22 00:00:00+00:00
[2022-08-06 22:13:18,855] {standard_task_runner.py:52} INFO - Started process 2892 to run task
[2022-08-06 22:13:18,859] {standard_task_runner.py:79} INFO - Running: ['***', 'tasks', 'run', 'our_first_dag_v5', 'thrid_task', 'scheduled__2022-05-22T00:00:00+00:00', '--job-id', '894', '--raw', '--subdir', 'DAGS_FOLDER/pipeline.py', '--cfg-path', '/tmp/tmpfy9vl3bk', '--error-file', '/tmp/tmpvqe5vnxt']
[2022-08-06 22:13:18,859] {standard_task_runner.py:80} INFO - Job 894: Subtask thrid_task
[2022-08-06 22:13:19,000] {task_command.py:371} INFO - Running <TaskInstance: our_first_dag_v5.thrid_task scheduled__2022-05-22T00:00:00+00:00 [running]> on host 1250c3b659cd
[2022-08-06 22:13:19,098] {taskinstance.py:1591} INFO - Exporting the following env vars:
AIRFLOW_CTX_DAG_OWNER=coder2j
AIRFLOW_CTX_DAG_ID=our_first_dag_v5
AIRFLOW_CTX_TASK_ID=thrid_task
AIRFLOW_CTX_EXECUTION_DATE=2022-05-22T00:00:00+00:00
AIRFLOW_CTX_TRY_NUMBER=1
AIRFLOW_CTX_DAG_RUN_ID=scheduled__2022-05-22T00:00:00+00:00
[2022-08-06 22:13:19,099] {subprocess.py:62} INFO - Tmp dir root location: 
 /tmp
[2022-08-06 22:13:19,099] {subprocess.py:74} INFO - Running command: ['bash', '-c', 'echo hey, I am task3 and will be running after task1 at the same time as task2!']
[2022-08-06 22:13:19,116] {subprocess.py:85} INFO - Output:
[2022-08-06 22:13:19,118] {subprocess.py:92} INFO - hey, I am task3 and will be running after task1 at the same time as task2!
[2022-08-06 22:13:19,118] {subprocess.py:96} INFO - Command exited with return code 0
[2022-08-06 22:13:19,159] {taskinstance.py:1420} INFO - Marking task as SUCCESS. dag_id=our_first_dag_v5, task_id=thrid_task, execution_date=20220522T000000, start_date=20220806T221318, end_date=20220806T221319
[2022-08-06 22:13:19,192] {local_task_job.py:156} INFO - Task exited with return code 0
[2022-08-06 22:13:19,234] {local_task_job.py:273} INFO - 0 downstream tasks scheduled from follow-on schedule check
[2022-08-06 22:24:36,755] {taskinstance.py:1179} INFO - Dependencies all met for <TaskInstance: our_first_dag_v5.thrid_task scheduled__2022-05-22T00:00:00+00:00 [queued]>
[2022-08-06 22:24:36,764] {taskinstance.py:1179} INFO - Dependencies all met for <TaskInstance: our_first_dag_v5.thrid_task scheduled__2022-05-22T00:00:00+00:00 [queued]>
[2022-08-06 22:24:36,764] {taskinstance.py:1376} INFO - 
--------------------------------------------------------------------------------
[2022-08-06 22:24:36,764] {taskinstance.py:1377} INFO - Starting attempt 1 of 6
[2022-08-06 22:24:36,764] {taskinstance.py:1378} INFO - 
--------------------------------------------------------------------------------
[2022-08-06 22:24:36,775] {taskinstance.py:1397} INFO - Executing <Task(BashOperator): thrid_task> on 2022-05-22 00:00:00+00:00
[2022-08-06 22:24:36,780] {standard_task_runner.py:52} INFO - Started process 2939 to run task
[2022-08-06 22:24:36,782] {standard_task_runner.py:79} INFO - Running: ['***', 'tasks', 'run', 'our_first_dag_v5', 'thrid_task', 'scheduled__2022-05-22T00:00:00+00:00', '--job-id', '896', '--raw', '--subdir', 'DAGS_FOLDER/pipeline.py', '--cfg-path', '/tmp/tmpk_v7m8fn', '--error-file', '/tmp/tmp65vls7ly']
[2022-08-06 22:24:36,783] {standard_task_runner.py:80} INFO - Job 896: Subtask thrid_task
[2022-08-06 22:24:36,848] {task_command.py:371} INFO - Running <TaskInstance: our_first_dag_v5.thrid_task scheduled__2022-05-22T00:00:00+00:00 [running]> on host b215076695c3
[2022-08-06 22:24:36,940] {taskinstance.py:1591} INFO - Exporting the following env vars:
AIRFLOW_CTX_DAG_OWNER=coder2j
AIRFLOW_CTX_DAG_ID=our_first_dag_v5
AIRFLOW_CTX_TASK_ID=thrid_task
AIRFLOW_CTX_EXECUTION_DATE=2022-05-22T00:00:00+00:00
AIRFLOW_CTX_TRY_NUMBER=1
AIRFLOW_CTX_DAG_RUN_ID=scheduled__2022-05-22T00:00:00+00:00
[2022-08-06 22:24:36,941] {subprocess.py:62} INFO - Tmp dir root location: 
 /tmp
[2022-08-06 22:24:36,941] {subprocess.py:74} INFO - Running command: ['bash', '-c', 'echo hey, I am task3 and will be running after task1 at the same time as task2!']
[2022-08-06 22:24:36,952] {subprocess.py:85} INFO - Output:
[2022-08-06 22:24:36,953] {subprocess.py:92} INFO - hey, I am task3 and will be running after task1 at the same time as task2!
[2022-08-06 22:24:36,953] {subprocess.py:96} INFO - Command exited with return code 0
[2022-08-06 22:24:36,979] {taskinstance.py:1420} INFO - Marking task as SUCCESS. dag_id=our_first_dag_v5, task_id=thrid_task, execution_date=20220522T000000, start_date=20220806T222436, end_date=20220806T222436
[2022-08-06 22:24:37,033] {local_task_job.py:156} INFO - Task exited with return code 0
[2022-08-06 22:24:37,066] {local_task_job.py:273} INFO - 0 downstream tasks scheduled from follow-on schedule check
