[2022-08-06 19:36:06,904] {taskinstance.py:1179} INFO - Dependencies all met for <TaskInstance: our_first_dag_v5.thrid_task scheduled__2021-08-11T00:00:00+00:00 [queued]>
[2022-08-06 19:36:06,918] {taskinstance.py:1179} INFO - Dependencies all met for <TaskInstance: our_first_dag_v5.thrid_task scheduled__2021-08-11T00:00:00+00:00 [queued]>
[2022-08-06 19:36:06,918] {taskinstance.py:1376} INFO - 
--------------------------------------------------------------------------------
[2022-08-06 19:36:06,918] {taskinstance.py:1377} INFO - Starting attempt 1 of 6
[2022-08-06 19:36:06,918] {taskinstance.py:1378} INFO - 
--------------------------------------------------------------------------------
[2022-08-06 19:36:06,935] {taskinstance.py:1397} INFO - Executing <Task(BashOperator): thrid_task> on 2021-08-11 00:00:00+00:00
[2022-08-06 19:36:06,941] {standard_task_runner.py:52} INFO - Started process 219 to run task
[2022-08-06 19:36:06,944] {standard_task_runner.py:79} INFO - Running: ['***', 'tasks', 'run', 'our_first_dag_v5', 'thrid_task', 'scheduled__2021-08-11T00:00:00+00:00', '--job-id', '42', '--raw', '--subdir', 'DAGS_FOLDER/pipeline.py', '--cfg-path', '/tmp/tmp4rx1dudq', '--error-file', '/tmp/tmpldk31zno']
[2022-08-06 19:36:06,944] {standard_task_runner.py:80} INFO - Job 42: Subtask thrid_task
[2022-08-06 19:36:07,020] {task_command.py:371} INFO - Running <TaskInstance: our_first_dag_v5.thrid_task scheduled__2021-08-11T00:00:00+00:00 [running]> on host b29c168c1666
[2022-08-06 19:36:07,129] {taskinstance.py:1591} INFO - Exporting the following env vars:
AIRFLOW_CTX_DAG_OWNER=coder2j
AIRFLOW_CTX_DAG_ID=our_first_dag_v5
AIRFLOW_CTX_TASK_ID=thrid_task
AIRFLOW_CTX_EXECUTION_DATE=2021-08-11T00:00:00+00:00
AIRFLOW_CTX_TRY_NUMBER=1
AIRFLOW_CTX_DAG_RUN_ID=scheduled__2021-08-11T00:00:00+00:00
[2022-08-06 19:36:07,130] {subprocess.py:62} INFO - Tmp dir root location: 
 /tmp
[2022-08-06 19:36:07,130] {subprocess.py:74} INFO - Running command: ['bash', '-c', 'echo hey, I am task3 and will be running after task1 at the same time as task2!']
[2022-08-06 19:36:07,144] {subprocess.py:85} INFO - Output:
[2022-08-06 19:36:07,146] {subprocess.py:92} INFO - hey, I am task3 and will be running after task1 at the same time as task2!
[2022-08-06 19:36:07,146] {subprocess.py:96} INFO - Command exited with return code 0
[2022-08-06 19:36:07,180] {taskinstance.py:1420} INFO - Marking task as SUCCESS. dag_id=our_first_dag_v5, task_id=thrid_task, execution_date=20210811T000000, start_date=20220806T193606, end_date=20220806T193607
[2022-08-06 19:36:07,236] {local_task_job.py:156} INFO - Task exited with return code 0
[2022-08-06 19:36:07,272] {local_task_job.py:273} INFO - 0 downstream tasks scheduled from follow-on schedule check
[2022-08-06 21:50:02,476] {taskinstance.py:1179} INFO - Dependencies all met for <TaskInstance: our_first_dag_v5.thrid_task scheduled__2021-08-11T00:00:00+00:00 [queued]>
[2022-08-06 21:50:02,496] {taskinstance.py:1179} INFO - Dependencies all met for <TaskInstance: our_first_dag_v5.thrid_task scheduled__2021-08-11T00:00:00+00:00 [queued]>
[2022-08-06 21:50:02,496] {taskinstance.py:1376} INFO - 
--------------------------------------------------------------------------------
[2022-08-06 21:50:02,496] {taskinstance.py:1377} INFO - Starting attempt 1 of 6
[2022-08-06 21:50:02,497] {taskinstance.py:1378} INFO - 
--------------------------------------------------------------------------------
[2022-08-06 21:50:02,524] {taskinstance.py:1397} INFO - Executing <Task(BashOperator): thrid_task> on 2021-08-11 00:00:00+00:00
[2022-08-06 21:50:02,532] {standard_task_runner.py:52} INFO - Started process 412 to run task
[2022-08-06 21:50:02,547] {standard_task_runner.py:79} INFO - Running: ['***', 'tasks', 'run', 'our_first_dag_v5', 'thrid_task', 'scheduled__2021-08-11T00:00:00+00:00', '--job-id', '44', '--raw', '--subdir', 'DAGS_FOLDER/pipeline.py', '--cfg-path', '/tmp/tmp7z61ql6m', '--error-file', '/tmp/tmp3s6009oo']
[2022-08-06 21:50:02,548] {standard_task_runner.py:80} INFO - Job 44: Subtask thrid_task
[2022-08-06 21:50:02,647] {task_command.py:371} INFO - Running <TaskInstance: our_first_dag_v5.thrid_task scheduled__2021-08-11T00:00:00+00:00 [running]> on host c3f731879890
[2022-08-06 21:50:02,753] {taskinstance.py:1591} INFO - Exporting the following env vars:
AIRFLOW_CTX_DAG_OWNER=coder2j
AIRFLOW_CTX_DAG_ID=our_first_dag_v5
AIRFLOW_CTX_TASK_ID=thrid_task
AIRFLOW_CTX_EXECUTION_DATE=2021-08-11T00:00:00+00:00
AIRFLOW_CTX_TRY_NUMBER=1
AIRFLOW_CTX_DAG_RUN_ID=scheduled__2021-08-11T00:00:00+00:00
[2022-08-06 21:50:02,754] {subprocess.py:62} INFO - Tmp dir root location: 
 /tmp
[2022-08-06 21:50:02,754] {subprocess.py:74} INFO - Running command: ['bash', '-c', 'echo hey, I am task3 and will be running after task1 at the same time as task2!']
[2022-08-06 21:50:02,769] {subprocess.py:85} INFO - Output:
[2022-08-06 21:50:02,771] {subprocess.py:92} INFO - hey, I am task3 and will be running after task1 at the same time as task2!
[2022-08-06 21:50:02,771] {subprocess.py:96} INFO - Command exited with return code 0
[2022-08-06 21:50:02,810] {taskinstance.py:1420} INFO - Marking task as SUCCESS. dag_id=our_first_dag_v5, task_id=thrid_task, execution_date=20210811T000000, start_date=20220806T215002, end_date=20220806T215002
[2022-08-06 21:50:02,867] {local_task_job.py:156} INFO - Task exited with return code 0
[2022-08-06 21:50:02,907] {local_task_job.py:273} INFO - 0 downstream tasks scheduled from follow-on schedule check
[2022-08-06 21:55:33,221] {taskinstance.py:1179} INFO - Dependencies all met for <TaskInstance: our_first_dag_v5.thrid_task scheduled__2021-08-11T00:00:00+00:00 [queued]>
[2022-08-06 21:55:33,244] {taskinstance.py:1179} INFO - Dependencies all met for <TaskInstance: our_first_dag_v5.thrid_task scheduled__2021-08-11T00:00:00+00:00 [queued]>
[2022-08-06 21:55:33,245] {taskinstance.py:1376} INFO - 
--------------------------------------------------------------------------------
[2022-08-06 21:55:33,245] {taskinstance.py:1377} INFO - Starting attempt 1 of 6
[2022-08-06 21:55:33,245] {taskinstance.py:1378} INFO - 
--------------------------------------------------------------------------------
[2022-08-06 21:55:33,272] {taskinstance.py:1397} INFO - Executing <Task(BashOperator): thrid_task> on 2021-08-11 00:00:00+00:00
[2022-08-06 21:55:33,287] {standard_task_runner.py:52} INFO - Started process 214 to run task
[2022-08-06 21:55:33,291] {standard_task_runner.py:79} INFO - Running: ['***', 'tasks', 'run', 'our_first_dag_v5', 'thrid_task', 'scheduled__2021-08-11T00:00:00+00:00', '--job-id', '43', '--raw', '--subdir', 'DAGS_FOLDER/pipeline.py', '--cfg-path', '/tmp/tmpm9rl5_og', '--error-file', '/tmp/tmpcmqzblq_']
[2022-08-06 21:55:33,292] {standard_task_runner.py:80} INFO - Job 43: Subtask thrid_task
[2022-08-06 21:55:33,397] {task_command.py:371} INFO - Running <TaskInstance: our_first_dag_v5.thrid_task scheduled__2021-08-11T00:00:00+00:00 [running]> on host bc7e154a4fdd
[2022-08-06 21:55:33,511] {taskinstance.py:1591} INFO - Exporting the following env vars:
AIRFLOW_CTX_DAG_OWNER=coder2j
AIRFLOW_CTX_DAG_ID=our_first_dag_v5
AIRFLOW_CTX_TASK_ID=thrid_task
AIRFLOW_CTX_EXECUTION_DATE=2021-08-11T00:00:00+00:00
AIRFLOW_CTX_TRY_NUMBER=1
AIRFLOW_CTX_DAG_RUN_ID=scheduled__2021-08-11T00:00:00+00:00
[2022-08-06 21:55:33,512] {subprocess.py:62} INFO - Tmp dir root location: 
 /tmp
[2022-08-06 21:55:33,512] {subprocess.py:74} INFO - Running command: ['bash', '-c', 'echo hey, I am task3 and will be running after task1 at the same time as task2!']
[2022-08-06 21:55:33,525] {subprocess.py:85} INFO - Output:
[2022-08-06 21:55:33,526] {subprocess.py:92} INFO - hey, I am task3 and will be running after task1 at the same time as task2!
[2022-08-06 21:55:33,526] {subprocess.py:96} INFO - Command exited with return code 0
[2022-08-06 21:55:33,560] {taskinstance.py:1420} INFO - Marking task as SUCCESS. dag_id=our_first_dag_v5, task_id=thrid_task, execution_date=20210811T000000, start_date=20220806T215533, end_date=20220806T215533
[2022-08-06 21:55:33,586] {local_task_job.py:156} INFO - Task exited with return code 0
[2022-08-06 21:55:33,639] {local_task_job.py:273} INFO - 0 downstream tasks scheduled from follow-on schedule check
[2022-08-06 22:10:32,147] {taskinstance.py:1179} INFO - Dependencies all met for <TaskInstance: our_first_dag_v5.thrid_task scheduled__2021-08-11T00:00:00+00:00 [queued]>
[2022-08-06 22:10:32,166] {taskinstance.py:1179} INFO - Dependencies all met for <TaskInstance: our_first_dag_v5.thrid_task scheduled__2021-08-11T00:00:00+00:00 [queued]>
[2022-08-06 22:10:32,167] {taskinstance.py:1376} INFO - 
--------------------------------------------------------------------------------
[2022-08-06 22:10:32,167] {taskinstance.py:1377} INFO - Starting attempt 1 of 6
[2022-08-06 22:10:32,167] {taskinstance.py:1378} INFO - 
--------------------------------------------------------------------------------
[2022-08-06 22:10:32,188] {taskinstance.py:1397} INFO - Executing <Task(BashOperator): thrid_task> on 2021-08-11 00:00:00+00:00
[2022-08-06 22:10:32,196] {standard_task_runner.py:52} INFO - Started process 211 to run task
[2022-08-06 22:10:32,200] {standard_task_runner.py:79} INFO - Running: ['***', 'tasks', 'run', 'our_first_dag_v5', 'thrid_task', 'scheduled__2021-08-11T00:00:00+00:00', '--job-id', '42', '--raw', '--subdir', 'DAGS_FOLDER/pipeline.py', '--cfg-path', '/tmp/tmp0d1tivtk', '--error-file', '/tmp/tmpd6amswdk']
[2022-08-06 22:10:32,200] {standard_task_runner.py:80} INFO - Job 42: Subtask thrid_task
[2022-08-06 22:10:32,278] {task_command.py:371} INFO - Running <TaskInstance: our_first_dag_v5.thrid_task scheduled__2021-08-11T00:00:00+00:00 [running]> on host 1250c3b659cd
[2022-08-06 22:10:32,392] {taskinstance.py:1591} INFO - Exporting the following env vars:
AIRFLOW_CTX_DAG_OWNER=coder2j
AIRFLOW_CTX_DAG_ID=our_first_dag_v5
AIRFLOW_CTX_TASK_ID=thrid_task
AIRFLOW_CTX_EXECUTION_DATE=2021-08-11T00:00:00+00:00
AIRFLOW_CTX_TRY_NUMBER=1
AIRFLOW_CTX_DAG_RUN_ID=scheduled__2021-08-11T00:00:00+00:00
[2022-08-06 22:10:32,393] {subprocess.py:62} INFO - Tmp dir root location: 
 /tmp
[2022-08-06 22:10:32,394] {subprocess.py:74} INFO - Running command: ['bash', '-c', 'echo hey, I am task3 and will be running after task1 at the same time as task2!']
[2022-08-06 22:10:32,414] {subprocess.py:85} INFO - Output:
[2022-08-06 22:10:32,416] {subprocess.py:92} INFO - hey, I am task3 and will be running after task1 at the same time as task2!
[2022-08-06 22:10:32,417] {subprocess.py:96} INFO - Command exited with return code 0
[2022-08-06 22:10:32,459] {taskinstance.py:1420} INFO - Marking task as SUCCESS. dag_id=our_first_dag_v5, task_id=thrid_task, execution_date=20210811T000000, start_date=20220806T221032, end_date=20220806T221032
[2022-08-06 22:10:32,492] {local_task_job.py:156} INFO - Task exited with return code 0
[2022-08-06 22:10:32,535] {local_task_job.py:273} INFO - 0 downstream tasks scheduled from follow-on schedule check
[2022-08-06 22:18:19,853] {taskinstance.py:1179} INFO - Dependencies all met for <TaskInstance: our_first_dag_v5.thrid_task scheduled__2021-08-11T00:00:00+00:00 [queued]>
[2022-08-06 22:18:19,872] {taskinstance.py:1179} INFO - Dependencies all met for <TaskInstance: our_first_dag_v5.thrid_task scheduled__2021-08-11T00:00:00+00:00 [queued]>
[2022-08-06 22:18:19,872] {taskinstance.py:1376} INFO - 
--------------------------------------------------------------------------------
[2022-08-06 22:18:19,872] {taskinstance.py:1377} INFO - Starting attempt 1 of 6
[2022-08-06 22:18:19,872] {taskinstance.py:1378} INFO - 
--------------------------------------------------------------------------------
[2022-08-06 22:18:19,889] {taskinstance.py:1397} INFO - Executing <Task(BashOperator): thrid_task> on 2021-08-11 00:00:00+00:00
[2022-08-06 22:18:19,897] {standard_task_runner.py:52} INFO - Started process 234 to run task
[2022-08-06 22:18:19,900] {standard_task_runner.py:79} INFO - Running: ['***', 'tasks', 'run', 'our_first_dag_v5', 'thrid_task', 'scheduled__2021-08-11T00:00:00+00:00', '--job-id', '42', '--raw', '--subdir', 'DAGS_FOLDER/pipeline.py', '--cfg-path', '/tmp/tmpe3u0uie7', '--error-file', '/tmp/tmpzom70k45']
[2022-08-06 22:18:19,900] {standard_task_runner.py:80} INFO - Job 42: Subtask thrid_task
[2022-08-06 22:18:19,982] {task_command.py:371} INFO - Running <TaskInstance: our_first_dag_v5.thrid_task scheduled__2021-08-11T00:00:00+00:00 [running]> on host ed53bde1c44a
[2022-08-06 22:18:20,077] {taskinstance.py:1591} INFO - Exporting the following env vars:
AIRFLOW_CTX_DAG_OWNER=coder2j
AIRFLOW_CTX_DAG_ID=our_first_dag_v5
AIRFLOW_CTX_TASK_ID=thrid_task
AIRFLOW_CTX_EXECUTION_DATE=2021-08-11T00:00:00+00:00
AIRFLOW_CTX_TRY_NUMBER=1
AIRFLOW_CTX_DAG_RUN_ID=scheduled__2021-08-11T00:00:00+00:00
[2022-08-06 22:18:20,077] {subprocess.py:62} INFO - Tmp dir root location: 
 /tmp
[2022-08-06 22:18:20,078] {subprocess.py:74} INFO - Running command: ['bash', '-c', 'echo hey, I am task3 and will be running after task1 at the same time as task2!']
[2022-08-06 22:18:20,092] {subprocess.py:85} INFO - Output:
[2022-08-06 22:18:20,094] {subprocess.py:92} INFO - hey, I am task3 and will be running after task1 at the same time as task2!
[2022-08-06 22:18:20,094] {subprocess.py:96} INFO - Command exited with return code 0
[2022-08-06 22:18:20,124] {taskinstance.py:1420} INFO - Marking task as SUCCESS. dag_id=our_first_dag_v5, task_id=thrid_task, execution_date=20210811T000000, start_date=20220806T221819, end_date=20220806T221820
[2022-08-06 22:18:20,151] {local_task_job.py:156} INFO - Task exited with return code 0
[2022-08-06 22:18:20,187] {local_task_job.py:273} INFO - 0 downstream tasks scheduled from follow-on schedule check
[2022-08-06 22:21:53,283] {taskinstance.py:1179} INFO - Dependencies all met for <TaskInstance: our_first_dag_v5.thrid_task scheduled__2021-08-11T00:00:00+00:00 [queued]>
[2022-08-06 22:21:53,306] {taskinstance.py:1179} INFO - Dependencies all met for <TaskInstance: our_first_dag_v5.thrid_task scheduled__2021-08-11T00:00:00+00:00 [queued]>
[2022-08-06 22:21:53,306] {taskinstance.py:1376} INFO - 
--------------------------------------------------------------------------------
[2022-08-06 22:21:53,306] {taskinstance.py:1377} INFO - Starting attempt 1 of 6
[2022-08-06 22:21:53,306] {taskinstance.py:1378} INFO - 
--------------------------------------------------------------------------------
[2022-08-06 22:21:53,327] {taskinstance.py:1397} INFO - Executing <Task(BashOperator): thrid_task> on 2021-08-11 00:00:00+00:00
[2022-08-06 22:21:53,335] {standard_task_runner.py:52} INFO - Started process 256 to run task
[2022-08-06 22:21:53,338] {standard_task_runner.py:79} INFO - Running: ['***', 'tasks', 'run', 'our_first_dag_v5', 'thrid_task', 'scheduled__2021-08-11T00:00:00+00:00', '--job-id', '42', '--raw', '--subdir', 'DAGS_FOLDER/pipeline.py', '--cfg-path', '/tmp/tmpj7qgzrp2', '--error-file', '/tmp/tmpca_yfams']
[2022-08-06 22:21:53,339] {standard_task_runner.py:80} INFO - Job 42: Subtask thrid_task
[2022-08-06 22:21:53,425] {task_command.py:371} INFO - Running <TaskInstance: our_first_dag_v5.thrid_task scheduled__2021-08-11T00:00:00+00:00 [running]> on host b215076695c3
[2022-08-06 22:21:53,531] {taskinstance.py:1591} INFO - Exporting the following env vars:
AIRFLOW_CTX_DAG_OWNER=coder2j
AIRFLOW_CTX_DAG_ID=our_first_dag_v5
AIRFLOW_CTX_TASK_ID=thrid_task
AIRFLOW_CTX_EXECUTION_DATE=2021-08-11T00:00:00+00:00
AIRFLOW_CTX_TRY_NUMBER=1
AIRFLOW_CTX_DAG_RUN_ID=scheduled__2021-08-11T00:00:00+00:00
[2022-08-06 22:21:53,532] {subprocess.py:62} INFO - Tmp dir root location: 
 /tmp
[2022-08-06 22:21:53,533] {subprocess.py:74} INFO - Running command: ['bash', '-c', 'echo hey, I am task3 and will be running after task1 at the same time as task2!']
[2022-08-06 22:21:53,590] {subprocess.py:85} INFO - Output:
[2022-08-06 22:21:53,592] {subprocess.py:92} INFO - hey, I am task3 and will be running after task1 at the same time as task2!
[2022-08-06 22:21:53,592] {subprocess.py:96} INFO - Command exited with return code 0
[2022-08-06 22:21:53,628] {taskinstance.py:1420} INFO - Marking task as SUCCESS. dag_id=our_first_dag_v5, task_id=thrid_task, execution_date=20210811T000000, start_date=20220806T222153, end_date=20220806T222153
[2022-08-06 22:21:53,670] {local_task_job.py:156} INFO - Task exited with return code 0
[2022-08-06 22:21:53,711] {local_task_job.py:273} INFO - 0 downstream tasks scheduled from follow-on schedule check
