[2022-08-06 19:39:42,663] {taskinstance.py:1179} INFO - Dependencies all met for <TaskInstance: our_first_dag_v5.first_task scheduled__2022-07-28T00:00:00+00:00 [queued]>
[2022-08-06 19:39:42,677] {taskinstance.py:1179} INFO - Dependencies all met for <TaskInstance: our_first_dag_v5.first_task scheduled__2022-07-28T00:00:00+00:00 [queued]>
[2022-08-06 19:39:42,677] {taskinstance.py:1376} INFO - 
--------------------------------------------------------------------------------
[2022-08-06 19:39:42,677] {taskinstance.py:1377} INFO - Starting attempt 1 of 6
[2022-08-06 19:39:42,677] {taskinstance.py:1378} INFO - 
--------------------------------------------------------------------------------
[2022-08-06 19:39:42,696] {taskinstance.py:1397} INFO - Executing <Task(BashOperator): first_task> on 2022-07-28 00:00:00+00:00
[2022-08-06 19:39:42,703] {standard_task_runner.py:52} INFO - Started process 3515 to run task
[2022-08-06 19:39:42,705] {standard_task_runner.py:79} INFO - Running: ['***', 'tasks', 'run', 'our_first_dag_v5', 'first_task', 'scheduled__2022-07-28T00:00:00+00:00', '--job-id', '1088', '--raw', '--subdir', 'DAGS_FOLDER/pipeline.py', '--cfg-path', '/tmp/tmpe6krmmsw', '--error-file', '/tmp/tmp5k3ew4nz']
[2022-08-06 19:39:42,706] {standard_task_runner.py:80} INFO - Job 1088: Subtask first_task
[2022-08-06 19:39:42,776] {task_command.py:371} INFO - Running <TaskInstance: our_first_dag_v5.first_task scheduled__2022-07-28T00:00:00+00:00 [running]> on host b29c168c1666
[2022-08-06 19:39:42,886] {taskinstance.py:1591} INFO - Exporting the following env vars:
AIRFLOW_CTX_DAG_OWNER=coder2j
AIRFLOW_CTX_DAG_ID=our_first_dag_v5
AIRFLOW_CTX_TASK_ID=first_task
AIRFLOW_CTX_EXECUTION_DATE=2022-07-28T00:00:00+00:00
AIRFLOW_CTX_TRY_NUMBER=1
AIRFLOW_CTX_DAG_RUN_ID=scheduled__2022-07-28T00:00:00+00:00
[2022-08-06 19:39:42,887] {subprocess.py:62} INFO - Tmp dir root location: 
 /tmp
[2022-08-06 19:39:42,889] {subprocess.py:74} INFO - Running command: ['bash', '-c', 'echo hello world, this is the first task!']
[2022-08-06 19:39:42,907] {subprocess.py:85} INFO - Output:
[2022-08-06 19:39:42,909] {subprocess.py:92} INFO - hello world, this is the first task!
[2022-08-06 19:39:42,909] {subprocess.py:96} INFO - Command exited with return code 0
[2022-08-06 19:39:42,947] {taskinstance.py:1420} INFO - Marking task as SUCCESS. dag_id=our_first_dag_v5, task_id=first_task, execution_date=20220728T000000, start_date=20220806T193942, end_date=20220806T193942
[2022-08-06 19:39:42,997] {local_task_job.py:156} INFO - Task exited with return code 0
[2022-08-06 19:39:43,072] {local_task_job.py:273} INFO - 0 downstream tasks scheduled from follow-on schedule check
[2022-08-06 21:53:36,644] {taskinstance.py:1179} INFO - Dependencies all met for <TaskInstance: our_first_dag_v5.first_task scheduled__2022-07-28T00:00:00+00:00 [queued]>
[2022-08-06 21:53:36,662] {taskinstance.py:1179} INFO - Dependencies all met for <TaskInstance: our_first_dag_v5.first_task scheduled__2022-07-28T00:00:00+00:00 [queued]>
[2022-08-06 21:53:36,662] {taskinstance.py:1376} INFO - 
--------------------------------------------------------------------------------
[2022-08-06 21:53:36,662] {taskinstance.py:1377} INFO - Starting attempt 1 of 6
[2022-08-06 21:53:36,662] {taskinstance.py:1378} INFO - 
--------------------------------------------------------------------------------
[2022-08-06 21:53:36,682] {taskinstance.py:1397} INFO - Executing <Task(BashOperator): first_task> on 2022-07-28 00:00:00+00:00
[2022-08-06 21:53:36,689] {standard_task_runner.py:52} INFO - Started process 3703 to run task
[2022-08-06 21:53:36,692] {standard_task_runner.py:79} INFO - Running: ['***', 'tasks', 'run', 'our_first_dag_v5', 'first_task', 'scheduled__2022-07-28T00:00:00+00:00', '--job-id', '1086', '--raw', '--subdir', 'DAGS_FOLDER/pipeline.py', '--cfg-path', '/tmp/tmp696mgy3p', '--error-file', '/tmp/tmpjuvf8s8p']
[2022-08-06 21:53:36,692] {standard_task_runner.py:80} INFO - Job 1086: Subtask first_task
[2022-08-06 21:53:36,768] {task_command.py:371} INFO - Running <TaskInstance: our_first_dag_v5.first_task scheduled__2022-07-28T00:00:00+00:00 [running]> on host c3f731879890
[2022-08-06 21:53:36,880] {taskinstance.py:1591} INFO - Exporting the following env vars:
AIRFLOW_CTX_DAG_OWNER=coder2j
AIRFLOW_CTX_DAG_ID=our_first_dag_v5
AIRFLOW_CTX_TASK_ID=first_task
AIRFLOW_CTX_EXECUTION_DATE=2022-07-28T00:00:00+00:00
AIRFLOW_CTX_TRY_NUMBER=1
AIRFLOW_CTX_DAG_RUN_ID=scheduled__2022-07-28T00:00:00+00:00
[2022-08-06 21:53:36,881] {subprocess.py:62} INFO - Tmp dir root location: 
 /tmp
[2022-08-06 21:53:36,882] {subprocess.py:74} INFO - Running command: ['bash', '-c', 'echo hello world, this is the first task!']
[2022-08-06 21:53:36,897] {subprocess.py:85} INFO - Output:
[2022-08-06 21:53:36,898] {subprocess.py:92} INFO - hello world, this is the first task!
[2022-08-06 21:53:36,899] {subprocess.py:96} INFO - Command exited with return code 0
[2022-08-06 21:53:36,941] {taskinstance.py:1420} INFO - Marking task as SUCCESS. dag_id=our_first_dag_v5, task_id=first_task, execution_date=20220728T000000, start_date=20220806T215336, end_date=20220806T215336
[2022-08-06 21:53:36,988] {local_task_job.py:156} INFO - Task exited with return code 0
[2022-08-06 21:53:37,041] {local_task_job.py:273} INFO - 2 downstream tasks scheduled from follow-on schedule check
[2022-08-06 21:58:57,679] {taskinstance.py:1179} INFO - Dependencies all met for <TaskInstance: our_first_dag_v5.first_task scheduled__2022-07-28T00:00:00+00:00 [queued]>
[2022-08-06 21:58:57,696] {taskinstance.py:1179} INFO - Dependencies all met for <TaskInstance: our_first_dag_v5.first_task scheduled__2022-07-28T00:00:00+00:00 [queued]>
[2022-08-06 21:58:57,696] {taskinstance.py:1376} INFO - 
--------------------------------------------------------------------------------
[2022-08-06 21:58:57,696] {taskinstance.py:1377} INFO - Starting attempt 1 of 6
[2022-08-06 21:58:57,696] {taskinstance.py:1378} INFO - 
--------------------------------------------------------------------------------
[2022-08-06 21:58:57,716] {taskinstance.py:1397} INFO - Executing <Task(BashOperator): first_task> on 2022-07-28 00:00:00+00:00
[2022-08-06 21:58:57,724] {standard_task_runner.py:52} INFO - Started process 3499 to run task
[2022-08-06 21:58:57,728] {standard_task_runner.py:79} INFO - Running: ['***', 'tasks', 'run', 'our_first_dag_v5', 'first_task', 'scheduled__2022-07-28T00:00:00+00:00', '--job-id', '1088', '--raw', '--subdir', 'DAGS_FOLDER/pipeline.py', '--cfg-path', '/tmp/tmpl1wzf2uf', '--error-file', '/tmp/tmp2hx1mw57']
[2022-08-06 21:58:57,728] {standard_task_runner.py:80} INFO - Job 1088: Subtask first_task
[2022-08-06 21:58:57,815] {task_command.py:371} INFO - Running <TaskInstance: our_first_dag_v5.first_task scheduled__2022-07-28T00:00:00+00:00 [running]> on host bc7e154a4fdd
[2022-08-06 21:58:57,915] {taskinstance.py:1591} INFO - Exporting the following env vars:
AIRFLOW_CTX_DAG_OWNER=coder2j
AIRFLOW_CTX_DAG_ID=our_first_dag_v5
AIRFLOW_CTX_TASK_ID=first_task
AIRFLOW_CTX_EXECUTION_DATE=2022-07-28T00:00:00+00:00
AIRFLOW_CTX_TRY_NUMBER=1
AIRFLOW_CTX_DAG_RUN_ID=scheduled__2022-07-28T00:00:00+00:00
[2022-08-06 21:58:57,916] {subprocess.py:62} INFO - Tmp dir root location: 
 /tmp
[2022-08-06 21:58:57,916] {subprocess.py:74} INFO - Running command: ['bash', '-c', 'echo hello world, this is the first task!']
[2022-08-06 21:58:57,928] {subprocess.py:85} INFO - Output:
[2022-08-06 21:58:57,930] {subprocess.py:92} INFO - hello world, this is the first task!
[2022-08-06 21:58:57,930] {subprocess.py:96} INFO - Command exited with return code 0
[2022-08-06 21:58:57,965] {taskinstance.py:1420} INFO - Marking task as SUCCESS. dag_id=our_first_dag_v5, task_id=first_task, execution_date=20220728T000000, start_date=20220806T215857, end_date=20220806T215857
[2022-08-06 21:58:58,019] {local_task_job.py:156} INFO - Task exited with return code 0
[2022-08-06 21:58:58,067] {local_task_job.py:273} INFO - 2 downstream tasks scheduled from follow-on schedule check
[2022-08-06 22:13:58,905] {taskinstance.py:1179} INFO - Dependencies all met for <TaskInstance: our_first_dag_v5.first_task scheduled__2022-07-28T00:00:00+00:00 [queued]>
[2022-08-06 22:13:58,917] {taskinstance.py:1179} INFO - Dependencies all met for <TaskInstance: our_first_dag_v5.first_task scheduled__2022-07-28T00:00:00+00:00 [queued]>
[2022-08-06 22:13:58,917] {taskinstance.py:1376} INFO - 
--------------------------------------------------------------------------------
[2022-08-06 22:13:58,917] {taskinstance.py:1377} INFO - Starting attempt 1 of 6
[2022-08-06 22:13:58,917] {taskinstance.py:1378} INFO - 
--------------------------------------------------------------------------------
[2022-08-06 22:13:58,933] {taskinstance.py:1397} INFO - Executing <Task(BashOperator): first_task> on 2022-07-28 00:00:00+00:00
[2022-08-06 22:13:58,939] {standard_task_runner.py:52} INFO - Started process 3508 to run task
[2022-08-06 22:13:58,941] {standard_task_runner.py:79} INFO - Running: ['***', 'tasks', 'run', 'our_first_dag_v5', 'first_task', 'scheduled__2022-07-28T00:00:00+00:00', '--job-id', '1088', '--raw', '--subdir', 'DAGS_FOLDER/pipeline.py', '--cfg-path', '/tmp/tmpoax4guit', '--error-file', '/tmp/tmp1428xu8r']
[2022-08-06 22:13:58,941] {standard_task_runner.py:80} INFO - Job 1088: Subtask first_task
[2022-08-06 22:13:59,007] {task_command.py:371} INFO - Running <TaskInstance: our_first_dag_v5.first_task scheduled__2022-07-28T00:00:00+00:00 [running]> on host 1250c3b659cd
[2022-08-06 22:13:59,104] {taskinstance.py:1591} INFO - Exporting the following env vars:
AIRFLOW_CTX_DAG_OWNER=coder2j
AIRFLOW_CTX_DAG_ID=our_first_dag_v5
AIRFLOW_CTX_TASK_ID=first_task
AIRFLOW_CTX_EXECUTION_DATE=2022-07-28T00:00:00+00:00
AIRFLOW_CTX_TRY_NUMBER=1
AIRFLOW_CTX_DAG_RUN_ID=scheduled__2022-07-28T00:00:00+00:00
[2022-08-06 22:13:59,105] {subprocess.py:62} INFO - Tmp dir root location: 
 /tmp
[2022-08-06 22:13:59,105] {subprocess.py:74} INFO - Running command: ['bash', '-c', 'echo hello world, this is the first task!']
[2022-08-06 22:13:59,118] {subprocess.py:85} INFO - Output:
[2022-08-06 22:13:59,120] {subprocess.py:92} INFO - hello world, this is the first task!
[2022-08-06 22:13:59,120] {subprocess.py:96} INFO - Command exited with return code 0
[2022-08-06 22:13:59,189] {taskinstance.py:1420} INFO - Marking task as SUCCESS. dag_id=our_first_dag_v5, task_id=first_task, execution_date=20220728T000000, start_date=20220806T221358, end_date=20220806T221359
[2022-08-06 22:13:59,233] {local_task_job.py:156} INFO - Task exited with return code 0
[2022-08-06 22:13:59,289] {local_task_job.py:273} INFO - 2 downstream tasks scheduled from follow-on schedule check
[2022-08-06 22:25:14,076] {taskinstance.py:1179} INFO - Dependencies all met for <TaskInstance: our_first_dag_v5.first_task scheduled__2022-07-28T00:00:00+00:00 [queued]>
[2022-08-06 22:25:14,091] {taskinstance.py:1179} INFO - Dependencies all met for <TaskInstance: our_first_dag_v5.first_task scheduled__2022-07-28T00:00:00+00:00 [queued]>
[2022-08-06 22:25:14,091] {taskinstance.py:1376} INFO - 
--------------------------------------------------------------------------------
[2022-08-06 22:25:14,091] {taskinstance.py:1377} INFO - Starting attempt 1 of 6
[2022-08-06 22:25:14,091] {taskinstance.py:1378} INFO - 
--------------------------------------------------------------------------------
[2022-08-06 22:25:14,110] {taskinstance.py:1397} INFO - Executing <Task(BashOperator): first_task> on 2022-07-28 00:00:00+00:00
[2022-08-06 22:25:14,117] {standard_task_runner.py:52} INFO - Started process 3547 to run task
[2022-08-06 22:25:14,120] {standard_task_runner.py:79} INFO - Running: ['***', 'tasks', 'run', 'our_first_dag_v5', 'first_task', 'scheduled__2022-07-28T00:00:00+00:00', '--job-id', '1087', '--raw', '--subdir', 'DAGS_FOLDER/pipeline.py', '--cfg-path', '/tmp/tmp4p1tc08v', '--error-file', '/tmp/tmp82w3qvpk']
[2022-08-06 22:25:14,120] {standard_task_runner.py:80} INFO - Job 1087: Subtask first_task
[2022-08-06 22:25:14,199] {task_command.py:371} INFO - Running <TaskInstance: our_first_dag_v5.first_task scheduled__2022-07-28T00:00:00+00:00 [running]> on host b215076695c3
[2022-08-06 22:25:14,312] {taskinstance.py:1591} INFO - Exporting the following env vars:
AIRFLOW_CTX_DAG_OWNER=coder2j
AIRFLOW_CTX_DAG_ID=our_first_dag_v5
AIRFLOW_CTX_TASK_ID=first_task
AIRFLOW_CTX_EXECUTION_DATE=2022-07-28T00:00:00+00:00
AIRFLOW_CTX_TRY_NUMBER=1
AIRFLOW_CTX_DAG_RUN_ID=scheduled__2022-07-28T00:00:00+00:00
[2022-08-06 22:25:14,313] {subprocess.py:62} INFO - Tmp dir root location: 
 /tmp
[2022-08-06 22:25:14,313] {subprocess.py:74} INFO - Running command: ['bash', '-c', 'echo hello world, this is the first task!']
[2022-08-06 22:25:14,329] {subprocess.py:85} INFO - Output:
[2022-08-06 22:25:14,331] {subprocess.py:92} INFO - hello world, this is the first task!
[2022-08-06 22:25:14,331] {subprocess.py:96} INFO - Command exited with return code 0
[2022-08-06 22:25:14,419] {taskinstance.py:1420} INFO - Marking task as SUCCESS. dag_id=our_first_dag_v5, task_id=first_task, execution_date=20220728T000000, start_date=20220806T222514, end_date=20220806T222514
[2022-08-06 22:25:14,452] {local_task_job.py:156} INFO - Task exited with return code 0
[2022-08-06 22:25:14,502] {local_task_job.py:273} INFO - 2 downstream tasks scheduled from follow-on schedule check
