[2022-08-06 19:37:31,291] {taskinstance.py:1179} INFO - Dependencies all met for <TaskInstance: our_first_dag_v5.first_task scheduled__2021-12-24T00:00:00+00:00 [queued]>
[2022-08-06 19:37:31,305] {taskinstance.py:1179} INFO - Dependencies all met for <TaskInstance: our_first_dag_v5.first_task scheduled__2021-12-24T00:00:00+00:00 [queued]>
[2022-08-06 19:37:31,305] {taskinstance.py:1376} INFO - 
--------------------------------------------------------------------------------
[2022-08-06 19:37:31,305] {taskinstance.py:1377} INFO - Starting attempt 1 of 6
[2022-08-06 19:37:31,305] {taskinstance.py:1378} INFO - 
--------------------------------------------------------------------------------
[2022-08-06 19:37:31,325] {taskinstance.py:1397} INFO - Executing <Task(BashOperator): first_task> on 2021-12-24 00:00:00+00:00
[2022-08-06 19:37:31,332] {standard_task_runner.py:52} INFO - Started process 1467 to run task
[2022-08-06 19:37:31,335] {standard_task_runner.py:79} INFO - Running: ['***', 'tasks', 'run', 'our_first_dag_v5', 'first_task', 'scheduled__2021-12-24T00:00:00+00:00', '--job-id', '440', '--raw', '--subdir', 'DAGS_FOLDER/pipeline.py', '--cfg-path', '/tmp/tmpuumoorkj', '--error-file', '/tmp/tmpcupdbpep']
[2022-08-06 19:37:31,335] {standard_task_runner.py:80} INFO - Job 440: Subtask first_task
[2022-08-06 19:37:31,425] {task_command.py:371} INFO - Running <TaskInstance: our_first_dag_v5.first_task scheduled__2021-12-24T00:00:00+00:00 [running]> on host b29c168c1666
[2022-08-06 19:37:31,545] {taskinstance.py:1591} INFO - Exporting the following env vars:
AIRFLOW_CTX_DAG_OWNER=coder2j
AIRFLOW_CTX_DAG_ID=our_first_dag_v5
AIRFLOW_CTX_TASK_ID=first_task
AIRFLOW_CTX_EXECUTION_DATE=2021-12-24T00:00:00+00:00
AIRFLOW_CTX_TRY_NUMBER=1
AIRFLOW_CTX_DAG_RUN_ID=scheduled__2021-12-24T00:00:00+00:00
[2022-08-06 19:37:31,546] {subprocess.py:62} INFO - Tmp dir root location: 
 /tmp
[2022-08-06 19:37:31,547] {subprocess.py:74} INFO - Running command: ['bash', '-c', 'echo hello world, this is the first task!']
[2022-08-06 19:37:31,564] {subprocess.py:85} INFO - Output:
[2022-08-06 19:37:31,566] {subprocess.py:92} INFO - hello world, this is the first task!
[2022-08-06 19:37:31,567] {subprocess.py:96} INFO - Command exited with return code 0
[2022-08-06 19:37:31,658] {taskinstance.py:1420} INFO - Marking task as SUCCESS. dag_id=our_first_dag_v5, task_id=first_task, execution_date=20211224T000000, start_date=20220806T193731, end_date=20220806T193731
[2022-08-06 19:37:31,707] {local_task_job.py:156} INFO - Task exited with return code 0
[2022-08-06 19:37:31,769] {local_task_job.py:273} INFO - 2 downstream tasks scheduled from follow-on schedule check
[2022-08-06 21:51:24,350] {taskinstance.py:1179} INFO - Dependencies all met for <TaskInstance: our_first_dag_v5.first_task scheduled__2021-12-24T00:00:00+00:00 [queued]>
[2022-08-06 21:51:24,366] {taskinstance.py:1179} INFO - Dependencies all met for <TaskInstance: our_first_dag_v5.first_task scheduled__2021-12-24T00:00:00+00:00 [queued]>
[2022-08-06 21:51:24,366] {taskinstance.py:1376} INFO - 
--------------------------------------------------------------------------------
[2022-08-06 21:51:24,366] {taskinstance.py:1377} INFO - Starting attempt 1 of 6
[2022-08-06 21:51:24,366] {taskinstance.py:1378} INFO - 
--------------------------------------------------------------------------------
[2022-08-06 21:51:24,387] {taskinstance.py:1397} INFO - Executing <Task(BashOperator): first_task> on 2021-12-24 00:00:00+00:00
[2022-08-06 21:51:24,396] {standard_task_runner.py:52} INFO - Started process 1651 to run task
[2022-08-06 21:51:24,399] {standard_task_runner.py:79} INFO - Running: ['***', 'tasks', 'run', 'our_first_dag_v5', 'first_task', 'scheduled__2021-12-24T00:00:00+00:00', '--job-id', '439', '--raw', '--subdir', 'DAGS_FOLDER/pipeline.py', '--cfg-path', '/tmp/tmpj_9xijka', '--error-file', '/tmp/tmpeqw2qa5n']
[2022-08-06 21:51:24,399] {standard_task_runner.py:80} INFO - Job 439: Subtask first_task
[2022-08-06 21:51:24,508] {task_command.py:371} INFO - Running <TaskInstance: our_first_dag_v5.first_task scheduled__2021-12-24T00:00:00+00:00 [running]> on host c3f731879890
[2022-08-06 21:51:24,623] {taskinstance.py:1591} INFO - Exporting the following env vars:
AIRFLOW_CTX_DAG_OWNER=coder2j
AIRFLOW_CTX_DAG_ID=our_first_dag_v5
AIRFLOW_CTX_TASK_ID=first_task
AIRFLOW_CTX_EXECUTION_DATE=2021-12-24T00:00:00+00:00
AIRFLOW_CTX_TRY_NUMBER=1
AIRFLOW_CTX_DAG_RUN_ID=scheduled__2021-12-24T00:00:00+00:00
[2022-08-06 21:51:24,624] {subprocess.py:62} INFO - Tmp dir root location: 
 /tmp
[2022-08-06 21:51:24,625] {subprocess.py:74} INFO - Running command: ['bash', '-c', 'echo hello world, this is the first task!']
[2022-08-06 21:51:24,643] {subprocess.py:85} INFO - Output:
[2022-08-06 21:51:24,645] {subprocess.py:92} INFO - hello world, this is the first task!
[2022-08-06 21:51:24,646] {subprocess.py:96} INFO - Command exited with return code 0
[2022-08-06 21:51:24,730] {taskinstance.py:1420} INFO - Marking task as SUCCESS. dag_id=our_first_dag_v5, task_id=first_task, execution_date=20211224T000000, start_date=20220806T215124, end_date=20220806T215124
[2022-08-06 21:51:24,774] {local_task_job.py:156} INFO - Task exited with return code 0
[2022-08-06 21:51:24,821] {local_task_job.py:273} INFO - 2 downstream tasks scheduled from follow-on schedule check
[2022-08-06 21:56:50,619] {taskinstance.py:1179} INFO - Dependencies all met for <TaskInstance: our_first_dag_v5.first_task scheduled__2021-12-24T00:00:00+00:00 [queued]>
[2022-08-06 21:56:50,630] {taskinstance.py:1179} INFO - Dependencies all met for <TaskInstance: our_first_dag_v5.first_task scheduled__2021-12-24T00:00:00+00:00 [queued]>
[2022-08-06 21:56:50,630] {taskinstance.py:1376} INFO - 
--------------------------------------------------------------------------------
[2022-08-06 21:56:50,630] {taskinstance.py:1377} INFO - Starting attempt 1 of 6
[2022-08-06 21:56:50,630] {taskinstance.py:1378} INFO - 
--------------------------------------------------------------------------------
[2022-08-06 21:56:50,645] {taskinstance.py:1397} INFO - Executing <Task(BashOperator): first_task> on 2021-12-24 00:00:00+00:00
[2022-08-06 21:56:50,652] {standard_task_runner.py:52} INFO - Started process 1457 to run task
[2022-08-06 21:56:50,654] {standard_task_runner.py:79} INFO - Running: ['***', 'tasks', 'run', 'our_first_dag_v5', 'first_task', 'scheduled__2021-12-24T00:00:00+00:00', '--job-id', '440', '--raw', '--subdir', 'DAGS_FOLDER/pipeline.py', '--cfg-path', '/tmp/tmp2gvu7mq_', '--error-file', '/tmp/tmpz4vwt_la']
[2022-08-06 21:56:50,654] {standard_task_runner.py:80} INFO - Job 440: Subtask first_task
[2022-08-06 21:56:50,710] {task_command.py:371} INFO - Running <TaskInstance: our_first_dag_v5.first_task scheduled__2021-12-24T00:00:00+00:00 [running]> on host bc7e154a4fdd
[2022-08-06 21:56:50,803] {taskinstance.py:1591} INFO - Exporting the following env vars:
AIRFLOW_CTX_DAG_OWNER=coder2j
AIRFLOW_CTX_DAG_ID=our_first_dag_v5
AIRFLOW_CTX_TASK_ID=first_task
AIRFLOW_CTX_EXECUTION_DATE=2021-12-24T00:00:00+00:00
AIRFLOW_CTX_TRY_NUMBER=1
AIRFLOW_CTX_DAG_RUN_ID=scheduled__2021-12-24T00:00:00+00:00
[2022-08-06 21:56:50,804] {subprocess.py:62} INFO - Tmp dir root location: 
 /tmp
[2022-08-06 21:56:50,805] {subprocess.py:74} INFO - Running command: ['bash', '-c', 'echo hello world, this is the first task!']
[2022-08-06 21:56:50,818] {subprocess.py:85} INFO - Output:
[2022-08-06 21:56:50,820] {subprocess.py:92} INFO - hello world, this is the first task!
[2022-08-06 21:56:50,820] {subprocess.py:96} INFO - Command exited with return code 0
[2022-08-06 21:56:50,851] {taskinstance.py:1420} INFO - Marking task as SUCCESS. dag_id=our_first_dag_v5, task_id=first_task, execution_date=20211224T000000, start_date=20220806T215650, end_date=20220806T215650
[2022-08-06 21:56:50,906] {local_task_job.py:156} INFO - Task exited with return code 0
[2022-08-06 21:56:50,939] {local_task_job.py:273} INFO - 0 downstream tasks scheduled from follow-on schedule check
[2022-08-06 22:11:51,997] {taskinstance.py:1179} INFO - Dependencies all met for <TaskInstance: our_first_dag_v5.first_task scheduled__2021-12-24T00:00:00+00:00 [queued]>
[2022-08-06 22:11:52,020] {taskinstance.py:1179} INFO - Dependencies all met for <TaskInstance: our_first_dag_v5.first_task scheduled__2021-12-24T00:00:00+00:00 [queued]>
[2022-08-06 22:11:52,020] {taskinstance.py:1376} INFO - 
--------------------------------------------------------------------------------
[2022-08-06 22:11:52,020] {taskinstance.py:1377} INFO - Starting attempt 1 of 6
[2022-08-06 22:11:52,020] {taskinstance.py:1378} INFO - 
--------------------------------------------------------------------------------
[2022-08-06 22:11:52,041] {taskinstance.py:1397} INFO - Executing <Task(BashOperator): first_task> on 2021-12-24 00:00:00+00:00
[2022-08-06 22:11:52,049] {standard_task_runner.py:52} INFO - Started process 1463 to run task
[2022-08-06 22:11:52,053] {standard_task_runner.py:79} INFO - Running: ['***', 'tasks', 'run', 'our_first_dag_v5', 'first_task', 'scheduled__2021-12-24T00:00:00+00:00', '--job-id', '439', '--raw', '--subdir', 'DAGS_FOLDER/pipeline.py', '--cfg-path', '/tmp/tmpoq5g7qjj', '--error-file', '/tmp/tmpyldsj0n8']
[2022-08-06 22:11:52,053] {standard_task_runner.py:80} INFO - Job 439: Subtask first_task
[2022-08-06 22:11:52,153] {task_command.py:371} INFO - Running <TaskInstance: our_first_dag_v5.first_task scheduled__2021-12-24T00:00:00+00:00 [running]> on host 1250c3b659cd
[2022-08-06 22:11:52,253] {taskinstance.py:1591} INFO - Exporting the following env vars:
AIRFLOW_CTX_DAG_OWNER=coder2j
AIRFLOW_CTX_DAG_ID=our_first_dag_v5
AIRFLOW_CTX_TASK_ID=first_task
AIRFLOW_CTX_EXECUTION_DATE=2021-12-24T00:00:00+00:00
AIRFLOW_CTX_TRY_NUMBER=1
AIRFLOW_CTX_DAG_RUN_ID=scheduled__2021-12-24T00:00:00+00:00
[2022-08-06 22:11:52,254] {subprocess.py:62} INFO - Tmp dir root location: 
 /tmp
[2022-08-06 22:11:52,254] {subprocess.py:74} INFO - Running command: ['bash', '-c', 'echo hello world, this is the first task!']
[2022-08-06 22:11:52,268] {subprocess.py:85} INFO - Output:
[2022-08-06 22:11:52,269] {subprocess.py:92} INFO - hello world, this is the first task!
[2022-08-06 22:11:52,270] {subprocess.py:96} INFO - Command exited with return code 0
[2022-08-06 22:11:52,306] {taskinstance.py:1420} INFO - Marking task as SUCCESS. dag_id=our_first_dag_v5, task_id=first_task, execution_date=20211224T000000, start_date=20220806T221151, end_date=20220806T221152
[2022-08-06 22:11:52,354] {local_task_job.py:156} INFO - Task exited with return code 0
[2022-08-06 22:11:52,417] {local_task_job.py:273} INFO - 2 downstream tasks scheduled from follow-on schedule check
[2022-08-06 22:23:15,629] {taskinstance.py:1179} INFO - Dependencies all met for <TaskInstance: our_first_dag_v5.first_task scheduled__2021-12-24T00:00:00+00:00 [queued]>
[2022-08-06 22:23:15,639] {taskinstance.py:1179} INFO - Dependencies all met for <TaskInstance: our_first_dag_v5.first_task scheduled__2021-12-24T00:00:00+00:00 [queued]>
[2022-08-06 22:23:15,639] {taskinstance.py:1376} INFO - 
--------------------------------------------------------------------------------
[2022-08-06 22:23:15,639] {taskinstance.py:1377} INFO - Starting attempt 1 of 6
[2022-08-06 22:23:15,639] {taskinstance.py:1378} INFO - 
--------------------------------------------------------------------------------
[2022-08-06 22:23:15,654] {taskinstance.py:1397} INFO - Executing <Task(BashOperator): first_task> on 2021-12-24 00:00:00+00:00
[2022-08-06 22:23:15,659] {standard_task_runner.py:52} INFO - Started process 1532 to run task
[2022-08-06 22:23:15,662] {standard_task_runner.py:79} INFO - Running: ['***', 'tasks', 'run', 'our_first_dag_v5', 'first_task', 'scheduled__2021-12-24T00:00:00+00:00', '--job-id', '447', '--raw', '--subdir', 'DAGS_FOLDER/pipeline.py', '--cfg-path', '/tmp/tmptratxclj', '--error-file', '/tmp/tmphfbj072w']
[2022-08-06 22:23:15,663] {standard_task_runner.py:80} INFO - Job 447: Subtask first_task
[2022-08-06 22:23:15,731] {task_command.py:371} INFO - Running <TaskInstance: our_first_dag_v5.first_task scheduled__2021-12-24T00:00:00+00:00 [running]> on host b215076695c3
[2022-08-06 22:23:15,810] {taskinstance.py:1591} INFO - Exporting the following env vars:
AIRFLOW_CTX_DAG_OWNER=coder2j
AIRFLOW_CTX_DAG_ID=our_first_dag_v5
AIRFLOW_CTX_TASK_ID=first_task
AIRFLOW_CTX_EXECUTION_DATE=2021-12-24T00:00:00+00:00
AIRFLOW_CTX_TRY_NUMBER=1
AIRFLOW_CTX_DAG_RUN_ID=scheduled__2021-12-24T00:00:00+00:00
[2022-08-06 22:23:15,811] {subprocess.py:62} INFO - Tmp dir root location: 
 /tmp
[2022-08-06 22:23:15,811] {subprocess.py:74} INFO - Running command: ['bash', '-c', 'echo hello world, this is the first task!']
[2022-08-06 22:23:15,826] {subprocess.py:85} INFO - Output:
[2022-08-06 22:23:15,828] {subprocess.py:92} INFO - hello world, this is the first task!
[2022-08-06 22:23:15,828] {subprocess.py:96} INFO - Command exited with return code 0
[2022-08-06 22:23:15,862] {taskinstance.py:1420} INFO - Marking task as SUCCESS. dag_id=our_first_dag_v5, task_id=first_task, execution_date=20211224T000000, start_date=20220806T222315, end_date=20220806T222315
[2022-08-06 22:23:15,913] {local_task_job.py:156} INFO - Task exited with return code 0
[2022-08-06 22:23:15,952] {local_task_job.py:273} INFO - 0 downstream tasks scheduled from follow-on schedule check
