[2022-08-06 19:38:20,275] {taskinstance.py:1179} INFO - Dependencies all met for <TaskInstance: our_first_dag_v5.second_task scheduled__2022-03-13T00:00:00+00:00 [queued]>
[2022-08-06 19:38:20,290] {taskinstance.py:1179} INFO - Dependencies all met for <TaskInstance: our_first_dag_v5.second_task scheduled__2022-03-13T00:00:00+00:00 [queued]>
[2022-08-06 19:38:20,290] {taskinstance.py:1376} INFO - 
--------------------------------------------------------------------------------
[2022-08-06 19:38:20,290] {taskinstance.py:1377} INFO - Starting attempt 1 of 6
[2022-08-06 19:38:20,290] {taskinstance.py:1378} INFO - 
--------------------------------------------------------------------------------
[2022-08-06 19:38:20,308] {taskinstance.py:1397} INFO - Executing <Task(BashOperator): second_task> on 2022-03-13 00:00:00+00:00
[2022-08-06 19:38:20,315] {standard_task_runner.py:52} INFO - Started process 2239 to run task
[2022-08-06 19:38:20,318] {standard_task_runner.py:79} INFO - Running: ['***', 'tasks', 'run', 'our_first_dag_v5', 'second_task', 'scheduled__2022-03-13T00:00:00+00:00', '--job-id', '684', '--raw', '--subdir', 'DAGS_FOLDER/pipeline.py', '--cfg-path', '/tmp/tmp5rcbnalq', '--error-file', '/tmp/tmp_yjolozb']
[2022-08-06 19:38:20,319] {standard_task_runner.py:80} INFO - Job 684: Subtask second_task
[2022-08-06 19:38:20,395] {task_command.py:371} INFO - Running <TaskInstance: our_first_dag_v5.second_task scheduled__2022-03-13T00:00:00+00:00 [running]> on host b29c168c1666
[2022-08-06 19:38:20,479] {taskinstance.py:1591} INFO - Exporting the following env vars:
AIRFLOW_CTX_DAG_OWNER=coder2j
AIRFLOW_CTX_DAG_ID=our_first_dag_v5
AIRFLOW_CTX_TASK_ID=second_task
AIRFLOW_CTX_EXECUTION_DATE=2022-03-13T00:00:00+00:00
AIRFLOW_CTX_TRY_NUMBER=1
AIRFLOW_CTX_DAG_RUN_ID=scheduled__2022-03-13T00:00:00+00:00
[2022-08-06 19:38:20,480] {subprocess.py:62} INFO - Tmp dir root location: 
 /tmp
[2022-08-06 19:38:20,481] {subprocess.py:74} INFO - Running command: ['bash', '-c', 'echo hey, I am task2 and will be running after task1!']
[2022-08-06 19:38:20,493] {subprocess.py:85} INFO - Output:
[2022-08-06 19:38:20,494] {subprocess.py:92} INFO - hey, I am task2 and will be running after task1!
[2022-08-06 19:38:20,494] {subprocess.py:96} INFO - Command exited with return code 0
[2022-08-06 19:38:20,526] {taskinstance.py:1420} INFO - Marking task as SUCCESS. dag_id=our_first_dag_v5, task_id=second_task, execution_date=20220313T000000, start_date=20220806T193820, end_date=20220806T193820
[2022-08-06 19:38:20,570] {local_task_job.py:156} INFO - Task exited with return code 0
[2022-08-06 19:38:20,607] {local_task_job.py:273} INFO - 0 downstream tasks scheduled from follow-on schedule check
[2022-08-06 21:52:14,346] {taskinstance.py:1179} INFO - Dependencies all met for <TaskInstance: our_first_dag_v5.second_task scheduled__2022-03-13T00:00:00+00:00 [queued]>
[2022-08-06 21:52:14,362] {taskinstance.py:1179} INFO - Dependencies all met for <TaskInstance: our_first_dag_v5.second_task scheduled__2022-03-13T00:00:00+00:00 [queued]>
[2022-08-06 21:52:14,363] {taskinstance.py:1376} INFO - 
--------------------------------------------------------------------------------
[2022-08-06 21:52:14,363] {taskinstance.py:1377} INFO - Starting attempt 1 of 6
[2022-08-06 21:52:14,363] {taskinstance.py:1378} INFO - 
--------------------------------------------------------------------------------
[2022-08-06 21:52:14,388] {taskinstance.py:1397} INFO - Executing <Task(BashOperator): second_task> on 2022-03-13 00:00:00+00:00
[2022-08-06 21:52:14,397] {standard_task_runner.py:52} INFO - Started process 2444 to run task
[2022-08-06 21:52:14,400] {standard_task_runner.py:79} INFO - Running: ['***', 'tasks', 'run', 'our_first_dag_v5', 'second_task', 'scheduled__2022-03-13T00:00:00+00:00', '--job-id', '687', '--raw', '--subdir', 'DAGS_FOLDER/pipeline.py', '--cfg-path', '/tmp/tmptjohsz3t', '--error-file', '/tmp/tmpaurvhtzq']
[2022-08-06 21:52:14,401] {standard_task_runner.py:80} INFO - Job 687: Subtask second_task
[2022-08-06 21:52:14,483] {task_command.py:371} INFO - Running <TaskInstance: our_first_dag_v5.second_task scheduled__2022-03-13T00:00:00+00:00 [running]> on host c3f731879890
[2022-08-06 21:52:14,598] {taskinstance.py:1591} INFO - Exporting the following env vars:
AIRFLOW_CTX_DAG_OWNER=coder2j
AIRFLOW_CTX_DAG_ID=our_first_dag_v5
AIRFLOW_CTX_TASK_ID=second_task
AIRFLOW_CTX_EXECUTION_DATE=2022-03-13T00:00:00+00:00
AIRFLOW_CTX_TRY_NUMBER=1
AIRFLOW_CTX_DAG_RUN_ID=scheduled__2022-03-13T00:00:00+00:00
[2022-08-06 21:52:14,599] {subprocess.py:62} INFO - Tmp dir root location: 
 /tmp
[2022-08-06 21:52:14,599] {subprocess.py:74} INFO - Running command: ['bash', '-c', 'echo hey, I am task2 and will be running after task1!']
[2022-08-06 21:52:14,615] {subprocess.py:85} INFO - Output:
[2022-08-06 21:52:14,617] {subprocess.py:92} INFO - hey, I am task2 and will be running after task1!
[2022-08-06 21:52:14,618] {subprocess.py:96} INFO - Command exited with return code 0
[2022-08-06 21:52:14,665] {taskinstance.py:1420} INFO - Marking task as SUCCESS. dag_id=our_first_dag_v5, task_id=second_task, execution_date=20220313T000000, start_date=20220806T215214, end_date=20220806T215214
[2022-08-06 21:52:14,694] {local_task_job.py:156} INFO - Task exited with return code 0
[2022-08-06 21:52:14,774] {local_task_job.py:273} INFO - 0 downstream tasks scheduled from follow-on schedule check
[2022-08-06 21:57:37,995] {taskinstance.py:1179} INFO - Dependencies all met for <TaskInstance: our_first_dag_v5.second_task scheduled__2022-03-13T00:00:00+00:00 [queued]>
[2022-08-06 21:57:38,010] {taskinstance.py:1179} INFO - Dependencies all met for <TaskInstance: our_first_dag_v5.second_task scheduled__2022-03-13T00:00:00+00:00 [queued]>
[2022-08-06 21:57:38,011] {taskinstance.py:1376} INFO - 
--------------------------------------------------------------------------------
[2022-08-06 21:57:38,011] {taskinstance.py:1377} INFO - Starting attempt 1 of 6
[2022-08-06 21:57:38,011] {taskinstance.py:1378} INFO - 
--------------------------------------------------------------------------------
[2022-08-06 21:57:38,027] {taskinstance.py:1397} INFO - Executing <Task(BashOperator): second_task> on 2022-03-13 00:00:00+00:00
[2022-08-06 21:57:38,034] {standard_task_runner.py:52} INFO - Started process 2224 to run task
[2022-08-06 21:57:38,037] {standard_task_runner.py:79} INFO - Running: ['***', 'tasks', 'run', 'our_first_dag_v5', 'second_task', 'scheduled__2022-03-13T00:00:00+00:00', '--job-id', '684', '--raw', '--subdir', 'DAGS_FOLDER/pipeline.py', '--cfg-path', '/tmp/tmp7t3_hso9', '--error-file', '/tmp/tmp56faz0ju']
[2022-08-06 21:57:38,038] {standard_task_runner.py:80} INFO - Job 684: Subtask second_task
[2022-08-06 21:57:38,120] {task_command.py:371} INFO - Running <TaskInstance: our_first_dag_v5.second_task scheduled__2022-03-13T00:00:00+00:00 [running]> on host bc7e154a4fdd
[2022-08-06 21:57:38,218] {taskinstance.py:1591} INFO - Exporting the following env vars:
AIRFLOW_CTX_DAG_OWNER=coder2j
AIRFLOW_CTX_DAG_ID=our_first_dag_v5
AIRFLOW_CTX_TASK_ID=second_task
AIRFLOW_CTX_EXECUTION_DATE=2022-03-13T00:00:00+00:00
AIRFLOW_CTX_TRY_NUMBER=1
AIRFLOW_CTX_DAG_RUN_ID=scheduled__2022-03-13T00:00:00+00:00
[2022-08-06 21:57:38,219] {subprocess.py:62} INFO - Tmp dir root location: 
 /tmp
[2022-08-06 21:57:38,219] {subprocess.py:74} INFO - Running command: ['bash', '-c', 'echo hey, I am task2 and will be running after task1!']
[2022-08-06 21:57:38,233] {subprocess.py:85} INFO - Output:
[2022-08-06 21:57:38,235] {subprocess.py:92} INFO - hey, I am task2 and will be running after task1!
[2022-08-06 21:57:38,236] {subprocess.py:96} INFO - Command exited with return code 0
[2022-08-06 21:57:38,272] {taskinstance.py:1420} INFO - Marking task as SUCCESS. dag_id=our_first_dag_v5, task_id=second_task, execution_date=20220313T000000, start_date=20220806T215737, end_date=20220806T215738
[2022-08-06 21:57:38,329] {local_task_job.py:156} INFO - Task exited with return code 0
[2022-08-06 21:57:38,418] {local_task_job.py:273} INFO - 0 downstream tasks scheduled from follow-on schedule check
[2022-08-06 22:12:38,417] {taskinstance.py:1179} INFO - Dependencies all met for <TaskInstance: our_first_dag_v5.second_task scheduled__2022-03-13T00:00:00+00:00 [queued]>
[2022-08-06 22:12:38,432] {taskinstance.py:1179} INFO - Dependencies all met for <TaskInstance: our_first_dag_v5.second_task scheduled__2022-03-13T00:00:00+00:00 [queued]>
[2022-08-06 22:12:38,432] {taskinstance.py:1376} INFO - 
--------------------------------------------------------------------------------
[2022-08-06 22:12:38,432] {taskinstance.py:1377} INFO - Starting attempt 1 of 6
[2022-08-06 22:12:38,432] {taskinstance.py:1378} INFO - 
--------------------------------------------------------------------------------
[2022-08-06 22:12:38,450] {taskinstance.py:1397} INFO - Executing <Task(BashOperator): second_task> on 2022-03-13 00:00:00+00:00
[2022-08-06 22:12:38,456] {standard_task_runner.py:52} INFO - Started process 2235 to run task
[2022-08-06 22:12:38,459] {standard_task_runner.py:79} INFO - Running: ['***', 'tasks', 'run', 'our_first_dag_v5', 'second_task', 'scheduled__2022-03-13T00:00:00+00:00', '--job-id', '684', '--raw', '--subdir', 'DAGS_FOLDER/pipeline.py', '--cfg-path', '/tmp/tmppmmhmzvc', '--error-file', '/tmp/tmpcro4jnc0']
[2022-08-06 22:12:38,459] {standard_task_runner.py:80} INFO - Job 684: Subtask second_task
[2022-08-06 22:12:38,528] {task_command.py:371} INFO - Running <TaskInstance: our_first_dag_v5.second_task scheduled__2022-03-13T00:00:00+00:00 [running]> on host 1250c3b659cd
[2022-08-06 22:12:38,612] {taskinstance.py:1591} INFO - Exporting the following env vars:
AIRFLOW_CTX_DAG_OWNER=coder2j
AIRFLOW_CTX_DAG_ID=our_first_dag_v5
AIRFLOW_CTX_TASK_ID=second_task
AIRFLOW_CTX_EXECUTION_DATE=2022-03-13T00:00:00+00:00
AIRFLOW_CTX_TRY_NUMBER=1
AIRFLOW_CTX_DAG_RUN_ID=scheduled__2022-03-13T00:00:00+00:00
[2022-08-06 22:12:38,613] {subprocess.py:62} INFO - Tmp dir root location: 
 /tmp
[2022-08-06 22:12:38,613] {subprocess.py:74} INFO - Running command: ['bash', '-c', 'echo hey, I am task2 and will be running after task1!']
[2022-08-06 22:12:38,625] {subprocess.py:85} INFO - Output:
[2022-08-06 22:12:38,626] {subprocess.py:92} INFO - hey, I am task2 and will be running after task1!
[2022-08-06 22:12:38,626] {subprocess.py:96} INFO - Command exited with return code 0
[2022-08-06 22:12:38,654] {taskinstance.py:1420} INFO - Marking task as SUCCESS. dag_id=our_first_dag_v5, task_id=second_task, execution_date=20220313T000000, start_date=20220806T221238, end_date=20220806T221238
[2022-08-06 22:12:38,670] {local_task_job.py:156} INFO - Task exited with return code 0
[2022-08-06 22:12:38,707] {local_task_job.py:273} INFO - 0 downstream tasks scheduled from follow-on schedule check
[2022-08-06 22:24:00,518] {taskinstance.py:1179} INFO - Dependencies all met for <TaskInstance: our_first_dag_v5.second_task scheduled__2022-03-13T00:00:00+00:00 [queued]>
[2022-08-06 22:24:00,541] {taskinstance.py:1179} INFO - Dependencies all met for <TaskInstance: our_first_dag_v5.second_task scheduled__2022-03-13T00:00:00+00:00 [queued]>
[2022-08-06 22:24:00,542] {taskinstance.py:1376} INFO - 
--------------------------------------------------------------------------------
[2022-08-06 22:24:00,542] {taskinstance.py:1377} INFO - Starting attempt 1 of 6
[2022-08-06 22:24:00,542] {taskinstance.py:1378} INFO - 
--------------------------------------------------------------------------------
[2022-08-06 22:24:00,568] {taskinstance.py:1397} INFO - Executing <Task(BashOperator): second_task> on 2022-03-13 00:00:00+00:00
[2022-08-06 22:24:00,578] {standard_task_runner.py:52} INFO - Started process 2297 to run task
[2022-08-06 22:24:00,582] {standard_task_runner.py:79} INFO - Running: ['***', 'tasks', 'run', 'our_first_dag_v5', 'second_task', 'scheduled__2022-03-13T00:00:00+00:00', '--job-id', '689', '--raw', '--subdir', 'DAGS_FOLDER/pipeline.py', '--cfg-path', '/tmp/tmpaylnk18u', '--error-file', '/tmp/tmph40rkmqf']
[2022-08-06 22:24:00,583] {standard_task_runner.py:80} INFO - Job 689: Subtask second_task
[2022-08-06 22:24:00,716] {task_command.py:371} INFO - Running <TaskInstance: our_first_dag_v5.second_task scheduled__2022-03-13T00:00:00+00:00 [running]> on host b215076695c3
[2022-08-06 22:24:00,898] {taskinstance.py:1591} INFO - Exporting the following env vars:
AIRFLOW_CTX_DAG_OWNER=coder2j
AIRFLOW_CTX_DAG_ID=our_first_dag_v5
AIRFLOW_CTX_TASK_ID=second_task
AIRFLOW_CTX_EXECUTION_DATE=2022-03-13T00:00:00+00:00
AIRFLOW_CTX_TRY_NUMBER=1
AIRFLOW_CTX_DAG_RUN_ID=scheduled__2022-03-13T00:00:00+00:00
[2022-08-06 22:24:00,899] {subprocess.py:62} INFO - Tmp dir root location: 
 /tmp
[2022-08-06 22:24:00,900] {subprocess.py:74} INFO - Running command: ['bash', '-c', 'echo hey, I am task2 and will be running after task1!']
[2022-08-06 22:24:00,918] {subprocess.py:85} INFO - Output:
[2022-08-06 22:24:00,919] {subprocess.py:92} INFO - hey, I am task2 and will be running after task1!
[2022-08-06 22:24:00,920] {subprocess.py:96} INFO - Command exited with return code 0
[2022-08-06 22:24:00,980] {taskinstance.py:1420} INFO - Marking task as SUCCESS. dag_id=our_first_dag_v5, task_id=second_task, execution_date=20220313T000000, start_date=20220806T222400, end_date=20220806T222400
[2022-08-06 22:24:01,044] {local_task_job.py:156} INFO - Task exited with return code 0
[2022-08-06 22:24:01,084] {local_task_job.py:273} INFO - 0 downstream tasks scheduled from follow-on schedule check
