[2022-08-06 19:36:42,724] {taskinstance.py:1179} INFO - Dependencies all met for <TaskInstance: our_first_dag_v5.second_task scheduled__2021-10-09T00:00:00+00:00 [queued]>
[2022-08-06 19:36:42,738] {taskinstance.py:1179} INFO - Dependencies all met for <TaskInstance: our_first_dag_v5.second_task scheduled__2021-10-09T00:00:00+00:00 [queued]>
[2022-08-06 19:36:42,738] {taskinstance.py:1376} INFO - 
--------------------------------------------------------------------------------
[2022-08-06 19:36:42,738] {taskinstance.py:1377} INFO - Starting attempt 1 of 6
[2022-08-06 19:36:42,738] {taskinstance.py:1378} INFO - 
--------------------------------------------------------------------------------
[2022-08-06 19:36:42,758] {taskinstance.py:1397} INFO - Executing <Task(BashOperator): second_task> on 2021-10-09 00:00:00+00:00
[2022-08-06 19:36:42,764] {standard_task_runner.py:52} INFO - Started process 770 to run task
[2022-08-06 19:36:42,767] {standard_task_runner.py:79} INFO - Running: ['***', 'tasks', 'run', 'our_first_dag_v5', 'second_task', 'scheduled__2021-10-09T00:00:00+00:00', '--job-id', '217', '--raw', '--subdir', 'DAGS_FOLDER/pipeline.py', '--cfg-path', '/tmp/tmpijpp4v0c', '--error-file', '/tmp/tmp4u1vxisy']
[2022-08-06 19:36:42,767] {standard_task_runner.py:80} INFO - Job 217: Subtask second_task
[2022-08-06 19:36:42,833] {task_command.py:371} INFO - Running <TaskInstance: our_first_dag_v5.second_task scheduled__2021-10-09T00:00:00+00:00 [running]> on host b29c168c1666
[2022-08-06 19:36:42,914] {taskinstance.py:1591} INFO - Exporting the following env vars:
AIRFLOW_CTX_DAG_OWNER=coder2j
AIRFLOW_CTX_DAG_ID=our_first_dag_v5
AIRFLOW_CTX_TASK_ID=second_task
AIRFLOW_CTX_EXECUTION_DATE=2021-10-09T00:00:00+00:00
AIRFLOW_CTX_TRY_NUMBER=1
AIRFLOW_CTX_DAG_RUN_ID=scheduled__2021-10-09T00:00:00+00:00
[2022-08-06 19:36:42,915] {subprocess.py:62} INFO - Tmp dir root location: 
 /tmp
[2022-08-06 19:36:42,915] {subprocess.py:74} INFO - Running command: ['bash', '-c', 'echo hey, I am task2 and will be running after task1!']
[2022-08-06 19:36:42,927] {subprocess.py:85} INFO - Output:
[2022-08-06 19:36:42,928] {subprocess.py:92} INFO - hey, I am task2 and will be running after task1!
[2022-08-06 19:36:42,928] {subprocess.py:96} INFO - Command exited with return code 0
[2022-08-06 19:36:42,956] {taskinstance.py:1420} INFO - Marking task as SUCCESS. dag_id=our_first_dag_v5, task_id=second_task, execution_date=20211009T000000, start_date=20220806T193642, end_date=20220806T193642
[2022-08-06 19:36:42,978] {local_task_job.py:156} INFO - Task exited with return code 0
[2022-08-06 19:36:43,010] {local_task_job.py:273} INFO - 0 downstream tasks scheduled from follow-on schedule check
[2022-08-06 21:50:35,159] {taskinstance.py:1179} INFO - Dependencies all met for <TaskInstance: our_first_dag_v5.second_task scheduled__2021-10-09T00:00:00+00:00 [queued]>
[2022-08-06 21:50:35,171] {taskinstance.py:1179} INFO - Dependencies all met for <TaskInstance: our_first_dag_v5.second_task scheduled__2021-10-09T00:00:00+00:00 [queued]>
[2022-08-06 21:50:35,171] {taskinstance.py:1376} INFO - 
--------------------------------------------------------------------------------
[2022-08-06 21:50:35,171] {taskinstance.py:1377} INFO - Starting attempt 1 of 6
[2022-08-06 21:50:35,171] {taskinstance.py:1378} INFO - 
--------------------------------------------------------------------------------
[2022-08-06 21:50:35,186] {taskinstance.py:1397} INFO - Executing <Task(BashOperator): second_task> on 2021-10-09 00:00:00+00:00
[2022-08-06 21:50:35,192] {standard_task_runner.py:52} INFO - Started process 948 to run task
[2022-08-06 21:50:35,194] {standard_task_runner.py:79} INFO - Running: ['***', 'tasks', 'run', 'our_first_dag_v5', 'second_task', 'scheduled__2021-10-09T00:00:00+00:00', '--job-id', '215', '--raw', '--subdir', 'DAGS_FOLDER/pipeline.py', '--cfg-path', '/tmp/tmp64jto1xr', '--error-file', '/tmp/tmp6k_1ldan']
[2022-08-06 21:50:35,195] {standard_task_runner.py:80} INFO - Job 215: Subtask second_task
[2022-08-06 21:50:35,265] {task_command.py:371} INFO - Running <TaskInstance: our_first_dag_v5.second_task scheduled__2021-10-09T00:00:00+00:00 [running]> on host c3f731879890
[2022-08-06 21:50:35,372] {taskinstance.py:1591} INFO - Exporting the following env vars:
AIRFLOW_CTX_DAG_OWNER=coder2j
AIRFLOW_CTX_DAG_ID=our_first_dag_v5
AIRFLOW_CTX_TASK_ID=second_task
AIRFLOW_CTX_EXECUTION_DATE=2021-10-09T00:00:00+00:00
AIRFLOW_CTX_TRY_NUMBER=1
AIRFLOW_CTX_DAG_RUN_ID=scheduled__2021-10-09T00:00:00+00:00
[2022-08-06 21:50:35,373] {subprocess.py:62} INFO - Tmp dir root location: 
 /tmp
[2022-08-06 21:50:35,374] {subprocess.py:74} INFO - Running command: ['bash', '-c', 'echo hey, I am task2 and will be running after task1!']
[2022-08-06 21:50:35,388] {subprocess.py:85} INFO - Output:
[2022-08-06 21:50:35,390] {subprocess.py:92} INFO - hey, I am task2 and will be running after task1!
[2022-08-06 21:50:35,391] {subprocess.py:96} INFO - Command exited with return code 0
[2022-08-06 21:50:35,426] {taskinstance.py:1420} INFO - Marking task as SUCCESS. dag_id=our_first_dag_v5, task_id=second_task, execution_date=20211009T000000, start_date=20220806T215035, end_date=20220806T215035
[2022-08-06 21:50:35,446] {local_task_job.py:156} INFO - Task exited with return code 0
[2022-08-06 21:50:35,495] {local_task_job.py:273} INFO - 0 downstream tasks scheduled from follow-on schedule check
[2022-08-06 21:56:04,796] {taskinstance.py:1179} INFO - Dependencies all met for <TaskInstance: our_first_dag_v5.second_task scheduled__2021-10-09T00:00:00+00:00 [queued]>
[2022-08-06 21:56:04,810] {taskinstance.py:1179} INFO - Dependencies all met for <TaskInstance: our_first_dag_v5.second_task scheduled__2021-10-09T00:00:00+00:00 [queued]>
[2022-08-06 21:56:04,810] {taskinstance.py:1376} INFO - 
--------------------------------------------------------------------------------
[2022-08-06 21:56:04,811] {taskinstance.py:1377} INFO - Starting attempt 1 of 6
[2022-08-06 21:56:04,811] {taskinstance.py:1378} INFO - 
--------------------------------------------------------------------------------
[2022-08-06 21:56:04,828] {taskinstance.py:1397} INFO - Executing <Task(BashOperator): second_task> on 2021-10-09 00:00:00+00:00
[2022-08-06 21:56:04,835] {standard_task_runner.py:52} INFO - Started process 760 to run task
[2022-08-06 21:56:04,838] {standard_task_runner.py:79} INFO - Running: ['***', 'tasks', 'run', 'our_first_dag_v5', 'second_task', 'scheduled__2021-10-09T00:00:00+00:00', '--job-id', '221', '--raw', '--subdir', 'DAGS_FOLDER/pipeline.py', '--cfg-path', '/tmp/tmps2ajn53j', '--error-file', '/tmp/tmpdkxjy3f_']
[2022-08-06 21:56:04,838] {standard_task_runner.py:80} INFO - Job 221: Subtask second_task
[2022-08-06 21:56:04,913] {task_command.py:371} INFO - Running <TaskInstance: our_first_dag_v5.second_task scheduled__2021-10-09T00:00:00+00:00 [running]> on host bc7e154a4fdd
[2022-08-06 21:56:05,010] {taskinstance.py:1591} INFO - Exporting the following env vars:
AIRFLOW_CTX_DAG_OWNER=coder2j
AIRFLOW_CTX_DAG_ID=our_first_dag_v5
AIRFLOW_CTX_TASK_ID=second_task
AIRFLOW_CTX_EXECUTION_DATE=2021-10-09T00:00:00+00:00
AIRFLOW_CTX_TRY_NUMBER=1
AIRFLOW_CTX_DAG_RUN_ID=scheduled__2021-10-09T00:00:00+00:00
[2022-08-06 21:56:05,011] {subprocess.py:62} INFO - Tmp dir root location: 
 /tmp
[2022-08-06 21:56:05,011] {subprocess.py:74} INFO - Running command: ['bash', '-c', 'echo hey, I am task2 and will be running after task1!']
[2022-08-06 21:56:05,025] {subprocess.py:85} INFO - Output:
[2022-08-06 21:56:05,027] {subprocess.py:92} INFO - hey, I am task2 and will be running after task1!
[2022-08-06 21:56:05,027] {subprocess.py:96} INFO - Command exited with return code 0
[2022-08-06 21:56:05,061] {taskinstance.py:1420} INFO - Marking task as SUCCESS. dag_id=our_first_dag_v5, task_id=second_task, execution_date=20211009T000000, start_date=20220806T215604, end_date=20220806T215605
[2022-08-06 21:56:05,089] {local_task_job.py:156} INFO - Task exited with return code 0
[2022-08-06 21:56:05,129] {local_task_job.py:273} INFO - 0 downstream tasks scheduled from follow-on schedule check
[2022-08-06 22:11:08,126] {taskinstance.py:1179} INFO - Dependencies all met for <TaskInstance: our_first_dag_v5.second_task scheduled__2021-10-09T00:00:00+00:00 [queued]>
[2022-08-06 22:11:08,141] {taskinstance.py:1179} INFO - Dependencies all met for <TaskInstance: our_first_dag_v5.second_task scheduled__2021-10-09T00:00:00+00:00 [queued]>
[2022-08-06 22:11:08,141] {taskinstance.py:1376} INFO - 
--------------------------------------------------------------------------------
[2022-08-06 22:11:08,141] {taskinstance.py:1377} INFO - Starting attempt 1 of 6
[2022-08-06 22:11:08,141] {taskinstance.py:1378} INFO - 
--------------------------------------------------------------------------------
[2022-08-06 22:11:08,161] {taskinstance.py:1397} INFO - Executing <Task(BashOperator): second_task> on 2021-10-09 00:00:00+00:00
[2022-08-06 22:11:08,168] {standard_task_runner.py:52} INFO - Started process 777 to run task
[2022-08-06 22:11:08,172] {standard_task_runner.py:79} INFO - Running: ['***', 'tasks', 'run', 'our_first_dag_v5', 'second_task', 'scheduled__2021-10-09T00:00:00+00:00', '--job-id', '223', '--raw', '--subdir', 'DAGS_FOLDER/pipeline.py', '--cfg-path', '/tmp/tmpyjfdsamv', '--error-file', '/tmp/tmpmg4l_axf']
[2022-08-06 22:11:08,172] {standard_task_runner.py:80} INFO - Job 223: Subtask second_task
[2022-08-06 22:11:08,267] {task_command.py:371} INFO - Running <TaskInstance: our_first_dag_v5.second_task scheduled__2021-10-09T00:00:00+00:00 [running]> on host 1250c3b659cd
[2022-08-06 22:11:08,377] {taskinstance.py:1591} INFO - Exporting the following env vars:
AIRFLOW_CTX_DAG_OWNER=coder2j
AIRFLOW_CTX_DAG_ID=our_first_dag_v5
AIRFLOW_CTX_TASK_ID=second_task
AIRFLOW_CTX_EXECUTION_DATE=2021-10-09T00:00:00+00:00
AIRFLOW_CTX_TRY_NUMBER=1
AIRFLOW_CTX_DAG_RUN_ID=scheduled__2021-10-09T00:00:00+00:00
[2022-08-06 22:11:08,378] {subprocess.py:62} INFO - Tmp dir root location: 
 /tmp
[2022-08-06 22:11:08,379] {subprocess.py:74} INFO - Running command: ['bash', '-c', 'echo hey, I am task2 and will be running after task1!']
[2022-08-06 22:11:08,394] {subprocess.py:85} INFO - Output:
[2022-08-06 22:11:08,396] {subprocess.py:92} INFO - hey, I am task2 and will be running after task1!
[2022-08-06 22:11:08,396] {subprocess.py:96} INFO - Command exited with return code 0
[2022-08-06 22:11:08,455] {taskinstance.py:1420} INFO - Marking task as SUCCESS. dag_id=our_first_dag_v5, task_id=second_task, execution_date=20211009T000000, start_date=20220806T221108, end_date=20220806T221108
[2022-08-06 22:11:08,505] {local_task_job.py:156} INFO - Task exited with return code 0
[2022-08-06 22:11:08,563] {local_task_job.py:273} INFO - 0 downstream tasks scheduled from follow-on schedule check
[2022-08-06 22:18:53,762] {taskinstance.py:1179} INFO - Dependencies all met for <TaskInstance: our_first_dag_v5.second_task scheduled__2021-10-09T00:00:00+00:00 [queued]>
[2022-08-06 22:18:53,782] {taskinstance.py:1179} INFO - Dependencies all met for <TaskInstance: our_first_dag_v5.second_task scheduled__2021-10-09T00:00:00+00:00 [queued]>
[2022-08-06 22:18:53,782] {taskinstance.py:1376} INFO - 
--------------------------------------------------------------------------------
[2022-08-06 22:18:53,782] {taskinstance.py:1377} INFO - Starting attempt 1 of 6
[2022-08-06 22:18:53,783] {taskinstance.py:1378} INFO - 
--------------------------------------------------------------------------------
[2022-08-06 22:18:53,804] {taskinstance.py:1397} INFO - Executing <Task(BashOperator): second_task> on 2021-10-09 00:00:00+00:00
[2022-08-06 22:18:53,811] {standard_task_runner.py:52} INFO - Started process 786 to run task
[2022-08-06 22:18:53,815] {standard_task_runner.py:79} INFO - Running: ['***', 'tasks', 'run', 'our_first_dag_v5', 'second_task', 'scheduled__2021-10-09T00:00:00+00:00', '--job-id', '222', '--raw', '--subdir', 'DAGS_FOLDER/pipeline.py', '--cfg-path', '/tmp/tmp4vbyoq_z', '--error-file', '/tmp/tmp0el28y5s']
[2022-08-06 22:18:53,815] {standard_task_runner.py:80} INFO - Job 222: Subtask second_task
[2022-08-06 22:18:53,915] {task_command.py:371} INFO - Running <TaskInstance: our_first_dag_v5.second_task scheduled__2021-10-09T00:00:00+00:00 [running]> on host ed53bde1c44a
[2022-08-06 22:18:54,018] {taskinstance.py:1591} INFO - Exporting the following env vars:
AIRFLOW_CTX_DAG_OWNER=coder2j
AIRFLOW_CTX_DAG_ID=our_first_dag_v5
AIRFLOW_CTX_TASK_ID=second_task
AIRFLOW_CTX_EXECUTION_DATE=2021-10-09T00:00:00+00:00
AIRFLOW_CTX_TRY_NUMBER=1
AIRFLOW_CTX_DAG_RUN_ID=scheduled__2021-10-09T00:00:00+00:00
[2022-08-06 22:18:54,019] {subprocess.py:62} INFO - Tmp dir root location: 
 /tmp
[2022-08-06 22:18:54,019] {subprocess.py:74} INFO - Running command: ['bash', '-c', 'echo hey, I am task2 and will be running after task1!']
[2022-08-06 22:18:54,034] {subprocess.py:85} INFO - Output:
[2022-08-06 22:18:54,036] {subprocess.py:92} INFO - hey, I am task2 and will be running after task1!
[2022-08-06 22:18:54,036] {subprocess.py:96} INFO - Command exited with return code 0
[2022-08-06 22:18:54,075] {taskinstance.py:1420} INFO - Marking task as SUCCESS. dag_id=our_first_dag_v5, task_id=second_task, execution_date=20211009T000000, start_date=20220806T221853, end_date=20220806T221854
[2022-08-06 22:18:54,106] {local_task_job.py:156} INFO - Task exited with return code 0
[2022-08-06 22:18:54,168] {local_task_job.py:273} INFO - 0 downstream tasks scheduled from follow-on schedule check
[2022-08-06 22:22:27,959] {taskinstance.py:1179} INFO - Dependencies all met for <TaskInstance: our_first_dag_v5.second_task scheduled__2021-10-09T00:00:00+00:00 [queued]>
[2022-08-06 22:22:27,976] {taskinstance.py:1179} INFO - Dependencies all met for <TaskInstance: our_first_dag_v5.second_task scheduled__2021-10-09T00:00:00+00:00 [queued]>
[2022-08-06 22:22:27,976] {taskinstance.py:1376} INFO - 
--------------------------------------------------------------------------------
[2022-08-06 22:22:27,976] {taskinstance.py:1377} INFO - Starting attempt 1 of 6
[2022-08-06 22:22:27,976] {taskinstance.py:1378} INFO - 
--------------------------------------------------------------------------------
[2022-08-06 22:22:27,992] {taskinstance.py:1397} INFO - Executing <Task(BashOperator): second_task> on 2021-10-09 00:00:00+00:00
[2022-08-06 22:22:28,000] {standard_task_runner.py:52} INFO - Started process 808 to run task
[2022-08-06 22:22:28,002] {standard_task_runner.py:79} INFO - Running: ['***', 'tasks', 'run', 'our_first_dag_v5', 'second_task', 'scheduled__2021-10-09T00:00:00+00:00', '--job-id', '220', '--raw', '--subdir', 'DAGS_FOLDER/pipeline.py', '--cfg-path', '/tmp/tmpsc9a8t9r', '--error-file', '/tmp/tmp0v1lc1_a']
[2022-08-06 22:22:28,002] {standard_task_runner.py:80} INFO - Job 220: Subtask second_task
[2022-08-06 22:22:28,072] {task_command.py:371} INFO - Running <TaskInstance: our_first_dag_v5.second_task scheduled__2021-10-09T00:00:00+00:00 [running]> on host b215076695c3
[2022-08-06 22:22:28,167] {taskinstance.py:1591} INFO - Exporting the following env vars:
AIRFLOW_CTX_DAG_OWNER=coder2j
AIRFLOW_CTX_DAG_ID=our_first_dag_v5
AIRFLOW_CTX_TASK_ID=second_task
AIRFLOW_CTX_EXECUTION_DATE=2021-10-09T00:00:00+00:00
AIRFLOW_CTX_TRY_NUMBER=1
AIRFLOW_CTX_DAG_RUN_ID=scheduled__2021-10-09T00:00:00+00:00
[2022-08-06 22:22:28,169] {subprocess.py:62} INFO - Tmp dir root location: 
 /tmp
[2022-08-06 22:22:28,170] {subprocess.py:74} INFO - Running command: ['bash', '-c', 'echo hey, I am task2 and will be running after task1!']
[2022-08-06 22:22:28,185] {subprocess.py:85} INFO - Output:
[2022-08-06 22:22:28,187] {subprocess.py:92} INFO - hey, I am task2 and will be running after task1!
[2022-08-06 22:22:28,188] {subprocess.py:96} INFO - Command exited with return code 0
[2022-08-06 22:22:28,225] {taskinstance.py:1420} INFO - Marking task as SUCCESS. dag_id=our_first_dag_v5, task_id=second_task, execution_date=20211009T000000, start_date=20220806T222227, end_date=20220806T222228
[2022-08-06 22:22:28,254] {local_task_job.py:156} INFO - Task exited with return code 0
[2022-08-06 22:22:28,326] {local_task_job.py:273} INFO - 0 downstream tasks scheduled from follow-on schedule check
