[2022-08-06 19:37:42,359] {taskinstance.py:1179} INFO - Dependencies all met for <TaskInstance: our_first_dag_v5.thrid_task scheduled__2022-01-09T00:00:00+00:00 [queued]>
[2022-08-06 19:37:42,375] {taskinstance.py:1179} INFO - Dependencies all met for <TaskInstance: our_first_dag_v5.thrid_task scheduled__2022-01-09T00:00:00+00:00 [queued]>
[2022-08-06 19:37:42,375] {taskinstance.py:1376} INFO - 
--------------------------------------------------------------------------------
[2022-08-06 19:37:42,375] {taskinstance.py:1377} INFO - Starting attempt 1 of 6
[2022-08-06 19:37:42,376] {taskinstance.py:1378} INFO - 
--------------------------------------------------------------------------------
[2022-08-06 19:37:42,395] {taskinstance.py:1397} INFO - Executing <Task(BashOperator): thrid_task> on 2022-01-09 00:00:00+00:00
[2022-08-06 19:37:42,401] {standard_task_runner.py:52} INFO - Started process 1647 to run task
[2022-08-06 19:37:42,403] {standard_task_runner.py:79} INFO - Running: ['***', 'tasks', 'run', 'our_first_dag_v5', 'thrid_task', 'scheduled__2022-01-09T00:00:00+00:00', '--job-id', '495', '--raw', '--subdir', 'DAGS_FOLDER/pipeline.py', '--cfg-path', '/tmp/tmptatxlm_a', '--error-file', '/tmp/tmpx016gq3d']
[2022-08-06 19:37:42,403] {standard_task_runner.py:80} INFO - Job 495: Subtask thrid_task
[2022-08-06 19:37:42,484] {task_command.py:371} INFO - Running <TaskInstance: our_first_dag_v5.thrid_task scheduled__2022-01-09T00:00:00+00:00 [running]> on host b29c168c1666
[2022-08-06 19:37:42,570] {taskinstance.py:1591} INFO - Exporting the following env vars:
AIRFLOW_CTX_DAG_OWNER=coder2j
AIRFLOW_CTX_DAG_ID=our_first_dag_v5
AIRFLOW_CTX_TASK_ID=thrid_task
AIRFLOW_CTX_EXECUTION_DATE=2022-01-09T00:00:00+00:00
AIRFLOW_CTX_TRY_NUMBER=1
AIRFLOW_CTX_DAG_RUN_ID=scheduled__2022-01-09T00:00:00+00:00
[2022-08-06 19:37:42,571] {subprocess.py:62} INFO - Tmp dir root location: 
 /tmp
[2022-08-06 19:37:42,571] {subprocess.py:74} INFO - Running command: ['bash', '-c', 'echo hey, I am task3 and will be running after task1 at the same time as task2!']
[2022-08-06 19:37:42,583] {subprocess.py:85} INFO - Output:
[2022-08-06 19:37:42,585] {subprocess.py:92} INFO - hey, I am task3 and will be running after task1 at the same time as task2!
[2022-08-06 19:37:42,585] {subprocess.py:96} INFO - Command exited with return code 0
[2022-08-06 19:37:42,615] {taskinstance.py:1420} INFO - Marking task as SUCCESS. dag_id=our_first_dag_v5, task_id=thrid_task, execution_date=20220109T000000, start_date=20220806T193742, end_date=20220806T193742
[2022-08-06 19:37:42,655] {local_task_job.py:156} INFO - Task exited with return code 0
[2022-08-06 19:37:42,688] {local_task_job.py:273} INFO - 0 downstream tasks scheduled from follow-on schedule check
[2022-08-06 21:51:35,826] {taskinstance.py:1179} INFO - Dependencies all met for <TaskInstance: our_first_dag_v5.thrid_task scheduled__2022-01-09T00:00:00+00:00 [queued]>
[2022-08-06 21:51:35,842] {taskinstance.py:1179} INFO - Dependencies all met for <TaskInstance: our_first_dag_v5.thrid_task scheduled__2022-01-09T00:00:00+00:00 [queued]>
[2022-08-06 21:51:35,843] {taskinstance.py:1376} INFO - 
--------------------------------------------------------------------------------
[2022-08-06 21:51:35,843] {taskinstance.py:1377} INFO - Starting attempt 1 of 6
[2022-08-06 21:51:35,843] {taskinstance.py:1378} INFO - 
--------------------------------------------------------------------------------
[2022-08-06 21:51:35,868] {taskinstance.py:1397} INFO - Executing <Task(BashOperator): thrid_task> on 2022-01-09 00:00:00+00:00
[2022-08-06 21:51:35,876] {standard_task_runner.py:52} INFO - Started process 1831 to run task
[2022-08-06 21:51:35,879] {standard_task_runner.py:79} INFO - Running: ['***', 'tasks', 'run', 'our_first_dag_v5', 'thrid_task', 'scheduled__2022-01-09T00:00:00+00:00', '--job-id', '496', '--raw', '--subdir', 'DAGS_FOLDER/pipeline.py', '--cfg-path', '/tmp/tmpga0cl2pm', '--error-file', '/tmp/tmpczenpk13']
[2022-08-06 21:51:35,880] {standard_task_runner.py:80} INFO - Job 496: Subtask thrid_task
[2022-08-06 21:51:35,975] {task_command.py:371} INFO - Running <TaskInstance: our_first_dag_v5.thrid_task scheduled__2022-01-09T00:00:00+00:00 [running]> on host c3f731879890
[2022-08-06 21:51:36,085] {taskinstance.py:1591} INFO - Exporting the following env vars:
AIRFLOW_CTX_DAG_OWNER=coder2j
AIRFLOW_CTX_DAG_ID=our_first_dag_v5
AIRFLOW_CTX_TASK_ID=thrid_task
AIRFLOW_CTX_EXECUTION_DATE=2022-01-09T00:00:00+00:00
AIRFLOW_CTX_TRY_NUMBER=1
AIRFLOW_CTX_DAG_RUN_ID=scheduled__2022-01-09T00:00:00+00:00
[2022-08-06 21:51:36,086] {subprocess.py:62} INFO - Tmp dir root location: 
 /tmp
[2022-08-06 21:51:36,087] {subprocess.py:74} INFO - Running command: ['bash', '-c', 'echo hey, I am task3 and will be running after task1 at the same time as task2!']
[2022-08-06 21:51:36,102] {subprocess.py:85} INFO - Output:
[2022-08-06 21:51:36,103] {subprocess.py:92} INFO - hey, I am task3 and will be running after task1 at the same time as task2!
[2022-08-06 21:51:36,104] {subprocess.py:96} INFO - Command exited with return code 0
[2022-08-06 21:51:36,135] {taskinstance.py:1420} INFO - Marking task as SUCCESS. dag_id=our_first_dag_v5, task_id=thrid_task, execution_date=20220109T000000, start_date=20220806T215135, end_date=20220806T215136
[2022-08-06 21:51:36,171] {local_task_job.py:156} INFO - Task exited with return code 0
[2022-08-06 21:51:36,213] {local_task_job.py:273} INFO - 0 downstream tasks scheduled from follow-on schedule check
[2022-08-06 21:57:00,236] {taskinstance.py:1179} INFO - Dependencies all met for <TaskInstance: our_first_dag_v5.thrid_task scheduled__2022-01-09T00:00:00+00:00 [queued]>
[2022-08-06 21:57:00,249] {taskinstance.py:1179} INFO - Dependencies all met for <TaskInstance: our_first_dag_v5.thrid_task scheduled__2022-01-09T00:00:00+00:00 [queued]>
[2022-08-06 21:57:00,249] {taskinstance.py:1376} INFO - 
--------------------------------------------------------------------------------
[2022-08-06 21:57:00,249] {taskinstance.py:1377} INFO - Starting attempt 1 of 6
[2022-08-06 21:57:00,250] {taskinstance.py:1378} INFO - 
--------------------------------------------------------------------------------
[2022-08-06 21:57:00,268] {taskinstance.py:1397} INFO - Executing <Task(BashOperator): thrid_task> on 2022-01-09 00:00:00+00:00
[2022-08-06 21:57:00,275] {standard_task_runner.py:52} INFO - Started process 1637 to run task
[2022-08-06 21:57:00,278] {standard_task_runner.py:79} INFO - Running: ['***', 'tasks', 'run', 'our_first_dag_v5', 'thrid_task', 'scheduled__2022-01-09T00:00:00+00:00', '--job-id', '497', '--raw', '--subdir', 'DAGS_FOLDER/pipeline.py', '--cfg-path', '/tmp/tmp2turh0aj', '--error-file', '/tmp/tmpm26tnxuq']
[2022-08-06 21:57:00,278] {standard_task_runner.py:80} INFO - Job 497: Subtask thrid_task
[2022-08-06 21:57:00,384] {task_command.py:371} INFO - Running <TaskInstance: our_first_dag_v5.thrid_task scheduled__2022-01-09T00:00:00+00:00 [running]> on host bc7e154a4fdd
[2022-08-06 21:57:00,481] {taskinstance.py:1591} INFO - Exporting the following env vars:
AIRFLOW_CTX_DAG_OWNER=coder2j
AIRFLOW_CTX_DAG_ID=our_first_dag_v5
AIRFLOW_CTX_TASK_ID=thrid_task
AIRFLOW_CTX_EXECUTION_DATE=2022-01-09T00:00:00+00:00
AIRFLOW_CTX_TRY_NUMBER=1
AIRFLOW_CTX_DAG_RUN_ID=scheduled__2022-01-09T00:00:00+00:00
[2022-08-06 21:57:00,482] {subprocess.py:62} INFO - Tmp dir root location: 
 /tmp
[2022-08-06 21:57:00,483] {subprocess.py:74} INFO - Running command: ['bash', '-c', 'echo hey, I am task3 and will be running after task1 at the same time as task2!']
[2022-08-06 21:57:00,499] {subprocess.py:85} INFO - Output:
[2022-08-06 21:57:00,501] {subprocess.py:92} INFO - hey, I am task3 and will be running after task1 at the same time as task2!
[2022-08-06 21:57:00,501] {subprocess.py:96} INFO - Command exited with return code 0
[2022-08-06 21:57:00,578] {taskinstance.py:1420} INFO - Marking task as SUCCESS. dag_id=our_first_dag_v5, task_id=thrid_task, execution_date=20220109T000000, start_date=20220806T215700, end_date=20220806T215700
[2022-08-06 21:57:00,610] {local_task_job.py:156} INFO - Task exited with return code 0
[2022-08-06 21:57:00,664] {local_task_job.py:273} INFO - 0 downstream tasks scheduled from follow-on schedule check
[2022-08-06 22:12:01,696] {taskinstance.py:1179} INFO - Dependencies all met for <TaskInstance: our_first_dag_v5.thrid_task scheduled__2022-01-09T00:00:00+00:00 [queued]>
[2022-08-06 22:12:01,708] {taskinstance.py:1179} INFO - Dependencies all met for <TaskInstance: our_first_dag_v5.thrid_task scheduled__2022-01-09T00:00:00+00:00 [queued]>
[2022-08-06 22:12:01,708] {taskinstance.py:1376} INFO - 
--------------------------------------------------------------------------------
[2022-08-06 22:12:01,708] {taskinstance.py:1377} INFO - Starting attempt 1 of 6
[2022-08-06 22:12:01,708] {taskinstance.py:1378} INFO - 
--------------------------------------------------------------------------------
[2022-08-06 22:12:01,725] {taskinstance.py:1397} INFO - Executing <Task(BashOperator): thrid_task> on 2022-01-09 00:00:00+00:00
[2022-08-06 22:12:01,731] {standard_task_runner.py:52} INFO - Started process 1638 to run task
[2022-08-06 22:12:01,734] {standard_task_runner.py:79} INFO - Running: ['***', 'tasks', 'run', 'our_first_dag_v5', 'thrid_task', 'scheduled__2022-01-09T00:00:00+00:00', '--job-id', '494', '--raw', '--subdir', 'DAGS_FOLDER/pipeline.py', '--cfg-path', '/tmp/tmpetq0mwh_', '--error-file', '/tmp/tmpbke0rbmw']
[2022-08-06 22:12:01,734] {standard_task_runner.py:80} INFO - Job 494: Subtask thrid_task
[2022-08-06 22:12:01,802] {task_command.py:371} INFO - Running <TaskInstance: our_first_dag_v5.thrid_task scheduled__2022-01-09T00:00:00+00:00 [running]> on host 1250c3b659cd
[2022-08-06 22:12:01,873] {taskinstance.py:1591} INFO - Exporting the following env vars:
AIRFLOW_CTX_DAG_OWNER=coder2j
AIRFLOW_CTX_DAG_ID=our_first_dag_v5
AIRFLOW_CTX_TASK_ID=thrid_task
AIRFLOW_CTX_EXECUTION_DATE=2022-01-09T00:00:00+00:00
AIRFLOW_CTX_TRY_NUMBER=1
AIRFLOW_CTX_DAG_RUN_ID=scheduled__2022-01-09T00:00:00+00:00
[2022-08-06 22:12:01,874] {subprocess.py:62} INFO - Tmp dir root location: 
 /tmp
[2022-08-06 22:12:01,874] {subprocess.py:74} INFO - Running command: ['bash', '-c', 'echo hey, I am task3 and will be running after task1 at the same time as task2!']
[2022-08-06 22:12:01,887] {subprocess.py:85} INFO - Output:
[2022-08-06 22:12:01,888] {subprocess.py:92} INFO - hey, I am task3 and will be running after task1 at the same time as task2!
[2022-08-06 22:12:01,888] {subprocess.py:96} INFO - Command exited with return code 0
[2022-08-06 22:12:01,915] {taskinstance.py:1420} INFO - Marking task as SUCCESS. dag_id=our_first_dag_v5, task_id=thrid_task, execution_date=20220109T000000, start_date=20220806T221201, end_date=20220806T221201
[2022-08-06 22:12:01,945] {local_task_job.py:156} INFO - Task exited with return code 0
[2022-08-06 22:12:01,971] {local_task_job.py:273} INFO - 0 downstream tasks scheduled from follow-on schedule check
[2022-08-06 22:23:21,931] {taskinstance.py:1179} INFO - Dependencies all met for <TaskInstance: our_first_dag_v5.thrid_task scheduled__2022-01-09T00:00:00+00:00 [queued]>
[2022-08-06 22:23:21,943] {taskinstance.py:1179} INFO - Dependencies all met for <TaskInstance: our_first_dag_v5.thrid_task scheduled__2022-01-09T00:00:00+00:00 [queued]>
[2022-08-06 22:23:21,943] {taskinstance.py:1376} INFO - 
--------------------------------------------------------------------------------
[2022-08-06 22:23:21,943] {taskinstance.py:1377} INFO - Starting attempt 1 of 6
[2022-08-06 22:23:21,943] {taskinstance.py:1378} INFO - 
--------------------------------------------------------------------------------
[2022-08-06 22:23:21,959] {taskinstance.py:1397} INFO - Executing <Task(BashOperator): thrid_task> on 2022-01-09 00:00:00+00:00
[2022-08-06 22:23:21,964] {standard_task_runner.py:52} INFO - Started process 1687 to run task
[2022-08-06 22:23:21,966] {standard_task_runner.py:79} INFO - Running: ['***', 'tasks', 'run', 'our_first_dag_v5', 'thrid_task', 'scheduled__2022-01-09T00:00:00+00:00', '--job-id', '496', '--raw', '--subdir', 'DAGS_FOLDER/pipeline.py', '--cfg-path', '/tmp/tmpczn7uuwp', '--error-file', '/tmp/tmpdovscjaj']
[2022-08-06 22:23:21,966] {standard_task_runner.py:80} INFO - Job 496: Subtask thrid_task
[2022-08-06 22:23:22,024] {task_command.py:371} INFO - Running <TaskInstance: our_first_dag_v5.thrid_task scheduled__2022-01-09T00:00:00+00:00 [running]> on host b215076695c3
[2022-08-06 22:23:22,097] {taskinstance.py:1591} INFO - Exporting the following env vars:
AIRFLOW_CTX_DAG_OWNER=coder2j
AIRFLOW_CTX_DAG_ID=our_first_dag_v5
AIRFLOW_CTX_TASK_ID=thrid_task
AIRFLOW_CTX_EXECUTION_DATE=2022-01-09T00:00:00+00:00
AIRFLOW_CTX_TRY_NUMBER=1
AIRFLOW_CTX_DAG_RUN_ID=scheduled__2022-01-09T00:00:00+00:00
[2022-08-06 22:23:22,097] {subprocess.py:62} INFO - Tmp dir root location: 
 /tmp
[2022-08-06 22:23:22,098] {subprocess.py:74} INFO - Running command: ['bash', '-c', 'echo hey, I am task3 and will be running after task1 at the same time as task2!']
[2022-08-06 22:23:22,109] {subprocess.py:85} INFO - Output:
[2022-08-06 22:23:22,111] {subprocess.py:92} INFO - hey, I am task3 and will be running after task1 at the same time as task2!
[2022-08-06 22:23:22,111] {subprocess.py:96} INFO - Command exited with return code 0
[2022-08-06 22:23:22,137] {taskinstance.py:1420} INFO - Marking task as SUCCESS. dag_id=our_first_dag_v5, task_id=thrid_task, execution_date=20220109T000000, start_date=20220806T222321, end_date=20220806T222322
[2022-08-06 22:23:22,178] {local_task_job.py:156} INFO - Task exited with return code 0
[2022-08-06 22:23:22,203] {local_task_job.py:273} INFO - 0 downstream tasks scheduled from follow-on schedule check
