[2022-08-06 19:38:05,617] {taskinstance.py:1179} INFO - Dependencies all met for <TaskInstance: our_first_dag_v5.second_task scheduled__2022-02-16T00:00:00+00:00 [queued]>
[2022-08-06 19:38:05,635] {taskinstance.py:1179} INFO - Dependencies all met for <TaskInstance: our_first_dag_v5.second_task scheduled__2022-02-16T00:00:00+00:00 [queued]>
[2022-08-06 19:38:05,635] {taskinstance.py:1376} INFO - 
--------------------------------------------------------------------------------
[2022-08-06 19:38:05,635] {taskinstance.py:1377} INFO - Starting attempt 1 of 6
[2022-08-06 19:38:05,635] {taskinstance.py:1378} INFO - 
--------------------------------------------------------------------------------
[2022-08-06 19:38:05,655] {taskinstance.py:1397} INFO - Executing <Task(BashOperator): second_task> on 2022-02-16 00:00:00+00:00
[2022-08-06 19:38:05,663] {standard_task_runner.py:52} INFO - Started process 2012 to run task
[2022-08-06 19:38:05,666] {standard_task_runner.py:79} INFO - Running: ['***', 'tasks', 'run', 'our_first_dag_v5', 'second_task', 'scheduled__2022-02-16T00:00:00+00:00', '--job-id', '611', '--raw', '--subdir', 'DAGS_FOLDER/pipeline.py', '--cfg-path', '/tmp/tmpkhswc0s0', '--error-file', '/tmp/tmprkl4wobl']
[2022-08-06 19:38:05,666] {standard_task_runner.py:80} INFO - Job 611: Subtask second_task
[2022-08-06 19:38:05,740] {task_command.py:371} INFO - Running <TaskInstance: our_first_dag_v5.second_task scheduled__2022-02-16T00:00:00+00:00 [running]> on host b29c168c1666
[2022-08-06 19:38:05,837] {taskinstance.py:1591} INFO - Exporting the following env vars:
AIRFLOW_CTX_DAG_OWNER=coder2j
AIRFLOW_CTX_DAG_ID=our_first_dag_v5
AIRFLOW_CTX_TASK_ID=second_task
AIRFLOW_CTX_EXECUTION_DATE=2022-02-16T00:00:00+00:00
AIRFLOW_CTX_TRY_NUMBER=1
AIRFLOW_CTX_DAG_RUN_ID=scheduled__2022-02-16T00:00:00+00:00
[2022-08-06 19:38:05,838] {subprocess.py:62} INFO - Tmp dir root location: 
 /tmp
[2022-08-06 19:38:05,838] {subprocess.py:74} INFO - Running command: ['bash', '-c', 'echo hey, I am task2 and will be running after task1!']
[2022-08-06 19:38:05,857] {subprocess.py:85} INFO - Output:
[2022-08-06 19:38:05,859] {subprocess.py:92} INFO - hey, I am task2 and will be running after task1!
[2022-08-06 19:38:05,860] {subprocess.py:96} INFO - Command exited with return code 0
[2022-08-06 19:38:05,900] {taskinstance.py:1420} INFO - Marking task as SUCCESS. dag_id=our_first_dag_v5, task_id=second_task, execution_date=20220216T000000, start_date=20220806T193805, end_date=20220806T193805
[2022-08-06 19:38:05,959] {local_task_job.py:156} INFO - Task exited with return code 0
[2022-08-06 19:38:05,993] {local_task_job.py:273} INFO - 0 downstream tasks scheduled from follow-on schedule check
[2022-08-06 21:51:56,154] {taskinstance.py:1179} INFO - Dependencies all met for <TaskInstance: our_first_dag_v5.second_task scheduled__2022-02-16T00:00:00+00:00 [queued]>
[2022-08-06 21:51:56,165] {taskinstance.py:1179} INFO - Dependencies all met for <TaskInstance: our_first_dag_v5.second_task scheduled__2022-02-16T00:00:00+00:00 [queued]>
[2022-08-06 21:51:56,166] {taskinstance.py:1376} INFO - 
--------------------------------------------------------------------------------
[2022-08-06 21:51:56,166] {taskinstance.py:1377} INFO - Starting attempt 1 of 6
[2022-08-06 21:51:56,166] {taskinstance.py:1378} INFO - 
--------------------------------------------------------------------------------
[2022-08-06 21:51:56,180] {taskinstance.py:1397} INFO - Executing <Task(BashOperator): second_task> on 2022-02-16 00:00:00+00:00
[2022-08-06 21:51:56,186] {standard_task_runner.py:52} INFO - Started process 2183 to run task
[2022-08-06 21:51:56,188] {standard_task_runner.py:79} INFO - Running: ['***', 'tasks', 'run', 'our_first_dag_v5', 'second_task', 'scheduled__2022-02-16T00:00:00+00:00', '--job-id', '607', '--raw', '--subdir', 'DAGS_FOLDER/pipeline.py', '--cfg-path', '/tmp/tmpj3_ldi4m', '--error-file', '/tmp/tmpml1ngpwl']
[2022-08-06 21:51:56,189] {standard_task_runner.py:80} INFO - Job 607: Subtask second_task
[2022-08-06 21:51:56,242] {task_command.py:371} INFO - Running <TaskInstance: our_first_dag_v5.second_task scheduled__2022-02-16T00:00:00+00:00 [running]> on host c3f731879890
[2022-08-06 21:51:56,309] {taskinstance.py:1591} INFO - Exporting the following env vars:
AIRFLOW_CTX_DAG_OWNER=coder2j
AIRFLOW_CTX_DAG_ID=our_first_dag_v5
AIRFLOW_CTX_TASK_ID=second_task
AIRFLOW_CTX_EXECUTION_DATE=2022-02-16T00:00:00+00:00
AIRFLOW_CTX_TRY_NUMBER=1
AIRFLOW_CTX_DAG_RUN_ID=scheduled__2022-02-16T00:00:00+00:00
[2022-08-06 21:51:56,309] {subprocess.py:62} INFO - Tmp dir root location: 
 /tmp
[2022-08-06 21:51:56,310] {subprocess.py:74} INFO - Running command: ['bash', '-c', 'echo hey, I am task2 and will be running after task1!']
[2022-08-06 21:51:56,322] {subprocess.py:85} INFO - Output:
[2022-08-06 21:51:56,323] {subprocess.py:92} INFO - hey, I am task2 and will be running after task1!
[2022-08-06 21:51:56,323] {subprocess.py:96} INFO - Command exited with return code 0
[2022-08-06 21:51:56,349] {taskinstance.py:1420} INFO - Marking task as SUCCESS. dag_id=our_first_dag_v5, task_id=second_task, execution_date=20220216T000000, start_date=20220806T215156, end_date=20220806T215156
[2022-08-06 21:51:56,400] {local_task_job.py:156} INFO - Task exited with return code 0
[2022-08-06 21:51:56,425] {local_task_job.py:273} INFO - 0 downstream tasks scheduled from follow-on schedule check
[2022-08-06 21:57:23,372] {taskinstance.py:1179} INFO - Dependencies all met for <TaskInstance: our_first_dag_v5.second_task scheduled__2022-02-16T00:00:00+00:00 [queued]>
[2022-08-06 21:57:23,392] {taskinstance.py:1179} INFO - Dependencies all met for <TaskInstance: our_first_dag_v5.second_task scheduled__2022-02-16T00:00:00+00:00 [queued]>
[2022-08-06 21:57:23,392] {taskinstance.py:1376} INFO - 
--------------------------------------------------------------------------------
[2022-08-06 21:57:23,392] {taskinstance.py:1377} INFO - Starting attempt 1 of 6
[2022-08-06 21:57:23,392] {taskinstance.py:1378} INFO - 
--------------------------------------------------------------------------------
[2022-08-06 21:57:23,415] {taskinstance.py:1397} INFO - Executing <Task(BashOperator): second_task> on 2022-02-16 00:00:00+00:00
[2022-08-06 21:57:23,424] {standard_task_runner.py:52} INFO - Started process 2003 to run task
[2022-08-06 21:57:23,429] {standard_task_runner.py:79} INFO - Running: ['***', 'tasks', 'run', 'our_first_dag_v5', 'second_task', 'scheduled__2022-02-16T00:00:00+00:00', '--job-id', '611', '--raw', '--subdir', 'DAGS_FOLDER/pipeline.py', '--cfg-path', '/tmp/tmpyovzjp32', '--error-file', '/tmp/tmp60cqwyn5']
[2022-08-06 21:57:23,429] {standard_task_runner.py:80} INFO - Job 611: Subtask second_task
[2022-08-06 21:57:23,521] {task_command.py:371} INFO - Running <TaskInstance: our_first_dag_v5.second_task scheduled__2022-02-16T00:00:00+00:00 [running]> on host bc7e154a4fdd
[2022-08-06 21:57:23,628] {taskinstance.py:1591} INFO - Exporting the following env vars:
AIRFLOW_CTX_DAG_OWNER=coder2j
AIRFLOW_CTX_DAG_ID=our_first_dag_v5
AIRFLOW_CTX_TASK_ID=second_task
AIRFLOW_CTX_EXECUTION_DATE=2022-02-16T00:00:00+00:00
AIRFLOW_CTX_TRY_NUMBER=1
AIRFLOW_CTX_DAG_RUN_ID=scheduled__2022-02-16T00:00:00+00:00
[2022-08-06 21:57:23,629] {subprocess.py:62} INFO - Tmp dir root location: 
 /tmp
[2022-08-06 21:57:23,629] {subprocess.py:74} INFO - Running command: ['bash', '-c', 'echo hey, I am task2 and will be running after task1!']
[2022-08-06 21:57:23,645] {subprocess.py:85} INFO - Output:
[2022-08-06 21:57:23,646] {subprocess.py:92} INFO - hey, I am task2 and will be running after task1!
[2022-08-06 21:57:23,647] {subprocess.py:96} INFO - Command exited with return code 0
[2022-08-06 21:57:23,705] {taskinstance.py:1420} INFO - Marking task as SUCCESS. dag_id=our_first_dag_v5, task_id=second_task, execution_date=20220216T000000, start_date=20220806T215723, end_date=20220806T215723
[2022-08-06 21:57:23,761] {local_task_job.py:156} INFO - Task exited with return code 0
[2022-08-06 21:57:23,820] {local_task_job.py:273} INFO - 0 downstream tasks scheduled from follow-on schedule check
[2022-08-06 22:12:23,832] {taskinstance.py:1179} INFO - Dependencies all met for <TaskInstance: our_first_dag_v5.second_task scheduled__2022-02-16T00:00:00+00:00 [queued]>
[2022-08-06 22:12:23,846] {taskinstance.py:1179} INFO - Dependencies all met for <TaskInstance: our_first_dag_v5.second_task scheduled__2022-02-16T00:00:00+00:00 [queued]>
[2022-08-06 22:12:23,846] {taskinstance.py:1376} INFO - 
--------------------------------------------------------------------------------
[2022-08-06 22:12:23,846] {taskinstance.py:1377} INFO - Starting attempt 1 of 6
[2022-08-06 22:12:23,847] {taskinstance.py:1378} INFO - 
--------------------------------------------------------------------------------
[2022-08-06 22:12:23,867] {taskinstance.py:1397} INFO - Executing <Task(BashOperator): second_task> on 2022-02-16 00:00:00+00:00
[2022-08-06 22:12:23,874] {standard_task_runner.py:52} INFO - Started process 2003 to run task
[2022-08-06 22:12:23,877] {standard_task_runner.py:79} INFO - Running: ['***', 'tasks', 'run', 'our_first_dag_v5', 'second_task', 'scheduled__2022-02-16T00:00:00+00:00', '--job-id', '610', '--raw', '--subdir', 'DAGS_FOLDER/pipeline.py', '--cfg-path', '/tmp/tmp_75h3pvg', '--error-file', '/tmp/tmphqisezm4']
[2022-08-06 22:12:23,878] {standard_task_runner.py:80} INFO - Job 610: Subtask second_task
[2022-08-06 22:12:23,957] {task_command.py:371} INFO - Running <TaskInstance: our_first_dag_v5.second_task scheduled__2022-02-16T00:00:00+00:00 [running]> on host 1250c3b659cd
[2022-08-06 22:12:24,040] {taskinstance.py:1591} INFO - Exporting the following env vars:
AIRFLOW_CTX_DAG_OWNER=coder2j
AIRFLOW_CTX_DAG_ID=our_first_dag_v5
AIRFLOW_CTX_TASK_ID=second_task
AIRFLOW_CTX_EXECUTION_DATE=2022-02-16T00:00:00+00:00
AIRFLOW_CTX_TRY_NUMBER=1
AIRFLOW_CTX_DAG_RUN_ID=scheduled__2022-02-16T00:00:00+00:00
[2022-08-06 22:12:24,041] {subprocess.py:62} INFO - Tmp dir root location: 
 /tmp
[2022-08-06 22:12:24,041] {subprocess.py:74} INFO - Running command: ['bash', '-c', 'echo hey, I am task2 and will be running after task1!']
[2022-08-06 22:12:24,054] {subprocess.py:85} INFO - Output:
[2022-08-06 22:12:24,055] {subprocess.py:92} INFO - hey, I am task2 and will be running after task1!
[2022-08-06 22:12:24,056] {subprocess.py:96} INFO - Command exited with return code 0
[2022-08-06 22:12:24,124] {taskinstance.py:1420} INFO - Marking task as SUCCESS. dag_id=our_first_dag_v5, task_id=second_task, execution_date=20220216T000000, start_date=20220806T221223, end_date=20220806T221224
[2022-08-06 22:12:24,168] {local_task_job.py:156} INFO - Task exited with return code 0
[2022-08-06 22:12:24,204] {local_task_job.py:273} INFO - 0 downstream tasks scheduled from follow-on schedule check
[2022-08-06 22:23:43,883] {taskinstance.py:1179} INFO - Dependencies all met for <TaskInstance: our_first_dag_v5.second_task scheduled__2022-02-16T00:00:00+00:00 [queued]>
[2022-08-06 22:23:43,900] {taskinstance.py:1179} INFO - Dependencies all met for <TaskInstance: our_first_dag_v5.second_task scheduled__2022-02-16T00:00:00+00:00 [queued]>
[2022-08-06 22:23:43,900] {taskinstance.py:1376} INFO - 
--------------------------------------------------------------------------------
[2022-08-06 22:23:43,901] {taskinstance.py:1377} INFO - Starting attempt 1 of 6
[2022-08-06 22:23:43,901] {taskinstance.py:1378} INFO - 
--------------------------------------------------------------------------------
[2022-08-06 22:23:43,919] {taskinstance.py:1397} INFO - Executing <Task(BashOperator): second_task> on 2022-02-16 00:00:00+00:00
[2022-08-06 22:23:43,926] {standard_task_runner.py:52} INFO - Started process 2046 to run task
[2022-08-06 22:23:43,928] {standard_task_runner.py:79} INFO - Running: ['***', 'tasks', 'run', 'our_first_dag_v5', 'second_task', 'scheduled__2022-02-16T00:00:00+00:00', '--job-id', '610', '--raw', '--subdir', 'DAGS_FOLDER/pipeline.py', '--cfg-path', '/tmp/tmpq0a_uk4e', '--error-file', '/tmp/tmpz03sni65']
[2022-08-06 22:23:43,929] {standard_task_runner.py:80} INFO - Job 610: Subtask second_task
[2022-08-06 22:23:44,003] {task_command.py:371} INFO - Running <TaskInstance: our_first_dag_v5.second_task scheduled__2022-02-16T00:00:00+00:00 [running]> on host b215076695c3
[2022-08-06 22:23:44,087] {taskinstance.py:1591} INFO - Exporting the following env vars:
AIRFLOW_CTX_DAG_OWNER=coder2j
AIRFLOW_CTX_DAG_ID=our_first_dag_v5
AIRFLOW_CTX_TASK_ID=second_task
AIRFLOW_CTX_EXECUTION_DATE=2022-02-16T00:00:00+00:00
AIRFLOW_CTX_TRY_NUMBER=1
AIRFLOW_CTX_DAG_RUN_ID=scheduled__2022-02-16T00:00:00+00:00
[2022-08-06 22:23:44,088] {subprocess.py:62} INFO - Tmp dir root location: 
 /tmp
[2022-08-06 22:23:44,088] {subprocess.py:74} INFO - Running command: ['bash', '-c', 'echo hey, I am task2 and will be running after task1!']
[2022-08-06 22:23:44,154] {subprocess.py:85} INFO - Output:
[2022-08-06 22:23:44,155] {subprocess.py:92} INFO - hey, I am task2 and will be running after task1!
[2022-08-06 22:23:44,156] {subprocess.py:96} INFO - Command exited with return code 0
[2022-08-06 22:23:44,183] {taskinstance.py:1420} INFO - Marking task as SUCCESS. dag_id=our_first_dag_v5, task_id=second_task, execution_date=20220216T000000, start_date=20220806T222343, end_date=20220806T222344
[2022-08-06 22:23:44,220] {local_task_job.py:156} INFO - Task exited with return code 0
[2022-08-06 22:23:44,251] {local_task_job.py:273} INFO - 0 downstream tasks scheduled from follow-on schedule check
