[2022-08-06 19:38:25,206] {taskinstance.py:1179} INFO - Dependencies all met for <TaskInstance: our_first_dag_v5.second_task scheduled__2022-03-17T00:00:00+00:00 [queued]>
[2022-08-06 19:38:25,224] {taskinstance.py:1179} INFO - Dependencies all met for <TaskInstance: our_first_dag_v5.second_task scheduled__2022-03-17T00:00:00+00:00 [queued]>
[2022-08-06 19:38:25,224] {taskinstance.py:1376} INFO - 
--------------------------------------------------------------------------------
[2022-08-06 19:38:25,224] {taskinstance.py:1377} INFO - Starting attempt 1 of 6
[2022-08-06 19:38:25,224] {taskinstance.py:1378} INFO - 
--------------------------------------------------------------------------------
[2022-08-06 19:38:25,245] {taskinstance.py:1397} INFO - Executing <Task(BashOperator): second_task> on 2022-03-17 00:00:00+00:00
[2022-08-06 19:38:25,254] {standard_task_runner.py:52} INFO - Started process 2286 to run task
[2022-08-06 19:38:25,258] {standard_task_runner.py:79} INFO - Running: ['***', 'tasks', 'run', 'our_first_dag_v5', 'second_task', 'scheduled__2022-03-17T00:00:00+00:00', '--job-id', '700', '--raw', '--subdir', 'DAGS_FOLDER/pipeline.py', '--cfg-path', '/tmp/tmptr37gbez', '--error-file', '/tmp/tmpz94vltsv']
[2022-08-06 19:38:25,259] {standard_task_runner.py:80} INFO - Job 700: Subtask second_task
[2022-08-06 19:38:25,367] {task_command.py:371} INFO - Running <TaskInstance: our_first_dag_v5.second_task scheduled__2022-03-17T00:00:00+00:00 [running]> on host b29c168c1666
[2022-08-06 19:38:25,468] {taskinstance.py:1591} INFO - Exporting the following env vars:
AIRFLOW_CTX_DAG_OWNER=coder2j
AIRFLOW_CTX_DAG_ID=our_first_dag_v5
AIRFLOW_CTX_TASK_ID=second_task
AIRFLOW_CTX_EXECUTION_DATE=2022-03-17T00:00:00+00:00
AIRFLOW_CTX_TRY_NUMBER=1
AIRFLOW_CTX_DAG_RUN_ID=scheduled__2022-03-17T00:00:00+00:00
[2022-08-06 19:38:25,468] {subprocess.py:62} INFO - Tmp dir root location: 
 /tmp
[2022-08-06 19:38:25,469] {subprocess.py:74} INFO - Running command: ['bash', '-c', 'echo hey, I am task2 and will be running after task1!']
[2022-08-06 19:38:25,486] {subprocess.py:85} INFO - Output:
[2022-08-06 19:38:25,488] {subprocess.py:92} INFO - hey, I am task2 and will be running after task1!
[2022-08-06 19:38:25,488] {subprocess.py:96} INFO - Command exited with return code 0
[2022-08-06 19:38:25,534] {taskinstance.py:1420} INFO - Marking task as SUCCESS. dag_id=our_first_dag_v5, task_id=second_task, execution_date=20220317T000000, start_date=20220806T193825, end_date=20220806T193825
[2022-08-06 19:38:25,590] {local_task_job.py:156} INFO - Task exited with return code 0
[2022-08-06 19:38:25,638] {local_task_job.py:273} INFO - 0 downstream tasks scheduled from follow-on schedule check
[2022-08-06 21:52:15,007] {taskinstance.py:1179} INFO - Dependencies all met for <TaskInstance: our_first_dag_v5.second_task scheduled__2022-03-17T00:00:00+00:00 [queued]>
[2022-08-06 21:52:15,021] {taskinstance.py:1179} INFO - Dependencies all met for <TaskInstance: our_first_dag_v5.second_task scheduled__2022-03-17T00:00:00+00:00 [queued]>
[2022-08-06 21:52:15,021] {taskinstance.py:1376} INFO - 
--------------------------------------------------------------------------------
[2022-08-06 21:52:15,022] {taskinstance.py:1377} INFO - Starting attempt 1 of 6
[2022-08-06 21:52:15,022] {taskinstance.py:1378} INFO - 
--------------------------------------------------------------------------------
[2022-08-06 21:52:15,038] {taskinstance.py:1397} INFO - Executing <Task(BashOperator): second_task> on 2022-03-17 00:00:00+00:00
[2022-08-06 21:52:15,046] {standard_task_runner.py:52} INFO - Started process 2463 to run task
[2022-08-06 21:52:15,049] {standard_task_runner.py:79} INFO - Running: ['***', 'tasks', 'run', 'our_first_dag_v5', 'second_task', 'scheduled__2022-03-17T00:00:00+00:00', '--job-id', '693', '--raw', '--subdir', 'DAGS_FOLDER/pipeline.py', '--cfg-path', '/tmp/tmpl0jq7in6', '--error-file', '/tmp/tmpjkcp1s23']
[2022-08-06 21:52:15,049] {standard_task_runner.py:80} INFO - Job 693: Subtask second_task
[2022-08-06 21:52:15,135] {task_command.py:371} INFO - Running <TaskInstance: our_first_dag_v5.second_task scheduled__2022-03-17T00:00:00+00:00 [running]> on host c3f731879890
[2022-08-06 21:52:15,242] {taskinstance.py:1591} INFO - Exporting the following env vars:
AIRFLOW_CTX_DAG_OWNER=coder2j
AIRFLOW_CTX_DAG_ID=our_first_dag_v5
AIRFLOW_CTX_TASK_ID=second_task
AIRFLOW_CTX_EXECUTION_DATE=2022-03-17T00:00:00+00:00
AIRFLOW_CTX_TRY_NUMBER=1
AIRFLOW_CTX_DAG_RUN_ID=scheduled__2022-03-17T00:00:00+00:00
[2022-08-06 21:52:15,243] {subprocess.py:62} INFO - Tmp dir root location: 
 /tmp
[2022-08-06 21:52:15,243] {subprocess.py:74} INFO - Running command: ['bash', '-c', 'echo hey, I am task2 and will be running after task1!']
[2022-08-06 21:52:15,260] {subprocess.py:85} INFO - Output:
[2022-08-06 21:52:15,262] {subprocess.py:92} INFO - hey, I am task2 and will be running after task1!
[2022-08-06 21:52:15,262] {subprocess.py:96} INFO - Command exited with return code 0
[2022-08-06 21:52:15,340] {taskinstance.py:1420} INFO - Marking task as SUCCESS. dag_id=our_first_dag_v5, task_id=second_task, execution_date=20220317T000000, start_date=20220806T215215, end_date=20220806T215215
[2022-08-06 21:52:15,380] {local_task_job.py:156} INFO - Task exited with return code 0
[2022-08-06 21:52:15,418] {local_task_job.py:273} INFO - 0 downstream tasks scheduled from follow-on schedule check
[2022-08-06 21:57:39,351] {taskinstance.py:1179} INFO - Dependencies all met for <TaskInstance: our_first_dag_v5.second_task scheduled__2022-03-17T00:00:00+00:00 [queued]>
[2022-08-06 21:57:39,376] {taskinstance.py:1179} INFO - Dependencies all met for <TaskInstance: our_first_dag_v5.second_task scheduled__2022-03-17T00:00:00+00:00 [queued]>
[2022-08-06 21:57:39,376] {taskinstance.py:1376} INFO - 
--------------------------------------------------------------------------------
[2022-08-06 21:57:39,376] {taskinstance.py:1377} INFO - Starting attempt 1 of 6
[2022-08-06 21:57:39,376] {taskinstance.py:1378} INFO - 
--------------------------------------------------------------------------------
[2022-08-06 21:57:39,400] {taskinstance.py:1397} INFO - Executing <Task(BashOperator): second_task> on 2022-03-17 00:00:00+00:00
[2022-08-06 21:57:39,407] {standard_task_runner.py:52} INFO - Started process 2260 to run task
[2022-08-06 21:57:39,410] {standard_task_runner.py:79} INFO - Running: ['***', 'tasks', 'run', 'our_first_dag_v5', 'second_task', 'scheduled__2022-03-17T00:00:00+00:00', '--job-id', '696', '--raw', '--subdir', 'DAGS_FOLDER/pipeline.py', '--cfg-path', '/tmp/tmpo_bc5yut', '--error-file', '/tmp/tmpmqpceu3i']
[2022-08-06 21:57:39,411] {standard_task_runner.py:80} INFO - Job 696: Subtask second_task
[2022-08-06 21:57:39,505] {task_command.py:371} INFO - Running <TaskInstance: our_first_dag_v5.second_task scheduled__2022-03-17T00:00:00+00:00 [running]> on host bc7e154a4fdd
[2022-08-06 21:57:39,671] {taskinstance.py:1591} INFO - Exporting the following env vars:
AIRFLOW_CTX_DAG_OWNER=coder2j
AIRFLOW_CTX_DAG_ID=our_first_dag_v5
AIRFLOW_CTX_TASK_ID=second_task
AIRFLOW_CTX_EXECUTION_DATE=2022-03-17T00:00:00+00:00
AIRFLOW_CTX_TRY_NUMBER=1
AIRFLOW_CTX_DAG_RUN_ID=scheduled__2022-03-17T00:00:00+00:00
[2022-08-06 21:57:39,672] {subprocess.py:62} INFO - Tmp dir root location: 
 /tmp
[2022-08-06 21:57:39,673] {subprocess.py:74} INFO - Running command: ['bash', '-c', 'echo hey, I am task2 and will be running after task1!']
[2022-08-06 21:57:39,697] {subprocess.py:85} INFO - Output:
[2022-08-06 21:57:39,699] {subprocess.py:92} INFO - hey, I am task2 and will be running after task1!
[2022-08-06 21:57:39,700] {subprocess.py:96} INFO - Command exited with return code 0
[2022-08-06 21:57:39,750] {taskinstance.py:1420} INFO - Marking task as SUCCESS. dag_id=our_first_dag_v5, task_id=second_task, execution_date=20220317T000000, start_date=20220806T215739, end_date=20220806T215739
[2022-08-06 21:57:39,783] {local_task_job.py:156} INFO - Task exited with return code 0
[2022-08-06 21:57:39,826] {local_task_job.py:273} INFO - 0 downstream tasks scheduled from follow-on schedule check
[2022-08-06 22:12:41,911] {taskinstance.py:1179} INFO - Dependencies all met for <TaskInstance: our_first_dag_v5.second_task scheduled__2022-03-17T00:00:00+00:00 [queued]>
[2022-08-06 22:12:41,927] {taskinstance.py:1179} INFO - Dependencies all met for <TaskInstance: our_first_dag_v5.second_task scheduled__2022-03-17T00:00:00+00:00 [queued]>
[2022-08-06 22:12:41,927] {taskinstance.py:1376} INFO - 
--------------------------------------------------------------------------------
[2022-08-06 22:12:41,927] {taskinstance.py:1377} INFO - Starting attempt 1 of 6
[2022-08-06 22:12:41,927] {taskinstance.py:1378} INFO - 
--------------------------------------------------------------------------------
[2022-08-06 22:12:41,946] {taskinstance.py:1397} INFO - Executing <Task(BashOperator): second_task> on 2022-03-17 00:00:00+00:00
[2022-08-06 22:12:41,953] {standard_task_runner.py:52} INFO - Started process 2271 to run task
[2022-08-06 22:12:41,960] {standard_task_runner.py:79} INFO - Running: ['***', 'tasks', 'run', 'our_first_dag_v5', 'second_task', 'scheduled__2022-03-17T00:00:00+00:00', '--job-id', '696', '--raw', '--subdir', 'DAGS_FOLDER/pipeline.py', '--cfg-path', '/tmp/tmp4taie7x_', '--error-file', '/tmp/tmpae2j84d6']
[2022-08-06 22:12:41,960] {standard_task_runner.py:80} INFO - Job 696: Subtask second_task
[2022-08-06 22:12:42,066] {task_command.py:371} INFO - Running <TaskInstance: our_first_dag_v5.second_task scheduled__2022-03-17T00:00:00+00:00 [running]> on host 1250c3b659cd
[2022-08-06 22:12:42,172] {taskinstance.py:1591} INFO - Exporting the following env vars:
AIRFLOW_CTX_DAG_OWNER=coder2j
AIRFLOW_CTX_DAG_ID=our_first_dag_v5
AIRFLOW_CTX_TASK_ID=second_task
AIRFLOW_CTX_EXECUTION_DATE=2022-03-17T00:00:00+00:00
AIRFLOW_CTX_TRY_NUMBER=1
AIRFLOW_CTX_DAG_RUN_ID=scheduled__2022-03-17T00:00:00+00:00
[2022-08-06 22:12:42,173] {subprocess.py:62} INFO - Tmp dir root location: 
 /tmp
[2022-08-06 22:12:42,173] {subprocess.py:74} INFO - Running command: ['bash', '-c', 'echo hey, I am task2 and will be running after task1!']
[2022-08-06 22:12:42,192] {subprocess.py:85} INFO - Output:
[2022-08-06 22:12:42,195] {subprocess.py:92} INFO - hey, I am task2 and will be running after task1!
[2022-08-06 22:12:42,195] {subprocess.py:96} INFO - Command exited with return code 0
[2022-08-06 22:12:42,265] {taskinstance.py:1420} INFO - Marking task as SUCCESS. dag_id=our_first_dag_v5, task_id=second_task, execution_date=20220317T000000, start_date=20220806T221241, end_date=20220806T221242
[2022-08-06 22:12:42,329] {local_task_job.py:156} INFO - Task exited with return code 0
[2022-08-06 22:12:42,376] {local_task_job.py:273} INFO - 0 downstream tasks scheduled from follow-on schedule check
[2022-08-06 22:24:01,413] {taskinstance.py:1179} INFO - Dependencies all met for <TaskInstance: our_first_dag_v5.second_task scheduled__2022-03-17T00:00:00+00:00 [queued]>
[2022-08-06 22:24:01,426] {taskinstance.py:1179} INFO - Dependencies all met for <TaskInstance: our_first_dag_v5.second_task scheduled__2022-03-17T00:00:00+00:00 [queued]>
[2022-08-06 22:24:01,427] {taskinstance.py:1376} INFO - 
--------------------------------------------------------------------------------
[2022-08-06 22:24:01,427] {taskinstance.py:1377} INFO - Starting attempt 1 of 6
[2022-08-06 22:24:01,427] {taskinstance.py:1378} INFO - 
--------------------------------------------------------------------------------
[2022-08-06 22:24:01,445] {taskinstance.py:1397} INFO - Executing <Task(BashOperator): second_task> on 2022-03-17 00:00:00+00:00
[2022-08-06 22:24:01,453] {standard_task_runner.py:52} INFO - Started process 2324 to run task
[2022-08-06 22:24:01,455] {standard_task_runner.py:79} INFO - Running: ['***', 'tasks', 'run', 'our_first_dag_v5', 'second_task', 'scheduled__2022-03-17T00:00:00+00:00', '--job-id', '699', '--raw', '--subdir', 'DAGS_FOLDER/pipeline.py', '--cfg-path', '/tmp/tmpz6695san', '--error-file', '/tmp/tmpc4skxfkr']
[2022-08-06 22:24:01,455] {standard_task_runner.py:80} INFO - Job 699: Subtask second_task
[2022-08-06 22:24:01,518] {task_command.py:371} INFO - Running <TaskInstance: our_first_dag_v5.second_task scheduled__2022-03-17T00:00:00+00:00 [running]> on host b215076695c3
[2022-08-06 22:24:01,604] {taskinstance.py:1591} INFO - Exporting the following env vars:
AIRFLOW_CTX_DAG_OWNER=coder2j
AIRFLOW_CTX_DAG_ID=our_first_dag_v5
AIRFLOW_CTX_TASK_ID=second_task
AIRFLOW_CTX_EXECUTION_DATE=2022-03-17T00:00:00+00:00
AIRFLOW_CTX_TRY_NUMBER=1
AIRFLOW_CTX_DAG_RUN_ID=scheduled__2022-03-17T00:00:00+00:00
[2022-08-06 22:24:01,605] {subprocess.py:62} INFO - Tmp dir root location: 
 /tmp
[2022-08-06 22:24:01,605] {subprocess.py:74} INFO - Running command: ['bash', '-c', 'echo hey, I am task2 and will be running after task1!']
[2022-08-06 22:24:01,619] {subprocess.py:85} INFO - Output:
[2022-08-06 22:24:01,621] {subprocess.py:92} INFO - hey, I am task2 and will be running after task1!
[2022-08-06 22:24:01,621] {subprocess.py:96} INFO - Command exited with return code 0
[2022-08-06 22:24:01,647] {taskinstance.py:1420} INFO - Marking task as SUCCESS. dag_id=our_first_dag_v5, task_id=second_task, execution_date=20220317T000000, start_date=20220806T222401, end_date=20220806T222401
[2022-08-06 22:24:01,667] {local_task_job.py:156} INFO - Task exited with return code 0
[2022-08-06 22:24:01,700] {local_task_job.py:273} INFO - 0 downstream tasks scheduled from follow-on schedule check
