[2022-08-06 19:37:50,261] {taskinstance.py:1179} INFO - Dependencies all met for <TaskInstance: our_first_dag_v5.second_task scheduled__2022-01-22T00:00:00+00:00 [queued]>
[2022-08-06 19:37:50,281] {taskinstance.py:1179} INFO - Dependencies all met for <TaskInstance: our_first_dag_v5.second_task scheduled__2022-01-22T00:00:00+00:00 [queued]>
[2022-08-06 19:37:50,281] {taskinstance.py:1376} INFO - 
--------------------------------------------------------------------------------
[2022-08-06 19:37:50,282] {taskinstance.py:1377} INFO - Starting attempt 1 of 6
[2022-08-06 19:37:50,282] {taskinstance.py:1378} INFO - 
--------------------------------------------------------------------------------
[2022-08-06 19:37:50,306] {taskinstance.py:1397} INFO - Executing <Task(BashOperator): second_task> on 2022-01-22 00:00:00+00:00
[2022-08-06 19:37:50,315] {standard_task_runner.py:52} INFO - Started process 1780 to run task
[2022-08-06 19:37:50,318] {standard_task_runner.py:79} INFO - Running: ['***', 'tasks', 'run', 'our_first_dag_v5', 'second_task', 'scheduled__2022-01-22T00:00:00+00:00', '--job-id', '536', '--raw', '--subdir', 'DAGS_FOLDER/pipeline.py', '--cfg-path', '/tmp/tmphmbfmo9r', '--error-file', '/tmp/tmpfnou3dd4']
[2022-08-06 19:37:50,319] {standard_task_runner.py:80} INFO - Job 536: Subtask second_task
[2022-08-06 19:37:50,421] {task_command.py:371} INFO - Running <TaskInstance: our_first_dag_v5.second_task scheduled__2022-01-22T00:00:00+00:00 [running]> on host b29c168c1666
[2022-08-06 19:37:50,532] {taskinstance.py:1591} INFO - Exporting the following env vars:
AIRFLOW_CTX_DAG_OWNER=coder2j
AIRFLOW_CTX_DAG_ID=our_first_dag_v5
AIRFLOW_CTX_TASK_ID=second_task
AIRFLOW_CTX_EXECUTION_DATE=2022-01-22T00:00:00+00:00
AIRFLOW_CTX_TRY_NUMBER=1
AIRFLOW_CTX_DAG_RUN_ID=scheduled__2022-01-22T00:00:00+00:00
[2022-08-06 19:37:50,533] {subprocess.py:62} INFO - Tmp dir root location: 
 /tmp
[2022-08-06 19:37:50,534] {subprocess.py:74} INFO - Running command: ['bash', '-c', 'echo hey, I am task2 and will be running after task1!']
[2022-08-06 19:37:50,555] {subprocess.py:85} INFO - Output:
[2022-08-06 19:37:50,558] {subprocess.py:92} INFO - hey, I am task2 and will be running after task1!
[2022-08-06 19:37:50,559] {subprocess.py:96} INFO - Command exited with return code 0
[2022-08-06 19:37:50,617] {taskinstance.py:1420} INFO - Marking task as SUCCESS. dag_id=our_first_dag_v5, task_id=second_task, execution_date=20220122T000000, start_date=20220806T193750, end_date=20220806T193750
[2022-08-06 19:37:50,662] {local_task_job.py:156} INFO - Task exited with return code 0
[2022-08-06 19:37:50,717] {local_task_job.py:273} INFO - 0 downstream tasks scheduled from follow-on schedule check
[2022-08-06 21:51:43,112] {taskinstance.py:1179} INFO - Dependencies all met for <TaskInstance: our_first_dag_v5.second_task scheduled__2022-01-22T00:00:00+00:00 [queued]>
[2022-08-06 21:51:43,122] {taskinstance.py:1179} INFO - Dependencies all met for <TaskInstance: our_first_dag_v5.second_task scheduled__2022-01-22T00:00:00+00:00 [queued]>
[2022-08-06 21:51:43,122] {taskinstance.py:1376} INFO - 
--------------------------------------------------------------------------------
[2022-08-06 21:51:43,122] {taskinstance.py:1377} INFO - Starting attempt 1 of 6
[2022-08-06 21:51:43,122] {taskinstance.py:1378} INFO - 
--------------------------------------------------------------------------------
[2022-08-06 21:51:43,136] {taskinstance.py:1397} INFO - Executing <Task(BashOperator): second_task> on 2022-01-22 00:00:00+00:00
[2022-08-06 21:51:43,142] {standard_task_runner.py:52} INFO - Started process 1956 to run task
[2022-08-06 21:51:43,145] {standard_task_runner.py:79} INFO - Running: ['***', 'tasks', 'run', 'our_first_dag_v5', 'second_task', 'scheduled__2022-01-22T00:00:00+00:00', '--job-id', '536', '--raw', '--subdir', 'DAGS_FOLDER/pipeline.py', '--cfg-path', '/tmp/tmpjmlf3nt6', '--error-file', '/tmp/tmps9lrzgyx']
[2022-08-06 21:51:43,145] {standard_task_runner.py:80} INFO - Job 536: Subtask second_task
[2022-08-06 21:51:43,198] {task_command.py:371} INFO - Running <TaskInstance: our_first_dag_v5.second_task scheduled__2022-01-22T00:00:00+00:00 [running]> on host c3f731879890
[2022-08-06 21:51:43,272] {taskinstance.py:1591} INFO - Exporting the following env vars:
AIRFLOW_CTX_DAG_OWNER=coder2j
AIRFLOW_CTX_DAG_ID=our_first_dag_v5
AIRFLOW_CTX_TASK_ID=second_task
AIRFLOW_CTX_EXECUTION_DATE=2022-01-22T00:00:00+00:00
AIRFLOW_CTX_TRY_NUMBER=1
AIRFLOW_CTX_DAG_RUN_ID=scheduled__2022-01-22T00:00:00+00:00
[2022-08-06 21:51:43,273] {subprocess.py:62} INFO - Tmp dir root location: 
 /tmp
[2022-08-06 21:51:43,273] {subprocess.py:74} INFO - Running command: ['bash', '-c', 'echo hey, I am task2 and will be running after task1!']
[2022-08-06 21:51:43,285] {subprocess.py:85} INFO - Output:
[2022-08-06 21:51:43,286] {subprocess.py:92} INFO - hey, I am task2 and will be running after task1!
[2022-08-06 21:51:43,286] {subprocess.py:96} INFO - Command exited with return code 0
[2022-08-06 21:51:43,318] {taskinstance.py:1420} INFO - Marking task as SUCCESS. dag_id=our_first_dag_v5, task_id=second_task, execution_date=20220122T000000, start_date=20220806T215143, end_date=20220806T215143
[2022-08-06 21:51:43,355] {local_task_job.py:156} INFO - Task exited with return code 0
[2022-08-06 21:51:43,383] {local_task_job.py:273} INFO - 0 downstream tasks scheduled from follow-on schedule check
[2022-08-06 21:57:05,792] {taskinstance.py:1179} INFO - Dependencies all met for <TaskInstance: our_first_dag_v5.second_task scheduled__2022-01-22T00:00:00+00:00 [queued]>
[2022-08-06 21:57:05,810] {taskinstance.py:1179} INFO - Dependencies all met for <TaskInstance: our_first_dag_v5.second_task scheduled__2022-01-22T00:00:00+00:00 [queued]>
[2022-08-06 21:57:05,810] {taskinstance.py:1376} INFO - 
--------------------------------------------------------------------------------
[2022-08-06 21:57:05,810] {taskinstance.py:1377} INFO - Starting attempt 1 of 6
[2022-08-06 21:57:05,810] {taskinstance.py:1378} INFO - 
--------------------------------------------------------------------------------
[2022-08-06 21:57:05,829] {taskinstance.py:1397} INFO - Executing <Task(BashOperator): second_task> on 2022-01-22 00:00:00+00:00
[2022-08-06 21:57:05,836] {standard_task_runner.py:52} INFO - Started process 1751 to run task
[2022-08-06 21:57:05,839] {standard_task_runner.py:79} INFO - Running: ['***', 'tasks', 'run', 'our_first_dag_v5', 'second_task', 'scheduled__2022-01-22T00:00:00+00:00', '--job-id', '534', '--raw', '--subdir', 'DAGS_FOLDER/pipeline.py', '--cfg-path', '/tmp/tmpgpslnare', '--error-file', '/tmp/tmps5xzyqs4']
[2022-08-06 21:57:05,839] {standard_task_runner.py:80} INFO - Job 534: Subtask second_task
[2022-08-06 21:57:05,904] {task_command.py:371} INFO - Running <TaskInstance: our_first_dag_v5.second_task scheduled__2022-01-22T00:00:00+00:00 [running]> on host bc7e154a4fdd
[2022-08-06 21:57:05,986] {taskinstance.py:1591} INFO - Exporting the following env vars:
AIRFLOW_CTX_DAG_OWNER=coder2j
AIRFLOW_CTX_DAG_ID=our_first_dag_v5
AIRFLOW_CTX_TASK_ID=second_task
AIRFLOW_CTX_EXECUTION_DATE=2022-01-22T00:00:00+00:00
AIRFLOW_CTX_TRY_NUMBER=1
AIRFLOW_CTX_DAG_RUN_ID=scheduled__2022-01-22T00:00:00+00:00
[2022-08-06 21:57:05,987] {subprocess.py:62} INFO - Tmp dir root location: 
 /tmp
[2022-08-06 21:57:05,988] {subprocess.py:74} INFO - Running command: ['bash', '-c', 'echo hey, I am task2 and will be running after task1!']
[2022-08-06 21:57:06,000] {subprocess.py:85} INFO - Output:
[2022-08-06 21:57:06,001] {subprocess.py:92} INFO - hey, I am task2 and will be running after task1!
[2022-08-06 21:57:06,002] {subprocess.py:96} INFO - Command exited with return code 0
[2022-08-06 21:57:06,030] {taskinstance.py:1420} INFO - Marking task as SUCCESS. dag_id=our_first_dag_v5, task_id=second_task, execution_date=20220122T000000, start_date=20220806T215705, end_date=20220806T215706
[2022-08-06 21:57:06,050] {local_task_job.py:156} INFO - Task exited with return code 0
[2022-08-06 21:57:06,082] {local_task_job.py:273} INFO - 0 downstream tasks scheduled from follow-on schedule check
[2022-08-06 22:12:10,345] {taskinstance.py:1179} INFO - Dependencies all met for <TaskInstance: our_first_dag_v5.second_task scheduled__2022-01-22T00:00:00+00:00 [queued]>
[2022-08-06 22:12:10,366] {taskinstance.py:1179} INFO - Dependencies all met for <TaskInstance: our_first_dag_v5.second_task scheduled__2022-01-22T00:00:00+00:00 [queued]>
[2022-08-06 22:12:10,366] {taskinstance.py:1376} INFO - 
--------------------------------------------------------------------------------
[2022-08-06 22:12:10,366] {taskinstance.py:1377} INFO - Starting attempt 1 of 6
[2022-08-06 22:12:10,366] {taskinstance.py:1378} INFO - 
--------------------------------------------------------------------------------
[2022-08-06 22:12:10,392] {taskinstance.py:1397} INFO - Executing <Task(BashOperator): second_task> on 2022-01-22 00:00:00+00:00
[2022-08-06 22:12:10,403] {standard_task_runner.py:52} INFO - Started process 1764 to run task
[2022-08-06 22:12:10,407] {standard_task_runner.py:79} INFO - Running: ['***', 'tasks', 'run', 'our_first_dag_v5', 'second_task', 'scheduled__2022-01-22T00:00:00+00:00', '--job-id', '536', '--raw', '--subdir', 'DAGS_FOLDER/pipeline.py', '--cfg-path', '/tmp/tmp8mkehwmg', '--error-file', '/tmp/tmpu574r2uj']
[2022-08-06 22:12:10,407] {standard_task_runner.py:80} INFO - Job 536: Subtask second_task
[2022-08-06 22:12:10,492] {task_command.py:371} INFO - Running <TaskInstance: our_first_dag_v5.second_task scheduled__2022-01-22T00:00:00+00:00 [running]> on host 1250c3b659cd
[2022-08-06 22:12:10,613] {taskinstance.py:1591} INFO - Exporting the following env vars:
AIRFLOW_CTX_DAG_OWNER=coder2j
AIRFLOW_CTX_DAG_ID=our_first_dag_v5
AIRFLOW_CTX_TASK_ID=second_task
AIRFLOW_CTX_EXECUTION_DATE=2022-01-22T00:00:00+00:00
AIRFLOW_CTX_TRY_NUMBER=1
AIRFLOW_CTX_DAG_RUN_ID=scheduled__2022-01-22T00:00:00+00:00
[2022-08-06 22:12:10,613] {subprocess.py:62} INFO - Tmp dir root location: 
 /tmp
[2022-08-06 22:12:10,614] {subprocess.py:74} INFO - Running command: ['bash', '-c', 'echo hey, I am task2 and will be running after task1!']
[2022-08-06 22:12:10,631] {subprocess.py:85} INFO - Output:
[2022-08-06 22:12:10,633] {subprocess.py:92} INFO - hey, I am task2 and will be running after task1!
[2022-08-06 22:12:10,633] {subprocess.py:96} INFO - Command exited with return code 0
[2022-08-06 22:12:10,682] {taskinstance.py:1420} INFO - Marking task as SUCCESS. dag_id=our_first_dag_v5, task_id=second_task, execution_date=20220122T000000, start_date=20220806T221210, end_date=20220806T221210
[2022-08-06 22:12:10,739] {local_task_job.py:156} INFO - Task exited with return code 0
[2022-08-06 22:12:10,824] {local_task_job.py:273} INFO - 0 downstream tasks scheduled from follow-on schedule check
[2022-08-06 22:23:29,734] {taskinstance.py:1179} INFO - Dependencies all met for <TaskInstance: our_first_dag_v5.second_task scheduled__2022-01-22T00:00:00+00:00 [queued]>
[2022-08-06 22:23:29,754] {taskinstance.py:1179} INFO - Dependencies all met for <TaskInstance: our_first_dag_v5.second_task scheduled__2022-01-22T00:00:00+00:00 [queued]>
[2022-08-06 22:23:29,754] {taskinstance.py:1376} INFO - 
--------------------------------------------------------------------------------
[2022-08-06 22:23:29,754] {taskinstance.py:1377} INFO - Starting attempt 1 of 6
[2022-08-06 22:23:29,754] {taskinstance.py:1378} INFO - 
--------------------------------------------------------------------------------
[2022-08-06 22:23:29,774] {taskinstance.py:1397} INFO - Executing <Task(BashOperator): second_task> on 2022-01-22 00:00:00+00:00
[2022-08-06 22:23:29,781] {standard_task_runner.py:52} INFO - Started process 1827 to run task
[2022-08-06 22:23:29,785] {standard_task_runner.py:79} INFO - Running: ['***', 'tasks', 'run', 'our_first_dag_v5', 'second_task', 'scheduled__2022-01-22T00:00:00+00:00', '--job-id', '540', '--raw', '--subdir', 'DAGS_FOLDER/pipeline.py', '--cfg-path', '/tmp/tmpa91h3g7y', '--error-file', '/tmp/tmpkco0qgpe']
[2022-08-06 22:23:29,785] {standard_task_runner.py:80} INFO - Job 540: Subtask second_task
[2022-08-06 22:23:29,876] {task_command.py:371} INFO - Running <TaskInstance: our_first_dag_v5.second_task scheduled__2022-01-22T00:00:00+00:00 [running]> on host b215076695c3
[2022-08-06 22:23:29,986] {taskinstance.py:1591} INFO - Exporting the following env vars:
AIRFLOW_CTX_DAG_OWNER=coder2j
AIRFLOW_CTX_DAG_ID=our_first_dag_v5
AIRFLOW_CTX_TASK_ID=second_task
AIRFLOW_CTX_EXECUTION_DATE=2022-01-22T00:00:00+00:00
AIRFLOW_CTX_TRY_NUMBER=1
AIRFLOW_CTX_DAG_RUN_ID=scheduled__2022-01-22T00:00:00+00:00
[2022-08-06 22:23:29,987] {subprocess.py:62} INFO - Tmp dir root location: 
 /tmp
[2022-08-06 22:23:29,988] {subprocess.py:74} INFO - Running command: ['bash', '-c', 'echo hey, I am task2 and will be running after task1!']
[2022-08-06 22:23:30,025] {subprocess.py:85} INFO - Output:
[2022-08-06 22:23:30,027] {subprocess.py:92} INFO - hey, I am task2 and will be running after task1!
[2022-08-06 22:23:30,027] {subprocess.py:96} INFO - Command exited with return code 0
[2022-08-06 22:23:30,070] {taskinstance.py:1420} INFO - Marking task as SUCCESS. dag_id=our_first_dag_v5, task_id=second_task, execution_date=20220122T000000, start_date=20220806T222329, end_date=20220806T222330
[2022-08-06 22:23:30,117] {local_task_job.py:156} INFO - Task exited with return code 0
[2022-08-06 22:23:30,153] {local_task_job.py:273} INFO - 0 downstream tasks scheduled from follow-on schedule check
