[2022-08-06 19:37:31,280] {taskinstance.py:1179} INFO - Dependencies all met for <TaskInstance: our_first_dag_v5.thrid_task scheduled__2021-12-21T00:00:00+00:00 [queued]>
[2022-08-06 19:37:31,293] {taskinstance.py:1179} INFO - Dependencies all met for <TaskInstance: our_first_dag_v5.thrid_task scheduled__2021-12-21T00:00:00+00:00 [queued]>
[2022-08-06 19:37:31,294] {taskinstance.py:1376} INFO - 
--------------------------------------------------------------------------------
[2022-08-06 19:37:31,294] {taskinstance.py:1377} INFO - Starting attempt 1 of 6
[2022-08-06 19:37:31,294] {taskinstance.py:1378} INFO - 
--------------------------------------------------------------------------------
[2022-08-06 19:37:31,309] {taskinstance.py:1397} INFO - Executing <Task(BashOperator): thrid_task> on 2021-12-21 00:00:00+00:00
[2022-08-06 19:37:31,315] {standard_task_runner.py:52} INFO - Started process 1465 to run task
[2022-08-06 19:37:31,317] {standard_task_runner.py:79} INFO - Running: ['***', 'tasks', 'run', 'our_first_dag_v5', 'thrid_task', 'scheduled__2021-12-21T00:00:00+00:00', '--job-id', '436', '--raw', '--subdir', 'DAGS_FOLDER/pipeline.py', '--cfg-path', '/tmp/tmpteociit_', '--error-file', '/tmp/tmpwyuziw4_']
[2022-08-06 19:37:31,317] {standard_task_runner.py:80} INFO - Job 436: Subtask thrid_task
[2022-08-06 19:37:31,399] {task_command.py:371} INFO - Running <TaskInstance: our_first_dag_v5.thrid_task scheduled__2021-12-21T00:00:00+00:00 [running]> on host b29c168c1666
[2022-08-06 19:37:31,521] {taskinstance.py:1591} INFO - Exporting the following env vars:
AIRFLOW_CTX_DAG_OWNER=coder2j
AIRFLOW_CTX_DAG_ID=our_first_dag_v5
AIRFLOW_CTX_TASK_ID=thrid_task
AIRFLOW_CTX_EXECUTION_DATE=2021-12-21T00:00:00+00:00
AIRFLOW_CTX_TRY_NUMBER=1
AIRFLOW_CTX_DAG_RUN_ID=scheduled__2021-12-21T00:00:00+00:00
[2022-08-06 19:37:31,522] {subprocess.py:62} INFO - Tmp dir root location: 
 /tmp
[2022-08-06 19:37:31,523] {subprocess.py:74} INFO - Running command: ['bash', '-c', 'echo hey, I am task3 and will be running after task1 at the same time as task2!']
[2022-08-06 19:37:31,537] {subprocess.py:85} INFO - Output:
[2022-08-06 19:37:31,539] {subprocess.py:92} INFO - hey, I am task3 and will be running after task1 at the same time as task2!
[2022-08-06 19:37:31,539] {subprocess.py:96} INFO - Command exited with return code 0
[2022-08-06 19:37:31,658] {taskinstance.py:1420} INFO - Marking task as SUCCESS. dag_id=our_first_dag_v5, task_id=thrid_task, execution_date=20211221T000000, start_date=20220806T193731, end_date=20220806T193731
[2022-08-06 19:37:31,693] {local_task_job.py:156} INFO - Task exited with return code 0
[2022-08-06 19:37:31,745] {local_task_job.py:273} INFO - 0 downstream tasks scheduled from follow-on schedule check
[2022-08-06 21:51:24,407] {taskinstance.py:1179} INFO - Dependencies all met for <TaskInstance: our_first_dag_v5.thrid_task scheduled__2021-12-21T00:00:00+00:00 [queued]>
[2022-08-06 21:51:24,427] {taskinstance.py:1179} INFO - Dependencies all met for <TaskInstance: our_first_dag_v5.thrid_task scheduled__2021-12-21T00:00:00+00:00 [queued]>
[2022-08-06 21:51:24,428] {taskinstance.py:1376} INFO - 
--------------------------------------------------------------------------------
[2022-08-06 21:51:24,428] {taskinstance.py:1377} INFO - Starting attempt 1 of 6
[2022-08-06 21:51:24,428] {taskinstance.py:1378} INFO - 
--------------------------------------------------------------------------------
[2022-08-06 21:51:24,453] {taskinstance.py:1397} INFO - Executing <Task(BashOperator): thrid_task> on 2021-12-21 00:00:00+00:00
[2022-08-06 21:51:24,463] {standard_task_runner.py:52} INFO - Started process 1658 to run task
[2022-08-06 21:51:24,466] {standard_task_runner.py:79} INFO - Running: ['***', 'tasks', 'run', 'our_first_dag_v5', 'thrid_task', 'scheduled__2021-12-21T00:00:00+00:00', '--job-id', '440', '--raw', '--subdir', 'DAGS_FOLDER/pipeline.py', '--cfg-path', '/tmp/tmp7duf0f2o', '--error-file', '/tmp/tmpx0gsqlem']
[2022-08-06 21:51:24,466] {standard_task_runner.py:80} INFO - Job 440: Subtask thrid_task
[2022-08-06 21:51:24,560] {task_command.py:371} INFO - Running <TaskInstance: our_first_dag_v5.thrid_task scheduled__2021-12-21T00:00:00+00:00 [running]> on host c3f731879890
[2022-08-06 21:51:24,673] {taskinstance.py:1591} INFO - Exporting the following env vars:
AIRFLOW_CTX_DAG_OWNER=coder2j
AIRFLOW_CTX_DAG_ID=our_first_dag_v5
AIRFLOW_CTX_TASK_ID=thrid_task
AIRFLOW_CTX_EXECUTION_DATE=2021-12-21T00:00:00+00:00
AIRFLOW_CTX_TRY_NUMBER=1
AIRFLOW_CTX_DAG_RUN_ID=scheduled__2021-12-21T00:00:00+00:00
[2022-08-06 21:51:24,675] {subprocess.py:62} INFO - Tmp dir root location: 
 /tmp
[2022-08-06 21:51:24,675] {subprocess.py:74} INFO - Running command: ['bash', '-c', 'echo hey, I am task3 and will be running after task1 at the same time as task2!']
[2022-08-06 21:51:24,689] {subprocess.py:85} INFO - Output:
[2022-08-06 21:51:24,691] {subprocess.py:92} INFO - hey, I am task3 and will be running after task1 at the same time as task2!
[2022-08-06 21:51:24,692] {subprocess.py:96} INFO - Command exited with return code 0
[2022-08-06 21:51:24,742] {taskinstance.py:1420} INFO - Marking task as SUCCESS. dag_id=our_first_dag_v5, task_id=thrid_task, execution_date=20211221T000000, start_date=20220806T215124, end_date=20220806T215124
[2022-08-06 21:51:24,798] {local_task_job.py:156} INFO - Task exited with return code 0
[2022-08-06 21:51:24,840] {local_task_job.py:273} INFO - 0 downstream tasks scheduled from follow-on schedule check
[2022-08-06 21:56:48,384] {taskinstance.py:1179} INFO - Dependencies all met for <TaskInstance: our_first_dag_v5.thrid_task scheduled__2021-12-21T00:00:00+00:00 [queued]>
[2022-08-06 21:56:48,395] {taskinstance.py:1179} INFO - Dependencies all met for <TaskInstance: our_first_dag_v5.thrid_task scheduled__2021-12-21T00:00:00+00:00 [queued]>
[2022-08-06 21:56:48,395] {taskinstance.py:1376} INFO - 
--------------------------------------------------------------------------------
[2022-08-06 21:56:48,395] {taskinstance.py:1377} INFO - Starting attempt 1 of 6
[2022-08-06 21:56:48,395] {taskinstance.py:1378} INFO - 
--------------------------------------------------------------------------------
[2022-08-06 21:56:48,414] {taskinstance.py:1397} INFO - Executing <Task(BashOperator): thrid_task> on 2021-12-21 00:00:00+00:00
[2022-08-06 21:56:48,419] {standard_task_runner.py:52} INFO - Started process 1445 to run task
[2022-08-06 21:56:48,421] {standard_task_runner.py:79} INFO - Running: ['***', 'tasks', 'run', 'our_first_dag_v5', 'thrid_task', 'scheduled__2021-12-21T00:00:00+00:00', '--job-id', '436', '--raw', '--subdir', 'DAGS_FOLDER/pipeline.py', '--cfg-path', '/tmp/tmpvaobypvi', '--error-file', '/tmp/tmp0jmgozen']
[2022-08-06 21:56:48,422] {standard_task_runner.py:80} INFO - Job 436: Subtask thrid_task
[2022-08-06 21:56:48,475] {task_command.py:371} INFO - Running <TaskInstance: our_first_dag_v5.thrid_task scheduled__2021-12-21T00:00:00+00:00 [running]> on host bc7e154a4fdd
[2022-08-06 21:56:48,547] {taskinstance.py:1591} INFO - Exporting the following env vars:
AIRFLOW_CTX_DAG_OWNER=coder2j
AIRFLOW_CTX_DAG_ID=our_first_dag_v5
AIRFLOW_CTX_TASK_ID=thrid_task
AIRFLOW_CTX_EXECUTION_DATE=2021-12-21T00:00:00+00:00
AIRFLOW_CTX_TRY_NUMBER=1
AIRFLOW_CTX_DAG_RUN_ID=scheduled__2021-12-21T00:00:00+00:00
[2022-08-06 21:56:48,548] {subprocess.py:62} INFO - Tmp dir root location: 
 /tmp
[2022-08-06 21:56:48,548] {subprocess.py:74} INFO - Running command: ['bash', '-c', 'echo hey, I am task3 and will be running after task1 at the same time as task2!']
[2022-08-06 21:56:48,561] {subprocess.py:85} INFO - Output:
[2022-08-06 21:56:48,562] {subprocess.py:92} INFO - hey, I am task3 and will be running after task1 at the same time as task2!
[2022-08-06 21:56:48,562] {subprocess.py:96} INFO - Command exited with return code 0
[2022-08-06 21:56:48,588] {taskinstance.py:1420} INFO - Marking task as SUCCESS. dag_id=our_first_dag_v5, task_id=thrid_task, execution_date=20211221T000000, start_date=20220806T215648, end_date=20220806T215648
[2022-08-06 21:56:48,633] {local_task_job.py:156} INFO - Task exited with return code 0
[2022-08-06 21:56:48,658] {local_task_job.py:273} INFO - 0 downstream tasks scheduled from follow-on schedule check
[2022-08-06 22:11:51,995] {taskinstance.py:1179} INFO - Dependencies all met for <TaskInstance: our_first_dag_v5.thrid_task scheduled__2021-12-21T00:00:00+00:00 [queued]>
[2022-08-06 22:11:52,015] {taskinstance.py:1179} INFO - Dependencies all met for <TaskInstance: our_first_dag_v5.thrid_task scheduled__2021-12-21T00:00:00+00:00 [queued]>
[2022-08-06 22:11:52,016] {taskinstance.py:1376} INFO - 
--------------------------------------------------------------------------------
[2022-08-06 22:11:52,016] {taskinstance.py:1377} INFO - Starting attempt 1 of 6
[2022-08-06 22:11:52,016] {taskinstance.py:1378} INFO - 
--------------------------------------------------------------------------------
[2022-08-06 22:11:52,036] {taskinstance.py:1397} INFO - Executing <Task(BashOperator): thrid_task> on 2021-12-21 00:00:00+00:00
[2022-08-06 22:11:52,044] {standard_task_runner.py:52} INFO - Started process 1462 to run task
[2022-08-06 22:11:52,047] {standard_task_runner.py:79} INFO - Running: ['***', 'tasks', 'run', 'our_first_dag_v5', 'thrid_task', 'scheduled__2021-12-21T00:00:00+00:00', '--job-id', '438', '--raw', '--subdir', 'DAGS_FOLDER/pipeline.py', '--cfg-path', '/tmp/tmp7yl4wf1o', '--error-file', '/tmp/tmp78sdp6dx']
[2022-08-06 22:11:52,048] {standard_task_runner.py:80} INFO - Job 438: Subtask thrid_task
[2022-08-06 22:11:52,145] {task_command.py:371} INFO - Running <TaskInstance: our_first_dag_v5.thrid_task scheduled__2021-12-21T00:00:00+00:00 [running]> on host 1250c3b659cd
[2022-08-06 22:11:52,252] {taskinstance.py:1591} INFO - Exporting the following env vars:
AIRFLOW_CTX_DAG_OWNER=coder2j
AIRFLOW_CTX_DAG_ID=our_first_dag_v5
AIRFLOW_CTX_TASK_ID=thrid_task
AIRFLOW_CTX_EXECUTION_DATE=2021-12-21T00:00:00+00:00
AIRFLOW_CTX_TRY_NUMBER=1
AIRFLOW_CTX_DAG_RUN_ID=scheduled__2021-12-21T00:00:00+00:00
[2022-08-06 22:11:52,253] {subprocess.py:62} INFO - Tmp dir root location: 
 /tmp
[2022-08-06 22:11:52,253] {subprocess.py:74} INFO - Running command: ['bash', '-c', 'echo hey, I am task3 and will be running after task1 at the same time as task2!']
[2022-08-06 22:11:52,267] {subprocess.py:85} INFO - Output:
[2022-08-06 22:11:52,269] {subprocess.py:92} INFO - hey, I am task3 and will be running after task1 at the same time as task2!
[2022-08-06 22:11:52,269] {subprocess.py:96} INFO - Command exited with return code 0
[2022-08-06 22:11:52,305] {taskinstance.py:1420} INFO - Marking task as SUCCESS. dag_id=our_first_dag_v5, task_id=thrid_task, execution_date=20211221T000000, start_date=20220806T221151, end_date=20220806T221152
[2022-08-06 22:11:52,339] {local_task_job.py:156} INFO - Task exited with return code 0
[2022-08-06 22:11:52,396] {local_task_job.py:273} INFO - 0 downstream tasks scheduled from follow-on schedule check
[2022-08-06 22:23:12,051] {taskinstance.py:1179} INFO - Dependencies all met for <TaskInstance: our_first_dag_v5.thrid_task scheduled__2021-12-21T00:00:00+00:00 [queued]>
[2022-08-06 22:23:12,075] {taskinstance.py:1179} INFO - Dependencies all met for <TaskInstance: our_first_dag_v5.thrid_task scheduled__2021-12-21T00:00:00+00:00 [queued]>
[2022-08-06 22:23:12,076] {taskinstance.py:1376} INFO - 
--------------------------------------------------------------------------------
[2022-08-06 22:23:12,076] {taskinstance.py:1377} INFO - Starting attempt 1 of 6
[2022-08-06 22:23:12,076] {taskinstance.py:1378} INFO - 
--------------------------------------------------------------------------------
[2022-08-06 22:23:12,097] {taskinstance.py:1397} INFO - Executing <Task(BashOperator): thrid_task> on 2021-12-21 00:00:00+00:00
[2022-08-06 22:23:12,104] {standard_task_runner.py:52} INFO - Started process 1514 to run task
[2022-08-06 22:23:12,108] {standard_task_runner.py:79} INFO - Running: ['***', 'tasks', 'run', 'our_first_dag_v5', 'thrid_task', 'scheduled__2021-12-21T00:00:00+00:00', '--job-id', '442', '--raw', '--subdir', 'DAGS_FOLDER/pipeline.py', '--cfg-path', '/tmp/tmpn2xc4m6i', '--error-file', '/tmp/tmpzzby9vd_']
[2022-08-06 22:23:12,108] {standard_task_runner.py:80} INFO - Job 442: Subtask thrid_task
[2022-08-06 22:23:12,186] {task_command.py:371} INFO - Running <TaskInstance: our_first_dag_v5.thrid_task scheduled__2021-12-21T00:00:00+00:00 [running]> on host b215076695c3
[2022-08-06 22:23:12,299] {taskinstance.py:1591} INFO - Exporting the following env vars:
AIRFLOW_CTX_DAG_OWNER=coder2j
AIRFLOW_CTX_DAG_ID=our_first_dag_v5
AIRFLOW_CTX_TASK_ID=thrid_task
AIRFLOW_CTX_EXECUTION_DATE=2021-12-21T00:00:00+00:00
AIRFLOW_CTX_TRY_NUMBER=1
AIRFLOW_CTX_DAG_RUN_ID=scheduled__2021-12-21T00:00:00+00:00
[2022-08-06 22:23:12,300] {subprocess.py:62} INFO - Tmp dir root location: 
 /tmp
[2022-08-06 22:23:12,301] {subprocess.py:74} INFO - Running command: ['bash', '-c', 'echo hey, I am task3 and will be running after task1 at the same time as task2!']
[2022-08-06 22:23:12,316] {subprocess.py:85} INFO - Output:
[2022-08-06 22:23:12,318] {subprocess.py:92} INFO - hey, I am task3 and will be running after task1 at the same time as task2!
[2022-08-06 22:23:12,318] {subprocess.py:96} INFO - Command exited with return code 0
[2022-08-06 22:23:12,353] {taskinstance.py:1420} INFO - Marking task as SUCCESS. dag_id=our_first_dag_v5, task_id=thrid_task, execution_date=20211221T000000, start_date=20220806T222312, end_date=20220806T222312
[2022-08-06 22:23:12,399] {local_task_job.py:156} INFO - Task exited with return code 0
[2022-08-06 22:23:12,476] {local_task_job.py:273} INFO - 0 downstream tasks scheduled from follow-on schedule check
