[2022-08-06 19:39:40,846] {taskinstance.py:1179} INFO - Dependencies all met for <TaskInstance: our_first_dag_v5.thrid_task scheduled__2022-07-24T00:00:00+00:00 [queued]>
[2022-08-06 19:39:40,872] {taskinstance.py:1179} INFO - Dependencies all met for <TaskInstance: our_first_dag_v5.thrid_task scheduled__2022-07-24T00:00:00+00:00 [queued]>
[2022-08-06 19:39:40,872] {taskinstance.py:1376} INFO - 
--------------------------------------------------------------------------------
[2022-08-06 19:39:40,872] {taskinstance.py:1377} INFO - Starting attempt 1 of 6
[2022-08-06 19:39:40,872] {taskinstance.py:1378} INFO - 
--------------------------------------------------------------------------------
[2022-08-06 19:39:40,901] {taskinstance.py:1397} INFO - Executing <Task(BashOperator): thrid_task> on 2022-07-24 00:00:00+00:00
[2022-08-06 19:39:40,909] {standard_task_runner.py:52} INFO - Started process 3499 to run task
[2022-08-06 19:39:40,912] {standard_task_runner.py:79} INFO - Running: ['***', 'tasks', 'run', 'our_first_dag_v5', 'thrid_task', 'scheduled__2022-07-24T00:00:00+00:00', '--job-id', '1082', '--raw', '--subdir', 'DAGS_FOLDER/pipeline.py', '--cfg-path', '/tmp/tmpim5xk7ig', '--error-file', '/tmp/tmpb4by5jk0']
[2022-08-06 19:39:40,913] {standard_task_runner.py:80} INFO - Job 1082: Subtask thrid_task
[2022-08-06 19:39:41,014] {task_command.py:371} INFO - Running <TaskInstance: our_first_dag_v5.thrid_task scheduled__2022-07-24T00:00:00+00:00 [running]> on host b29c168c1666
[2022-08-06 19:39:41,149] {taskinstance.py:1591} INFO - Exporting the following env vars:
AIRFLOW_CTX_DAG_OWNER=coder2j
AIRFLOW_CTX_DAG_ID=our_first_dag_v5
AIRFLOW_CTX_TASK_ID=thrid_task
AIRFLOW_CTX_EXECUTION_DATE=2022-07-24T00:00:00+00:00
AIRFLOW_CTX_TRY_NUMBER=1
AIRFLOW_CTX_DAG_RUN_ID=scheduled__2022-07-24T00:00:00+00:00
[2022-08-06 19:39:41,150] {subprocess.py:62} INFO - Tmp dir root location: 
 /tmp
[2022-08-06 19:39:41,150] {subprocess.py:74} INFO - Running command: ['bash', '-c', 'echo hey, I am task3 and will be running after task1 at the same time as task2!']
[2022-08-06 19:39:41,170] {subprocess.py:85} INFO - Output:
[2022-08-06 19:39:41,172] {subprocess.py:92} INFO - hey, I am task3 and will be running after task1 at the same time as task2!
[2022-08-06 19:39:41,173] {subprocess.py:96} INFO - Command exited with return code 0
[2022-08-06 19:39:41,224] {taskinstance.py:1420} INFO - Marking task as SUCCESS. dag_id=our_first_dag_v5, task_id=thrid_task, execution_date=20220724T000000, start_date=20220806T193940, end_date=20220806T193941
[2022-08-06 19:39:41,289] {local_task_job.py:156} INFO - Task exited with return code 0
[2022-08-06 19:39:41,339] {local_task_job.py:273} INFO - 0 downstream tasks scheduled from follow-on schedule check
[2022-08-06 21:53:32,901] {taskinstance.py:1179} INFO - Dependencies all met for <TaskInstance: our_first_dag_v5.thrid_task scheduled__2022-07-24T00:00:00+00:00 [queued]>
[2022-08-06 21:53:32,913] {taskinstance.py:1179} INFO - Dependencies all met for <TaskInstance: our_first_dag_v5.thrid_task scheduled__2022-07-24T00:00:00+00:00 [queued]>
[2022-08-06 21:53:32,913] {taskinstance.py:1376} INFO - 
--------------------------------------------------------------------------------
[2022-08-06 21:53:32,913] {taskinstance.py:1377} INFO - Starting attempt 1 of 6
[2022-08-06 21:53:32,913] {taskinstance.py:1378} INFO - 
--------------------------------------------------------------------------------
[2022-08-06 21:53:32,931] {taskinstance.py:1397} INFO - Executing <Task(BashOperator): thrid_task> on 2022-07-24 00:00:00+00:00
[2022-08-06 21:53:32,937] {standard_task_runner.py:52} INFO - Started process 3678 to run task
[2022-08-06 21:53:32,939] {standard_task_runner.py:79} INFO - Running: ['***', 'tasks', 'run', 'our_first_dag_v5', 'thrid_task', 'scheduled__2022-07-24T00:00:00+00:00', '--job-id', '1082', '--raw', '--subdir', 'DAGS_FOLDER/pipeline.py', '--cfg-path', '/tmp/tmpm4y19vdj', '--error-file', '/tmp/tmp_web7m9i']
[2022-08-06 21:53:32,940] {standard_task_runner.py:80} INFO - Job 1082: Subtask thrid_task
[2022-08-06 21:53:32,992] {task_command.py:371} INFO - Running <TaskInstance: our_first_dag_v5.thrid_task scheduled__2022-07-24T00:00:00+00:00 [running]> on host c3f731879890
[2022-08-06 21:53:33,059] {taskinstance.py:1591} INFO - Exporting the following env vars:
AIRFLOW_CTX_DAG_OWNER=coder2j
AIRFLOW_CTX_DAG_ID=our_first_dag_v5
AIRFLOW_CTX_TASK_ID=thrid_task
AIRFLOW_CTX_EXECUTION_DATE=2022-07-24T00:00:00+00:00
AIRFLOW_CTX_TRY_NUMBER=1
AIRFLOW_CTX_DAG_RUN_ID=scheduled__2022-07-24T00:00:00+00:00
[2022-08-06 21:53:33,060] {subprocess.py:62} INFO - Tmp dir root location: 
 /tmp
[2022-08-06 21:53:33,060] {subprocess.py:74} INFO - Running command: ['bash', '-c', 'echo hey, I am task3 and will be running after task1 at the same time as task2!']
[2022-08-06 21:53:33,071] {subprocess.py:85} INFO - Output:
[2022-08-06 21:53:33,073] {subprocess.py:92} INFO - hey, I am task3 and will be running after task1 at the same time as task2!
[2022-08-06 21:53:33,073] {subprocess.py:96} INFO - Command exited with return code 0
[2022-08-06 21:53:33,099] {taskinstance.py:1420} INFO - Marking task as SUCCESS. dag_id=our_first_dag_v5, task_id=thrid_task, execution_date=20220724T000000, start_date=20220806T215332, end_date=20220806T215333
[2022-08-06 21:53:33,150] {local_task_job.py:156} INFO - Task exited with return code 0
[2022-08-06 21:53:33,182] {local_task_job.py:273} INFO - 0 downstream tasks scheduled from follow-on schedule check
[2022-08-06 21:58:57,357] {taskinstance.py:1179} INFO - Dependencies all met for <TaskInstance: our_first_dag_v5.thrid_task scheduled__2022-07-24T00:00:00+00:00 [queued]>
[2022-08-06 21:58:57,373] {taskinstance.py:1179} INFO - Dependencies all met for <TaskInstance: our_first_dag_v5.thrid_task scheduled__2022-07-24T00:00:00+00:00 [queued]>
[2022-08-06 21:58:57,373] {taskinstance.py:1376} INFO - 
--------------------------------------------------------------------------------
[2022-08-06 21:58:57,373] {taskinstance.py:1377} INFO - Starting attempt 1 of 6
[2022-08-06 21:58:57,373] {taskinstance.py:1378} INFO - 
--------------------------------------------------------------------------------
[2022-08-06 21:58:57,395] {taskinstance.py:1397} INFO - Executing <Task(BashOperator): thrid_task> on 2022-07-24 00:00:00+00:00
[2022-08-06 21:58:57,403] {standard_task_runner.py:52} INFO - Started process 3488 to run task
[2022-08-06 21:58:57,406] {standard_task_runner.py:79} INFO - Running: ['***', 'tasks', 'run', 'our_first_dag_v5', 'thrid_task', 'scheduled__2022-07-24T00:00:00+00:00', '--job-id', '1084', '--raw', '--subdir', 'DAGS_FOLDER/pipeline.py', '--cfg-path', '/tmp/tmp6cuoajwr', '--error-file', '/tmp/tmppb4adz4s']
[2022-08-06 21:58:57,406] {standard_task_runner.py:80} INFO - Job 1084: Subtask thrid_task
[2022-08-06 21:58:57,499] {task_command.py:371} INFO - Running <TaskInstance: our_first_dag_v5.thrid_task scheduled__2022-07-24T00:00:00+00:00 [running]> on host bc7e154a4fdd
[2022-08-06 21:58:57,600] {taskinstance.py:1591} INFO - Exporting the following env vars:
AIRFLOW_CTX_DAG_OWNER=coder2j
AIRFLOW_CTX_DAG_ID=our_first_dag_v5
AIRFLOW_CTX_TASK_ID=thrid_task
AIRFLOW_CTX_EXECUTION_DATE=2022-07-24T00:00:00+00:00
AIRFLOW_CTX_TRY_NUMBER=1
AIRFLOW_CTX_DAG_RUN_ID=scheduled__2022-07-24T00:00:00+00:00
[2022-08-06 21:58:57,601] {subprocess.py:62} INFO - Tmp dir root location: 
 /tmp
[2022-08-06 21:58:57,601] {subprocess.py:74} INFO - Running command: ['bash', '-c', 'echo hey, I am task3 and will be running after task1 at the same time as task2!']
[2022-08-06 21:58:57,619] {subprocess.py:85} INFO - Output:
[2022-08-06 21:58:57,621] {subprocess.py:92} INFO - hey, I am task3 and will be running after task1 at the same time as task2!
[2022-08-06 21:58:57,621] {subprocess.py:96} INFO - Command exited with return code 0
[2022-08-06 21:58:57,655] {taskinstance.py:1420} INFO - Marking task as SUCCESS. dag_id=our_first_dag_v5, task_id=thrid_task, execution_date=20220724T000000, start_date=20220806T215857, end_date=20220806T215857
[2022-08-06 21:58:57,701] {local_task_job.py:156} INFO - Task exited with return code 0
[2022-08-06 21:58:57,743] {local_task_job.py:273} INFO - 0 downstream tasks scheduled from follow-on schedule check
[2022-08-06 22:13:55,777] {taskinstance.py:1179} INFO - Dependencies all met for <TaskInstance: our_first_dag_v5.thrid_task scheduled__2022-07-24T00:00:00+00:00 [queued]>
[2022-08-06 22:13:55,792] {taskinstance.py:1179} INFO - Dependencies all met for <TaskInstance: our_first_dag_v5.thrid_task scheduled__2022-07-24T00:00:00+00:00 [queued]>
[2022-08-06 22:13:55,792] {taskinstance.py:1376} INFO - 
--------------------------------------------------------------------------------
[2022-08-06 22:13:55,792] {taskinstance.py:1377} INFO - Starting attempt 1 of 6
[2022-08-06 22:13:55,792] {taskinstance.py:1378} INFO - 
--------------------------------------------------------------------------------
[2022-08-06 22:13:55,824] {taskinstance.py:1397} INFO - Executing <Task(BashOperator): thrid_task> on 2022-07-24 00:00:00+00:00
[2022-08-06 22:13:55,831] {standard_task_runner.py:52} INFO - Started process 3483 to run task
[2022-08-06 22:13:55,834] {standard_task_runner.py:79} INFO - Running: ['***', 'tasks', 'run', 'our_first_dag_v5', 'thrid_task', 'scheduled__2022-07-24T00:00:00+00:00', '--job-id', '1082', '--raw', '--subdir', 'DAGS_FOLDER/pipeline.py', '--cfg-path', '/tmp/tmpuz25_3i5', '--error-file', '/tmp/tmpg1h_d1r6']
[2022-08-06 22:13:55,835] {standard_task_runner.py:80} INFO - Job 1082: Subtask thrid_task
[2022-08-06 22:13:55,908] {task_command.py:371} INFO - Running <TaskInstance: our_first_dag_v5.thrid_task scheduled__2022-07-24T00:00:00+00:00 [running]> on host 1250c3b659cd
[2022-08-06 22:13:55,998] {taskinstance.py:1591} INFO - Exporting the following env vars:
AIRFLOW_CTX_DAG_OWNER=coder2j
AIRFLOW_CTX_DAG_ID=our_first_dag_v5
AIRFLOW_CTX_TASK_ID=thrid_task
AIRFLOW_CTX_EXECUTION_DATE=2022-07-24T00:00:00+00:00
AIRFLOW_CTX_TRY_NUMBER=1
AIRFLOW_CTX_DAG_RUN_ID=scheduled__2022-07-24T00:00:00+00:00
[2022-08-06 22:13:55,999] {subprocess.py:62} INFO - Tmp dir root location: 
 /tmp
[2022-08-06 22:13:55,999] {subprocess.py:74} INFO - Running command: ['bash', '-c', 'echo hey, I am task3 and will be running after task1 at the same time as task2!']
[2022-08-06 22:13:56,014] {subprocess.py:85} INFO - Output:
[2022-08-06 22:13:56,015] {subprocess.py:92} INFO - hey, I am task3 and will be running after task1 at the same time as task2!
[2022-08-06 22:13:56,016] {subprocess.py:96} INFO - Command exited with return code 0
[2022-08-06 22:13:56,047] {taskinstance.py:1420} INFO - Marking task as SUCCESS. dag_id=our_first_dag_v5, task_id=thrid_task, execution_date=20220724T000000, start_date=20220806T221355, end_date=20220806T221356
[2022-08-06 22:13:56,085] {local_task_job.py:156} INFO - Task exited with return code 0
[2022-08-06 22:13:56,113] {local_task_job.py:273} INFO - 0 downstream tasks scheduled from follow-on schedule check
[2022-08-06 22:25:14,123] {taskinstance.py:1179} INFO - Dependencies all met for <TaskInstance: our_first_dag_v5.thrid_task scheduled__2022-07-24T00:00:00+00:00 [queued]>
[2022-08-06 22:25:14,137] {taskinstance.py:1179} INFO - Dependencies all met for <TaskInstance: our_first_dag_v5.thrid_task scheduled__2022-07-24T00:00:00+00:00 [queued]>
[2022-08-06 22:25:14,137] {taskinstance.py:1376} INFO - 
--------------------------------------------------------------------------------
[2022-08-06 22:25:14,137] {taskinstance.py:1377} INFO - Starting attempt 1 of 6
[2022-08-06 22:25:14,137] {taskinstance.py:1378} INFO - 
--------------------------------------------------------------------------------
[2022-08-06 22:25:14,156] {taskinstance.py:1397} INFO - Executing <Task(BashOperator): thrid_task> on 2022-07-24 00:00:00+00:00
[2022-08-06 22:25:14,163] {standard_task_runner.py:52} INFO - Started process 3548 to run task
[2022-08-06 22:25:14,167] {standard_task_runner.py:79} INFO - Running: ['***', 'tasks', 'run', 'our_first_dag_v5', 'thrid_task', 'scheduled__2022-07-24T00:00:00+00:00', '--job-id', '1091', '--raw', '--subdir', 'DAGS_FOLDER/pipeline.py', '--cfg-path', '/tmp/tmp00czumin', '--error-file', '/tmp/tmpotb9_3qw']
[2022-08-06 22:25:14,167] {standard_task_runner.py:80} INFO - Job 1091: Subtask thrid_task
[2022-08-06 22:25:14,256] {task_command.py:371} INFO - Running <TaskInstance: our_first_dag_v5.thrid_task scheduled__2022-07-24T00:00:00+00:00 [running]> on host b215076695c3
[2022-08-06 22:25:14,361] {taskinstance.py:1591} INFO - Exporting the following env vars:
AIRFLOW_CTX_DAG_OWNER=coder2j
AIRFLOW_CTX_DAG_ID=our_first_dag_v5
AIRFLOW_CTX_TASK_ID=thrid_task
AIRFLOW_CTX_EXECUTION_DATE=2022-07-24T00:00:00+00:00
AIRFLOW_CTX_TRY_NUMBER=1
AIRFLOW_CTX_DAG_RUN_ID=scheduled__2022-07-24T00:00:00+00:00
[2022-08-06 22:25:14,362] {subprocess.py:62} INFO - Tmp dir root location: 
 /tmp
[2022-08-06 22:25:14,363] {subprocess.py:74} INFO - Running command: ['bash', '-c', 'echo hey, I am task3 and will be running after task1 at the same time as task2!']
[2022-08-06 22:25:14,378] {subprocess.py:85} INFO - Output:
[2022-08-06 22:25:14,380] {subprocess.py:92} INFO - hey, I am task3 and will be running after task1 at the same time as task2!
[2022-08-06 22:25:14,381] {subprocess.py:96} INFO - Command exited with return code 0
[2022-08-06 22:25:14,430] {taskinstance.py:1420} INFO - Marking task as SUCCESS. dag_id=our_first_dag_v5, task_id=thrid_task, execution_date=20220724T000000, start_date=20220806T222514, end_date=20220806T222514
[2022-08-06 22:25:14,464] {local_task_job.py:156} INFO - Task exited with return code 0
[2022-08-06 22:25:14,511] {local_task_job.py:273} INFO - 0 downstream tasks scheduled from follow-on schedule check
