[2022-08-06 19:38:37,291] {taskinstance.py:1179} INFO - Dependencies all met for <TaskInstance: our_first_dag_v5.thrid_task scheduled__2022-04-12T00:00:00+00:00 [queued]>
[2022-08-06 19:38:37,309] {taskinstance.py:1179} INFO - Dependencies all met for <TaskInstance: our_first_dag_v5.thrid_task scheduled__2022-04-12T00:00:00+00:00 [queued]>
[2022-08-06 19:38:37,310] {taskinstance.py:1376} INFO - 
--------------------------------------------------------------------------------
[2022-08-06 19:38:37,310] {taskinstance.py:1377} INFO - Starting attempt 1 of 6
[2022-08-06 19:38:37,310] {taskinstance.py:1378} INFO - 
--------------------------------------------------------------------------------
[2022-08-06 19:38:37,329] {taskinstance.py:1397} INFO - Executing <Task(BashOperator): thrid_task> on 2022-04-12 00:00:00+00:00
[2022-08-06 19:38:37,335] {standard_task_runner.py:52} INFO - Started process 2519 to run task
[2022-08-06 19:38:37,338] {standard_task_runner.py:79} INFO - Running: ['***', 'tasks', 'run', 'our_first_dag_v5', 'thrid_task', 'scheduled__2022-04-12T00:00:00+00:00', '--job-id', '774', '--raw', '--subdir', 'DAGS_FOLDER/pipeline.py', '--cfg-path', '/tmp/tmp9ubzq11p', '--error-file', '/tmp/tmpzaekp5th']
[2022-08-06 19:38:37,338] {standard_task_runner.py:80} INFO - Job 774: Subtask thrid_task
[2022-08-06 19:38:37,409] {task_command.py:371} INFO - Running <TaskInstance: our_first_dag_v5.thrid_task scheduled__2022-04-12T00:00:00+00:00 [running]> on host b29c168c1666
[2022-08-06 19:38:37,503] {taskinstance.py:1591} INFO - Exporting the following env vars:
AIRFLOW_CTX_DAG_OWNER=coder2j
AIRFLOW_CTX_DAG_ID=our_first_dag_v5
AIRFLOW_CTX_TASK_ID=thrid_task
AIRFLOW_CTX_EXECUTION_DATE=2022-04-12T00:00:00+00:00
AIRFLOW_CTX_TRY_NUMBER=1
AIRFLOW_CTX_DAG_RUN_ID=scheduled__2022-04-12T00:00:00+00:00
[2022-08-06 19:38:37,504] {subprocess.py:62} INFO - Tmp dir root location: 
 /tmp
[2022-08-06 19:38:37,504] {subprocess.py:74} INFO - Running command: ['bash', '-c', 'echo hey, I am task3 and will be running after task1 at the same time as task2!']
[2022-08-06 19:38:37,518] {subprocess.py:85} INFO - Output:
[2022-08-06 19:38:37,519] {subprocess.py:92} INFO - hey, I am task3 and will be running after task1 at the same time as task2!
[2022-08-06 19:38:37,519] {subprocess.py:96} INFO - Command exited with return code 0
[2022-08-06 19:38:37,549] {taskinstance.py:1420} INFO - Marking task as SUCCESS. dag_id=our_first_dag_v5, task_id=thrid_task, execution_date=20220412T000000, start_date=20220806T193837, end_date=20220806T193837
[2022-08-06 19:38:37,589] {local_task_job.py:156} INFO - Task exited with return code 0
[2022-08-06 19:38:37,621] {local_task_job.py:273} INFO - 0 downstream tasks scheduled from follow-on schedule check
[2022-08-06 21:52:28,708] {taskinstance.py:1179} INFO - Dependencies all met for <TaskInstance: our_first_dag_v5.thrid_task scheduled__2022-04-12T00:00:00+00:00 [queued]>
[2022-08-06 21:52:28,723] {taskinstance.py:1179} INFO - Dependencies all met for <TaskInstance: our_first_dag_v5.thrid_task scheduled__2022-04-12T00:00:00+00:00 [queued]>
[2022-08-06 21:52:28,723] {taskinstance.py:1376} INFO - 
--------------------------------------------------------------------------------
[2022-08-06 21:52:28,724] {taskinstance.py:1377} INFO - Starting attempt 1 of 6
[2022-08-06 21:52:28,724] {taskinstance.py:1378} INFO - 
--------------------------------------------------------------------------------
[2022-08-06 21:52:28,741] {taskinstance.py:1397} INFO - Executing <Task(BashOperator): thrid_task> on 2022-04-12 00:00:00+00:00
[2022-08-06 21:52:28,748] {standard_task_runner.py:52} INFO - Started process 2710 to run task
[2022-08-06 21:52:28,750] {standard_task_runner.py:79} INFO - Running: ['***', 'tasks', 'run', 'our_first_dag_v5', 'thrid_task', 'scheduled__2022-04-12T00:00:00+00:00', '--job-id', '773', '--raw', '--subdir', 'DAGS_FOLDER/pipeline.py', '--cfg-path', '/tmp/tmpq9xn94om', '--error-file', '/tmp/tmpoindwv0e']
[2022-08-06 21:52:28,751] {standard_task_runner.py:80} INFO - Job 773: Subtask thrid_task
[2022-08-06 21:52:28,823] {task_command.py:371} INFO - Running <TaskInstance: our_first_dag_v5.thrid_task scheduled__2022-04-12T00:00:00+00:00 [running]> on host c3f731879890
[2022-08-06 21:52:28,918] {taskinstance.py:1591} INFO - Exporting the following env vars:
AIRFLOW_CTX_DAG_OWNER=coder2j
AIRFLOW_CTX_DAG_ID=our_first_dag_v5
AIRFLOW_CTX_TASK_ID=thrid_task
AIRFLOW_CTX_EXECUTION_DATE=2022-04-12T00:00:00+00:00
AIRFLOW_CTX_TRY_NUMBER=1
AIRFLOW_CTX_DAG_RUN_ID=scheduled__2022-04-12T00:00:00+00:00
[2022-08-06 21:52:28,919] {subprocess.py:62} INFO - Tmp dir root location: 
 /tmp
[2022-08-06 21:52:28,919] {subprocess.py:74} INFO - Running command: ['bash', '-c', 'echo hey, I am task3 and will be running after task1 at the same time as task2!']
[2022-08-06 21:52:28,933] {subprocess.py:85} INFO - Output:
[2022-08-06 21:52:28,935] {subprocess.py:92} INFO - hey, I am task3 and will be running after task1 at the same time as task2!
[2022-08-06 21:52:28,936] {subprocess.py:96} INFO - Command exited with return code 0
[2022-08-06 21:52:28,966] {taskinstance.py:1420} INFO - Marking task as SUCCESS. dag_id=our_first_dag_v5, task_id=thrid_task, execution_date=20220412T000000, start_date=20220806T215228, end_date=20220806T215228
[2022-08-06 21:52:29,002] {local_task_job.py:156} INFO - Task exited with return code 0
[2022-08-06 21:52:29,035] {local_task_job.py:273} INFO - 0 downstream tasks scheduled from follow-on schedule check
[2022-08-06 21:57:56,185] {taskinstance.py:1179} INFO - Dependencies all met for <TaskInstance: our_first_dag_v5.thrid_task scheduled__2022-04-12T00:00:00+00:00 [queued]>
[2022-08-06 21:57:56,204] {taskinstance.py:1179} INFO - Dependencies all met for <TaskInstance: our_first_dag_v5.thrid_task scheduled__2022-04-12T00:00:00+00:00 [queued]>
[2022-08-06 21:57:56,204] {taskinstance.py:1376} INFO - 
--------------------------------------------------------------------------------
[2022-08-06 21:57:56,204] {taskinstance.py:1377} INFO - Starting attempt 1 of 6
[2022-08-06 21:57:56,204] {taskinstance.py:1378} INFO - 
--------------------------------------------------------------------------------
[2022-08-06 21:57:56,225] {taskinstance.py:1397} INFO - Executing <Task(BashOperator): thrid_task> on 2022-04-12 00:00:00+00:00
[2022-08-06 21:57:56,233] {standard_task_runner.py:52} INFO - Started process 2514 to run task
[2022-08-06 21:57:56,236] {standard_task_runner.py:79} INFO - Running: ['***', 'tasks', 'run', 'our_first_dag_v5', 'thrid_task', 'scheduled__2022-04-12T00:00:00+00:00', '--job-id', '773', '--raw', '--subdir', 'DAGS_FOLDER/pipeline.py', '--cfg-path', '/tmp/tmpcww7w7pc', '--error-file', '/tmp/tmpnnyqyxho']
[2022-08-06 21:57:56,237] {standard_task_runner.py:80} INFO - Job 773: Subtask thrid_task
[2022-08-06 21:57:56,343] {task_command.py:371} INFO - Running <TaskInstance: our_first_dag_v5.thrid_task scheduled__2022-04-12T00:00:00+00:00 [running]> on host bc7e154a4fdd
[2022-08-06 21:57:56,467] {taskinstance.py:1591} INFO - Exporting the following env vars:
AIRFLOW_CTX_DAG_OWNER=coder2j
AIRFLOW_CTX_DAG_ID=our_first_dag_v5
AIRFLOW_CTX_TASK_ID=thrid_task
AIRFLOW_CTX_EXECUTION_DATE=2022-04-12T00:00:00+00:00
AIRFLOW_CTX_TRY_NUMBER=1
AIRFLOW_CTX_DAG_RUN_ID=scheduled__2022-04-12T00:00:00+00:00
[2022-08-06 21:57:56,468] {subprocess.py:62} INFO - Tmp dir root location: 
 /tmp
[2022-08-06 21:57:56,468] {subprocess.py:74} INFO - Running command: ['bash', '-c', 'echo hey, I am task3 and will be running after task1 at the same time as task2!']
[2022-08-06 21:57:56,489] {subprocess.py:85} INFO - Output:
[2022-08-06 21:57:56,491] {subprocess.py:92} INFO - hey, I am task3 and will be running after task1 at the same time as task2!
[2022-08-06 21:57:56,491] {subprocess.py:96} INFO - Command exited with return code 0
[2022-08-06 21:57:56,533] {taskinstance.py:1420} INFO - Marking task as SUCCESS. dag_id=our_first_dag_v5, task_id=thrid_task, execution_date=20220412T000000, start_date=20220806T215756, end_date=20220806T215756
[2022-08-06 21:57:56,570] {local_task_job.py:156} INFO - Task exited with return code 0
[2022-08-06 21:57:56,616] {local_task_job.py:273} INFO - 0 downstream tasks scheduled from follow-on schedule check
[2022-08-06 22:12:56,453] {taskinstance.py:1179} INFO - Dependencies all met for <TaskInstance: our_first_dag_v5.thrid_task scheduled__2022-04-12T00:00:00+00:00 [queued]>
[2022-08-06 22:12:56,474] {taskinstance.py:1179} INFO - Dependencies all met for <TaskInstance: our_first_dag_v5.thrid_task scheduled__2022-04-12T00:00:00+00:00 [queued]>
[2022-08-06 22:12:56,474] {taskinstance.py:1376} INFO - 
--------------------------------------------------------------------------------
[2022-08-06 22:12:56,474] {taskinstance.py:1377} INFO - Starting attempt 1 of 6
[2022-08-06 22:12:56,474] {taskinstance.py:1378} INFO - 
--------------------------------------------------------------------------------
[2022-08-06 22:12:56,503] {taskinstance.py:1397} INFO - Executing <Task(BashOperator): thrid_task> on 2022-04-12 00:00:00+00:00
[2022-08-06 22:12:56,513] {standard_task_runner.py:52} INFO - Started process 2512 to run task
[2022-08-06 22:12:56,518] {standard_task_runner.py:79} INFO - Running: ['***', 'tasks', 'run', 'our_first_dag_v5', 'thrid_task', 'scheduled__2022-04-12T00:00:00+00:00', '--job-id', '774', '--raw', '--subdir', 'DAGS_FOLDER/pipeline.py', '--cfg-path', '/tmp/tmpior4nxcz', '--error-file', '/tmp/tmpcs2ngfdm']
[2022-08-06 22:12:56,518] {standard_task_runner.py:80} INFO - Job 774: Subtask thrid_task
[2022-08-06 22:12:56,616] {task_command.py:371} INFO - Running <TaskInstance: our_first_dag_v5.thrid_task scheduled__2022-04-12T00:00:00+00:00 [running]> on host 1250c3b659cd
[2022-08-06 22:12:56,734] {taskinstance.py:1591} INFO - Exporting the following env vars:
AIRFLOW_CTX_DAG_OWNER=coder2j
AIRFLOW_CTX_DAG_ID=our_first_dag_v5
AIRFLOW_CTX_TASK_ID=thrid_task
AIRFLOW_CTX_EXECUTION_DATE=2022-04-12T00:00:00+00:00
AIRFLOW_CTX_TRY_NUMBER=1
AIRFLOW_CTX_DAG_RUN_ID=scheduled__2022-04-12T00:00:00+00:00
[2022-08-06 22:12:56,735] {subprocess.py:62} INFO - Tmp dir root location: 
 /tmp
[2022-08-06 22:12:56,735] {subprocess.py:74} INFO - Running command: ['bash', '-c', 'echo hey, I am task3 and will be running after task1 at the same time as task2!']
[2022-08-06 22:12:56,750] {subprocess.py:85} INFO - Output:
[2022-08-06 22:12:56,752] {subprocess.py:92} INFO - hey, I am task3 and will be running after task1 at the same time as task2!
[2022-08-06 22:12:56,753] {subprocess.py:96} INFO - Command exited with return code 0
[2022-08-06 22:12:56,798] {taskinstance.py:1420} INFO - Marking task as SUCCESS. dag_id=our_first_dag_v5, task_id=thrid_task, execution_date=20220412T000000, start_date=20220806T221256, end_date=20220806T221256
[2022-08-06 22:12:56,850] {local_task_job.py:156} INFO - Task exited with return code 0
[2022-08-06 22:12:56,887] {local_task_job.py:273} INFO - 0 downstream tasks scheduled from follow-on schedule check
[2022-08-06 22:24:16,211] {taskinstance.py:1179} INFO - Dependencies all met for <TaskInstance: our_first_dag_v5.thrid_task scheduled__2022-04-12T00:00:00+00:00 [queued]>
[2022-08-06 22:24:16,226] {taskinstance.py:1179} INFO - Dependencies all met for <TaskInstance: our_first_dag_v5.thrid_task scheduled__2022-04-12T00:00:00+00:00 [queued]>
[2022-08-06 22:24:16,227] {taskinstance.py:1376} INFO - 
--------------------------------------------------------------------------------
[2022-08-06 22:24:16,227] {taskinstance.py:1377} INFO - Starting attempt 1 of 6
[2022-08-06 22:24:16,227] {taskinstance.py:1378} INFO - 
--------------------------------------------------------------------------------
[2022-08-06 22:24:16,249] {taskinstance.py:1397} INFO - Executing <Task(BashOperator): thrid_task> on 2022-04-12 00:00:00+00:00
[2022-08-06 22:24:16,257] {standard_task_runner.py:52} INFO - Started process 2576 to run task
[2022-08-06 22:24:16,260] {standard_task_runner.py:79} INFO - Running: ['***', 'tasks', 'run', 'our_first_dag_v5', 'thrid_task', 'scheduled__2022-04-12T00:00:00+00:00', '--job-id', '779', '--raw', '--subdir', 'DAGS_FOLDER/pipeline.py', '--cfg-path', '/tmp/tmpxirklg3g', '--error-file', '/tmp/tmpadrr6kxa']
[2022-08-06 22:24:16,260] {standard_task_runner.py:80} INFO - Job 779: Subtask thrid_task
[2022-08-06 22:24:16,384] {task_command.py:371} INFO - Running <TaskInstance: our_first_dag_v5.thrid_task scheduled__2022-04-12T00:00:00+00:00 [running]> on host b215076695c3
[2022-08-06 22:24:16,494] {taskinstance.py:1591} INFO - Exporting the following env vars:
AIRFLOW_CTX_DAG_OWNER=coder2j
AIRFLOW_CTX_DAG_ID=our_first_dag_v5
AIRFLOW_CTX_TASK_ID=thrid_task
AIRFLOW_CTX_EXECUTION_DATE=2022-04-12T00:00:00+00:00
AIRFLOW_CTX_TRY_NUMBER=1
AIRFLOW_CTX_DAG_RUN_ID=scheduled__2022-04-12T00:00:00+00:00
[2022-08-06 22:24:16,494] {subprocess.py:62} INFO - Tmp dir root location: 
 /tmp
[2022-08-06 22:24:16,495] {subprocess.py:74} INFO - Running command: ['bash', '-c', 'echo hey, I am task3 and will be running after task1 at the same time as task2!']
[2022-08-06 22:24:16,516] {subprocess.py:85} INFO - Output:
[2022-08-06 22:24:16,518] {subprocess.py:92} INFO - hey, I am task3 and will be running after task1 at the same time as task2!
[2022-08-06 22:24:16,519] {subprocess.py:96} INFO - Command exited with return code 0
[2022-08-06 22:24:16,569] {taskinstance.py:1420} INFO - Marking task as SUCCESS. dag_id=our_first_dag_v5, task_id=thrid_task, execution_date=20220412T000000, start_date=20220806T222416, end_date=20220806T222416
[2022-08-06 22:24:16,634] {local_task_job.py:156} INFO - Task exited with return code 0
[2022-08-06 22:24:16,685] {local_task_job.py:273} INFO - 0 downstream tasks scheduled from follow-on schedule check
