[2022-08-06 19:39:25,012] {taskinstance.py:1179} INFO - Dependencies all met for <TaskInstance: our_first_dag_v5.thrid_task scheduled__2022-06-30T00:00:00+00:00 [queued]>
[2022-08-06 19:39:25,029] {taskinstance.py:1179} INFO - Dependencies all met for <TaskInstance: our_first_dag_v5.thrid_task scheduled__2022-06-30T00:00:00+00:00 [queued]>
[2022-08-06 19:39:25,029] {taskinstance.py:1376} INFO - 
--------------------------------------------------------------------------------
[2022-08-06 19:39:25,029] {taskinstance.py:1377} INFO - Starting attempt 1 of 6
[2022-08-06 19:39:25,029] {taskinstance.py:1378} INFO - 
--------------------------------------------------------------------------------
[2022-08-06 19:39:25,052] {taskinstance.py:1397} INFO - Executing <Task(BashOperator): thrid_task> on 2022-06-30 00:00:00+00:00
[2022-08-06 19:39:25,059] {standard_task_runner.py:52} INFO - Started process 3265 to run task
[2022-08-06 19:39:25,063] {standard_task_runner.py:79} INFO - Running: ['***', 'tasks', 'run', 'our_first_dag_v5', 'thrid_task', 'scheduled__2022-06-30T00:00:00+00:00', '--job-id', '1010', '--raw', '--subdir', 'DAGS_FOLDER/pipeline.py', '--cfg-path', '/tmp/tmpkdm5gl3z', '--error-file', '/tmp/tmpr5waucnf']
[2022-08-06 19:39:25,063] {standard_task_runner.py:80} INFO - Job 1010: Subtask thrid_task
[2022-08-06 19:39:25,145] {task_command.py:371} INFO - Running <TaskInstance: our_first_dag_v5.thrid_task scheduled__2022-06-30T00:00:00+00:00 [running]> on host b29c168c1666
[2022-08-06 19:39:25,248] {taskinstance.py:1591} INFO - Exporting the following env vars:
AIRFLOW_CTX_DAG_OWNER=coder2j
AIRFLOW_CTX_DAG_ID=our_first_dag_v5
AIRFLOW_CTX_TASK_ID=thrid_task
AIRFLOW_CTX_EXECUTION_DATE=2022-06-30T00:00:00+00:00
AIRFLOW_CTX_TRY_NUMBER=1
AIRFLOW_CTX_DAG_RUN_ID=scheduled__2022-06-30T00:00:00+00:00
[2022-08-06 19:39:25,249] {subprocess.py:62} INFO - Tmp dir root location: 
 /tmp
[2022-08-06 19:39:25,250] {subprocess.py:74} INFO - Running command: ['bash', '-c', 'echo hey, I am task3 and will be running after task1 at the same time as task2!']
[2022-08-06 19:39:25,263] {subprocess.py:85} INFO - Output:
[2022-08-06 19:39:25,264] {subprocess.py:92} INFO - hey, I am task3 and will be running after task1 at the same time as task2!
[2022-08-06 19:39:25,265] {subprocess.py:96} INFO - Command exited with return code 0
[2022-08-06 19:39:25,302] {taskinstance.py:1420} INFO - Marking task as SUCCESS. dag_id=our_first_dag_v5, task_id=thrid_task, execution_date=20220630T000000, start_date=20220806T193925, end_date=20220806T193925
[2022-08-06 19:39:25,354] {local_task_job.py:156} INFO - Task exited with return code 0
[2022-08-06 19:39:25,398] {local_task_job.py:273} INFO - 0 downstream tasks scheduled from follow-on schedule check
[2022-08-06 21:53:17,532] {taskinstance.py:1179} INFO - Dependencies all met for <TaskInstance: our_first_dag_v5.thrid_task scheduled__2022-06-30T00:00:00+00:00 [queued]>
[2022-08-06 21:53:17,546] {taskinstance.py:1179} INFO - Dependencies all met for <TaskInstance: our_first_dag_v5.thrid_task scheduled__2022-06-30T00:00:00+00:00 [queued]>
[2022-08-06 21:53:17,546] {taskinstance.py:1376} INFO - 
--------------------------------------------------------------------------------
[2022-08-06 21:53:17,546] {taskinstance.py:1377} INFO - Starting attempt 1 of 6
[2022-08-06 21:53:17,546] {taskinstance.py:1378} INFO - 
--------------------------------------------------------------------------------
[2022-08-06 21:53:17,565] {taskinstance.py:1397} INFO - Executing <Task(BashOperator): thrid_task> on 2022-06-30 00:00:00+00:00
[2022-08-06 21:53:17,573] {standard_task_runner.py:52} INFO - Started process 3461 to run task
[2022-08-06 21:53:17,575] {standard_task_runner.py:79} INFO - Running: ['***', 'tasks', 'run', 'our_first_dag_v5', 'thrid_task', 'scheduled__2022-06-30T00:00:00+00:00', '--job-id', '1012', '--raw', '--subdir', 'DAGS_FOLDER/pipeline.py', '--cfg-path', '/tmp/tmpsmtubwzz', '--error-file', '/tmp/tmpl2pgq63_']
[2022-08-06 21:53:17,575] {standard_task_runner.py:80} INFO - Job 1012: Subtask thrid_task
[2022-08-06 21:53:17,658] {task_command.py:371} INFO - Running <TaskInstance: our_first_dag_v5.thrid_task scheduled__2022-06-30T00:00:00+00:00 [running]> on host c3f731879890
[2022-08-06 21:53:17,761] {taskinstance.py:1591} INFO - Exporting the following env vars:
AIRFLOW_CTX_DAG_OWNER=coder2j
AIRFLOW_CTX_DAG_ID=our_first_dag_v5
AIRFLOW_CTX_TASK_ID=thrid_task
AIRFLOW_CTX_EXECUTION_DATE=2022-06-30T00:00:00+00:00
AIRFLOW_CTX_TRY_NUMBER=1
AIRFLOW_CTX_DAG_RUN_ID=scheduled__2022-06-30T00:00:00+00:00
[2022-08-06 21:53:17,762] {subprocess.py:62} INFO - Tmp dir root location: 
 /tmp
[2022-08-06 21:53:17,763] {subprocess.py:74} INFO - Running command: ['bash', '-c', 'echo hey, I am task3 and will be running after task1 at the same time as task2!']
[2022-08-06 21:53:17,778] {subprocess.py:85} INFO - Output:
[2022-08-06 21:53:17,781] {subprocess.py:92} INFO - hey, I am task3 and will be running after task1 at the same time as task2!
[2022-08-06 21:53:17,781] {subprocess.py:96} INFO - Command exited with return code 0
[2022-08-06 21:53:17,833] {taskinstance.py:1420} INFO - Marking task as SUCCESS. dag_id=our_first_dag_v5, task_id=thrid_task, execution_date=20220630T000000, start_date=20220806T215317, end_date=20220806T215317
[2022-08-06 21:53:17,867] {local_task_job.py:156} INFO - Task exited with return code 0
[2022-08-06 21:53:17,901] {local_task_job.py:273} INFO - 0 downstream tasks scheduled from follow-on schedule check
[2022-08-06 21:58:44,153] {taskinstance.py:1179} INFO - Dependencies all met for <TaskInstance: our_first_dag_v5.thrid_task scheduled__2022-06-30T00:00:00+00:00 [queued]>
[2022-08-06 21:58:44,168] {taskinstance.py:1179} INFO - Dependencies all met for <TaskInstance: our_first_dag_v5.thrid_task scheduled__2022-06-30T00:00:00+00:00 [queued]>
[2022-08-06 21:58:44,169] {taskinstance.py:1376} INFO - 
--------------------------------------------------------------------------------
[2022-08-06 21:58:44,169] {taskinstance.py:1377} INFO - Starting attempt 1 of 6
[2022-08-06 21:58:44,169] {taskinstance.py:1378} INFO - 
--------------------------------------------------------------------------------
[2022-08-06 21:58:44,188] {taskinstance.py:1397} INFO - Executing <Task(BashOperator): thrid_task> on 2022-06-30 00:00:00+00:00
[2022-08-06 21:58:44,195] {standard_task_runner.py:52} INFO - Started process 3262 to run task
[2022-08-06 21:58:44,198] {standard_task_runner.py:79} INFO - Running: ['***', 'tasks', 'run', 'our_first_dag_v5', 'thrid_task', 'scheduled__2022-06-30T00:00:00+00:00', '--job-id', '1013', '--raw', '--subdir', 'DAGS_FOLDER/pipeline.py', '--cfg-path', '/tmp/tmpxhvftq1p', '--error-file', '/tmp/tmpey9t7lcn']
[2022-08-06 21:58:44,199] {standard_task_runner.py:80} INFO - Job 1013: Subtask thrid_task
[2022-08-06 21:58:44,297] {task_command.py:371} INFO - Running <TaskInstance: our_first_dag_v5.thrid_task scheduled__2022-06-30T00:00:00+00:00 [running]> on host bc7e154a4fdd
[2022-08-06 21:58:44,403] {taskinstance.py:1591} INFO - Exporting the following env vars:
AIRFLOW_CTX_DAG_OWNER=coder2j
AIRFLOW_CTX_DAG_ID=our_first_dag_v5
AIRFLOW_CTX_TASK_ID=thrid_task
AIRFLOW_CTX_EXECUTION_DATE=2022-06-30T00:00:00+00:00
AIRFLOW_CTX_TRY_NUMBER=1
AIRFLOW_CTX_DAG_RUN_ID=scheduled__2022-06-30T00:00:00+00:00
[2022-08-06 21:58:44,404] {subprocess.py:62} INFO - Tmp dir root location: 
 /tmp
[2022-08-06 21:58:44,405] {subprocess.py:74} INFO - Running command: ['bash', '-c', 'echo hey, I am task3 and will be running after task1 at the same time as task2!']
[2022-08-06 21:58:44,421] {subprocess.py:85} INFO - Output:
[2022-08-06 21:58:44,423] {subprocess.py:92} INFO - hey, I am task3 and will be running after task1 at the same time as task2!
[2022-08-06 21:58:44,423] {subprocess.py:96} INFO - Command exited with return code 0
[2022-08-06 21:58:44,472] {taskinstance.py:1420} INFO - Marking task as SUCCESS. dag_id=our_first_dag_v5, task_id=thrid_task, execution_date=20220630T000000, start_date=20220806T215844, end_date=20220806T215844
[2022-08-06 21:58:44,532] {local_task_job.py:156} INFO - Task exited with return code 0
[2022-08-06 21:58:44,579] {local_task_job.py:273} INFO - 0 downstream tasks scheduled from follow-on schedule check
[2022-08-06 22:13:41,227] {taskinstance.py:1179} INFO - Dependencies all met for <TaskInstance: our_first_dag_v5.thrid_task scheduled__2022-06-30T00:00:00+00:00 [queued]>
[2022-08-06 22:13:41,244] {taskinstance.py:1179} INFO - Dependencies all met for <TaskInstance: our_first_dag_v5.thrid_task scheduled__2022-06-30T00:00:00+00:00 [queued]>
[2022-08-06 22:13:41,245] {taskinstance.py:1376} INFO - 
--------------------------------------------------------------------------------
[2022-08-06 22:13:41,245] {taskinstance.py:1377} INFO - Starting attempt 1 of 6
[2022-08-06 22:13:41,245] {taskinstance.py:1378} INFO - 
--------------------------------------------------------------------------------
[2022-08-06 22:13:41,265] {taskinstance.py:1397} INFO - Executing <Task(BashOperator): thrid_task> on 2022-06-30 00:00:00+00:00
[2022-08-06 22:13:41,274] {standard_task_runner.py:52} INFO - Started process 3260 to run task
[2022-08-06 22:13:41,277] {standard_task_runner.py:79} INFO - Running: ['***', 'tasks', 'run', 'our_first_dag_v5', 'thrid_task', 'scheduled__2022-06-30T00:00:00+00:00', '--job-id', '1013', '--raw', '--subdir', 'DAGS_FOLDER/pipeline.py', '--cfg-path', '/tmp/tmp8ak8981_', '--error-file', '/tmp/tmpyep13y6k']
[2022-08-06 22:13:41,278] {standard_task_runner.py:80} INFO - Job 1013: Subtask thrid_task
[2022-08-06 22:13:41,363] {task_command.py:371} INFO - Running <TaskInstance: our_first_dag_v5.thrid_task scheduled__2022-06-30T00:00:00+00:00 [running]> on host 1250c3b659cd
[2022-08-06 22:13:41,475] {taskinstance.py:1591} INFO - Exporting the following env vars:
AIRFLOW_CTX_DAG_OWNER=coder2j
AIRFLOW_CTX_DAG_ID=our_first_dag_v5
AIRFLOW_CTX_TASK_ID=thrid_task
AIRFLOW_CTX_EXECUTION_DATE=2022-06-30T00:00:00+00:00
AIRFLOW_CTX_TRY_NUMBER=1
AIRFLOW_CTX_DAG_RUN_ID=scheduled__2022-06-30T00:00:00+00:00
[2022-08-06 22:13:41,476] {subprocess.py:62} INFO - Tmp dir root location: 
 /tmp
[2022-08-06 22:13:41,477] {subprocess.py:74} INFO - Running command: ['bash', '-c', 'echo hey, I am task3 and will be running after task1 at the same time as task2!']
[2022-08-06 22:13:41,496] {subprocess.py:85} INFO - Output:
[2022-08-06 22:13:41,498] {subprocess.py:92} INFO - hey, I am task3 and will be running after task1 at the same time as task2!
[2022-08-06 22:13:41,498] {subprocess.py:96} INFO - Command exited with return code 0
[2022-08-06 22:13:41,535] {taskinstance.py:1420} INFO - Marking task as SUCCESS. dag_id=our_first_dag_v5, task_id=thrid_task, execution_date=20220630T000000, start_date=20220806T221341, end_date=20220806T221341
[2022-08-06 22:13:41,570] {local_task_job.py:156} INFO - Task exited with return code 0
[2022-08-06 22:13:41,612] {local_task_job.py:273} INFO - 0 downstream tasks scheduled from follow-on schedule check
[2022-08-06 22:25:01,093] {taskinstance.py:1179} INFO - Dependencies all met for <TaskInstance: our_first_dag_v5.thrid_task scheduled__2022-06-30T00:00:00+00:00 [queued]>
[2022-08-06 22:25:01,116] {taskinstance.py:1179} INFO - Dependencies all met for <TaskInstance: our_first_dag_v5.thrid_task scheduled__2022-06-30T00:00:00+00:00 [queued]>
[2022-08-06 22:25:01,116] {taskinstance.py:1376} INFO - 
--------------------------------------------------------------------------------
[2022-08-06 22:25:01,116] {taskinstance.py:1377} INFO - Starting attempt 1 of 6
[2022-08-06 22:25:01,116] {taskinstance.py:1378} INFO - 
--------------------------------------------------------------------------------
[2022-08-06 22:25:01,140] {taskinstance.py:1397} INFO - Executing <Task(BashOperator): thrid_task> on 2022-06-30 00:00:00+00:00
[2022-08-06 22:25:01,149] {standard_task_runner.py:52} INFO - Started process 3325 to run task
[2022-08-06 22:25:01,152] {standard_task_runner.py:79} INFO - Running: ['***', 'tasks', 'run', 'our_first_dag_v5', 'thrid_task', 'scheduled__2022-06-30T00:00:00+00:00', '--job-id', '1016', '--raw', '--subdir', 'DAGS_FOLDER/pipeline.py', '--cfg-path', '/tmp/tmp2y4nmqe6', '--error-file', '/tmp/tmptdsz9c3b']
[2022-08-06 22:25:01,153] {standard_task_runner.py:80} INFO - Job 1016: Subtask thrid_task
[2022-08-06 22:25:01,234] {task_command.py:371} INFO - Running <TaskInstance: our_first_dag_v5.thrid_task scheduled__2022-06-30T00:00:00+00:00 [running]> on host b215076695c3
[2022-08-06 22:25:01,329] {taskinstance.py:1591} INFO - Exporting the following env vars:
AIRFLOW_CTX_DAG_OWNER=coder2j
AIRFLOW_CTX_DAG_ID=our_first_dag_v5
AIRFLOW_CTX_TASK_ID=thrid_task
AIRFLOW_CTX_EXECUTION_DATE=2022-06-30T00:00:00+00:00
AIRFLOW_CTX_TRY_NUMBER=1
AIRFLOW_CTX_DAG_RUN_ID=scheduled__2022-06-30T00:00:00+00:00
[2022-08-06 22:25:01,330] {subprocess.py:62} INFO - Tmp dir root location: 
 /tmp
[2022-08-06 22:25:01,331] {subprocess.py:74} INFO - Running command: ['bash', '-c', 'echo hey, I am task3 and will be running after task1 at the same time as task2!']
[2022-08-06 22:25:01,346] {subprocess.py:85} INFO - Output:
[2022-08-06 22:25:01,348] {subprocess.py:92} INFO - hey, I am task3 and will be running after task1 at the same time as task2!
[2022-08-06 22:25:01,349] {subprocess.py:96} INFO - Command exited with return code 0
[2022-08-06 22:25:01,389] {taskinstance.py:1420} INFO - Marking task as SUCCESS. dag_id=our_first_dag_v5, task_id=thrid_task, execution_date=20220630T000000, start_date=20220806T222501, end_date=20220806T222501
[2022-08-06 22:25:01,444] {local_task_job.py:156} INFO - Task exited with return code 0
[2022-08-06 22:25:01,491] {local_task_job.py:273} INFO - 0 downstream tasks scheduled from follow-on schedule check
