[2022-08-06 19:37:40,842] {taskinstance.py:1179} INFO - Dependencies all met for <TaskInstance: our_first_dag_v5.second_task scheduled__2022-01-04T00:00:00+00:00 [queued]>
[2022-08-06 19:37:40,853] {taskinstance.py:1179} INFO - Dependencies all met for <TaskInstance: our_first_dag_v5.second_task scheduled__2022-01-04T00:00:00+00:00 [queued]>
[2022-08-06 19:37:40,854] {taskinstance.py:1376} INFO - 
--------------------------------------------------------------------------------
[2022-08-06 19:37:40,854] {taskinstance.py:1377} INFO - Starting attempt 1 of 6
[2022-08-06 19:37:40,854] {taskinstance.py:1378} INFO - 
--------------------------------------------------------------------------------
[2022-08-06 19:37:40,870] {taskinstance.py:1397} INFO - Executing <Task(BashOperator): second_task> on 2022-01-04 00:00:00+00:00
[2022-08-06 19:37:40,877] {standard_task_runner.py:52} INFO - Started process 1601 to run task
[2022-08-06 19:37:40,880] {standard_task_runner.py:79} INFO - Running: ['***', 'tasks', 'run', 'our_first_dag_v5', 'second_task', 'scheduled__2022-01-04T00:00:00+00:00', '--job-id', '480', '--raw', '--subdir', 'DAGS_FOLDER/pipeline.py', '--cfg-path', '/tmp/tmpq5nmkqrq', '--error-file', '/tmp/tmpj0pxaggr']
[2022-08-06 19:37:40,881] {standard_task_runner.py:80} INFO - Job 480: Subtask second_task
[2022-08-06 19:37:40,962] {task_command.py:371} INFO - Running <TaskInstance: our_first_dag_v5.second_task scheduled__2022-01-04T00:00:00+00:00 [running]> on host b29c168c1666
[2022-08-06 19:37:41,062] {taskinstance.py:1591} INFO - Exporting the following env vars:
AIRFLOW_CTX_DAG_OWNER=coder2j
AIRFLOW_CTX_DAG_ID=our_first_dag_v5
AIRFLOW_CTX_TASK_ID=second_task
AIRFLOW_CTX_EXECUTION_DATE=2022-01-04T00:00:00+00:00
AIRFLOW_CTX_TRY_NUMBER=1
AIRFLOW_CTX_DAG_RUN_ID=scheduled__2022-01-04T00:00:00+00:00
[2022-08-06 19:37:41,063] {subprocess.py:62} INFO - Tmp dir root location: 
 /tmp
[2022-08-06 19:37:41,063] {subprocess.py:74} INFO - Running command: ['bash', '-c', 'echo hey, I am task2 and will be running after task1!']
[2022-08-06 19:37:41,078] {subprocess.py:85} INFO - Output:
[2022-08-06 19:37:41,080] {subprocess.py:92} INFO - hey, I am task2 and will be running after task1!
[2022-08-06 19:37:41,080] {subprocess.py:96} INFO - Command exited with return code 0
[2022-08-06 19:37:41,113] {taskinstance.py:1420} INFO - Marking task as SUCCESS. dag_id=our_first_dag_v5, task_id=second_task, execution_date=20220104T000000, start_date=20220806T193740, end_date=20220806T193741
[2022-08-06 19:37:41,132] {local_task_job.py:156} INFO - Task exited with return code 0
[2022-08-06 19:37:41,183] {local_task_job.py:273} INFO - 0 downstream tasks scheduled from follow-on schedule check
[2022-08-06 21:51:32,370] {taskinstance.py:1179} INFO - Dependencies all met for <TaskInstance: our_first_dag_v5.second_task scheduled__2022-01-04T00:00:00+00:00 [queued]>
[2022-08-06 21:51:32,389] {taskinstance.py:1179} INFO - Dependencies all met for <TaskInstance: our_first_dag_v5.second_task scheduled__2022-01-04T00:00:00+00:00 [queued]>
[2022-08-06 21:51:32,389] {taskinstance.py:1376} INFO - 
--------------------------------------------------------------------------------
[2022-08-06 21:51:32,390] {taskinstance.py:1377} INFO - Starting attempt 1 of 6
[2022-08-06 21:51:32,390] {taskinstance.py:1378} INFO - 
--------------------------------------------------------------------------------
[2022-08-06 21:51:32,410] {taskinstance.py:1397} INFO - Executing <Task(BashOperator): second_task> on 2022-01-04 00:00:00+00:00
[2022-08-06 21:51:32,417] {standard_task_runner.py:52} INFO - Started process 1788 to run task
[2022-08-06 21:51:32,420] {standard_task_runner.py:79} INFO - Running: ['***', 'tasks', 'run', 'our_first_dag_v5', 'second_task', 'scheduled__2022-01-04T00:00:00+00:00', '--job-id', '480', '--raw', '--subdir', 'DAGS_FOLDER/pipeline.py', '--cfg-path', '/tmp/tmp86ccxvsp', '--error-file', '/tmp/tmpimky440t']
[2022-08-06 21:51:32,420] {standard_task_runner.py:80} INFO - Job 480: Subtask second_task
[2022-08-06 21:51:32,501] {task_command.py:371} INFO - Running <TaskInstance: our_first_dag_v5.second_task scheduled__2022-01-04T00:00:00+00:00 [running]> on host c3f731879890
[2022-08-06 21:51:32,596] {taskinstance.py:1591} INFO - Exporting the following env vars:
AIRFLOW_CTX_DAG_OWNER=coder2j
AIRFLOW_CTX_DAG_ID=our_first_dag_v5
AIRFLOW_CTX_TASK_ID=second_task
AIRFLOW_CTX_EXECUTION_DATE=2022-01-04T00:00:00+00:00
AIRFLOW_CTX_TRY_NUMBER=1
AIRFLOW_CTX_DAG_RUN_ID=scheduled__2022-01-04T00:00:00+00:00
[2022-08-06 21:51:32,597] {subprocess.py:62} INFO - Tmp dir root location: 
 /tmp
[2022-08-06 21:51:32,598] {subprocess.py:74} INFO - Running command: ['bash', '-c', 'echo hey, I am task2 and will be running after task1!']
[2022-08-06 21:51:32,615] {subprocess.py:85} INFO - Output:
[2022-08-06 21:51:32,618] {subprocess.py:92} INFO - hey, I am task2 and will be running after task1!
[2022-08-06 21:51:32,619] {subprocess.py:96} INFO - Command exited with return code 0
[2022-08-06 21:51:32,654] {taskinstance.py:1420} INFO - Marking task as SUCCESS. dag_id=our_first_dag_v5, task_id=second_task, execution_date=20220104T000000, start_date=20220806T215132, end_date=20220806T215132
[2022-08-06 21:51:32,713] {local_task_job.py:156} INFO - Task exited with return code 0
[2022-08-06 21:51:32,746] {local_task_job.py:273} INFO - 0 downstream tasks scheduled from follow-on schedule check
[2022-08-06 21:56:55,724] {taskinstance.py:1179} INFO - Dependencies all met for <TaskInstance: our_first_dag_v5.second_task scheduled__2022-01-04T00:00:00+00:00 [queued]>
[2022-08-06 21:56:55,737] {taskinstance.py:1179} INFO - Dependencies all met for <TaskInstance: our_first_dag_v5.second_task scheduled__2022-01-04T00:00:00+00:00 [queued]>
[2022-08-06 21:56:55,738] {taskinstance.py:1376} INFO - 
--------------------------------------------------------------------------------
[2022-08-06 21:56:55,738] {taskinstance.py:1377} INFO - Starting attempt 1 of 6
[2022-08-06 21:56:55,738] {taskinstance.py:1378} INFO - 
--------------------------------------------------------------------------------
[2022-08-06 21:56:55,754] {taskinstance.py:1397} INFO - Executing <Task(BashOperator): second_task> on 2022-01-04 00:00:00+00:00
[2022-08-06 21:56:55,760] {standard_task_runner.py:52} INFO - Started process 1581 to run task
[2022-08-06 21:56:55,763] {standard_task_runner.py:79} INFO - Running: ['***', 'tasks', 'run', 'our_first_dag_v5', 'second_task', 'scheduled__2022-01-04T00:00:00+00:00', '--job-id', '477', '--raw', '--subdir', 'DAGS_FOLDER/pipeline.py', '--cfg-path', '/tmp/tmp2n3_g20v', '--error-file', '/tmp/tmp71n1dzm3']
[2022-08-06 21:56:55,763] {standard_task_runner.py:80} INFO - Job 477: Subtask second_task
[2022-08-06 21:56:55,849] {task_command.py:371} INFO - Running <TaskInstance: our_first_dag_v5.second_task scheduled__2022-01-04T00:00:00+00:00 [running]> on host bc7e154a4fdd
[2022-08-06 21:56:55,960] {taskinstance.py:1591} INFO - Exporting the following env vars:
AIRFLOW_CTX_DAG_OWNER=coder2j
AIRFLOW_CTX_DAG_ID=our_first_dag_v5
AIRFLOW_CTX_TASK_ID=second_task
AIRFLOW_CTX_EXECUTION_DATE=2022-01-04T00:00:00+00:00
AIRFLOW_CTX_TRY_NUMBER=1
AIRFLOW_CTX_DAG_RUN_ID=scheduled__2022-01-04T00:00:00+00:00
[2022-08-06 21:56:55,961] {subprocess.py:62} INFO - Tmp dir root location: 
 /tmp
[2022-08-06 21:56:55,961] {subprocess.py:74} INFO - Running command: ['bash', '-c', 'echo hey, I am task2 and will be running after task1!']
[2022-08-06 21:56:55,977] {subprocess.py:85} INFO - Output:
[2022-08-06 21:56:55,979] {subprocess.py:92} INFO - hey, I am task2 and will be running after task1!
[2022-08-06 21:56:55,980] {subprocess.py:96} INFO - Command exited with return code 0
[2022-08-06 21:56:56,014] {taskinstance.py:1420} INFO - Marking task as SUCCESS. dag_id=our_first_dag_v5, task_id=second_task, execution_date=20220104T000000, start_date=20220806T215655, end_date=20220806T215656
[2022-08-06 21:56:56,055] {local_task_job.py:156} INFO - Task exited with return code 0
[2022-08-06 21:56:56,090] {local_task_job.py:273} INFO - 0 downstream tasks scheduled from follow-on schedule check
[2022-08-06 22:12:00,581] {taskinstance.py:1179} INFO - Dependencies all met for <TaskInstance: our_first_dag_v5.second_task scheduled__2022-01-04T00:00:00+00:00 [queued]>
[2022-08-06 22:12:00,597] {taskinstance.py:1179} INFO - Dependencies all met for <TaskInstance: our_first_dag_v5.second_task scheduled__2022-01-04T00:00:00+00:00 [queued]>
[2022-08-06 22:12:00,598] {taskinstance.py:1376} INFO - 
--------------------------------------------------------------------------------
[2022-08-06 22:12:00,598] {taskinstance.py:1377} INFO - Starting attempt 1 of 6
[2022-08-06 22:12:00,598] {taskinstance.py:1378} INFO - 
--------------------------------------------------------------------------------
[2022-08-06 22:12:00,617] {taskinstance.py:1397} INFO - Executing <Task(BashOperator): second_task> on 2022-01-04 00:00:00+00:00
[2022-08-06 22:12:00,624] {standard_task_runner.py:52} INFO - Started process 1598 to run task
[2022-08-06 22:12:00,627] {standard_task_runner.py:79} INFO - Running: ['***', 'tasks', 'run', 'our_first_dag_v5', 'second_task', 'scheduled__2022-01-04T00:00:00+00:00', '--job-id', '479', '--raw', '--subdir', 'DAGS_FOLDER/pipeline.py', '--cfg-path', '/tmp/tmp7o390i45', '--error-file', '/tmp/tmprf5fjyzu']
[2022-08-06 22:12:00,627] {standard_task_runner.py:80} INFO - Job 479: Subtask second_task
[2022-08-06 22:12:00,712] {task_command.py:371} INFO - Running <TaskInstance: our_first_dag_v5.second_task scheduled__2022-01-04T00:00:00+00:00 [running]> on host 1250c3b659cd
[2022-08-06 22:12:00,835] {taskinstance.py:1591} INFO - Exporting the following env vars:
AIRFLOW_CTX_DAG_OWNER=coder2j
AIRFLOW_CTX_DAG_ID=our_first_dag_v5
AIRFLOW_CTX_TASK_ID=second_task
AIRFLOW_CTX_EXECUTION_DATE=2022-01-04T00:00:00+00:00
AIRFLOW_CTX_TRY_NUMBER=1
AIRFLOW_CTX_DAG_RUN_ID=scheduled__2022-01-04T00:00:00+00:00
[2022-08-06 22:12:00,836] {subprocess.py:62} INFO - Tmp dir root location: 
 /tmp
[2022-08-06 22:12:00,837] {subprocess.py:74} INFO - Running command: ['bash', '-c', 'echo hey, I am task2 and will be running after task1!']
[2022-08-06 22:12:00,903] {subprocess.py:85} INFO - Output:
[2022-08-06 22:12:00,906] {subprocess.py:92} INFO - hey, I am task2 and will be running after task1!
[2022-08-06 22:12:00,906] {subprocess.py:96} INFO - Command exited with return code 0
[2022-08-06 22:12:00,957] {taskinstance.py:1420} INFO - Marking task as SUCCESS. dag_id=our_first_dag_v5, task_id=second_task, execution_date=20220104T000000, start_date=20220806T221200, end_date=20220806T221200
[2022-08-06 22:12:00,999] {local_task_job.py:156} INFO - Task exited with return code 0
[2022-08-06 22:12:01,083] {local_task_job.py:273} INFO - 0 downstream tasks scheduled from follow-on schedule check
[2022-08-06 22:23:20,815] {taskinstance.py:1179} INFO - Dependencies all met for <TaskInstance: our_first_dag_v5.second_task scheduled__2022-01-04T00:00:00+00:00 [queued]>
[2022-08-06 22:23:20,833] {taskinstance.py:1179} INFO - Dependencies all met for <TaskInstance: our_first_dag_v5.second_task scheduled__2022-01-04T00:00:00+00:00 [queued]>
[2022-08-06 22:23:20,833] {taskinstance.py:1376} INFO - 
--------------------------------------------------------------------------------
[2022-08-06 22:23:20,833] {taskinstance.py:1377} INFO - Starting attempt 1 of 6
[2022-08-06 22:23:20,833] {taskinstance.py:1378} INFO - 
--------------------------------------------------------------------------------
[2022-08-06 22:23:20,855] {taskinstance.py:1397} INFO - Executing <Task(BashOperator): second_task> on 2022-01-04 00:00:00+00:00
[2022-08-06 22:23:20,863] {standard_task_runner.py:52} INFO - Started process 1655 to run task
[2022-08-06 22:23:20,867] {standard_task_runner.py:79} INFO - Running: ['***', 'tasks', 'run', 'our_first_dag_v5', 'second_task', 'scheduled__2022-01-04T00:00:00+00:00', '--job-id', '485', '--raw', '--subdir', 'DAGS_FOLDER/pipeline.py', '--cfg-path', '/tmp/tmp6m_ia6gw', '--error-file', '/tmp/tmp04wj474x']
[2022-08-06 22:23:20,867] {standard_task_runner.py:80} INFO - Job 485: Subtask second_task
[2022-08-06 22:23:20,945] {task_command.py:371} INFO - Running <TaskInstance: our_first_dag_v5.second_task scheduled__2022-01-04T00:00:00+00:00 [running]> on host b215076695c3
[2022-08-06 22:23:21,035] {taskinstance.py:1591} INFO - Exporting the following env vars:
AIRFLOW_CTX_DAG_OWNER=coder2j
AIRFLOW_CTX_DAG_ID=our_first_dag_v5
AIRFLOW_CTX_TASK_ID=second_task
AIRFLOW_CTX_EXECUTION_DATE=2022-01-04T00:00:00+00:00
AIRFLOW_CTX_TRY_NUMBER=1
AIRFLOW_CTX_DAG_RUN_ID=scheduled__2022-01-04T00:00:00+00:00
[2022-08-06 22:23:21,035] {subprocess.py:62} INFO - Tmp dir root location: 
 /tmp
[2022-08-06 22:23:21,036] {subprocess.py:74} INFO - Running command: ['bash', '-c', 'echo hey, I am task2 and will be running after task1!']
[2022-08-06 22:23:21,047] {subprocess.py:85} INFO - Output:
[2022-08-06 22:23:21,049] {subprocess.py:92} INFO - hey, I am task2 and will be running after task1!
[2022-08-06 22:23:21,049] {subprocess.py:96} INFO - Command exited with return code 0
[2022-08-06 22:23:21,079] {taskinstance.py:1420} INFO - Marking task as SUCCESS. dag_id=our_first_dag_v5, task_id=second_task, execution_date=20220104T000000, start_date=20220806T222320, end_date=20220806T222321
[2022-08-06 22:23:21,125] {local_task_job.py:156} INFO - Task exited with return code 0
[2022-08-06 22:23:21,171] {local_task_job.py:273} INFO - 0 downstream tasks scheduled from follow-on schedule check
