[2022-08-06 19:38:01,174] {taskinstance.py:1179} INFO - Dependencies all met for <TaskInstance: our_first_dag_v5.thrid_task scheduled__2022-02-08T00:00:00+00:00 [queued]>
[2022-08-06 19:38:01,190] {taskinstance.py:1179} INFO - Dependencies all met for <TaskInstance: our_first_dag_v5.thrid_task scheduled__2022-02-08T00:00:00+00:00 [queued]>
[2022-08-06 19:38:01,191] {taskinstance.py:1376} INFO - 
--------------------------------------------------------------------------------
[2022-08-06 19:38:01,191] {taskinstance.py:1377} INFO - Starting attempt 1 of 6
[2022-08-06 19:38:01,191] {taskinstance.py:1378} INFO - 
--------------------------------------------------------------------------------
[2022-08-06 19:38:01,219] {taskinstance.py:1397} INFO - Executing <Task(BashOperator): thrid_task> on 2022-02-08 00:00:00+00:00
[2022-08-06 19:38:01,228] {standard_task_runner.py:52} INFO - Started process 1924 to run task
[2022-08-06 19:38:01,232] {standard_task_runner.py:79} INFO - Running: ['***', 'tasks', 'run', 'our_first_dag_v5', 'thrid_task', 'scheduled__2022-02-08T00:00:00+00:00', '--job-id', '584', '--raw', '--subdir', 'DAGS_FOLDER/pipeline.py', '--cfg-path', '/tmp/tmpr02rx674', '--error-file', '/tmp/tmpui7a_0j8']
[2022-08-06 19:38:01,233] {standard_task_runner.py:80} INFO - Job 584: Subtask thrid_task
[2022-08-06 19:38:01,346] {task_command.py:371} INFO - Running <TaskInstance: our_first_dag_v5.thrid_task scheduled__2022-02-08T00:00:00+00:00 [running]> on host b29c168c1666
[2022-08-06 19:38:01,469] {taskinstance.py:1591} INFO - Exporting the following env vars:
AIRFLOW_CTX_DAG_OWNER=coder2j
AIRFLOW_CTX_DAG_ID=our_first_dag_v5
AIRFLOW_CTX_TASK_ID=thrid_task
AIRFLOW_CTX_EXECUTION_DATE=2022-02-08T00:00:00+00:00
AIRFLOW_CTX_TRY_NUMBER=1
AIRFLOW_CTX_DAG_RUN_ID=scheduled__2022-02-08T00:00:00+00:00
[2022-08-06 19:38:01,470] {subprocess.py:62} INFO - Tmp dir root location: 
 /tmp
[2022-08-06 19:38:01,471] {subprocess.py:74} INFO - Running command: ['bash', '-c', 'echo hey, I am task3 and will be running after task1 at the same time as task2!']
[2022-08-06 19:38:01,498] {subprocess.py:85} INFO - Output:
[2022-08-06 19:38:01,501] {subprocess.py:92} INFO - hey, I am task3 and will be running after task1 at the same time as task2!
[2022-08-06 19:38:01,501] {subprocess.py:96} INFO - Command exited with return code 0
[2022-08-06 19:38:01,552] {taskinstance.py:1420} INFO - Marking task as SUCCESS. dag_id=our_first_dag_v5, task_id=thrid_task, execution_date=20220208T000000, start_date=20220806T193801, end_date=20220806T193801
[2022-08-06 19:38:01,584] {local_task_job.py:156} INFO - Task exited with return code 0
[2022-08-06 19:38:01,638] {local_task_job.py:273} INFO - 0 downstream tasks scheduled from follow-on schedule check
[2022-08-06 21:51:52,371] {taskinstance.py:1179} INFO - Dependencies all met for <TaskInstance: our_first_dag_v5.thrid_task scheduled__2022-02-08T00:00:00+00:00 [queued]>
[2022-08-06 21:51:52,386] {taskinstance.py:1179} INFO - Dependencies all met for <TaskInstance: our_first_dag_v5.thrid_task scheduled__2022-02-08T00:00:00+00:00 [queued]>
[2022-08-06 21:51:52,386] {taskinstance.py:1376} INFO - 
--------------------------------------------------------------------------------
[2022-08-06 21:51:52,386] {taskinstance.py:1377} INFO - Starting attempt 1 of 6
[2022-08-06 21:51:52,386] {taskinstance.py:1378} INFO - 
--------------------------------------------------------------------------------
[2022-08-06 21:51:52,409] {taskinstance.py:1397} INFO - Executing <Task(BashOperator): thrid_task> on 2022-02-08 00:00:00+00:00
[2022-08-06 21:51:52,417] {standard_task_runner.py:52} INFO - Started process 2111 to run task
[2022-08-06 21:51:52,419] {standard_task_runner.py:79} INFO - Running: ['***', 'tasks', 'run', 'our_first_dag_v5', 'thrid_task', 'scheduled__2022-02-08T00:00:00+00:00', '--job-id', '583', '--raw', '--subdir', 'DAGS_FOLDER/pipeline.py', '--cfg-path', '/tmp/tmp2zus7dk_', '--error-file', '/tmp/tmpe91b8gq5']
[2022-08-06 21:51:52,419] {standard_task_runner.py:80} INFO - Job 583: Subtask thrid_task
[2022-08-06 21:51:52,474] {task_command.py:371} INFO - Running <TaskInstance: our_first_dag_v5.thrid_task scheduled__2022-02-08T00:00:00+00:00 [running]> on host c3f731879890
[2022-08-06 21:51:52,546] {taskinstance.py:1591} INFO - Exporting the following env vars:
AIRFLOW_CTX_DAG_OWNER=coder2j
AIRFLOW_CTX_DAG_ID=our_first_dag_v5
AIRFLOW_CTX_TASK_ID=thrid_task
AIRFLOW_CTX_EXECUTION_DATE=2022-02-08T00:00:00+00:00
AIRFLOW_CTX_TRY_NUMBER=1
AIRFLOW_CTX_DAG_RUN_ID=scheduled__2022-02-08T00:00:00+00:00
[2022-08-06 21:51:52,547] {subprocess.py:62} INFO - Tmp dir root location: 
 /tmp
[2022-08-06 21:51:52,547] {subprocess.py:74} INFO - Running command: ['bash', '-c', 'echo hey, I am task3 and will be running after task1 at the same time as task2!']
[2022-08-06 21:51:52,562] {subprocess.py:85} INFO - Output:
[2022-08-06 21:51:52,563] {subprocess.py:92} INFO - hey, I am task3 and will be running after task1 at the same time as task2!
[2022-08-06 21:51:52,564] {subprocess.py:96} INFO - Command exited with return code 0
[2022-08-06 21:51:52,592] {taskinstance.py:1420} INFO - Marking task as SUCCESS. dag_id=our_first_dag_v5, task_id=thrid_task, execution_date=20220208T000000, start_date=20220806T215152, end_date=20220806T215152
[2022-08-06 21:51:52,631] {local_task_job.py:156} INFO - Task exited with return code 0
[2022-08-06 21:51:52,657] {local_task_job.py:273} INFO - 0 downstream tasks scheduled from follow-on schedule check
[2022-08-06 21:57:18,457] {taskinstance.py:1179} INFO - Dependencies all met for <TaskInstance: our_first_dag_v5.thrid_task scheduled__2022-02-08T00:00:00+00:00 [queued]>
[2022-08-06 21:57:18,472] {taskinstance.py:1179} INFO - Dependencies all met for <TaskInstance: our_first_dag_v5.thrid_task scheduled__2022-02-08T00:00:00+00:00 [queued]>
[2022-08-06 21:57:18,472] {taskinstance.py:1376} INFO - 
--------------------------------------------------------------------------------
[2022-08-06 21:57:18,472] {taskinstance.py:1377} INFO - Starting attempt 1 of 6
[2022-08-06 21:57:18,472] {taskinstance.py:1378} INFO - 
--------------------------------------------------------------------------------
[2022-08-06 21:57:18,493] {taskinstance.py:1397} INFO - Executing <Task(BashOperator): thrid_task> on 2022-02-08 00:00:00+00:00
[2022-08-06 21:57:18,502] {standard_task_runner.py:52} INFO - Started process 1916 to run task
[2022-08-06 21:57:18,521] {standard_task_runner.py:79} INFO - Running: ['***', 'tasks', 'run', 'our_first_dag_v5', 'thrid_task', 'scheduled__2022-02-08T00:00:00+00:00', '--job-id', '586', '--raw', '--subdir', 'DAGS_FOLDER/pipeline.py', '--cfg-path', '/tmp/tmpyai2_pqa', '--error-file', '/tmp/tmpeirxe5kw']
[2022-08-06 21:57:18,521] {standard_task_runner.py:80} INFO - Job 586: Subtask thrid_task
[2022-08-06 21:57:18,671] {task_command.py:371} INFO - Running <TaskInstance: our_first_dag_v5.thrid_task scheduled__2022-02-08T00:00:00+00:00 [running]> on host bc7e154a4fdd
[2022-08-06 21:57:18,801] {taskinstance.py:1591} INFO - Exporting the following env vars:
AIRFLOW_CTX_DAG_OWNER=coder2j
AIRFLOW_CTX_DAG_ID=our_first_dag_v5
AIRFLOW_CTX_TASK_ID=thrid_task
AIRFLOW_CTX_EXECUTION_DATE=2022-02-08T00:00:00+00:00
AIRFLOW_CTX_TRY_NUMBER=1
AIRFLOW_CTX_DAG_RUN_ID=scheduled__2022-02-08T00:00:00+00:00
[2022-08-06 21:57:18,802] {subprocess.py:62} INFO - Tmp dir root location: 
 /tmp
[2022-08-06 21:57:18,803] {subprocess.py:74} INFO - Running command: ['bash', '-c', 'echo hey, I am task3 and will be running after task1 at the same time as task2!']
[2022-08-06 21:57:18,822] {subprocess.py:85} INFO - Output:
[2022-08-06 21:57:18,824] {subprocess.py:92} INFO - hey, I am task3 and will be running after task1 at the same time as task2!
[2022-08-06 21:57:18,824] {subprocess.py:96} INFO - Command exited with return code 0
[2022-08-06 21:57:18,892] {taskinstance.py:1420} INFO - Marking task as SUCCESS. dag_id=our_first_dag_v5, task_id=thrid_task, execution_date=20220208T000000, start_date=20220806T215718, end_date=20220806T215718
[2022-08-06 21:57:18,925] {local_task_job.py:156} INFO - Task exited with return code 0
[2022-08-06 21:57:18,989] {local_task_job.py:273} INFO - 0 downstream tasks scheduled from follow-on schedule check
[2022-08-06 22:12:19,413] {taskinstance.py:1179} INFO - Dependencies all met for <TaskInstance: our_first_dag_v5.thrid_task scheduled__2022-02-08T00:00:00+00:00 [queued]>
[2022-08-06 22:12:19,427] {taskinstance.py:1179} INFO - Dependencies all met for <TaskInstance: our_first_dag_v5.thrid_task scheduled__2022-02-08T00:00:00+00:00 [queued]>
[2022-08-06 22:12:19,427] {taskinstance.py:1376} INFO - 
--------------------------------------------------------------------------------
[2022-08-06 22:12:19,427] {taskinstance.py:1377} INFO - Starting attempt 1 of 6
[2022-08-06 22:12:19,428] {taskinstance.py:1378} INFO - 
--------------------------------------------------------------------------------
[2022-08-06 22:12:19,446] {taskinstance.py:1397} INFO - Executing <Task(BashOperator): thrid_task> on 2022-02-08 00:00:00+00:00
[2022-08-06 22:12:19,453] {standard_task_runner.py:52} INFO - Started process 1922 to run task
[2022-08-06 22:12:19,457] {standard_task_runner.py:79} INFO - Running: ['***', 'tasks', 'run', 'our_first_dag_v5', 'thrid_task', 'scheduled__2022-02-08T00:00:00+00:00', '--job-id', '585', '--raw', '--subdir', 'DAGS_FOLDER/pipeline.py', '--cfg-path', '/tmp/tmp97svmh2c', '--error-file', '/tmp/tmpu7scez8k']
[2022-08-06 22:12:19,457] {standard_task_runner.py:80} INFO - Job 585: Subtask thrid_task
[2022-08-06 22:12:19,536] {task_command.py:371} INFO - Running <TaskInstance: our_first_dag_v5.thrid_task scheduled__2022-02-08T00:00:00+00:00 [running]> on host 1250c3b659cd
[2022-08-06 22:12:19,622] {taskinstance.py:1591} INFO - Exporting the following env vars:
AIRFLOW_CTX_DAG_OWNER=coder2j
AIRFLOW_CTX_DAG_ID=our_first_dag_v5
AIRFLOW_CTX_TASK_ID=thrid_task
AIRFLOW_CTX_EXECUTION_DATE=2022-02-08T00:00:00+00:00
AIRFLOW_CTX_TRY_NUMBER=1
AIRFLOW_CTX_DAG_RUN_ID=scheduled__2022-02-08T00:00:00+00:00
[2022-08-06 22:12:19,623] {subprocess.py:62} INFO - Tmp dir root location: 
 /tmp
[2022-08-06 22:12:19,624] {subprocess.py:74} INFO - Running command: ['bash', '-c', 'echo hey, I am task3 and will be running after task1 at the same time as task2!']
[2022-08-06 22:12:19,637] {subprocess.py:85} INFO - Output:
[2022-08-06 22:12:19,639] {subprocess.py:92} INFO - hey, I am task3 and will be running after task1 at the same time as task2!
[2022-08-06 22:12:19,639] {subprocess.py:96} INFO - Command exited with return code 0
[2022-08-06 22:12:19,680] {taskinstance.py:1420} INFO - Marking task as SUCCESS. dag_id=our_first_dag_v5, task_id=thrid_task, execution_date=20220208T000000, start_date=20220806T221219, end_date=20220806T221219
[2022-08-06 22:12:19,708] {local_task_job.py:156} INFO - Task exited with return code 0
[2022-08-06 22:12:19,745] {local_task_job.py:273} INFO - 0 downstream tasks scheduled from follow-on schedule check
[2022-08-06 22:23:39,419] {taskinstance.py:1179} INFO - Dependencies all met for <TaskInstance: our_first_dag_v5.thrid_task scheduled__2022-02-08T00:00:00+00:00 [queued]>
[2022-08-06 22:23:39,433] {taskinstance.py:1179} INFO - Dependencies all met for <TaskInstance: our_first_dag_v5.thrid_task scheduled__2022-02-08T00:00:00+00:00 [queued]>
[2022-08-06 22:23:39,433] {taskinstance.py:1376} INFO - 
--------------------------------------------------------------------------------
[2022-08-06 22:23:39,433] {taskinstance.py:1377} INFO - Starting attempt 1 of 6
[2022-08-06 22:23:39,433] {taskinstance.py:1378} INFO - 
--------------------------------------------------------------------------------
[2022-08-06 22:23:39,449] {taskinstance.py:1397} INFO - Executing <Task(BashOperator): thrid_task> on 2022-02-08 00:00:00+00:00
[2022-08-06 22:23:39,455] {standard_task_runner.py:52} INFO - Started process 1966 to run task
[2022-08-06 22:23:39,457] {standard_task_runner.py:79} INFO - Running: ['***', 'tasks', 'run', 'our_first_dag_v5', 'thrid_task', 'scheduled__2022-02-08T00:00:00+00:00', '--job-id', '586', '--raw', '--subdir', 'DAGS_FOLDER/pipeline.py', '--cfg-path', '/tmp/tmpyl5z114l', '--error-file', '/tmp/tmpd0eo16r4']
[2022-08-06 22:23:39,458] {standard_task_runner.py:80} INFO - Job 586: Subtask thrid_task
[2022-08-06 22:23:39,532] {task_command.py:371} INFO - Running <TaskInstance: our_first_dag_v5.thrid_task scheduled__2022-02-08T00:00:00+00:00 [running]> on host b215076695c3
[2022-08-06 22:23:39,615] {taskinstance.py:1591} INFO - Exporting the following env vars:
AIRFLOW_CTX_DAG_OWNER=coder2j
AIRFLOW_CTX_DAG_ID=our_first_dag_v5
AIRFLOW_CTX_TASK_ID=thrid_task
AIRFLOW_CTX_EXECUTION_DATE=2022-02-08T00:00:00+00:00
AIRFLOW_CTX_TRY_NUMBER=1
AIRFLOW_CTX_DAG_RUN_ID=scheduled__2022-02-08T00:00:00+00:00
[2022-08-06 22:23:39,616] {subprocess.py:62} INFO - Tmp dir root location: 
 /tmp
[2022-08-06 22:23:39,616] {subprocess.py:74} INFO - Running command: ['bash', '-c', 'echo hey, I am task3 and will be running after task1 at the same time as task2!']
[2022-08-06 22:23:39,630] {subprocess.py:85} INFO - Output:
[2022-08-06 22:23:39,632] {subprocess.py:92} INFO - hey, I am task3 and will be running after task1 at the same time as task2!
[2022-08-06 22:23:39,632] {subprocess.py:96} INFO - Command exited with return code 0
[2022-08-06 22:23:39,661] {taskinstance.py:1420} INFO - Marking task as SUCCESS. dag_id=our_first_dag_v5, task_id=thrid_task, execution_date=20220208T000000, start_date=20220806T222339, end_date=20220806T222339
[2022-08-06 22:23:39,709] {local_task_job.py:156} INFO - Task exited with return code 0
[2022-08-06 22:23:39,737] {local_task_job.py:273} INFO - 0 downstream tasks scheduled from follow-on schedule check
