[2022-08-06 19:38:24,284] {taskinstance.py:1179} INFO - Dependencies all met for <TaskInstance: our_first_dag_v5.first_task scheduled__2022-03-17T00:00:00+00:00 [queued]>
[2022-08-06 19:38:24,301] {taskinstance.py:1179} INFO - Dependencies all met for <TaskInstance: our_first_dag_v5.first_task scheduled__2022-03-17T00:00:00+00:00 [queued]>
[2022-08-06 19:38:24,301] {taskinstance.py:1376} INFO - 
--------------------------------------------------------------------------------
[2022-08-06 19:38:24,301] {taskinstance.py:1377} INFO - Starting attempt 1 of 6
[2022-08-06 19:38:24,301] {taskinstance.py:1378} INFO - 
--------------------------------------------------------------------------------
[2022-08-06 19:38:24,320] {taskinstance.py:1397} INFO - Executing <Task(BashOperator): first_task> on 2022-03-17 00:00:00+00:00
[2022-08-06 19:38:24,327] {standard_task_runner.py:52} INFO - Started process 2259 to run task
[2022-08-06 19:38:24,330] {standard_task_runner.py:79} INFO - Running: ['***', 'tasks', 'run', 'our_first_dag_v5', 'first_task', 'scheduled__2022-03-17T00:00:00+00:00', '--job-id', '691', '--raw', '--subdir', 'DAGS_FOLDER/pipeline.py', '--cfg-path', '/tmp/tmp9mk46ido', '--error-file', '/tmp/tmprzfek7o9']
[2022-08-06 19:38:24,330] {standard_task_runner.py:80} INFO - Job 691: Subtask first_task
[2022-08-06 19:38:24,404] {task_command.py:371} INFO - Running <TaskInstance: our_first_dag_v5.first_task scheduled__2022-03-17T00:00:00+00:00 [running]> on host b29c168c1666
[2022-08-06 19:38:24,500] {taskinstance.py:1591} INFO - Exporting the following env vars:
AIRFLOW_CTX_DAG_OWNER=coder2j
AIRFLOW_CTX_DAG_ID=our_first_dag_v5
AIRFLOW_CTX_TASK_ID=first_task
AIRFLOW_CTX_EXECUTION_DATE=2022-03-17T00:00:00+00:00
AIRFLOW_CTX_TRY_NUMBER=1
AIRFLOW_CTX_DAG_RUN_ID=scheduled__2022-03-17T00:00:00+00:00
[2022-08-06 19:38:24,501] {subprocess.py:62} INFO - Tmp dir root location: 
 /tmp
[2022-08-06 19:38:24,502] {subprocess.py:74} INFO - Running command: ['bash', '-c', 'echo hello world, this is the first task!']
[2022-08-06 19:38:24,519] {subprocess.py:85} INFO - Output:
[2022-08-06 19:38:24,520] {subprocess.py:92} INFO - hello world, this is the first task!
[2022-08-06 19:38:24,521] {subprocess.py:96} INFO - Command exited with return code 0
[2022-08-06 19:38:24,579] {taskinstance.py:1420} INFO - Marking task as SUCCESS. dag_id=our_first_dag_v5, task_id=first_task, execution_date=20220317T000000, start_date=20220806T193824, end_date=20220806T193824
[2022-08-06 19:38:24,621] {local_task_job.py:156} INFO - Task exited with return code 0
[2022-08-06 19:38:24,665] {local_task_job.py:273} INFO - 2 downstream tasks scheduled from follow-on schedule check
[2022-08-06 21:52:14,301] {taskinstance.py:1179} INFO - Dependencies all met for <TaskInstance: our_first_dag_v5.first_task scheduled__2022-03-17T00:00:00+00:00 [queued]>
[2022-08-06 21:52:14,315] {taskinstance.py:1179} INFO - Dependencies all met for <TaskInstance: our_first_dag_v5.first_task scheduled__2022-03-17T00:00:00+00:00 [queued]>
[2022-08-06 21:52:14,315] {taskinstance.py:1376} INFO - 
--------------------------------------------------------------------------------
[2022-08-06 21:52:14,316] {taskinstance.py:1377} INFO - Starting attempt 1 of 6
[2022-08-06 21:52:14,316] {taskinstance.py:1378} INFO - 
--------------------------------------------------------------------------------
[2022-08-06 21:52:14,335] {taskinstance.py:1397} INFO - Executing <Task(BashOperator): first_task> on 2022-03-17 00:00:00+00:00
[2022-08-06 21:52:14,342] {standard_task_runner.py:52} INFO - Started process 2438 to run task
[2022-08-06 21:52:14,346] {standard_task_runner.py:79} INFO - Running: ['***', 'tasks', 'run', 'our_first_dag_v5', 'first_task', 'scheduled__2022-03-17T00:00:00+00:00', '--job-id', '685', '--raw', '--subdir', 'DAGS_FOLDER/pipeline.py', '--cfg-path', '/tmp/tmpdsjln1wc', '--error-file', '/tmp/tmp2ycrgz43']
[2022-08-06 21:52:14,346] {standard_task_runner.py:80} INFO - Job 685: Subtask first_task
[2022-08-06 21:52:14,432] {task_command.py:371} INFO - Running <TaskInstance: our_first_dag_v5.first_task scheduled__2022-03-17T00:00:00+00:00 [running]> on host c3f731879890
[2022-08-06 21:52:14,530] {taskinstance.py:1591} INFO - Exporting the following env vars:
AIRFLOW_CTX_DAG_OWNER=coder2j
AIRFLOW_CTX_DAG_ID=our_first_dag_v5
AIRFLOW_CTX_TASK_ID=first_task
AIRFLOW_CTX_EXECUTION_DATE=2022-03-17T00:00:00+00:00
AIRFLOW_CTX_TRY_NUMBER=1
AIRFLOW_CTX_DAG_RUN_ID=scheduled__2022-03-17T00:00:00+00:00
[2022-08-06 21:52:14,531] {subprocess.py:62} INFO - Tmp dir root location: 
 /tmp
[2022-08-06 21:52:14,532] {subprocess.py:74} INFO - Running command: ['bash', '-c', 'echo hello world, this is the first task!']
[2022-08-06 21:52:14,552] {subprocess.py:85} INFO - Output:
[2022-08-06 21:52:14,554] {subprocess.py:92} INFO - hello world, this is the first task!
[2022-08-06 21:52:14,555] {subprocess.py:96} INFO - Command exited with return code 0
[2022-08-06 21:52:14,592] {taskinstance.py:1420} INFO - Marking task as SUCCESS. dag_id=our_first_dag_v5, task_id=first_task, execution_date=20220317T000000, start_date=20220806T215214, end_date=20220806T215214
[2022-08-06 21:52:14,637] {local_task_job.py:156} INFO - Task exited with return code 0
[2022-08-06 21:52:14,680] {local_task_job.py:273} INFO - 0 downstream tasks scheduled from follow-on schedule check
[2022-08-06 21:57:38,445] {taskinstance.py:1179} INFO - Dependencies all met for <TaskInstance: our_first_dag_v5.first_task scheduled__2022-03-17T00:00:00+00:00 [queued]>
[2022-08-06 21:57:38,461] {taskinstance.py:1179} INFO - Dependencies all met for <TaskInstance: our_first_dag_v5.first_task scheduled__2022-03-17T00:00:00+00:00 [queued]>
[2022-08-06 21:57:38,462] {taskinstance.py:1376} INFO - 
--------------------------------------------------------------------------------
[2022-08-06 21:57:38,462] {taskinstance.py:1377} INFO - Starting attempt 1 of 6
[2022-08-06 21:57:38,462] {taskinstance.py:1378} INFO - 
--------------------------------------------------------------------------------
[2022-08-06 21:57:38,488] {taskinstance.py:1397} INFO - Executing <Task(BashOperator): first_task> on 2022-03-17 00:00:00+00:00
[2022-08-06 21:57:38,495] {standard_task_runner.py:52} INFO - Started process 2236 to run task
[2022-08-06 21:57:38,499] {standard_task_runner.py:79} INFO - Running: ['***', 'tasks', 'run', 'our_first_dag_v5', 'first_task', 'scheduled__2022-03-17T00:00:00+00:00', '--job-id', '687', '--raw', '--subdir', 'DAGS_FOLDER/pipeline.py', '--cfg-path', '/tmp/tmpxa5cmtmm', '--error-file', '/tmp/tmpb9hmnotz']
[2022-08-06 21:57:38,499] {standard_task_runner.py:80} INFO - Job 687: Subtask first_task
[2022-08-06 21:57:38,621] {task_command.py:371} INFO - Running <TaskInstance: our_first_dag_v5.first_task scheduled__2022-03-17T00:00:00+00:00 [running]> on host bc7e154a4fdd
[2022-08-06 21:57:38,730] {taskinstance.py:1591} INFO - Exporting the following env vars:
AIRFLOW_CTX_DAG_OWNER=coder2j
AIRFLOW_CTX_DAG_ID=our_first_dag_v5
AIRFLOW_CTX_TASK_ID=first_task
AIRFLOW_CTX_EXECUTION_DATE=2022-03-17T00:00:00+00:00
AIRFLOW_CTX_TRY_NUMBER=1
AIRFLOW_CTX_DAG_RUN_ID=scheduled__2022-03-17T00:00:00+00:00
[2022-08-06 21:57:38,731] {subprocess.py:62} INFO - Tmp dir root location: 
 /tmp
[2022-08-06 21:57:38,732] {subprocess.py:74} INFO - Running command: ['bash', '-c', 'echo hello world, this is the first task!']
[2022-08-06 21:57:38,756] {subprocess.py:85} INFO - Output:
[2022-08-06 21:57:38,758] {subprocess.py:92} INFO - hello world, this is the first task!
[2022-08-06 21:57:38,758] {subprocess.py:96} INFO - Command exited with return code 0
[2022-08-06 21:57:38,813] {taskinstance.py:1420} INFO - Marking task as SUCCESS. dag_id=our_first_dag_v5, task_id=first_task, execution_date=20220317T000000, start_date=20220806T215738, end_date=20220806T215738
[2022-08-06 21:57:38,871] {local_task_job.py:156} INFO - Task exited with return code 0
[2022-08-06 21:57:38,923] {local_task_job.py:273} INFO - 0 downstream tasks scheduled from follow-on schedule check
[2022-08-06 22:12:41,193] {taskinstance.py:1179} INFO - Dependencies all met for <TaskInstance: our_first_dag_v5.first_task scheduled__2022-03-17T00:00:00+00:00 [queued]>
[2022-08-06 22:12:41,208] {taskinstance.py:1179} INFO - Dependencies all met for <TaskInstance: our_first_dag_v5.first_task scheduled__2022-03-17T00:00:00+00:00 [queued]>
[2022-08-06 22:12:41,208] {taskinstance.py:1376} INFO - 
--------------------------------------------------------------------------------
[2022-08-06 22:12:41,208] {taskinstance.py:1377} INFO - Starting attempt 1 of 6
[2022-08-06 22:12:41,208] {taskinstance.py:1378} INFO - 
--------------------------------------------------------------------------------
[2022-08-06 22:12:41,227] {taskinstance.py:1397} INFO - Executing <Task(BashOperator): first_task> on 2022-03-17 00:00:00+00:00
[2022-08-06 22:12:41,233] {standard_task_runner.py:52} INFO - Started process 2249 to run task
[2022-08-06 22:12:41,235] {standard_task_runner.py:79} INFO - Running: ['***', 'tasks', 'run', 'our_first_dag_v5', 'first_task', 'scheduled__2022-03-17T00:00:00+00:00', '--job-id', '689', '--raw', '--subdir', 'DAGS_FOLDER/pipeline.py', '--cfg-path', '/tmp/tmp3gg9a2wh', '--error-file', '/tmp/tmpkun2e8d6']
[2022-08-06 22:12:41,236] {standard_task_runner.py:80} INFO - Job 689: Subtask first_task
[2022-08-06 22:12:41,300] {task_command.py:371} INFO - Running <TaskInstance: our_first_dag_v5.first_task scheduled__2022-03-17T00:00:00+00:00 [running]> on host 1250c3b659cd
[2022-08-06 22:12:41,390] {taskinstance.py:1591} INFO - Exporting the following env vars:
AIRFLOW_CTX_DAG_OWNER=coder2j
AIRFLOW_CTX_DAG_ID=our_first_dag_v5
AIRFLOW_CTX_TASK_ID=first_task
AIRFLOW_CTX_EXECUTION_DATE=2022-03-17T00:00:00+00:00
AIRFLOW_CTX_TRY_NUMBER=1
AIRFLOW_CTX_DAG_RUN_ID=scheduled__2022-03-17T00:00:00+00:00
[2022-08-06 22:12:41,391] {subprocess.py:62} INFO - Tmp dir root location: 
 /tmp
[2022-08-06 22:12:41,392] {subprocess.py:74} INFO - Running command: ['bash', '-c', 'echo hello world, this is the first task!']
[2022-08-06 22:12:41,408] {subprocess.py:85} INFO - Output:
[2022-08-06 22:12:41,411] {subprocess.py:92} INFO - hello world, this is the first task!
[2022-08-06 22:12:41,411] {subprocess.py:96} INFO - Command exited with return code 0
[2022-08-06 22:12:41,444] {taskinstance.py:1420} INFO - Marking task as SUCCESS. dag_id=our_first_dag_v5, task_id=first_task, execution_date=20220317T000000, start_date=20220806T221241, end_date=20220806T221241
[2022-08-06 22:12:41,487] {local_task_job.py:156} INFO - Task exited with return code 0
[2022-08-06 22:12:41,536] {local_task_job.py:273} INFO - 0 downstream tasks scheduled from follow-on schedule check
[2022-08-06 22:24:00,473] {taskinstance.py:1179} INFO - Dependencies all met for <TaskInstance: our_first_dag_v5.first_task scheduled__2022-03-17T00:00:00+00:00 [queued]>
[2022-08-06 22:24:00,493] {taskinstance.py:1179} INFO - Dependencies all met for <TaskInstance: our_first_dag_v5.first_task scheduled__2022-03-17T00:00:00+00:00 [queued]>
[2022-08-06 22:24:00,494] {taskinstance.py:1376} INFO - 
--------------------------------------------------------------------------------
[2022-08-06 22:24:00,494] {taskinstance.py:1377} INFO - Starting attempt 1 of 6
[2022-08-06 22:24:00,494] {taskinstance.py:1378} INFO - 
--------------------------------------------------------------------------------
[2022-08-06 22:24:00,516] {taskinstance.py:1397} INFO - Executing <Task(BashOperator): first_task> on 2022-03-17 00:00:00+00:00
[2022-08-06 22:24:00,525] {standard_task_runner.py:52} INFO - Started process 2295 to run task
[2022-08-06 22:24:00,528] {standard_task_runner.py:79} INFO - Running: ['***', 'tasks', 'run', 'our_first_dag_v5', 'first_task', 'scheduled__2022-03-17T00:00:00+00:00', '--job-id', '690', '--raw', '--subdir', 'DAGS_FOLDER/pipeline.py', '--cfg-path', '/tmp/tmpfnhha79r', '--error-file', '/tmp/tmpr2bhz9v9']
[2022-08-06 22:24:00,528] {standard_task_runner.py:80} INFO - Job 690: Subtask first_task
[2022-08-06 22:24:00,647] {task_command.py:371} INFO - Running <TaskInstance: our_first_dag_v5.first_task scheduled__2022-03-17T00:00:00+00:00 [running]> on host b215076695c3
[2022-08-06 22:24:00,789] {taskinstance.py:1591} INFO - Exporting the following env vars:
AIRFLOW_CTX_DAG_OWNER=coder2j
AIRFLOW_CTX_DAG_ID=our_first_dag_v5
AIRFLOW_CTX_TASK_ID=first_task
AIRFLOW_CTX_EXECUTION_DATE=2022-03-17T00:00:00+00:00
AIRFLOW_CTX_TRY_NUMBER=1
AIRFLOW_CTX_DAG_RUN_ID=scheduled__2022-03-17T00:00:00+00:00
[2022-08-06 22:24:00,790] {subprocess.py:62} INFO - Tmp dir root location: 
 /tmp
[2022-08-06 22:24:00,791] {subprocess.py:74} INFO - Running command: ['bash', '-c', 'echo hello world, this is the first task!']
[2022-08-06 22:24:00,809] {subprocess.py:85} INFO - Output:
[2022-08-06 22:24:00,811] {subprocess.py:92} INFO - hello world, this is the first task!
[2022-08-06 22:24:00,811] {subprocess.py:96} INFO - Command exited with return code 0
[2022-08-06 22:24:00,904] {taskinstance.py:1420} INFO - Marking task as SUCCESS. dag_id=our_first_dag_v5, task_id=first_task, execution_date=20220317T000000, start_date=20220806T222400, end_date=20220806T222400
[2022-08-06 22:24:00,951] {local_task_job.py:156} INFO - Task exited with return code 0
[2022-08-06 22:24:01,010] {local_task_job.py:273} INFO - 2 downstream tasks scheduled from follow-on schedule check
