[2022-08-06 19:37:38,330] {taskinstance.py:1179} INFO - Dependencies all met for <TaskInstance: our_first_dag_v5.thrid_task scheduled__2022-01-03T00:00:00+00:00 [queued]>
[2022-08-06 19:37:38,341] {taskinstance.py:1179} INFO - Dependencies all met for <TaskInstance: our_first_dag_v5.thrid_task scheduled__2022-01-03T00:00:00+00:00 [queued]>
[2022-08-06 19:37:38,341] {taskinstance.py:1376} INFO - 
--------------------------------------------------------------------------------
[2022-08-06 19:37:38,341] {taskinstance.py:1377} INFO - Starting attempt 1 of 6
[2022-08-06 19:37:38,341] {taskinstance.py:1378} INFO - 
--------------------------------------------------------------------------------
[2022-08-06 19:37:38,355] {taskinstance.py:1397} INFO - Executing <Task(BashOperator): thrid_task> on 2022-01-03 00:00:00+00:00
[2022-08-06 19:37:38,360] {standard_task_runner.py:52} INFO - Started process 1586 to run task
[2022-08-06 19:37:38,362] {standard_task_runner.py:79} INFO - Running: ['***', 'tasks', 'run', 'our_first_dag_v5', 'thrid_task', 'scheduled__2022-01-03T00:00:00+00:00', '--job-id', '475', '--raw', '--subdir', 'DAGS_FOLDER/pipeline.py', '--cfg-path', '/tmp/tmp0fd4unlv', '--error-file', '/tmp/tmpjjkcgt3x']
[2022-08-06 19:37:38,362] {standard_task_runner.py:80} INFO - Job 475: Subtask thrid_task
[2022-08-06 19:37:38,416] {task_command.py:371} INFO - Running <TaskInstance: our_first_dag_v5.thrid_task scheduled__2022-01-03T00:00:00+00:00 [running]> on host b29c168c1666
[2022-08-06 19:37:38,498] {taskinstance.py:1591} INFO - Exporting the following env vars:
AIRFLOW_CTX_DAG_OWNER=coder2j
AIRFLOW_CTX_DAG_ID=our_first_dag_v5
AIRFLOW_CTX_TASK_ID=thrid_task
AIRFLOW_CTX_EXECUTION_DATE=2022-01-03T00:00:00+00:00
AIRFLOW_CTX_TRY_NUMBER=1
AIRFLOW_CTX_DAG_RUN_ID=scheduled__2022-01-03T00:00:00+00:00
[2022-08-06 19:37:38,498] {subprocess.py:62} INFO - Tmp dir root location: 
 /tmp
[2022-08-06 19:37:38,499] {subprocess.py:74} INFO - Running command: ['bash', '-c', 'echo hey, I am task3 and will be running after task1 at the same time as task2!']
[2022-08-06 19:37:38,510] {subprocess.py:85} INFO - Output:
[2022-08-06 19:37:38,511] {subprocess.py:92} INFO - hey, I am task3 and will be running after task1 at the same time as task2!
[2022-08-06 19:37:38,512] {subprocess.py:96} INFO - Command exited with return code 0
[2022-08-06 19:37:38,542] {taskinstance.py:1420} INFO - Marking task as SUCCESS. dag_id=our_first_dag_v5, task_id=thrid_task, execution_date=20220103T000000, start_date=20220806T193738, end_date=20220806T193738
[2022-08-06 19:37:38,574] {local_task_job.py:156} INFO - Task exited with return code 0
[2022-08-06 19:37:38,607] {local_task_job.py:273} INFO - 0 downstream tasks scheduled from follow-on schedule check
[2022-08-06 21:51:32,031] {taskinstance.py:1179} INFO - Dependencies all met for <TaskInstance: our_first_dag_v5.thrid_task scheduled__2022-01-03T00:00:00+00:00 [queued]>
[2022-08-06 21:51:32,043] {taskinstance.py:1179} INFO - Dependencies all met for <TaskInstance: our_first_dag_v5.thrid_task scheduled__2022-01-03T00:00:00+00:00 [queued]>
[2022-08-06 21:51:32,044] {taskinstance.py:1376} INFO - 
--------------------------------------------------------------------------------
[2022-08-06 21:51:32,044] {taskinstance.py:1377} INFO - Starting attempt 1 of 6
[2022-08-06 21:51:32,044] {taskinstance.py:1378} INFO - 
--------------------------------------------------------------------------------
[2022-08-06 21:51:32,058] {taskinstance.py:1397} INFO - Executing <Task(BashOperator): thrid_task> on 2022-01-03 00:00:00+00:00
[2022-08-06 21:51:32,064] {standard_task_runner.py:52} INFO - Started process 1773 to run task
[2022-08-06 21:51:32,066] {standard_task_runner.py:79} INFO - Running: ['***', 'tasks', 'run', 'our_first_dag_v5', 'thrid_task', 'scheduled__2022-01-03T00:00:00+00:00', '--job-id', '476', '--raw', '--subdir', 'DAGS_FOLDER/pipeline.py', '--cfg-path', '/tmp/tmph3v7dbri', '--error-file', '/tmp/tmptens5mck']
[2022-08-06 21:51:32,066] {standard_task_runner.py:80} INFO - Job 476: Subtask thrid_task
[2022-08-06 21:51:32,141] {task_command.py:371} INFO - Running <TaskInstance: our_first_dag_v5.thrid_task scheduled__2022-01-03T00:00:00+00:00 [running]> on host c3f731879890
[2022-08-06 21:51:32,248] {taskinstance.py:1591} INFO - Exporting the following env vars:
AIRFLOW_CTX_DAG_OWNER=coder2j
AIRFLOW_CTX_DAG_ID=our_first_dag_v5
AIRFLOW_CTX_TASK_ID=thrid_task
AIRFLOW_CTX_EXECUTION_DATE=2022-01-03T00:00:00+00:00
AIRFLOW_CTX_TRY_NUMBER=1
AIRFLOW_CTX_DAG_RUN_ID=scheduled__2022-01-03T00:00:00+00:00
[2022-08-06 21:51:32,250] {subprocess.py:62} INFO - Tmp dir root location: 
 /tmp
[2022-08-06 21:51:32,250] {subprocess.py:74} INFO - Running command: ['bash', '-c', 'echo hey, I am task3 and will be running after task1 at the same time as task2!']
[2022-08-06 21:51:32,266] {subprocess.py:85} INFO - Output:
[2022-08-06 21:51:32,268] {subprocess.py:92} INFO - hey, I am task3 and will be running after task1 at the same time as task2!
[2022-08-06 21:51:32,269] {subprocess.py:96} INFO - Command exited with return code 0
[2022-08-06 21:51:32,308] {taskinstance.py:1420} INFO - Marking task as SUCCESS. dag_id=our_first_dag_v5, task_id=thrid_task, execution_date=20220103T000000, start_date=20220806T215132, end_date=20220806T215132
[2022-08-06 21:51:32,358] {local_task_job.py:156} INFO - Task exited with return code 0
[2022-08-06 21:51:32,409] {local_task_job.py:273} INFO - 0 downstream tasks scheduled from follow-on schedule check
[2022-08-06 21:56:55,782] {taskinstance.py:1179} INFO - Dependencies all met for <TaskInstance: our_first_dag_v5.thrid_task scheduled__2022-01-03T00:00:00+00:00 [queued]>
[2022-08-06 21:56:55,799] {taskinstance.py:1179} INFO - Dependencies all met for <TaskInstance: our_first_dag_v5.thrid_task scheduled__2022-01-03T00:00:00+00:00 [queued]>
[2022-08-06 21:56:55,800] {taskinstance.py:1376} INFO - 
--------------------------------------------------------------------------------
[2022-08-06 21:56:55,800] {taskinstance.py:1377} INFO - Starting attempt 1 of 6
[2022-08-06 21:56:55,800] {taskinstance.py:1378} INFO - 
--------------------------------------------------------------------------------
[2022-08-06 21:56:55,821] {taskinstance.py:1397} INFO - Executing <Task(BashOperator): thrid_task> on 2022-01-03 00:00:00+00:00
[2022-08-06 21:56:55,829] {standard_task_runner.py:52} INFO - Started process 1585 to run task
[2022-08-06 21:56:55,832] {standard_task_runner.py:79} INFO - Running: ['***', 'tasks', 'run', 'our_first_dag_v5', 'thrid_task', 'scheduled__2022-01-03T00:00:00+00:00', '--job-id', '481', '--raw', '--subdir', 'DAGS_FOLDER/pipeline.py', '--cfg-path', '/tmp/tmpoocpv221', '--error-file', '/tmp/tmpd32aw9if']
[2022-08-06 21:56:55,832] {standard_task_runner.py:80} INFO - Job 481: Subtask thrid_task
[2022-08-06 21:56:55,911] {task_command.py:371} INFO - Running <TaskInstance: our_first_dag_v5.thrid_task scheduled__2022-01-03T00:00:00+00:00 [running]> on host bc7e154a4fdd
[2022-08-06 21:56:56,012] {taskinstance.py:1591} INFO - Exporting the following env vars:
AIRFLOW_CTX_DAG_OWNER=coder2j
AIRFLOW_CTX_DAG_ID=our_first_dag_v5
AIRFLOW_CTX_TASK_ID=thrid_task
AIRFLOW_CTX_EXECUTION_DATE=2022-01-03T00:00:00+00:00
AIRFLOW_CTX_TRY_NUMBER=1
AIRFLOW_CTX_DAG_RUN_ID=scheduled__2022-01-03T00:00:00+00:00
[2022-08-06 21:56:56,013] {subprocess.py:62} INFO - Tmp dir root location: 
 /tmp
[2022-08-06 21:56:56,014] {subprocess.py:74} INFO - Running command: ['bash', '-c', 'echo hey, I am task3 and will be running after task1 at the same time as task2!']
[2022-08-06 21:56:56,030] {subprocess.py:85} INFO - Output:
[2022-08-06 21:56:56,032] {subprocess.py:92} INFO - hey, I am task3 and will be running after task1 at the same time as task2!
[2022-08-06 21:56:56,032] {subprocess.py:96} INFO - Command exited with return code 0
[2022-08-06 21:56:56,084] {taskinstance.py:1420} INFO - Marking task as SUCCESS. dag_id=our_first_dag_v5, task_id=thrid_task, execution_date=20220103T000000, start_date=20220806T215655, end_date=20220806T215656
[2022-08-06 21:56:56,123] {local_task_job.py:156} INFO - Task exited with return code 0
[2022-08-06 21:56:56,162] {local_task_job.py:273} INFO - 0 downstream tasks scheduled from follow-on schedule check
[2022-08-06 22:12:00,630] {taskinstance.py:1179} INFO - Dependencies all met for <TaskInstance: our_first_dag_v5.thrid_task scheduled__2022-01-03T00:00:00+00:00 [queued]>
[2022-08-06 22:12:00,646] {taskinstance.py:1179} INFO - Dependencies all met for <TaskInstance: our_first_dag_v5.thrid_task scheduled__2022-01-03T00:00:00+00:00 [queued]>
[2022-08-06 22:12:00,646] {taskinstance.py:1376} INFO - 
--------------------------------------------------------------------------------
[2022-08-06 22:12:00,646] {taskinstance.py:1377} INFO - Starting attempt 1 of 6
[2022-08-06 22:12:00,646] {taskinstance.py:1378} INFO - 
--------------------------------------------------------------------------------
[2022-08-06 22:12:00,661] {taskinstance.py:1397} INFO - Executing <Task(BashOperator): thrid_task> on 2022-01-03 00:00:00+00:00
[2022-08-06 22:12:00,666] {standard_task_runner.py:52} INFO - Started process 1600 to run task
[2022-08-06 22:12:00,669] {standard_task_runner.py:79} INFO - Running: ['***', 'tasks', 'run', 'our_first_dag_v5', 'thrid_task', 'scheduled__2022-01-03T00:00:00+00:00', '--job-id', '483', '--raw', '--subdir', 'DAGS_FOLDER/pipeline.py', '--cfg-path', '/tmp/tmp400rril5', '--error-file', '/tmp/tmpl8zprsjv']
[2022-08-06 22:12:00,670] {standard_task_runner.py:80} INFO - Job 483: Subtask thrid_task
[2022-08-06 22:12:00,768] {task_command.py:371} INFO - Running <TaskInstance: our_first_dag_v5.thrid_task scheduled__2022-01-03T00:00:00+00:00 [running]> on host 1250c3b659cd
[2022-08-06 22:12:00,911] {taskinstance.py:1591} INFO - Exporting the following env vars:
AIRFLOW_CTX_DAG_OWNER=coder2j
AIRFLOW_CTX_DAG_ID=our_first_dag_v5
AIRFLOW_CTX_TASK_ID=thrid_task
AIRFLOW_CTX_EXECUTION_DATE=2022-01-03T00:00:00+00:00
AIRFLOW_CTX_TRY_NUMBER=1
AIRFLOW_CTX_DAG_RUN_ID=scheduled__2022-01-03T00:00:00+00:00
[2022-08-06 22:12:00,912] {subprocess.py:62} INFO - Tmp dir root location: 
 /tmp
[2022-08-06 22:12:00,912] {subprocess.py:74} INFO - Running command: ['bash', '-c', 'echo hey, I am task3 and will be running after task1 at the same time as task2!']
[2022-08-06 22:12:00,933] {subprocess.py:85} INFO - Output:
[2022-08-06 22:12:00,935] {subprocess.py:92} INFO - hey, I am task3 and will be running after task1 at the same time as task2!
[2022-08-06 22:12:00,935] {subprocess.py:96} INFO - Command exited with return code 0
[2022-08-06 22:12:00,986] {taskinstance.py:1420} INFO - Marking task as SUCCESS. dag_id=our_first_dag_v5, task_id=thrid_task, execution_date=20220103T000000, start_date=20220806T221200, end_date=20220806T221200
[2022-08-06 22:12:01,042] {local_task_job.py:156} INFO - Task exited with return code 0
[2022-08-06 22:12:01,098] {local_task_job.py:273} INFO - 0 downstream tasks scheduled from follow-on schedule check
[2022-08-06 22:23:20,499] {taskinstance.py:1179} INFO - Dependencies all met for <TaskInstance: our_first_dag_v5.thrid_task scheduled__2022-01-03T00:00:00+00:00 [queued]>
[2022-08-06 22:23:20,516] {taskinstance.py:1179} INFO - Dependencies all met for <TaskInstance: our_first_dag_v5.thrid_task scheduled__2022-01-03T00:00:00+00:00 [queued]>
[2022-08-06 22:23:20,516] {taskinstance.py:1376} INFO - 
--------------------------------------------------------------------------------
[2022-08-06 22:23:20,517] {taskinstance.py:1377} INFO - Starting attempt 1 of 6
[2022-08-06 22:23:20,517] {taskinstance.py:1378} INFO - 
--------------------------------------------------------------------------------
[2022-08-06 22:23:20,542] {taskinstance.py:1397} INFO - Executing <Task(BashOperator): thrid_task> on 2022-01-03 00:00:00+00:00
[2022-08-06 22:23:20,549] {standard_task_runner.py:52} INFO - Started process 1641 to run task
[2022-08-06 22:23:20,553] {standard_task_runner.py:79} INFO - Running: ['***', 'tasks', 'run', 'our_first_dag_v5', 'thrid_task', 'scheduled__2022-01-03T00:00:00+00:00', '--job-id', '481', '--raw', '--subdir', 'DAGS_FOLDER/pipeline.py', '--cfg-path', '/tmp/tmpu79dwevp', '--error-file', '/tmp/tmpcd30nza5']
[2022-08-06 22:23:20,553] {standard_task_runner.py:80} INFO - Job 481: Subtask thrid_task
[2022-08-06 22:23:20,639] {task_command.py:371} INFO - Running <TaskInstance: our_first_dag_v5.thrid_task scheduled__2022-01-03T00:00:00+00:00 [running]> on host b215076695c3
[2022-08-06 22:23:20,739] {taskinstance.py:1591} INFO - Exporting the following env vars:
AIRFLOW_CTX_DAG_OWNER=coder2j
AIRFLOW_CTX_DAG_ID=our_first_dag_v5
AIRFLOW_CTX_TASK_ID=thrid_task
AIRFLOW_CTX_EXECUTION_DATE=2022-01-03T00:00:00+00:00
AIRFLOW_CTX_TRY_NUMBER=1
AIRFLOW_CTX_DAG_RUN_ID=scheduled__2022-01-03T00:00:00+00:00
[2022-08-06 22:23:20,740] {subprocess.py:62} INFO - Tmp dir root location: 
 /tmp
[2022-08-06 22:23:20,740] {subprocess.py:74} INFO - Running command: ['bash', '-c', 'echo hey, I am task3 and will be running after task1 at the same time as task2!']
[2022-08-06 22:23:20,752] {subprocess.py:85} INFO - Output:
[2022-08-06 22:23:20,754] {subprocess.py:92} INFO - hey, I am task3 and will be running after task1 at the same time as task2!
[2022-08-06 22:23:20,754] {subprocess.py:96} INFO - Command exited with return code 0
[2022-08-06 22:23:20,786] {taskinstance.py:1420} INFO - Marking task as SUCCESS. dag_id=our_first_dag_v5, task_id=thrid_task, execution_date=20220103T000000, start_date=20220806T222320, end_date=20220806T222320
[2022-08-06 22:23:20,806] {local_task_job.py:156} INFO - Task exited with return code 0
[2022-08-06 22:23:20,857] {local_task_job.py:273} INFO - 0 downstream tasks scheduled from follow-on schedule check
