[2022-08-06 19:39:39,313] {taskinstance.py:1179} INFO - Dependencies all met for <TaskInstance: our_first_dag_v5.first_task scheduled__2022-07-23T00:00:00+00:00 [queued]>
[2022-08-06 19:39:39,331] {taskinstance.py:1179} INFO - Dependencies all met for <TaskInstance: our_first_dag_v5.first_task scheduled__2022-07-23T00:00:00+00:00 [queued]>
[2022-08-06 19:39:39,331] {taskinstance.py:1376} INFO - 
--------------------------------------------------------------------------------
[2022-08-06 19:39:39,331] {taskinstance.py:1377} INFO - Starting attempt 1 of 6
[2022-08-06 19:39:39,331] {taskinstance.py:1378} INFO - 
--------------------------------------------------------------------------------
[2022-08-06 19:39:39,356] {taskinstance.py:1397} INFO - Executing <Task(BashOperator): first_task> on 2022-07-23 00:00:00+00:00
[2022-08-06 19:39:39,364] {standard_task_runner.py:52} INFO - Started process 3463 to run task
[2022-08-06 19:39:39,375] {standard_task_runner.py:79} INFO - Running: ['***', 'tasks', 'run', 'our_first_dag_v5', 'first_task', 'scheduled__2022-07-23T00:00:00+00:00', '--job-id', '1073', '--raw', '--subdir', 'DAGS_FOLDER/pipeline.py', '--cfg-path', '/tmp/tmpgfsu25u8', '--error-file', '/tmp/tmpqfcawr2o']
[2022-08-06 19:39:39,376] {standard_task_runner.py:80} INFO - Job 1073: Subtask first_task
[2022-08-06 19:39:39,540] {task_command.py:371} INFO - Running <TaskInstance: our_first_dag_v5.first_task scheduled__2022-07-23T00:00:00+00:00 [running]> on host b29c168c1666
[2022-08-06 19:39:39,731] {taskinstance.py:1591} INFO - Exporting the following env vars:
AIRFLOW_CTX_DAG_OWNER=coder2j
AIRFLOW_CTX_DAG_ID=our_first_dag_v5
AIRFLOW_CTX_TASK_ID=first_task
AIRFLOW_CTX_EXECUTION_DATE=2022-07-23T00:00:00+00:00
AIRFLOW_CTX_TRY_NUMBER=1
AIRFLOW_CTX_DAG_RUN_ID=scheduled__2022-07-23T00:00:00+00:00
[2022-08-06 19:39:39,732] {subprocess.py:62} INFO - Tmp dir root location: 
 /tmp
[2022-08-06 19:39:39,732] {subprocess.py:74} INFO - Running command: ['bash', '-c', 'echo hello world, this is the first task!']
[2022-08-06 19:39:39,774] {subprocess.py:85} INFO - Output:
[2022-08-06 19:39:39,780] {subprocess.py:92} INFO - hello world, this is the first task!
[2022-08-06 19:39:39,781] {subprocess.py:96} INFO - Command exited with return code 0
[2022-08-06 19:39:39,889] {taskinstance.py:1420} INFO - Marking task as SUCCESS. dag_id=our_first_dag_v5, task_id=first_task, execution_date=20220723T000000, start_date=20220806T193939, end_date=20220806T193939
[2022-08-06 19:39:39,948] {local_task_job.py:156} INFO - Task exited with return code 0
[2022-08-06 19:39:40,026] {local_task_job.py:273} INFO - 2 downstream tasks scheduled from follow-on schedule check
[2022-08-06 21:53:32,028] {taskinstance.py:1179} INFO - Dependencies all met for <TaskInstance: our_first_dag_v5.first_task scheduled__2022-07-23T00:00:00+00:00 [queued]>
[2022-08-06 21:53:32,041] {taskinstance.py:1179} INFO - Dependencies all met for <TaskInstance: our_first_dag_v5.first_task scheduled__2022-07-23T00:00:00+00:00 [queued]>
[2022-08-06 21:53:32,041] {taskinstance.py:1376} INFO - 
--------------------------------------------------------------------------------
[2022-08-06 21:53:32,041] {taskinstance.py:1377} INFO - Starting attempt 1 of 6
[2022-08-06 21:53:32,041] {taskinstance.py:1378} INFO - 
--------------------------------------------------------------------------------
[2022-08-06 21:53:32,060] {taskinstance.py:1397} INFO - Executing <Task(BashOperator): first_task> on 2022-07-23 00:00:00+00:00
[2022-08-06 21:53:32,067] {standard_task_runner.py:52} INFO - Started process 3648 to run task
[2022-08-06 21:53:32,070] {standard_task_runner.py:79} INFO - Running: ['***', 'tasks', 'run', 'our_first_dag_v5', 'first_task', 'scheduled__2022-07-23T00:00:00+00:00', '--job-id', '1073', '--raw', '--subdir', 'DAGS_FOLDER/pipeline.py', '--cfg-path', '/tmp/tmp46yqousb', '--error-file', '/tmp/tmpx7ozydou']
[2022-08-06 21:53:32,071] {standard_task_runner.py:80} INFO - Job 1073: Subtask first_task
[2022-08-06 21:53:32,171] {task_command.py:371} INFO - Running <TaskInstance: our_first_dag_v5.first_task scheduled__2022-07-23T00:00:00+00:00 [running]> on host c3f731879890
[2022-08-06 21:53:32,257] {taskinstance.py:1591} INFO - Exporting the following env vars:
AIRFLOW_CTX_DAG_OWNER=coder2j
AIRFLOW_CTX_DAG_ID=our_first_dag_v5
AIRFLOW_CTX_TASK_ID=first_task
AIRFLOW_CTX_EXECUTION_DATE=2022-07-23T00:00:00+00:00
AIRFLOW_CTX_TRY_NUMBER=1
AIRFLOW_CTX_DAG_RUN_ID=scheduled__2022-07-23T00:00:00+00:00
[2022-08-06 21:53:32,257] {subprocess.py:62} INFO - Tmp dir root location: 
 /tmp
[2022-08-06 21:53:32,258] {subprocess.py:74} INFO - Running command: ['bash', '-c', 'echo hello world, this is the first task!']
[2022-08-06 21:53:32,271] {subprocess.py:85} INFO - Output:
[2022-08-06 21:53:32,272] {subprocess.py:92} INFO - hello world, this is the first task!
[2022-08-06 21:53:32,272] {subprocess.py:96} INFO - Command exited with return code 0
[2022-08-06 21:53:32,300] {taskinstance.py:1420} INFO - Marking task as SUCCESS. dag_id=our_first_dag_v5, task_id=first_task, execution_date=20220723T000000, start_date=20220806T215332, end_date=20220806T215332
[2022-08-06 21:53:32,324] {local_task_job.py:156} INFO - Task exited with return code 0
[2022-08-06 21:53:32,375] {local_task_job.py:273} INFO - 2 downstream tasks scheduled from follow-on schedule check
[2022-08-06 21:58:56,640] {taskinstance.py:1179} INFO - Dependencies all met for <TaskInstance: our_first_dag_v5.first_task scheduled__2022-07-23T00:00:00+00:00 [queued]>
[2022-08-06 21:58:56,651] {taskinstance.py:1179} INFO - Dependencies all met for <TaskInstance: our_first_dag_v5.first_task scheduled__2022-07-23T00:00:00+00:00 [queued]>
[2022-08-06 21:58:56,651] {taskinstance.py:1376} INFO - 
--------------------------------------------------------------------------------
[2022-08-06 21:58:56,651] {taskinstance.py:1377} INFO - Starting attempt 1 of 6
[2022-08-06 21:58:56,652] {taskinstance.py:1378} INFO - 
--------------------------------------------------------------------------------
[2022-08-06 21:58:56,666] {taskinstance.py:1397} INFO - Executing <Task(BashOperator): first_task> on 2022-07-23 00:00:00+00:00
[2022-08-06 21:58:56,672] {standard_task_runner.py:52} INFO - Started process 3463 to run task
[2022-08-06 21:58:56,675] {standard_task_runner.py:79} INFO - Running: ['***', 'tasks', 'run', 'our_first_dag_v5', 'first_task', 'scheduled__2022-07-23T00:00:00+00:00', '--job-id', '1075', '--raw', '--subdir', 'DAGS_FOLDER/pipeline.py', '--cfg-path', '/tmp/tmpg082tmoh', '--error-file', '/tmp/tmpdey7zgig']
[2022-08-06 21:58:56,675] {standard_task_runner.py:80} INFO - Job 1075: Subtask first_task
[2022-08-06 21:58:56,730] {task_command.py:371} INFO - Running <TaskInstance: our_first_dag_v5.first_task scheduled__2022-07-23T00:00:00+00:00 [running]> on host bc7e154a4fdd
[2022-08-06 21:58:56,807] {taskinstance.py:1591} INFO - Exporting the following env vars:
AIRFLOW_CTX_DAG_OWNER=coder2j
AIRFLOW_CTX_DAG_ID=our_first_dag_v5
AIRFLOW_CTX_TASK_ID=first_task
AIRFLOW_CTX_EXECUTION_DATE=2022-07-23T00:00:00+00:00
AIRFLOW_CTX_TRY_NUMBER=1
AIRFLOW_CTX_DAG_RUN_ID=scheduled__2022-07-23T00:00:00+00:00
[2022-08-06 21:58:56,808] {subprocess.py:62} INFO - Tmp dir root location: 
 /tmp
[2022-08-06 21:58:56,808] {subprocess.py:74} INFO - Running command: ['bash', '-c', 'echo hello world, this is the first task!']
[2022-08-06 21:58:56,822] {subprocess.py:85} INFO - Output:
[2022-08-06 21:58:56,823] {subprocess.py:92} INFO - hello world, this is the first task!
[2022-08-06 21:58:56,824] {subprocess.py:96} INFO - Command exited with return code 0
[2022-08-06 21:58:56,854] {taskinstance.py:1420} INFO - Marking task as SUCCESS. dag_id=our_first_dag_v5, task_id=first_task, execution_date=20220723T000000, start_date=20220806T215856, end_date=20220806T215856
[2022-08-06 21:58:56,886] {local_task_job.py:156} INFO - Task exited with return code 0
[2022-08-06 21:58:56,931] {local_task_job.py:273} INFO - 2 downstream tasks scheduled from follow-on schedule check
[2022-08-06 22:13:54,669] {taskinstance.py:1179} INFO - Dependencies all met for <TaskInstance: our_first_dag_v5.first_task scheduled__2022-07-23T00:00:00+00:00 [queued]>
[2022-08-06 22:13:54,685] {taskinstance.py:1179} INFO - Dependencies all met for <TaskInstance: our_first_dag_v5.first_task scheduled__2022-07-23T00:00:00+00:00 [queued]>
[2022-08-06 22:13:54,685] {taskinstance.py:1376} INFO - 
--------------------------------------------------------------------------------
[2022-08-06 22:13:54,685] {taskinstance.py:1377} INFO - Starting attempt 1 of 6
[2022-08-06 22:13:54,685] {taskinstance.py:1378} INFO - 
--------------------------------------------------------------------------------
[2022-08-06 22:13:54,703] {taskinstance.py:1397} INFO - Executing <Task(BashOperator): first_task> on 2022-07-23 00:00:00+00:00
[2022-08-06 22:13:54,711] {standard_task_runner.py:52} INFO - Started process 3448 to run task
[2022-08-06 22:13:54,714] {standard_task_runner.py:79} INFO - Running: ['***', 'tasks', 'run', 'our_first_dag_v5', 'first_task', 'scheduled__2022-07-23T00:00:00+00:00', '--job-id', '1073', '--raw', '--subdir', 'DAGS_FOLDER/pipeline.py', '--cfg-path', '/tmp/tmp4oyxjpc8', '--error-file', '/tmp/tmplri1kccp']
[2022-08-06 22:13:54,714] {standard_task_runner.py:80} INFO - Job 1073: Subtask first_task
[2022-08-06 22:13:54,794] {task_command.py:371} INFO - Running <TaskInstance: our_first_dag_v5.first_task scheduled__2022-07-23T00:00:00+00:00 [running]> on host 1250c3b659cd
[2022-08-06 22:13:54,918] {taskinstance.py:1591} INFO - Exporting the following env vars:
AIRFLOW_CTX_DAG_OWNER=coder2j
AIRFLOW_CTX_DAG_ID=our_first_dag_v5
AIRFLOW_CTX_TASK_ID=first_task
AIRFLOW_CTX_EXECUTION_DATE=2022-07-23T00:00:00+00:00
AIRFLOW_CTX_TRY_NUMBER=1
AIRFLOW_CTX_DAG_RUN_ID=scheduled__2022-07-23T00:00:00+00:00
[2022-08-06 22:13:54,919] {subprocess.py:62} INFO - Tmp dir root location: 
 /tmp
[2022-08-06 22:13:54,920] {subprocess.py:74} INFO - Running command: ['bash', '-c', 'echo hello world, this is the first task!']
[2022-08-06 22:13:54,937] {subprocess.py:85} INFO - Output:
[2022-08-06 22:13:54,939] {subprocess.py:92} INFO - hello world, this is the first task!
[2022-08-06 22:13:54,940] {subprocess.py:96} INFO - Command exited with return code 0
[2022-08-06 22:13:54,987] {taskinstance.py:1420} INFO - Marking task as SUCCESS. dag_id=our_first_dag_v5, task_id=first_task, execution_date=20220723T000000, start_date=20220806T221354, end_date=20220806T221354
[2022-08-06 22:13:55,045] {local_task_job.py:156} INFO - Task exited with return code 0
[2022-08-06 22:13:55,093] {local_task_job.py:273} INFO - 2 downstream tasks scheduled from follow-on schedule check
[2022-08-06 22:25:13,226] {taskinstance.py:1179} INFO - Dependencies all met for <TaskInstance: our_first_dag_v5.first_task scheduled__2022-07-23T00:00:00+00:00 [queued]>
[2022-08-06 22:25:13,235] {taskinstance.py:1179} INFO - Dependencies all met for <TaskInstance: our_first_dag_v5.first_task scheduled__2022-07-23T00:00:00+00:00 [queued]>
[2022-08-06 22:25:13,235] {taskinstance.py:1376} INFO - 
--------------------------------------------------------------------------------
[2022-08-06 22:25:13,235] {taskinstance.py:1377} INFO - Starting attempt 1 of 6
[2022-08-06 22:25:13,235] {taskinstance.py:1378} INFO - 
--------------------------------------------------------------------------------
[2022-08-06 22:25:13,247] {taskinstance.py:1397} INFO - Executing <Task(BashOperator): first_task> on 2022-07-23 00:00:00+00:00
[2022-08-06 22:25:13,252] {standard_task_runner.py:52} INFO - Started process 3521 to run task
[2022-08-06 22:25:13,254] {standard_task_runner.py:79} INFO - Running: ['***', 'tasks', 'run', 'our_first_dag_v5', 'first_task', 'scheduled__2022-07-23T00:00:00+00:00', '--job-id', '1080', '--raw', '--subdir', 'DAGS_FOLDER/pipeline.py', '--cfg-path', '/tmp/tmpdee9nd76', '--error-file', '/tmp/tmp8uq0xpqu']
[2022-08-06 22:25:13,254] {standard_task_runner.py:80} INFO - Job 1080: Subtask first_task
[2022-08-06 22:25:13,312] {task_command.py:371} INFO - Running <TaskInstance: our_first_dag_v5.first_task scheduled__2022-07-23T00:00:00+00:00 [running]> on host b215076695c3
[2022-08-06 22:25:13,390] {taskinstance.py:1591} INFO - Exporting the following env vars:
AIRFLOW_CTX_DAG_OWNER=coder2j
AIRFLOW_CTX_DAG_ID=our_first_dag_v5
AIRFLOW_CTX_TASK_ID=first_task
AIRFLOW_CTX_EXECUTION_DATE=2022-07-23T00:00:00+00:00
AIRFLOW_CTX_TRY_NUMBER=1
AIRFLOW_CTX_DAG_RUN_ID=scheduled__2022-07-23T00:00:00+00:00
[2022-08-06 22:25:13,391] {subprocess.py:62} INFO - Tmp dir root location: 
 /tmp
[2022-08-06 22:25:13,391] {subprocess.py:74} INFO - Running command: ['bash', '-c', 'echo hello world, this is the first task!']
[2022-08-06 22:25:13,404] {subprocess.py:85} INFO - Output:
[2022-08-06 22:25:13,406] {subprocess.py:92} INFO - hello world, this is the first task!
[2022-08-06 22:25:13,406] {subprocess.py:96} INFO - Command exited with return code 0
[2022-08-06 22:25:13,440] {taskinstance.py:1420} INFO - Marking task as SUCCESS. dag_id=our_first_dag_v5, task_id=first_task, execution_date=20220723T000000, start_date=20220806T222513, end_date=20220806T222513
[2022-08-06 22:25:13,466] {local_task_job.py:156} INFO - Task exited with return code 0
[2022-08-06 22:25:13,508] {local_task_job.py:273} INFO - 2 downstream tasks scheduled from follow-on schedule check
