[2022-08-06 19:37:50,611] {taskinstance.py:1179} INFO - Dependencies all met for <TaskInstance: our_first_dag_v5.second_task scheduled__2022-01-24T00:00:00+00:00 [queued]>
[2022-08-06 19:37:50,632] {taskinstance.py:1179} INFO - Dependencies all met for <TaskInstance: our_first_dag_v5.second_task scheduled__2022-01-24T00:00:00+00:00 [queued]>
[2022-08-06 19:37:50,632] {taskinstance.py:1376} INFO - 
--------------------------------------------------------------------------------
[2022-08-06 19:37:50,632] {taskinstance.py:1377} INFO - Starting attempt 1 of 6
[2022-08-06 19:37:50,632] {taskinstance.py:1378} INFO - 
--------------------------------------------------------------------------------
[2022-08-06 19:37:50,653] {taskinstance.py:1397} INFO - Executing <Task(BashOperator): second_task> on 2022-01-24 00:00:00+00:00
[2022-08-06 19:37:50,662] {standard_task_runner.py:52} INFO - Started process 1790 to run task
[2022-08-06 19:37:50,668] {standard_task_runner.py:79} INFO - Running: ['***', 'tasks', 'run', 'our_first_dag_v5', 'second_task', 'scheduled__2022-01-24T00:00:00+00:00', '--job-id', '539', '--raw', '--subdir', 'DAGS_FOLDER/pipeline.py', '--cfg-path', '/tmp/tmpp8klsfqm', '--error-file', '/tmp/tmpb5jw_64q']
[2022-08-06 19:37:50,668] {standard_task_runner.py:80} INFO - Job 539: Subtask second_task
[2022-08-06 19:37:50,759] {task_command.py:371} INFO - Running <TaskInstance: our_first_dag_v5.second_task scheduled__2022-01-24T00:00:00+00:00 [running]> on host b29c168c1666
[2022-08-06 19:37:50,920] {taskinstance.py:1591} INFO - Exporting the following env vars:
AIRFLOW_CTX_DAG_OWNER=coder2j
AIRFLOW_CTX_DAG_ID=our_first_dag_v5
AIRFLOW_CTX_TASK_ID=second_task
AIRFLOW_CTX_EXECUTION_DATE=2022-01-24T00:00:00+00:00
AIRFLOW_CTX_TRY_NUMBER=1
AIRFLOW_CTX_DAG_RUN_ID=scheduled__2022-01-24T00:00:00+00:00
[2022-08-06 19:37:50,921] {subprocess.py:62} INFO - Tmp dir root location: 
 /tmp
[2022-08-06 19:37:50,922] {subprocess.py:74} INFO - Running command: ['bash', '-c', 'echo hey, I am task2 and will be running after task1!']
[2022-08-06 19:37:50,936] {subprocess.py:85} INFO - Output:
[2022-08-06 19:37:50,938] {subprocess.py:92} INFO - hey, I am task2 and will be running after task1!
[2022-08-06 19:37:50,938] {subprocess.py:96} INFO - Command exited with return code 0
[2022-08-06 19:37:50,971] {taskinstance.py:1420} INFO - Marking task as SUCCESS. dag_id=our_first_dag_v5, task_id=second_task, execution_date=20220124T000000, start_date=20220806T193750, end_date=20220806T193750
[2022-08-06 19:37:50,998] {local_task_job.py:156} INFO - Task exited with return code 0
[2022-08-06 19:37:51,031] {local_task_job.py:273} INFO - 0 downstream tasks scheduled from follow-on schedule check
[2022-08-06 21:51:45,621] {taskinstance.py:1179} INFO - Dependencies all met for <TaskInstance: our_first_dag_v5.second_task scheduled__2022-01-24T00:00:00+00:00 [queued]>
[2022-08-06 21:51:45,632] {taskinstance.py:1179} INFO - Dependencies all met for <TaskInstance: our_first_dag_v5.second_task scheduled__2022-01-24T00:00:00+00:00 [queued]>
[2022-08-06 21:51:45,632] {taskinstance.py:1376} INFO - 
--------------------------------------------------------------------------------
[2022-08-06 21:51:45,632] {taskinstance.py:1377} INFO - Starting attempt 1 of 6
[2022-08-06 21:51:45,632] {taskinstance.py:1378} INFO - 
--------------------------------------------------------------------------------
[2022-08-06 21:51:45,648] {taskinstance.py:1397} INFO - Executing <Task(BashOperator): second_task> on 2022-01-24 00:00:00+00:00
[2022-08-06 21:51:45,654] {standard_task_runner.py:52} INFO - Started process 1979 to run task
[2022-08-06 21:51:45,657] {standard_task_runner.py:79} INFO - Running: ['***', 'tasks', 'run', 'our_first_dag_v5', 'second_task', 'scheduled__2022-01-24T00:00:00+00:00', '--job-id', '542', '--raw', '--subdir', 'DAGS_FOLDER/pipeline.py', '--cfg-path', '/tmp/tmps6uqkvi7', '--error-file', '/tmp/tmpxtdpl4io']
[2022-08-06 21:51:45,657] {standard_task_runner.py:80} INFO - Job 542: Subtask second_task
[2022-08-06 21:51:45,741] {task_command.py:371} INFO - Running <TaskInstance: our_first_dag_v5.second_task scheduled__2022-01-24T00:00:00+00:00 [running]> on host c3f731879890
[2022-08-06 21:51:45,834] {taskinstance.py:1591} INFO - Exporting the following env vars:
AIRFLOW_CTX_DAG_OWNER=coder2j
AIRFLOW_CTX_DAG_ID=our_first_dag_v5
AIRFLOW_CTX_TASK_ID=second_task
AIRFLOW_CTX_EXECUTION_DATE=2022-01-24T00:00:00+00:00
AIRFLOW_CTX_TRY_NUMBER=1
AIRFLOW_CTX_DAG_RUN_ID=scheduled__2022-01-24T00:00:00+00:00
[2022-08-06 21:51:45,835] {subprocess.py:62} INFO - Tmp dir root location: 
 /tmp
[2022-08-06 21:51:45,835] {subprocess.py:74} INFO - Running command: ['bash', '-c', 'echo hey, I am task2 and will be running after task1!']
[2022-08-06 21:51:45,852] {subprocess.py:85} INFO - Output:
[2022-08-06 21:51:45,854] {subprocess.py:92} INFO - hey, I am task2 and will be running after task1!
[2022-08-06 21:51:45,854] {subprocess.py:96} INFO - Command exited with return code 0
[2022-08-06 21:51:45,908] {taskinstance.py:1420} INFO - Marking task as SUCCESS. dag_id=our_first_dag_v5, task_id=second_task, execution_date=20220124T000000, start_date=20220806T215145, end_date=20220806T215145
[2022-08-06 21:51:45,950] {local_task_job.py:156} INFO - Task exited with return code 0
[2022-08-06 21:51:46,002] {local_task_job.py:273} INFO - 0 downstream tasks scheduled from follow-on schedule check
[2022-08-06 21:57:07,269] {taskinstance.py:1179} INFO - Dependencies all met for <TaskInstance: our_first_dag_v5.second_task scheduled__2022-01-24T00:00:00+00:00 [queued]>
[2022-08-06 21:57:07,278] {taskinstance.py:1179} INFO - Dependencies all met for <TaskInstance: our_first_dag_v5.second_task scheduled__2022-01-24T00:00:00+00:00 [queued]>
[2022-08-06 21:57:07,279] {taskinstance.py:1376} INFO - 
--------------------------------------------------------------------------------
[2022-08-06 21:57:07,279] {taskinstance.py:1377} INFO - Starting attempt 1 of 6
[2022-08-06 21:57:07,279] {taskinstance.py:1378} INFO - 
--------------------------------------------------------------------------------
[2022-08-06 21:57:07,290] {taskinstance.py:1397} INFO - Executing <Task(BashOperator): second_task> on 2022-01-24 00:00:00+00:00
[2022-08-06 21:57:07,295] {standard_task_runner.py:52} INFO - Started process 1769 to run task
[2022-08-06 21:57:07,297] {standard_task_runner.py:79} INFO - Running: ['***', 'tasks', 'run', 'our_first_dag_v5', 'second_task', 'scheduled__2022-01-24T00:00:00+00:00', '--job-id', '539', '--raw', '--subdir', 'DAGS_FOLDER/pipeline.py', '--cfg-path', '/tmp/tmpjb7__q8u', '--error-file', '/tmp/tmpvornkz59']
[2022-08-06 21:57:07,297] {standard_task_runner.py:80} INFO - Job 539: Subtask second_task
[2022-08-06 21:57:07,349] {task_command.py:371} INFO - Running <TaskInstance: our_first_dag_v5.second_task scheduled__2022-01-24T00:00:00+00:00 [running]> on host bc7e154a4fdd
[2022-08-06 21:57:07,422] {taskinstance.py:1591} INFO - Exporting the following env vars:
AIRFLOW_CTX_DAG_OWNER=coder2j
AIRFLOW_CTX_DAG_ID=our_first_dag_v5
AIRFLOW_CTX_TASK_ID=second_task
AIRFLOW_CTX_EXECUTION_DATE=2022-01-24T00:00:00+00:00
AIRFLOW_CTX_TRY_NUMBER=1
AIRFLOW_CTX_DAG_RUN_ID=scheduled__2022-01-24T00:00:00+00:00
[2022-08-06 21:57:07,422] {subprocess.py:62} INFO - Tmp dir root location: 
 /tmp
[2022-08-06 21:57:07,423] {subprocess.py:74} INFO - Running command: ['bash', '-c', 'echo hey, I am task2 and will be running after task1!']
[2022-08-06 21:57:07,433] {subprocess.py:85} INFO - Output:
[2022-08-06 21:57:07,435] {subprocess.py:92} INFO - hey, I am task2 and will be running after task1!
[2022-08-06 21:57:07,435] {subprocess.py:96} INFO - Command exited with return code 0
[2022-08-06 21:57:07,460] {taskinstance.py:1420} INFO - Marking task as SUCCESS. dag_id=our_first_dag_v5, task_id=second_task, execution_date=20220124T000000, start_date=20220806T215707, end_date=20220806T215707
[2022-08-06 21:57:07,508] {local_task_job.py:156} INFO - Task exited with return code 0
[2022-08-06 21:57:07,533] {local_task_job.py:273} INFO - 0 downstream tasks scheduled from follow-on schedule check
[2022-08-06 22:12:10,870] {taskinstance.py:1179} INFO - Dependencies all met for <TaskInstance: our_first_dag_v5.second_task scheduled__2022-01-24T00:00:00+00:00 [queued]>
[2022-08-06 22:12:10,887] {taskinstance.py:1179} INFO - Dependencies all met for <TaskInstance: our_first_dag_v5.second_task scheduled__2022-01-24T00:00:00+00:00 [queued]>
[2022-08-06 22:12:10,887] {taskinstance.py:1376} INFO - 
--------------------------------------------------------------------------------
[2022-08-06 22:12:10,887] {taskinstance.py:1377} INFO - Starting attempt 1 of 6
[2022-08-06 22:12:10,887] {taskinstance.py:1378} INFO - 
--------------------------------------------------------------------------------
[2022-08-06 22:12:10,909] {taskinstance.py:1397} INFO - Executing <Task(BashOperator): second_task> on 2022-01-24 00:00:00+00:00
[2022-08-06 22:12:10,917] {standard_task_runner.py:52} INFO - Started process 1779 to run task
[2022-08-06 22:12:10,920] {standard_task_runner.py:79} INFO - Running: ['***', 'tasks', 'run', 'our_first_dag_v5', 'second_task', 'scheduled__2022-01-24T00:00:00+00:00', '--job-id', '541', '--raw', '--subdir', 'DAGS_FOLDER/pipeline.py', '--cfg-path', '/tmp/tmp4sitlxlr', '--error-file', '/tmp/tmpkum4ntxq']
[2022-08-06 22:12:10,921] {standard_task_runner.py:80} INFO - Job 541: Subtask second_task
[2022-08-06 22:12:10,994] {task_command.py:371} INFO - Running <TaskInstance: our_first_dag_v5.second_task scheduled__2022-01-24T00:00:00+00:00 [running]> on host 1250c3b659cd
[2022-08-06 22:12:11,114] {taskinstance.py:1591} INFO - Exporting the following env vars:
AIRFLOW_CTX_DAG_OWNER=coder2j
AIRFLOW_CTX_DAG_ID=our_first_dag_v5
AIRFLOW_CTX_TASK_ID=second_task
AIRFLOW_CTX_EXECUTION_DATE=2022-01-24T00:00:00+00:00
AIRFLOW_CTX_TRY_NUMBER=1
AIRFLOW_CTX_DAG_RUN_ID=scheduled__2022-01-24T00:00:00+00:00
[2022-08-06 22:12:11,115] {subprocess.py:62} INFO - Tmp dir root location: 
 /tmp
[2022-08-06 22:12:11,115] {subprocess.py:74} INFO - Running command: ['bash', '-c', 'echo hey, I am task2 and will be running after task1!']
[2022-08-06 22:12:11,130] {subprocess.py:85} INFO - Output:
[2022-08-06 22:12:11,132] {subprocess.py:92} INFO - hey, I am task2 and will be running after task1!
[2022-08-06 22:12:11,132] {subprocess.py:96} INFO - Command exited with return code 0
[2022-08-06 22:12:11,169] {taskinstance.py:1420} INFO - Marking task as SUCCESS. dag_id=our_first_dag_v5, task_id=second_task, execution_date=20220124T000000, start_date=20220806T221210, end_date=20220806T221211
[2022-08-06 22:12:11,212] {local_task_job.py:156} INFO - Task exited with return code 0
[2022-08-06 22:12:11,270] {local_task_job.py:273} INFO - 0 downstream tasks scheduled from follow-on schedule check
[2022-08-06 22:23:30,065] {taskinstance.py:1179} INFO - Dependencies all met for <TaskInstance: our_first_dag_v5.second_task scheduled__2022-01-24T00:00:00+00:00 [queued]>
[2022-08-06 22:23:30,080] {taskinstance.py:1179} INFO - Dependencies all met for <TaskInstance: our_first_dag_v5.second_task scheduled__2022-01-24T00:00:00+00:00 [queued]>
[2022-08-06 22:23:30,080] {taskinstance.py:1376} INFO - 
--------------------------------------------------------------------------------
[2022-08-06 22:23:30,080] {taskinstance.py:1377} INFO - Starting attempt 1 of 6
[2022-08-06 22:23:30,080] {taskinstance.py:1378} INFO - 
--------------------------------------------------------------------------------
[2022-08-06 22:23:30,100] {taskinstance.py:1397} INFO - Executing <Task(BashOperator): second_task> on 2022-01-24 00:00:00+00:00
[2022-08-06 22:23:30,107] {standard_task_runner.py:52} INFO - Started process 1836 to run task
[2022-08-06 22:23:30,109] {standard_task_runner.py:79} INFO - Running: ['***', 'tasks', 'run', 'our_first_dag_v5', 'second_task', 'scheduled__2022-01-24T00:00:00+00:00', '--job-id', '543', '--raw', '--subdir', 'DAGS_FOLDER/pipeline.py', '--cfg-path', '/tmp/tmpx00un0z3', '--error-file', '/tmp/tmpk3v1p511']
[2022-08-06 22:23:30,110] {standard_task_runner.py:80} INFO - Job 543: Subtask second_task
[2022-08-06 22:23:30,180] {task_command.py:371} INFO - Running <TaskInstance: our_first_dag_v5.second_task scheduled__2022-01-24T00:00:00+00:00 [running]> on host b215076695c3
[2022-08-06 22:23:30,259] {taskinstance.py:1591} INFO - Exporting the following env vars:
AIRFLOW_CTX_DAG_OWNER=coder2j
AIRFLOW_CTX_DAG_ID=our_first_dag_v5
AIRFLOW_CTX_TASK_ID=second_task
AIRFLOW_CTX_EXECUTION_DATE=2022-01-24T00:00:00+00:00
AIRFLOW_CTX_TRY_NUMBER=1
AIRFLOW_CTX_DAG_RUN_ID=scheduled__2022-01-24T00:00:00+00:00
[2022-08-06 22:23:30,260] {subprocess.py:62} INFO - Tmp dir root location: 
 /tmp
[2022-08-06 22:23:30,261] {subprocess.py:74} INFO - Running command: ['bash', '-c', 'echo hey, I am task2 and will be running after task1!']
[2022-08-06 22:23:30,272] {subprocess.py:85} INFO - Output:
[2022-08-06 22:23:30,274] {subprocess.py:92} INFO - hey, I am task2 and will be running after task1!
[2022-08-06 22:23:30,274] {subprocess.py:96} INFO - Command exited with return code 0
[2022-08-06 22:23:30,303] {taskinstance.py:1420} INFO - Marking task as SUCCESS. dag_id=our_first_dag_v5, task_id=second_task, execution_date=20220124T000000, start_date=20220806T222330, end_date=20220806T222330
[2022-08-06 22:23:30,321] {local_task_job.py:156} INFO - Task exited with return code 0
[2022-08-06 22:23:30,357] {local_task_job.py:273} INFO - 0 downstream tasks scheduled from follow-on schedule check
