[2022-08-06 19:38:51,604] {taskinstance.py:1179} INFO - Dependencies all met for <TaskInstance: our_first_dag_v5.second_task scheduled__2022-05-05T00:00:00+00:00 [queued]>
[2022-08-06 19:38:51,618] {taskinstance.py:1179} INFO - Dependencies all met for <TaskInstance: our_first_dag_v5.second_task scheduled__2022-05-05T00:00:00+00:00 [queued]>
[2022-08-06 19:38:51,618] {taskinstance.py:1376} INFO - 
--------------------------------------------------------------------------------
[2022-08-06 19:38:51,618] {taskinstance.py:1377} INFO - Starting attempt 1 of 6
[2022-08-06 19:38:51,618] {taskinstance.py:1378} INFO - 
--------------------------------------------------------------------------------
[2022-08-06 19:38:51,642] {taskinstance.py:1397} INFO - Executing <Task(BashOperator): second_task> on 2022-05-05 00:00:00+00:00
[2022-08-06 19:38:51,649] {standard_task_runner.py:52} INFO - Started process 2742 to run task
[2022-08-06 19:38:51,655] {standard_task_runner.py:79} INFO - Running: ['***', 'tasks', 'run', 'our_first_dag_v5', 'second_task', 'scheduled__2022-05-05T00:00:00+00:00', '--job-id', '843', '--raw', '--subdir', 'DAGS_FOLDER/pipeline.py', '--cfg-path', '/tmp/tmpnotkg0td', '--error-file', '/tmp/tmp4ya_kw2y']
[2022-08-06 19:38:51,656] {standard_task_runner.py:80} INFO - Job 843: Subtask second_task
[2022-08-06 19:38:51,753] {task_command.py:371} INFO - Running <TaskInstance: our_first_dag_v5.second_task scheduled__2022-05-05T00:00:00+00:00 [running]> on host b29c168c1666
[2022-08-06 19:38:51,861] {taskinstance.py:1591} INFO - Exporting the following env vars:
AIRFLOW_CTX_DAG_OWNER=coder2j
AIRFLOW_CTX_DAG_ID=our_first_dag_v5
AIRFLOW_CTX_TASK_ID=second_task
AIRFLOW_CTX_EXECUTION_DATE=2022-05-05T00:00:00+00:00
AIRFLOW_CTX_TRY_NUMBER=1
AIRFLOW_CTX_DAG_RUN_ID=scheduled__2022-05-05T00:00:00+00:00
[2022-08-06 19:38:51,862] {subprocess.py:62} INFO - Tmp dir root location: 
 /tmp
[2022-08-06 19:38:51,862] {subprocess.py:74} INFO - Running command: ['bash', '-c', 'echo hey, I am task2 and will be running after task1!']
[2022-08-06 19:38:51,878] {subprocess.py:85} INFO - Output:
[2022-08-06 19:38:51,880] {subprocess.py:92} INFO - hey, I am task2 and will be running after task1!
[2022-08-06 19:38:51,880] {subprocess.py:96} INFO - Command exited with return code 0
[2022-08-06 19:38:51,917] {taskinstance.py:1420} INFO - Marking task as SUCCESS. dag_id=our_first_dag_v5, task_id=second_task, execution_date=20220505T000000, start_date=20220806T193851, end_date=20220806T193851
[2022-08-06 19:38:51,944] {local_task_job.py:156} INFO - Task exited with return code 0
[2022-08-06 19:38:51,987] {local_task_job.py:273} INFO - 0 downstream tasks scheduled from follow-on schedule check
[2022-08-06 21:52:43,140] {taskinstance.py:1179} INFO - Dependencies all met for <TaskInstance: our_first_dag_v5.second_task scheduled__2022-05-05T00:00:00+00:00 [queued]>
[2022-08-06 21:52:43,153] {taskinstance.py:1179} INFO - Dependencies all met for <TaskInstance: our_first_dag_v5.second_task scheduled__2022-05-05T00:00:00+00:00 [queued]>
[2022-08-06 21:52:43,153] {taskinstance.py:1376} INFO - 
--------------------------------------------------------------------------------
[2022-08-06 21:52:43,154] {taskinstance.py:1377} INFO - Starting attempt 1 of 6
[2022-08-06 21:52:43,154] {taskinstance.py:1378} INFO - 
--------------------------------------------------------------------------------
[2022-08-06 21:52:43,170] {taskinstance.py:1397} INFO - Executing <Task(BashOperator): second_task> on 2022-05-05 00:00:00+00:00
[2022-08-06 21:52:43,178] {standard_task_runner.py:52} INFO - Started process 2929 to run task
[2022-08-06 21:52:43,180] {standard_task_runner.py:79} INFO - Running: ['***', 'tasks', 'run', 'our_first_dag_v5', 'second_task', 'scheduled__2022-05-05T00:00:00+00:00', '--job-id', '843', '--raw', '--subdir', 'DAGS_FOLDER/pipeline.py', '--cfg-path', '/tmp/tmpjd2vrwv7', '--error-file', '/tmp/tmp3xb8jkyh']
[2022-08-06 21:52:43,181] {standard_task_runner.py:80} INFO - Job 843: Subtask second_task
[2022-08-06 21:52:43,252] {task_command.py:371} INFO - Running <TaskInstance: our_first_dag_v5.second_task scheduled__2022-05-05T00:00:00+00:00 [running]> on host c3f731879890
[2022-08-06 21:52:43,335] {taskinstance.py:1591} INFO - Exporting the following env vars:
AIRFLOW_CTX_DAG_OWNER=coder2j
AIRFLOW_CTX_DAG_ID=our_first_dag_v5
AIRFLOW_CTX_TASK_ID=second_task
AIRFLOW_CTX_EXECUTION_DATE=2022-05-05T00:00:00+00:00
AIRFLOW_CTX_TRY_NUMBER=1
AIRFLOW_CTX_DAG_RUN_ID=scheduled__2022-05-05T00:00:00+00:00
[2022-08-06 21:52:43,336] {subprocess.py:62} INFO - Tmp dir root location: 
 /tmp
[2022-08-06 21:52:43,336] {subprocess.py:74} INFO - Running command: ['bash', '-c', 'echo hey, I am task2 and will be running after task1!']
[2022-08-06 21:52:43,353] {subprocess.py:85} INFO - Output:
[2022-08-06 21:52:43,355] {subprocess.py:92} INFO - hey, I am task2 and will be running after task1!
[2022-08-06 21:52:43,356] {subprocess.py:96} INFO - Command exited with return code 0
[2022-08-06 21:52:43,391] {taskinstance.py:1420} INFO - Marking task as SUCCESS. dag_id=our_first_dag_v5, task_id=second_task, execution_date=20220505T000000, start_date=20220806T215243, end_date=20220806T215243
[2022-08-06 21:52:43,432] {local_task_job.py:156} INFO - Task exited with return code 0
[2022-08-06 21:52:43,471] {local_task_job.py:273} INFO - 0 downstream tasks scheduled from follow-on schedule check
[2022-08-06 21:58:10,112] {taskinstance.py:1179} INFO - Dependencies all met for <TaskInstance: our_first_dag_v5.second_task scheduled__2022-05-05T00:00:00+00:00 [queued]>
[2022-08-06 21:58:10,130] {taskinstance.py:1179} INFO - Dependencies all met for <TaskInstance: our_first_dag_v5.second_task scheduled__2022-05-05T00:00:00+00:00 [queued]>
[2022-08-06 21:58:10,130] {taskinstance.py:1376} INFO - 
--------------------------------------------------------------------------------
[2022-08-06 21:58:10,130] {taskinstance.py:1377} INFO - Starting attempt 1 of 6
[2022-08-06 21:58:10,130] {taskinstance.py:1378} INFO - 
--------------------------------------------------------------------------------
[2022-08-06 21:58:10,152] {taskinstance.py:1397} INFO - Executing <Task(BashOperator): second_task> on 2022-05-05 00:00:00+00:00
[2022-08-06 21:58:10,160] {standard_task_runner.py:52} INFO - Started process 2738 to run task
[2022-08-06 21:58:10,163] {standard_task_runner.py:79} INFO - Running: ['***', 'tasks', 'run', 'our_first_dag_v5', 'second_task', 'scheduled__2022-05-05T00:00:00+00:00', '--job-id', '844', '--raw', '--subdir', 'DAGS_FOLDER/pipeline.py', '--cfg-path', '/tmp/tmprsz_hzvx', '--error-file', '/tmp/tmpa6v9iy8g']
[2022-08-06 21:58:10,163] {standard_task_runner.py:80} INFO - Job 844: Subtask second_task
[2022-08-06 21:58:10,264] {task_command.py:371} INFO - Running <TaskInstance: our_first_dag_v5.second_task scheduled__2022-05-05T00:00:00+00:00 [running]> on host bc7e154a4fdd
[2022-08-06 21:58:10,392] {taskinstance.py:1591} INFO - Exporting the following env vars:
AIRFLOW_CTX_DAG_OWNER=coder2j
AIRFLOW_CTX_DAG_ID=our_first_dag_v5
AIRFLOW_CTX_TASK_ID=second_task
AIRFLOW_CTX_EXECUTION_DATE=2022-05-05T00:00:00+00:00
AIRFLOW_CTX_TRY_NUMBER=1
AIRFLOW_CTX_DAG_RUN_ID=scheduled__2022-05-05T00:00:00+00:00
[2022-08-06 21:58:10,393] {subprocess.py:62} INFO - Tmp dir root location: 
 /tmp
[2022-08-06 21:58:10,394] {subprocess.py:74} INFO - Running command: ['bash', '-c', 'echo hey, I am task2 and will be running after task1!']
[2022-08-06 21:58:10,412] {subprocess.py:85} INFO - Output:
[2022-08-06 21:58:10,415] {subprocess.py:92} INFO - hey, I am task2 and will be running after task1!
[2022-08-06 21:58:10,415] {subprocess.py:96} INFO - Command exited with return code 0
[2022-08-06 21:58:10,463] {taskinstance.py:1420} INFO - Marking task as SUCCESS. dag_id=our_first_dag_v5, task_id=second_task, execution_date=20220505T000000, start_date=20220806T215810, end_date=20220806T215810
[2022-08-06 21:58:10,497] {local_task_job.py:156} INFO - Task exited with return code 0
[2022-08-06 21:58:10,610] {local_task_job.py:273} INFO - 0 downstream tasks scheduled from follow-on schedule check
[2022-08-06 22:13:09,900] {taskinstance.py:1179} INFO - Dependencies all met for <TaskInstance: our_first_dag_v5.second_task scheduled__2022-05-05T00:00:00+00:00 [queued]>
[2022-08-06 22:13:09,913] {taskinstance.py:1179} INFO - Dependencies all met for <TaskInstance: our_first_dag_v5.second_task scheduled__2022-05-05T00:00:00+00:00 [queued]>
[2022-08-06 22:13:09,914] {taskinstance.py:1376} INFO - 
--------------------------------------------------------------------------------
[2022-08-06 22:13:09,914] {taskinstance.py:1377} INFO - Starting attempt 1 of 6
[2022-08-06 22:13:09,914] {taskinstance.py:1378} INFO - 
--------------------------------------------------------------------------------
[2022-08-06 22:13:09,930] {taskinstance.py:1397} INFO - Executing <Task(BashOperator): second_task> on 2022-05-05 00:00:00+00:00
[2022-08-06 22:13:09,937] {standard_task_runner.py:52} INFO - Started process 2731 to run task
[2022-08-06 22:13:09,940] {standard_task_runner.py:79} INFO - Running: ['***', 'tasks', 'run', 'our_first_dag_v5', 'second_task', 'scheduled__2022-05-05T00:00:00+00:00', '--job-id', '844', '--raw', '--subdir', 'DAGS_FOLDER/pipeline.py', '--cfg-path', '/tmp/tmp_o8boqd0', '--error-file', '/tmp/tmpywymj_pw']
[2022-08-06 22:13:09,940] {standard_task_runner.py:80} INFO - Job 844: Subtask second_task
[2022-08-06 22:13:10,036] {task_command.py:371} INFO - Running <TaskInstance: our_first_dag_v5.second_task scheduled__2022-05-05T00:00:00+00:00 [running]> on host 1250c3b659cd
[2022-08-06 22:13:10,127] {taskinstance.py:1591} INFO - Exporting the following env vars:
AIRFLOW_CTX_DAG_OWNER=coder2j
AIRFLOW_CTX_DAG_ID=our_first_dag_v5
AIRFLOW_CTX_TASK_ID=second_task
AIRFLOW_CTX_EXECUTION_DATE=2022-05-05T00:00:00+00:00
AIRFLOW_CTX_TRY_NUMBER=1
AIRFLOW_CTX_DAG_RUN_ID=scheduled__2022-05-05T00:00:00+00:00
[2022-08-06 22:13:10,127] {subprocess.py:62} INFO - Tmp dir root location: 
 /tmp
[2022-08-06 22:13:10,128] {subprocess.py:74} INFO - Running command: ['bash', '-c', 'echo hey, I am task2 and will be running after task1!']
[2022-08-06 22:13:10,143] {subprocess.py:85} INFO - Output:
[2022-08-06 22:13:10,145] {subprocess.py:92} INFO - hey, I am task2 and will be running after task1!
[2022-08-06 22:13:10,145] {subprocess.py:96} INFO - Command exited with return code 0
[2022-08-06 22:13:10,193] {taskinstance.py:1420} INFO - Marking task as SUCCESS. dag_id=our_first_dag_v5, task_id=second_task, execution_date=20220505T000000, start_date=20220806T221309, end_date=20220806T221310
[2022-08-06 22:13:10,234] {local_task_job.py:156} INFO - Task exited with return code 0
[2022-08-06 22:13:10,278] {local_task_job.py:273} INFO - 0 downstream tasks scheduled from follow-on schedule check
[2022-08-06 22:24:26,451] {taskinstance.py:1179} INFO - Dependencies all met for <TaskInstance: our_first_dag_v5.second_task scheduled__2022-05-05T00:00:00+00:00 [queued]>
[2022-08-06 22:24:26,463] {taskinstance.py:1179} INFO - Dependencies all met for <TaskInstance: our_first_dag_v5.second_task scheduled__2022-05-05T00:00:00+00:00 [queued]>
[2022-08-06 22:24:26,463] {taskinstance.py:1376} INFO - 
--------------------------------------------------------------------------------
[2022-08-06 22:24:26,463] {taskinstance.py:1377} INFO - Starting attempt 1 of 6
[2022-08-06 22:24:26,463] {taskinstance.py:1378} INFO - 
--------------------------------------------------------------------------------
[2022-08-06 22:24:26,478] {taskinstance.py:1397} INFO - Executing <Task(BashOperator): second_task> on 2022-05-05 00:00:00+00:00
[2022-08-06 22:24:26,484] {standard_task_runner.py:52} INFO - Started process 2778 to run task
[2022-08-06 22:24:26,486] {standard_task_runner.py:79} INFO - Running: ['***', 'tasks', 'run', 'our_first_dag_v5', 'second_task', 'scheduled__2022-05-05T00:00:00+00:00', '--job-id', '845', '--raw', '--subdir', 'DAGS_FOLDER/pipeline.py', '--cfg-path', '/tmp/tmp3ejm1hwk', '--error-file', '/tmp/tmprvrnnotg']
[2022-08-06 22:24:26,487] {standard_task_runner.py:80} INFO - Job 845: Subtask second_task
[2022-08-06 22:24:26,541] {task_command.py:371} INFO - Running <TaskInstance: our_first_dag_v5.second_task scheduled__2022-05-05T00:00:00+00:00 [running]> on host b215076695c3
[2022-08-06 22:24:26,645] {taskinstance.py:1591} INFO - Exporting the following env vars:
AIRFLOW_CTX_DAG_OWNER=coder2j
AIRFLOW_CTX_DAG_ID=our_first_dag_v5
AIRFLOW_CTX_TASK_ID=second_task
AIRFLOW_CTX_EXECUTION_DATE=2022-05-05T00:00:00+00:00
AIRFLOW_CTX_TRY_NUMBER=1
AIRFLOW_CTX_DAG_RUN_ID=scheduled__2022-05-05T00:00:00+00:00
[2022-08-06 22:24:26,645] {subprocess.py:62} INFO - Tmp dir root location: 
 /tmp
[2022-08-06 22:24:26,646] {subprocess.py:74} INFO - Running command: ['bash', '-c', 'echo hey, I am task2 and will be running after task1!']
[2022-08-06 22:24:26,658] {subprocess.py:85} INFO - Output:
[2022-08-06 22:24:26,660] {subprocess.py:92} INFO - hey, I am task2 and will be running after task1!
[2022-08-06 22:24:26,660] {subprocess.py:96} INFO - Command exited with return code 0
[2022-08-06 22:24:26,687] {taskinstance.py:1420} INFO - Marking task as SUCCESS. dag_id=our_first_dag_v5, task_id=second_task, execution_date=20220505T000000, start_date=20220806T222426, end_date=20220806T222426
[2022-08-06 22:24:26,738] {local_task_job.py:156} INFO - Task exited with return code 0
[2022-08-06 22:24:26,771] {local_task_job.py:273} INFO - 0 downstream tasks scheduled from follow-on schedule check
