[2022-08-06 19:36:15,913] {taskinstance.py:1179} INFO - Dependencies all met for <TaskInstance: our_first_dag_v5.first_task scheduled__2021-08-26T00:00:00+00:00 [queued]>
[2022-08-06 19:36:15,925] {taskinstance.py:1179} INFO - Dependencies all met for <TaskInstance: our_first_dag_v5.first_task scheduled__2021-08-26T00:00:00+00:00 [queued]>
[2022-08-06 19:36:15,925] {taskinstance.py:1376} INFO - 
--------------------------------------------------------------------------------
[2022-08-06 19:36:15,925] {taskinstance.py:1377} INFO - Starting attempt 1 of 6
[2022-08-06 19:36:15,925] {taskinstance.py:1378} INFO - 
--------------------------------------------------------------------------------
[2022-08-06 19:36:15,941] {taskinstance.py:1397} INFO - Executing <Task(BashOperator): first_task> on 2021-08-26 00:00:00+00:00
[2022-08-06 19:36:15,947] {standard_task_runner.py:52} INFO - Started process 340 to run task
[2022-08-06 19:36:15,949] {standard_task_runner.py:79} INFO - Running: ['***', 'tasks', 'run', 'our_first_dag_v5', 'first_task', 'scheduled__2021-08-26T00:00:00+00:00', '--job-id', '80', '--raw', '--subdir', 'DAGS_FOLDER/pipeline.py', '--cfg-path', '/tmp/tmp5ydtbr76', '--error-file', '/tmp/tmpmq2w0sed']
[2022-08-06 19:36:15,949] {standard_task_runner.py:80} INFO - Job 80: Subtask first_task
[2022-08-06 19:36:16,017] {task_command.py:371} INFO - Running <TaskInstance: our_first_dag_v5.first_task scheduled__2021-08-26T00:00:00+00:00 [running]> on host b29c168c1666
[2022-08-06 19:36:16,111] {taskinstance.py:1591} INFO - Exporting the following env vars:
AIRFLOW_CTX_DAG_OWNER=coder2j
AIRFLOW_CTX_DAG_ID=our_first_dag_v5
AIRFLOW_CTX_TASK_ID=first_task
AIRFLOW_CTX_EXECUTION_DATE=2021-08-26T00:00:00+00:00
AIRFLOW_CTX_TRY_NUMBER=1
AIRFLOW_CTX_DAG_RUN_ID=scheduled__2021-08-26T00:00:00+00:00
[2022-08-06 19:36:16,113] {subprocess.py:62} INFO - Tmp dir root location: 
 /tmp
[2022-08-06 19:36:16,113] {subprocess.py:74} INFO - Running command: ['bash', '-c', 'echo hello world, this is the first task!']
[2022-08-06 19:36:16,128] {subprocess.py:85} INFO - Output:
[2022-08-06 19:36:16,130] {subprocess.py:92} INFO - hello world, this is the first task!
[2022-08-06 19:36:16,130] {subprocess.py:96} INFO - Command exited with return code 0
[2022-08-06 19:36:16,168] {taskinstance.py:1420} INFO - Marking task as SUCCESS. dag_id=our_first_dag_v5, task_id=first_task, execution_date=20210826T000000, start_date=20220806T193615, end_date=20220806T193616
[2022-08-06 19:36:16,201] {local_task_job.py:156} INFO - Task exited with return code 0
[2022-08-06 19:36:16,273] {local_task_job.py:273} INFO - 0 downstream tasks scheduled from follow-on schedule check
[2022-08-06 21:50:10,222] {taskinstance.py:1179} INFO - Dependencies all met for <TaskInstance: our_first_dag_v5.first_task scheduled__2021-08-26T00:00:00+00:00 [queued]>
[2022-08-06 21:50:10,233] {taskinstance.py:1179} INFO - Dependencies all met for <TaskInstance: our_first_dag_v5.first_task scheduled__2021-08-26T00:00:00+00:00 [queued]>
[2022-08-06 21:50:10,233] {taskinstance.py:1376} INFO - 
--------------------------------------------------------------------------------
[2022-08-06 21:50:10,233] {taskinstance.py:1377} INFO - Starting attempt 1 of 6
[2022-08-06 21:50:10,233] {taskinstance.py:1378} INFO - 
--------------------------------------------------------------------------------
[2022-08-06 21:50:10,249] {taskinstance.py:1397} INFO - Executing <Task(BashOperator): first_task> on 2021-08-26 00:00:00+00:00
[2022-08-06 21:50:10,255] {standard_task_runner.py:52} INFO - Started process 522 to run task
[2022-08-06 21:50:10,257] {standard_task_runner.py:79} INFO - Running: ['***', 'tasks', 'run', 'our_first_dag_v5', 'first_task', 'scheduled__2021-08-26T00:00:00+00:00', '--job-id', '80', '--raw', '--subdir', 'DAGS_FOLDER/pipeline.py', '--cfg-path', '/tmp/tmp6tjteo0_', '--error-file', '/tmp/tmp_b12dnnu']
[2022-08-06 21:50:10,257] {standard_task_runner.py:80} INFO - Job 80: Subtask first_task
[2022-08-06 21:50:10,320] {task_command.py:371} INFO - Running <TaskInstance: our_first_dag_v5.first_task scheduled__2021-08-26T00:00:00+00:00 [running]> on host c3f731879890
[2022-08-06 21:50:10,404] {taskinstance.py:1591} INFO - Exporting the following env vars:
AIRFLOW_CTX_DAG_OWNER=coder2j
AIRFLOW_CTX_DAG_ID=our_first_dag_v5
AIRFLOW_CTX_TASK_ID=first_task
AIRFLOW_CTX_EXECUTION_DATE=2021-08-26T00:00:00+00:00
AIRFLOW_CTX_TRY_NUMBER=1
AIRFLOW_CTX_DAG_RUN_ID=scheduled__2021-08-26T00:00:00+00:00
[2022-08-06 21:50:10,405] {subprocess.py:62} INFO - Tmp dir root location: 
 /tmp
[2022-08-06 21:50:10,406] {subprocess.py:74} INFO - Running command: ['bash', '-c', 'echo hello world, this is the first task!']
[2022-08-06 21:50:10,419] {subprocess.py:85} INFO - Output:
[2022-08-06 21:50:10,420] {subprocess.py:92} INFO - hello world, this is the first task!
[2022-08-06 21:50:10,421] {subprocess.py:96} INFO - Command exited with return code 0
[2022-08-06 21:50:10,451] {taskinstance.py:1420} INFO - Marking task as SUCCESS. dag_id=our_first_dag_v5, task_id=first_task, execution_date=20210826T000000, start_date=20220806T215010, end_date=20220806T215010
[2022-08-06 21:50:10,509] {local_task_job.py:156} INFO - Task exited with return code 0
[2022-08-06 21:50:10,554] {local_task_job.py:273} INFO - 2 downstream tasks scheduled from follow-on schedule check
[2022-08-06 21:55:41,262] {taskinstance.py:1179} INFO - Dependencies all met for <TaskInstance: our_first_dag_v5.first_task scheduled__2021-08-26T00:00:00+00:00 [queued]>
[2022-08-06 21:55:41,274] {taskinstance.py:1179} INFO - Dependencies all met for <TaskInstance: our_first_dag_v5.first_task scheduled__2021-08-26T00:00:00+00:00 [queued]>
[2022-08-06 21:55:41,274] {taskinstance.py:1376} INFO - 
--------------------------------------------------------------------------------
[2022-08-06 21:55:41,274] {taskinstance.py:1377} INFO - Starting attempt 1 of 6
[2022-08-06 21:55:41,274] {taskinstance.py:1378} INFO - 
--------------------------------------------------------------------------------
[2022-08-06 21:55:41,289] {taskinstance.py:1397} INFO - Executing <Task(BashOperator): first_task> on 2021-08-26 00:00:00+00:00
[2022-08-06 21:55:41,294] {standard_task_runner.py:52} INFO - Started process 329 to run task
[2022-08-06 21:55:41,297] {standard_task_runner.py:79} INFO - Running: ['***', 'tasks', 'run', 'our_first_dag_v5', 'first_task', 'scheduled__2021-08-26T00:00:00+00:00', '--job-id', '82', '--raw', '--subdir', 'DAGS_FOLDER/pipeline.py', '--cfg-path', '/tmp/tmp6gwnmziw', '--error-file', '/tmp/tmp9evzwbg7']
[2022-08-06 21:55:41,297] {standard_task_runner.py:80} INFO - Job 82: Subtask first_task
[2022-08-06 21:55:41,359] {task_command.py:371} INFO - Running <TaskInstance: our_first_dag_v5.first_task scheduled__2021-08-26T00:00:00+00:00 [running]> on host bc7e154a4fdd
[2022-08-06 21:55:41,446] {taskinstance.py:1591} INFO - Exporting the following env vars:
AIRFLOW_CTX_DAG_OWNER=coder2j
AIRFLOW_CTX_DAG_ID=our_first_dag_v5
AIRFLOW_CTX_TASK_ID=first_task
AIRFLOW_CTX_EXECUTION_DATE=2021-08-26T00:00:00+00:00
AIRFLOW_CTX_TRY_NUMBER=1
AIRFLOW_CTX_DAG_RUN_ID=scheduled__2021-08-26T00:00:00+00:00
[2022-08-06 21:55:41,447] {subprocess.py:62} INFO - Tmp dir root location: 
 /tmp
[2022-08-06 21:55:41,448] {subprocess.py:74} INFO - Running command: ['bash', '-c', 'echo hello world, this is the first task!']
[2022-08-06 21:55:41,460] {subprocess.py:85} INFO - Output:
[2022-08-06 21:55:41,461] {subprocess.py:92} INFO - hello world, this is the first task!
[2022-08-06 21:55:41,462] {subprocess.py:96} INFO - Command exited with return code 0
[2022-08-06 21:55:41,493] {taskinstance.py:1420} INFO - Marking task as SUCCESS. dag_id=our_first_dag_v5, task_id=first_task, execution_date=20210826T000000, start_date=20220806T215541, end_date=20220806T215541
[2022-08-06 21:55:41,548] {local_task_job.py:156} INFO - Task exited with return code 0
[2022-08-06 21:55:41,593] {local_task_job.py:273} INFO - 2 downstream tasks scheduled from follow-on schedule check
[2022-08-06 22:10:40,117] {taskinstance.py:1179} INFO - Dependencies all met for <TaskInstance: our_first_dag_v5.first_task scheduled__2021-08-26T00:00:00+00:00 [queued]>
[2022-08-06 22:10:40,133] {taskinstance.py:1179} INFO - Dependencies all met for <TaskInstance: our_first_dag_v5.first_task scheduled__2021-08-26T00:00:00+00:00 [queued]>
[2022-08-06 22:10:40,134] {taskinstance.py:1376} INFO - 
--------------------------------------------------------------------------------
[2022-08-06 22:10:40,134] {taskinstance.py:1377} INFO - Starting attempt 1 of 6
[2022-08-06 22:10:40,134] {taskinstance.py:1378} INFO - 
--------------------------------------------------------------------------------
[2022-08-06 22:10:40,162] {taskinstance.py:1397} INFO - Executing <Task(BashOperator): first_task> on 2021-08-26 00:00:00+00:00
[2022-08-06 22:10:40,172] {standard_task_runner.py:52} INFO - Started process 323 to run task
[2022-08-06 22:10:40,175] {standard_task_runner.py:79} INFO - Running: ['***', 'tasks', 'run', 'our_first_dag_v5', 'first_task', 'scheduled__2021-08-26T00:00:00+00:00', '--job-id', '78', '--raw', '--subdir', 'DAGS_FOLDER/pipeline.py', '--cfg-path', '/tmp/tmpl471d9zt', '--error-file', '/tmp/tmp2czojlic']
[2022-08-06 22:10:40,175] {standard_task_runner.py:80} INFO - Job 78: Subtask first_task
[2022-08-06 22:10:40,265] {task_command.py:371} INFO - Running <TaskInstance: our_first_dag_v5.first_task scheduled__2021-08-26T00:00:00+00:00 [running]> on host 1250c3b659cd
[2022-08-06 22:10:40,358] {taskinstance.py:1591} INFO - Exporting the following env vars:
AIRFLOW_CTX_DAG_OWNER=coder2j
AIRFLOW_CTX_DAG_ID=our_first_dag_v5
AIRFLOW_CTX_TASK_ID=first_task
AIRFLOW_CTX_EXECUTION_DATE=2021-08-26T00:00:00+00:00
AIRFLOW_CTX_TRY_NUMBER=1
AIRFLOW_CTX_DAG_RUN_ID=scheduled__2021-08-26T00:00:00+00:00
[2022-08-06 22:10:40,359] {subprocess.py:62} INFO - Tmp dir root location: 
 /tmp
[2022-08-06 22:10:40,359] {subprocess.py:74} INFO - Running command: ['bash', '-c', 'echo hello world, this is the first task!']
[2022-08-06 22:10:40,374] {subprocess.py:85} INFO - Output:
[2022-08-06 22:10:40,375] {subprocess.py:92} INFO - hello world, this is the first task!
[2022-08-06 22:10:40,376] {subprocess.py:96} INFO - Command exited with return code 0
[2022-08-06 22:10:40,414] {taskinstance.py:1420} INFO - Marking task as SUCCESS. dag_id=our_first_dag_v5, task_id=first_task, execution_date=20210826T000000, start_date=20220806T221040, end_date=20220806T221040
[2022-08-06 22:10:40,467] {local_task_job.py:156} INFO - Task exited with return code 0
[2022-08-06 22:10:40,524] {local_task_job.py:273} INFO - 2 downstream tasks scheduled from follow-on schedule check
[2022-08-06 22:18:27,998] {taskinstance.py:1179} INFO - Dependencies all met for <TaskInstance: our_first_dag_v5.first_task scheduled__2021-08-26T00:00:00+00:00 [queued]>
[2022-08-06 22:18:28,009] {taskinstance.py:1179} INFO - Dependencies all met for <TaskInstance: our_first_dag_v5.first_task scheduled__2021-08-26T00:00:00+00:00 [queued]>
[2022-08-06 22:18:28,010] {taskinstance.py:1376} INFO - 
--------------------------------------------------------------------------------
[2022-08-06 22:18:28,010] {taskinstance.py:1377} INFO - Starting attempt 1 of 6
[2022-08-06 22:18:28,010] {taskinstance.py:1378} INFO - 
--------------------------------------------------------------------------------
[2022-08-06 22:18:28,025] {taskinstance.py:1397} INFO - Executing <Task(BashOperator): first_task> on 2021-08-26 00:00:00+00:00
[2022-08-06 22:18:28,031] {standard_task_runner.py:52} INFO - Started process 331 to run task
[2022-08-06 22:18:28,033] {standard_task_runner.py:79} INFO - Running: ['***', 'tasks', 'run', 'our_first_dag_v5', 'first_task', 'scheduled__2021-08-26T00:00:00+00:00', '--job-id', '77', '--raw', '--subdir', 'DAGS_FOLDER/pipeline.py', '--cfg-path', '/tmp/tmple0h918u', '--error-file', '/tmp/tmpmkjo7sx_']
[2022-08-06 22:18:28,034] {standard_task_runner.py:80} INFO - Job 77: Subtask first_task
[2022-08-06 22:18:28,136] {task_command.py:371} INFO - Running <TaskInstance: our_first_dag_v5.first_task scheduled__2021-08-26T00:00:00+00:00 [running]> on host ed53bde1c44a
[2022-08-06 22:18:28,243] {taskinstance.py:1591} INFO - Exporting the following env vars:
AIRFLOW_CTX_DAG_OWNER=coder2j
AIRFLOW_CTX_DAG_ID=our_first_dag_v5
AIRFLOW_CTX_TASK_ID=first_task
AIRFLOW_CTX_EXECUTION_DATE=2021-08-26T00:00:00+00:00
AIRFLOW_CTX_TRY_NUMBER=1
AIRFLOW_CTX_DAG_RUN_ID=scheduled__2021-08-26T00:00:00+00:00
[2022-08-06 22:18:28,244] {subprocess.py:62} INFO - Tmp dir root location: 
 /tmp
[2022-08-06 22:18:28,245] {subprocess.py:74} INFO - Running command: ['bash', '-c', 'echo hello world, this is the first task!']
[2022-08-06 22:18:28,264] {subprocess.py:85} INFO - Output:
[2022-08-06 22:18:28,266] {subprocess.py:92} INFO - hello world, this is the first task!
[2022-08-06 22:18:28,267] {subprocess.py:96} INFO - Command exited with return code 0
[2022-08-06 22:18:28,303] {taskinstance.py:1420} INFO - Marking task as SUCCESS. dag_id=our_first_dag_v5, task_id=first_task, execution_date=20210826T000000, start_date=20220806T221827, end_date=20220806T221828
[2022-08-06 22:18:28,366] {local_task_job.py:156} INFO - Task exited with return code 0
[2022-08-06 22:18:28,433] {local_task_job.py:273} INFO - 2 downstream tasks scheduled from follow-on schedule check
[2022-08-06 22:22:00,935] {taskinstance.py:1179} INFO - Dependencies all met for <TaskInstance: our_first_dag_v5.first_task scheduled__2021-08-26T00:00:00+00:00 [queued]>
[2022-08-06 22:22:00,948] {taskinstance.py:1179} INFO - Dependencies all met for <TaskInstance: our_first_dag_v5.first_task scheduled__2021-08-26T00:00:00+00:00 [queued]>
[2022-08-06 22:22:00,949] {taskinstance.py:1376} INFO - 
--------------------------------------------------------------------------------
[2022-08-06 22:22:00,949] {taskinstance.py:1377} INFO - Starting attempt 1 of 6
[2022-08-06 22:22:00,949] {taskinstance.py:1378} INFO - 
--------------------------------------------------------------------------------
[2022-08-06 22:22:00,970] {taskinstance.py:1397} INFO - Executing <Task(BashOperator): first_task> on 2021-08-26 00:00:00+00:00
[2022-08-06 22:22:00,977] {standard_task_runner.py:52} INFO - Started process 367 to run task
[2022-08-06 22:22:00,983] {standard_task_runner.py:79} INFO - Running: ['***', 'tasks', 'run', 'our_first_dag_v5', 'first_task', 'scheduled__2021-08-26T00:00:00+00:00', '--job-id', '77', '--raw', '--subdir', 'DAGS_FOLDER/pipeline.py', '--cfg-path', '/tmp/tmp2y9cpir0', '--error-file', '/tmp/tmppyfjld4d']
[2022-08-06 22:22:00,984] {standard_task_runner.py:80} INFO - Job 77: Subtask first_task
[2022-08-06 22:22:01,056] {task_command.py:371} INFO - Running <TaskInstance: our_first_dag_v5.first_task scheduled__2021-08-26T00:00:00+00:00 [running]> on host b215076695c3
[2022-08-06 22:22:01,145] {taskinstance.py:1591} INFO - Exporting the following env vars:
AIRFLOW_CTX_DAG_OWNER=coder2j
AIRFLOW_CTX_DAG_ID=our_first_dag_v5
AIRFLOW_CTX_TASK_ID=first_task
AIRFLOW_CTX_EXECUTION_DATE=2021-08-26T00:00:00+00:00
AIRFLOW_CTX_TRY_NUMBER=1
AIRFLOW_CTX_DAG_RUN_ID=scheduled__2021-08-26T00:00:00+00:00
[2022-08-06 22:22:01,146] {subprocess.py:62} INFO - Tmp dir root location: 
 /tmp
[2022-08-06 22:22:01,146] {subprocess.py:74} INFO - Running command: ['bash', '-c', 'echo hello world, this is the first task!']
[2022-08-06 22:22:01,158] {subprocess.py:85} INFO - Output:
[2022-08-06 22:22:01,159] {subprocess.py:92} INFO - hello world, this is the first task!
[2022-08-06 22:22:01,159] {subprocess.py:96} INFO - Command exited with return code 0
[2022-08-06 22:22:01,187] {taskinstance.py:1420} INFO - Marking task as SUCCESS. dag_id=our_first_dag_v5, task_id=first_task, execution_date=20210826T000000, start_date=20220806T222200, end_date=20220806T222201
[2022-08-06 22:22:01,231] {local_task_job.py:156} INFO - Task exited with return code 0
[2022-08-06 22:22:01,286] {local_task_job.py:273} INFO - 2 downstream tasks scheduled from follow-on schedule check
