[2022-08-06 19:39:25,251] {taskinstance.py:1179} INFO - Dependencies all met for <TaskInstance: our_first_dag_v5.second_task scheduled__2022-07-01T00:00:00+00:00 [queued]>
[2022-08-06 19:39:25,265] {taskinstance.py:1179} INFO - Dependencies all met for <TaskInstance: our_first_dag_v5.second_task scheduled__2022-07-01T00:00:00+00:00 [queued]>
[2022-08-06 19:39:25,265] {taskinstance.py:1376} INFO - 
--------------------------------------------------------------------------------
[2022-08-06 19:39:25,265] {taskinstance.py:1377} INFO - Starting attempt 1 of 6
[2022-08-06 19:39:25,265] {taskinstance.py:1378} INFO - 
--------------------------------------------------------------------------------
[2022-08-06 19:39:25,281] {taskinstance.py:1397} INFO - Executing <Task(BashOperator): second_task> on 2022-07-01 00:00:00+00:00
[2022-08-06 19:39:25,287] {standard_task_runner.py:52} INFO - Started process 3269 to run task
[2022-08-06 19:39:25,290] {standard_task_runner.py:79} INFO - Running: ['***', 'tasks', 'run', 'our_first_dag_v5', 'second_task', 'scheduled__2022-07-01T00:00:00+00:00', '--job-id', '1012', '--raw', '--subdir', 'DAGS_FOLDER/pipeline.py', '--cfg-path', '/tmp/tmpffmny0ff', '--error-file', '/tmp/tmpx57ezcfx']
[2022-08-06 19:39:25,290] {standard_task_runner.py:80} INFO - Job 1012: Subtask second_task
[2022-08-06 19:39:25,375] {task_command.py:371} INFO - Running <TaskInstance: our_first_dag_v5.second_task scheduled__2022-07-01T00:00:00+00:00 [running]> on host b29c168c1666
[2022-08-06 19:39:25,463] {taskinstance.py:1591} INFO - Exporting the following env vars:
AIRFLOW_CTX_DAG_OWNER=coder2j
AIRFLOW_CTX_DAG_ID=our_first_dag_v5
AIRFLOW_CTX_TASK_ID=second_task
AIRFLOW_CTX_EXECUTION_DATE=2022-07-01T00:00:00+00:00
AIRFLOW_CTX_TRY_NUMBER=1
AIRFLOW_CTX_DAG_RUN_ID=scheduled__2022-07-01T00:00:00+00:00
[2022-08-06 19:39:25,464] {subprocess.py:62} INFO - Tmp dir root location: 
 /tmp
[2022-08-06 19:39:25,465] {subprocess.py:74} INFO - Running command: ['bash', '-c', 'echo hey, I am task2 and will be running after task1!']
[2022-08-06 19:39:25,477] {subprocess.py:85} INFO - Output:
[2022-08-06 19:39:25,478] {subprocess.py:92} INFO - hey, I am task2 and will be running after task1!
[2022-08-06 19:39:25,479] {subprocess.py:96} INFO - Command exited with return code 0
[2022-08-06 19:39:25,510] {taskinstance.py:1420} INFO - Marking task as SUCCESS. dag_id=our_first_dag_v5, task_id=second_task, execution_date=20220701T000000, start_date=20220806T193925, end_date=20220806T193925
[2022-08-06 19:39:25,544] {local_task_job.py:156} INFO - Task exited with return code 0
[2022-08-06 19:39:25,575] {local_task_job.py:273} INFO - 0 downstream tasks scheduled from follow-on schedule check
[2022-08-06 21:53:17,683] {taskinstance.py:1179} INFO - Dependencies all met for <TaskInstance: our_first_dag_v5.second_task scheduled__2022-07-01T00:00:00+00:00 [queued]>
[2022-08-06 21:53:17,701] {taskinstance.py:1179} INFO - Dependencies all met for <TaskInstance: our_first_dag_v5.second_task scheduled__2022-07-01T00:00:00+00:00 [queued]>
[2022-08-06 21:53:17,702] {taskinstance.py:1376} INFO - 
--------------------------------------------------------------------------------
[2022-08-06 21:53:17,702] {taskinstance.py:1377} INFO - Starting attempt 1 of 6
[2022-08-06 21:53:17,702] {taskinstance.py:1378} INFO - 
--------------------------------------------------------------------------------
[2022-08-06 21:53:17,726] {taskinstance.py:1397} INFO - Executing <Task(BashOperator): second_task> on 2022-07-01 00:00:00+00:00
[2022-08-06 21:53:17,733] {standard_task_runner.py:52} INFO - Started process 3465 to run task
[2022-08-06 21:53:17,736] {standard_task_runner.py:79} INFO - Running: ['***', 'tasks', 'run', 'our_first_dag_v5', 'second_task', 'scheduled__2022-07-01T00:00:00+00:00', '--job-id', '1013', '--raw', '--subdir', 'DAGS_FOLDER/pipeline.py', '--cfg-path', '/tmp/tmp4hdy2f7l', '--error-file', '/tmp/tmpckguepkr']
[2022-08-06 21:53:17,736] {standard_task_runner.py:80} INFO - Job 1013: Subtask second_task
[2022-08-06 21:53:17,809] {task_command.py:371} INFO - Running <TaskInstance: our_first_dag_v5.second_task scheduled__2022-07-01T00:00:00+00:00 [running]> on host c3f731879890
[2022-08-06 21:53:17,903] {taskinstance.py:1591} INFO - Exporting the following env vars:
AIRFLOW_CTX_DAG_OWNER=coder2j
AIRFLOW_CTX_DAG_ID=our_first_dag_v5
AIRFLOW_CTX_TASK_ID=second_task
AIRFLOW_CTX_EXECUTION_DATE=2022-07-01T00:00:00+00:00
AIRFLOW_CTX_TRY_NUMBER=1
AIRFLOW_CTX_DAG_RUN_ID=scheduled__2022-07-01T00:00:00+00:00
[2022-08-06 21:53:17,904] {subprocess.py:62} INFO - Tmp dir root location: 
 /tmp
[2022-08-06 21:53:17,905] {subprocess.py:74} INFO - Running command: ['bash', '-c', 'echo hey, I am task2 and will be running after task1!']
[2022-08-06 21:53:17,920] {subprocess.py:85} INFO - Output:
[2022-08-06 21:53:17,922] {subprocess.py:92} INFO - hey, I am task2 and will be running after task1!
[2022-08-06 21:53:17,922] {subprocess.py:96} INFO - Command exited with return code 0
[2022-08-06 21:53:18,001] {taskinstance.py:1420} INFO - Marking task as SUCCESS. dag_id=our_first_dag_v5, task_id=second_task, execution_date=20220701T000000, start_date=20220806T215317, end_date=20220806T215318
[2022-08-06 21:53:18,027] {local_task_job.py:156} INFO - Task exited with return code 0
[2022-08-06 21:53:18,066] {local_task_job.py:273} INFO - 0 downstream tasks scheduled from follow-on schedule check
[2022-08-06 21:58:44,470] {taskinstance.py:1179} INFO - Dependencies all met for <TaskInstance: our_first_dag_v5.second_task scheduled__2022-07-01T00:00:00+00:00 [queued]>
[2022-08-06 21:58:44,488] {taskinstance.py:1179} INFO - Dependencies all met for <TaskInstance: our_first_dag_v5.second_task scheduled__2022-07-01T00:00:00+00:00 [queued]>
[2022-08-06 21:58:44,488] {taskinstance.py:1376} INFO - 
--------------------------------------------------------------------------------
[2022-08-06 21:58:44,489] {taskinstance.py:1377} INFO - Starting attempt 1 of 6
[2022-08-06 21:58:44,489] {taskinstance.py:1378} INFO - 
--------------------------------------------------------------------------------
[2022-08-06 21:58:44,513] {taskinstance.py:1397} INFO - Executing <Task(BashOperator): second_task> on 2022-07-01 00:00:00+00:00
[2022-08-06 21:58:44,520] {standard_task_runner.py:52} INFO - Started process 3273 to run task
[2022-08-06 21:58:44,524] {standard_task_runner.py:79} INFO - Running: ['***', 'tasks', 'run', 'our_first_dag_v5', 'second_task', 'scheduled__2022-07-01T00:00:00+00:00', '--job-id', '1014', '--raw', '--subdir', 'DAGS_FOLDER/pipeline.py', '--cfg-path', '/tmp/tmpqv62kk3s', '--error-file', '/tmp/tmpe2saju2h']
[2022-08-06 21:58:44,524] {standard_task_runner.py:80} INFO - Job 1014: Subtask second_task
[2022-08-06 21:58:44,610] {task_command.py:371} INFO - Running <TaskInstance: our_first_dag_v5.second_task scheduled__2022-07-01T00:00:00+00:00 [running]> on host bc7e154a4fdd
[2022-08-06 21:58:44,705] {taskinstance.py:1591} INFO - Exporting the following env vars:
AIRFLOW_CTX_DAG_OWNER=coder2j
AIRFLOW_CTX_DAG_ID=our_first_dag_v5
AIRFLOW_CTX_TASK_ID=second_task
AIRFLOW_CTX_EXECUTION_DATE=2022-07-01T00:00:00+00:00
AIRFLOW_CTX_TRY_NUMBER=1
AIRFLOW_CTX_DAG_RUN_ID=scheduled__2022-07-01T00:00:00+00:00
[2022-08-06 21:58:44,706] {subprocess.py:62} INFO - Tmp dir root location: 
 /tmp
[2022-08-06 21:58:44,706] {subprocess.py:74} INFO - Running command: ['bash', '-c', 'echo hey, I am task2 and will be running after task1!']
[2022-08-06 21:58:44,719] {subprocess.py:85} INFO - Output:
[2022-08-06 21:58:44,721] {subprocess.py:92} INFO - hey, I am task2 and will be running after task1!
[2022-08-06 21:58:44,721] {subprocess.py:96} INFO - Command exited with return code 0
[2022-08-06 21:58:44,757] {taskinstance.py:1420} INFO - Marking task as SUCCESS. dag_id=our_first_dag_v5, task_id=second_task, execution_date=20220701T000000, start_date=20220806T215844, end_date=20220806T215844
[2022-08-06 21:58:44,816] {local_task_job.py:156} INFO - Task exited with return code 0
[2022-08-06 21:58:44,862] {local_task_job.py:273} INFO - 0 downstream tasks scheduled from follow-on schedule check
[2022-08-06 22:13:41,587] {taskinstance.py:1179} INFO - Dependencies all met for <TaskInstance: our_first_dag_v5.second_task scheduled__2022-07-01T00:00:00+00:00 [queued]>
[2022-08-06 22:13:41,607] {taskinstance.py:1179} INFO - Dependencies all met for <TaskInstance: our_first_dag_v5.second_task scheduled__2022-07-01T00:00:00+00:00 [queued]>
[2022-08-06 22:13:41,607] {taskinstance.py:1376} INFO - 
--------------------------------------------------------------------------------
[2022-08-06 22:13:41,607] {taskinstance.py:1377} INFO - Starting attempt 1 of 6
[2022-08-06 22:13:41,607] {taskinstance.py:1378} INFO - 
--------------------------------------------------------------------------------
[2022-08-06 22:13:41,630] {taskinstance.py:1397} INFO - Executing <Task(BashOperator): second_task> on 2022-07-01 00:00:00+00:00
[2022-08-06 22:13:41,638] {standard_task_runner.py:52} INFO - Started process 3276 to run task
[2022-08-06 22:13:41,641] {standard_task_runner.py:79} INFO - Running: ['***', 'tasks', 'run', 'our_first_dag_v5', 'second_task', 'scheduled__2022-07-01T00:00:00+00:00', '--job-id', '1018', '--raw', '--subdir', 'DAGS_FOLDER/pipeline.py', '--cfg-path', '/tmp/tmp_9ovo0ak', '--error-file', '/tmp/tmpfahy9_go']
[2022-08-06 22:13:41,641] {standard_task_runner.py:80} INFO - Job 1018: Subtask second_task
[2022-08-06 22:13:41,729] {task_command.py:371} INFO - Running <TaskInstance: our_first_dag_v5.second_task scheduled__2022-07-01T00:00:00+00:00 [running]> on host 1250c3b659cd
[2022-08-06 22:13:41,829] {taskinstance.py:1591} INFO - Exporting the following env vars:
AIRFLOW_CTX_DAG_OWNER=coder2j
AIRFLOW_CTX_DAG_ID=our_first_dag_v5
AIRFLOW_CTX_TASK_ID=second_task
AIRFLOW_CTX_EXECUTION_DATE=2022-07-01T00:00:00+00:00
AIRFLOW_CTX_TRY_NUMBER=1
AIRFLOW_CTX_DAG_RUN_ID=scheduled__2022-07-01T00:00:00+00:00
[2022-08-06 22:13:41,830] {subprocess.py:62} INFO - Tmp dir root location: 
 /tmp
[2022-08-06 22:13:41,831] {subprocess.py:74} INFO - Running command: ['bash', '-c', 'echo hey, I am task2 and will be running after task1!']
[2022-08-06 22:13:41,845] {subprocess.py:85} INFO - Output:
[2022-08-06 22:13:41,846] {subprocess.py:92} INFO - hey, I am task2 and will be running after task1!
[2022-08-06 22:13:41,847] {subprocess.py:96} INFO - Command exited with return code 0
[2022-08-06 22:13:41,878] {taskinstance.py:1420} INFO - Marking task as SUCCESS. dag_id=our_first_dag_v5, task_id=second_task, execution_date=20220701T000000, start_date=20220806T221341, end_date=20220806T221341
[2022-08-06 22:13:41,894] {local_task_job.py:156} INFO - Task exited with return code 0
[2022-08-06 22:13:41,929] {local_task_job.py:273} INFO - 0 downstream tasks scheduled from follow-on schedule check
[2022-08-06 22:25:01,337] {taskinstance.py:1179} INFO - Dependencies all met for <TaskInstance: our_first_dag_v5.second_task scheduled__2022-07-01T00:00:00+00:00 [queued]>
[2022-08-06 22:25:01,353] {taskinstance.py:1179} INFO - Dependencies all met for <TaskInstance: our_first_dag_v5.second_task scheduled__2022-07-01T00:00:00+00:00 [queued]>
[2022-08-06 22:25:01,353] {taskinstance.py:1376} INFO - 
--------------------------------------------------------------------------------
[2022-08-06 22:25:01,353] {taskinstance.py:1377} INFO - Starting attempt 1 of 6
[2022-08-06 22:25:01,353] {taskinstance.py:1378} INFO - 
--------------------------------------------------------------------------------
[2022-08-06 22:25:01,370] {taskinstance.py:1397} INFO - Executing <Task(BashOperator): second_task> on 2022-07-01 00:00:00+00:00
[2022-08-06 22:25:01,376] {standard_task_runner.py:52} INFO - Started process 3331 to run task
[2022-08-06 22:25:01,379] {standard_task_runner.py:79} INFO - Running: ['***', 'tasks', 'run', 'our_first_dag_v5', 'second_task', 'scheduled__2022-07-01T00:00:00+00:00', '--job-id', '1020', '--raw', '--subdir', 'DAGS_FOLDER/pipeline.py', '--cfg-path', '/tmp/tmp2_nfatq3', '--error-file', '/tmp/tmp3eam0h9w']
[2022-08-06 22:25:01,379] {standard_task_runner.py:80} INFO - Job 1020: Subtask second_task
[2022-08-06 22:25:01,472] {task_command.py:371} INFO - Running <TaskInstance: our_first_dag_v5.second_task scheduled__2022-07-01T00:00:00+00:00 [running]> on host b215076695c3
[2022-08-06 22:25:01,571] {taskinstance.py:1591} INFO - Exporting the following env vars:
AIRFLOW_CTX_DAG_OWNER=coder2j
AIRFLOW_CTX_DAG_ID=our_first_dag_v5
AIRFLOW_CTX_TASK_ID=second_task
AIRFLOW_CTX_EXECUTION_DATE=2022-07-01T00:00:00+00:00
AIRFLOW_CTX_TRY_NUMBER=1
AIRFLOW_CTX_DAG_RUN_ID=scheduled__2022-07-01T00:00:00+00:00
[2022-08-06 22:25:01,572] {subprocess.py:62} INFO - Tmp dir root location: 
 /tmp
[2022-08-06 22:25:01,573] {subprocess.py:74} INFO - Running command: ['bash', '-c', 'echo hey, I am task2 and will be running after task1!']
[2022-08-06 22:25:01,590] {subprocess.py:85} INFO - Output:
[2022-08-06 22:25:01,592] {subprocess.py:92} INFO - hey, I am task2 and will be running after task1!
[2022-08-06 22:25:01,592] {subprocess.py:96} INFO - Command exited with return code 0
[2022-08-06 22:25:01,646] {taskinstance.py:1420} INFO - Marking task as SUCCESS. dag_id=our_first_dag_v5, task_id=second_task, execution_date=20220701T000000, start_date=20220806T222501, end_date=20220806T222501
[2022-08-06 22:25:01,672] {local_task_job.py:156} INFO - Task exited with return code 0
[2022-08-06 22:25:01,728] {local_task_job.py:273} INFO - 0 downstream tasks scheduled from follow-on schedule check
