[2022-08-06 19:39:05,362] {taskinstance.py:1179} INFO - Dependencies all met for <TaskInstance: our_first_dag_v5.thrid_task scheduled__2022-05-26T00:00:00+00:00 [queued]>
[2022-08-06 19:39:05,381] {taskinstance.py:1179} INFO - Dependencies all met for <TaskInstance: our_first_dag_v5.thrid_task scheduled__2022-05-26T00:00:00+00:00 [queued]>
[2022-08-06 19:39:05,381] {taskinstance.py:1376} INFO - 
--------------------------------------------------------------------------------
[2022-08-06 19:39:05,381] {taskinstance.py:1377} INFO - Starting attempt 1 of 6
[2022-08-06 19:39:05,381] {taskinstance.py:1378} INFO - 
--------------------------------------------------------------------------------
[2022-08-06 19:39:05,397] {taskinstance.py:1397} INFO - Executing <Task(BashOperator): thrid_task> on 2022-05-26 00:00:00+00:00
[2022-08-06 19:39:05,405] {standard_task_runner.py:52} INFO - Started process 2951 to run task
[2022-08-06 19:39:05,411] {standard_task_runner.py:79} INFO - Running: ['***', 'tasks', 'run', 'our_first_dag_v5', 'thrid_task', 'scheduled__2022-05-26T00:00:00+00:00', '--job-id', '910', '--raw', '--subdir', 'DAGS_FOLDER/pipeline.py', '--cfg-path', '/tmp/tmp20optm52', '--error-file', '/tmp/tmp343pifmf']
[2022-08-06 19:39:05,411] {standard_task_runner.py:80} INFO - Job 910: Subtask thrid_task
[2022-08-06 19:39:05,505] {task_command.py:371} INFO - Running <TaskInstance: our_first_dag_v5.thrid_task scheduled__2022-05-26T00:00:00+00:00 [running]> on host b29c168c1666
[2022-08-06 19:39:05,619] {taskinstance.py:1591} INFO - Exporting the following env vars:
AIRFLOW_CTX_DAG_OWNER=coder2j
AIRFLOW_CTX_DAG_ID=our_first_dag_v5
AIRFLOW_CTX_TASK_ID=thrid_task
AIRFLOW_CTX_EXECUTION_DATE=2022-05-26T00:00:00+00:00
AIRFLOW_CTX_TRY_NUMBER=1
AIRFLOW_CTX_DAG_RUN_ID=scheduled__2022-05-26T00:00:00+00:00
[2022-08-06 19:39:05,620] {subprocess.py:62} INFO - Tmp dir root location: 
 /tmp
[2022-08-06 19:39:05,621] {subprocess.py:74} INFO - Running command: ['bash', '-c', 'echo hey, I am task3 and will be running after task1 at the same time as task2!']
[2022-08-06 19:39:05,636] {subprocess.py:85} INFO - Output:
[2022-08-06 19:39:05,638] {subprocess.py:92} INFO - hey, I am task3 and will be running after task1 at the same time as task2!
[2022-08-06 19:39:05,638] {subprocess.py:96} INFO - Command exited with return code 0
[2022-08-06 19:39:05,707] {taskinstance.py:1420} INFO - Marking task as SUCCESS. dag_id=our_first_dag_v5, task_id=thrid_task, execution_date=20220526T000000, start_date=20220806T193905, end_date=20220806T193905
[2022-08-06 19:39:05,743] {local_task_job.py:156} INFO - Task exited with return code 0
[2022-08-06 19:39:05,791] {local_task_job.py:273} INFO - 0 downstream tasks scheduled from follow-on schedule check
[2022-08-06 21:52:56,388] {taskinstance.py:1179} INFO - Dependencies all met for <TaskInstance: our_first_dag_v5.thrid_task scheduled__2022-05-26T00:00:00+00:00 [queued]>
[2022-08-06 21:52:56,402] {taskinstance.py:1179} INFO - Dependencies all met for <TaskInstance: our_first_dag_v5.thrid_task scheduled__2022-05-26T00:00:00+00:00 [queued]>
[2022-08-06 21:52:56,402] {taskinstance.py:1376} INFO - 
--------------------------------------------------------------------------------
[2022-08-06 21:52:56,402] {taskinstance.py:1377} INFO - Starting attempt 1 of 6
[2022-08-06 21:52:56,402] {taskinstance.py:1378} INFO - 
--------------------------------------------------------------------------------
[2022-08-06 21:52:56,419] {taskinstance.py:1397} INFO - Executing <Task(BashOperator): thrid_task> on 2022-05-26 00:00:00+00:00
[2022-08-06 21:52:56,426] {standard_task_runner.py:52} INFO - Started process 3127 to run task
[2022-08-06 21:52:56,429] {standard_task_runner.py:79} INFO - Running: ['***', 'tasks', 'run', 'our_first_dag_v5', 'thrid_task', 'scheduled__2022-05-26T00:00:00+00:00', '--job-id', '906', '--raw', '--subdir', 'DAGS_FOLDER/pipeline.py', '--cfg-path', '/tmp/tmp4pxugubf', '--error-file', '/tmp/tmppm2cbs_g']
[2022-08-06 21:52:56,429] {standard_task_runner.py:80} INFO - Job 906: Subtask thrid_task
[2022-08-06 21:52:56,521] {task_command.py:371} INFO - Running <TaskInstance: our_first_dag_v5.thrid_task scheduled__2022-05-26T00:00:00+00:00 [running]> on host c3f731879890
[2022-08-06 21:52:56,618] {taskinstance.py:1591} INFO - Exporting the following env vars:
AIRFLOW_CTX_DAG_OWNER=coder2j
AIRFLOW_CTX_DAG_ID=our_first_dag_v5
AIRFLOW_CTX_TASK_ID=thrid_task
AIRFLOW_CTX_EXECUTION_DATE=2022-05-26T00:00:00+00:00
AIRFLOW_CTX_TRY_NUMBER=1
AIRFLOW_CTX_DAG_RUN_ID=scheduled__2022-05-26T00:00:00+00:00
[2022-08-06 21:52:56,619] {subprocess.py:62} INFO - Tmp dir root location: 
 /tmp
[2022-08-06 21:52:56,620] {subprocess.py:74} INFO - Running command: ['bash', '-c', 'echo hey, I am task3 and will be running after task1 at the same time as task2!']
[2022-08-06 21:52:56,633] {subprocess.py:85} INFO - Output:
[2022-08-06 21:52:56,635] {subprocess.py:92} INFO - hey, I am task3 and will be running after task1 at the same time as task2!
[2022-08-06 21:52:56,635] {subprocess.py:96} INFO - Command exited with return code 0
[2022-08-06 21:52:56,669] {taskinstance.py:1420} INFO - Marking task as SUCCESS. dag_id=our_first_dag_v5, task_id=thrid_task, execution_date=20220526T000000, start_date=20220806T215256, end_date=20220806T215256
[2022-08-06 21:52:56,720] {local_task_job.py:156} INFO - Task exited with return code 0
[2022-08-06 21:52:56,762] {local_task_job.py:273} INFO - 0 downstream tasks scheduled from follow-on schedule check
[2022-08-06 21:58:20,880] {taskinstance.py:1179} INFO - Dependencies all met for <TaskInstance: our_first_dag_v5.thrid_task scheduled__2022-05-26T00:00:00+00:00 [queued]>
[2022-08-06 21:58:20,899] {taskinstance.py:1179} INFO - Dependencies all met for <TaskInstance: our_first_dag_v5.thrid_task scheduled__2022-05-26T00:00:00+00:00 [queued]>
[2022-08-06 21:58:20,899] {taskinstance.py:1376} INFO - 
--------------------------------------------------------------------------------
[2022-08-06 21:58:20,899] {taskinstance.py:1377} INFO - Starting attempt 1 of 6
[2022-08-06 21:58:20,899] {taskinstance.py:1378} INFO - 
--------------------------------------------------------------------------------
[2022-08-06 21:58:20,916] {taskinstance.py:1397} INFO - Executing <Task(BashOperator): thrid_task> on 2022-05-26 00:00:00+00:00
[2022-08-06 21:58:20,922] {standard_task_runner.py:52} INFO - Started process 2925 to run task
[2022-08-06 21:58:20,924] {standard_task_runner.py:79} INFO - Running: ['***', 'tasks', 'run', 'our_first_dag_v5', 'thrid_task', 'scheduled__2022-05-26T00:00:00+00:00', '--job-id', '906', '--raw', '--subdir', 'DAGS_FOLDER/pipeline.py', '--cfg-path', '/tmp/tmpsyth3_ob', '--error-file', '/tmp/tmp2gl01lwq']
[2022-08-06 21:58:20,925] {standard_task_runner.py:80} INFO - Job 906: Subtask thrid_task
[2022-08-06 21:58:21,001] {task_command.py:371} INFO - Running <TaskInstance: our_first_dag_v5.thrid_task scheduled__2022-05-26T00:00:00+00:00 [running]> on host bc7e154a4fdd
[2022-08-06 21:58:21,092] {taskinstance.py:1591} INFO - Exporting the following env vars:
AIRFLOW_CTX_DAG_OWNER=coder2j
AIRFLOW_CTX_DAG_ID=our_first_dag_v5
AIRFLOW_CTX_TASK_ID=thrid_task
AIRFLOW_CTX_EXECUTION_DATE=2022-05-26T00:00:00+00:00
AIRFLOW_CTX_TRY_NUMBER=1
AIRFLOW_CTX_DAG_RUN_ID=scheduled__2022-05-26T00:00:00+00:00
[2022-08-06 21:58:21,093] {subprocess.py:62} INFO - Tmp dir root location: 
 /tmp
[2022-08-06 21:58:21,093] {subprocess.py:74} INFO - Running command: ['bash', '-c', 'echo hey, I am task3 and will be running after task1 at the same time as task2!']
[2022-08-06 21:58:21,108] {subprocess.py:85} INFO - Output:
[2022-08-06 21:58:21,110] {subprocess.py:92} INFO - hey, I am task3 and will be running after task1 at the same time as task2!
[2022-08-06 21:58:21,110] {subprocess.py:96} INFO - Command exited with return code 0
[2022-08-06 21:58:21,144] {taskinstance.py:1420} INFO - Marking task as SUCCESS. dag_id=our_first_dag_v5, task_id=thrid_task, execution_date=20220526T000000, start_date=20220806T215820, end_date=20220806T215821
[2022-08-06 21:58:21,176] {local_task_job.py:156} INFO - Task exited with return code 0
[2022-08-06 21:58:21,208] {local_task_job.py:273} INFO - 0 downstream tasks scheduled from follow-on schedule check
[2022-08-06 22:13:22,469] {taskinstance.py:1179} INFO - Dependencies all met for <TaskInstance: our_first_dag_v5.thrid_task scheduled__2022-05-26T00:00:00+00:00 [queued]>
[2022-08-06 22:13:22,480] {taskinstance.py:1179} INFO - Dependencies all met for <TaskInstance: our_first_dag_v5.thrid_task scheduled__2022-05-26T00:00:00+00:00 [queued]>
[2022-08-06 22:13:22,480] {taskinstance.py:1376} INFO - 
--------------------------------------------------------------------------------
[2022-08-06 22:13:22,480] {taskinstance.py:1377} INFO - Starting attempt 1 of 6
[2022-08-06 22:13:22,480] {taskinstance.py:1378} INFO - 
--------------------------------------------------------------------------------
[2022-08-06 22:13:22,495] {taskinstance.py:1397} INFO - Executing <Task(BashOperator): thrid_task> on 2022-05-26 00:00:00+00:00
[2022-08-06 22:13:22,501] {standard_task_runner.py:52} INFO - Started process 2941 to run task
[2022-08-06 22:13:22,504] {standard_task_runner.py:79} INFO - Running: ['***', 'tasks', 'run', 'our_first_dag_v5', 'thrid_task', 'scheduled__2022-05-26T00:00:00+00:00', '--job-id', '907', '--raw', '--subdir', 'DAGS_FOLDER/pipeline.py', '--cfg-path', '/tmp/tmpm6sowuf6', '--error-file', '/tmp/tmpnsq2u9yw']
[2022-08-06 22:13:22,504] {standard_task_runner.py:80} INFO - Job 907: Subtask thrid_task
[2022-08-06 22:13:22,591] {task_command.py:371} INFO - Running <TaskInstance: our_first_dag_v5.thrid_task scheduled__2022-05-26T00:00:00+00:00 [running]> on host 1250c3b659cd
[2022-08-06 22:13:22,716] {taskinstance.py:1591} INFO - Exporting the following env vars:
AIRFLOW_CTX_DAG_OWNER=coder2j
AIRFLOW_CTX_DAG_ID=our_first_dag_v5
AIRFLOW_CTX_TASK_ID=thrid_task
AIRFLOW_CTX_EXECUTION_DATE=2022-05-26T00:00:00+00:00
AIRFLOW_CTX_TRY_NUMBER=1
AIRFLOW_CTX_DAG_RUN_ID=scheduled__2022-05-26T00:00:00+00:00
[2022-08-06 22:13:22,717] {subprocess.py:62} INFO - Tmp dir root location: 
 /tmp
[2022-08-06 22:13:22,718] {subprocess.py:74} INFO - Running command: ['bash', '-c', 'echo hey, I am task3 and will be running after task1 at the same time as task2!']
[2022-08-06 22:13:22,735] {subprocess.py:85} INFO - Output:
[2022-08-06 22:13:22,737] {subprocess.py:92} INFO - hey, I am task3 and will be running after task1 at the same time as task2!
[2022-08-06 22:13:22,738] {subprocess.py:96} INFO - Command exited with return code 0
[2022-08-06 22:13:22,809] {taskinstance.py:1420} INFO - Marking task as SUCCESS. dag_id=our_first_dag_v5, task_id=thrid_task, execution_date=20220526T000000, start_date=20220806T221322, end_date=20220806T221322
[2022-08-06 22:13:22,876] {local_task_job.py:156} INFO - Task exited with return code 0
[2022-08-06 22:13:22,931] {local_task_job.py:273} INFO - 0 downstream tasks scheduled from follow-on schedule check
[2022-08-06 22:24:40,184] {taskinstance.py:1179} INFO - Dependencies all met for <TaskInstance: our_first_dag_v5.thrid_task scheduled__2022-05-26T00:00:00+00:00 [queued]>
[2022-08-06 22:24:40,199] {taskinstance.py:1179} INFO - Dependencies all met for <TaskInstance: our_first_dag_v5.thrid_task scheduled__2022-05-26T00:00:00+00:00 [queued]>
[2022-08-06 22:24:40,199] {taskinstance.py:1376} INFO - 
--------------------------------------------------------------------------------
[2022-08-06 22:24:40,199] {taskinstance.py:1377} INFO - Starting attempt 1 of 6
[2022-08-06 22:24:40,199] {taskinstance.py:1378} INFO - 
--------------------------------------------------------------------------------
[2022-08-06 22:24:40,217] {taskinstance.py:1397} INFO - Executing <Task(BashOperator): thrid_task> on 2022-05-26 00:00:00+00:00
[2022-08-06 22:24:40,225] {standard_task_runner.py:52} INFO - Started process 2985 to run task
[2022-08-06 22:24:40,228] {standard_task_runner.py:79} INFO - Running: ['***', 'tasks', 'run', 'our_first_dag_v5', 'thrid_task', 'scheduled__2022-05-26T00:00:00+00:00', '--job-id', '907', '--raw', '--subdir', 'DAGS_FOLDER/pipeline.py', '--cfg-path', '/tmp/tmpn_3xlt9c', '--error-file', '/tmp/tmpz_82fj3r']
[2022-08-06 22:24:40,228] {standard_task_runner.py:80} INFO - Job 907: Subtask thrid_task
[2022-08-06 22:24:40,363] {task_command.py:371} INFO - Running <TaskInstance: our_first_dag_v5.thrid_task scheduled__2022-05-26T00:00:00+00:00 [running]> on host b215076695c3
[2022-08-06 22:24:40,467] {taskinstance.py:1591} INFO - Exporting the following env vars:
AIRFLOW_CTX_DAG_OWNER=coder2j
AIRFLOW_CTX_DAG_ID=our_first_dag_v5
AIRFLOW_CTX_TASK_ID=thrid_task
AIRFLOW_CTX_EXECUTION_DATE=2022-05-26T00:00:00+00:00
AIRFLOW_CTX_TRY_NUMBER=1
AIRFLOW_CTX_DAG_RUN_ID=scheduled__2022-05-26T00:00:00+00:00
[2022-08-06 22:24:40,468] {subprocess.py:62} INFO - Tmp dir root location: 
 /tmp
[2022-08-06 22:24:40,468] {subprocess.py:74} INFO - Running command: ['bash', '-c', 'echo hey, I am task3 and will be running after task1 at the same time as task2!']
[2022-08-06 22:24:40,485] {subprocess.py:85} INFO - Output:
[2022-08-06 22:24:40,487] {subprocess.py:92} INFO - hey, I am task3 and will be running after task1 at the same time as task2!
[2022-08-06 22:24:40,487] {subprocess.py:96} INFO - Command exited with return code 0
[2022-08-06 22:24:40,525] {taskinstance.py:1420} INFO - Marking task as SUCCESS. dag_id=our_first_dag_v5, task_id=thrid_task, execution_date=20220526T000000, start_date=20220806T222440, end_date=20220806T222440
[2022-08-06 22:24:40,576] {local_task_job.py:156} INFO - Task exited with return code 0
[2022-08-06 22:24:40,658] {local_task_job.py:273} INFO - 0 downstream tasks scheduled from follow-on schedule check
