[2022-08-06 19:36:27,918] {taskinstance.py:1179} INFO - Dependencies all met for <TaskInstance: our_first_dag_v5.second_task scheduled__2021-09-15T00:00:00+00:00 [queued]>
[2022-08-06 19:36:27,934] {taskinstance.py:1179} INFO - Dependencies all met for <TaskInstance: our_first_dag_v5.second_task scheduled__2021-09-15T00:00:00+00:00 [queued]>
[2022-08-06 19:36:27,934] {taskinstance.py:1376} INFO - 
--------------------------------------------------------------------------------
[2022-08-06 19:36:27,934] {taskinstance.py:1377} INFO - Starting attempt 1 of 6
[2022-08-06 19:36:27,934] {taskinstance.py:1378} INFO - 
--------------------------------------------------------------------------------
[2022-08-06 19:36:27,954] {taskinstance.py:1397} INFO - Executing <Task(BashOperator): second_task> on 2021-09-15 00:00:00+00:00
[2022-08-06 19:36:27,961] {standard_task_runner.py:52} INFO - Started process 545 to run task
[2022-08-06 19:36:27,964] {standard_task_runner.py:79} INFO - Running: ['***', 'tasks', 'run', 'our_first_dag_v5', 'second_task', 'scheduled__2021-09-15T00:00:00+00:00', '--job-id', '146', '--raw', '--subdir', 'DAGS_FOLDER/pipeline.py', '--cfg-path', '/tmp/tmpq3xa6vzp', '--error-file', '/tmp/tmpbz49ro97']
[2022-08-06 19:36:27,965] {standard_task_runner.py:80} INFO - Job 146: Subtask second_task
[2022-08-06 19:36:28,039] {task_command.py:371} INFO - Running <TaskInstance: our_first_dag_v5.second_task scheduled__2021-09-15T00:00:00+00:00 [running]> on host b29c168c1666
[2022-08-06 19:36:28,124] {taskinstance.py:1591} INFO - Exporting the following env vars:
AIRFLOW_CTX_DAG_OWNER=coder2j
AIRFLOW_CTX_DAG_ID=our_first_dag_v5
AIRFLOW_CTX_TASK_ID=second_task
AIRFLOW_CTX_EXECUTION_DATE=2021-09-15T00:00:00+00:00
AIRFLOW_CTX_TRY_NUMBER=1
AIRFLOW_CTX_DAG_RUN_ID=scheduled__2021-09-15T00:00:00+00:00
[2022-08-06 19:36:28,125] {subprocess.py:62} INFO - Tmp dir root location: 
 /tmp
[2022-08-06 19:36:28,125] {subprocess.py:74} INFO - Running command: ['bash', '-c', 'echo hey, I am task2 and will be running after task1!']
[2022-08-06 19:36:28,137] {subprocess.py:85} INFO - Output:
[2022-08-06 19:36:28,138] {subprocess.py:92} INFO - hey, I am task2 and will be running after task1!
[2022-08-06 19:36:28,138] {subprocess.py:96} INFO - Command exited with return code 0
[2022-08-06 19:36:28,167] {taskinstance.py:1420} INFO - Marking task as SUCCESS. dag_id=our_first_dag_v5, task_id=second_task, execution_date=20210915T000000, start_date=20220806T193627, end_date=20220806T193628
[2022-08-06 19:36:28,216] {local_task_job.py:156} INFO - Task exited with return code 0
[2022-08-06 19:36:28,245] {local_task_job.py:273} INFO - 0 downstream tasks scheduled from follow-on schedule check
[2022-08-06 21:50:22,360] {taskinstance.py:1179} INFO - Dependencies all met for <TaskInstance: our_first_dag_v5.second_task scheduled__2021-09-15T00:00:00+00:00 [queued]>
[2022-08-06 21:50:22,377] {taskinstance.py:1179} INFO - Dependencies all met for <TaskInstance: our_first_dag_v5.second_task scheduled__2021-09-15T00:00:00+00:00 [queued]>
[2022-08-06 21:50:22,377] {taskinstance.py:1376} INFO - 
--------------------------------------------------------------------------------
[2022-08-06 21:50:22,377] {taskinstance.py:1377} INFO - Starting attempt 1 of 6
[2022-08-06 21:50:22,377] {taskinstance.py:1378} INFO - 
--------------------------------------------------------------------------------
[2022-08-06 21:50:22,393] {taskinstance.py:1397} INFO - Executing <Task(BashOperator): second_task> on 2021-09-15 00:00:00+00:00
[2022-08-06 21:50:22,400] {standard_task_runner.py:52} INFO - Started process 733 to run task
[2022-08-06 21:50:22,403] {standard_task_runner.py:79} INFO - Running: ['***', 'tasks', 'run', 'our_first_dag_v5', 'second_task', 'scheduled__2021-09-15T00:00:00+00:00', '--job-id', '147', '--raw', '--subdir', 'DAGS_FOLDER/pipeline.py', '--cfg-path', '/tmp/tmp20j97acf', '--error-file', '/tmp/tmpdf81_as2']
[2022-08-06 21:50:22,403] {standard_task_runner.py:80} INFO - Job 147: Subtask second_task
[2022-08-06 21:50:22,472] {task_command.py:371} INFO - Running <TaskInstance: our_first_dag_v5.second_task scheduled__2021-09-15T00:00:00+00:00 [running]> on host c3f731879890
[2022-08-06 21:50:22,554] {taskinstance.py:1591} INFO - Exporting the following env vars:
AIRFLOW_CTX_DAG_OWNER=coder2j
AIRFLOW_CTX_DAG_ID=our_first_dag_v5
AIRFLOW_CTX_TASK_ID=second_task
AIRFLOW_CTX_EXECUTION_DATE=2021-09-15T00:00:00+00:00
AIRFLOW_CTX_TRY_NUMBER=1
AIRFLOW_CTX_DAG_RUN_ID=scheduled__2021-09-15T00:00:00+00:00
[2022-08-06 21:50:22,555] {subprocess.py:62} INFO - Tmp dir root location: 
 /tmp
[2022-08-06 21:50:22,555] {subprocess.py:74} INFO - Running command: ['bash', '-c', 'echo hey, I am task2 and will be running after task1!']
[2022-08-06 21:50:22,567] {subprocess.py:85} INFO - Output:
[2022-08-06 21:50:22,569] {subprocess.py:92} INFO - hey, I am task2 and will be running after task1!
[2022-08-06 21:50:22,569] {subprocess.py:96} INFO - Command exited with return code 0
[2022-08-06 21:50:22,596] {taskinstance.py:1420} INFO - Marking task as SUCCESS. dag_id=our_first_dag_v5, task_id=second_task, execution_date=20210915T000000, start_date=20220806T215022, end_date=20220806T215022
[2022-08-06 21:50:22,614] {local_task_job.py:156} INFO - Task exited with return code 0
[2022-08-06 21:50:22,645] {local_task_job.py:273} INFO - 0 downstream tasks scheduled from follow-on schedule check
[2022-08-06 21:55:51,803] {taskinstance.py:1179} INFO - Dependencies all met for <TaskInstance: our_first_dag_v5.second_task scheduled__2021-09-15T00:00:00+00:00 [queued]>
[2022-08-06 21:55:51,822] {taskinstance.py:1179} INFO - Dependencies all met for <TaskInstance: our_first_dag_v5.second_task scheduled__2021-09-15T00:00:00+00:00 [queued]>
[2022-08-06 21:55:51,822] {taskinstance.py:1376} INFO - 
--------------------------------------------------------------------------------
[2022-08-06 21:55:51,822] {taskinstance.py:1377} INFO - Starting attempt 1 of 6
[2022-08-06 21:55:51,823] {taskinstance.py:1378} INFO - 
--------------------------------------------------------------------------------
[2022-08-06 21:55:51,842] {taskinstance.py:1397} INFO - Executing <Task(BashOperator): second_task> on 2021-09-15 00:00:00+00:00
[2022-08-06 21:55:51,849] {standard_task_runner.py:52} INFO - Started process 537 to run task
[2022-08-06 21:55:51,853] {standard_task_runner.py:79} INFO - Running: ['***', 'tasks', 'run', 'our_first_dag_v5', 'second_task', 'scheduled__2021-09-15T00:00:00+00:00', '--job-id', '148', '--raw', '--subdir', 'DAGS_FOLDER/pipeline.py', '--cfg-path', '/tmp/tmplz0js4a1', '--error-file', '/tmp/tmp6mlth_gh']
[2022-08-06 21:55:51,853] {standard_task_runner.py:80} INFO - Job 148: Subtask second_task
[2022-08-06 21:55:51,928] {task_command.py:371} INFO - Running <TaskInstance: our_first_dag_v5.second_task scheduled__2021-09-15T00:00:00+00:00 [running]> on host bc7e154a4fdd
[2022-08-06 21:55:52,020] {taskinstance.py:1591} INFO - Exporting the following env vars:
AIRFLOW_CTX_DAG_OWNER=coder2j
AIRFLOW_CTX_DAG_ID=our_first_dag_v5
AIRFLOW_CTX_TASK_ID=second_task
AIRFLOW_CTX_EXECUTION_DATE=2021-09-15T00:00:00+00:00
AIRFLOW_CTX_TRY_NUMBER=1
AIRFLOW_CTX_DAG_RUN_ID=scheduled__2021-09-15T00:00:00+00:00
[2022-08-06 21:55:52,021] {subprocess.py:62} INFO - Tmp dir root location: 
 /tmp
[2022-08-06 21:55:52,021] {subprocess.py:74} INFO - Running command: ['bash', '-c', 'echo hey, I am task2 and will be running after task1!']
[2022-08-06 21:55:52,037] {subprocess.py:85} INFO - Output:
[2022-08-06 21:55:52,038] {subprocess.py:92} INFO - hey, I am task2 and will be running after task1!
[2022-08-06 21:55:52,038] {subprocess.py:96} INFO - Command exited with return code 0
[2022-08-06 21:55:52,072] {taskinstance.py:1420} INFO - Marking task as SUCCESS. dag_id=our_first_dag_v5, task_id=second_task, execution_date=20210915T000000, start_date=20220806T215551, end_date=20220806T215552
[2022-08-06 21:55:52,104] {local_task_job.py:156} INFO - Task exited with return code 0
[2022-08-06 21:55:52,141] {local_task_job.py:273} INFO - 0 downstream tasks scheduled from follow-on schedule check
[2022-08-06 22:10:54,533] {taskinstance.py:1179} INFO - Dependencies all met for <TaskInstance: our_first_dag_v5.second_task scheduled__2021-09-15T00:00:00+00:00 [queued]>
[2022-08-06 22:10:54,544] {taskinstance.py:1179} INFO - Dependencies all met for <TaskInstance: our_first_dag_v5.second_task scheduled__2021-09-15T00:00:00+00:00 [queued]>
[2022-08-06 22:10:54,544] {taskinstance.py:1376} INFO - 
--------------------------------------------------------------------------------
[2022-08-06 22:10:54,544] {taskinstance.py:1377} INFO - Starting attempt 1 of 6
[2022-08-06 22:10:54,544] {taskinstance.py:1378} INFO - 
--------------------------------------------------------------------------------
[2022-08-06 22:10:54,558] {taskinstance.py:1397} INFO - Executing <Task(BashOperator): second_task> on 2021-09-15 00:00:00+00:00
[2022-08-06 22:10:54,568] {standard_task_runner.py:52} INFO - Started process 548 to run task
[2022-08-06 22:10:54,572] {standard_task_runner.py:79} INFO - Running: ['***', 'tasks', 'run', 'our_first_dag_v5', 'second_task', 'scheduled__2021-09-15T00:00:00+00:00', '--job-id', '148', '--raw', '--subdir', 'DAGS_FOLDER/pipeline.py', '--cfg-path', '/tmp/tmp9mube9yg', '--error-file', '/tmp/tmprx5cl0pt']
[2022-08-06 22:10:54,572] {standard_task_runner.py:80} INFO - Job 148: Subtask second_task
[2022-08-06 22:10:54,666] {task_command.py:371} INFO - Running <TaskInstance: our_first_dag_v5.second_task scheduled__2021-09-15T00:00:00+00:00 [running]> on host 1250c3b659cd
[2022-08-06 22:10:54,776] {taskinstance.py:1591} INFO - Exporting the following env vars:
AIRFLOW_CTX_DAG_OWNER=coder2j
AIRFLOW_CTX_DAG_ID=our_first_dag_v5
AIRFLOW_CTX_TASK_ID=second_task
AIRFLOW_CTX_EXECUTION_DATE=2021-09-15T00:00:00+00:00
AIRFLOW_CTX_TRY_NUMBER=1
AIRFLOW_CTX_DAG_RUN_ID=scheduled__2021-09-15T00:00:00+00:00
[2022-08-06 22:10:54,777] {subprocess.py:62} INFO - Tmp dir root location: 
 /tmp
[2022-08-06 22:10:54,777] {subprocess.py:74} INFO - Running command: ['bash', '-c', 'echo hey, I am task2 and will be running after task1!']
[2022-08-06 22:10:54,794] {subprocess.py:85} INFO - Output:
[2022-08-06 22:10:54,795] {subprocess.py:92} INFO - hey, I am task2 and will be running after task1!
[2022-08-06 22:10:54,796] {subprocess.py:96} INFO - Command exited with return code 0
[2022-08-06 22:10:54,865] {taskinstance.py:1420} INFO - Marking task as SUCCESS. dag_id=our_first_dag_v5, task_id=second_task, execution_date=20210915T000000, start_date=20220806T221054, end_date=20220806T221054
[2022-08-06 22:10:54,904] {local_task_job.py:156} INFO - Task exited with return code 0
[2022-08-06 22:10:54,948] {local_task_job.py:273} INFO - 0 downstream tasks scheduled from follow-on schedule check
[2022-08-06 22:18:40,782] {taskinstance.py:1179} INFO - Dependencies all met for <TaskInstance: our_first_dag_v5.second_task scheduled__2021-09-15T00:00:00+00:00 [queued]>
[2022-08-06 22:18:40,797] {taskinstance.py:1179} INFO - Dependencies all met for <TaskInstance: our_first_dag_v5.second_task scheduled__2021-09-15T00:00:00+00:00 [queued]>
[2022-08-06 22:18:40,797] {taskinstance.py:1376} INFO - 
--------------------------------------------------------------------------------
[2022-08-06 22:18:40,797] {taskinstance.py:1377} INFO - Starting attempt 1 of 6
[2022-08-06 22:18:40,797] {taskinstance.py:1378} INFO - 
--------------------------------------------------------------------------------
[2022-08-06 22:18:40,816] {taskinstance.py:1397} INFO - Executing <Task(BashOperator): second_task> on 2021-09-15 00:00:00+00:00
[2022-08-06 22:18:40,824] {standard_task_runner.py:52} INFO - Started process 557 to run task
[2022-08-06 22:18:40,826] {standard_task_runner.py:79} INFO - Running: ['***', 'tasks', 'run', 'our_first_dag_v5', 'second_task', 'scheduled__2021-09-15T00:00:00+00:00', '--job-id', '150', '--raw', '--subdir', 'DAGS_FOLDER/pipeline.py', '--cfg-path', '/tmp/tmp4qog4ff6', '--error-file', '/tmp/tmphis98zmo']
[2022-08-06 22:18:40,827] {standard_task_runner.py:80} INFO - Job 150: Subtask second_task
[2022-08-06 22:18:40,912] {task_command.py:371} INFO - Running <TaskInstance: our_first_dag_v5.second_task scheduled__2021-09-15T00:00:00+00:00 [running]> on host ed53bde1c44a
[2022-08-06 22:18:41,019] {taskinstance.py:1591} INFO - Exporting the following env vars:
AIRFLOW_CTX_DAG_OWNER=coder2j
AIRFLOW_CTX_DAG_ID=our_first_dag_v5
AIRFLOW_CTX_TASK_ID=second_task
AIRFLOW_CTX_EXECUTION_DATE=2021-09-15T00:00:00+00:00
AIRFLOW_CTX_TRY_NUMBER=1
AIRFLOW_CTX_DAG_RUN_ID=scheduled__2021-09-15T00:00:00+00:00
[2022-08-06 22:18:41,020] {subprocess.py:62} INFO - Tmp dir root location: 
 /tmp
[2022-08-06 22:18:41,021] {subprocess.py:74} INFO - Running command: ['bash', '-c', 'echo hey, I am task2 and will be running after task1!']
[2022-08-06 22:18:41,034] {subprocess.py:85} INFO - Output:
[2022-08-06 22:18:41,035] {subprocess.py:92} INFO - hey, I am task2 and will be running after task1!
[2022-08-06 22:18:41,035] {subprocess.py:96} INFO - Command exited with return code 0
[2022-08-06 22:18:41,070] {taskinstance.py:1420} INFO - Marking task as SUCCESS. dag_id=our_first_dag_v5, task_id=second_task, execution_date=20210915T000000, start_date=20220806T221840, end_date=20220806T221841
[2022-08-06 22:18:41,124] {local_task_job.py:156} INFO - Task exited with return code 0
[2022-08-06 22:18:41,189] {local_task_job.py:273} INFO - 0 downstream tasks scheduled from follow-on schedule check
[2022-08-06 22:22:13,097] {taskinstance.py:1179} INFO - Dependencies all met for <TaskInstance: our_first_dag_v5.second_task scheduled__2021-09-15T00:00:00+00:00 [queued]>
[2022-08-06 22:22:13,119] {taskinstance.py:1179} INFO - Dependencies all met for <TaskInstance: our_first_dag_v5.second_task scheduled__2021-09-15T00:00:00+00:00 [queued]>
[2022-08-06 22:22:13,119] {taskinstance.py:1376} INFO - 
--------------------------------------------------------------------------------
[2022-08-06 22:22:13,119] {taskinstance.py:1377} INFO - Starting attempt 1 of 6
[2022-08-06 22:22:13,120] {taskinstance.py:1378} INFO - 
--------------------------------------------------------------------------------
[2022-08-06 22:22:13,143] {taskinstance.py:1397} INFO - Executing <Task(BashOperator): second_task> on 2021-09-15 00:00:00+00:00
[2022-08-06 22:22:13,152] {standard_task_runner.py:52} INFO - Started process 581 to run task
[2022-08-06 22:22:13,156] {standard_task_runner.py:79} INFO - Running: ['***', 'tasks', 'run', 'our_first_dag_v5', 'second_task', 'scheduled__2021-09-15T00:00:00+00:00', '--job-id', '146', '--raw', '--subdir', 'DAGS_FOLDER/pipeline.py', '--cfg-path', '/tmp/tmprdek4cip', '--error-file', '/tmp/tmp0bg3ojl5']
[2022-08-06 22:22:13,156] {standard_task_runner.py:80} INFO - Job 146: Subtask second_task
[2022-08-06 22:22:13,221] {task_command.py:371} INFO - Running <TaskInstance: our_first_dag_v5.second_task scheduled__2021-09-15T00:00:00+00:00 [running]> on host b215076695c3
[2022-08-06 22:22:13,290] {taskinstance.py:1591} INFO - Exporting the following env vars:
AIRFLOW_CTX_DAG_OWNER=coder2j
AIRFLOW_CTX_DAG_ID=our_first_dag_v5
AIRFLOW_CTX_TASK_ID=second_task
AIRFLOW_CTX_EXECUTION_DATE=2021-09-15T00:00:00+00:00
AIRFLOW_CTX_TRY_NUMBER=1
AIRFLOW_CTX_DAG_RUN_ID=scheduled__2021-09-15T00:00:00+00:00
[2022-08-06 22:22:13,290] {subprocess.py:62} INFO - Tmp dir root location: 
 /tmp
[2022-08-06 22:22:13,291] {subprocess.py:74} INFO - Running command: ['bash', '-c', 'echo hey, I am task2 and will be running after task1!']
[2022-08-06 22:22:13,303] {subprocess.py:85} INFO - Output:
[2022-08-06 22:22:13,304] {subprocess.py:92} INFO - hey, I am task2 and will be running after task1!
[2022-08-06 22:22:13,304] {subprocess.py:96} INFO - Command exited with return code 0
[2022-08-06 22:22:13,333] {taskinstance.py:1420} INFO - Marking task as SUCCESS. dag_id=our_first_dag_v5, task_id=second_task, execution_date=20210915T000000, start_date=20220806T222213, end_date=20220806T222213
[2022-08-06 22:22:13,368] {local_task_job.py:156} INFO - Task exited with return code 0
[2022-08-06 22:22:13,399] {local_task_job.py:273} INFO - 0 downstream tasks scheduled from follow-on schedule check
