[2022-08-06 19:38:18,626] {taskinstance.py:1179} INFO - Dependencies all met for <TaskInstance: our_first_dag_v5.first_task scheduled__2022-03-10T00:00:00+00:00 [queued]>
[2022-08-06 19:38:18,644] {taskinstance.py:1179} INFO - Dependencies all met for <TaskInstance: our_first_dag_v5.first_task scheduled__2022-03-10T00:00:00+00:00 [queued]>
[2022-08-06 19:38:18,644] {taskinstance.py:1376} INFO - 
--------------------------------------------------------------------------------
[2022-08-06 19:38:18,644] {taskinstance.py:1377} INFO - Starting attempt 1 of 6
[2022-08-06 19:38:18,644] {taskinstance.py:1378} INFO - 
--------------------------------------------------------------------------------
[2022-08-06 19:38:18,666] {taskinstance.py:1397} INFO - Executing <Task(BashOperator): first_task> on 2022-03-10 00:00:00+00:00
[2022-08-06 19:38:18,672] {standard_task_runner.py:52} INFO - Started process 2186 to run task
[2022-08-06 19:38:18,675] {standard_task_runner.py:79} INFO - Running: ['***', 'tasks', 'run', 'our_first_dag_v5', 'first_task', 'scheduled__2022-03-10T00:00:00+00:00', '--job-id', '666', '--raw', '--subdir', 'DAGS_FOLDER/pipeline.py', '--cfg-path', '/tmp/tmp4je3tge3', '--error-file', '/tmp/tmpaixa7icp']
[2022-08-06 19:38:18,675] {standard_task_runner.py:80} INFO - Job 666: Subtask first_task
[2022-08-06 19:38:18,753] {task_command.py:371} INFO - Running <TaskInstance: our_first_dag_v5.first_task scheduled__2022-03-10T00:00:00+00:00 [running]> on host b29c168c1666
[2022-08-06 19:38:18,842] {taskinstance.py:1591} INFO - Exporting the following env vars:
AIRFLOW_CTX_DAG_OWNER=coder2j
AIRFLOW_CTX_DAG_ID=our_first_dag_v5
AIRFLOW_CTX_TASK_ID=first_task
AIRFLOW_CTX_EXECUTION_DATE=2022-03-10T00:00:00+00:00
AIRFLOW_CTX_TRY_NUMBER=1
AIRFLOW_CTX_DAG_RUN_ID=scheduled__2022-03-10T00:00:00+00:00
[2022-08-06 19:38:18,843] {subprocess.py:62} INFO - Tmp dir root location: 
 /tmp
[2022-08-06 19:38:18,843] {subprocess.py:74} INFO - Running command: ['bash', '-c', 'echo hello world, this is the first task!']
[2022-08-06 19:38:18,854] {subprocess.py:85} INFO - Output:
[2022-08-06 19:38:18,855] {subprocess.py:92} INFO - hello world, this is the first task!
[2022-08-06 19:38:18,855] {subprocess.py:96} INFO - Command exited with return code 0
[2022-08-06 19:38:18,885] {taskinstance.py:1420} INFO - Marking task as SUCCESS. dag_id=our_first_dag_v5, task_id=first_task, execution_date=20220310T000000, start_date=20220806T193818, end_date=20220806T193818
[2022-08-06 19:38:18,926] {local_task_job.py:156} INFO - Task exited with return code 0
[2022-08-06 19:38:18,983] {local_task_job.py:273} INFO - 2 downstream tasks scheduled from follow-on schedule check
[2022-08-06 21:52:09,529] {taskinstance.py:1179} INFO - Dependencies all met for <TaskInstance: our_first_dag_v5.first_task scheduled__2022-03-10T00:00:00+00:00 [queued]>
[2022-08-06 21:52:09,543] {taskinstance.py:1179} INFO - Dependencies all met for <TaskInstance: our_first_dag_v5.first_task scheduled__2022-03-10T00:00:00+00:00 [queued]>
[2022-08-06 21:52:09,544] {taskinstance.py:1376} INFO - 
--------------------------------------------------------------------------------
[2022-08-06 21:52:09,544] {taskinstance.py:1377} INFO - Starting attempt 1 of 6
[2022-08-06 21:52:09,544] {taskinstance.py:1378} INFO - 
--------------------------------------------------------------------------------
[2022-08-06 21:52:09,562] {taskinstance.py:1397} INFO - Executing <Task(BashOperator): first_task> on 2022-03-10 00:00:00+00:00
[2022-08-06 21:52:09,569] {standard_task_runner.py:52} INFO - Started process 2363 to run task
[2022-08-06 21:52:09,575] {standard_task_runner.py:79} INFO - Running: ['***', 'tasks', 'run', 'our_first_dag_v5', 'first_task', 'scheduled__2022-03-10T00:00:00+00:00', '--job-id', '665', '--raw', '--subdir', 'DAGS_FOLDER/pipeline.py', '--cfg-path', '/tmp/tmpk0lrtf_l', '--error-file', '/tmp/tmpbgjs3b2_']
[2022-08-06 21:52:09,575] {standard_task_runner.py:80} INFO - Job 665: Subtask first_task
[2022-08-06 21:52:09,646] {task_command.py:371} INFO - Running <TaskInstance: our_first_dag_v5.first_task scheduled__2022-03-10T00:00:00+00:00 [running]> on host c3f731879890
[2022-08-06 21:52:09,768] {taskinstance.py:1591} INFO - Exporting the following env vars:
AIRFLOW_CTX_DAG_OWNER=coder2j
AIRFLOW_CTX_DAG_ID=our_first_dag_v5
AIRFLOW_CTX_TASK_ID=first_task
AIRFLOW_CTX_EXECUTION_DATE=2022-03-10T00:00:00+00:00
AIRFLOW_CTX_TRY_NUMBER=1
AIRFLOW_CTX_DAG_RUN_ID=scheduled__2022-03-10T00:00:00+00:00
[2022-08-06 21:52:09,769] {subprocess.py:62} INFO - Tmp dir root location: 
 /tmp
[2022-08-06 21:52:09,770] {subprocess.py:74} INFO - Running command: ['bash', '-c', 'echo hello world, this is the first task!']
[2022-08-06 21:52:09,786] {subprocess.py:85} INFO - Output:
[2022-08-06 21:52:09,788] {subprocess.py:92} INFO - hello world, this is the first task!
[2022-08-06 21:52:09,789] {subprocess.py:96} INFO - Command exited with return code 0
[2022-08-06 21:52:09,836] {taskinstance.py:1420} INFO - Marking task as SUCCESS. dag_id=our_first_dag_v5, task_id=first_task, execution_date=20220310T000000, start_date=20220806T215209, end_date=20220806T215209
[2022-08-06 21:52:09,868] {local_task_job.py:156} INFO - Task exited with return code 0
[2022-08-06 21:52:09,916] {local_task_job.py:273} INFO - 2 downstream tasks scheduled from follow-on schedule check
[2022-08-06 21:57:33,535] {taskinstance.py:1179} INFO - Dependencies all met for <TaskInstance: our_first_dag_v5.first_task scheduled__2022-03-10T00:00:00+00:00 [queued]>
[2022-08-06 21:57:33,551] {taskinstance.py:1179} INFO - Dependencies all met for <TaskInstance: our_first_dag_v5.first_task scheduled__2022-03-10T00:00:00+00:00 [queued]>
[2022-08-06 21:57:33,552] {taskinstance.py:1376} INFO - 
--------------------------------------------------------------------------------
[2022-08-06 21:57:33,552] {taskinstance.py:1377} INFO - Starting attempt 1 of 6
[2022-08-06 21:57:33,552] {taskinstance.py:1378} INFO - 
--------------------------------------------------------------------------------
[2022-08-06 21:57:33,568] {taskinstance.py:1397} INFO - Executing <Task(BashOperator): first_task> on 2022-03-10 00:00:00+00:00
[2022-08-06 21:57:33,575] {standard_task_runner.py:52} INFO - Started process 2163 to run task
[2022-08-06 21:57:33,578] {standard_task_runner.py:79} INFO - Running: ['***', 'tasks', 'run', 'our_first_dag_v5', 'first_task', 'scheduled__2022-03-10T00:00:00+00:00', '--job-id', '664', '--raw', '--subdir', 'DAGS_FOLDER/pipeline.py', '--cfg-path', '/tmp/tmprgsvbv70', '--error-file', '/tmp/tmp10jehhok']
[2022-08-06 21:57:33,578] {standard_task_runner.py:80} INFO - Job 664: Subtask first_task
[2022-08-06 21:57:33,659] {task_command.py:371} INFO - Running <TaskInstance: our_first_dag_v5.first_task scheduled__2022-03-10T00:00:00+00:00 [running]> on host bc7e154a4fdd
[2022-08-06 21:57:33,790] {taskinstance.py:1591} INFO - Exporting the following env vars:
AIRFLOW_CTX_DAG_OWNER=coder2j
AIRFLOW_CTX_DAG_ID=our_first_dag_v5
AIRFLOW_CTX_TASK_ID=first_task
AIRFLOW_CTX_EXECUTION_DATE=2022-03-10T00:00:00+00:00
AIRFLOW_CTX_TRY_NUMBER=1
AIRFLOW_CTX_DAG_RUN_ID=scheduled__2022-03-10T00:00:00+00:00
[2022-08-06 21:57:33,791] {subprocess.py:62} INFO - Tmp dir root location: 
 /tmp
[2022-08-06 21:57:33,792] {subprocess.py:74} INFO - Running command: ['bash', '-c', 'echo hello world, this is the first task!']
[2022-08-06 21:57:33,811] {subprocess.py:85} INFO - Output:
[2022-08-06 21:57:33,813] {subprocess.py:92} INFO - hello world, this is the first task!
[2022-08-06 21:57:33,813] {subprocess.py:96} INFO - Command exited with return code 0
[2022-08-06 21:57:33,862] {taskinstance.py:1420} INFO - Marking task as SUCCESS. dag_id=our_first_dag_v5, task_id=first_task, execution_date=20220310T000000, start_date=20220806T215733, end_date=20220806T215733
[2022-08-06 21:57:33,910] {local_task_job.py:156} INFO - Task exited with return code 0
[2022-08-06 21:57:33,959] {local_task_job.py:273} INFO - 2 downstream tasks scheduled from follow-on schedule check
[2022-08-06 22:12:37,162] {taskinstance.py:1179} INFO - Dependencies all met for <TaskInstance: our_first_dag_v5.first_task scheduled__2022-03-10T00:00:00+00:00 [queued]>
[2022-08-06 22:12:37,176] {taskinstance.py:1179} INFO - Dependencies all met for <TaskInstance: our_first_dag_v5.first_task scheduled__2022-03-10T00:00:00+00:00 [queued]>
[2022-08-06 22:12:37,176] {taskinstance.py:1376} INFO - 
--------------------------------------------------------------------------------
[2022-08-06 22:12:37,176] {taskinstance.py:1377} INFO - Starting attempt 1 of 6
[2022-08-06 22:12:37,176] {taskinstance.py:1378} INFO - 
--------------------------------------------------------------------------------
[2022-08-06 22:12:37,197] {taskinstance.py:1397} INFO - Executing <Task(BashOperator): first_task> on 2022-03-10 00:00:00+00:00
[2022-08-06 22:12:37,202] {standard_task_runner.py:52} INFO - Started process 2192 to run task
[2022-08-06 22:12:37,205] {standard_task_runner.py:79} INFO - Running: ['***', 'tasks', 'run', 'our_first_dag_v5', 'first_task', 'scheduled__2022-03-10T00:00:00+00:00', '--job-id', '670', '--raw', '--subdir', 'DAGS_FOLDER/pipeline.py', '--cfg-path', '/tmp/tmpnf5st3fr', '--error-file', '/tmp/tmp56yi38oc']
[2022-08-06 22:12:37,205] {standard_task_runner.py:80} INFO - Job 670: Subtask first_task
[2022-08-06 22:12:37,263] {task_command.py:371} INFO - Running <TaskInstance: our_first_dag_v5.first_task scheduled__2022-03-10T00:00:00+00:00 [running]> on host 1250c3b659cd
[2022-08-06 22:12:37,353] {taskinstance.py:1591} INFO - Exporting the following env vars:
AIRFLOW_CTX_DAG_OWNER=coder2j
AIRFLOW_CTX_DAG_ID=our_first_dag_v5
AIRFLOW_CTX_TASK_ID=first_task
AIRFLOW_CTX_EXECUTION_DATE=2022-03-10T00:00:00+00:00
AIRFLOW_CTX_TRY_NUMBER=1
AIRFLOW_CTX_DAG_RUN_ID=scheduled__2022-03-10T00:00:00+00:00
[2022-08-06 22:12:37,354] {subprocess.py:62} INFO - Tmp dir root location: 
 /tmp
[2022-08-06 22:12:37,354] {subprocess.py:74} INFO - Running command: ['bash', '-c', 'echo hello world, this is the first task!']
[2022-08-06 22:12:37,367] {subprocess.py:85} INFO - Output:
[2022-08-06 22:12:37,369] {subprocess.py:92} INFO - hello world, this is the first task!
[2022-08-06 22:12:37,369] {subprocess.py:96} INFO - Command exited with return code 0
[2022-08-06 22:12:37,401] {taskinstance.py:1420} INFO - Marking task as SUCCESS. dag_id=our_first_dag_v5, task_id=first_task, execution_date=20220310T000000, start_date=20220806T221237, end_date=20220806T221237
[2022-08-06 22:12:37,456] {local_task_job.py:156} INFO - Task exited with return code 0
[2022-08-06 22:12:37,500] {local_task_job.py:273} INFO - 2 downstream tasks scheduled from follow-on schedule check
[2022-08-06 22:23:56,591] {taskinstance.py:1179} INFO - Dependencies all met for <TaskInstance: our_first_dag_v5.first_task scheduled__2022-03-10T00:00:00+00:00 [queued]>
[2022-08-06 22:23:56,608] {taskinstance.py:1179} INFO - Dependencies all met for <TaskInstance: our_first_dag_v5.first_task scheduled__2022-03-10T00:00:00+00:00 [queued]>
[2022-08-06 22:23:56,608] {taskinstance.py:1376} INFO - 
--------------------------------------------------------------------------------
[2022-08-06 22:23:56,608] {taskinstance.py:1377} INFO - Starting attempt 1 of 6
[2022-08-06 22:23:56,609] {taskinstance.py:1378} INFO - 
--------------------------------------------------------------------------------
[2022-08-06 22:23:56,630] {taskinstance.py:1397} INFO - Executing <Task(BashOperator): first_task> on 2022-03-10 00:00:00+00:00
[2022-08-06 22:23:56,637] {standard_task_runner.py:52} INFO - Started process 2236 to run task
[2022-08-06 22:23:56,640] {standard_task_runner.py:79} INFO - Running: ['***', 'tasks', 'run', 'our_first_dag_v5', 'first_task', 'scheduled__2022-03-10T00:00:00+00:00', '--job-id', '669', '--raw', '--subdir', 'DAGS_FOLDER/pipeline.py', '--cfg-path', '/tmp/tmpi1eqsai6', '--error-file', '/tmp/tmpi0zxkxvl']
[2022-08-06 22:23:56,640] {standard_task_runner.py:80} INFO - Job 669: Subtask first_task
[2022-08-06 22:23:56,725] {task_command.py:371} INFO - Running <TaskInstance: our_first_dag_v5.first_task scheduled__2022-03-10T00:00:00+00:00 [running]> on host b215076695c3
[2022-08-06 22:23:56,809] {taskinstance.py:1591} INFO - Exporting the following env vars:
AIRFLOW_CTX_DAG_OWNER=coder2j
AIRFLOW_CTX_DAG_ID=our_first_dag_v5
AIRFLOW_CTX_TASK_ID=first_task
AIRFLOW_CTX_EXECUTION_DATE=2022-03-10T00:00:00+00:00
AIRFLOW_CTX_TRY_NUMBER=1
AIRFLOW_CTX_DAG_RUN_ID=scheduled__2022-03-10T00:00:00+00:00
[2022-08-06 22:23:56,810] {subprocess.py:62} INFO - Tmp dir root location: 
 /tmp
[2022-08-06 22:23:56,810] {subprocess.py:74} INFO - Running command: ['bash', '-c', 'echo hello world, this is the first task!']
[2022-08-06 22:23:56,824] {subprocess.py:85} INFO - Output:
[2022-08-06 22:23:56,826] {subprocess.py:92} INFO - hello world, this is the first task!
[2022-08-06 22:23:56,826] {subprocess.py:96} INFO - Command exited with return code 0
[2022-08-06 22:23:56,866] {taskinstance.py:1420} INFO - Marking task as SUCCESS. dag_id=our_first_dag_v5, task_id=first_task, execution_date=20220310T000000, start_date=20220806T222356, end_date=20220806T222356
[2022-08-06 22:23:56,891] {local_task_job.py:156} INFO - Task exited with return code 0
[2022-08-06 22:23:56,934] {local_task_job.py:273} INFO - 2 downstream tasks scheduled from follow-on schedule check
