[2022-08-06 19:36:30,167] {taskinstance.py:1179} INFO - Dependencies all met for <TaskInstance: our_first_dag_v5.first_task scheduled__2021-09-16T00:00:00+00:00 [queued]>
[2022-08-06 19:36:30,180] {taskinstance.py:1179} INFO - Dependencies all met for <TaskInstance: our_first_dag_v5.first_task scheduled__2021-09-16T00:00:00+00:00 [queued]>
[2022-08-06 19:36:30,180] {taskinstance.py:1376} INFO - 
--------------------------------------------------------------------------------
[2022-08-06 19:36:30,180] {taskinstance.py:1377} INFO - Starting attempt 1 of 6
[2022-08-06 19:36:30,180] {taskinstance.py:1378} INFO - 
--------------------------------------------------------------------------------
[2022-08-06 19:36:30,197] {taskinstance.py:1397} INFO - Executing <Task(BashOperator): first_task> on 2021-09-16 00:00:00+00:00
[2022-08-06 19:36:30,202] {standard_task_runner.py:52} INFO - Started process 551 to run task
[2022-08-06 19:36:30,204] {standard_task_runner.py:79} INFO - Running: ['***', 'tasks', 'run', 'our_first_dag_v5', 'first_task', 'scheduled__2021-09-16T00:00:00+00:00', '--job-id', '147', '--raw', '--subdir', 'DAGS_FOLDER/pipeline.py', '--cfg-path', '/tmp/tmp5o4o5gp0', '--error-file', '/tmp/tmpoxvcsh0x']
[2022-08-06 19:36:30,204] {standard_task_runner.py:80} INFO - Job 147: Subtask first_task
[2022-08-06 19:36:30,266] {task_command.py:371} INFO - Running <TaskInstance: our_first_dag_v5.first_task scheduled__2021-09-16T00:00:00+00:00 [running]> on host b29c168c1666
[2022-08-06 19:36:30,362] {taskinstance.py:1591} INFO - Exporting the following env vars:
AIRFLOW_CTX_DAG_OWNER=coder2j
AIRFLOW_CTX_DAG_ID=our_first_dag_v5
AIRFLOW_CTX_TASK_ID=first_task
AIRFLOW_CTX_EXECUTION_DATE=2021-09-16T00:00:00+00:00
AIRFLOW_CTX_TRY_NUMBER=1
AIRFLOW_CTX_DAG_RUN_ID=scheduled__2021-09-16T00:00:00+00:00
[2022-08-06 19:36:30,363] {subprocess.py:62} INFO - Tmp dir root location: 
 /tmp
[2022-08-06 19:36:30,364] {subprocess.py:74} INFO - Running command: ['bash', '-c', 'echo hello world, this is the first task!']
[2022-08-06 19:36:30,378] {subprocess.py:85} INFO - Output:
[2022-08-06 19:36:30,380] {subprocess.py:92} INFO - hello world, this is the first task!
[2022-08-06 19:36:30,380] {subprocess.py:96} INFO - Command exited with return code 0
[2022-08-06 19:36:30,415] {taskinstance.py:1420} INFO - Marking task as SUCCESS. dag_id=our_first_dag_v5, task_id=first_task, execution_date=20210916T000000, start_date=20220806T193630, end_date=20220806T193630
[2022-08-06 19:36:30,456] {local_task_job.py:156} INFO - Task exited with return code 0
[2022-08-06 19:36:30,503] {local_task_job.py:273} INFO - 2 downstream tasks scheduled from follow-on schedule check
[2022-08-06 21:50:21,786] {taskinstance.py:1179} INFO - Dependencies all met for <TaskInstance: our_first_dag_v5.first_task scheduled__2021-09-16T00:00:00+00:00 [queued]>
[2022-08-06 21:50:21,798] {taskinstance.py:1179} INFO - Dependencies all met for <TaskInstance: our_first_dag_v5.first_task scheduled__2021-09-16T00:00:00+00:00 [queued]>
[2022-08-06 21:50:21,798] {taskinstance.py:1376} INFO - 
--------------------------------------------------------------------------------
[2022-08-06 21:50:21,798] {taskinstance.py:1377} INFO - Starting attempt 1 of 6
[2022-08-06 21:50:21,798] {taskinstance.py:1378} INFO - 
--------------------------------------------------------------------------------
[2022-08-06 21:50:21,819] {taskinstance.py:1397} INFO - Executing <Task(BashOperator): first_task> on 2021-09-16 00:00:00+00:00
[2022-08-06 21:50:21,827] {standard_task_runner.py:52} INFO - Started process 711 to run task
[2022-08-06 21:50:21,831] {standard_task_runner.py:79} INFO - Running: ['***', 'tasks', 'run', 'our_first_dag_v5', 'first_task', 'scheduled__2021-09-16T00:00:00+00:00', '--job-id', '141', '--raw', '--subdir', 'DAGS_FOLDER/pipeline.py', '--cfg-path', '/tmp/tmpxof6is7k', '--error-file', '/tmp/tmpg_44f2dg']
[2022-08-06 21:50:21,831] {standard_task_runner.py:80} INFO - Job 141: Subtask first_task
[2022-08-06 21:50:21,909] {task_command.py:371} INFO - Running <TaskInstance: our_first_dag_v5.first_task scheduled__2021-09-16T00:00:00+00:00 [running]> on host c3f731879890
[2022-08-06 21:50:22,005] {taskinstance.py:1591} INFO - Exporting the following env vars:
AIRFLOW_CTX_DAG_OWNER=coder2j
AIRFLOW_CTX_DAG_ID=our_first_dag_v5
AIRFLOW_CTX_TASK_ID=first_task
AIRFLOW_CTX_EXECUTION_DATE=2021-09-16T00:00:00+00:00
AIRFLOW_CTX_TRY_NUMBER=1
AIRFLOW_CTX_DAG_RUN_ID=scheduled__2021-09-16T00:00:00+00:00
[2022-08-06 21:50:22,006] {subprocess.py:62} INFO - Tmp dir root location: 
 /tmp
[2022-08-06 21:50:22,006] {subprocess.py:74} INFO - Running command: ['bash', '-c', 'echo hello world, this is the first task!']
[2022-08-06 21:50:22,019] {subprocess.py:85} INFO - Output:
[2022-08-06 21:50:22,020] {subprocess.py:92} INFO - hello world, this is the first task!
[2022-08-06 21:50:22,020] {subprocess.py:96} INFO - Command exited with return code 0
[2022-08-06 21:50:22,048] {taskinstance.py:1420} INFO - Marking task as SUCCESS. dag_id=our_first_dag_v5, task_id=first_task, execution_date=20210916T000000, start_date=20220806T215021, end_date=20220806T215022
[2022-08-06 21:50:22,082] {local_task_job.py:156} INFO - Task exited with return code 0
[2022-08-06 21:50:22,133] {local_task_job.py:273} INFO - 2 downstream tasks scheduled from follow-on schedule check
[2022-08-06 21:55:51,276] {taskinstance.py:1179} INFO - Dependencies all met for <TaskInstance: our_first_dag_v5.first_task scheduled__2021-09-16T00:00:00+00:00 [queued]>
[2022-08-06 21:55:51,291] {taskinstance.py:1179} INFO - Dependencies all met for <TaskInstance: our_first_dag_v5.first_task scheduled__2021-09-16T00:00:00+00:00 [queued]>
[2022-08-06 21:55:51,291] {taskinstance.py:1376} INFO - 
--------------------------------------------------------------------------------
[2022-08-06 21:55:51,291] {taskinstance.py:1377} INFO - Starting attempt 1 of 6
[2022-08-06 21:55:51,291] {taskinstance.py:1378} INFO - 
--------------------------------------------------------------------------------
[2022-08-06 21:55:51,308] {taskinstance.py:1397} INFO - Executing <Task(BashOperator): first_task> on 2021-09-16 00:00:00+00:00
[2022-08-06 21:55:51,315] {standard_task_runner.py:52} INFO - Started process 518 to run task
[2022-08-06 21:55:51,318] {standard_task_runner.py:79} INFO - Running: ['***', 'tasks', 'run', 'our_first_dag_v5', 'first_task', 'scheduled__2021-09-16T00:00:00+00:00', '--job-id', '142', '--raw', '--subdir', 'DAGS_FOLDER/pipeline.py', '--cfg-path', '/tmp/tmp0s0ma2a3', '--error-file', '/tmp/tmpu_31kso9']
[2022-08-06 21:55:51,318] {standard_task_runner.py:80} INFO - Job 142: Subtask first_task
[2022-08-06 21:55:51,406] {task_command.py:371} INFO - Running <TaskInstance: our_first_dag_v5.first_task scheduled__2021-09-16T00:00:00+00:00 [running]> on host bc7e154a4fdd
[2022-08-06 21:55:51,501] {taskinstance.py:1591} INFO - Exporting the following env vars:
AIRFLOW_CTX_DAG_OWNER=coder2j
AIRFLOW_CTX_DAG_ID=our_first_dag_v5
AIRFLOW_CTX_TASK_ID=first_task
AIRFLOW_CTX_EXECUTION_DATE=2021-09-16T00:00:00+00:00
AIRFLOW_CTX_TRY_NUMBER=1
AIRFLOW_CTX_DAG_RUN_ID=scheduled__2021-09-16T00:00:00+00:00
[2022-08-06 21:55:51,502] {subprocess.py:62} INFO - Tmp dir root location: 
 /tmp
[2022-08-06 21:55:51,502] {subprocess.py:74} INFO - Running command: ['bash', '-c', 'echo hello world, this is the first task!']
[2022-08-06 21:55:51,516] {subprocess.py:85} INFO - Output:
[2022-08-06 21:55:51,517] {subprocess.py:92} INFO - hello world, this is the first task!
[2022-08-06 21:55:51,517] {subprocess.py:96} INFO - Command exited with return code 0
[2022-08-06 21:55:51,545] {taskinstance.py:1420} INFO - Marking task as SUCCESS. dag_id=our_first_dag_v5, task_id=first_task, execution_date=20210916T000000, start_date=20220806T215551, end_date=20220806T215551
[2022-08-06 21:55:51,571] {local_task_job.py:156} INFO - Task exited with return code 0
[2022-08-06 21:55:51,618] {local_task_job.py:273} INFO - 2 downstream tasks scheduled from follow-on schedule check
[2022-08-06 22:10:54,132] {taskinstance.py:1179} INFO - Dependencies all met for <TaskInstance: our_first_dag_v5.first_task scheduled__2021-09-16T00:00:00+00:00 [queued]>
[2022-08-06 22:10:54,142] {taskinstance.py:1179} INFO - Dependencies all met for <TaskInstance: our_first_dag_v5.first_task scheduled__2021-09-16T00:00:00+00:00 [queued]>
[2022-08-06 22:10:54,142] {taskinstance.py:1376} INFO - 
--------------------------------------------------------------------------------
[2022-08-06 22:10:54,142] {taskinstance.py:1377} INFO - Starting attempt 1 of 6
[2022-08-06 22:10:54,142] {taskinstance.py:1378} INFO - 
--------------------------------------------------------------------------------
[2022-08-06 22:10:54,157] {taskinstance.py:1397} INFO - Executing <Task(BashOperator): first_task> on 2021-09-16 00:00:00+00:00
[2022-08-06 22:10:54,162] {standard_task_runner.py:52} INFO - Started process 536 to run task
[2022-08-06 22:10:54,164] {standard_task_runner.py:79} INFO - Running: ['***', 'tasks', 'run', 'our_first_dag_v5', 'first_task', 'scheduled__2021-09-16T00:00:00+00:00', '--job-id', '145', '--raw', '--subdir', 'DAGS_FOLDER/pipeline.py', '--cfg-path', '/tmp/tmpvsex3y0u', '--error-file', '/tmp/tmpold7xlfp']
[2022-08-06 22:10:54,165] {standard_task_runner.py:80} INFO - Job 145: Subtask first_task
[2022-08-06 22:10:54,224] {task_command.py:371} INFO - Running <TaskInstance: our_first_dag_v5.first_task scheduled__2021-09-16T00:00:00+00:00 [running]> on host 1250c3b659cd
[2022-08-06 22:10:54,304] {taskinstance.py:1591} INFO - Exporting the following env vars:
AIRFLOW_CTX_DAG_OWNER=coder2j
AIRFLOW_CTX_DAG_ID=our_first_dag_v5
AIRFLOW_CTX_TASK_ID=first_task
AIRFLOW_CTX_EXECUTION_DATE=2021-09-16T00:00:00+00:00
AIRFLOW_CTX_TRY_NUMBER=1
AIRFLOW_CTX_DAG_RUN_ID=scheduled__2021-09-16T00:00:00+00:00
[2022-08-06 22:10:54,305] {subprocess.py:62} INFO - Tmp dir root location: 
 /tmp
[2022-08-06 22:10:54,306] {subprocess.py:74} INFO - Running command: ['bash', '-c', 'echo hello world, this is the first task!']
[2022-08-06 22:10:54,320] {subprocess.py:85} INFO - Output:
[2022-08-06 22:10:54,322] {subprocess.py:92} INFO - hello world, this is the first task!
[2022-08-06 22:10:54,322] {subprocess.py:96} INFO - Command exited with return code 0
[2022-08-06 22:10:54,358] {taskinstance.py:1420} INFO - Marking task as SUCCESS. dag_id=our_first_dag_v5, task_id=first_task, execution_date=20210916T000000, start_date=20220806T221054, end_date=20220806T221054
[2022-08-06 22:10:54,416] {local_task_job.py:156} INFO - Task exited with return code 0
[2022-08-06 22:10:54,455] {local_task_job.py:273} INFO - 2 downstream tasks scheduled from follow-on schedule check
[2022-08-06 22:18:40,321] {taskinstance.py:1179} INFO - Dependencies all met for <TaskInstance: our_first_dag_v5.first_task scheduled__2021-09-16T00:00:00+00:00 [queued]>
[2022-08-06 22:18:40,335] {taskinstance.py:1179} INFO - Dependencies all met for <TaskInstance: our_first_dag_v5.first_task scheduled__2021-09-16T00:00:00+00:00 [queued]>
[2022-08-06 22:18:40,335] {taskinstance.py:1376} INFO - 
--------------------------------------------------------------------------------
[2022-08-06 22:18:40,335] {taskinstance.py:1377} INFO - Starting attempt 1 of 6
[2022-08-06 22:18:40,335] {taskinstance.py:1378} INFO - 
--------------------------------------------------------------------------------
[2022-08-06 22:18:40,355] {taskinstance.py:1397} INFO - Executing <Task(BashOperator): first_task> on 2021-09-16 00:00:00+00:00
[2022-08-06 22:18:40,362] {standard_task_runner.py:52} INFO - Started process 545 to run task
[2022-08-06 22:18:40,364] {standard_task_runner.py:79} INFO - Running: ['***', 'tasks', 'run', 'our_first_dag_v5', 'first_task', 'scheduled__2021-09-16T00:00:00+00:00', '--job-id', '145', '--raw', '--subdir', 'DAGS_FOLDER/pipeline.py', '--cfg-path', '/tmp/tmpopxkzz1j', '--error-file', '/tmp/tmpgc0rx8np']
[2022-08-06 22:18:40,364] {standard_task_runner.py:80} INFO - Job 145: Subtask first_task
[2022-08-06 22:18:40,434] {task_command.py:371} INFO - Running <TaskInstance: our_first_dag_v5.first_task scheduled__2021-09-16T00:00:00+00:00 [running]> on host ed53bde1c44a
[2022-08-06 22:18:40,513] {taskinstance.py:1591} INFO - Exporting the following env vars:
AIRFLOW_CTX_DAG_OWNER=coder2j
AIRFLOW_CTX_DAG_ID=our_first_dag_v5
AIRFLOW_CTX_TASK_ID=first_task
AIRFLOW_CTX_EXECUTION_DATE=2021-09-16T00:00:00+00:00
AIRFLOW_CTX_TRY_NUMBER=1
AIRFLOW_CTX_DAG_RUN_ID=scheduled__2021-09-16T00:00:00+00:00
[2022-08-06 22:18:40,514] {subprocess.py:62} INFO - Tmp dir root location: 
 /tmp
[2022-08-06 22:18:40,515] {subprocess.py:74} INFO - Running command: ['bash', '-c', 'echo hello world, this is the first task!']
[2022-08-06 22:18:40,529] {subprocess.py:85} INFO - Output:
[2022-08-06 22:18:40,531] {subprocess.py:92} INFO - hello world, this is the first task!
[2022-08-06 22:18:40,531] {subprocess.py:96} INFO - Command exited with return code 0
[2022-08-06 22:18:40,566] {taskinstance.py:1420} INFO - Marking task as SUCCESS. dag_id=our_first_dag_v5, task_id=first_task, execution_date=20210916T000000, start_date=20220806T221840, end_date=20220806T221840
[2022-08-06 22:18:40,616] {local_task_job.py:156} INFO - Task exited with return code 0
[2022-08-06 22:18:40,661] {local_task_job.py:273} INFO - 2 downstream tasks scheduled from follow-on schedule check
[2022-08-06 22:22:16,430] {taskinstance.py:1179} INFO - Dependencies all met for <TaskInstance: our_first_dag_v5.first_task scheduled__2021-09-16T00:00:00+00:00 [queued]>
[2022-08-06 22:22:16,440] {taskinstance.py:1179} INFO - Dependencies all met for <TaskInstance: our_first_dag_v5.first_task scheduled__2021-09-16T00:00:00+00:00 [queued]>
[2022-08-06 22:22:16,441] {taskinstance.py:1376} INFO - 
--------------------------------------------------------------------------------
[2022-08-06 22:22:16,441] {taskinstance.py:1377} INFO - Starting attempt 1 of 6
[2022-08-06 22:22:16,441] {taskinstance.py:1378} INFO - 
--------------------------------------------------------------------------------
[2022-08-06 22:22:16,455] {taskinstance.py:1397} INFO - Executing <Task(BashOperator): first_task> on 2021-09-16 00:00:00+00:00
[2022-08-06 22:22:16,460] {standard_task_runner.py:52} INFO - Started process 587 to run task
[2022-08-06 22:22:16,462] {standard_task_runner.py:79} INFO - Running: ['***', 'tasks', 'run', 'our_first_dag_v5', 'first_task', 'scheduled__2021-09-16T00:00:00+00:00', '--job-id', '147', '--raw', '--subdir', 'DAGS_FOLDER/pipeline.py', '--cfg-path', '/tmp/tmpxghxsvc1', '--error-file', '/tmp/tmppovzfadv']
[2022-08-06 22:22:16,462] {standard_task_runner.py:80} INFO - Job 147: Subtask first_task
[2022-08-06 22:22:16,519] {task_command.py:371} INFO - Running <TaskInstance: our_first_dag_v5.first_task scheduled__2021-09-16T00:00:00+00:00 [running]> on host b215076695c3
[2022-08-06 22:22:16,602] {taskinstance.py:1591} INFO - Exporting the following env vars:
AIRFLOW_CTX_DAG_OWNER=coder2j
AIRFLOW_CTX_DAG_ID=our_first_dag_v5
AIRFLOW_CTX_TASK_ID=first_task
AIRFLOW_CTX_EXECUTION_DATE=2021-09-16T00:00:00+00:00
AIRFLOW_CTX_TRY_NUMBER=1
AIRFLOW_CTX_DAG_RUN_ID=scheduled__2021-09-16T00:00:00+00:00
[2022-08-06 22:22:16,603] {subprocess.py:62} INFO - Tmp dir root location: 
 /tmp
[2022-08-06 22:22:16,603] {subprocess.py:74} INFO - Running command: ['bash', '-c', 'echo hello world, this is the first task!']
[2022-08-06 22:22:16,616] {subprocess.py:85} INFO - Output:
[2022-08-06 22:22:16,618] {subprocess.py:92} INFO - hello world, this is the first task!
[2022-08-06 22:22:16,618] {subprocess.py:96} INFO - Command exited with return code 0
[2022-08-06 22:22:16,649] {taskinstance.py:1420} INFO - Marking task as SUCCESS. dag_id=our_first_dag_v5, task_id=first_task, execution_date=20210916T000000, start_date=20220806T222216, end_date=20220806T222216
[2022-08-06 22:22:16,674] {local_task_job.py:156} INFO - Task exited with return code 0
[2022-08-06 22:22:16,725] {local_task_job.py:273} INFO - 0 downstream tasks scheduled from follow-on schedule check
