[2022-08-06 19:39:44,730] {taskinstance.py:1179} INFO - Dependencies all met for <TaskInstance: our_first_dag_v5.thrid_task scheduled__2022-08-01T00:00:00+00:00 [queued]>
[2022-08-06 19:39:44,750] {taskinstance.py:1179} INFO - Dependencies all met for <TaskInstance: our_first_dag_v5.thrid_task scheduled__2022-08-01T00:00:00+00:00 [queued]>
[2022-08-06 19:39:44,750] {taskinstance.py:1376} INFO - 
--------------------------------------------------------------------------------
[2022-08-06 19:39:44,750] {taskinstance.py:1377} INFO - Starting attempt 1 of 6
[2022-08-06 19:39:44,750] {taskinstance.py:1378} INFO - 
--------------------------------------------------------------------------------
[2022-08-06 19:39:44,777] {taskinstance.py:1397} INFO - Executing <Task(BashOperator): thrid_task> on 2022-08-01 00:00:00+00:00
[2022-08-06 19:39:44,784] {standard_task_runner.py:52} INFO - Started process 3571 to run task
[2022-08-06 19:39:44,787] {standard_task_runner.py:79} INFO - Running: ['***', 'tasks', 'run', 'our_first_dag_v5', 'thrid_task', 'scheduled__2022-08-01T00:00:00+00:00', '--job-id', '1107', '--raw', '--subdir', 'DAGS_FOLDER/pipeline.py', '--cfg-path', '/tmp/tmp2bi_tjyu', '--error-file', '/tmp/tmp4besj1h8']
[2022-08-06 19:39:44,787] {standard_task_runner.py:80} INFO - Job 1107: Subtask thrid_task
[2022-08-06 19:39:44,889] {task_command.py:371} INFO - Running <TaskInstance: our_first_dag_v5.thrid_task scheduled__2022-08-01T00:00:00+00:00 [running]> on host b29c168c1666
[2022-08-06 19:39:45,009] {taskinstance.py:1591} INFO - Exporting the following env vars:
AIRFLOW_CTX_DAG_OWNER=coder2j
AIRFLOW_CTX_DAG_ID=our_first_dag_v5
AIRFLOW_CTX_TASK_ID=thrid_task
AIRFLOW_CTX_EXECUTION_DATE=2022-08-01T00:00:00+00:00
AIRFLOW_CTX_TRY_NUMBER=1
AIRFLOW_CTX_DAG_RUN_ID=scheduled__2022-08-01T00:00:00+00:00
[2022-08-06 19:39:45,010] {subprocess.py:62} INFO - Tmp dir root location: 
 /tmp
[2022-08-06 19:39:45,011] {subprocess.py:74} INFO - Running command: ['bash', '-c', 'echo hey, I am task3 and will be running after task1 at the same time as task2!']
[2022-08-06 19:39:45,027] {subprocess.py:85} INFO - Output:
[2022-08-06 19:39:45,029] {subprocess.py:92} INFO - hey, I am task3 and will be running after task1 at the same time as task2!
[2022-08-06 19:39:45,029] {subprocess.py:96} INFO - Command exited with return code 0
[2022-08-06 19:39:45,069] {taskinstance.py:1420} INFO - Marking task as SUCCESS. dag_id=our_first_dag_v5, task_id=thrid_task, execution_date=20220801T000000, start_date=20220806T193944, end_date=20220806T193945
[2022-08-06 19:39:45,124] {local_task_job.py:156} INFO - Task exited with return code 0
[2022-08-06 19:39:45,163] {local_task_job.py:273} INFO - 0 downstream tasks scheduled from follow-on schedule check
[2022-08-06 21:53:38,461] {taskinstance.py:1179} INFO - Dependencies all met for <TaskInstance: our_first_dag_v5.thrid_task scheduled__2022-08-01T00:00:00+00:00 [queued]>
[2022-08-06 21:53:38,474] {taskinstance.py:1179} INFO - Dependencies all met for <TaskInstance: our_first_dag_v5.thrid_task scheduled__2022-08-01T00:00:00+00:00 [queued]>
[2022-08-06 21:53:38,474] {taskinstance.py:1376} INFO - 
--------------------------------------------------------------------------------
[2022-08-06 21:53:38,475] {taskinstance.py:1377} INFO - Starting attempt 1 of 6
[2022-08-06 21:53:38,475] {taskinstance.py:1378} INFO - 
--------------------------------------------------------------------------------
[2022-08-06 21:53:38,490] {taskinstance.py:1397} INFO - Executing <Task(BashOperator): thrid_task> on 2022-08-01 00:00:00+00:00
[2022-08-06 21:53:38,496] {standard_task_runner.py:52} INFO - Started process 3759 to run task
[2022-08-06 21:53:38,499] {standard_task_runner.py:79} INFO - Running: ['***', 'tasks', 'run', 'our_first_dag_v5', 'thrid_task', 'scheduled__2022-08-01T00:00:00+00:00', '--job-id', '1106', '--raw', '--subdir', 'DAGS_FOLDER/pipeline.py', '--cfg-path', '/tmp/tmpzj13zohh', '--error-file', '/tmp/tmpeglg_l0b']
[2022-08-06 21:53:38,499] {standard_task_runner.py:80} INFO - Job 1106: Subtask thrid_task
[2022-08-06 21:53:38,561] {task_command.py:371} INFO - Running <TaskInstance: our_first_dag_v5.thrid_task scheduled__2022-08-01T00:00:00+00:00 [running]> on host c3f731879890
[2022-08-06 21:53:38,654] {taskinstance.py:1591} INFO - Exporting the following env vars:
AIRFLOW_CTX_DAG_OWNER=coder2j
AIRFLOW_CTX_DAG_ID=our_first_dag_v5
AIRFLOW_CTX_TASK_ID=thrid_task
AIRFLOW_CTX_EXECUTION_DATE=2022-08-01T00:00:00+00:00
AIRFLOW_CTX_TRY_NUMBER=1
AIRFLOW_CTX_DAG_RUN_ID=scheduled__2022-08-01T00:00:00+00:00
[2022-08-06 21:53:38,655] {subprocess.py:62} INFO - Tmp dir root location: 
 /tmp
[2022-08-06 21:53:38,655] {subprocess.py:74} INFO - Running command: ['bash', '-c', 'echo hey, I am task3 and will be running after task1 at the same time as task2!']
[2022-08-06 21:53:38,669] {subprocess.py:85} INFO - Output:
[2022-08-06 21:53:38,670] {subprocess.py:92} INFO - hey, I am task3 and will be running after task1 at the same time as task2!
[2022-08-06 21:53:38,670] {subprocess.py:96} INFO - Command exited with return code 0
[2022-08-06 21:53:38,701] {taskinstance.py:1420} INFO - Marking task as SUCCESS. dag_id=our_first_dag_v5, task_id=thrid_task, execution_date=20220801T000000, start_date=20220806T215338, end_date=20220806T215338
[2022-08-06 21:53:38,750] {local_task_job.py:156} INFO - Task exited with return code 0
[2022-08-06 21:53:38,779] {local_task_job.py:273} INFO - 0 downstream tasks scheduled from follow-on schedule check
[2022-08-06 21:59:02,041] {taskinstance.py:1179} INFO - Dependencies all met for <TaskInstance: our_first_dag_v5.thrid_task scheduled__2022-08-01T00:00:00+00:00 [queued]>
[2022-08-06 21:59:02,058] {taskinstance.py:1179} INFO - Dependencies all met for <TaskInstance: our_first_dag_v5.thrid_task scheduled__2022-08-01T00:00:00+00:00 [queued]>
[2022-08-06 21:59:02,059] {taskinstance.py:1376} INFO - 
--------------------------------------------------------------------------------
[2022-08-06 21:59:02,059] {taskinstance.py:1377} INFO - Starting attempt 1 of 6
[2022-08-06 21:59:02,059] {taskinstance.py:1378} INFO - 
--------------------------------------------------------------------------------
[2022-08-06 21:59:02,081] {taskinstance.py:1397} INFO - Executing <Task(BashOperator): thrid_task> on 2022-08-01 00:00:00+00:00
[2022-08-06 21:59:02,090] {standard_task_runner.py:52} INFO - Started process 3569 to run task
[2022-08-06 21:59:02,093] {standard_task_runner.py:79} INFO - Running: ['***', 'tasks', 'run', 'our_first_dag_v5', 'thrid_task', 'scheduled__2022-08-01T00:00:00+00:00', '--job-id', '1112', '--raw', '--subdir', 'DAGS_FOLDER/pipeline.py', '--cfg-path', '/tmp/tmpuoyu06bu', '--error-file', '/tmp/tmpz__6l3ih']
[2022-08-06 21:59:02,094] {standard_task_runner.py:80} INFO - Job 1112: Subtask thrid_task
[2022-08-06 21:59:02,193] {task_command.py:371} INFO - Running <TaskInstance: our_first_dag_v5.thrid_task scheduled__2022-08-01T00:00:00+00:00 [running]> on host bc7e154a4fdd
[2022-08-06 21:59:02,296] {taskinstance.py:1591} INFO - Exporting the following env vars:
AIRFLOW_CTX_DAG_OWNER=coder2j
AIRFLOW_CTX_DAG_ID=our_first_dag_v5
AIRFLOW_CTX_TASK_ID=thrid_task
AIRFLOW_CTX_EXECUTION_DATE=2022-08-01T00:00:00+00:00
AIRFLOW_CTX_TRY_NUMBER=1
AIRFLOW_CTX_DAG_RUN_ID=scheduled__2022-08-01T00:00:00+00:00
[2022-08-06 21:59:02,296] {subprocess.py:62} INFO - Tmp dir root location: 
 /tmp
[2022-08-06 21:59:02,297] {subprocess.py:74} INFO - Running command: ['bash', '-c', 'echo hey, I am task3 and will be running after task1 at the same time as task2!']
[2022-08-06 21:59:02,311] {subprocess.py:85} INFO - Output:
[2022-08-06 21:59:02,313] {subprocess.py:92} INFO - hey, I am task3 and will be running after task1 at the same time as task2!
[2022-08-06 21:59:02,313] {subprocess.py:96} INFO - Command exited with return code 0
[2022-08-06 21:59:02,356] {taskinstance.py:1420} INFO - Marking task as SUCCESS. dag_id=our_first_dag_v5, task_id=thrid_task, execution_date=20220801T000000, start_date=20220806T215902, end_date=20220806T215902
[2022-08-06 21:59:02,395] {local_task_job.py:156} INFO - Task exited with return code 0
[2022-08-06 21:59:02,478] {local_task_job.py:273} INFO - 0 downstream tasks scheduled from follow-on schedule check
[2022-08-06 22:14:00,564] {taskinstance.py:1179} INFO - Dependencies all met for <TaskInstance: our_first_dag_v5.thrid_task scheduled__2022-08-01T00:00:00+00:00 [queued]>
[2022-08-06 22:14:00,580] {taskinstance.py:1179} INFO - Dependencies all met for <TaskInstance: our_first_dag_v5.thrid_task scheduled__2022-08-01T00:00:00+00:00 [queued]>
[2022-08-06 22:14:00,580] {taskinstance.py:1376} INFO - 
--------------------------------------------------------------------------------
[2022-08-06 22:14:00,581] {taskinstance.py:1377} INFO - Starting attempt 1 of 6
[2022-08-06 22:14:00,581] {taskinstance.py:1378} INFO - 
--------------------------------------------------------------------------------
[2022-08-06 22:14:00,601] {taskinstance.py:1397} INFO - Executing <Task(BashOperator): thrid_task> on 2022-08-01 00:00:00+00:00
[2022-08-06 22:14:00,608] {standard_task_runner.py:52} INFO - Started process 3565 to run task
[2022-08-06 22:14:00,612] {standard_task_runner.py:79} INFO - Running: ['***', 'tasks', 'run', 'our_first_dag_v5', 'thrid_task', 'scheduled__2022-08-01T00:00:00+00:00', '--job-id', '1107', '--raw', '--subdir', 'DAGS_FOLDER/pipeline.py', '--cfg-path', '/tmp/tmp6vn15i44', '--error-file', '/tmp/tmp3qoa9q_x']
[2022-08-06 22:14:00,612] {standard_task_runner.py:80} INFO - Job 1107: Subtask thrid_task
[2022-08-06 22:14:00,681] {task_command.py:371} INFO - Running <TaskInstance: our_first_dag_v5.thrid_task scheduled__2022-08-01T00:00:00+00:00 [running]> on host 1250c3b659cd
[2022-08-06 22:14:00,759] {taskinstance.py:1591} INFO - Exporting the following env vars:
AIRFLOW_CTX_DAG_OWNER=coder2j
AIRFLOW_CTX_DAG_ID=our_first_dag_v5
AIRFLOW_CTX_TASK_ID=thrid_task
AIRFLOW_CTX_EXECUTION_DATE=2022-08-01T00:00:00+00:00
AIRFLOW_CTX_TRY_NUMBER=1
AIRFLOW_CTX_DAG_RUN_ID=scheduled__2022-08-01T00:00:00+00:00
[2022-08-06 22:14:00,759] {subprocess.py:62} INFO - Tmp dir root location: 
 /tmp
[2022-08-06 22:14:00,760] {subprocess.py:74} INFO - Running command: ['bash', '-c', 'echo hey, I am task3 and will be running after task1 at the same time as task2!']
[2022-08-06 22:14:00,772] {subprocess.py:85} INFO - Output:
[2022-08-06 22:14:00,773] {subprocess.py:92} INFO - hey, I am task3 and will be running after task1 at the same time as task2!
[2022-08-06 22:14:00,774] {subprocess.py:96} INFO - Command exited with return code 0
[2022-08-06 22:14:00,799] {taskinstance.py:1420} INFO - Marking task as SUCCESS. dag_id=our_first_dag_v5, task_id=thrid_task, execution_date=20220801T000000, start_date=20220806T221400, end_date=20220806T221400
[2022-08-06 22:14:00,822] {local_task_job.py:156} INFO - Task exited with return code 0
[2022-08-06 22:14:00,851] {local_task_job.py:273} INFO - 0 downstream tasks scheduled from follow-on schedule check
[2022-08-06 22:25:18,585] {taskinstance.py:1179} INFO - Dependencies all met for <TaskInstance: our_first_dag_v5.thrid_task scheduled__2022-08-01T00:00:00+00:00 [queued]>
[2022-08-06 22:25:18,603] {taskinstance.py:1179} INFO - Dependencies all met for <TaskInstance: our_first_dag_v5.thrid_task scheduled__2022-08-01T00:00:00+00:00 [queued]>
[2022-08-06 22:25:18,604] {taskinstance.py:1376} INFO - 
--------------------------------------------------------------------------------
[2022-08-06 22:25:18,604] {taskinstance.py:1377} INFO - Starting attempt 1 of 6
[2022-08-06 22:25:18,604] {taskinstance.py:1378} INFO - 
--------------------------------------------------------------------------------
[2022-08-06 22:25:18,628] {taskinstance.py:1397} INFO - Executing <Task(BashOperator): thrid_task> on 2022-08-01 00:00:00+00:00
[2022-08-06 22:25:18,636] {standard_task_runner.py:52} INFO - Started process 3631 to run task
[2022-08-06 22:25:18,640] {standard_task_runner.py:79} INFO - Running: ['***', 'tasks', 'run', 'our_first_dag_v5', 'thrid_task', 'scheduled__2022-08-01T00:00:00+00:00', '--job-id', '1115', '--raw', '--subdir', 'DAGS_FOLDER/pipeline.py', '--cfg-path', '/tmp/tmp4zs22vu4', '--error-file', '/tmp/tmp8uv4rf73']
[2022-08-06 22:25:18,640] {standard_task_runner.py:80} INFO - Job 1115: Subtask thrid_task
[2022-08-06 22:25:18,719] {task_command.py:371} INFO - Running <TaskInstance: our_first_dag_v5.thrid_task scheduled__2022-08-01T00:00:00+00:00 [running]> on host b215076695c3
[2022-08-06 22:25:18,814] {taskinstance.py:1591} INFO - Exporting the following env vars:
AIRFLOW_CTX_DAG_OWNER=coder2j
AIRFLOW_CTX_DAG_ID=our_first_dag_v5
AIRFLOW_CTX_TASK_ID=thrid_task
AIRFLOW_CTX_EXECUTION_DATE=2022-08-01T00:00:00+00:00
AIRFLOW_CTX_TRY_NUMBER=1
AIRFLOW_CTX_DAG_RUN_ID=scheduled__2022-08-01T00:00:00+00:00
[2022-08-06 22:25:18,816] {subprocess.py:62} INFO - Tmp dir root location: 
 /tmp
[2022-08-06 22:25:18,816] {subprocess.py:74} INFO - Running command: ['bash', '-c', 'echo hey, I am task3 and will be running after task1 at the same time as task2!']
[2022-08-06 22:25:18,834] {subprocess.py:85} INFO - Output:
[2022-08-06 22:25:18,836] {subprocess.py:92} INFO - hey, I am task3 and will be running after task1 at the same time as task2!
[2022-08-06 22:25:18,837] {subprocess.py:96} INFO - Command exited with return code 0
[2022-08-06 22:25:18,871] {taskinstance.py:1420} INFO - Marking task as SUCCESS. dag_id=our_first_dag_v5, task_id=thrid_task, execution_date=20220801T000000, start_date=20220806T222518, end_date=20220806T222518
[2022-08-06 22:25:18,934] {local_task_job.py:156} INFO - Task exited with return code 0
[2022-08-06 22:25:18,983] {local_task_job.py:273} INFO - 0 downstream tasks scheduled from follow-on schedule check
