[2022-08-06 19:38:06,208] {taskinstance.py:1179} INFO - Dependencies all met for <TaskInstance: our_first_dag_v5.second_task scheduled__2022-02-19T00:00:00+00:00 [queued]>
[2022-08-06 19:38:06,219] {taskinstance.py:1179} INFO - Dependencies all met for <TaskInstance: our_first_dag_v5.second_task scheduled__2022-02-19T00:00:00+00:00 [queued]>
[2022-08-06 19:38:06,219] {taskinstance.py:1376} INFO - 
--------------------------------------------------------------------------------
[2022-08-06 19:38:06,219] {taskinstance.py:1377} INFO - Starting attempt 1 of 6
[2022-08-06 19:38:06,219] {taskinstance.py:1378} INFO - 
--------------------------------------------------------------------------------
[2022-08-06 19:38:06,233] {taskinstance.py:1397} INFO - Executing <Task(BashOperator): second_task> on 2022-02-19 00:00:00+00:00
[2022-08-06 19:38:06,240] {standard_task_runner.py:52} INFO - Started process 2026 to run task
[2022-08-06 19:38:06,243] {standard_task_runner.py:79} INFO - Running: ['***', 'tasks', 'run', 'our_first_dag_v5', 'second_task', 'scheduled__2022-02-19T00:00:00+00:00', '--job-id', '616', '--raw', '--subdir', 'DAGS_FOLDER/pipeline.py', '--cfg-path', '/tmp/tmpxmpi5ljq', '--error-file', '/tmp/tmpqed_jc_g']
[2022-08-06 19:38:06,244] {standard_task_runner.py:80} INFO - Job 616: Subtask second_task
[2022-08-06 19:38:06,325] {task_command.py:371} INFO - Running <TaskInstance: our_first_dag_v5.second_task scheduled__2022-02-19T00:00:00+00:00 [running]> on host b29c168c1666
[2022-08-06 19:38:06,423] {taskinstance.py:1591} INFO - Exporting the following env vars:
AIRFLOW_CTX_DAG_OWNER=coder2j
AIRFLOW_CTX_DAG_ID=our_first_dag_v5
AIRFLOW_CTX_TASK_ID=second_task
AIRFLOW_CTX_EXECUTION_DATE=2022-02-19T00:00:00+00:00
AIRFLOW_CTX_TRY_NUMBER=1
AIRFLOW_CTX_DAG_RUN_ID=scheduled__2022-02-19T00:00:00+00:00
[2022-08-06 19:38:06,424] {subprocess.py:62} INFO - Tmp dir root location: 
 /tmp
[2022-08-06 19:38:06,425] {subprocess.py:74} INFO - Running command: ['bash', '-c', 'echo hey, I am task2 and will be running after task1!']
[2022-08-06 19:38:06,437] {subprocess.py:85} INFO - Output:
[2022-08-06 19:38:06,439] {subprocess.py:92} INFO - hey, I am task2 and will be running after task1!
[2022-08-06 19:38:06,439] {subprocess.py:96} INFO - Command exited with return code 0
[2022-08-06 19:38:06,474] {taskinstance.py:1420} INFO - Marking task as SUCCESS. dag_id=our_first_dag_v5, task_id=second_task, execution_date=20220219T000000, start_date=20220806T193806, end_date=20220806T193806
[2022-08-06 19:38:06,495] {local_task_job.py:156} INFO - Task exited with return code 0
[2022-08-06 19:38:06,535] {local_task_job.py:273} INFO - 0 downstream tasks scheduled from follow-on schedule check
[2022-08-06 21:51:59,334] {taskinstance.py:1179} INFO - Dependencies all met for <TaskInstance: our_first_dag_v5.second_task scheduled__2022-02-19T00:00:00+00:00 [queued]>
[2022-08-06 21:51:59,348] {taskinstance.py:1179} INFO - Dependencies all met for <TaskInstance: our_first_dag_v5.second_task scheduled__2022-02-19T00:00:00+00:00 [queued]>
[2022-08-06 21:51:59,348] {taskinstance.py:1376} INFO - 
--------------------------------------------------------------------------------
[2022-08-06 21:51:59,348] {taskinstance.py:1377} INFO - Starting attempt 1 of 6
[2022-08-06 21:51:59,348] {taskinstance.py:1378} INFO - 
--------------------------------------------------------------------------------
[2022-08-06 21:51:59,366] {taskinstance.py:1397} INFO - Executing <Task(BashOperator): second_task> on 2022-02-19 00:00:00+00:00
[2022-08-06 21:51:59,373] {standard_task_runner.py:52} INFO - Started process 2215 to run task
[2022-08-06 21:51:59,375] {standard_task_runner.py:79} INFO - Running: ['***', 'tasks', 'run', 'our_first_dag_v5', 'second_task', 'scheduled__2022-02-19T00:00:00+00:00', '--job-id', '618', '--raw', '--subdir', 'DAGS_FOLDER/pipeline.py', '--cfg-path', '/tmp/tmp79030zxg', '--error-file', '/tmp/tmp2g0grsf6']
[2022-08-06 21:51:59,376] {standard_task_runner.py:80} INFO - Job 618: Subtask second_task
[2022-08-06 21:51:59,445] {task_command.py:371} INFO - Running <TaskInstance: our_first_dag_v5.second_task scheduled__2022-02-19T00:00:00+00:00 [running]> on host c3f731879890
[2022-08-06 21:51:59,564] {taskinstance.py:1591} INFO - Exporting the following env vars:
AIRFLOW_CTX_DAG_OWNER=coder2j
AIRFLOW_CTX_DAG_ID=our_first_dag_v5
AIRFLOW_CTX_TASK_ID=second_task
AIRFLOW_CTX_EXECUTION_DATE=2022-02-19T00:00:00+00:00
AIRFLOW_CTX_TRY_NUMBER=1
AIRFLOW_CTX_DAG_RUN_ID=scheduled__2022-02-19T00:00:00+00:00
[2022-08-06 21:51:59,565] {subprocess.py:62} INFO - Tmp dir root location: 
 /tmp
[2022-08-06 21:51:59,565] {subprocess.py:74} INFO - Running command: ['bash', '-c', 'echo hey, I am task2 and will be running after task1!']
[2022-08-06 21:51:59,583] {subprocess.py:85} INFO - Output:
[2022-08-06 21:51:59,585] {subprocess.py:92} INFO - hey, I am task2 and will be running after task1!
[2022-08-06 21:51:59,586] {subprocess.py:96} INFO - Command exited with return code 0
[2022-08-06 21:51:59,625] {taskinstance.py:1420} INFO - Marking task as SUCCESS. dag_id=our_first_dag_v5, task_id=second_task, execution_date=20220219T000000, start_date=20220806T215159, end_date=20220806T215159
[2022-08-06 21:51:59,668] {local_task_job.py:156} INFO - Task exited with return code 0
[2022-08-06 21:51:59,723] {local_task_job.py:273} INFO - 0 downstream tasks scheduled from follow-on schedule check
[2022-08-06 21:57:24,033] {taskinstance.py:1179} INFO - Dependencies all met for <TaskInstance: our_first_dag_v5.second_task scheduled__2022-02-19T00:00:00+00:00 [queued]>
[2022-08-06 21:57:24,049] {taskinstance.py:1179} INFO - Dependencies all met for <TaskInstance: our_first_dag_v5.second_task scheduled__2022-02-19T00:00:00+00:00 [queued]>
[2022-08-06 21:57:24,049] {taskinstance.py:1376} INFO - 
--------------------------------------------------------------------------------
[2022-08-06 21:57:24,049] {taskinstance.py:1377} INFO - Starting attempt 1 of 6
[2022-08-06 21:57:24,049] {taskinstance.py:1378} INFO - 
--------------------------------------------------------------------------------
[2022-08-06 21:57:24,069] {taskinstance.py:1397} INFO - Executing <Task(BashOperator): second_task> on 2022-02-19 00:00:00+00:00
[2022-08-06 21:57:24,078] {standard_task_runner.py:52} INFO - Started process 2021 to run task
[2022-08-06 21:57:24,082] {standard_task_runner.py:79} INFO - Running: ['***', 'tasks', 'run', 'our_first_dag_v5', 'second_task', 'scheduled__2022-02-19T00:00:00+00:00', '--job-id', '619', '--raw', '--subdir', 'DAGS_FOLDER/pipeline.py', '--cfg-path', '/tmp/tmpoeyf4u8o', '--error-file', '/tmp/tmpxgkswb73']
[2022-08-06 21:57:24,082] {standard_task_runner.py:80} INFO - Job 619: Subtask second_task
[2022-08-06 21:57:24,176] {task_command.py:371} INFO - Running <TaskInstance: our_first_dag_v5.second_task scheduled__2022-02-19T00:00:00+00:00 [running]> on host bc7e154a4fdd
[2022-08-06 21:57:24,273] {taskinstance.py:1591} INFO - Exporting the following env vars:
AIRFLOW_CTX_DAG_OWNER=coder2j
AIRFLOW_CTX_DAG_ID=our_first_dag_v5
AIRFLOW_CTX_TASK_ID=second_task
AIRFLOW_CTX_EXECUTION_DATE=2022-02-19T00:00:00+00:00
AIRFLOW_CTX_TRY_NUMBER=1
AIRFLOW_CTX_DAG_RUN_ID=scheduled__2022-02-19T00:00:00+00:00
[2022-08-06 21:57:24,274] {subprocess.py:62} INFO - Tmp dir root location: 
 /tmp
[2022-08-06 21:57:24,275] {subprocess.py:74} INFO - Running command: ['bash', '-c', 'echo hey, I am task2 and will be running after task1!']
[2022-08-06 21:57:24,290] {subprocess.py:85} INFO - Output:
[2022-08-06 21:57:24,292] {subprocess.py:92} INFO - hey, I am task2 and will be running after task1!
[2022-08-06 21:57:24,292] {subprocess.py:96} INFO - Command exited with return code 0
[2022-08-06 21:57:24,324] {taskinstance.py:1420} INFO - Marking task as SUCCESS. dag_id=our_first_dag_v5, task_id=second_task, execution_date=20220219T000000, start_date=20220806T215724, end_date=20220806T215724
[2022-08-06 21:57:24,374] {local_task_job.py:156} INFO - Task exited with return code 0
[2022-08-06 21:57:24,422] {local_task_job.py:273} INFO - 0 downstream tasks scheduled from follow-on schedule check
[2022-08-06 22:12:24,508] {taskinstance.py:1179} INFO - Dependencies all met for <TaskInstance: our_first_dag_v5.second_task scheduled__2022-02-19T00:00:00+00:00 [queued]>
[2022-08-06 22:12:24,519] {taskinstance.py:1179} INFO - Dependencies all met for <TaskInstance: our_first_dag_v5.second_task scheduled__2022-02-19T00:00:00+00:00 [queued]>
[2022-08-06 22:12:24,519] {taskinstance.py:1376} INFO - 
--------------------------------------------------------------------------------
[2022-08-06 22:12:24,519] {taskinstance.py:1377} INFO - Starting attempt 1 of 6
[2022-08-06 22:12:24,519] {taskinstance.py:1378} INFO - 
--------------------------------------------------------------------------------
[2022-08-06 22:12:24,533] {taskinstance.py:1397} INFO - Executing <Task(BashOperator): second_task> on 2022-02-19 00:00:00+00:00
[2022-08-06 22:12:24,539] {standard_task_runner.py:52} INFO - Started process 2021 to run task
[2022-08-06 22:12:24,541] {standard_task_runner.py:79} INFO - Running: ['***', 'tasks', 'run', 'our_first_dag_v5', 'second_task', 'scheduled__2022-02-19T00:00:00+00:00', '--job-id', '616', '--raw', '--subdir', 'DAGS_FOLDER/pipeline.py', '--cfg-path', '/tmp/tmpb3tzh1rh', '--error-file', '/tmp/tmpvpnz2lj4']
[2022-08-06 22:12:24,542] {standard_task_runner.py:80} INFO - Job 616: Subtask second_task
[2022-08-06 22:12:24,597] {task_command.py:371} INFO - Running <TaskInstance: our_first_dag_v5.second_task scheduled__2022-02-19T00:00:00+00:00 [running]> on host 1250c3b659cd
[2022-08-06 22:12:24,666] {taskinstance.py:1591} INFO - Exporting the following env vars:
AIRFLOW_CTX_DAG_OWNER=coder2j
AIRFLOW_CTX_DAG_ID=our_first_dag_v5
AIRFLOW_CTX_TASK_ID=second_task
AIRFLOW_CTX_EXECUTION_DATE=2022-02-19T00:00:00+00:00
AIRFLOW_CTX_TRY_NUMBER=1
AIRFLOW_CTX_DAG_RUN_ID=scheduled__2022-02-19T00:00:00+00:00
[2022-08-06 22:12:24,667] {subprocess.py:62} INFO - Tmp dir root location: 
 /tmp
[2022-08-06 22:12:24,667] {subprocess.py:74} INFO - Running command: ['bash', '-c', 'echo hey, I am task2 and will be running after task1!']
[2022-08-06 22:12:24,679] {subprocess.py:85} INFO - Output:
[2022-08-06 22:12:24,680] {subprocess.py:92} INFO - hey, I am task2 and will be running after task1!
[2022-08-06 22:12:24,680] {subprocess.py:96} INFO - Command exited with return code 0
[2022-08-06 22:12:24,706] {taskinstance.py:1420} INFO - Marking task as SUCCESS. dag_id=our_first_dag_v5, task_id=second_task, execution_date=20220219T000000, start_date=20220806T221224, end_date=20220806T221224
[2022-08-06 22:12:24,753] {local_task_job.py:156} INFO - Task exited with return code 0
[2022-08-06 22:12:24,779] {local_task_job.py:273} INFO - 0 downstream tasks scheduled from follow-on schedule check
[2022-08-06 22:23:48,212] {taskinstance.py:1179} INFO - Dependencies all met for <TaskInstance: our_first_dag_v5.second_task scheduled__2022-02-19T00:00:00+00:00 [queued]>
[2022-08-06 22:23:48,225] {taskinstance.py:1179} INFO - Dependencies all met for <TaskInstance: our_first_dag_v5.second_task scheduled__2022-02-19T00:00:00+00:00 [queued]>
[2022-08-06 22:23:48,225] {taskinstance.py:1376} INFO - 
--------------------------------------------------------------------------------
[2022-08-06 22:23:48,225] {taskinstance.py:1377} INFO - Starting attempt 1 of 6
[2022-08-06 22:23:48,226] {taskinstance.py:1378} INFO - 
--------------------------------------------------------------------------------
[2022-08-06 22:23:48,243] {taskinstance.py:1397} INFO - Executing <Task(BashOperator): second_task> on 2022-02-19 00:00:00+00:00
[2022-08-06 22:23:48,251] {standard_task_runner.py:52} INFO - Started process 2081 to run task
[2022-08-06 22:23:48,254] {standard_task_runner.py:79} INFO - Running: ['***', 'tasks', 'run', 'our_first_dag_v5', 'second_task', 'scheduled__2022-02-19T00:00:00+00:00', '--job-id', '619', '--raw', '--subdir', 'DAGS_FOLDER/pipeline.py', '--cfg-path', '/tmp/tmp3l6fcvcr', '--error-file', '/tmp/tmpssdm8w6j']
[2022-08-06 22:23:48,254] {standard_task_runner.py:80} INFO - Job 619: Subtask second_task
[2022-08-06 22:23:48,344] {task_command.py:371} INFO - Running <TaskInstance: our_first_dag_v5.second_task scheduled__2022-02-19T00:00:00+00:00 [running]> on host b215076695c3
[2022-08-06 22:23:48,456] {taskinstance.py:1591} INFO - Exporting the following env vars:
AIRFLOW_CTX_DAG_OWNER=coder2j
AIRFLOW_CTX_DAG_ID=our_first_dag_v5
AIRFLOW_CTX_TASK_ID=second_task
AIRFLOW_CTX_EXECUTION_DATE=2022-02-19T00:00:00+00:00
AIRFLOW_CTX_TRY_NUMBER=1
AIRFLOW_CTX_DAG_RUN_ID=scheduled__2022-02-19T00:00:00+00:00
[2022-08-06 22:23:48,457] {subprocess.py:62} INFO - Tmp dir root location: 
 /tmp
[2022-08-06 22:23:48,457] {subprocess.py:74} INFO - Running command: ['bash', '-c', 'echo hey, I am task2 and will be running after task1!']
[2022-08-06 22:23:48,474] {subprocess.py:85} INFO - Output:
[2022-08-06 22:23:48,476] {subprocess.py:92} INFO - hey, I am task2 and will be running after task1!
[2022-08-06 22:23:48,476] {subprocess.py:96} INFO - Command exited with return code 0
[2022-08-06 22:23:48,550] {taskinstance.py:1420} INFO - Marking task as SUCCESS. dag_id=our_first_dag_v5, task_id=second_task, execution_date=20220219T000000, start_date=20220806T222348, end_date=20220806T222348
[2022-08-06 22:23:48,586] {local_task_job.py:156} INFO - Task exited with return code 0
[2022-08-06 22:23:48,648] {local_task_job.py:273} INFO - 0 downstream tasks scheduled from follow-on schedule check
