[2022-08-06 19:38:49,834] {taskinstance.py:1179} INFO - Dependencies all met for <TaskInstance: our_first_dag_v5.first_task scheduled__2022-05-01T00:00:00+00:00 [queued]>
[2022-08-06 19:38:49,852] {taskinstance.py:1179} INFO - Dependencies all met for <TaskInstance: our_first_dag_v5.first_task scheduled__2022-05-01T00:00:00+00:00 [queued]>
[2022-08-06 19:38:49,852] {taskinstance.py:1376} INFO - 
--------------------------------------------------------------------------------
[2022-08-06 19:38:49,853] {taskinstance.py:1377} INFO - Starting attempt 1 of 6
[2022-08-06 19:38:49,853] {taskinstance.py:1378} INFO - 
--------------------------------------------------------------------------------
[2022-08-06 19:38:49,880] {taskinstance.py:1397} INFO - Executing <Task(BashOperator): first_task> on 2022-05-01 00:00:00+00:00
[2022-08-06 19:38:49,887] {standard_task_runner.py:52} INFO - Started process 2690 to run task
[2022-08-06 19:38:49,892] {standard_task_runner.py:79} INFO - Running: ['***', 'tasks', 'run', 'our_first_dag_v5', 'first_task', 'scheduled__2022-05-01T00:00:00+00:00', '--job-id', '826', '--raw', '--subdir', 'DAGS_FOLDER/pipeline.py', '--cfg-path', '/tmp/tmp_c2uohrr', '--error-file', '/tmp/tmpdoxbt4zn']
[2022-08-06 19:38:49,892] {standard_task_runner.py:80} INFO - Job 826: Subtask first_task
[2022-08-06 19:38:49,973] {task_command.py:371} INFO - Running <TaskInstance: our_first_dag_v5.first_task scheduled__2022-05-01T00:00:00+00:00 [running]> on host b29c168c1666
[2022-08-06 19:38:50,065] {taskinstance.py:1591} INFO - Exporting the following env vars:
AIRFLOW_CTX_DAG_OWNER=coder2j
AIRFLOW_CTX_DAG_ID=our_first_dag_v5
AIRFLOW_CTX_TASK_ID=first_task
AIRFLOW_CTX_EXECUTION_DATE=2022-05-01T00:00:00+00:00
AIRFLOW_CTX_TRY_NUMBER=1
AIRFLOW_CTX_DAG_RUN_ID=scheduled__2022-05-01T00:00:00+00:00
[2022-08-06 19:38:50,066] {subprocess.py:62} INFO - Tmp dir root location: 
 /tmp
[2022-08-06 19:38:50,066] {subprocess.py:74} INFO - Running command: ['bash', '-c', 'echo hello world, this is the first task!']
[2022-08-06 19:38:50,080] {subprocess.py:85} INFO - Output:
[2022-08-06 19:38:50,082] {subprocess.py:92} INFO - hello world, this is the first task!
[2022-08-06 19:38:50,082] {subprocess.py:96} INFO - Command exited with return code 0
[2022-08-06 19:38:50,116] {taskinstance.py:1420} INFO - Marking task as SUCCESS. dag_id=our_first_dag_v5, task_id=first_task, execution_date=20220501T000000, start_date=20220806T193849, end_date=20220806T193850
[2022-08-06 19:38:50,182] {local_task_job.py:156} INFO - Task exited with return code 0
[2022-08-06 19:38:50,230] {local_task_job.py:273} INFO - 2 downstream tasks scheduled from follow-on schedule check
[2022-08-06 21:52:41,563] {taskinstance.py:1179} INFO - Dependencies all met for <TaskInstance: our_first_dag_v5.first_task scheduled__2022-05-01T00:00:00+00:00 [queued]>
[2022-08-06 21:52:41,575] {taskinstance.py:1179} INFO - Dependencies all met for <TaskInstance: our_first_dag_v5.first_task scheduled__2022-05-01T00:00:00+00:00 [queued]>
[2022-08-06 21:52:41,575] {taskinstance.py:1376} INFO - 
--------------------------------------------------------------------------------
[2022-08-06 21:52:41,575] {taskinstance.py:1377} INFO - Starting attempt 1 of 6
[2022-08-06 21:52:41,575] {taskinstance.py:1378} INFO - 
--------------------------------------------------------------------------------
[2022-08-06 21:52:41,591] {taskinstance.py:1397} INFO - Executing <Task(BashOperator): first_task> on 2022-05-01 00:00:00+00:00
[2022-08-06 21:52:41,596] {standard_task_runner.py:52} INFO - Started process 2877 to run task
[2022-08-06 21:52:41,598] {standard_task_runner.py:79} INFO - Running: ['***', 'tasks', 'run', 'our_first_dag_v5', 'first_task', 'scheduled__2022-05-01T00:00:00+00:00', '--job-id', '826', '--raw', '--subdir', 'DAGS_FOLDER/pipeline.py', '--cfg-path', '/tmp/tmp6syvq1go', '--error-file', '/tmp/tmp5e09kxgu']
[2022-08-06 21:52:41,598] {standard_task_runner.py:80} INFO - Job 826: Subtask first_task
[2022-08-06 21:52:41,652] {task_command.py:371} INFO - Running <TaskInstance: our_first_dag_v5.first_task scheduled__2022-05-01T00:00:00+00:00 [running]> on host c3f731879890
[2022-08-06 21:52:41,736] {taskinstance.py:1591} INFO - Exporting the following env vars:
AIRFLOW_CTX_DAG_OWNER=coder2j
AIRFLOW_CTX_DAG_ID=our_first_dag_v5
AIRFLOW_CTX_TASK_ID=first_task
AIRFLOW_CTX_EXECUTION_DATE=2022-05-01T00:00:00+00:00
AIRFLOW_CTX_TRY_NUMBER=1
AIRFLOW_CTX_DAG_RUN_ID=scheduled__2022-05-01T00:00:00+00:00
[2022-08-06 21:52:41,736] {subprocess.py:62} INFO - Tmp dir root location: 
 /tmp
[2022-08-06 21:52:41,737] {subprocess.py:74} INFO - Running command: ['bash', '-c', 'echo hello world, this is the first task!']
[2022-08-06 21:52:41,750] {subprocess.py:85} INFO - Output:
[2022-08-06 21:52:41,752] {subprocess.py:92} INFO - hello world, this is the first task!
[2022-08-06 21:52:41,752] {subprocess.py:96} INFO - Command exited with return code 0
[2022-08-06 21:52:41,783] {taskinstance.py:1420} INFO - Marking task as SUCCESS. dag_id=our_first_dag_v5, task_id=first_task, execution_date=20220501T000000, start_date=20220806T215241, end_date=20220806T215241
[2022-08-06 21:52:41,809] {local_task_job.py:156} INFO - Task exited with return code 0
[2022-08-06 21:52:41,856] {local_task_job.py:273} INFO - 2 downstream tasks scheduled from follow-on schedule check
[2022-08-06 21:58:05,670] {taskinstance.py:1179} INFO - Dependencies all met for <TaskInstance: our_first_dag_v5.first_task scheduled__2022-05-01T00:00:00+00:00 [queued]>
[2022-08-06 21:58:05,685] {taskinstance.py:1179} INFO - Dependencies all met for <TaskInstance: our_first_dag_v5.first_task scheduled__2022-05-01T00:00:00+00:00 [queued]>
[2022-08-06 21:58:05,686] {taskinstance.py:1376} INFO - 
--------------------------------------------------------------------------------
[2022-08-06 21:58:05,686] {taskinstance.py:1377} INFO - Starting attempt 1 of 6
[2022-08-06 21:58:05,686] {taskinstance.py:1378} INFO - 
--------------------------------------------------------------------------------
[2022-08-06 21:58:05,708] {taskinstance.py:1397} INFO - Executing <Task(BashOperator): first_task> on 2022-05-01 00:00:00+00:00
[2022-08-06 21:58:05,717] {standard_task_runner.py:52} INFO - Started process 2659 to run task
[2022-08-06 21:58:05,720] {standard_task_runner.py:79} INFO - Running: ['***', 'tasks', 'run', 'our_first_dag_v5', 'first_task', 'scheduled__2022-05-01T00:00:00+00:00', '--job-id', '822', '--raw', '--subdir', 'DAGS_FOLDER/pipeline.py', '--cfg-path', '/tmp/tmpfmfudid9', '--error-file', '/tmp/tmpvth1gu3k']
[2022-08-06 21:58:05,720] {standard_task_runner.py:80} INFO - Job 822: Subtask first_task
[2022-08-06 21:58:05,797] {task_command.py:371} INFO - Running <TaskInstance: our_first_dag_v5.first_task scheduled__2022-05-01T00:00:00+00:00 [running]> on host bc7e154a4fdd
[2022-08-06 21:58:05,891] {taskinstance.py:1591} INFO - Exporting the following env vars:
AIRFLOW_CTX_DAG_OWNER=coder2j
AIRFLOW_CTX_DAG_ID=our_first_dag_v5
AIRFLOW_CTX_TASK_ID=first_task
AIRFLOW_CTX_EXECUTION_DATE=2022-05-01T00:00:00+00:00
AIRFLOW_CTX_TRY_NUMBER=1
AIRFLOW_CTX_DAG_RUN_ID=scheduled__2022-05-01T00:00:00+00:00
[2022-08-06 21:58:05,892] {subprocess.py:62} INFO - Tmp dir root location: 
 /tmp
[2022-08-06 21:58:05,892] {subprocess.py:74} INFO - Running command: ['bash', '-c', 'echo hello world, this is the first task!']
[2022-08-06 21:58:05,908] {subprocess.py:85} INFO - Output:
[2022-08-06 21:58:05,909] {subprocess.py:92} INFO - hello world, this is the first task!
[2022-08-06 21:58:05,910] {subprocess.py:96} INFO - Command exited with return code 0
[2022-08-06 21:58:05,952] {taskinstance.py:1420} INFO - Marking task as SUCCESS. dag_id=our_first_dag_v5, task_id=first_task, execution_date=20220501T000000, start_date=20220806T215805, end_date=20220806T215805
[2022-08-06 21:58:06,012] {local_task_job.py:156} INFO - Task exited with return code 0
[2022-08-06 21:58:06,062] {local_task_job.py:273} INFO - 2 downstream tasks scheduled from follow-on schedule check
[2022-08-06 22:13:05,808] {taskinstance.py:1179} INFO - Dependencies all met for <TaskInstance: our_first_dag_v5.first_task scheduled__2022-05-01T00:00:00+00:00 [queued]>
[2022-08-06 22:13:05,820] {taskinstance.py:1179} INFO - Dependencies all met for <TaskInstance: our_first_dag_v5.first_task scheduled__2022-05-01T00:00:00+00:00 [queued]>
[2022-08-06 22:13:05,820] {taskinstance.py:1376} INFO - 
--------------------------------------------------------------------------------
[2022-08-06 22:13:05,820] {taskinstance.py:1377} INFO - Starting attempt 1 of 6
[2022-08-06 22:13:05,820] {taskinstance.py:1378} INFO - 
--------------------------------------------------------------------------------
[2022-08-06 22:13:05,838] {taskinstance.py:1397} INFO - Executing <Task(BashOperator): first_task> on 2022-05-01 00:00:00+00:00
[2022-08-06 22:13:05,844] {standard_task_runner.py:52} INFO - Started process 2668 to run task
[2022-08-06 22:13:05,847] {standard_task_runner.py:79} INFO - Running: ['***', 'tasks', 'run', 'our_first_dag_v5', 'first_task', 'scheduled__2022-05-01T00:00:00+00:00', '--job-id', '824', '--raw', '--subdir', 'DAGS_FOLDER/pipeline.py', '--cfg-path', '/tmp/tmpchv9d16y', '--error-file', '/tmp/tmpix1gm_2k']
[2022-08-06 22:13:05,847] {standard_task_runner.py:80} INFO - Job 824: Subtask first_task
[2022-08-06 22:13:05,925] {task_command.py:371} INFO - Running <TaskInstance: our_first_dag_v5.first_task scheduled__2022-05-01T00:00:00+00:00 [running]> on host 1250c3b659cd
[2022-08-06 22:13:06,008] {taskinstance.py:1591} INFO - Exporting the following env vars:
AIRFLOW_CTX_DAG_OWNER=coder2j
AIRFLOW_CTX_DAG_ID=our_first_dag_v5
AIRFLOW_CTX_TASK_ID=first_task
AIRFLOW_CTX_EXECUTION_DATE=2022-05-01T00:00:00+00:00
AIRFLOW_CTX_TRY_NUMBER=1
AIRFLOW_CTX_DAG_RUN_ID=scheduled__2022-05-01T00:00:00+00:00
[2022-08-06 22:13:06,009] {subprocess.py:62} INFO - Tmp dir root location: 
 /tmp
[2022-08-06 22:13:06,009] {subprocess.py:74} INFO - Running command: ['bash', '-c', 'echo hello world, this is the first task!']
[2022-08-06 22:13:06,023] {subprocess.py:85} INFO - Output:
[2022-08-06 22:13:06,025] {subprocess.py:92} INFO - hello world, this is the first task!
[2022-08-06 22:13:06,025] {subprocess.py:96} INFO - Command exited with return code 0
[2022-08-06 22:13:06,058] {taskinstance.py:1420} INFO - Marking task as SUCCESS. dag_id=our_first_dag_v5, task_id=first_task, execution_date=20220501T000000, start_date=20220806T221305, end_date=20220806T221306
[2022-08-06 22:13:06,098] {local_task_job.py:156} INFO - Task exited with return code 0
[2022-08-06 22:13:06,141] {local_task_job.py:273} INFO - 2 downstream tasks scheduled from follow-on schedule check
[2022-08-06 22:24:25,026] {taskinstance.py:1179} INFO - Dependencies all met for <TaskInstance: our_first_dag_v5.first_task scheduled__2022-05-01T00:00:00+00:00 [queued]>
[2022-08-06 22:24:25,037] {taskinstance.py:1179} INFO - Dependencies all met for <TaskInstance: our_first_dag_v5.first_task scheduled__2022-05-01T00:00:00+00:00 [queued]>
[2022-08-06 22:24:25,037] {taskinstance.py:1376} INFO - 
--------------------------------------------------------------------------------
[2022-08-06 22:24:25,037] {taskinstance.py:1377} INFO - Starting attempt 1 of 6
[2022-08-06 22:24:25,037] {taskinstance.py:1378} INFO - 
--------------------------------------------------------------------------------
[2022-08-06 22:24:25,052] {taskinstance.py:1397} INFO - Executing <Task(BashOperator): first_task> on 2022-05-01 00:00:00+00:00
[2022-08-06 22:24:25,057] {standard_task_runner.py:52} INFO - Started process 2731 to run task
[2022-08-06 22:24:25,060] {standard_task_runner.py:79} INFO - Running: ['***', 'tasks', 'run', 'our_first_dag_v5', 'first_task', 'scheduled__2022-05-01T00:00:00+00:00', '--job-id', '829', '--raw', '--subdir', 'DAGS_FOLDER/pipeline.py', '--cfg-path', '/tmp/tmpnq37zoar', '--error-file', '/tmp/tmpkt911x1k']
[2022-08-06 22:24:25,060] {standard_task_runner.py:80} INFO - Job 829: Subtask first_task
[2022-08-06 22:24:25,123] {task_command.py:371} INFO - Running <TaskInstance: our_first_dag_v5.first_task scheduled__2022-05-01T00:00:00+00:00 [running]> on host b215076695c3
[2022-08-06 22:24:25,228] {taskinstance.py:1591} INFO - Exporting the following env vars:
AIRFLOW_CTX_DAG_OWNER=coder2j
AIRFLOW_CTX_DAG_ID=our_first_dag_v5
AIRFLOW_CTX_TASK_ID=first_task
AIRFLOW_CTX_EXECUTION_DATE=2022-05-01T00:00:00+00:00
AIRFLOW_CTX_TRY_NUMBER=1
AIRFLOW_CTX_DAG_RUN_ID=scheduled__2022-05-01T00:00:00+00:00
[2022-08-06 22:24:25,229] {subprocess.py:62} INFO - Tmp dir root location: 
 /tmp
[2022-08-06 22:24:25,229] {subprocess.py:74} INFO - Running command: ['bash', '-c', 'echo hello world, this is the first task!']
[2022-08-06 22:24:25,245] {subprocess.py:85} INFO - Output:
[2022-08-06 22:24:25,246] {subprocess.py:92} INFO - hello world, this is the first task!
[2022-08-06 22:24:25,247] {subprocess.py:96} INFO - Command exited with return code 0
[2022-08-06 22:24:25,289] {taskinstance.py:1420} INFO - Marking task as SUCCESS. dag_id=our_first_dag_v5, task_id=first_task, execution_date=20220501T000000, start_date=20220806T222425, end_date=20220806T222425
[2022-08-06 22:24:25,351] {local_task_job.py:156} INFO - Task exited with return code 0
[2022-08-06 22:24:25,390] {local_task_job.py:273} INFO - 2 downstream tasks scheduled from follow-on schedule check
