[2022-08-06 19:39:20,029] {taskinstance.py:1179} INFO - Dependencies all met for <TaskInstance: our_first_dag_v5.thrid_task scheduled__2022-06-20T00:00:00+00:00 [queued]>
[2022-08-06 19:39:20,050] {taskinstance.py:1179} INFO - Dependencies all met for <TaskInstance: our_first_dag_v5.thrid_task scheduled__2022-06-20T00:00:00+00:00 [queued]>
[2022-08-06 19:39:20,050] {taskinstance.py:1376} INFO - 
--------------------------------------------------------------------------------
[2022-08-06 19:39:20,050] {taskinstance.py:1377} INFO - Starting attempt 1 of 6
[2022-08-06 19:39:20,051] {taskinstance.py:1378} INFO - 
--------------------------------------------------------------------------------
[2022-08-06 19:39:20,077] {taskinstance.py:1397} INFO - Executing <Task(BashOperator): thrid_task> on 2022-06-20 00:00:00+00:00
[2022-08-06 19:39:20,086] {standard_task_runner.py:52} INFO - Started process 3183 to run task
[2022-08-06 19:39:20,089] {standard_task_runner.py:79} INFO - Running: ['***', 'tasks', 'run', 'our_first_dag_v5', 'thrid_task', 'scheduled__2022-06-20T00:00:00+00:00', '--job-id', '984', '--raw', '--subdir', 'DAGS_FOLDER/pipeline.py', '--cfg-path', '/tmp/tmp95_ozwlh', '--error-file', '/tmp/tmp7beemwng']
[2022-08-06 19:39:20,090] {standard_task_runner.py:80} INFO - Job 984: Subtask thrid_task
[2022-08-06 19:39:20,178] {task_command.py:371} INFO - Running <TaskInstance: our_first_dag_v5.thrid_task scheduled__2022-06-20T00:00:00+00:00 [running]> on host b29c168c1666
[2022-08-06 19:39:20,278] {taskinstance.py:1591} INFO - Exporting the following env vars:
AIRFLOW_CTX_DAG_OWNER=coder2j
AIRFLOW_CTX_DAG_ID=our_first_dag_v5
AIRFLOW_CTX_TASK_ID=thrid_task
AIRFLOW_CTX_EXECUTION_DATE=2022-06-20T00:00:00+00:00
AIRFLOW_CTX_TRY_NUMBER=1
AIRFLOW_CTX_DAG_RUN_ID=scheduled__2022-06-20T00:00:00+00:00
[2022-08-06 19:39:20,279] {subprocess.py:62} INFO - Tmp dir root location: 
 /tmp
[2022-08-06 19:39:20,279] {subprocess.py:74} INFO - Running command: ['bash', '-c', 'echo hey, I am task3 and will be running after task1 at the same time as task2!']
[2022-08-06 19:39:20,294] {subprocess.py:85} INFO - Output:
[2022-08-06 19:39:20,296] {subprocess.py:92} INFO - hey, I am task3 and will be running after task1 at the same time as task2!
[2022-08-06 19:39:20,296] {subprocess.py:96} INFO - Command exited with return code 0
[2022-08-06 19:39:20,334] {taskinstance.py:1420} INFO - Marking task as SUCCESS. dag_id=our_first_dag_v5, task_id=thrid_task, execution_date=20220620T000000, start_date=20220806T193920, end_date=20220806T193920
[2022-08-06 19:39:20,384] {local_task_job.py:156} INFO - Task exited with return code 0
[2022-08-06 19:39:20,429] {local_task_job.py:273} INFO - 0 downstream tasks scheduled from follow-on schedule check
[2022-08-06 21:53:11,319] {taskinstance.py:1179} INFO - Dependencies all met for <TaskInstance: our_first_dag_v5.thrid_task scheduled__2022-06-20T00:00:00+00:00 [queued]>
[2022-08-06 21:53:11,334] {taskinstance.py:1179} INFO - Dependencies all met for <TaskInstance: our_first_dag_v5.thrid_task scheduled__2022-06-20T00:00:00+00:00 [queued]>
[2022-08-06 21:53:11,334] {taskinstance.py:1376} INFO - 
--------------------------------------------------------------------------------
[2022-08-06 21:53:11,334] {taskinstance.py:1377} INFO - Starting attempt 1 of 6
[2022-08-06 21:53:11,334] {taskinstance.py:1378} INFO - 
--------------------------------------------------------------------------------
[2022-08-06 21:53:11,353] {taskinstance.py:1397} INFO - Executing <Task(BashOperator): thrid_task> on 2022-06-20 00:00:00+00:00
[2022-08-06 21:53:11,361] {standard_task_runner.py:52} INFO - Started process 3364 to run task
[2022-08-06 21:53:11,364] {standard_task_runner.py:79} INFO - Running: ['***', 'tasks', 'run', 'our_first_dag_v5', 'thrid_task', 'scheduled__2022-06-20T00:00:00+00:00', '--job-id', '980', '--raw', '--subdir', 'DAGS_FOLDER/pipeline.py', '--cfg-path', '/tmp/tmpkng94f7k', '--error-file', '/tmp/tmpni5mc550']
[2022-08-06 21:53:11,364] {standard_task_runner.py:80} INFO - Job 980: Subtask thrid_task
[2022-08-06 21:53:11,446] {task_command.py:371} INFO - Running <TaskInstance: our_first_dag_v5.thrid_task scheduled__2022-06-20T00:00:00+00:00 [running]> on host c3f731879890
[2022-08-06 21:53:11,555] {taskinstance.py:1591} INFO - Exporting the following env vars:
AIRFLOW_CTX_DAG_OWNER=coder2j
AIRFLOW_CTX_DAG_ID=our_first_dag_v5
AIRFLOW_CTX_TASK_ID=thrid_task
AIRFLOW_CTX_EXECUTION_DATE=2022-06-20T00:00:00+00:00
AIRFLOW_CTX_TRY_NUMBER=1
AIRFLOW_CTX_DAG_RUN_ID=scheduled__2022-06-20T00:00:00+00:00
[2022-08-06 21:53:11,556] {subprocess.py:62} INFO - Tmp dir root location: 
 /tmp
[2022-08-06 21:53:11,557] {subprocess.py:74} INFO - Running command: ['bash', '-c', 'echo hey, I am task3 and will be running after task1 at the same time as task2!']
[2022-08-06 21:53:11,574] {subprocess.py:85} INFO - Output:
[2022-08-06 21:53:11,576] {subprocess.py:92} INFO - hey, I am task3 and will be running after task1 at the same time as task2!
[2022-08-06 21:53:11,577] {subprocess.py:96} INFO - Command exited with return code 0
[2022-08-06 21:53:11,614] {taskinstance.py:1420} INFO - Marking task as SUCCESS. dag_id=our_first_dag_v5, task_id=thrid_task, execution_date=20220620T000000, start_date=20220806T215311, end_date=20220806T215311
[2022-08-06 21:53:11,658] {local_task_job.py:156} INFO - Task exited with return code 0
[2022-08-06 21:53:11,695] {local_task_job.py:273} INFO - 0 downstream tasks scheduled from follow-on schedule check
[2022-08-06 21:58:38,850] {taskinstance.py:1179} INFO - Dependencies all met for <TaskInstance: our_first_dag_v5.thrid_task scheduled__2022-06-20T00:00:00+00:00 [queued]>
[2022-08-06 21:58:38,870] {taskinstance.py:1179} INFO - Dependencies all met for <TaskInstance: our_first_dag_v5.thrid_task scheduled__2022-06-20T00:00:00+00:00 [queued]>
[2022-08-06 21:58:38,871] {taskinstance.py:1376} INFO - 
--------------------------------------------------------------------------------
[2022-08-06 21:58:38,871] {taskinstance.py:1377} INFO - Starting attempt 1 of 6
[2022-08-06 21:58:38,871] {taskinstance.py:1378} INFO - 
--------------------------------------------------------------------------------
[2022-08-06 21:58:38,892] {taskinstance.py:1397} INFO - Executing <Task(BashOperator): thrid_task> on 2022-06-20 00:00:00+00:00
[2022-08-06 21:58:38,902] {standard_task_runner.py:52} INFO - Started process 3174 to run task
[2022-08-06 21:58:38,912] {standard_task_runner.py:79} INFO - Running: ['***', 'tasks', 'run', 'our_first_dag_v5', 'thrid_task', 'scheduled__2022-06-20T00:00:00+00:00', '--job-id', '983', '--raw', '--subdir', 'DAGS_FOLDER/pipeline.py', '--cfg-path', '/tmp/tmpd6qu74xk', '--error-file', '/tmp/tmp95_ba0eq']
[2022-08-06 21:58:38,912] {standard_task_runner.py:80} INFO - Job 983: Subtask thrid_task
[2022-08-06 21:58:39,041] {task_command.py:371} INFO - Running <TaskInstance: our_first_dag_v5.thrid_task scheduled__2022-06-20T00:00:00+00:00 [running]> on host bc7e154a4fdd
[2022-08-06 21:58:39,164] {taskinstance.py:1591} INFO - Exporting the following env vars:
AIRFLOW_CTX_DAG_OWNER=coder2j
AIRFLOW_CTX_DAG_ID=our_first_dag_v5
AIRFLOW_CTX_TASK_ID=thrid_task
AIRFLOW_CTX_EXECUTION_DATE=2022-06-20T00:00:00+00:00
AIRFLOW_CTX_TRY_NUMBER=1
AIRFLOW_CTX_DAG_RUN_ID=scheduled__2022-06-20T00:00:00+00:00
[2022-08-06 21:58:39,165] {subprocess.py:62} INFO - Tmp dir root location: 
 /tmp
[2022-08-06 21:58:39,166] {subprocess.py:74} INFO - Running command: ['bash', '-c', 'echo hey, I am task3 and will be running after task1 at the same time as task2!']
[2022-08-06 21:58:39,181] {subprocess.py:85} INFO - Output:
[2022-08-06 21:58:39,183] {subprocess.py:92} INFO - hey, I am task3 and will be running after task1 at the same time as task2!
[2022-08-06 21:58:39,184] {subprocess.py:96} INFO - Command exited with return code 0
[2022-08-06 21:58:39,247] {taskinstance.py:1420} INFO - Marking task as SUCCESS. dag_id=our_first_dag_v5, task_id=thrid_task, execution_date=20220620T000000, start_date=20220806T215838, end_date=20220806T215839
[2022-08-06 21:58:39,278] {local_task_job.py:156} INFO - Task exited with return code 0
[2022-08-06 21:58:39,339] {local_task_job.py:273} INFO - 0 downstream tasks scheduled from follow-on schedule check
[2022-08-06 22:13:36,604] {taskinstance.py:1179} INFO - Dependencies all met for <TaskInstance: our_first_dag_v5.thrid_task scheduled__2022-06-20T00:00:00+00:00 [queued]>
[2022-08-06 22:13:36,619] {taskinstance.py:1179} INFO - Dependencies all met for <TaskInstance: our_first_dag_v5.thrid_task scheduled__2022-06-20T00:00:00+00:00 [queued]>
[2022-08-06 22:13:36,619] {taskinstance.py:1376} INFO - 
--------------------------------------------------------------------------------
[2022-08-06 22:13:36,619] {taskinstance.py:1377} INFO - Starting attempt 1 of 6
[2022-08-06 22:13:36,619] {taskinstance.py:1378} INFO - 
--------------------------------------------------------------------------------
[2022-08-06 22:13:36,637] {taskinstance.py:1397} INFO - Executing <Task(BashOperator): thrid_task> on 2022-06-20 00:00:00+00:00
[2022-08-06 22:13:36,644] {standard_task_runner.py:52} INFO - Started process 3179 to run task
[2022-08-06 22:13:36,647] {standard_task_runner.py:79} INFO - Running: ['***', 'tasks', 'run', 'our_first_dag_v5', 'thrid_task', 'scheduled__2022-06-20T00:00:00+00:00', '--job-id', '985', '--raw', '--subdir', 'DAGS_FOLDER/pipeline.py', '--cfg-path', '/tmp/tmpuy8yt9nu', '--error-file', '/tmp/tmpln8q26v9']
[2022-08-06 22:13:36,647] {standard_task_runner.py:80} INFO - Job 985: Subtask thrid_task
[2022-08-06 22:13:36,742] {task_command.py:371} INFO - Running <TaskInstance: our_first_dag_v5.thrid_task scheduled__2022-06-20T00:00:00+00:00 [running]> on host 1250c3b659cd
[2022-08-06 22:13:36,842] {taskinstance.py:1591} INFO - Exporting the following env vars:
AIRFLOW_CTX_DAG_OWNER=coder2j
AIRFLOW_CTX_DAG_ID=our_first_dag_v5
AIRFLOW_CTX_TASK_ID=thrid_task
AIRFLOW_CTX_EXECUTION_DATE=2022-06-20T00:00:00+00:00
AIRFLOW_CTX_TRY_NUMBER=1
AIRFLOW_CTX_DAG_RUN_ID=scheduled__2022-06-20T00:00:00+00:00
[2022-08-06 22:13:36,844] {subprocess.py:62} INFO - Tmp dir root location: 
 /tmp
[2022-08-06 22:13:36,844] {subprocess.py:74} INFO - Running command: ['bash', '-c', 'echo hey, I am task3 and will be running after task1 at the same time as task2!']
[2022-08-06 22:13:36,862] {subprocess.py:85} INFO - Output:
[2022-08-06 22:13:36,864] {subprocess.py:92} INFO - hey, I am task3 and will be running after task1 at the same time as task2!
[2022-08-06 22:13:36,864] {subprocess.py:96} INFO - Command exited with return code 0
[2022-08-06 22:13:36,900] {taskinstance.py:1420} INFO - Marking task as SUCCESS. dag_id=our_first_dag_v5, task_id=thrid_task, execution_date=20220620T000000, start_date=20220806T221336, end_date=20220806T221336
[2022-08-06 22:13:36,939] {local_task_job.py:156} INFO - Task exited with return code 0
[2022-08-06 22:13:36,979] {local_task_job.py:273} INFO - 0 downstream tasks scheduled from follow-on schedule check
[2022-08-06 22:24:53,403] {taskinstance.py:1179} INFO - Dependencies all met for <TaskInstance: our_first_dag_v5.thrid_task scheduled__2022-06-20T00:00:00+00:00 [queued]>
[2022-08-06 22:24:53,417] {taskinstance.py:1179} INFO - Dependencies all met for <TaskInstance: our_first_dag_v5.thrid_task scheduled__2022-06-20T00:00:00+00:00 [queued]>
[2022-08-06 22:24:53,417] {taskinstance.py:1376} INFO - 
--------------------------------------------------------------------------------
[2022-08-06 22:24:53,417] {taskinstance.py:1377} INFO - Starting attempt 1 of 6
[2022-08-06 22:24:53,417] {taskinstance.py:1378} INFO - 
--------------------------------------------------------------------------------
[2022-08-06 22:24:53,434] {taskinstance.py:1397} INFO - Executing <Task(BashOperator): thrid_task> on 2022-06-20 00:00:00+00:00
[2022-08-06 22:24:53,439] {standard_task_runner.py:52} INFO - Started process 3217 to run task
[2022-08-06 22:24:53,441] {standard_task_runner.py:79} INFO - Running: ['***', 'tasks', 'run', 'our_first_dag_v5', 'thrid_task', 'scheduled__2022-06-20T00:00:00+00:00', '--job-id', '982', '--raw', '--subdir', 'DAGS_FOLDER/pipeline.py', '--cfg-path', '/tmp/tmphx408x2o', '--error-file', '/tmp/tmpdyi_s2l4']
[2022-08-06 22:24:53,442] {standard_task_runner.py:80} INFO - Job 982: Subtask thrid_task
[2022-08-06 22:24:53,500] {task_command.py:371} INFO - Running <TaskInstance: our_first_dag_v5.thrid_task scheduled__2022-06-20T00:00:00+00:00 [running]> on host b215076695c3
[2022-08-06 22:24:53,615] {taskinstance.py:1591} INFO - Exporting the following env vars:
AIRFLOW_CTX_DAG_OWNER=coder2j
AIRFLOW_CTX_DAG_ID=our_first_dag_v5
AIRFLOW_CTX_TASK_ID=thrid_task
AIRFLOW_CTX_EXECUTION_DATE=2022-06-20T00:00:00+00:00
AIRFLOW_CTX_TRY_NUMBER=1
AIRFLOW_CTX_DAG_RUN_ID=scheduled__2022-06-20T00:00:00+00:00
[2022-08-06 22:24:53,616] {subprocess.py:62} INFO - Tmp dir root location: 
 /tmp
[2022-08-06 22:24:53,616] {subprocess.py:74} INFO - Running command: ['bash', '-c', 'echo hey, I am task3 and will be running after task1 at the same time as task2!']
[2022-08-06 22:24:53,629] {subprocess.py:85} INFO - Output:
[2022-08-06 22:24:53,630] {subprocess.py:92} INFO - hey, I am task3 and will be running after task1 at the same time as task2!
[2022-08-06 22:24:53,631] {subprocess.py:96} INFO - Command exited with return code 0
[2022-08-06 22:24:53,658] {taskinstance.py:1420} INFO - Marking task as SUCCESS. dag_id=our_first_dag_v5, task_id=thrid_task, execution_date=20220620T000000, start_date=20220806T222453, end_date=20220806T222453
[2022-08-06 22:24:53,693] {local_task_job.py:156} INFO - Task exited with return code 0
[2022-08-06 22:24:53,719] {local_task_job.py:273} INFO - 0 downstream tasks scheduled from follow-on schedule check
