[2022-08-06 19:38:09,327] {taskinstance.py:1179} INFO - Dependencies all met for <TaskInstance: our_first_dag_v5.thrid_task scheduled__2022-02-22T00:00:00+00:00 [queued]>
[2022-08-06 19:38:09,343] {taskinstance.py:1179} INFO - Dependencies all met for <TaskInstance: our_first_dag_v5.thrid_task scheduled__2022-02-22T00:00:00+00:00 [queued]>
[2022-08-06 19:38:09,343] {taskinstance.py:1376} INFO - 
--------------------------------------------------------------------------------
[2022-08-06 19:38:09,343] {taskinstance.py:1377} INFO - Starting attempt 1 of 6
[2022-08-06 19:38:09,343] {taskinstance.py:1378} INFO - 
--------------------------------------------------------------------------------
[2022-08-06 19:38:09,361] {taskinstance.py:1397} INFO - Executing <Task(BashOperator): thrid_task> on 2022-02-22 00:00:00+00:00
[2022-08-06 19:38:09,368] {standard_task_runner.py:52} INFO - Started process 2068 to run task
[2022-08-06 19:38:09,371] {standard_task_runner.py:79} INFO - Running: ['***', 'tasks', 'run', 'our_first_dag_v5', 'thrid_task', 'scheduled__2022-02-22T00:00:00+00:00', '--job-id', '629', '--raw', '--subdir', 'DAGS_FOLDER/pipeline.py', '--cfg-path', '/tmp/tmp4ftuff7x', '--error-file', '/tmp/tmp7oceh42y']
[2022-08-06 19:38:09,372] {standard_task_runner.py:80} INFO - Job 629: Subtask thrid_task
[2022-08-06 19:38:09,486] {task_command.py:371} INFO - Running <TaskInstance: our_first_dag_v5.thrid_task scheduled__2022-02-22T00:00:00+00:00 [running]> on host b29c168c1666
[2022-08-06 19:38:09,721] {taskinstance.py:1591} INFO - Exporting the following env vars:
AIRFLOW_CTX_DAG_OWNER=coder2j
AIRFLOW_CTX_DAG_ID=our_first_dag_v5
AIRFLOW_CTX_TASK_ID=thrid_task
AIRFLOW_CTX_EXECUTION_DATE=2022-02-22T00:00:00+00:00
AIRFLOW_CTX_TRY_NUMBER=1
AIRFLOW_CTX_DAG_RUN_ID=scheduled__2022-02-22T00:00:00+00:00
[2022-08-06 19:38:09,722] {subprocess.py:62} INFO - Tmp dir root location: 
 /tmp
[2022-08-06 19:38:09,723] {subprocess.py:74} INFO - Running command: ['bash', '-c', 'echo hey, I am task3 and will be running after task1 at the same time as task2!']
[2022-08-06 19:38:09,747] {subprocess.py:85} INFO - Output:
[2022-08-06 19:38:09,753] {subprocess.py:92} INFO - hey, I am task3 and will be running after task1 at the same time as task2!
[2022-08-06 19:38:09,754] {subprocess.py:96} INFO - Command exited with return code 0
[2022-08-06 19:38:09,814] {taskinstance.py:1420} INFO - Marking task as SUCCESS. dag_id=our_first_dag_v5, task_id=thrid_task, execution_date=20220222T000000, start_date=20220806T193809, end_date=20220806T193809
[2022-08-06 19:38:09,849] {local_task_job.py:156} INFO - Task exited with return code 0
[2022-08-06 19:38:09,905] {local_task_job.py:273} INFO - 0 downstream tasks scheduled from follow-on schedule check
[2022-08-06 21:52:00,204] {taskinstance.py:1179} INFO - Dependencies all met for <TaskInstance: our_first_dag_v5.thrid_task scheduled__2022-02-22T00:00:00+00:00 [queued]>
[2022-08-06 21:52:00,220] {taskinstance.py:1179} INFO - Dependencies all met for <TaskInstance: our_first_dag_v5.thrid_task scheduled__2022-02-22T00:00:00+00:00 [queued]>
[2022-08-06 21:52:00,220] {taskinstance.py:1376} INFO - 
--------------------------------------------------------------------------------
[2022-08-06 21:52:00,220] {taskinstance.py:1377} INFO - Starting attempt 1 of 6
[2022-08-06 21:52:00,220] {taskinstance.py:1378} INFO - 
--------------------------------------------------------------------------------
[2022-08-06 21:52:00,243] {taskinstance.py:1397} INFO - Executing <Task(BashOperator): thrid_task> on 2022-02-22 00:00:00+00:00
[2022-08-06 21:52:00,251] {standard_task_runner.py:52} INFO - Started process 2245 to run task
[2022-08-06 21:52:00,254] {standard_task_runner.py:79} INFO - Running: ['***', 'tasks', 'run', 'our_first_dag_v5', 'thrid_task', 'scheduled__2022-02-22T00:00:00+00:00', '--job-id', '628', '--raw', '--subdir', 'DAGS_FOLDER/pipeline.py', '--cfg-path', '/tmp/tmppqqji0n9', '--error-file', '/tmp/tmpjv4rclje']
[2022-08-06 21:52:00,255] {standard_task_runner.py:80} INFO - Job 628: Subtask thrid_task
[2022-08-06 21:52:00,334] {task_command.py:371} INFO - Running <TaskInstance: our_first_dag_v5.thrid_task scheduled__2022-02-22T00:00:00+00:00 [running]> on host c3f731879890
[2022-08-06 21:52:00,433] {taskinstance.py:1591} INFO - Exporting the following env vars:
AIRFLOW_CTX_DAG_OWNER=coder2j
AIRFLOW_CTX_DAG_ID=our_first_dag_v5
AIRFLOW_CTX_TASK_ID=thrid_task
AIRFLOW_CTX_EXECUTION_DATE=2022-02-22T00:00:00+00:00
AIRFLOW_CTX_TRY_NUMBER=1
AIRFLOW_CTX_DAG_RUN_ID=scheduled__2022-02-22T00:00:00+00:00
[2022-08-06 21:52:00,434] {subprocess.py:62} INFO - Tmp dir root location: 
 /tmp
[2022-08-06 21:52:00,434] {subprocess.py:74} INFO - Running command: ['bash', '-c', 'echo hey, I am task3 and will be running after task1 at the same time as task2!']
[2022-08-06 21:52:00,454] {subprocess.py:85} INFO - Output:
[2022-08-06 21:52:00,456] {subprocess.py:92} INFO - hey, I am task3 and will be running after task1 at the same time as task2!
[2022-08-06 21:52:00,456] {subprocess.py:96} INFO - Command exited with return code 0
[2022-08-06 21:52:00,493] {taskinstance.py:1420} INFO - Marking task as SUCCESS. dag_id=our_first_dag_v5, task_id=thrid_task, execution_date=20220222T000000, start_date=20220806T215200, end_date=20220806T215200
[2022-08-06 21:52:00,548] {local_task_job.py:156} INFO - Task exited with return code 0
[2022-08-06 21:52:00,585] {local_task_job.py:273} INFO - 0 downstream tasks scheduled from follow-on schedule check
[2022-08-06 21:57:24,805] {taskinstance.py:1179} INFO - Dependencies all met for <TaskInstance: our_first_dag_v5.thrid_task scheduled__2022-02-22T00:00:00+00:00 [queued]>
[2022-08-06 21:57:24,820] {taskinstance.py:1179} INFO - Dependencies all met for <TaskInstance: our_first_dag_v5.thrid_task scheduled__2022-02-22T00:00:00+00:00 [queued]>
[2022-08-06 21:57:24,820] {taskinstance.py:1376} INFO - 
--------------------------------------------------------------------------------
[2022-08-06 21:57:24,820] {taskinstance.py:1377} INFO - Starting attempt 1 of 6
[2022-08-06 21:57:24,820] {taskinstance.py:1378} INFO - 
--------------------------------------------------------------------------------
[2022-08-06 21:57:24,842] {taskinstance.py:1397} INFO - Executing <Task(BashOperator): thrid_task> on 2022-02-22 00:00:00+00:00
[2022-08-06 21:57:24,850] {standard_task_runner.py:52} INFO - Started process 2044 to run task
[2022-08-06 21:57:24,853] {standard_task_runner.py:79} INFO - Running: ['***', 'tasks', 'run', 'our_first_dag_v5', 'thrid_task', 'scheduled__2022-02-22T00:00:00+00:00', '--job-id', '626', '--raw', '--subdir', 'DAGS_FOLDER/pipeline.py', '--cfg-path', '/tmp/tmp8a7kirjl', '--error-file', '/tmp/tmpusialrvc']
[2022-08-06 21:57:24,854] {standard_task_runner.py:80} INFO - Job 626: Subtask thrid_task
[2022-08-06 21:57:24,940] {task_command.py:371} INFO - Running <TaskInstance: our_first_dag_v5.thrid_task scheduled__2022-02-22T00:00:00+00:00 [running]> on host bc7e154a4fdd
[2022-08-06 21:57:25,033] {taskinstance.py:1591} INFO - Exporting the following env vars:
AIRFLOW_CTX_DAG_OWNER=coder2j
AIRFLOW_CTX_DAG_ID=our_first_dag_v5
AIRFLOW_CTX_TASK_ID=thrid_task
AIRFLOW_CTX_EXECUTION_DATE=2022-02-22T00:00:00+00:00
AIRFLOW_CTX_TRY_NUMBER=1
AIRFLOW_CTX_DAG_RUN_ID=scheduled__2022-02-22T00:00:00+00:00
[2022-08-06 21:57:25,034] {subprocess.py:62} INFO - Tmp dir root location: 
 /tmp
[2022-08-06 21:57:25,035] {subprocess.py:74} INFO - Running command: ['bash', '-c', 'echo hey, I am task3 and will be running after task1 at the same time as task2!']
[2022-08-06 21:57:25,050] {subprocess.py:85} INFO - Output:
[2022-08-06 21:57:25,051] {subprocess.py:92} INFO - hey, I am task3 and will be running after task1 at the same time as task2!
[2022-08-06 21:57:25,052] {subprocess.py:96} INFO - Command exited with return code 0
[2022-08-06 21:57:25,086] {taskinstance.py:1420} INFO - Marking task as SUCCESS. dag_id=our_first_dag_v5, task_id=thrid_task, execution_date=20220222T000000, start_date=20220806T215724, end_date=20220806T215725
[2022-08-06 21:57:25,145] {local_task_job.py:156} INFO - Task exited with return code 0
[2022-08-06 21:57:25,175] {local_task_job.py:273} INFO - 0 downstream tasks scheduled from follow-on schedule check
[2022-08-06 22:12:27,763] {taskinstance.py:1179} INFO - Dependencies all met for <TaskInstance: our_first_dag_v5.thrid_task scheduled__2022-02-22T00:00:00+00:00 [queued]>
[2022-08-06 22:12:27,780] {taskinstance.py:1179} INFO - Dependencies all met for <TaskInstance: our_first_dag_v5.thrid_task scheduled__2022-02-22T00:00:00+00:00 [queued]>
[2022-08-06 22:12:27,780] {taskinstance.py:1376} INFO - 
--------------------------------------------------------------------------------
[2022-08-06 22:12:27,780] {taskinstance.py:1377} INFO - Starting attempt 1 of 6
[2022-08-06 22:12:27,780] {taskinstance.py:1378} INFO - 
--------------------------------------------------------------------------------
[2022-08-06 22:12:27,799] {taskinstance.py:1397} INFO - Executing <Task(BashOperator): thrid_task> on 2022-02-22 00:00:00+00:00
[2022-08-06 22:12:27,807] {standard_task_runner.py:52} INFO - Started process 2055 to run task
[2022-08-06 22:12:27,811] {standard_task_runner.py:79} INFO - Running: ['***', 'tasks', 'run', 'our_first_dag_v5', 'thrid_task', 'scheduled__2022-02-22T00:00:00+00:00', '--job-id', '629', '--raw', '--subdir', 'DAGS_FOLDER/pipeline.py', '--cfg-path', '/tmp/tmpjm7dqnaq', '--error-file', '/tmp/tmpogqbi5d_']
[2022-08-06 22:12:27,812] {standard_task_runner.py:80} INFO - Job 629: Subtask thrid_task
[2022-08-06 22:12:27,900] {task_command.py:371} INFO - Running <TaskInstance: our_first_dag_v5.thrid_task scheduled__2022-02-22T00:00:00+00:00 [running]> on host 1250c3b659cd
[2022-08-06 22:12:28,008] {taskinstance.py:1591} INFO - Exporting the following env vars:
AIRFLOW_CTX_DAG_OWNER=coder2j
AIRFLOW_CTX_DAG_ID=our_first_dag_v5
AIRFLOW_CTX_TASK_ID=thrid_task
AIRFLOW_CTX_EXECUTION_DATE=2022-02-22T00:00:00+00:00
AIRFLOW_CTX_TRY_NUMBER=1
AIRFLOW_CTX_DAG_RUN_ID=scheduled__2022-02-22T00:00:00+00:00
[2022-08-06 22:12:28,009] {subprocess.py:62} INFO - Tmp dir root location: 
 /tmp
[2022-08-06 22:12:28,010] {subprocess.py:74} INFO - Running command: ['bash', '-c', 'echo hey, I am task3 and will be running after task1 at the same time as task2!']
[2022-08-06 22:12:28,032] {subprocess.py:85} INFO - Output:
[2022-08-06 22:12:28,034] {subprocess.py:92} INFO - hey, I am task3 and will be running after task1 at the same time as task2!
[2022-08-06 22:12:28,035] {subprocess.py:96} INFO - Command exited with return code 0
[2022-08-06 22:12:28,109] {taskinstance.py:1420} INFO - Marking task as SUCCESS. dag_id=our_first_dag_v5, task_id=thrid_task, execution_date=20220222T000000, start_date=20220806T221227, end_date=20220806T221228
[2022-08-06 22:12:28,148] {local_task_job.py:156} INFO - Task exited with return code 0
[2022-08-06 22:12:28,200] {local_task_job.py:273} INFO - 0 downstream tasks scheduled from follow-on schedule check
[2022-08-06 22:23:48,848] {taskinstance.py:1179} INFO - Dependencies all met for <TaskInstance: our_first_dag_v5.thrid_task scheduled__2022-02-22T00:00:00+00:00 [queued]>
[2022-08-06 22:23:48,864] {taskinstance.py:1179} INFO - Dependencies all met for <TaskInstance: our_first_dag_v5.thrid_task scheduled__2022-02-22T00:00:00+00:00 [queued]>
[2022-08-06 22:23:48,864] {taskinstance.py:1376} INFO - 
--------------------------------------------------------------------------------
[2022-08-06 22:23:48,865] {taskinstance.py:1377} INFO - Starting attempt 1 of 6
[2022-08-06 22:23:48,865] {taskinstance.py:1378} INFO - 
--------------------------------------------------------------------------------
[2022-08-06 22:23:48,888] {taskinstance.py:1397} INFO - Executing <Task(BashOperator): thrid_task> on 2022-02-22 00:00:00+00:00
[2022-08-06 22:23:48,897] {standard_task_runner.py:52} INFO - Started process 2102 to run task
[2022-08-06 22:23:48,900] {standard_task_runner.py:79} INFO - Running: ['***', 'tasks', 'run', 'our_first_dag_v5', 'thrid_task', 'scheduled__2022-02-22T00:00:00+00:00', '--job-id', '629', '--raw', '--subdir', 'DAGS_FOLDER/pipeline.py', '--cfg-path', '/tmp/tmpt0b9upoh', '--error-file', '/tmp/tmp_8e1551p']
[2022-08-06 22:23:48,901] {standard_task_runner.py:80} INFO - Job 629: Subtask thrid_task
[2022-08-06 22:23:49,013] {task_command.py:371} INFO - Running <TaskInstance: our_first_dag_v5.thrid_task scheduled__2022-02-22T00:00:00+00:00 [running]> on host b215076695c3
[2022-08-06 22:23:49,126] {taskinstance.py:1591} INFO - Exporting the following env vars:
AIRFLOW_CTX_DAG_OWNER=coder2j
AIRFLOW_CTX_DAG_ID=our_first_dag_v5
AIRFLOW_CTX_TASK_ID=thrid_task
AIRFLOW_CTX_EXECUTION_DATE=2022-02-22T00:00:00+00:00
AIRFLOW_CTX_TRY_NUMBER=1
AIRFLOW_CTX_DAG_RUN_ID=scheduled__2022-02-22T00:00:00+00:00
[2022-08-06 22:23:49,127] {subprocess.py:62} INFO - Tmp dir root location: 
 /tmp
[2022-08-06 22:23:49,128] {subprocess.py:74} INFO - Running command: ['bash', '-c', 'echo hey, I am task3 and will be running after task1 at the same time as task2!']
[2022-08-06 22:23:49,141] {subprocess.py:85} INFO - Output:
[2022-08-06 22:23:49,143] {subprocess.py:92} INFO - hey, I am task3 and will be running after task1 at the same time as task2!
[2022-08-06 22:23:49,143] {subprocess.py:96} INFO - Command exited with return code 0
[2022-08-06 22:23:49,174] {taskinstance.py:1420} INFO - Marking task as SUCCESS. dag_id=our_first_dag_v5, task_id=thrid_task, execution_date=20220222T000000, start_date=20220806T222348, end_date=20220806T222349
[2022-08-06 22:23:49,192] {local_task_job.py:156} INFO - Task exited with return code 0
[2022-08-06 22:23:49,268] {local_task_job.py:273} INFO - 0 downstream tasks scheduled from follow-on schedule check
