[2022-08-06 19:37:32,793] {taskinstance.py:1179} INFO - Dependencies all met for <TaskInstance: our_first_dag_v5.second_task scheduled__2021-12-26T00:00:00+00:00 [queued]>
[2022-08-06 19:37:32,806] {taskinstance.py:1179} INFO - Dependencies all met for <TaskInstance: our_first_dag_v5.second_task scheduled__2021-12-26T00:00:00+00:00 [queued]>
[2022-08-06 19:37:32,806] {taskinstance.py:1376} INFO - 
--------------------------------------------------------------------------------
[2022-08-06 19:37:32,806] {taskinstance.py:1377} INFO - Starting attempt 1 of 6
[2022-08-06 19:37:32,806] {taskinstance.py:1378} INFO - 
--------------------------------------------------------------------------------
[2022-08-06 19:37:32,822] {taskinstance.py:1397} INFO - Executing <Task(BashOperator): second_task> on 2021-12-26 00:00:00+00:00
[2022-08-06 19:37:32,828] {standard_task_runner.py:52} INFO - Started process 1508 to run task
[2022-08-06 19:37:32,830] {standard_task_runner.py:79} INFO - Running: ['***', 'tasks', 'run', 'our_first_dag_v5', 'second_task', 'scheduled__2021-12-26T00:00:00+00:00', '--job-id', '452', '--raw', '--subdir', 'DAGS_FOLDER/pipeline.py', '--cfg-path', '/tmp/tmp5jqlrq6e', '--error-file', '/tmp/tmpn_qyksv6']
[2022-08-06 19:37:32,831] {standard_task_runner.py:80} INFO - Job 452: Subtask second_task
[2022-08-06 19:37:32,889] {task_command.py:371} INFO - Running <TaskInstance: our_first_dag_v5.second_task scheduled__2021-12-26T00:00:00+00:00 [running]> on host b29c168c1666
[2022-08-06 19:37:32,978] {taskinstance.py:1591} INFO - Exporting the following env vars:
AIRFLOW_CTX_DAG_OWNER=coder2j
AIRFLOW_CTX_DAG_ID=our_first_dag_v5
AIRFLOW_CTX_TASK_ID=second_task
AIRFLOW_CTX_EXECUTION_DATE=2021-12-26T00:00:00+00:00
AIRFLOW_CTX_TRY_NUMBER=1
AIRFLOW_CTX_DAG_RUN_ID=scheduled__2021-12-26T00:00:00+00:00
[2022-08-06 19:37:32,979] {subprocess.py:62} INFO - Tmp dir root location: 
 /tmp
[2022-08-06 19:37:32,979] {subprocess.py:74} INFO - Running command: ['bash', '-c', 'echo hey, I am task2 and will be running after task1!']
[2022-08-06 19:37:32,990] {subprocess.py:85} INFO - Output:
[2022-08-06 19:37:32,991] {subprocess.py:92} INFO - hey, I am task2 and will be running after task1!
[2022-08-06 19:37:32,992] {subprocess.py:96} INFO - Command exited with return code 0
[2022-08-06 19:37:33,022] {taskinstance.py:1420} INFO - Marking task as SUCCESS. dag_id=our_first_dag_v5, task_id=second_task, execution_date=20211226T000000, start_date=20220806T193732, end_date=20220806T193733
[2022-08-06 19:37:33,042] {local_task_job.py:156} INFO - Task exited with return code 0
[2022-08-06 19:37:33,073] {local_task_job.py:273} INFO - 0 downstream tasks scheduled from follow-on schedule check
[2022-08-06 21:51:26,618] {taskinstance.py:1179} INFO - Dependencies all met for <TaskInstance: our_first_dag_v5.second_task scheduled__2021-12-26T00:00:00+00:00 [queued]>
[2022-08-06 21:51:26,636] {taskinstance.py:1179} INFO - Dependencies all met for <TaskInstance: our_first_dag_v5.second_task scheduled__2021-12-26T00:00:00+00:00 [queued]>
[2022-08-06 21:51:26,636] {taskinstance.py:1376} INFO - 
--------------------------------------------------------------------------------
[2022-08-06 21:51:26,636] {taskinstance.py:1377} INFO - Starting attempt 1 of 6
[2022-08-06 21:51:26,636] {taskinstance.py:1378} INFO - 
--------------------------------------------------------------------------------
[2022-08-06 21:51:26,654] {taskinstance.py:1397} INFO - Executing <Task(BashOperator): second_task> on 2021-12-26 00:00:00+00:00
[2022-08-06 21:51:26,662] {standard_task_runner.py:52} INFO - Started process 1710 to run task
[2022-08-06 21:51:26,665] {standard_task_runner.py:79} INFO - Running: ['***', 'tasks', 'run', 'our_first_dag_v5', 'second_task', 'scheduled__2021-12-26T00:00:00+00:00', '--job-id', '455', '--raw', '--subdir', 'DAGS_FOLDER/pipeline.py', '--cfg-path', '/tmp/tmpsnx6y82z', '--error-file', '/tmp/tmpyd0of68s']
[2022-08-06 21:51:26,665] {standard_task_runner.py:80} INFO - Job 455: Subtask second_task
[2022-08-06 21:51:26,744] {task_command.py:371} INFO - Running <TaskInstance: our_first_dag_v5.second_task scheduled__2021-12-26T00:00:00+00:00 [running]> on host c3f731879890
[2022-08-06 21:51:26,854] {taskinstance.py:1591} INFO - Exporting the following env vars:
AIRFLOW_CTX_DAG_OWNER=coder2j
AIRFLOW_CTX_DAG_ID=our_first_dag_v5
AIRFLOW_CTX_TASK_ID=second_task
AIRFLOW_CTX_EXECUTION_DATE=2021-12-26T00:00:00+00:00
AIRFLOW_CTX_TRY_NUMBER=1
AIRFLOW_CTX_DAG_RUN_ID=scheduled__2021-12-26T00:00:00+00:00
[2022-08-06 21:51:26,855] {subprocess.py:62} INFO - Tmp dir root location: 
 /tmp
[2022-08-06 21:51:26,855] {subprocess.py:74} INFO - Running command: ['bash', '-c', 'echo hey, I am task2 and will be running after task1!']
[2022-08-06 21:51:26,872] {subprocess.py:85} INFO - Output:
[2022-08-06 21:51:26,875] {subprocess.py:92} INFO - hey, I am task2 and will be running after task1!
[2022-08-06 21:51:26,876] {subprocess.py:96} INFO - Command exited with return code 0
[2022-08-06 21:51:26,933] {taskinstance.py:1420} INFO - Marking task as SUCCESS. dag_id=our_first_dag_v5, task_id=second_task, execution_date=20211226T000000, start_date=20220806T215126, end_date=20220806T215126
[2022-08-06 21:51:26,957] {local_task_job.py:156} INFO - Task exited with return code 0
[2022-08-06 21:51:27,003] {local_task_job.py:273} INFO - 0 downstream tasks scheduled from follow-on schedule check
[2022-08-06 21:56:51,843] {taskinstance.py:1179} INFO - Dependencies all met for <TaskInstance: our_first_dag_v5.second_task scheduled__2021-12-26T00:00:00+00:00 [queued]>
[2022-08-06 21:56:51,858] {taskinstance.py:1179} INFO - Dependencies all met for <TaskInstance: our_first_dag_v5.second_task scheduled__2021-12-26T00:00:00+00:00 [queued]>
[2022-08-06 21:56:51,858] {taskinstance.py:1376} INFO - 
--------------------------------------------------------------------------------
[2022-08-06 21:56:51,858] {taskinstance.py:1377} INFO - Starting attempt 1 of 6
[2022-08-06 21:56:51,859] {taskinstance.py:1378} INFO - 
--------------------------------------------------------------------------------
[2022-08-06 21:56:51,877] {taskinstance.py:1397} INFO - Executing <Task(BashOperator): second_task> on 2021-12-26 00:00:00+00:00
[2022-08-06 21:56:51,885] {standard_task_runner.py:52} INFO - Started process 1500 to run task
[2022-08-06 21:56:51,888] {standard_task_runner.py:79} INFO - Running: ['***', 'tasks', 'run', 'our_first_dag_v5', 'second_task', 'scheduled__2021-12-26T00:00:00+00:00', '--job-id', '453', '--raw', '--subdir', 'DAGS_FOLDER/pipeline.py', '--cfg-path', '/tmp/tmpwv1f9pgk', '--error-file', '/tmp/tmpsbegllu5']
[2022-08-06 21:56:51,888] {standard_task_runner.py:80} INFO - Job 453: Subtask second_task
[2022-08-06 21:56:51,962] {task_command.py:371} INFO - Running <TaskInstance: our_first_dag_v5.second_task scheduled__2021-12-26T00:00:00+00:00 [running]> on host bc7e154a4fdd
[2022-08-06 21:56:52,049] {taskinstance.py:1591} INFO - Exporting the following env vars:
AIRFLOW_CTX_DAG_OWNER=coder2j
AIRFLOW_CTX_DAG_ID=our_first_dag_v5
AIRFLOW_CTX_TASK_ID=second_task
AIRFLOW_CTX_EXECUTION_DATE=2021-12-26T00:00:00+00:00
AIRFLOW_CTX_TRY_NUMBER=1
AIRFLOW_CTX_DAG_RUN_ID=scheduled__2021-12-26T00:00:00+00:00
[2022-08-06 21:56:52,050] {subprocess.py:62} INFO - Tmp dir root location: 
 /tmp
[2022-08-06 21:56:52,050] {subprocess.py:74} INFO - Running command: ['bash', '-c', 'echo hey, I am task2 and will be running after task1!']
[2022-08-06 21:56:52,066] {subprocess.py:85} INFO - Output:
[2022-08-06 21:56:52,067] {subprocess.py:92} INFO - hey, I am task2 and will be running after task1!
[2022-08-06 21:56:52,068] {subprocess.py:96} INFO - Command exited with return code 0
[2022-08-06 21:56:52,107] {taskinstance.py:1420} INFO - Marking task as SUCCESS. dag_id=our_first_dag_v5, task_id=second_task, execution_date=20211226T000000, start_date=20220806T215651, end_date=20220806T215652
[2022-08-06 21:56:52,180] {local_task_job.py:156} INFO - Task exited with return code 0
[2022-08-06 21:56:52,218] {local_task_job.py:273} INFO - 0 downstream tasks scheduled from follow-on schedule check
[2022-08-06 22:11:56,414] {taskinstance.py:1179} INFO - Dependencies all met for <TaskInstance: our_first_dag_v5.second_task scheduled__2021-12-26T00:00:00+00:00 [queued]>
[2022-08-06 22:11:56,434] {taskinstance.py:1179} INFO - Dependencies all met for <TaskInstance: our_first_dag_v5.second_task scheduled__2021-12-26T00:00:00+00:00 [queued]>
[2022-08-06 22:11:56,434] {taskinstance.py:1376} INFO - 
--------------------------------------------------------------------------------
[2022-08-06 22:11:56,434] {taskinstance.py:1377} INFO - Starting attempt 1 of 6
[2022-08-06 22:11:56,434] {taskinstance.py:1378} INFO - 
--------------------------------------------------------------------------------
[2022-08-06 22:11:56,459] {taskinstance.py:1397} INFO - Executing <Task(BashOperator): second_task> on 2021-12-26 00:00:00+00:00
[2022-08-06 22:11:56,468] {standard_task_runner.py:52} INFO - Started process 1517 to run task
[2022-08-06 22:11:56,474] {standard_task_runner.py:79} INFO - Running: ['***', 'tasks', 'run', 'our_first_dag_v5', 'second_task', 'scheduled__2021-12-26T00:00:00+00:00', '--job-id', '455', '--raw', '--subdir', 'DAGS_FOLDER/pipeline.py', '--cfg-path', '/tmp/tmpfa4x8jix', '--error-file', '/tmp/tmptjlj5maz']
[2022-08-06 22:11:56,474] {standard_task_runner.py:80} INFO - Job 455: Subtask second_task
[2022-08-06 22:11:56,557] {task_command.py:371} INFO - Running <TaskInstance: our_first_dag_v5.second_task scheduled__2021-12-26T00:00:00+00:00 [running]> on host 1250c3b659cd
[2022-08-06 22:11:56,646] {taskinstance.py:1591} INFO - Exporting the following env vars:
AIRFLOW_CTX_DAG_OWNER=coder2j
AIRFLOW_CTX_DAG_ID=our_first_dag_v5
AIRFLOW_CTX_TASK_ID=second_task
AIRFLOW_CTX_EXECUTION_DATE=2021-12-26T00:00:00+00:00
AIRFLOW_CTX_TRY_NUMBER=1
AIRFLOW_CTX_DAG_RUN_ID=scheduled__2021-12-26T00:00:00+00:00
[2022-08-06 22:11:56,647] {subprocess.py:62} INFO - Tmp dir root location: 
 /tmp
[2022-08-06 22:11:56,648] {subprocess.py:74} INFO - Running command: ['bash', '-c', 'echo hey, I am task2 and will be running after task1!']
[2022-08-06 22:11:56,661] {subprocess.py:85} INFO - Output:
[2022-08-06 22:11:56,662] {subprocess.py:92} INFO - hey, I am task2 and will be running after task1!
[2022-08-06 22:11:56,662] {subprocess.py:96} INFO - Command exited with return code 0
[2022-08-06 22:11:56,699] {taskinstance.py:1420} INFO - Marking task as SUCCESS. dag_id=our_first_dag_v5, task_id=second_task, execution_date=20211226T000000, start_date=20220806T221156, end_date=20220806T221156
[2022-08-06 22:11:56,724] {local_task_job.py:156} INFO - Task exited with return code 0
[2022-08-06 22:11:56,770] {local_task_job.py:273} INFO - 0 downstream tasks scheduled from follow-on schedule check
[2022-08-06 22:23:16,799] {taskinstance.py:1179} INFO - Dependencies all met for <TaskInstance: our_first_dag_v5.second_task scheduled__2021-12-26T00:00:00+00:00 [queued]>
[2022-08-06 22:23:16,816] {taskinstance.py:1179} INFO - Dependencies all met for <TaskInstance: our_first_dag_v5.second_task scheduled__2021-12-26T00:00:00+00:00 [queued]>
[2022-08-06 22:23:16,817] {taskinstance.py:1376} INFO - 
--------------------------------------------------------------------------------
[2022-08-06 22:23:16,817] {taskinstance.py:1377} INFO - Starting attempt 1 of 6
[2022-08-06 22:23:16,817] {taskinstance.py:1378} INFO - 
--------------------------------------------------------------------------------
[2022-08-06 22:23:16,839] {taskinstance.py:1397} INFO - Executing <Task(BashOperator): second_task> on 2021-12-26 00:00:00+00:00
[2022-08-06 22:23:16,847] {standard_task_runner.py:52} INFO - Started process 1573 to run task
[2022-08-06 22:23:16,850] {standard_task_runner.py:79} INFO - Running: ['***', 'tasks', 'run', 'our_first_dag_v5', 'second_task', 'scheduled__2021-12-26T00:00:00+00:00', '--job-id', '458', '--raw', '--subdir', 'DAGS_FOLDER/pipeline.py', '--cfg-path', '/tmp/tmp2q82jw40', '--error-file', '/tmp/tmpweonxtbu']
[2022-08-06 22:23:16,851] {standard_task_runner.py:80} INFO - Job 458: Subtask second_task
[2022-08-06 22:23:16,931] {task_command.py:371} INFO - Running <TaskInstance: our_first_dag_v5.second_task scheduled__2021-12-26T00:00:00+00:00 [running]> on host b215076695c3
[2022-08-06 22:23:17,054] {taskinstance.py:1591} INFO - Exporting the following env vars:
AIRFLOW_CTX_DAG_OWNER=coder2j
AIRFLOW_CTX_DAG_ID=our_first_dag_v5
AIRFLOW_CTX_TASK_ID=second_task
AIRFLOW_CTX_EXECUTION_DATE=2021-12-26T00:00:00+00:00
AIRFLOW_CTX_TRY_NUMBER=1
AIRFLOW_CTX_DAG_RUN_ID=scheduled__2021-12-26T00:00:00+00:00
[2022-08-06 22:23:17,055] {subprocess.py:62} INFO - Tmp dir root location: 
 /tmp
[2022-08-06 22:23:17,055] {subprocess.py:74} INFO - Running command: ['bash', '-c', 'echo hey, I am task2 and will be running after task1!']
[2022-08-06 22:23:17,072] {subprocess.py:85} INFO - Output:
[2022-08-06 22:23:17,074] {subprocess.py:92} INFO - hey, I am task2 and will be running after task1!
[2022-08-06 22:23:17,075] {subprocess.py:96} INFO - Command exited with return code 0
[2022-08-06 22:23:17,162] {taskinstance.py:1420} INFO - Marking task as SUCCESS. dag_id=our_first_dag_v5, task_id=second_task, execution_date=20211226T000000, start_date=20220806T222316, end_date=20220806T222317
[2022-08-06 22:23:17,221] {local_task_job.py:156} INFO - Task exited with return code 0
[2022-08-06 22:23:17,272] {local_task_job.py:273} INFO - 0 downstream tasks scheduled from follow-on schedule check
