[2022-08-06 19:38:19,956] {taskinstance.py:1179} INFO - Dependencies all met for <TaskInstance: our_first_dag_v5.thrid_task scheduled__2022-03-11T00:00:00+00:00 [queued]>
[2022-08-06 19:38:19,972] {taskinstance.py:1179} INFO - Dependencies all met for <TaskInstance: our_first_dag_v5.thrid_task scheduled__2022-03-11T00:00:00+00:00 [queued]>
[2022-08-06 19:38:19,972] {taskinstance.py:1376} INFO - 
--------------------------------------------------------------------------------
[2022-08-06 19:38:19,972] {taskinstance.py:1377} INFO - Starting attempt 1 of 6
[2022-08-06 19:38:19,972] {taskinstance.py:1378} INFO - 
--------------------------------------------------------------------------------
[2022-08-06 19:38:19,993] {taskinstance.py:1397} INFO - Executing <Task(BashOperator): thrid_task> on 2022-03-11 00:00:00+00:00
[2022-08-06 19:38:20,000] {standard_task_runner.py:52} INFO - Started process 2229 to run task
[2022-08-06 19:38:20,007] {standard_task_runner.py:79} INFO - Running: ['***', 'tasks', 'run', 'our_first_dag_v5', 'thrid_task', 'scheduled__2022-03-11T00:00:00+00:00', '--job-id', '682', '--raw', '--subdir', 'DAGS_FOLDER/pipeline.py', '--cfg-path', '/tmp/tmpyl54nuoi', '--error-file', '/tmp/tmp0uv_6bgo']
[2022-08-06 19:38:20,010] {standard_task_runner.py:80} INFO - Job 682: Subtask thrid_task
[2022-08-06 19:38:20,110] {task_command.py:371} INFO - Running <TaskInstance: our_first_dag_v5.thrid_task scheduled__2022-03-11T00:00:00+00:00 [running]> on host b29c168c1666
[2022-08-06 19:38:20,210] {taskinstance.py:1591} INFO - Exporting the following env vars:
AIRFLOW_CTX_DAG_OWNER=coder2j
AIRFLOW_CTX_DAG_ID=our_first_dag_v5
AIRFLOW_CTX_TASK_ID=thrid_task
AIRFLOW_CTX_EXECUTION_DATE=2022-03-11T00:00:00+00:00
AIRFLOW_CTX_TRY_NUMBER=1
AIRFLOW_CTX_DAG_RUN_ID=scheduled__2022-03-11T00:00:00+00:00
[2022-08-06 19:38:20,211] {subprocess.py:62} INFO - Tmp dir root location: 
 /tmp
[2022-08-06 19:38:20,212] {subprocess.py:74} INFO - Running command: ['bash', '-c', 'echo hey, I am task3 and will be running after task1 at the same time as task2!']
[2022-08-06 19:38:20,228] {subprocess.py:85} INFO - Output:
[2022-08-06 19:38:20,231] {subprocess.py:92} INFO - hey, I am task3 and will be running after task1 at the same time as task2!
[2022-08-06 19:38:20,231] {subprocess.py:96} INFO - Command exited with return code 0
[2022-08-06 19:38:20,265] {taskinstance.py:1420} INFO - Marking task as SUCCESS. dag_id=our_first_dag_v5, task_id=thrid_task, execution_date=20220311T000000, start_date=20220806T193819, end_date=20220806T193820
[2022-08-06 19:38:20,297] {local_task_job.py:156} INFO - Task exited with return code 0
[2022-08-06 19:38:20,337] {local_task_job.py:273} INFO - 0 downstream tasks scheduled from follow-on schedule check
[2022-08-06 21:52:11,421] {taskinstance.py:1179} INFO - Dependencies all met for <TaskInstance: our_first_dag_v5.thrid_task scheduled__2022-03-11T00:00:00+00:00 [queued]>
[2022-08-06 21:52:11,432] {taskinstance.py:1179} INFO - Dependencies all met for <TaskInstance: our_first_dag_v5.thrid_task scheduled__2022-03-11T00:00:00+00:00 [queued]>
[2022-08-06 21:52:11,432] {taskinstance.py:1376} INFO - 
--------------------------------------------------------------------------------
[2022-08-06 21:52:11,432] {taskinstance.py:1377} INFO - Starting attempt 1 of 6
[2022-08-06 21:52:11,432] {taskinstance.py:1378} INFO - 
--------------------------------------------------------------------------------
[2022-08-06 21:52:11,445] {taskinstance.py:1397} INFO - Executing <Task(BashOperator): thrid_task> on 2022-03-11 00:00:00+00:00
[2022-08-06 21:52:11,451] {standard_task_runner.py:52} INFO - Started process 2407 to run task
[2022-08-06 21:52:11,453] {standard_task_runner.py:79} INFO - Running: ['***', 'tasks', 'run', 'our_first_dag_v5', 'thrid_task', 'scheduled__2022-03-11T00:00:00+00:00', '--job-id', '679', '--raw', '--subdir', 'DAGS_FOLDER/pipeline.py', '--cfg-path', '/tmp/tmpl4qpcogr', '--error-file', '/tmp/tmpnoq6etw9']
[2022-08-06 21:52:11,454] {standard_task_runner.py:80} INFO - Job 679: Subtask thrid_task
[2022-08-06 21:52:11,511] {task_command.py:371} INFO - Running <TaskInstance: our_first_dag_v5.thrid_task scheduled__2022-03-11T00:00:00+00:00 [running]> on host c3f731879890
[2022-08-06 21:52:11,584] {taskinstance.py:1591} INFO - Exporting the following env vars:
AIRFLOW_CTX_DAG_OWNER=coder2j
AIRFLOW_CTX_DAG_ID=our_first_dag_v5
AIRFLOW_CTX_TASK_ID=thrid_task
AIRFLOW_CTX_EXECUTION_DATE=2022-03-11T00:00:00+00:00
AIRFLOW_CTX_TRY_NUMBER=1
AIRFLOW_CTX_DAG_RUN_ID=scheduled__2022-03-11T00:00:00+00:00
[2022-08-06 21:52:11,585] {subprocess.py:62} INFO - Tmp dir root location: 
 /tmp
[2022-08-06 21:52:11,586] {subprocess.py:74} INFO - Running command: ['bash', '-c', 'echo hey, I am task3 and will be running after task1 at the same time as task2!']
[2022-08-06 21:52:11,597] {subprocess.py:85} INFO - Output:
[2022-08-06 21:52:11,598] {subprocess.py:92} INFO - hey, I am task3 and will be running after task1 at the same time as task2!
[2022-08-06 21:52:11,599] {subprocess.py:96} INFO - Command exited with return code 0
[2022-08-06 21:52:11,629] {taskinstance.py:1420} INFO - Marking task as SUCCESS. dag_id=our_first_dag_v5, task_id=thrid_task, execution_date=20220311T000000, start_date=20220806T215211, end_date=20220806T215211
[2022-08-06 21:52:11,664] {local_task_job.py:156} INFO - Task exited with return code 0
[2022-08-06 21:52:11,703] {local_task_job.py:273} INFO - 0 downstream tasks scheduled from follow-on schedule check
[2022-08-06 21:57:34,712] {taskinstance.py:1179} INFO - Dependencies all met for <TaskInstance: our_first_dag_v5.thrid_task scheduled__2022-03-11T00:00:00+00:00 [queued]>
[2022-08-06 21:57:34,730] {taskinstance.py:1179} INFO - Dependencies all met for <TaskInstance: our_first_dag_v5.thrid_task scheduled__2022-03-11T00:00:00+00:00 [queued]>
[2022-08-06 21:57:34,730] {taskinstance.py:1376} INFO - 
--------------------------------------------------------------------------------
[2022-08-06 21:57:34,730] {taskinstance.py:1377} INFO - Starting attempt 1 of 6
[2022-08-06 21:57:34,730] {taskinstance.py:1378} INFO - 
--------------------------------------------------------------------------------
[2022-08-06 21:57:34,750] {taskinstance.py:1397} INFO - Executing <Task(BashOperator): thrid_task> on 2022-03-11 00:00:00+00:00
[2022-08-06 21:57:34,757] {standard_task_runner.py:52} INFO - Started process 2206 to run task
[2022-08-06 21:57:34,760] {standard_task_runner.py:79} INFO - Running: ['***', 'tasks', 'run', 'our_first_dag_v5', 'thrid_task', 'scheduled__2022-03-11T00:00:00+00:00', '--job-id', '678', '--raw', '--subdir', 'DAGS_FOLDER/pipeline.py', '--cfg-path', '/tmp/tmpcgrmniui', '--error-file', '/tmp/tmpydvys_mu']
[2022-08-06 21:57:34,760] {standard_task_runner.py:80} INFO - Job 678: Subtask thrid_task
[2022-08-06 21:57:34,839] {task_command.py:371} INFO - Running <TaskInstance: our_first_dag_v5.thrid_task scheduled__2022-03-11T00:00:00+00:00 [running]> on host bc7e154a4fdd
[2022-08-06 21:57:34,912] {taskinstance.py:1591} INFO - Exporting the following env vars:
AIRFLOW_CTX_DAG_OWNER=coder2j
AIRFLOW_CTX_DAG_ID=our_first_dag_v5
AIRFLOW_CTX_TASK_ID=thrid_task
AIRFLOW_CTX_EXECUTION_DATE=2022-03-11T00:00:00+00:00
AIRFLOW_CTX_TRY_NUMBER=1
AIRFLOW_CTX_DAG_RUN_ID=scheduled__2022-03-11T00:00:00+00:00
[2022-08-06 21:57:34,912] {subprocess.py:62} INFO - Tmp dir root location: 
 /tmp
[2022-08-06 21:57:34,913] {subprocess.py:74} INFO - Running command: ['bash', '-c', 'echo hey, I am task3 and will be running after task1 at the same time as task2!']
[2022-08-06 21:57:34,925] {subprocess.py:85} INFO - Output:
[2022-08-06 21:57:34,927] {subprocess.py:92} INFO - hey, I am task3 and will be running after task1 at the same time as task2!
[2022-08-06 21:57:34,927] {subprocess.py:96} INFO - Command exited with return code 0
[2022-08-06 21:57:34,954] {taskinstance.py:1420} INFO - Marking task as SUCCESS. dag_id=our_first_dag_v5, task_id=thrid_task, execution_date=20220311T000000, start_date=20220806T215734, end_date=20220806T215734
[2022-08-06 21:57:34,971] {local_task_job.py:156} INFO - Task exited with return code 0
[2022-08-06 21:57:35,001] {local_task_job.py:273} INFO - 0 downstream tasks scheduled from follow-on schedule check
[2022-08-06 22:12:37,951] {taskinstance.py:1179} INFO - Dependencies all met for <TaskInstance: our_first_dag_v5.thrid_task scheduled__2022-03-11T00:00:00+00:00 [queued]>
[2022-08-06 22:12:37,965] {taskinstance.py:1179} INFO - Dependencies all met for <TaskInstance: our_first_dag_v5.thrid_task scheduled__2022-03-11T00:00:00+00:00 [queued]>
[2022-08-06 22:12:37,966] {taskinstance.py:1376} INFO - 
--------------------------------------------------------------------------------
[2022-08-06 22:12:37,966] {taskinstance.py:1377} INFO - Starting attempt 1 of 6
[2022-08-06 22:12:37,966] {taskinstance.py:1378} INFO - 
--------------------------------------------------------------------------------
[2022-08-06 22:12:37,982] {taskinstance.py:1397} INFO - Executing <Task(BashOperator): thrid_task> on 2022-03-11 00:00:00+00:00
[2022-08-06 22:12:37,990] {standard_task_runner.py:52} INFO - Started process 2219 to run task
[2022-08-06 22:12:37,993] {standard_task_runner.py:79} INFO - Running: ['***', 'tasks', 'run', 'our_first_dag_v5', 'thrid_task', 'scheduled__2022-03-11T00:00:00+00:00', '--job-id', '680', '--raw', '--subdir', 'DAGS_FOLDER/pipeline.py', '--cfg-path', '/tmp/tmppk0h33dt', '--error-file', '/tmp/tmp9nmihhe7']
[2022-08-06 22:12:37,994] {standard_task_runner.py:80} INFO - Job 680: Subtask thrid_task
[2022-08-06 22:12:38,074] {task_command.py:371} INFO - Running <TaskInstance: our_first_dag_v5.thrid_task scheduled__2022-03-11T00:00:00+00:00 [running]> on host 1250c3b659cd
[2022-08-06 22:12:38,169] {taskinstance.py:1591} INFO - Exporting the following env vars:
AIRFLOW_CTX_DAG_OWNER=coder2j
AIRFLOW_CTX_DAG_ID=our_first_dag_v5
AIRFLOW_CTX_TASK_ID=thrid_task
AIRFLOW_CTX_EXECUTION_DATE=2022-03-11T00:00:00+00:00
AIRFLOW_CTX_TRY_NUMBER=1
AIRFLOW_CTX_DAG_RUN_ID=scheduled__2022-03-11T00:00:00+00:00
[2022-08-06 22:12:38,170] {subprocess.py:62} INFO - Tmp dir root location: 
 /tmp
[2022-08-06 22:12:38,170] {subprocess.py:74} INFO - Running command: ['bash', '-c', 'echo hey, I am task3 and will be running after task1 at the same time as task2!']
[2022-08-06 22:12:38,185] {subprocess.py:85} INFO - Output:
[2022-08-06 22:12:38,187] {subprocess.py:92} INFO - hey, I am task3 and will be running after task1 at the same time as task2!
[2022-08-06 22:12:38,187] {subprocess.py:96} INFO - Command exited with return code 0
[2022-08-06 22:12:38,227] {taskinstance.py:1420} INFO - Marking task as SUCCESS. dag_id=our_first_dag_v5, task_id=thrid_task, execution_date=20220311T000000, start_date=20220806T221237, end_date=20220806T221238
[2022-08-06 22:12:38,285] {local_task_job.py:156} INFO - Task exited with return code 0
[2022-08-06 22:12:38,364] {local_task_job.py:273} INFO - 0 downstream tasks scheduled from follow-on schedule check
[2022-08-06 22:23:59,864] {taskinstance.py:1179} INFO - Dependencies all met for <TaskInstance: our_first_dag_v5.thrid_task scheduled__2022-03-11T00:00:00+00:00 [queued]>
[2022-08-06 22:23:59,876] {taskinstance.py:1179} INFO - Dependencies all met for <TaskInstance: our_first_dag_v5.thrid_task scheduled__2022-03-11T00:00:00+00:00 [queued]>
[2022-08-06 22:23:59,876] {taskinstance.py:1376} INFO - 
--------------------------------------------------------------------------------
[2022-08-06 22:23:59,876] {taskinstance.py:1377} INFO - Starting attempt 1 of 6
[2022-08-06 22:23:59,876] {taskinstance.py:1378} INFO - 
--------------------------------------------------------------------------------
[2022-08-06 22:23:59,892] {taskinstance.py:1397} INFO - Executing <Task(BashOperator): thrid_task> on 2022-03-11 00:00:00+00:00
[2022-08-06 22:23:59,899] {standard_task_runner.py:52} INFO - Started process 2274 to run task
[2022-08-06 22:23:59,902] {standard_task_runner.py:79} INFO - Running: ['***', 'tasks', 'run', 'our_first_dag_v5', 'thrid_task', 'scheduled__2022-03-11T00:00:00+00:00', '--job-id', '682', '--raw', '--subdir', 'DAGS_FOLDER/pipeline.py', '--cfg-path', '/tmp/tmp0a2nb115', '--error-file', '/tmp/tmp038icg0t']
[2022-08-06 22:23:59,902] {standard_task_runner.py:80} INFO - Job 682: Subtask thrid_task
[2022-08-06 22:23:59,982] {task_command.py:371} INFO - Running <TaskInstance: our_first_dag_v5.thrid_task scheduled__2022-03-11T00:00:00+00:00 [running]> on host b215076695c3
[2022-08-06 22:24:00,082] {taskinstance.py:1591} INFO - Exporting the following env vars:
AIRFLOW_CTX_DAG_OWNER=coder2j
AIRFLOW_CTX_DAG_ID=our_first_dag_v5
AIRFLOW_CTX_TASK_ID=thrid_task
AIRFLOW_CTX_EXECUTION_DATE=2022-03-11T00:00:00+00:00
AIRFLOW_CTX_TRY_NUMBER=1
AIRFLOW_CTX_DAG_RUN_ID=scheduled__2022-03-11T00:00:00+00:00
[2022-08-06 22:24:00,083] {subprocess.py:62} INFO - Tmp dir root location: 
 /tmp
[2022-08-06 22:24:00,084] {subprocess.py:74} INFO - Running command: ['bash', '-c', 'echo hey, I am task3 and will be running after task1 at the same time as task2!']
[2022-08-06 22:24:00,098] {subprocess.py:85} INFO - Output:
[2022-08-06 22:24:00,099] {subprocess.py:92} INFO - hey, I am task3 and will be running after task1 at the same time as task2!
[2022-08-06 22:24:00,100] {subprocess.py:96} INFO - Command exited with return code 0
[2022-08-06 22:24:00,147] {taskinstance.py:1420} INFO - Marking task as SUCCESS. dag_id=our_first_dag_v5, task_id=thrid_task, execution_date=20220311T000000, start_date=20220806T222359, end_date=20220806T222400
[2022-08-06 22:24:00,194] {local_task_job.py:156} INFO - Task exited with return code 0
[2022-08-06 22:24:00,248] {local_task_job.py:273} INFO - 0 downstream tasks scheduled from follow-on schedule check
