[2022-08-06 19:36:11,107] {taskinstance.py:1179} INFO - Dependencies all met for <TaskInstance: our_first_dag_v5.thrid_task scheduled__2021-08-18T00:00:00+00:00 [queued]>
[2022-08-06 19:36:11,123] {taskinstance.py:1179} INFO - Dependencies all met for <TaskInstance: our_first_dag_v5.thrid_task scheduled__2021-08-18T00:00:00+00:00 [queued]>
[2022-08-06 19:36:11,123] {taskinstance.py:1376} INFO - 
--------------------------------------------------------------------------------
[2022-08-06 19:36:11,124] {taskinstance.py:1377} INFO - Starting attempt 1 of 6
[2022-08-06 19:36:11,124] {taskinstance.py:1378} INFO - 
--------------------------------------------------------------------------------
[2022-08-06 19:36:11,143] {taskinstance.py:1397} INFO - Executing <Task(BashOperator): thrid_task> on 2021-08-18 00:00:00+00:00
[2022-08-06 19:36:11,150] {standard_task_runner.py:52} INFO - Started process 282 to run task
[2022-08-06 19:36:11,154] {standard_task_runner.py:79} INFO - Running: ['***', 'tasks', 'run', 'our_first_dag_v5', 'thrid_task', 'scheduled__2021-08-18T00:00:00+00:00', '--job-id', '64', '--raw', '--subdir', 'DAGS_FOLDER/pipeline.py', '--cfg-path', '/tmp/tmp01ag8vw7', '--error-file', '/tmp/tmpn3xb6fsm']
[2022-08-06 19:36:11,154] {standard_task_runner.py:80} INFO - Job 64: Subtask thrid_task
[2022-08-06 19:36:11,239] {task_command.py:371} INFO - Running <TaskInstance: our_first_dag_v5.thrid_task scheduled__2021-08-18T00:00:00+00:00 [running]> on host b29c168c1666
[2022-08-06 19:36:11,392] {taskinstance.py:1591} INFO - Exporting the following env vars:
AIRFLOW_CTX_DAG_OWNER=coder2j
AIRFLOW_CTX_DAG_ID=our_first_dag_v5
AIRFLOW_CTX_TASK_ID=thrid_task
AIRFLOW_CTX_EXECUTION_DATE=2021-08-18T00:00:00+00:00
AIRFLOW_CTX_TRY_NUMBER=1
AIRFLOW_CTX_DAG_RUN_ID=scheduled__2021-08-18T00:00:00+00:00
[2022-08-06 19:36:11,393] {subprocess.py:62} INFO - Tmp dir root location: 
 /tmp
[2022-08-06 19:36:11,394] {subprocess.py:74} INFO - Running command: ['bash', '-c', 'echo hey, I am task3 and will be running after task1 at the same time as task2!']
[2022-08-06 19:36:11,418] {subprocess.py:85} INFO - Output:
[2022-08-06 19:36:11,418] {subprocess.py:92} INFO - hey, I am task3 and will be running after task1 at the same time as task2!
[2022-08-06 19:36:11,418] {subprocess.py:96} INFO - Command exited with return code 0
[2022-08-06 19:36:11,470] {taskinstance.py:1420} INFO - Marking task as SUCCESS. dag_id=our_first_dag_v5, task_id=thrid_task, execution_date=20210818T000000, start_date=20220806T193611, end_date=20220806T193611
[2022-08-06 19:36:11,527] {local_task_job.py:156} INFO - Task exited with return code 0
[2022-08-06 19:36:11,571] {local_task_job.py:273} INFO - 0 downstream tasks scheduled from follow-on schedule check
[2022-08-06 21:50:06,365] {taskinstance.py:1179} INFO - Dependencies all met for <TaskInstance: our_first_dag_v5.thrid_task scheduled__2021-08-18T00:00:00+00:00 [queued]>
[2022-08-06 21:50:06,379] {taskinstance.py:1179} INFO - Dependencies all met for <TaskInstance: our_first_dag_v5.thrid_task scheduled__2021-08-18T00:00:00+00:00 [queued]>
[2022-08-06 21:50:06,380] {taskinstance.py:1376} INFO - 
--------------------------------------------------------------------------------
[2022-08-06 21:50:06,380] {taskinstance.py:1377} INFO - Starting attempt 1 of 6
[2022-08-06 21:50:06,380] {taskinstance.py:1378} INFO - 
--------------------------------------------------------------------------------
[2022-08-06 21:50:06,400] {taskinstance.py:1397} INFO - Executing <Task(BashOperator): thrid_task> on 2021-08-18 00:00:00+00:00
[2022-08-06 21:50:06,408] {standard_task_runner.py:52} INFO - Started process 472 to run task
[2022-08-06 21:50:06,411] {standard_task_runner.py:79} INFO - Running: ['***', 'tasks', 'run', 'our_first_dag_v5', 'thrid_task', 'scheduled__2021-08-18T00:00:00+00:00', '--job-id', '63', '--raw', '--subdir', 'DAGS_FOLDER/pipeline.py', '--cfg-path', '/tmp/tmpdm1j_bk_', '--error-file', '/tmp/tmpj3u3bzrh']
[2022-08-06 21:50:06,412] {standard_task_runner.py:80} INFO - Job 63: Subtask thrid_task
[2022-08-06 21:50:06,510] {task_command.py:371} INFO - Running <TaskInstance: our_first_dag_v5.thrid_task scheduled__2021-08-18T00:00:00+00:00 [running]> on host c3f731879890
[2022-08-06 21:50:06,627] {taskinstance.py:1591} INFO - Exporting the following env vars:
AIRFLOW_CTX_DAG_OWNER=coder2j
AIRFLOW_CTX_DAG_ID=our_first_dag_v5
AIRFLOW_CTX_TASK_ID=thrid_task
AIRFLOW_CTX_EXECUTION_DATE=2021-08-18T00:00:00+00:00
AIRFLOW_CTX_TRY_NUMBER=1
AIRFLOW_CTX_DAG_RUN_ID=scheduled__2021-08-18T00:00:00+00:00
[2022-08-06 21:50:06,628] {subprocess.py:62} INFO - Tmp dir root location: 
 /tmp
[2022-08-06 21:50:06,629] {subprocess.py:74} INFO - Running command: ['bash', '-c', 'echo hey, I am task3 and will be running after task1 at the same time as task2!']
[2022-08-06 21:50:06,647] {subprocess.py:85} INFO - Output:
[2022-08-06 21:50:06,650] {subprocess.py:92} INFO - hey, I am task3 and will be running after task1 at the same time as task2!
[2022-08-06 21:50:06,650] {subprocess.py:96} INFO - Command exited with return code 0
[2022-08-06 21:50:06,690] {taskinstance.py:1420} INFO - Marking task as SUCCESS. dag_id=our_first_dag_v5, task_id=thrid_task, execution_date=20210818T000000, start_date=20220806T215006, end_date=20220806T215006
[2022-08-06 21:50:06,743] {local_task_job.py:156} INFO - Task exited with return code 0
[2022-08-06 21:50:06,787] {local_task_job.py:273} INFO - 0 downstream tasks scheduled from follow-on schedule check
[2022-08-06 21:55:37,656] {taskinstance.py:1179} INFO - Dependencies all met for <TaskInstance: our_first_dag_v5.thrid_task scheduled__2021-08-18T00:00:00+00:00 [queued]>
[2022-08-06 21:55:37,666] {taskinstance.py:1179} INFO - Dependencies all met for <TaskInstance: our_first_dag_v5.thrid_task scheduled__2021-08-18T00:00:00+00:00 [queued]>
[2022-08-06 21:55:37,666] {taskinstance.py:1376} INFO - 
--------------------------------------------------------------------------------
[2022-08-06 21:55:37,666] {taskinstance.py:1377} INFO - Starting attempt 1 of 6
[2022-08-06 21:55:37,667] {taskinstance.py:1378} INFO - 
--------------------------------------------------------------------------------
[2022-08-06 21:55:37,681] {taskinstance.py:1397} INFO - Executing <Task(BashOperator): thrid_task> on 2021-08-18 00:00:00+00:00
[2022-08-06 21:55:37,689] {standard_task_runner.py:52} INFO - Started process 278 to run task
[2022-08-06 21:55:37,690] {standard_task_runner.py:79} INFO - Running: ['***', 'tasks', 'run', 'our_first_dag_v5', 'thrid_task', 'scheduled__2021-08-18T00:00:00+00:00', '--job-id', '65', '--raw', '--subdir', 'DAGS_FOLDER/pipeline.py', '--cfg-path', '/tmp/tmp2h4au9l6', '--error-file', '/tmp/tmpdjc9_esg']
[2022-08-06 21:55:37,691] {standard_task_runner.py:80} INFO - Job 65: Subtask thrid_task
[2022-08-06 21:55:37,768] {task_command.py:371} INFO - Running <TaskInstance: our_first_dag_v5.thrid_task scheduled__2021-08-18T00:00:00+00:00 [running]> on host bc7e154a4fdd
[2022-08-06 21:55:37,889] {taskinstance.py:1591} INFO - Exporting the following env vars:
AIRFLOW_CTX_DAG_OWNER=coder2j
AIRFLOW_CTX_DAG_ID=our_first_dag_v5
AIRFLOW_CTX_TASK_ID=thrid_task
AIRFLOW_CTX_EXECUTION_DATE=2021-08-18T00:00:00+00:00
AIRFLOW_CTX_TRY_NUMBER=1
AIRFLOW_CTX_DAG_RUN_ID=scheduled__2021-08-18T00:00:00+00:00
[2022-08-06 21:55:37,890] {subprocess.py:62} INFO - Tmp dir root location: 
 /tmp
[2022-08-06 21:55:37,890] {subprocess.py:74} INFO - Running command: ['bash', '-c', 'echo hey, I am task3 and will be running after task1 at the same time as task2!']
[2022-08-06 21:55:37,909] {subprocess.py:85} INFO - Output:
[2022-08-06 21:55:37,911] {subprocess.py:92} INFO - hey, I am task3 and will be running after task1 at the same time as task2!
[2022-08-06 21:55:37,912] {subprocess.py:96} INFO - Command exited with return code 0
[2022-08-06 21:55:37,994] {taskinstance.py:1420} INFO - Marking task as SUCCESS. dag_id=our_first_dag_v5, task_id=thrid_task, execution_date=20210818T000000, start_date=20220806T215537, end_date=20220806T215537
[2022-08-06 21:55:38,024] {local_task_job.py:156} INFO - Task exited with return code 0
[2022-08-06 21:55:38,071] {local_task_job.py:273} INFO - 0 downstream tasks scheduled from follow-on schedule check
[2022-08-06 22:10:36,509] {taskinstance.py:1179} INFO - Dependencies all met for <TaskInstance: our_first_dag_v5.thrid_task scheduled__2021-08-18T00:00:00+00:00 [queued]>
[2022-08-06 22:10:36,527] {taskinstance.py:1179} INFO - Dependencies all met for <TaskInstance: our_first_dag_v5.thrid_task scheduled__2021-08-18T00:00:00+00:00 [queued]>
[2022-08-06 22:10:36,527] {taskinstance.py:1376} INFO - 
--------------------------------------------------------------------------------
[2022-08-06 22:10:36,527] {taskinstance.py:1377} INFO - Starting attempt 1 of 6
[2022-08-06 22:10:36,527] {taskinstance.py:1378} INFO - 
--------------------------------------------------------------------------------
[2022-08-06 22:10:36,548] {taskinstance.py:1397} INFO - Executing <Task(BashOperator): thrid_task> on 2021-08-18 00:00:00+00:00
[2022-08-06 22:10:36,557] {standard_task_runner.py:52} INFO - Started process 274 to run task
[2022-08-06 22:10:36,560] {standard_task_runner.py:79} INFO - Running: ['***', 'tasks', 'run', 'our_first_dag_v5', 'thrid_task', 'scheduled__2021-08-18T00:00:00+00:00', '--job-id', '65', '--raw', '--subdir', 'DAGS_FOLDER/pipeline.py', '--cfg-path', '/tmp/tmpasov3eky', '--error-file', '/tmp/tmp_fmga2fw']
[2022-08-06 22:10:36,560] {standard_task_runner.py:80} INFO - Job 65: Subtask thrid_task
[2022-08-06 22:10:36,663] {task_command.py:371} INFO - Running <TaskInstance: our_first_dag_v5.thrid_task scheduled__2021-08-18T00:00:00+00:00 [running]> on host 1250c3b659cd
[2022-08-06 22:10:36,756] {taskinstance.py:1591} INFO - Exporting the following env vars:
AIRFLOW_CTX_DAG_OWNER=coder2j
AIRFLOW_CTX_DAG_ID=our_first_dag_v5
AIRFLOW_CTX_TASK_ID=thrid_task
AIRFLOW_CTX_EXECUTION_DATE=2021-08-18T00:00:00+00:00
AIRFLOW_CTX_TRY_NUMBER=1
AIRFLOW_CTX_DAG_RUN_ID=scheduled__2021-08-18T00:00:00+00:00
[2022-08-06 22:10:36,757] {subprocess.py:62} INFO - Tmp dir root location: 
 /tmp
[2022-08-06 22:10:36,758] {subprocess.py:74} INFO - Running command: ['bash', '-c', 'echo hey, I am task3 and will be running after task1 at the same time as task2!']
[2022-08-06 22:10:36,772] {subprocess.py:85} INFO - Output:
[2022-08-06 22:10:36,774] {subprocess.py:92} INFO - hey, I am task3 and will be running after task1 at the same time as task2!
[2022-08-06 22:10:36,774] {subprocess.py:96} INFO - Command exited with return code 0
[2022-08-06 22:10:36,818] {taskinstance.py:1420} INFO - Marking task as SUCCESS. dag_id=our_first_dag_v5, task_id=thrid_task, execution_date=20210818T000000, start_date=20220806T221036, end_date=20220806T221036
[2022-08-06 22:10:36,855] {local_task_job.py:156} INFO - Task exited with return code 0
[2022-08-06 22:10:36,892] {local_task_job.py:273} INFO - 0 downstream tasks scheduled from follow-on schedule check
[2022-08-06 22:18:23,915] {taskinstance.py:1179} INFO - Dependencies all met for <TaskInstance: our_first_dag_v5.thrid_task scheduled__2021-08-18T00:00:00+00:00 [queued]>
[2022-08-06 22:18:23,937] {taskinstance.py:1179} INFO - Dependencies all met for <TaskInstance: our_first_dag_v5.thrid_task scheduled__2021-08-18T00:00:00+00:00 [queued]>
[2022-08-06 22:18:23,937] {taskinstance.py:1376} INFO - 
--------------------------------------------------------------------------------
[2022-08-06 22:18:23,937] {taskinstance.py:1377} INFO - Starting attempt 1 of 6
[2022-08-06 22:18:23,937] {taskinstance.py:1378} INFO - 
--------------------------------------------------------------------------------
[2022-08-06 22:18:23,958] {taskinstance.py:1397} INFO - Executing <Task(BashOperator): thrid_task> on 2021-08-18 00:00:00+00:00
[2022-08-06 22:18:23,965] {standard_task_runner.py:52} INFO - Started process 296 to run task
[2022-08-06 22:18:23,968] {standard_task_runner.py:79} INFO - Running: ['***', 'tasks', 'run', 'our_first_dag_v5', 'thrid_task', 'scheduled__2021-08-18T00:00:00+00:00', '--job-id', '65', '--raw', '--subdir', 'DAGS_FOLDER/pipeline.py', '--cfg-path', '/tmp/tmp86i4ox_b', '--error-file', '/tmp/tmpbzflng5p']
[2022-08-06 22:18:23,969] {standard_task_runner.py:80} INFO - Job 65: Subtask thrid_task
[2022-08-06 22:18:24,040] {task_command.py:371} INFO - Running <TaskInstance: our_first_dag_v5.thrid_task scheduled__2021-08-18T00:00:00+00:00 [running]> on host ed53bde1c44a
[2022-08-06 22:18:24,123] {taskinstance.py:1591} INFO - Exporting the following env vars:
AIRFLOW_CTX_DAG_OWNER=coder2j
AIRFLOW_CTX_DAG_ID=our_first_dag_v5
AIRFLOW_CTX_TASK_ID=thrid_task
AIRFLOW_CTX_EXECUTION_DATE=2021-08-18T00:00:00+00:00
AIRFLOW_CTX_TRY_NUMBER=1
AIRFLOW_CTX_DAG_RUN_ID=scheduled__2021-08-18T00:00:00+00:00
[2022-08-06 22:18:24,125] {subprocess.py:62} INFO - Tmp dir root location: 
 /tmp
[2022-08-06 22:18:24,125] {subprocess.py:74} INFO - Running command: ['bash', '-c', 'echo hey, I am task3 and will be running after task1 at the same time as task2!']
[2022-08-06 22:18:24,142] {subprocess.py:85} INFO - Output:
[2022-08-06 22:18:24,144] {subprocess.py:92} INFO - hey, I am task3 and will be running after task1 at the same time as task2!
[2022-08-06 22:18:24,144] {subprocess.py:96} INFO - Command exited with return code 0
[2022-08-06 22:18:24,179] {taskinstance.py:1420} INFO - Marking task as SUCCESS. dag_id=our_first_dag_v5, task_id=thrid_task, execution_date=20210818T000000, start_date=20220806T221823, end_date=20220806T221824
[2022-08-06 22:18:24,220] {local_task_job.py:156} INFO - Task exited with return code 0
[2022-08-06 22:18:24,255] {local_task_job.py:273} INFO - 0 downstream tasks scheduled from follow-on schedule check
[2022-08-06 22:21:57,458] {taskinstance.py:1179} INFO - Dependencies all met for <TaskInstance: our_first_dag_v5.thrid_task scheduled__2021-08-18T00:00:00+00:00 [queued]>
[2022-08-06 22:21:57,477] {taskinstance.py:1179} INFO - Dependencies all met for <TaskInstance: our_first_dag_v5.thrid_task scheduled__2021-08-18T00:00:00+00:00 [queued]>
[2022-08-06 22:21:57,477] {taskinstance.py:1376} INFO - 
--------------------------------------------------------------------------------
[2022-08-06 22:21:57,478] {taskinstance.py:1377} INFO - Starting attempt 1 of 6
[2022-08-06 22:21:57,478] {taskinstance.py:1378} INFO - 
--------------------------------------------------------------------------------
[2022-08-06 22:21:57,497] {taskinstance.py:1397} INFO - Executing <Task(BashOperator): thrid_task> on 2021-08-18 00:00:00+00:00
[2022-08-06 22:21:57,505] {standard_task_runner.py:52} INFO - Started process 330 to run task
[2022-08-06 22:21:57,509] {standard_task_runner.py:79} INFO - Running: ['***', 'tasks', 'run', 'our_first_dag_v5', 'thrid_task', 'scheduled__2021-08-18T00:00:00+00:00', '--job-id', '64', '--raw', '--subdir', 'DAGS_FOLDER/pipeline.py', '--cfg-path', '/tmp/tmpiumkaaj0', '--error-file', '/tmp/tmp4_9cirus']
[2022-08-06 22:21:57,509] {standard_task_runner.py:80} INFO - Job 64: Subtask thrid_task
[2022-08-06 22:21:57,588] {task_command.py:371} INFO - Running <TaskInstance: our_first_dag_v5.thrid_task scheduled__2021-08-18T00:00:00+00:00 [running]> on host b215076695c3
[2022-08-06 22:21:57,670] {taskinstance.py:1591} INFO - Exporting the following env vars:
AIRFLOW_CTX_DAG_OWNER=coder2j
AIRFLOW_CTX_DAG_ID=our_first_dag_v5
AIRFLOW_CTX_TASK_ID=thrid_task
AIRFLOW_CTX_EXECUTION_DATE=2021-08-18T00:00:00+00:00
AIRFLOW_CTX_TRY_NUMBER=1
AIRFLOW_CTX_DAG_RUN_ID=scheduled__2021-08-18T00:00:00+00:00
[2022-08-06 22:21:57,670] {subprocess.py:62} INFO - Tmp dir root location: 
 /tmp
[2022-08-06 22:21:57,671] {subprocess.py:74} INFO - Running command: ['bash', '-c', 'echo hey, I am task3 and will be running after task1 at the same time as task2!']
[2022-08-06 22:21:57,684] {subprocess.py:85} INFO - Output:
[2022-08-06 22:21:57,686] {subprocess.py:92} INFO - hey, I am task3 and will be running after task1 at the same time as task2!
[2022-08-06 22:21:57,686] {subprocess.py:96} INFO - Command exited with return code 0
[2022-08-06 22:21:57,724] {taskinstance.py:1420} INFO - Marking task as SUCCESS. dag_id=our_first_dag_v5, task_id=thrid_task, execution_date=20210818T000000, start_date=20220806T222157, end_date=20220806T222157
[2022-08-06 22:21:57,760] {local_task_job.py:156} INFO - Task exited with return code 0
[2022-08-06 22:21:57,795] {local_task_job.py:273} INFO - 0 downstream tasks scheduled from follow-on schedule check
