[2022-08-06 19:38:35,765] {taskinstance.py:1179} INFO - Dependencies all met for <TaskInstance: our_first_dag_v5.first_task scheduled__2022-04-10T00:00:00+00:00 [queued]>
[2022-08-06 19:38:35,780] {taskinstance.py:1179} INFO - Dependencies all met for <TaskInstance: our_first_dag_v5.first_task scheduled__2022-04-10T00:00:00+00:00 [queued]>
[2022-08-06 19:38:35,780] {taskinstance.py:1376} INFO - 
--------------------------------------------------------------------------------
[2022-08-06 19:38:35,780] {taskinstance.py:1377} INFO - Starting attempt 1 of 6
[2022-08-06 19:38:35,781] {taskinstance.py:1378} INFO - 
--------------------------------------------------------------------------------
[2022-08-06 19:38:35,801] {taskinstance.py:1397} INFO - Executing <Task(BashOperator): first_task> on 2022-04-10 00:00:00+00:00
[2022-08-06 19:38:35,809] {standard_task_runner.py:52} INFO - Started process 2470 to run task
[2022-08-06 19:38:35,812] {standard_task_runner.py:79} INFO - Running: ['***', 'tasks', 'run', 'our_first_dag_v5', 'first_task', 'scheduled__2022-04-10T00:00:00+00:00', '--job-id', '759', '--raw', '--subdir', 'DAGS_FOLDER/pipeline.py', '--cfg-path', '/tmp/tmpp36wfyzx', '--error-file', '/tmp/tmp_wfl7o0p']
[2022-08-06 19:38:35,813] {standard_task_runner.py:80} INFO - Job 759: Subtask first_task
[2022-08-06 19:38:35,908] {task_command.py:371} INFO - Running <TaskInstance: our_first_dag_v5.first_task scheduled__2022-04-10T00:00:00+00:00 [running]> on host b29c168c1666
[2022-08-06 19:38:36,032] {taskinstance.py:1591} INFO - Exporting the following env vars:
AIRFLOW_CTX_DAG_OWNER=coder2j
AIRFLOW_CTX_DAG_ID=our_first_dag_v5
AIRFLOW_CTX_TASK_ID=first_task
AIRFLOW_CTX_EXECUTION_DATE=2022-04-10T00:00:00+00:00
AIRFLOW_CTX_TRY_NUMBER=1
AIRFLOW_CTX_DAG_RUN_ID=scheduled__2022-04-10T00:00:00+00:00
[2022-08-06 19:38:36,033] {subprocess.py:62} INFO - Tmp dir root location: 
 /tmp
[2022-08-06 19:38:36,034] {subprocess.py:74} INFO - Running command: ['bash', '-c', 'echo hello world, this is the first task!']
[2022-08-06 19:38:36,047] {subprocess.py:85} INFO - Output:
[2022-08-06 19:38:36,049] {subprocess.py:92} INFO - hello world, this is the first task!
[2022-08-06 19:38:36,049] {subprocess.py:96} INFO - Command exited with return code 0
[2022-08-06 19:38:36,103] {taskinstance.py:1420} INFO - Marking task as SUCCESS. dag_id=our_first_dag_v5, task_id=first_task, execution_date=20220410T000000, start_date=20220806T193835, end_date=20220806T193836
[2022-08-06 19:38:36,144] {local_task_job.py:156} INFO - Task exited with return code 0
[2022-08-06 19:38:36,203] {local_task_job.py:273} INFO - 2 downstream tasks scheduled from follow-on schedule check
[2022-08-06 21:52:27,275] {taskinstance.py:1179} INFO - Dependencies all met for <TaskInstance: our_first_dag_v5.first_task scheduled__2022-04-10T00:00:00+00:00 [queued]>
[2022-08-06 21:52:27,286] {taskinstance.py:1179} INFO - Dependencies all met for <TaskInstance: our_first_dag_v5.first_task scheduled__2022-04-10T00:00:00+00:00 [queued]>
[2022-08-06 21:52:27,286] {taskinstance.py:1376} INFO - 
--------------------------------------------------------------------------------
[2022-08-06 21:52:27,287] {taskinstance.py:1377} INFO - Starting attempt 1 of 6
[2022-08-06 21:52:27,287] {taskinstance.py:1378} INFO - 
--------------------------------------------------------------------------------
[2022-08-06 21:52:27,304] {taskinstance.py:1397} INFO - Executing <Task(BashOperator): first_task> on 2022-04-10 00:00:00+00:00
[2022-08-06 21:52:27,311] {standard_task_runner.py:52} INFO - Started process 2662 to run task
[2022-08-06 21:52:27,313] {standard_task_runner.py:79} INFO - Running: ['***', 'tasks', 'run', 'our_first_dag_v5', 'first_task', 'scheduled__2022-04-10T00:00:00+00:00', '--job-id', '759', '--raw', '--subdir', 'DAGS_FOLDER/pipeline.py', '--cfg-path', '/tmp/tmpjzy5dbz8', '--error-file', '/tmp/tmpxfp_crxe']
[2022-08-06 21:52:27,313] {standard_task_runner.py:80} INFO - Job 759: Subtask first_task
[2022-08-06 21:52:27,398] {task_command.py:371} INFO - Running <TaskInstance: our_first_dag_v5.first_task scheduled__2022-04-10T00:00:00+00:00 [running]> on host c3f731879890
[2022-08-06 21:52:27,507] {taskinstance.py:1591} INFO - Exporting the following env vars:
AIRFLOW_CTX_DAG_OWNER=coder2j
AIRFLOW_CTX_DAG_ID=our_first_dag_v5
AIRFLOW_CTX_TASK_ID=first_task
AIRFLOW_CTX_EXECUTION_DATE=2022-04-10T00:00:00+00:00
AIRFLOW_CTX_TRY_NUMBER=1
AIRFLOW_CTX_DAG_RUN_ID=scheduled__2022-04-10T00:00:00+00:00
[2022-08-06 21:52:27,508] {subprocess.py:62} INFO - Tmp dir root location: 
 /tmp
[2022-08-06 21:52:27,509] {subprocess.py:74} INFO - Running command: ['bash', '-c', 'echo hello world, this is the first task!']
[2022-08-06 21:52:27,526] {subprocess.py:85} INFO - Output:
[2022-08-06 21:52:27,528] {subprocess.py:92} INFO - hello world, this is the first task!
[2022-08-06 21:52:27,528] {subprocess.py:96} INFO - Command exited with return code 0
[2022-08-06 21:52:27,599] {taskinstance.py:1420} INFO - Marking task as SUCCESS. dag_id=our_first_dag_v5, task_id=first_task, execution_date=20220410T000000, start_date=20220806T215227, end_date=20220806T215227
[2022-08-06 21:52:27,645] {local_task_job.py:156} INFO - Task exited with return code 0
[2022-08-06 21:52:27,716] {local_task_job.py:273} INFO - 2 downstream tasks scheduled from follow-on schedule check
[2022-08-06 21:57:55,186] {taskinstance.py:1179} INFO - Dependencies all met for <TaskInstance: our_first_dag_v5.first_task scheduled__2022-04-10T00:00:00+00:00 [queued]>
[2022-08-06 21:57:55,198] {taskinstance.py:1179} INFO - Dependencies all met for <TaskInstance: our_first_dag_v5.first_task scheduled__2022-04-10T00:00:00+00:00 [queued]>
[2022-08-06 21:57:55,199] {taskinstance.py:1376} INFO - 
--------------------------------------------------------------------------------
[2022-08-06 21:57:55,199] {taskinstance.py:1377} INFO - Starting attempt 1 of 6
[2022-08-06 21:57:55,199] {taskinstance.py:1378} INFO - 
--------------------------------------------------------------------------------
[2022-08-06 21:57:55,216] {taskinstance.py:1397} INFO - Executing <Task(BashOperator): first_task> on 2022-04-10 00:00:00+00:00
[2022-08-06 21:57:55,222] {standard_task_runner.py:52} INFO - Started process 2485 to run task
[2022-08-06 21:57:55,224] {standard_task_runner.py:79} INFO - Running: ['***', 'tasks', 'run', 'our_first_dag_v5', 'first_task', 'scheduled__2022-04-10T00:00:00+00:00', '--job-id', '765', '--raw', '--subdir', 'DAGS_FOLDER/pipeline.py', '--cfg-path', '/tmp/tmpcre5kyj2', '--error-file', '/tmp/tmp2z35ei0w']
[2022-08-06 21:57:55,225] {standard_task_runner.py:80} INFO - Job 765: Subtask first_task
[2022-08-06 21:57:55,297] {task_command.py:371} INFO - Running <TaskInstance: our_first_dag_v5.first_task scheduled__2022-04-10T00:00:00+00:00 [running]> on host bc7e154a4fdd
[2022-08-06 21:57:55,386] {taskinstance.py:1591} INFO - Exporting the following env vars:
AIRFLOW_CTX_DAG_OWNER=coder2j
AIRFLOW_CTX_DAG_ID=our_first_dag_v5
AIRFLOW_CTX_TASK_ID=first_task
AIRFLOW_CTX_EXECUTION_DATE=2022-04-10T00:00:00+00:00
AIRFLOW_CTX_TRY_NUMBER=1
AIRFLOW_CTX_DAG_RUN_ID=scheduled__2022-04-10T00:00:00+00:00
[2022-08-06 21:57:55,387] {subprocess.py:62} INFO - Tmp dir root location: 
 /tmp
[2022-08-06 21:57:55,388] {subprocess.py:74} INFO - Running command: ['bash', '-c', 'echo hello world, this is the first task!']
[2022-08-06 21:57:55,405] {subprocess.py:85} INFO - Output:
[2022-08-06 21:57:55,407] {subprocess.py:92} INFO - hello world, this is the first task!
[2022-08-06 21:57:55,407] {subprocess.py:96} INFO - Command exited with return code 0
[2022-08-06 21:57:55,442] {taskinstance.py:1420} INFO - Marking task as SUCCESS. dag_id=our_first_dag_v5, task_id=first_task, execution_date=20220410T000000, start_date=20220806T215755, end_date=20220806T215755
[2022-08-06 21:57:55,476] {local_task_job.py:156} INFO - Task exited with return code 0
[2022-08-06 21:57:55,526] {local_task_job.py:273} INFO - 0 downstream tasks scheduled from follow-on schedule check
[2022-08-06 22:12:55,374] {taskinstance.py:1179} INFO - Dependencies all met for <TaskInstance: our_first_dag_v5.first_task scheduled__2022-04-10T00:00:00+00:00 [queued]>
[2022-08-06 22:12:55,384] {taskinstance.py:1179} INFO - Dependencies all met for <TaskInstance: our_first_dag_v5.first_task scheduled__2022-04-10T00:00:00+00:00 [queued]>
[2022-08-06 22:12:55,384] {taskinstance.py:1376} INFO - 
--------------------------------------------------------------------------------
[2022-08-06 22:12:55,385] {taskinstance.py:1377} INFO - Starting attempt 1 of 6
[2022-08-06 22:12:55,385] {taskinstance.py:1378} INFO - 
--------------------------------------------------------------------------------
[2022-08-06 22:12:55,405] {taskinstance.py:1397} INFO - Executing <Task(BashOperator): first_task> on 2022-04-10 00:00:00+00:00
[2022-08-06 22:12:55,411] {standard_task_runner.py:52} INFO - Started process 2474 to run task
[2022-08-06 22:12:55,413] {standard_task_runner.py:79} INFO - Running: ['***', 'tasks', 'run', 'our_first_dag_v5', 'first_task', 'scheduled__2022-04-10T00:00:00+00:00', '--job-id', '761', '--raw', '--subdir', 'DAGS_FOLDER/pipeline.py', '--cfg-path', '/tmp/tmpsjd0whm_', '--error-file', '/tmp/tmpt0ure8u3']
[2022-08-06 22:12:55,414] {standard_task_runner.py:80} INFO - Job 761: Subtask first_task
[2022-08-06 22:12:55,473] {task_command.py:371} INFO - Running <TaskInstance: our_first_dag_v5.first_task scheduled__2022-04-10T00:00:00+00:00 [running]> on host 1250c3b659cd
[2022-08-06 22:12:55,560] {taskinstance.py:1591} INFO - Exporting the following env vars:
AIRFLOW_CTX_DAG_OWNER=coder2j
AIRFLOW_CTX_DAG_ID=our_first_dag_v5
AIRFLOW_CTX_TASK_ID=first_task
AIRFLOW_CTX_EXECUTION_DATE=2022-04-10T00:00:00+00:00
AIRFLOW_CTX_TRY_NUMBER=1
AIRFLOW_CTX_DAG_RUN_ID=scheduled__2022-04-10T00:00:00+00:00
[2022-08-06 22:12:55,561] {subprocess.py:62} INFO - Tmp dir root location: 
 /tmp
[2022-08-06 22:12:55,562] {subprocess.py:74} INFO - Running command: ['bash', '-c', 'echo hello world, this is the first task!']
[2022-08-06 22:12:55,576] {subprocess.py:85} INFO - Output:
[2022-08-06 22:12:55,578] {subprocess.py:92} INFO - hello world, this is the first task!
[2022-08-06 22:12:55,578] {subprocess.py:96} INFO - Command exited with return code 0
[2022-08-06 22:12:55,610] {taskinstance.py:1420} INFO - Marking task as SUCCESS. dag_id=our_first_dag_v5, task_id=first_task, execution_date=20220410T000000, start_date=20220806T221255, end_date=20220806T221255
[2022-08-06 22:12:55,665] {local_task_job.py:156} INFO - Task exited with return code 0
[2022-08-06 22:12:55,701] {local_task_job.py:273} INFO - 0 downstream tasks scheduled from follow-on schedule check
[2022-08-06 22:24:13,163] {taskinstance.py:1179} INFO - Dependencies all met for <TaskInstance: our_first_dag_v5.first_task scheduled__2022-04-10T00:00:00+00:00 [queued]>
[2022-08-06 22:24:13,180] {taskinstance.py:1179} INFO - Dependencies all met for <TaskInstance: our_first_dag_v5.first_task scheduled__2022-04-10T00:00:00+00:00 [queued]>
[2022-08-06 22:24:13,180] {taskinstance.py:1376} INFO - 
--------------------------------------------------------------------------------
[2022-08-06 22:24:13,180] {taskinstance.py:1377} INFO - Starting attempt 1 of 6
[2022-08-06 22:24:13,180] {taskinstance.py:1378} INFO - 
--------------------------------------------------------------------------------
[2022-08-06 22:24:13,198] {taskinstance.py:1397} INFO - Executing <Task(BashOperator): first_task> on 2022-04-10 00:00:00+00:00
[2022-08-06 22:24:13,204] {standard_task_runner.py:52} INFO - Started process 2523 to run task
[2022-08-06 22:24:13,207] {standard_task_runner.py:79} INFO - Running: ['***', 'tasks', 'run', 'our_first_dag_v5', 'first_task', 'scheduled__2022-04-10T00:00:00+00:00', '--job-id', '764', '--raw', '--subdir', 'DAGS_FOLDER/pipeline.py', '--cfg-path', '/tmp/tmp0h4tsehm', '--error-file', '/tmp/tmplw1ge0yx']
[2022-08-06 22:24:13,208] {standard_task_runner.py:80} INFO - Job 764: Subtask first_task
[2022-08-06 22:24:13,293] {task_command.py:371} INFO - Running <TaskInstance: our_first_dag_v5.first_task scheduled__2022-04-10T00:00:00+00:00 [running]> on host b215076695c3
[2022-08-06 22:24:13,392] {taskinstance.py:1591} INFO - Exporting the following env vars:
AIRFLOW_CTX_DAG_OWNER=coder2j
AIRFLOW_CTX_DAG_ID=our_first_dag_v5
AIRFLOW_CTX_TASK_ID=first_task
AIRFLOW_CTX_EXECUTION_DATE=2022-04-10T00:00:00+00:00
AIRFLOW_CTX_TRY_NUMBER=1
AIRFLOW_CTX_DAG_RUN_ID=scheduled__2022-04-10T00:00:00+00:00
[2022-08-06 22:24:13,393] {subprocess.py:62} INFO - Tmp dir root location: 
 /tmp
[2022-08-06 22:24:13,394] {subprocess.py:74} INFO - Running command: ['bash', '-c', 'echo hello world, this is the first task!']
[2022-08-06 22:24:13,406] {subprocess.py:85} INFO - Output:
[2022-08-06 22:24:13,408] {subprocess.py:92} INFO - hello world, this is the first task!
[2022-08-06 22:24:13,408] {subprocess.py:96} INFO - Command exited with return code 0
[2022-08-06 22:24:13,440] {taskinstance.py:1420} INFO - Marking task as SUCCESS. dag_id=our_first_dag_v5, task_id=first_task, execution_date=20220410T000000, start_date=20220806T222413, end_date=20220806T222413
[2022-08-06 22:24:13,461] {local_task_job.py:156} INFO - Task exited with return code 0
[2022-08-06 22:24:13,505] {local_task_job.py:273} INFO - 2 downstream tasks scheduled from follow-on schedule check
