[2022-08-06 19:38:25,162] {taskinstance.py:1179} INFO - Dependencies all met for <TaskInstance: our_first_dag_v5.first_task scheduled__2022-03-21T00:00:00+00:00 [queued]>
[2022-08-06 19:38:25,176] {taskinstance.py:1179} INFO - Dependencies all met for <TaskInstance: our_first_dag_v5.first_task scheduled__2022-03-21T00:00:00+00:00 [queued]>
[2022-08-06 19:38:25,177] {taskinstance.py:1376} INFO - 
--------------------------------------------------------------------------------
[2022-08-06 19:38:25,177] {taskinstance.py:1377} INFO - Starting attempt 1 of 6
[2022-08-06 19:38:25,177] {taskinstance.py:1378} INFO - 
--------------------------------------------------------------------------------
[2022-08-06 19:38:25,193] {taskinstance.py:1397} INFO - Executing <Task(BashOperator): first_task> on 2022-03-21 00:00:00+00:00
[2022-08-06 19:38:25,201] {standard_task_runner.py:52} INFO - Started process 2285 to run task
[2022-08-06 19:38:25,203] {standard_task_runner.py:79} INFO - Running: ['***', 'tasks', 'run', 'our_first_dag_v5', 'first_task', 'scheduled__2022-03-21T00:00:00+00:00', '--job-id', '701', '--raw', '--subdir', 'DAGS_FOLDER/pipeline.py', '--cfg-path', '/tmp/tmpvik82itz', '--error-file', '/tmp/tmpqwp9uq54']
[2022-08-06 19:38:25,204] {standard_task_runner.py:80} INFO - Job 701: Subtask first_task
[2022-08-06 19:38:25,296] {task_command.py:371} INFO - Running <TaskInstance: our_first_dag_v5.first_task scheduled__2022-03-21T00:00:00+00:00 [running]> on host b29c168c1666
[2022-08-06 19:38:25,423] {taskinstance.py:1591} INFO - Exporting the following env vars:
AIRFLOW_CTX_DAG_OWNER=coder2j
AIRFLOW_CTX_DAG_ID=our_first_dag_v5
AIRFLOW_CTX_TASK_ID=first_task
AIRFLOW_CTX_EXECUTION_DATE=2022-03-21T00:00:00+00:00
AIRFLOW_CTX_TRY_NUMBER=1
AIRFLOW_CTX_DAG_RUN_ID=scheduled__2022-03-21T00:00:00+00:00
[2022-08-06 19:38:25,424] {subprocess.py:62} INFO - Tmp dir root location: 
 /tmp
[2022-08-06 19:38:25,424] {subprocess.py:74} INFO - Running command: ['bash', '-c', 'echo hello world, this is the first task!']
[2022-08-06 19:38:25,439] {subprocess.py:85} INFO - Output:
[2022-08-06 19:38:25,441] {subprocess.py:92} INFO - hello world, this is the first task!
[2022-08-06 19:38:25,442] {subprocess.py:96} INFO - Command exited with return code 0
[2022-08-06 19:38:25,478] {taskinstance.py:1420} INFO - Marking task as SUCCESS. dag_id=our_first_dag_v5, task_id=first_task, execution_date=20220321T000000, start_date=20220806T193825, end_date=20220806T193825
[2022-08-06 19:38:25,535] {local_task_job.py:156} INFO - Task exited with return code 0
[2022-08-06 19:38:25,594] {local_task_job.py:273} INFO - 2 downstream tasks scheduled from follow-on schedule check
[2022-08-06 21:52:18,989] {taskinstance.py:1179} INFO - Dependencies all met for <TaskInstance: our_first_dag_v5.first_task scheduled__2022-03-21T00:00:00+00:00 [queued]>
[2022-08-06 21:52:19,001] {taskinstance.py:1179} INFO - Dependencies all met for <TaskInstance: our_first_dag_v5.first_task scheduled__2022-03-21T00:00:00+00:00 [queued]>
[2022-08-06 21:52:19,001] {taskinstance.py:1376} INFO - 
--------------------------------------------------------------------------------
[2022-08-06 21:52:19,001] {taskinstance.py:1377} INFO - Starting attempt 1 of 6
[2022-08-06 21:52:19,001] {taskinstance.py:1378} INFO - 
--------------------------------------------------------------------------------
[2022-08-06 21:52:19,013] {taskinstance.py:1397} INFO - Executing <Task(BashOperator): first_task> on 2022-03-21 00:00:00+00:00
[2022-08-06 21:52:19,019] {standard_task_runner.py:52} INFO - Started process 2496 to run task
[2022-08-06 21:52:19,021] {standard_task_runner.py:79} INFO - Running: ['***', 'tasks', 'run', 'our_first_dag_v5', 'first_task', 'scheduled__2022-03-21T00:00:00+00:00', '--job-id', '705', '--raw', '--subdir', 'DAGS_FOLDER/pipeline.py', '--cfg-path', '/tmp/tmp5fwmjvev', '--error-file', '/tmp/tmpy6s8jz6i']
[2022-08-06 21:52:19,021] {standard_task_runner.py:80} INFO - Job 705: Subtask first_task
[2022-08-06 21:52:19,075] {task_command.py:371} INFO - Running <TaskInstance: our_first_dag_v5.first_task scheduled__2022-03-21T00:00:00+00:00 [running]> on host c3f731879890
[2022-08-06 21:52:19,155] {taskinstance.py:1591} INFO - Exporting the following env vars:
AIRFLOW_CTX_DAG_OWNER=coder2j
AIRFLOW_CTX_DAG_ID=our_first_dag_v5
AIRFLOW_CTX_TASK_ID=first_task
AIRFLOW_CTX_EXECUTION_DATE=2022-03-21T00:00:00+00:00
AIRFLOW_CTX_TRY_NUMBER=1
AIRFLOW_CTX_DAG_RUN_ID=scheduled__2022-03-21T00:00:00+00:00
[2022-08-06 21:52:19,156] {subprocess.py:62} INFO - Tmp dir root location: 
 /tmp
[2022-08-06 21:52:19,157] {subprocess.py:74} INFO - Running command: ['bash', '-c', 'echo hello world, this is the first task!']
[2022-08-06 21:52:19,169] {subprocess.py:85} INFO - Output:
[2022-08-06 21:52:19,170] {subprocess.py:92} INFO - hello world, this is the first task!
[2022-08-06 21:52:19,170] {subprocess.py:96} INFO - Command exited with return code 0
[2022-08-06 21:52:19,205] {taskinstance.py:1420} INFO - Marking task as SUCCESS. dag_id=our_first_dag_v5, task_id=first_task, execution_date=20220321T000000, start_date=20220806T215218, end_date=20220806T215219
[2022-08-06 21:52:19,232] {local_task_job.py:156} INFO - Task exited with return code 0
[2022-08-06 21:52:19,289] {local_task_job.py:273} INFO - 0 downstream tasks scheduled from follow-on schedule check
[2022-08-06 21:57:42,036] {taskinstance.py:1179} INFO - Dependencies all met for <TaskInstance: our_first_dag_v5.first_task scheduled__2022-03-21T00:00:00+00:00 [queued]>
[2022-08-06 21:57:42,048] {taskinstance.py:1179} INFO - Dependencies all met for <TaskInstance: our_first_dag_v5.first_task scheduled__2022-03-21T00:00:00+00:00 [queued]>
[2022-08-06 21:57:42,048] {taskinstance.py:1376} INFO - 
--------------------------------------------------------------------------------
[2022-08-06 21:57:42,048] {taskinstance.py:1377} INFO - Starting attempt 1 of 6
[2022-08-06 21:57:42,048] {taskinstance.py:1378} INFO - 
--------------------------------------------------------------------------------
[2022-08-06 21:57:42,071] {taskinstance.py:1397} INFO - Executing <Task(BashOperator): first_task> on 2022-03-21 00:00:00+00:00
[2022-08-06 21:57:42,078] {standard_task_runner.py:52} INFO - Started process 2277 to run task
[2022-08-06 21:57:42,080] {standard_task_runner.py:79} INFO - Running: ['***', 'tasks', 'run', 'our_first_dag_v5', 'first_task', 'scheduled__2022-03-21T00:00:00+00:00', '--job-id', '701', '--raw', '--subdir', 'DAGS_FOLDER/pipeline.py', '--cfg-path', '/tmp/tmpua4q5xa_', '--error-file', '/tmp/tmp2k25api6']
[2022-08-06 21:57:42,081] {standard_task_runner.py:80} INFO - Job 701: Subtask first_task
[2022-08-06 21:57:42,159] {task_command.py:371} INFO - Running <TaskInstance: our_first_dag_v5.first_task scheduled__2022-03-21T00:00:00+00:00 [running]> on host bc7e154a4fdd
[2022-08-06 21:57:42,270] {taskinstance.py:1591} INFO - Exporting the following env vars:
AIRFLOW_CTX_DAG_OWNER=coder2j
AIRFLOW_CTX_DAG_ID=our_first_dag_v5
AIRFLOW_CTX_TASK_ID=first_task
AIRFLOW_CTX_EXECUTION_DATE=2022-03-21T00:00:00+00:00
AIRFLOW_CTX_TRY_NUMBER=1
AIRFLOW_CTX_DAG_RUN_ID=scheduled__2022-03-21T00:00:00+00:00
[2022-08-06 21:57:42,271] {subprocess.py:62} INFO - Tmp dir root location: 
 /tmp
[2022-08-06 21:57:42,271] {subprocess.py:74} INFO - Running command: ['bash', '-c', 'echo hello world, this is the first task!']
[2022-08-06 21:57:42,290] {subprocess.py:85} INFO - Output:
[2022-08-06 21:57:42,292] {subprocess.py:92} INFO - hello world, this is the first task!
[2022-08-06 21:57:42,292] {subprocess.py:96} INFO - Command exited with return code 0
[2022-08-06 21:57:42,330] {taskinstance.py:1420} INFO - Marking task as SUCCESS. dag_id=our_first_dag_v5, task_id=first_task, execution_date=20220321T000000, start_date=20220806T215742, end_date=20220806T215742
[2022-08-06 21:57:42,372] {local_task_job.py:156} INFO - Task exited with return code 0
[2022-08-06 21:57:42,417] {local_task_job.py:273} INFO - 0 downstream tasks scheduled from follow-on schedule check
[2022-08-06 22:12:42,260] {taskinstance.py:1179} INFO - Dependencies all met for <TaskInstance: our_first_dag_v5.first_task scheduled__2022-03-21T00:00:00+00:00 [queued]>
[2022-08-06 22:12:42,275] {taskinstance.py:1179} INFO - Dependencies all met for <TaskInstance: our_first_dag_v5.first_task scheduled__2022-03-21T00:00:00+00:00 [queued]>
[2022-08-06 22:12:42,275] {taskinstance.py:1376} INFO - 
--------------------------------------------------------------------------------
[2022-08-06 22:12:42,275] {taskinstance.py:1377} INFO - Starting attempt 1 of 6
[2022-08-06 22:12:42,275] {taskinstance.py:1378} INFO - 
--------------------------------------------------------------------------------
[2022-08-06 22:12:42,296] {taskinstance.py:1397} INFO - Executing <Task(BashOperator): first_task> on 2022-03-21 00:00:00+00:00
[2022-08-06 22:12:42,304] {standard_task_runner.py:52} INFO - Started process 2281 to run task
[2022-08-06 22:12:42,307] {standard_task_runner.py:79} INFO - Running: ['***', 'tasks', 'run', 'our_first_dag_v5', 'first_task', 'scheduled__2022-03-21T00:00:00+00:00', '--job-id', '701', '--raw', '--subdir', 'DAGS_FOLDER/pipeline.py', '--cfg-path', '/tmp/tmpm6byeu3_', '--error-file', '/tmp/tmpchqot6cg']
[2022-08-06 22:12:42,308] {standard_task_runner.py:80} INFO - Job 701: Subtask first_task
[2022-08-06 22:12:42,397] {task_command.py:371} INFO - Running <TaskInstance: our_first_dag_v5.first_task scheduled__2022-03-21T00:00:00+00:00 [running]> on host 1250c3b659cd
[2022-08-06 22:12:42,488] {taskinstance.py:1591} INFO - Exporting the following env vars:
AIRFLOW_CTX_DAG_OWNER=coder2j
AIRFLOW_CTX_DAG_ID=our_first_dag_v5
AIRFLOW_CTX_TASK_ID=first_task
AIRFLOW_CTX_EXECUTION_DATE=2022-03-21T00:00:00+00:00
AIRFLOW_CTX_TRY_NUMBER=1
AIRFLOW_CTX_DAG_RUN_ID=scheduled__2022-03-21T00:00:00+00:00
[2022-08-06 22:12:42,488] {subprocess.py:62} INFO - Tmp dir root location: 
 /tmp
[2022-08-06 22:12:42,489] {subprocess.py:74} INFO - Running command: ['bash', '-c', 'echo hello world, this is the first task!']
[2022-08-06 22:12:42,502] {subprocess.py:85} INFO - Output:
[2022-08-06 22:12:42,504] {subprocess.py:92} INFO - hello world, this is the first task!
[2022-08-06 22:12:42,504] {subprocess.py:96} INFO - Command exited with return code 0
[2022-08-06 22:12:42,536] {taskinstance.py:1420} INFO - Marking task as SUCCESS. dag_id=our_first_dag_v5, task_id=first_task, execution_date=20220321T000000, start_date=20220806T221242, end_date=20220806T221242
[2022-08-06 22:12:42,561] {local_task_job.py:156} INFO - Task exited with return code 0
[2022-08-06 22:12:42,613] {local_task_job.py:273} INFO - 2 downstream tasks scheduled from follow-on schedule check
[2022-08-06 22:24:03,586] {taskinstance.py:1179} INFO - Dependencies all met for <TaskInstance: our_first_dag_v5.first_task scheduled__2022-03-21T00:00:00+00:00 [queued]>
[2022-08-06 22:24:03,596] {taskinstance.py:1179} INFO - Dependencies all met for <TaskInstance: our_first_dag_v5.first_task scheduled__2022-03-21T00:00:00+00:00 [queued]>
[2022-08-06 22:24:03,596] {taskinstance.py:1376} INFO - 
--------------------------------------------------------------------------------
[2022-08-06 22:24:03,596] {taskinstance.py:1377} INFO - Starting attempt 1 of 6
[2022-08-06 22:24:03,597] {taskinstance.py:1378} INFO - 
--------------------------------------------------------------------------------
[2022-08-06 22:24:03,611] {taskinstance.py:1397} INFO - Executing <Task(BashOperator): first_task> on 2022-03-21 00:00:00+00:00
[2022-08-06 22:24:03,618] {standard_task_runner.py:52} INFO - Started process 2338 to run task
[2022-08-06 22:24:03,620] {standard_task_runner.py:79} INFO - Running: ['***', 'tasks', 'run', 'our_first_dag_v5', 'first_task', 'scheduled__2022-03-21T00:00:00+00:00', '--job-id', '704', '--raw', '--subdir', 'DAGS_FOLDER/pipeline.py', '--cfg-path', '/tmp/tmp1osm6g79', '--error-file', '/tmp/tmpxv6px3fh']
[2022-08-06 22:24:03,620] {standard_task_runner.py:80} INFO - Job 704: Subtask first_task
[2022-08-06 22:24:03,678] {task_command.py:371} INFO - Running <TaskInstance: our_first_dag_v5.first_task scheduled__2022-03-21T00:00:00+00:00 [running]> on host b215076695c3
[2022-08-06 22:24:03,771] {taskinstance.py:1591} INFO - Exporting the following env vars:
AIRFLOW_CTX_DAG_OWNER=coder2j
AIRFLOW_CTX_DAG_ID=our_first_dag_v5
AIRFLOW_CTX_TASK_ID=first_task
AIRFLOW_CTX_EXECUTION_DATE=2022-03-21T00:00:00+00:00
AIRFLOW_CTX_TRY_NUMBER=1
AIRFLOW_CTX_DAG_RUN_ID=scheduled__2022-03-21T00:00:00+00:00
[2022-08-06 22:24:03,772] {subprocess.py:62} INFO - Tmp dir root location: 
 /tmp
[2022-08-06 22:24:03,773] {subprocess.py:74} INFO - Running command: ['bash', '-c', 'echo hello world, this is the first task!']
[2022-08-06 22:24:03,787] {subprocess.py:85} INFO - Output:
[2022-08-06 22:24:03,789] {subprocess.py:92} INFO - hello world, this is the first task!
[2022-08-06 22:24:03,789] {subprocess.py:96} INFO - Command exited with return code 0
[2022-08-06 22:24:03,821] {taskinstance.py:1420} INFO - Marking task as SUCCESS. dag_id=our_first_dag_v5, task_id=first_task, execution_date=20220321T000000, start_date=20220806T222403, end_date=20220806T222403
[2022-08-06 22:24:03,871] {local_task_job.py:156} INFO - Task exited with return code 0
[2022-08-06 22:24:03,913] {local_task_job.py:273} INFO - 0 downstream tasks scheduled from follow-on schedule check
